Possible file format: ELF64 for x86-64 (Executable) (IDADIR/loaders/elf64.so)

  bytes   pages size description
--------- ----- ---- --------------------------------------------
   524288    64 8192 allocating memory for b-tree...
    65536     8 8192 allocating memory for virtual array...
   262144    32 8192 allocating memory for name pointers...
-----------------------------------------------------------------
   851968            total memory allocated

Loading file 'SUBJECTS/from_snowman/malformed-elf-2/x64_elf/subject.exe' into database...
Detected file format: ELF64 for x86-64 (Executable)
Loading processor module IDADIR/procs/pc64.so for metapc...Initializing processor module metapc...OK
Autoanalysis subsystem has been initialized.
  0. Creating a new segment  (0000000000400000-0000000000400D24) ... ... OK
  1. Creating a new segment  (0000000000600E10-00000000006010B0) ... ... OK
  2. Creating a new segment  (0000000000400254-0000000000400274) ... ... OK
  3. Creating a new segment  (0000000000400274-0000000000400D24) ... ... OK
Assuming __fastcall calling convention by default
Type library 'gnulnx_x64' loaded. Applying types...
Types applied to 0 names.
  4. Creating a new segment  (0000000000400548-0000000000400549) ... ... OK
  5. Creating a new segment  (0000000000400549-0000000000400D24) ... ... OK
  6. Creating a new segment  (00000000004006E0-00000000004006FA) ... ... OK
  7. Creating a new segment  (00000000004006FA-0000000000400D24) ... ... OK
  8. Creating a new segment  (0000000000400700-0000000000408700) ... ... OK
Data size 32768 is incorrect, maximum possible value is 11072. Do you want to continue with the new value? -> ~Y~es
  9. Creating a new segment  (0000000000400800-0000000000400BA2) ... ... OK
 10. Creating a new segment  (0000000000400BA2-0000000000408700) ... ... OK
 11. Creating a new segment  (0000000000400BB0-0000000000400BE2) ... ... OK
 12. Creating a new segment  (0000000000400BE2-0000000000408700) ... ... OK
 13. Creating a new segment  (0000000000400BE4-0000000000400C21) ... ... OK
 14. Creating a new segment  (0000000000400C21-0000000000408700) ... ... OK
 15. Creating a new segment  (0000000000600E10-0000000000600E18) ... ... OK
     Deleting segment        (0000000000600E18-00000000006010B0) ...
 15. Creating a new segment  (0000000000600E18-00000000006010B0) ... ... OK
 16. Creating a new segment  (0000000000600E18-0000000000600E20) ... ... OK
     Deleting segment        (0000000000600E20-00000000006010B0) ...
 16. Creating a new segment  (0000000000600E20-00000000006010B0) ... ... OK
 17. Creating a new segment  (0000000000600E20-0000000000600E28) ... ... OK
     Deleting segment        (0000000000600E28-00000000006010B0) ...
 17. Creating a new segment  (0000000000600E28-00000000006010B0) ... ... OK
 18. Creating a new segment  (0000000000600FF8-0000000000601000) ... ... OK
 19. Creating a new segment  (0000000000601000-00000000006010B0) ... ... OK
 20. Creating a new segment  (0000000000601000-0000000000601090) ... ... OK
     Deleting segment        (0000000000601090-00000000006010B0) ...
 20. Creating a new segment  (0000000000601090-00000000006010B0) ... ... OK
 21. Creating a new segment  (0000000000601090-00000000006010A0) ... ... OK
     Deleting segment        (00000000006010A0-00000000006010B0) ...
 21. Creating a new segment  (00000000006010A0-00000000006010B0) ... ... OK
     Deleting segment        (00000000006010A0-00000000006010B0) ...
 21. Creating a new segment  (00000000006010A0-00000000006010B0) ... ... OK
 22. Creating a new segment  (0000000000000000-000000000000FFFF) ... ... OK
Data size 65535 is incorrect, maximum possible value is 6068. Do you want to continue with the new value? -> ~Y~es
SHT sections 12 (file start 0x00000700, size 0x00002B40, name ".plt") and 13 (file start 0x00000800, size 0x000003A2, name ".text") overlap.
SHT sections 12 (file start 0x00000700, size 0x00002B40, name ".plt") and 15 (file start 0x00000BB0, size 0x00000032, name ".rodata") overlap.
SHT sections 12 (file start 0x00000700, size 0x00002B40, name ".plt") and 16 (file start 0x00000BE4, size 0x0000003D, name ".eh_frame_hdr") overlap.
SHT sections 12 (file start 0x00000700, size 0x00002B40, name ".plt") and 18 (file start 0x00000E10, size 0x00000008, name ".init_array") overlap.
SHT sections 12 (file start 0x00000700, size 0x00002B40, name ".plt") and 19 (file start 0x00000E18, size 0x00000008, name ".fini_array") overlap.
SHT sections 12 (file start 0x00000700, size 0x00002B40, name ".plt") and 20 (file start 0x00000E20, size 0x00000008, name ".jcr") overlap.
SHT sections 12 (file start 0x00000700, size 0x00002B40, name ".plt") and 21 (file start 0x00000E28, size 0x000001D0, name ".dynamic") overlap.
SHT sections 12 (file start 0x00000700, size 0x00002B40, name ".plt") and 22 (file start 0x00000FF8, size 0x00000008, name ".got") overlap.
SHT sections 12 (file start 0x00000700, size 0x00002B40, name ".plt") and 23 (file start 0x00001000, size 0x00000090, name ".got.plt") overlap.
SHT sections 12 (file start 0x00000700, size 0x00002B40, name ".plt") and 24 (file start 0x00001090, size 0x00000010, name ".data") overlap.
SHT sections 12 (file start 0x00000700, size 0x00002B40, name ".plt") and 31 (file start 0x00001A8C, size 0x000017B4, name ".debug_str") overlap.
SHT sections 12 (file start 0x00000700, size 0x00002B40, name ".plt") and 33 (file start 0x00002700, size 0x000007F8, name ".symtab") overlap.
SHT sections 31 (file start 0x00001A8C, size 0x000017B4, name ".debug_str") and 33 (file start 0x00002700, size 0x000007F8, name ".symtab") overlap.
The SHT is corrupt and has some overlapping sections that will not be fully processed.
Try loading sections manually. -> OK
Section SYMTAB overlaps and might be corrupt. Symbols will not be loaded.
 23. Creating a new segment  (00000000006010B0-0000000000601128) ... ... OK
Processing relocations...
GOT section overlaps and might be corrupt. GOT entries will not be renamed.
DWARF: File "SUBJECTS/from_snowman/malformed-elf-2/x64_elf/subject.exe" contains DWARF information.
DWARF: Fatal error; the DWARF plugin will stop now (Error retrieving attribute value of type string for DIE <11 (CU 0@0+11)>
Dwarf error: DW_DLE_MDE (10) mangled debugging entry:libelf detected error
(at dwarf_die.cpp:1122))
 -> OK
Marking typical code sequences...
Flushing buffers, please wait...ok
File 'SUBJECTS/from_snowman/malformed-elf-2/x64_elf/subject.exe' has been successfully loaded into the database.
Hex-Rays Decompiler plugin has been loaded (v7.5.0.201028)
  The hotkeys are F5: decompile, Ctrl-F5: decompile all.
  Please check the Edit/Plugins menu for more informaton.
IDAPython Hex-Rays bindings initialized.
IDA is analysing the input file...
You may start to explore the input file right now.
Propagating type information...
Function argument information has been propagated
lumina: applied metadata to 3 functions.
The initial autoanalysis has been finished.
Flushing buffers, please wait...ok
TIMESTAMP decompiling 4006E0 size=000000000000001A times=0...
The decompiler assumes that the segment '.got' is read-only because of its NAME.
All data references to the segment will be replaced by constant values.
This may lead to drastic changes in the decompiler output.
If the segment is not read-only, please change the segment NAME.

In general, the decompiler checks the segment permissions, class, and name
to determine if it is read-only.
 -> OK
TIMESTAMP decompiling 400700 size=000000000000000C times=0...
The decompiler assumes that the segment '.got.plt' is read-only because of its NAME.
All data references to the segment will be replaced by constant values.
This may lead to drastic changes in the decompiler output.
If the segment is not read-only, please change the segment NAME.

In general, the decompiler checks the segment permissions, class, and name
to determine if it is read-only.
 -> OK
TIMESTAMP decompiling 400830 size=0000000000000029 times=0...
TIMESTAMP decompiling 400860 size=0000000000000039 times=0...
TIMESTAMP decompiling 400996 size=0000000000000173 times=0...
TIMESTAMP decompiling 400BA4 size=0000000000000009 times=0...
TIMESTAMP decompiling 400716 size=000000000000000A times=0...
TIMESTAMP decompiling 400726 size=000000000000000A times=0...
TIMESTAMP decompiling 400736 size=000000000000000A times=0...
TIMESTAMP decompiling 400746 size=000000000000000A times=0...
TIMESTAMP decompiling 400756 size=000000000000000A times=0...
TIMESTAMP decompiling 400766 size=000000000000000A times=0...
TIMESTAMP decompiling 400776 size=000000000000000A times=0...
TIMESTAMP decompiling 400786 size=000000000000000A times=0...
TIMESTAMP decompiling 400796 size=000000000000000A times=0...
TIMESTAMP decompiling 4007A6 size=000000000000000A times=0...
TIMESTAMP decompiling 4007B6 size=000000000000000A times=0...
TIMESTAMP decompiling 4007C6 size=000000000000000A times=0...
TIMESTAMP decompiling 4007D6 size=000000000000000A times=0...
TIMESTAMP decompiling 4007E6 size=000000000000000A times=0...
TIMESTAMP decompiling 4007F6 size=000000000000000A times=0...
TIMESTAMP decompiling 4008ED size=00000000000000A9 times=0...
TIMESTAMP decompiling 4008C0 size=000000000000002D times=0...
TIMESTAMP decompiling 400860 size=0000000000000039 times=1;usedcpu 00:00:00 ...__int64(void)
TIMESTAMP decompiling 4008C0 size=000000000000002D times=1;usedcpu 00:00:00 ...__int64 __fastcall()
TIMESTAMP decompiling 400B10 size=0000000000000089 times=0...
TIMESTAMP decompiling 4008C0 size=000000000000002D times=2;usedcpu 00:00:00 ...__int64 __fastcall(_QWORD, _QWORD, _QWORD)
TIMESTAMP decompiling 400B10 size=0000000000000089 times=1;usedcpu 00:00:00 ...void __fastcall(unsigned int a1, __int64 a2, __int64 a3)
TIMESTAMP decompiling 4006E0 size=000000000000001A times=1;usedcpu 00:00:00 ...__int64(void)
TIMESTAMP decompiling 400B10 size=0000000000000089 times=2;usedcpu 00:00:00 ...void __fastcall(unsigned int a1, __int64 a2, __int64 a3)
TIMESTAMP decompiling 400800 size=000000000000002A times=0...
TIMESTAMP decompiling 4008A0 size=000000000000001C times=0...
TIMESTAMP decompiling 400830 size=0000000000000029 times=1;usedcpu 00:00:00 ...__int64(void)
TIMESTAMP decompiling 4008A0 size=000000000000001C times=1;usedcpu 00:00:00 ...__int64 __fastcall()
TIMESTAMP The application has been completely decompiled.
Unloading IDP module IDADIR/procs/pc64.so...
