Using options:
004742C4: warning: Unable to resolve imported reference SHLWAPI.dll!StrCmpW.
0047444C: warning: Unable to resolve imported reference SHLWAPI.dll!SHDeleteKeyW.
00444E51: warning: Procedure fn00444E40 previously had a return address of 4 bytes on the stack, but now seems to have a return address of 0 bytes on the stack.
004AC9F7: warning: Unable to resolve imported reference SHLWAPI.dll!SHDeleteKeyW.
0046830B: warning: Unable to resolve imported reference PSAPI.DLL!GetModuleFileNameExW.
004745DA: warning: Unable to resolve imported reference PSAPI.DLL!GetModuleFileNameExW.
004745EE: warning: Unable to resolve imported reference SHLWAPI.dll!PathRemoveFileSpecW.
00466917: warning: Unable to resolve imported reference SHELL32.dll!SHGetFolderLocation.
00466667: warning: Unable to resolve imported reference SHELL32.dll!SHBindToParent.
004666A2: warning: Unable to resolve imported reference SHLWAPI.dll!StrRetToBufW.
004664C4: warning: Unable to resolve imported reference SHELL32.dll!SHGetDesktopFolder.
004664DE: warning: Unable to resolve imported reference SHELL32.dll!SHGetFolderLocation.
004664FC: warning: Unable to resolve imported reference SHELL32.dll!SHBindToParent.
00466538: warning: Unable to resolve imported reference SHLWAPI.dll!StrRetToBufW.
004662CC: warning: Unable to resolve imported reference USERENV.dll!ExpandEnvironmentStringsForUserW.
00467418: warning: Unable to resolve imported reference SHLWAPI.dll!PathCanonicalizeW.
00467425: warning: Unable to resolve imported reference SHLWAPI.dll!PathIsURLW.
00467436: warning: Unable to resolve imported reference SHLWAPI.dll!PathIsRelativeW.
00467456: warning: Unable to resolve imported reference SHLWAPI.dll!PathAppendW.
0043BA50: error: The method or operation is not implemented.
0043BA29: warning: Can't determine size of jump vector; probing only one entry.
0043BA54: warning: The call or jump table has invalid addresses; stopping.
0043BA41: warning: No valid entries could be found in jump vector.
0043BA48: error: The method or operation is not implemented.
0043BBE0: warning: The call or jump table has invalid addresses; stopping.
0043BBD5: warning: No valid entries could be found in jump vector.
0043BBDC: error: The method or operation is not implemented.
0043BBAF: warning: Can't determine size of jump vector; probing only one entry.
00409383: warning: Multiple different values of stack delta in procedure fn00409240 when processing RET instruction; was 4 previously.
00439B30: error: The method or operation is not implemented.
00439B09: warning: Can't determine size of jump vector; probing only one entry.
00439B34: warning: The call or jump table has invalid addresses; stopping.
00439B21: warning: No valid entries could be found in jump vector.
00439C36: warning: Procedure fn00439AB0 previously had a return address of 0 bytes on the stack, but now seems to have a return address of 4 bytes on the stack.
00439B28: error: The method or operation is not implemented.
00439CC0: warning: The call or jump table has invalid addresses; stopping.
00439CB5: warning: No valid entries could be found in jump vector.
00439CBC: error: The method or operation is not implemented.
00439C8F: warning: Can't determine size of jump vector; probing only one entry.
00439DD2: warning: Procedure fn00439AB0 previously had a return address of 0 bytes on the stack, but now seems to have a return address of 4 bytes on the stack.
0043BA0F: warning: Procedure fn0043B9D0 previously had a return address of 4 bytes on the stack, but now seems to have a return address of 0 bytes on the stack.
0040A28D: warning: Multiple different values of stack delta in procedure fn0040A200 when processing RET instruction; was 8 previously.
00474855: warning: Unable to resolve imported reference SHELL32.dll!SHGetFolderLocation.
00467845: warning: Unable to resolve imported reference SHELL32.dll!SHGetDesktopFolder.
004748BC: warning: Unable to resolve imported reference SHELL32.dll!Ordinal_23.
004748BC: warning: Unable to resolve imported reference SHELL32.dll!Ordinal_23.
004661A6: warning: Unable to resolve imported reference SHELL32.dll!SHGetDesktopFolder.
00474941: warning: Unable to resolve imported reference SHELL32.dll!Ordinal_23.
00474941: warning: Unable to resolve imported reference SHELL32.dll!Ordinal_23.
0048F925: warning: Unable to resolve imported reference PSAPI.DLL!GetModuleFileNameExW.
0048F935: warning: Unable to resolve imported reference SHLWAPI.dll!PathRemoveFileSpecW.
0048F947: warning: Unable to resolve imported reference SHLWAPI.dll!PathAppendW.
0046C1A3: warning: Unable to resolve imported reference PSAPI.DLL!GetModuleFileNameExW.
0046C3CA: warning: Unable to resolve imported reference OLEAUT32.dll!Ordinal_9.
0046C3CA: warning: Unable to resolve imported reference OLEAUT32.dll!Ordinal_9.
0046C1B7: warning: Unable to resolve imported reference SHLWAPI.dll!PathRemoveFileSpecW.
0046C1C9: warning: Unable to resolve imported reference SHLWAPI.dll!PathAppendW.
0046C1D6: warning: Unable to resolve imported reference OLEAUT32.dll!Ordinal_8.
0046C1D6: warning: Unable to resolve imported reference OLEAUT32.dll!Ordinal_8.
0046C1E3: warning: Unable to resolve imported reference OLEAUT32.dll!Ordinal_2.
0046C1E3: warning: Unable to resolve imported reference OLEAUT32.dll!Ordinal_2.
0046C280: warning: Unable to resolve imported reference OLEAUT32.dll!Ordinal_2.
0046C280: warning: Unable to resolve imported reference OLEAUT32.dll!Ordinal_2.
0046C465: warning: Unable to resolve imported reference PSAPI.DLL!GetModuleFileNameExW.
0046C7AD: warning: Unable to resolve imported reference OLEAUT32.dll!Ordinal_9.
0046C7AD: warning: Unable to resolve imported reference OLEAUT32.dll!Ordinal_9.
0046C479: warning: Unable to resolve imported reference SHLWAPI.dll!PathRemoveFileSpecW.
0046C48B: warning: Unable to resolve imported reference SHLWAPI.dll!PathAppendW.
0046C498: warning: Unable to resolve imported reference OLEAUT32.dll!Ordinal_8.
0046C498: warning: Unable to resolve imported reference OLEAUT32.dll!Ordinal_8.
0046C4A5: warning: Unable to resolve imported reference OLEAUT32.dll!Ordinal_2.
0046C4A5: warning: Unable to resolve imported reference OLEAUT32.dll!Ordinal_2.
0046C51C: warning: Unable to resolve imported reference OLEAUT32.dll!Ordinal_2.
0046C51C: warning: Unable to resolve imported reference OLEAUT32.dll!Ordinal_2.
00441A92: error: An error occurred while processing instruction at address 00441A92.
    The given key was not present in the dictionary.
      at System.ThrowHelper.ThrowKeyNotFoundException () <0x422059d0 + 0x0001f> in <filename unknown>:0 
  at System.Collections.Generic.Dictionary`2[TKey,TValue].get_Item (System.Collections.Generic.TKey key) <0x41ff0bb0 + 0x0004b> in <filename unknown>:0 
  at Reko.Analysis.ExpressionPropagator.GetStackDepthBeforeCall () <0x42204740 + 0x00073> in <filename unknown>:0 
  at Reko.Analysis.ExpressionPropagator.VisitCallInstruction (Reko.Core.Code.CallInstruction ci) <0x422043d0 + 0x0005f> in <filename unknown>:0 
  at Reko.Core.Code.CallInstruction.Accept[T] (InstructionVisitor`1 visitor) <0x421fb5d0 + 0x00030> in <filename unknown>:0 
  at Reko.Analysis.TrashedRegisterFinder.RewriteBlock (Reko.Core.Block block) <0x42201c70 + 0x001c0> in <filename unknown>:0 
: error: Error when reconstructing types.
    Object reference not set to an instance of an object
      at Reko.Core.Types.TypeStore.MergeClasses (Reko.Core.Types.TypeVariable tv1, Reko.Core.Types.TypeVariable tv2) <0x4224ecf0 + 0x0001b> in <filename unknown>:0 
  at Reko.Typing.EquivalenceClassBuilder.VisitReturnInstruction (Reko.Core.Code.ReturnInstruction ret) <0x4224f9c0 + 0x0008b> in <filename unknown>:0 
  at Reko.Core.Code.ReturnInstruction.Accept (InstructionVisitor v) <0x421e9880 + 0x00027> in <filename unknown>:0 
  at Reko.Typing.EquivalenceClassBuilder.Build (Reko.Core.Program program) <0x4224d610 + 0x001f4> in <filename unknown>:0 
  at Reko.Typing.TypeAnalyzer.RewriteProgram (Reko.Core.Program program) <0x42249470 + 0x00563> in <filename unknown>:0 
  at Reko.DecompilerDriver.ReconstructTypes () <0x42248e00 + 0x0022f> in <filename unknown>:0 
fn004395EE: error: An error occurred while rewriting procedure to high-level language.
    Failure has occurred while loading a type.
      at Reko.Structure.StructureAnalysis.ProcessUnresolvedRegions () <0x422588a0 + 0x00073> in <filename unknown>:0 
  at Reko.Structure.StructureAnalysis.Execute () <0x422527f0 + 0x00443> in <filename unknown>:0 
  at Reko.Structure.StructureAnalysis.Structure () <0x422504e0 + 0x00137> in <filename unknown>:0 
  at Reko.DecompilerDriver.StructureProgram () <0x42250000 + 0x00255> in <filename unknown>:0 
fn004396C7: error: An error occurred while rewriting procedure to high-level language.
    Failure has occurred while loading a type.
      at Reko.Structure.StructureAnalysis.ProcessUnresolvedRegions () <0x422588a0 + 0x00073> in <filename unknown>:0 
  at Reko.Structure.StructureAnalysis.Execute () <0x422527f0 + 0x00443> in <filename unknown>:0 
  at Reko.Structure.StructureAnalysis.Structure () <0x422504e0 + 0x00137> in <filename unknown>:0 
  at Reko.DecompilerDriver.StructureProgram () <0x42250000 + 0x00255> in <filename unknown>:0 
fn00439774: error: An error occurred while rewriting procedure to high-level language.
    Failure has occurred while loading a type.
      at Reko.Structure.StructureAnalysis.ProcessUnresolvedRegions () <0x422588a0 + 0x00073> in <filename unknown>:0 
  at Reko.Structure.StructureAnalysis.Execute () <0x422527f0 + 0x00443> in <filename unknown>:0 
  at Reko.Structure.StructureAnalysis.Structure () <0x422504e0 + 0x00137> in <filename unknown>:0 
  at Reko.DecompilerDriver.StructureProgram () <0x42250000 + 0x00255> in <filename unknown>:0 
fn0043B940: error: An error occurred while rewriting procedure to high-level language.
    Failure has occurred while loading a type.
      at Reko.Structure.StructureAnalysis.ProcessUnresolvedRegions () <0x422588a0 + 0x00073> in <filename unknown>:0 
  at Reko.Structure.StructureAnalysis.Execute () <0x422527f0 + 0x00443> in <filename unknown>:0 
  at Reko.Structure.StructureAnalysis.Structure () <0x422504e0 + 0x00137> in <filename unknown>:0 
  at Reko.DecompilerDriver.StructureProgram () <0x42250000 + 0x00255> in <filename unknown>:0 
fn0043D061: error: An error occurred while rewriting procedure to high-level language.
    Failure has occurred while loading a type.
      at Reko.Structure.StructureAnalysis.ProcessUnresolvedRegions () <0x422588a0 + 0x00073> in <filename unknown>:0 
  at Reko.Structure.StructureAnalysis.Execute () <0x422527f0 + 0x00443> in <filename unknown>:0 
  at Reko.Structure.StructureAnalysis.Structure () <0x422504e0 + 0x00137> in <filename unknown>:0 
  at Reko.DecompilerDriver.StructureProgram () <0x42250000 + 0x00255> in <filename unknown>:0 
fn0043D54A: error: An error occurred while rewriting procedure to high-level language.
    Failure has occurred while loading a type.
      at Reko.Structure.StructureAnalysis.ProcessUnresolvedRegions () <0x422588a0 + 0x00073> in <filename unknown>:0 
  at Reko.Structure.StructureAnalysis.Execute () <0x422527f0 + 0x00443> in <filename unknown>:0 
  at Reko.Structure.StructureAnalysis.Structure () <0x422504e0 + 0x00137> in <filename unknown>:0 
  at Reko.DecompilerDriver.StructureProgram () <0x42250000 + 0x00255> in <filename unknown>:0 
fn0043D99C: error: An error occurred while rewriting procedure to high-level language.
    Failure has occurred while loading a type.
      at Reko.Structure.StructureAnalysis.ProcessUnresolvedRegions () <0x422588a0 + 0x00073> in <filename unknown>:0 
  at Reko.Structure.StructureAnalysis.Execute () <0x422527f0 + 0x00443> in <filename unknown>:0 
  at Reko.Structure.StructureAnalysis.Structure () <0x422504e0 + 0x00137> in <filename unknown>:0 
  at Reko.DecompilerDriver.StructureProgram () <0x42250000 + 0x00255> in <filename unknown>:0 
fn0043D9E1: error: An error occurred while rewriting procedure to high-level language.
    Failure has occurred while loading a type.
      at Reko.Structure.StructureAnalysis.ProcessUnresolvedRegions () <0x422588a0 + 0x00073> in <filename unknown>:0 
  at Reko.Structure.StructureAnalysis.Execute () <0x422527f0 + 0x00443> in <filename unknown>:0 
  at Reko.Structure.StructureAnalysis.Structure () <0x422504e0 + 0x00137> in <filename unknown>:0 
  at Reko.DecompilerDriver.StructureProgram () <0x42250000 + 0x00255> in <filename unknown>:0 
fn0043DA2D: error: An error occurred while rewriting procedure to high-level language.
    Failure has occurred while loading a type.
      at Reko.Structure.StructureAnalysis.ProcessUnresolvedRegions () <0x422588a0 + 0x00073> in <filename unknown>:0 
  at Reko.Structure.StructureAnalysis.Execute () <0x422527f0 + 0x00443> in <filename unknown>:0 
  at Reko.Structure.StructureAnalysis.Structure () <0x422504e0 + 0x00137> in <filename unknown>:0 
  at Reko.DecompilerDriver.StructureProgram () <0x42250000 + 0x00255> in <filename unknown>:0 
fn004409F0: error: An error occurred while rewriting procedure to high-level language.
    Failure has occurred while loading a type.
      at Reko.Structure.StructureAnalysis.ProcessUnresolvedRegions () <0x422588a0 + 0x00073> in <filename unknown>:0 
  at Reko.Structure.StructureAnalysis.Execute () <0x422527f0 + 0x00443> in <filename unknown>:0 
  at Reko.Structure.StructureAnalysis.Structure () <0x422504e0 + 0x00137> in <filename unknown>:0 
  at Reko.DecompilerDriver.StructureProgram () <0x42250000 + 0x00255> in <filename unknown>:0 
fn00440A57: error: An error occurred while rewriting procedure to high-level language.
    Failure has occurred while loading a type.
      at Reko.Structure.StructureAnalysis.ProcessUnresolvedRegions () <0x422588a0 + 0x00073> in <filename unknown>:0 
  at Reko.Structure.StructureAnalysis.Execute () <0x422527f0 + 0x00443> in <filename unknown>:0 
  at Reko.Structure.StructureAnalysis.Structure () <0x422504e0 + 0x00137> in <filename unknown>:0 
  at Reko.DecompilerDriver.StructureProgram () <0x42250000 + 0x00255> in <filename unknown>:0 
fn0044196C: error: An error occurred while rewriting procedure to high-level language.
    Failure has occurred while loading a type.
      at Reko.Structure.StructureAnalysis.ProcessUnresolvedRegions () <0x422588a0 + 0x00073> in <filename unknown>:0 
  at Reko.Structure.StructureAnalysis.Execute () <0x422527f0 + 0x00443> in <filename unknown>:0 
  at Reko.Structure.StructureAnalysis.Structure () <0x422504e0 + 0x00137> in <filename unknown>:0 
  at Reko.DecompilerDriver.StructureProgram () <0x42250000 + 0x00255> in <filename unknown>:0 
fn00441B14: error: An error occurred while rewriting procedure to high-level language.
    Failure has occurred while loading a type.
      at Reko.Structure.StructureAnalysis.ProcessUnresolvedRegions () <0x422588a0 + 0x00073> in <filename unknown>:0 
  at Reko.Structure.StructureAnalysis.Execute () <0x422527f0 + 0x00443> in <filename unknown>:0 
  at Reko.Structure.StructureAnalysis.Structure () <0x422504e0 + 0x00137> in <filename unknown>:0 
  at Reko.DecompilerDriver.StructureProgram () <0x42250000 + 0x00255> in <filename unknown>:0 
fn00441B3A: error: An error occurred while rewriting procedure to high-level language.
    Failure has occurred while loading a type.
      at Reko.Structure.StructureAnalysis.ProcessUnresolvedRegions () <0x422588a0 + 0x00073> in <filename unknown>:0 
  at Reko.Structure.StructureAnalysis.Execute () <0x422527f0 + 0x00443> in <filename unknown>:0 
  at Reko.Structure.StructureAnalysis.Structure () <0x422504e0 + 0x00137> in <filename unknown>:0 
  at Reko.DecompilerDriver.StructureProgram () <0x42250000 + 0x00255> in <filename unknown>:0 
fn00441D77: error: An error occurred while rewriting procedure to high-level language.
    Failure has occurred while loading a type.
      at Reko.Structure.StructureAnalysis.ProcessUnresolvedRegions () <0x422588a0 + 0x00073> in <filename unknown>:0 
  at Reko.Structure.StructureAnalysis.Execute () <0x422527f0 + 0x00443> in <filename unknown>:0 
  at Reko.Structure.StructureAnalysis.Structure () <0x422504e0 + 0x00137> in <filename unknown>:0 
  at Reko.DecompilerDriver.StructureProgram () <0x42250000 + 0x00255> in <filename unknown>:0 
fn0044330F: error: An error occurred while rewriting procedure to high-level language.
    Failure has occurred while loading a type.
      at Reko.Structure.StructureAnalysis.ProcessUnresolvedRegions () <0x422588a0 + 0x00073> in <filename unknown>:0 
  at Reko.Structure.StructureAnalysis.Execute () <0x422527f0 + 0x00443> in <filename unknown>:0 
  at Reko.Structure.StructureAnalysis.Structure () <0x422504e0 + 0x00137> in <filename unknown>:0 
  at Reko.DecompilerDriver.StructureProgram () <0x42250000 + 0x00255> in <filename unknown>:0 
Could not load signature of Reko.Structure.StructureAnalysis:DetermineFollowLatch due to: Failed for unknown reasons. assembly:mscorlib, Version=4.0.0.0, Culture=neutral, PublicKeyToken=b77a5c561934e089 type:System.ValueTuple`2 member:<none>
Could not load signature of Reko.Structure.StructureAnalysis:DetermineFollowLatch due to: Failed for unknown reasons. assembly:mscorlib, Version=4.0.0.0, Culture=neutral, PublicKeyToken=b77a5c561934e089 type:System.ValueTuple`2 member:<none>
Could not load signature of Reko.Structure.StructureAnalysis:DetermineFollowLatch due to: Failed for unknown reasons. assembly:mscorlib, Version=4.0.0.0, Culture=neutral, PublicKeyToken=b77a5c561934e089 type:System.ValueTuple`2 member:<none>
Could not load signature of Reko.Structure.StructureAnalysis:DetermineFollowLatch due to: Failed for unknown reasons. assembly:mscorlib, Version=4.0.0.0, Culture=neutral, PublicKeyToken=b77a5c561934e089 type:System.ValueTuple`2 member:<none>
Could not load signature of Reko.Structure.StructureAnalysis:DetermineFollowLatch due to: Failed for unknown reasons. assembly:mscorlib, Version=4.0.0.0, Culture=neutral, PublicKeyToken=b77a5c561934e089 type:System.ValueTuple`2 member:<none>
Could not load signature of Reko.Structure.StructureAnalysis:DetermineFollowLatch due to: Failed for unknown reasons. assembly:mscorlib, Version=4.0.0.0, Culture=neutral, PublicKeyToken=b77a5c561934e089 type:System.ValueTuple`2 member:<none>
Could not load signature of Reko.Structure.StructureAnalysis:DetermineFollowLatch due to: Failed for unknown reasons. assembly:mscorlib, Version=4.0.0.0, Culture=neutral, PublicKeyToken=b77a5c561934e089 type:System.ValueTuple`2 member:<none>
Could not load signature of Reko.Structure.StructureAnalysis:DetermineFollowLatch due to: Failed for unknown reasons. assembly:mscorlib, Version=4.0.0.0, Culture=neutral, PublicKeyToken=b77a5c561934e089 type:System.ValueTuple`2 member:<none>
Could not load signature of Reko.Structure.StructureAnalysis:DetermineFollowLatch due to: Failed for unknown reasons. assembly:mscorlib, Version=4.0.0.0, Culture=neutral, PublicKeyToken=b77a5c561934e089 type:System.ValueTuple`2 member:<none>
Could not load signature of Reko.Structure.StructureAnalysis:DetermineFollowLatch due to: Failed for unknown reasons. assembly:mscorlib, Version=4.0.0.0, Culture=neutral, PublicKeyToken=b77a5c561934e089 type:System.ValueTuple`2 member:<none>
Could not load signature of Reko.Structure.StructureAnalysis:DetermineFollowLatch due to: Failed for unknown reasons. assembly:mscorlib, Version=4.0.0.0, Culture=neutral, PublicKeyToken=b77a5c561934e089 type:System.ValueTuple`2 member:<none>
Could not load signature of Reko.Structure.StructureAnalysis:DetermineFollowLatch due to: Failed for unknown reasons. assembly:mscorlib, Version=4.0.0.0, Culture=neutral, PublicKeyToken=b77a5c561934e089 type:System.ValueTuple`2 member:<none>
Could not load signature of Reko.Structure.StructureAnalysis:DetermineFollowLatch due to: Failed for unknown reasons. assembly:mscorlib, Version=4.0.0.0, Culture=neutral, PublicKeyToken=b77a5c561934e089 type:System.ValueTuple`2 member:<none>
Could not load signature of Reko.Structure.StructureAnalysis:DetermineFollowLatch due to: Failed for unknown reasons. assembly:mscorlib, Version=4.0.0.0, Culture=neutral, PublicKeyToken=b77a5c561934e089 type:System.ValueTuple`2 member:<none>
Could not load signature of Reko.Structure.StructureAnalysis:DetermineFollowLatch due to: Failed for unknown reasons. assembly:mscorlib, Version=4.0.0.0, Culture=neutral, PublicKeyToken=b77a5c561934e089 type:System.ValueTuple`2 member:<none>
Could not load signature of Reko.Structure.StructureAnalysis:DetermineFollowLatch due to: Failed for unknown reasons. assembly:mscorlib, Version=4.0.0.0, Culture=neutral, PublicKeyToken=b77a5c561934e089 type:System.ValueTuple`2 member:<none>
Could not load signature of Reko.Structure.StructureAnalysis:DetermineFollowLatch due to: Failed for unknown reasons. assembly:mscorlib, Version=4.0.0.0, Culture=neutral, PublicKeyToken=b77a5c561934e089 type:System.ValueTuplfn00443ABA: error: An error occurred while rewriting procedure to high-level language.
    Failure has occurred while loading a type.
      at Reko.Structure.StructureAnalysis.ProcessUnresolvedRegions () <0x422588a0 + 0x00073> in <filename unknown>:0 
  at Reko.Structure.StructureAnalysis.Execute () <0x422527f0 + 0x00443> in <filename unknown>:0 
  at Reko.Structure.StructureAnalysis.Structure () <0x422504e0 + 0x00137> in <filename unknown>:0 
  at Reko.DecompilerDriver.StructureProgram () <0x42250000 + 0x00255> in <filename unknown>:0 
fn00443B19: error: An error occurred while rewriting procedure to high-level language.
    Failure has occurred while loading a type.
      at Reko.Structure.StructureAnalysis.ProcessUnresolvedRegions () <0x422588a0 + 0x00073> in <filename unknown>:0 
  at Reko.Structure.StructureAnalysis.Execute () <0x422527f0 + 0x00443> in <filename unknown>:0 
  at Reko.Structure.StructureAnalysis.Structure () <0x422504e0 + 0x00137> in <filename unknown>:0 
  at Reko.DecompilerDriver.StructureProgram () <0x42250000 + 0x00255> in <filename unknown>:0 
fn00443BF5: error: An error occurred while rewriting procedure to high-level language.
    Failure has occurred while loading a type.
      at Reko.Structure.StructureAnalysis.ProcessUnresolvedRegions () <0x422588a0 + 0x00073> in <filename unknown>:0 
  at Reko.Structure.StructureAnalysis.Execute () <0x422527f0 + 0x00443> in <filename unknown>:0 
  at Reko.Structure.StructureAnalysis.Structure () <0x422504e0 + 0x00137> in <filename unknown>:0 
  at Reko.DecompilerDriver.StructureProgram () <0x42250000 + 0x00255> in <filename unknown>:0 
fn00443EE1: error: An error occurred while rewriting procedure to high-level language.
    Failure has occurred while loading a type.
      at Reko.Structure.StructureAnalysis.ProcessUnresolvedRegions () <0x422588a0 + 0x00073> in <filename unknown>:0 
  at Reko.Structure.StructureAnalysis.Execute () <0x422527f0 + 0x00443> in <filename unknown>:0 
  at Reko.Structure.StructureAnalysis.Structure () <0x422504e0 + 0x00137> in <filename unknown>:0 
  at Reko.DecompilerDriver.StructureProgram () <0x42250000 + 0x00255> in <filename unknown>:0 
fn004442A0: error: An error occurred while rewriting procedure to high-level language.
    Failure has occurred while loading a type.
      at Reko.Structure.StructureAnalysis.ProcessUnresolvedRegions () <0x422588a0 + 0x00073> in <filename unknown>:0 
  at Reko.Structure.StructureAnalysis.Execute () <0x422527f0 + 0x00443> in <filename unknown>:0 
  at Reko.Structure.StructureAnalysis.Structure () <0x422504e0 + 0x00137> in <filename unknown>:0 
  at Reko.DecompilerDriver.StructureProgram () <0x42250000 + 0x00255> in <filename unknown>:0 
fn00444550: error: An error occurred while rewriting procedure to high-level language.
    Failure has occurred while loading a type.
      at Reko.Structure.StructureAnalysis.ProcessUnresolvedRegions () <0x422588a0 + 0x00073> in <filename unknown>:0 
  at Reko.Structure.StructureAnalysis.Execute () <0x422527f0 + 0x00443> in <filename unknown>:0 
  at Reko.Structure.StructureAnalysis.Structure () <0x422504e0 + 0x00137> in <filename unknown>:0 
  at Reko.DecompilerDriver.StructureProgram () <0x42250000 + 0x00255> in <filename unknown>:0 
fn00446287: error: An error occurred while rewriting procedure to high-level language.
    Failure has occurred while loading a type.
      at Reko.Structure.StructureAnalysis.ProcessUnresolvedRegions () <0x422588a0 + 0x00073> in <filename unknown>:0 
  at Reko.Structure.StructureAnalysis.Execute () <0x422527f0 + 0x00443> in <filename unknown>:0 
  at Reko.Structure.StructureAnalysis.Structure () <0x422504e0 + 0x00137> in <filename unknown>:0 
  at Reko.DecompilerDriver.StructureProgram () <0x42250000 + 0x00255> in <filename unknown>:0 
fn00446F08: error: An error occurred while rewriting procedure to high-level language.
    Failure has occurred while loading a type.
      at Reko.Structure.StructureAnalysis.ProcessUnresolvedRegions () <0x422588a0 + 0x00073> in <filename unknown>:0 
  at Reko.Structure.StructureAnalysis.Execute () <0x422527f0 + 0x00443> in <filename unknown>:0 
  at Reko.Structure.StructureAnalysis.Structure () <0x422504e0 + 0x00137> in <filename unknown>:0 
  at Reko.DecompilerDriver.StructureProgram () <0x42250000 + 0x00255> in <filename unknown>:0 
fn0044801F: error: An error occurred while rewriting procedure to high-level language.
    Failure has occurred while loading a type.
      at Reko.Structure.StructureAnalysis.ProcessUnresolvedRegions () <0x422588a0 + 0x00073> in <filename unknown>:0 
  at Reko.Structure.StructureAnalysis.Execute () <0x422527f0 + 0x00443> in <filename unknown>:0 
  at Reko.Structure.StructureAnalysis.Structure () <0x422504e0 + 0x00137> in <filename unknown>:0 
  at Reko.DecompilerDriver.StructureProgram () <0x42250000 + 0x00255> in <filename unknown>:0 
fn00448A6A: error: An error occurred while rewriting procedure to high-level language.
    Failure has occurred while loading a type.
      at Reko.Structure.StructureAnalysis.ProcessUnresolvedRegions () <0x422588a0 + 0x00073> in <filename unknown>:0 
  at Reko.Structure.StructureAnalysis.Execute () <0x422527f0 + 0x00443> in <filename unknown>:0 
  at Reko.Structure.StructureAnalysis.Structure () <0x422504e0 + 0x00137> in <filename unknown>:0 
  at Reko.DecompilerDriver.StructureProgram () <0x42250000 + 0x00255> in <filename unknown>:0 
fn00448EF0: error: An error occurred while rewriting procedure to high-level language.
    Failure has occurred while loading a type.
      at Reko.Structure.StructureAnalysis.ProcessUnresolvedRegions () <0x422588a0 + 0x00073> in <filename unknown>:0 
  at Reko.Structure.StructureAnalysis.Execute () <0x422527f0 + 0x00443> in <filename unknown>:0 
  at Reko.Structure.StructureAnalysis.Structure () <0x422504e0 + 0x00137> in <filename unknown>:0 
  at Reko.DecompilerDriver.StructureProgram () <0x42250000 + 0x00255> in <filename unknown>:0 
fn00449168: error: An error occurred while rewriting procedure to high-level language.
    Failure has occurred while loading a type.
      at Reko.Structure.StructureAnalysis.ProcessUnresolvedRegions () <0x422588a0 + 0x00073> in <filename unknown>:0 
  at Reko.Structure.StructureAnalysis.Execute () <0x422527f0 + 0x00443> in <filename unknown>:0 
  at Reko.Structure.StructureAnalysis.Structure () <0x422504e0 + 0x00137> in <filename unknown>:0 
  at Reko.DecompilerDriver.StructureProgram () <0x42250000 + 0x00255> in <filename unknown>:0 
fn004491DD: error: An error occurred while rewriting procedure to high-level language.
    Failure has occurred while loading a type.
      at Reko.Structure.StructureAnalysis.ProcessUnresolvedRegions () <0x422588a0 + 0x00073> in <filename unknown>:0 
  at Reko.Structure.StructureAnalysis.Execute () <0x422527f0 + 0x00443> in <filename unknown>:0 
  at Reko.Structure.StructureAnalysis.Structure () <0x422504e0 + 0x00137> in <filename unknown>:0 
  at Reko.DecompilerDriver.StructureProgram () <0x42250000 + 0x00255> in <filename unknown>:0 
fn004492AA: error: An error occurred while rewriting procedure to high-level language.
    Failure has occurred while loading a type.
      at Reko.Structure.StructureAnalysis.ProcessUnresolvedRegions () <0x422588a0 + 0x00073> in <filename unknown>:0 
  at Reko.Structure.StructureAnalysis.Execute () <0x422527f0 + 0x00443> in <filename unknown>:0 
  at Reko.Structure.StructureAnalysis.Structure () <0x422504e0 + 0x00137> in <filename unknown>:0 
  at Reko.DecompilerDriver.StructureProgram () <0x42250000 + 0x00255> in <filename unknown>:0 
fn00467360: error: An error occurred while rewriting procedure to high-level language.
    Failure has occurred while loading a type.
      at Reko.Structure.StructureAnalysis.ProcessUnresolvedRegions () <0x422588a0 + 0x00073> in <filename unknown>:0 
  at Reko.Structure.StructureAnalysis.Execute () <0x422527f0 + 0x00443> in <filename unknown>:0 
  at Reko.Structure.StructureAnalysis.Structure () <0x422504e0 + 0x00137> in <filename unknown>:0 
  at Reko.DecompilerDriver.StructureProgram () <0x42250000 + 0x00255> in <filename unknown>:0 
fn00467810: error: An error occurred while rewriting procedure to high-level language.
    Failure has occurred while loading a type.
      at Reko.Structure.StructureAnalysis.ProcessUnresolvedRegions () <0x422588a0 + 0x00073> in <filename unknown>:0 
  at Reko.Structure.StructureAnalysis.Execute () <0x422527f0 + 0x00443> in <filename unknown>:0 
  at Reko.Structure.StructureAnalysis.Structure () <0x422504e0 + 0x00137> in <filename unknown>:0 
  at Reko.DecompilerDriver.StructureProgram () <0x42250000 + 0x00255> in <filename unknown>:0 
fn0046C150: error: An error occurred while rewriting procedure to high-level language.
    Failure has occurred while loading a type.
      at Reko.Structure.StructureAnalysis.ProcessUnresolvedRegions () <0x422588a0 + 0x00073> in <filename unknown>:0 
  at Reko.Structure.StructureAnalysis.Execute () <0x422527f0 + 0x00443> in <filename unknown>:0 
  at Reko.Structure.StructureAnalysis.Structure () <0x422504e0 + 0x00137> in <filename unknown>:0 
  at Reko.DecompilerDriver.StructureProgram () <0x42250000 + 0x00255> in <filename unknown>:0 
e`2 member:<none>
Could not load signature of Reko.Structure.StructureAnalysis:DetermineFollowLatch due to: Failed for unknown reasons. assembly:mscorlib, Version=4.0.0.0, Culture=neutral, PublicKeyToken=b77a5c561934e089 type:System.ValueTuple`2 member:<none>
Could not load signature of Reko.Structure.StructureAnalysis:DetermineFollowLatch due to: Failed for unknown reasons. assembly:mscorlib, Version=4.0.0.0, Culture=neutral, PublicKeyToken=b77a5c561934e089 type:System.ValueTuple`2 member:<none>
Could not load signature of Reko.Structure.StructureAnalysis:DetermineFollowLatch due to: Failed for unknown reasons. assembly:mscorlib, Version=4.0.0.0, Culture=neutral, PublicKeyToken=b77a5c561934e089 type:System.ValueTuple`2 member:<none>
Could not load signature of Reko.Structure.StructureAnalysis:DetermineFollowLatch due to: Failed for unknown reasons. assembly:mscorlib, Version=4.0.0.0, Culture=neutral, PublicKeyToken=b77a5c561934e089 type:System.ValueTuple`2 member:<none>
Could not load signature of Reko.Structure.StructureAnalysis:DetermineFollowLatch due to: Failed for unknown reasons. assembly:mscorlib, Version=4.0.0.0, Culture=neutral, PublicKeyToken=b77a5c561934e089 type:System.ValueTuple`2 member:<none>
Could not load signature of Reko.Structure.StructureAnalysis:DetermineFollowLatch due to: Failed for unknown reasons. assembly:mscorlib, Version=4.0.0.0, Culture=neutral, PublicKeyToken=b77a5c561934e089 type:System.ValueTuple`2 member:<none>
Could not load signature of Reko.Structure.StructureAnalysis:DetermineFollowLatch due to: Failed for unknown reasons. assembly:mscorlib, Version=4.0.0.0, Culture=neutral, PublicKeyToken=b77a5c561934e089 type:System.ValueTuple`2 member:<none>
Could not load signature of Reko.Structure.StructureAnalysis:DetermineFollowLatch due to: Failed for unknown reasons. assembly:mscorlib, Version=4.0.0.0, Culture=neutral, PublicKeyToken=b77a5c561934e089 type:System.ValueTuple`2 member:<none>
Could not load signature of Reko.Structure.StructureAnalysis:DetermineFollowLatch due to: Failed for unknown reasons. assembly:mscorlib, Version=4.0.0.0, Culture=neutral, PublicKeyToken=b77a5c561934e089 type:System.ValueTuple`2 member:<none>
Could not load signature of Reko.Structure.StructureAnalysis:DetermineFollowLatch due to: Failed for unknown reasons. assembly:mscorlib, Version=4.0.0.0, Culture=neutral, PublicKeyToken=b77a5c561934e089 type:System.ValueTuple`2 member:<none>
Could not load signature of Reko.Structure.StructureAnalysis:DetermineFollowLatch due to: Failed for unknown reasons. assembly:mscorlib, Version=4.0.0.0, Culture=neutral, PublicKeyToken=b77a5c561934e089 type:System.ValueTuple`2 member:<none>
Could not load signature of Reko.Structure.StructureAnalysis:DetermineFollowLatch due to: Failed for unknown reasons. assembly:mscorlib, Version=4.0.0.0, Culture=neutral, PublicKeyToken=b77a5c561934e089 type:System.ValueTuple`2 member:<none>
Could not load signature of Reko.Structure.StructureAnalysis:DetermineFollowLatch due to: Failed for unknown reasons. assembly:mscorlib, Version=4.0.0.0, Culture=neutral, PublicKeyToken=b77a5c561934e089 type:System.ValueTuple`2 member:<none>
Could not load signature of Reko.Structure.StructureAnalysis:DetermineFollowLatch due to: Failed for unknown reasons. assembly:mscorlib, Version=4.0.0.0, Culture=neutral, PublicKeyToken=b77a5c561934e089 type:System.ValueTuple`2 member:<none>
Could not load signature of Reko.Structure.StructureAnalysis:DetermineFollowLatch due to: Failed for unknown reasons. assembly:mscorlib, Version=4.0.0.0, Culture=neutral, PublicKeyToken=b77a5c561934e089 type:System.ValueTuple`2 member:<none>
Could not load signature of Reko.Structure.StructureAnalysis:DetermineFollowLatch due to: Failed for unknown reasons. assembly:mscorlib, Version=4.0.0.0, Culture=neutral, PublicKeyToken=b77a5c561934e089 type:System.ValueTuple`2 member:<none>
Could not load signature of Reko.Structure.StructureAnalysis:DetermineFollowLatch due to: Failed for unknown reasons. assembly:mscorlib, Version=4.0.0.0, Culture=neutral, PublicKeyToken=b77a5c561934e089 typfn0046C3F0: error: An error occurred while rewriting procedure to high-level language.
    Failure has occurred while loading a type.
      at Reko.Structure.StructureAnalysis.ProcessUnresolvedRegions () <0x422588a0 + 0x00073> in <filename unknown>:0 
  at Reko.Structure.StructureAnalysis.Execute () <0x422527f0 + 0x00443> in <filename unknown>:0 
  at Reko.Structure.StructureAnalysis.Structure () <0x422504e0 + 0x00137> in <filename unknown>:0 
  at Reko.DecompilerDriver.StructureProgram () <0x42250000 + 0x00255> in <filename unknown>:0 
fn00474110: error: An error occurred while rewriting procedure to high-level language.
    Failure has occurred while loading a type.
      at Reko.Structure.StructureAnalysis.ProcessUnresolvedRegions () <0x422588a0 + 0x00073> in <filename unknown>:0 
  at Reko.Structure.StructureAnalysis.Execute () <0x422527f0 + 0x00443> in <filename unknown>:0 
  at Reko.Structure.StructureAnalysis.Structure () <0x422504e0 + 0x00137> in <filename unknown>:0 
  at Reko.DecompilerDriver.StructureProgram () <0x42250000 + 0x00255> in <filename unknown>:0 
fn00474780: error: An error occurred while rewriting procedure to high-level language.
    Failure has occurred while loading a type.
      at Reko.Structure.StructureAnalysis.ProcessUnresolvedRegions () <0x422588a0 + 0x00073> in <filename unknown>:0 
  at Reko.Structure.StructureAnalysis.Execute () <0x422527f0 + 0x00443> in <filename unknown>:0 
  at Reko.Structure.StructureAnalysis.Structure () <0x422504e0 + 0x00137> in <filename unknown>:0 
  at Reko.DecompilerDriver.StructureProgram () <0x42250000 + 0x00255> in <filename unknown>:0 
fn004A96F0: error: An error occurred while rewriting procedure to high-level language.
    Failure has occurred while loading a type.
      at Reko.Structure.StructureAnalysis.ProcessUnresolvedRegions () <0x422588a0 + 0x00073> in <filename unknown>:0 
  at Reko.Structure.StructureAnalysis.Execute () <0x422527f0 + 0x00443> in <filename unknown>:0 
  at Reko.Structure.StructureAnalysis.Structure () <0x422504e0 + 0x00137> in <filename unknown>:0 
  at Reko.DecompilerDriver.StructureProgram () <0x42250000 + 0x00255> in <filename unknown>:0 
e:System.ValueTuple`2 member:<none>
Could not load signature of Reko.Structure.StructureAnalysis:DetermineFollowLatch due to: Failed for unknown reasons. assembly:mscorlib, Version=4.0.0.0, Culture=neutral, PublicKeyToken=b77a5c561934e089 type:System.ValueTuple`2 member:<none>
Could not load signature of Reko.Structure.StructureAnalysis:DetermineFollowLatch due to: Failed for unknown reasons. assembly:mscorlib, Version=4.0.0.0, Culture=neutral, PublicKeyToken=b77a5c561934e089 type:System.ValueTuple`2 member:<none>
Could not load signature of Reko.Structure.StructureAnalysis:DetermineFollowLatch due to: Failed for unknown reasons. assembly:mscorlib, Version=4.0.0.0, Culture=neutral, PublicKeyToken=b77a5c561934e089 type:System.ValueTuple`2 member:<none>
