got filename line1.c for main
after removing matching assigns (%pc).
### WARNING: iteration limit exceeded for dfaTypeAnalysis of procedure main ###
in proc main adding addrExp r28{0} - 0x40c to local table
in proc main adding addrExp r28{0} - 0x414 to local table
in proc main adding addrExp r28{0} - 0x418 to local table
in proc main adding addrExp r28{0} - 0x41c to local table
in proc main adding addrExp r28{0} - 0x420 to local table
in proc main adding addrExp r28{0} - 4 to local table
in proc main adding addrExp r28{0} - 12 to local table
in proc main adding addrExp r28{0} - 8 to local table
in proc main adding addrExp r28{0} - 0x418 to local table
in proc main adding addrExp r28{0} - 0x41c to local table
in proc main adding addrExp r28{0} - 0x420 to local table
in proc main adding addrExp r28{0} - 0x414 to local table
in proc main adding addrExp r28{0} - 0x418 to local table
in proc main adding addrExp r28{0} - 0x41c to local table
TYPE DIFFERENCE (could be OK): At address 0xfffffbe4 existing type FILE * but added type /*signed?*/int
in proc main adding addrExp r28{0} - 0x420 to local table
in proc main adding addrExp r28{0} - 0x41c to local table
in proc main adding addrExp r28{0} - 0x418 to local table
in proc main adding addrExp r28{0} - 0x420 to local table
in proc main adding addrExp r28{0} - 0x41c to local table
in proc main adding addrExp r28{0} - 0x420 to local table
in proc main adding addrExp r28{0} - 0x418 to local table
in proc main adding addrExp r28{0} - 0x41c to local table
in proc main adding addrExp r28{0} - 0x420 to local table
in proc main adding addrExp r28{0} - 0x41c to local table
in proc main adding addrExp r28{0} - 0x420 to local table
in proc main adding addrExp r28{0} - 0x414 to local table
in proc main adding addrExp r28{0} - 0x418 to local table
in proc main adding addrExp r28{0} - 0x41c to local table
in proc main adding addrExp r28{0} - 0x420 to local table
### WARNING: iteration limit exceeded for dfaTypeAnalysis of procedure main ###
could not set type for unknown parameter expression m[r28{0} + 4]
could not set type for unknown parameter expression m[r28{0} + 8]
in proc main adding addrExp r28{0} - 0x40c to local table
could not set type for unknown parameter expression m[r28{0} + 12]
local edx has type char * that doesn't agree with type of define __size32 of a library, why?
local esp has type void * that doesn't agree with type of define void of a library, why?
local eax has type __size32 that doesn't agree with type of define union { FILE * x5; char[] * x6; /*signed?*/int x7; } of a library, why?
local eax has type union { FILE * x5; char[] * x6; /*signed?*/int x7; } that doesn't agree with type of define union { FILE * x5; __size8 * x6; /*signed?*/int x7; } of a library, why?
local edx has type __size32 that doesn't agree with type of define void of a library, why?
local eax has type union { FILE * x5; __size8 * x6; /*signed?*/int x7; } that doesn't agree with type of define char[] * of a library, why?
local edx has type void that doesn't agree with type of define __size32 of a library, why?
local eax has type char[] * that doesn't agree with type of define __size32 of a library, why?
dest is not lib
call:   20 {*FILE** eax_1, *32* r25, *32* edx} := CALL fopen(
                *c** local1 := edx
                *c** local2 := "r"
              )
              Reaching definitions: r24=0x8048654,   r25=m[r28{0} + 8]{0},   r26=r26{15},   r27=r27{0},
                r28=r28{0} - 0x420,   r29=r28{0} - 4,   r30=r30{0},   m[r28{0} + 4]=m[r28{0} + 4]{0},
                m[r28{0} + 8]=m[r28{0} + 8]{0},   m[r28{0} + 12]=m[r28{0} + 12]{0},   m[r28{0} - 4]=r29{0},
                m[r28{0} - 8]=r30{0},   m[r28{0} - 12]=r27{0},   m[r28{0} - 0x40c]=m[r28{0} - 0x40c]{0},
                m[r28{0} - 0x414]=m[r28{0} - 0x414]{0},   m[r28{0} - 0x418]=0x8048654,   m[r28{0} - 0x41c]=r26{15},
                m[r28{0} - 0x420]=%pc,   tmp1=tmp1{8},   %flags=SUBFLAGS32( m[(r28{0} - 4) + 8], 1, tmp1{8} ),
                %ZF=tmp1{8} = 0,   %CF=m[(r28{0} - 4) + 8] <u 1
              Live variables: eax_1 in proc main
result:    0 *FILE** eax_1 := -
dest is not lib
call:   34 {*union* eax, *32* r25, *32* edx} := CALL fgets(
                *[c, 1024]** local1 := a[local0]
                *i32* local3 := 0x400
                *FILE** local4 := eax_1
              )
              Reaching definitions: r24=1,   r25=r25{20},   r26=0x400,   r27=r24{20},   r28=r28{0} - 0x420,
                r29=r28{0} - 4,   r30=r28{0} - 0x40c,   m[r28{0} + 4]=m[r28{0} + 4]{0},
                m[r28{0} + 8]=m[r28{0} + 8]{0},   m[r28{0} + 12]=m[r28{0} + 12]{0},   m[r28{0} - 4]=r29{0},
                m[r28{0} - 8]=r30{0},   m[r28{0} - 12]=r27{0},   m[r28{0} - 0x40c]=m[r28{0} - 0x40c]{0},
                m[r28{0} - 0x414]=r24{20},   m[r28{0} - 0x418]=0x400,   m[r28{0} - 0x41c]=r28{0} - 0x40c,
                m[r28{0} - 0x420]=%pc,   tmp1=r24{20},   %flags=LOGICALFLAGS32( r24{20} ),
                %ZF=LOGICALFLAGS32( r24{20} ),   %CF=LOGICALFLAGS32( r24{20} )
              Live variables: eax in proc main
result:    0 *union* eax := -
dest is not lib
call:   44 {*union* eax, *v* r25, *v* edx} := CALL strchr(
                *union* local1 := eax
                *c* local3 := 10
              )
              Reaching definitions: r24=r24{34},   r25=10,   r26=r26{34},   r27=r24{20},   r28=r28{0} - 0x420,
                r29=r28{0} - 4,   r30=r28{0} - 0x40c,   m[r28{0} + 4]=m[r28{0} + 4]{0},
                m[r28{0} + 8]=m[r28{0} + 8]{0},   m[r28{0} + 12]=m[r28{0} + 12]{0},   m[r28{0} - 4]=r29{0},
                m[r28{0} - 8]=r30{0},   m[r28{0} - 12]=r27{0},   m[r28{0} - 0x40c]=m[r28{0} - 0x40c]{0},
                m[r28{0} - 0x414]=r24{20},   m[r28{0} - 0x418]=10,   m[r28{0} - 0x41c]=r24{34},   m[r28{0} - 0x420]=%pc
                tmp1=r24{34},   %flags=LOGICALFLAGS32( r24{34} ),   %ZF=LOGICALFLAGS32( r24{34} ),
                %CF=LOGICALFLAGS32( r24{34} )
              Live variables: eax in proc main
result:    0 *union* eax := -
dest is not lib
call:   53 {*[c]** eax, *32* r25, *32* edx} := CALL puts(
                *[c, 1024]** local1 := a[local0]
              )
              Reaching definitions: r24=r24{44},   r25=r25{44},   r26=r26{44},   r27=r24{20},   r28=r28{0} - 0x420,
                r29=r28{0} - 4,   r30=r28{0} - 0x40c,   m[r28{0} + 4]=m[r28{0} + 4]{0},
                m[r28{0} + 8]=m[r28{0} + 8]{0},   m[r28{0} + 12]=m[r28{0} + 12]{0},   m[r28{0} - 4]=r29{0},
                m[r28{0} - 8]=r30{0},   m[r28{0} - 12]=r27{0},   m[r28{0} - 0x40c]=m[r28{0} - 0x40c]{0},
                m[r28{0} - 0x414]=r24{20},   m[r28{0} - 0x418]=10,   m[r28{0} - 0x41c]=r28{0} - 0x40c,
                m[r28{0} - 0x420]=%pc,   tmp1=r24{44},   %flags=LOGICALFLAGS32( r24{44} ),
                %ZF=LOGICALFLAGS32( r24{44} ),   %CF=LOGICALFLAGS32( r24{44} )
              Live variables:  in proc main
dest is not lib
call:   58 {*32* eax, *32* r25, *32* edx} := CALL fclose(
                *FILE** local5 := eax_1
              )
              Reaching definitions: r24=r24{69},   r25=r25{70},   r26=r26{71},   r27=r24{20},   r28=r28{0} - 0x420,
                r29=r28{0} - 4,   r30=r28{0} - 0x40c,   m[r28{0} + 4]=m[r28{0} + 4]{0},
                m[r28{0} + 8]=m[r28{0} + 8]{0},   m[r28{0} + 12]=m[r28{0} + 12]{0},   m[r28{0} - 4]=r29{0},
                m[r28{0} - 8]=r30{0},   m[r28{0} - 12]=r27{0},   m[r28{0} - 0x40c]=m[r28{0} - 0x40c]{0},
                m[r28{0} - 0x414]=r24{20},   m[r28{0} - 0x418]=m[r28{0} - 0x418]{87},   m[r28{0} - 0x41c]=r24{20},
                m[r28{0} - 0x420]=%pc,   tmp1=tmp1{73},   %flags=%flags{74},   %ZF=%ZF{75},   %CF=%CF{76}
              Live variables: eax in proc main
result:    0 *32* eax := -
