Using options:
rewriting: void fn08048380(Register (ptr (ptr code)) edx, Stack word32 dwArg00)
08048450: error: Failed to write global variable g_ptr8048450.
    Drill into struct
       at Decompiler.Core.Output.GlobalDataWriter.VisitPointer(Pointer ptr)
   at Decompiler.Core.Types.Pointer.Accept[T](IDataTypeVisitor`1 v)
   at Decompiler.Core.Output.GlobalDataWriter.WriteGlobals(Formatter formatter)
08048540: error: Failed to write global variable g_ptr8048540.
    Drill into struct
       at Decompiler.Core.Output.GlobalDataWriter.VisitPointer(Pointer ptr)
   at Decompiler.Core.Types.Pointer.Accept[T](IDataTypeVisitor`1 v)
   at Decompiler.Core.Output.GlobalDataWriter.WriteGlobals(Formatter formatter)
080485A0: error: Failed to write global variable g_ptr80485A0.
    Drill into struct
       at Decompiler.Core.Output.GlobalDataWriter.VisitPointer(Pointer ptr)
   at Decompiler.Core.Types.Pointer.Accept[T](IDataTypeVisitor`1 v)
   at Decompiler.Core.Output.GlobalDataWriter.WriteGlobals(Formatter formatter)
08048450: error: Failed to write global variable g_ptr8048450.
    Drill into struct
       at Decompiler.Core.Output.GlobalDataWriter.VisitPointer(Pointer ptr)
   at Decompiler.Core.Types.Pointer.Accept[T](IDataTypeVisitor`1 v)
   at Decompiler.Core.Output.GlobalDataWriter.WriteGlobals(Formatter formatter)
08048540: error: Failed to write global variable g_ptr8048540.
    Drill into struct
       at Decompiler.Core.Output.GlobalDataWriter.VisitPointer(Pointer ptr)
   at Decompiler.Core.Types.Pointer.Accept[T](IDataTypeVisitor`1 v)
   at Decompiler.Core.Output.GlobalDataWriter.WriteGlobals(Formatter formatter)
080485A0: error: Failed to write global variable g_ptr80485A0.
    Drill into struct
       at Decompiler.Core.Output.GlobalDataWriter.VisitPointer(Pointer ptr)
   at Decompiler.Core.Types.Pointer.Accept[T](IDataTypeVisitor`1 v)
   at Decompiler.Core.Output.GlobalDataWriter.WriteGlobals(Formatter formatter)
