Database SUBJECTS/from_boomerang/line1/ia32_elf_by_boomerang_o4/subject.exe.idb already exists.
Do you want to overwrite it? -> ~L~oad existing

  bytes   pages size description
--------- ----- ---- --------------------------------------------
   524288    64 8192 allocating memory for b-tree...
    65536     8 8192 allocating memory for virtual array...
   262144    32 8192 allocating memory for name pointers...
-----------------------------------------------------------------
   851968            total memory allocated

Loading processor module IDADIR/procs/pc.so for metapc...Initializing processor module metapc...OK
Loading type libraries...
Autoanalysis subsystem has been initialized.
Database for file 'subject.exe' has been loaded.
Hex-Rays Decompiler plugin has been loaded (v7.5.0.201028)
  The hotkeys are F5: decompile, Ctrl-F5: decompile all.
  Please check the Edit/Plugins menu for more informaton.
IDAPython Hex-Rays bindings initialized.
=== start of cleanup script -> OK
  function at 080482F8  LIB  with name '.init_proc'
  function at 08048310       with name 'sub_8048310'
  function at 08048320       with name '.strchr'
  function at 08048330       with name '.puts'
  function at 08048340       with name '.fgets'
  function at 08048350  LIB  with name '.__libc_start_main'
  function at 08048360       with name '.fclose'
  function at 08048370       with name '.fopen'
  function at 08048380  LIB  with name '_start'
  function at 080483A4  LIB  with name 'call_gmon_start'
  function at 080483D0  LIB  with name '__do_global_dtors_aux'
  function at 08048410  LIB  with name 'frame_dummy'
  function at 08048450       with name 'main'
  function at 080484F0       with name 'chomp'
  function at 08048540  LIB  with name '__libc_csu_init'
  function at 080485A0  LIB  with name '__libc_csu_fini'
  function at 080485F0       with name '__i686.get_pc_thunk.bx'
  function at 08048600  LIB  with name '__do_global_ctors_aux'
  function at 08048630  LIB  with name '.term_proc'
  function at 08049774       with name 'strchr'
  function at 08049778       with name 'puts'
  function at 0804977C       with name 'fgets'
  function at 08049780  LIB  with name '__libc_start_main'
  function at 08049784       with name 'fclose'
  function at 08049788       with name 'fopen'
finished -> OK
TIMESTAMP decompiling 8048310 size=0000000C times=0...
The decompiler assumes that the segment '.got' is read-only because of its NAME.
All data references to the segment will be replaced by constant values.
This may lead to drastic changes in the decompiler output.
If the segment is not read-only, please change the segment NAME.

In general, the decompiler checks the segment permissions, class, and name
to determine if it is read-only.
 -> OK
TIMESTAMP decompiling 8048450 size=00000097 times=0...
TIMESTAMP decompiling 80484F0 size=00000049 times=0...
TIMESTAMP The application has been completely decompiled.
Flushing buffers, please wait...ok
Unloading IDP module IDADIR/procs/pc.so...
