=== Using options:--aggressive-branch-removal
08049F14: warning: Unable to resolve imported reference __gmon_start__.
0804A9BF: warning: Call target address 00000000 is invalid.
08049E94: warning: Unable to resolve imported reference getsockname.
08049F94: warning: Unable to resolve imported reference strtod.
0804A194: warning: Unable to resolve imported reference getservbyport.
0804A594: warning: Unable to resolve imported reference log10.
0805D70A: warning: Unable to determine format string for call to 'fprintf'.
0804A444: warning: Unable to resolve imported reference sigdelset.
08049F54: warning: Unable to resolve imported reference __xstat64.
0804A354: warning: Unable to resolve imported reference readdir64.
08049F54: warning: Unable to resolve imported reference __xstat64.
08049F54: warning: Unable to resolve imported reference __xstat64.
0804A054: warning: Unable to resolve imported reference rename.
0804A4B4: warning: Unable to resolve imported reference chdir.
08049FE4: warning: Unable to resolve imported reference system.
08049F54: warning: Unable to resolve imported reference __xstat64.
0804A154: warning: Unable to resolve imported reference getrusage.
0804A414: warning: Unable to resolve imported reference getppid.
0804A844: warning: Unable to resolve imported reference lseek64.
0804A844: warning: Unable to resolve imported reference lseek64.
0804A844: warning: Unable to resolve imported reference lseek64.
0804A844: warning: Unable to resolve imported reference lseek64.
0804A844: warning: Unable to resolve imported reference lseek64.
08049F94: warning: Unable to resolve imported reference strtod.
08049F94: warning: Unable to resolve imported reference strtod.
0804A144: warning: Unable to resolve imported reference exp.
0804A0D4: warning: Unable to resolve imported reference floor.
08049DE4: warning: Unable to resolve imported reference fmod.
0804A554: warning: Unable to resolve imported reference frexp.
08049DC4: warning: Unable to resolve imported reference ldexp.
0804A6E4: warning: Unable to resolve imported reference log.
0804A594: warning: Unable to resolve imported reference log10.
0804A0E4: warning: Unable to resolve imported reference modf.
0804A254: warning: Unable to resolve imported reference sqrt.
0804A024: warning: Unable to resolve imported reference pow.
0804A7F4: warning: Unable to resolve imported reference sin.
08049F34: warning: Unable to resolve imported reference sinh.
0804A3C4: warning: Unable to resolve imported reference cos.
0804A7D4: warning: Unable to resolve imported reference cosh.
0804A7A4: warning: Unable to resolve imported reference tan.
0804A314: warning: Unable to resolve imported reference tanh.
08049ED4: warning: Unable to resolve imported reference asin.
0804A364: warning: Unable to resolve imported reference acos.
0804A1D4: warning: Unable to resolve imported reference atan.
0804A604: warning: Unable to resolve imported reference atan2.
0804A8E4: warning: Unable to resolve imported reference ceil.
0804A174: warning: Unable to resolve imported reference expm1.
08049EB4: warning: Unable to resolve imported reference log1p.
0804A1E4: warning: Unable to resolve imported reference __fpclassify.
0805D6A8: warning: Unable to determine format string for call to 'fprintf'.
0805D660: warning: Unable to determine format string for call to 'fprintf'.
0805D67B: warning: Unable to determine format string for call to 'fprintf'.
0804A754: warning: Unable to resolve imported reference getrlimit64.
0804A134: warning: Unable to resolve imported reference sigaltstack.
0804A874: warning: Unable to resolve imported reference __sigsetjmp.
0804A434: warning: Unable to resolve imported reference waitpid.
0804A304: warning: Unable to resolve imported reference umask.
0804A224: warning: Unable to resolve imported reference truncate64.
0804A224: warning: Unable to resolve imported reference truncate64.
0804A154: warning: Unable to resolve imported reference getrusage.
0804A154: warning: Unable to resolve imported reference getrusage.
0804A0F4: warning: Unable to resolve imported reference tcgetattr.
0804A694: warning: Unable to resolve imported reference cfgetospeed.
08049F74: warning: Unable to resolve imported reference cfgetispeed.
0804A0F4: warning: Unable to resolve imported reference tcgetattr.
0804A384: warning: Unable to resolve imported reference cfsetospeed.
0804A8A4: warning: Unable to resolve imported reference cfsetispeed.
0804A814: warning: Unable to resolve imported reference tcsendbreak.
0804A124: warning: Unable to resolve imported reference tcdrain.
0804A294: warning: Unable to resolve imported reference tcflush.
08049E34: warning: Unable to resolve imported reference tcflow.
0804A2A4: warning: Unable to resolve imported reference symlink.
08049F54: warning: Unable to resolve imported reference __xstat64.
0804A1C4: warning: Unable to resolve imported reference __lxstat64.
0804A714: warning: Unable to resolve imported reference __fxstat64.
08049F54: warning: Unable to resolve imported reference __xstat64.
0804A1C4: warning: Unable to resolve imported reference __lxstat64.
0804A714: warning: Unable to resolve imported reference __fxstat64.
0804A7B4: warning: Unable to resolve imported reference getsockopt.
0804A724: warning: Unable to resolve imported reference setsockopt.
08049FA4: warning: Unable to resolve imported reference socketpair.
0804A4F4: warning: Unable to resolve imported reference sigpending.
0804A8C4: warning: Unable to resolve imported reference sigsuspend.
08049EE4: warning: Unable to resolve imported reference shutdown.
0804A324: warning: Unable to resolve imported reference setuid.
0804A094: warning: Unable to resolve imported reference setsid.
08049E54: warning: Unable to resolve imported reference setgroups.
0804A7C4: warning: Unable to resolve imported reference setgid.
08049FB4: warning: Unable to resolve imported reference recv.
0804A824: warning: Unable to resolve imported reference recvfrom.
0804A6C4: warning: Unable to resolve imported reference send.
0804A014: warning: Unable to resolve imported reference sendto.
0804A504: warning: Unable to resolve imported reference select.
0804A624: warning: Unable to resolve imported reference rmdir.
0804A544: warning: Unable to resolve imported reference rewinddir.
0804A054: warning: Unable to resolve imported reference rename.
0804A354: warning: Unable to resolve imported reference readdir64.
0804A4E4: warning: Unable to resolve imported reference putenv.
0804A404: warning: Unable to resolve imported reference nice.
0804A4A4: warning: Unable to resolve imported reference mkfifo.
0804A844: warning: Unable to resolve imported reference lseek64.
0804A844: warning: Unable to resolve imported reference lseek64.
0804A034: warning: Unable to resolve imported reference listen.
0804A7E4: warning: Unable to resolve imported reference kill.
0804A0E4: warning: Unable to resolve imported reference modf.
0804A8E4: warning: Unable to resolve imported reference ceil.
0804A084: warning: Unable to resolve imported reference setitimer.
0804A854: warning: Unable to resolve imported reference getitimer.
0804A564: warning: Unable to resolve imported reference initgroups.
0804A764: warning: Unable to resolve imported reference gmtime.
08049E94: warning: Unable to resolve imported reference getsockname.
0804A884: warning: Unable to resolve imported reference getservbyname.
0804A194: warning: Unable to resolve imported reference getservbyport.
0804A0A4: warning: Unable to resolve imported reference getprotobyname.
0804A1F4: warning: Unable to resolve imported reference getprotobynumber.
0804A414: warning: Unable to resolve imported reference getppid.
0804A804: warning: Unable to resolve imported reference getpeername.
0804A064: warning: Unable to resolve imported reference getlogin.
0804A5F4: warning: Unable to resolve imported reference gethostname.
0804A274: warning: Unable to resolve imported reference gethostbyaddr_r.
0804A454: warning: Unable to resolve imported reference __h_errno_location.
0804A6F4: warning: Unable to resolve imported reference gethostbyname_r.
0804A774: warning: Unable to resolve imported reference getgroups.
0804A484: warning: Unable to resolve imported reference getegid.
0804A5B4: warning: Unable to resolve imported reference ftruncate64.
0804A5B4: warning: Unable to resolve imported reference ftruncate64.
0804A704: warning: Unable to resolve imported reference fork.
08049FF4: warning: Unable to resolve imported reference fchown.
0804A8B4: warning: Unable to resolve imported reference fchmod.
0804A5A4: warning: Unable to resolve imported reference execve.
0804A2C4: warning: Unable to resolve imported reference dup2.
0804A474: warning: Unable to resolve imported reference chroot.
0804A5E4: warning: Unable to resolve imported reference chown.
0804A4B4: warning: Unable to resolve imported reference chdir.
0804A3D4: warning: Unable to resolve imported reference alarm.
08056797: warning: Procedure fn08056730 previously had a return address of 4 bytes on the stack, but now seems to have a return address of 0 bytes on the stack.
08056718: warning: Procedure camlHashtbl__replace_1112 previously had a return address of 0 bytes on the stack, but now seems to have a return address of 4 bytes on the stack.
08056729: warning: Procedure camlHashtbl__replace_1112 previously had a return address of 0 bytes on the stack, but now seems to have a return address of 4 bytes on the stack.
080552EA: warning: Procedure camlHashtbl__insert_bucket_1068 previously had a return address of 4 bytes on the stack, but now seems to have a return address of 0 bytes on the stack.
080560D3: warning: Procedure camlHashtbl__replace_1112 previously had a return address of 0 bytes on the stack, but now seems to have a return address of 4 bytes on the stack.
080560E8: warning: Procedure camlHashtbl__replace_1112 previously had a return address of 0 bytes on the stack, but now seems to have a return address of 4 bytes on the stack.
08056529: warning: Procedure camlHashtbl__find_1093 previously had a return address of 4 bytes on the stack, but now seems to have a return address of 0 bytes on the stack.
0805647A: warning: Procedure camlHashtbl__find_1093 previously had a return address of 4 bytes on the stack, but now seems to have a return address of 0 bytes on the stack.
080561D8: warning: Procedure camlHashtbl__add_1074 previously had a return address of 0 bytes on the stack, but now seems to have a return address of 4 bytes on the stack.
080561ED: warning: Procedure camlHashtbl__add_1074 previously had a return address of 0 bytes on the stack, but now seems to have a return address of 4 bytes on the stack.
08055E35: warning: Unable to determine the upper bound of an indirect call or jump; there may be more than 2 entries.
08055C44: warning: Unable to determine the upper bound of an indirect call or jump; there may be more than 2 entries.
08055DB7: warning: Procedure fn08055D50 previously had a return address of 4 bytes on the stack, but now seems to have a return address of 0 bytes on the stack.
08055D38: warning: Procedure camlHashtbl__replace_1217 previously had a return address of 0 bytes on the stack, but now seems to have a return address of 4 bytes on the stack.
08055D49: warning: Procedure camlHashtbl__replace_1217 previously had a return address of 0 bytes on the stack, but now seems to have a return address of 4 bytes on the stack.
08055B65: warning: Unable to determine the upper bound of an indirect call or jump; there may be more than 2 entries.
08055AF9: warning: Procedure camlHashtbl__find_1198 previously had a return address of 4 bytes on the stack, but now seems to have a return address of 0 bytes on the stack.
08055A41: warning: Procedure camlHashtbl__find_1198 previously had a return address of 4 bytes on the stack, but now seems to have a return address of 0 bytes on the stack.
080557C8: warning: Unable to determine the upper bound of an indirect call or jump; there may be more than 2 entries.
08055859: warning: Procedure camlHashtbl__remove_1185 previously had a return address of 4 bytes on the stack, but now seems to have a return address of 0 bytes on the stack.
08055748: warning: Procedure camlHashtbl__add_1179 previously had a return address of 0 bytes on the stack, but now seems to have a return address of 4 bytes on the stack.
0805575D: warning: Procedure camlHashtbl__add_1179 previously had a return address of 0 bytes on the stack, but now seems to have a return address of 4 bytes on the stack.
08056834: warning: Procedure camlHashtbl__mem_1122 previously had a return address of 4 bytes on the stack, but now seems to have a return address of 0 bytes on the stack.
08055E7E: warning: Procedure camlHashtbl__mem_1227 previously had a return address of 4 bytes on the stack, but now seems to have a return address of 0 bytes on the stack.
08054D6F: warning: Procedure camlSys__catch_break_1082 previously had a return address of 4 bytes on the stack, but now seems to have a return address of 0 bytes on the stack.
08054D8A: warning: Procedure camlSys__catch_break_1082 previously had a return address of 4 bytes on the stack, but now seems to have a return address of 0 bytes on the stack.
08054B0A: warning: Procedure camlList__stable_sort_1248 previously had a return address of 4 bytes on the stack, but now seems to have a return address of 0 bytes on the stack.
08053267: warning: Procedure camlList__rev_sort_1272 previously had a return address of 4 bytes on the stack, but now seems to have a return address of 0 bytes on the stack.
08053255: warning: Procedure camlList__rev_sort_1272 previously had a return address of 4 bytes on the stack, but now seems to have a return address of 0 bytes on the stack.
08054338: warning: Procedure camlList__exists2_1153 previously had a return address of 4 bytes on the stack, but now seems to have a return address of 0 bytes on the stack.
080542C8: warning: Procedure camlList__for_all2_1145 previously had a return address of 4 bytes on the stack, but now seems to have a return address of 0 bytes on the stack.
080541AA: warning: Procedure camlList__fold_right2_1128 previously had a return address of 0 bytes on the stack, but now seems to have a return address of 4 bytes on the stack.
08054158: warning: Procedure camlList__fold_left2_1119 previously had a return address of 4 bytes on the stack, but now seems to have a return address of 0 bytes on the stack.
080540F8: warning: Procedure camlList__iter2_1111 previously had a return address of 4 bytes on the stack, but now seems to have a return address of 0 bytes on the stack.
08052FB8: warning: Procedure camlList__rev_map2_1099 previously had a return address of 4 bytes on the stack, but now seems to have a return address of 0 bytes on the stack.
08054038: warning: Procedure camlList__map2_1090 previously had a return address of 4 bytes on the stack, but now seems to have a return address of 0 bytes on the stack.
08053FA5: warning: Procedure camlList__fold_right_1084 previously had a return address of 0 bytes on the stack, but now seems to have a return address of 4 bytes on the stack.
08053E0F: warning: Procedure camlList__flatten_1058 previously had a return address of 4 bytes on the stack, but now seems to have a return address of 0 bytes on the stack.
08053D85: warning: Procedure camlList__nth_1042 previously had a return address of 0 bytes on the stack, but now seems to have a return address of 4 bytes on the stack.
08053D65: warning: Procedure camlList__tl_1039 previously had a return address of 4 bytes on the stack, but now seems to have a return address of 0 bytes on the stack.
08053D45: warning: Procedure camlList__hd_1036 previously had a return address of 4 bytes on the stack, but now seems to have a return address of 0 bytes on the stack.
080537E2: warning: Procedure camlList__rev_sort_1272 previously had a return address of 4 bytes on the stack, but now seems to have a return address of 0 bytes on the stack.
08054794: warning: Procedure camlList__partition_1212 previously had a return address of 4 bytes on the stack, but now seems to have a return address of 0 bytes on the stack.
0805408D: warning: Procedure camlList__rev_map2_1099 previously had a return address of 4 bytes on the stack, but now seems to have a return address of 0 bytes on the stack.
08053EDD: warning: Procedure camlList__rev_map_1067 previously had a return address of 4 bytes on the stack, but now seems to have a return address of 0 bytes on the stack.
08051DF4: warning: Procedure camlArray__sortto_1217 previously had a return address of 0 bytes on the stack, but now seems to have a return address of 4 bytes on the stack.
08051EC9: warning: Procedure camlArray__sortto_1217 previously had a return address of 0 bytes on the stack, but now seems to have a return address of 4 bytes on the stack.
08052D55: warning: Procedure camlArray__stable_sort_1188 previously had a return address of 4 bytes on the stack, but now seems to have a return address of 0 bytes on the stack.
0805143D: warning: Procedure camlArray__stable_sort_1188 previously had a return address of 4 bytes on the stack, but now seems to have a return address of 0 bytes on the stack.
080506F7: warning: Procedure camlArray__maxson_1155 previously had a return address of 0 bytes on the stack, but now seems to have a return address of 4 bytes on the stack.
080507FE: warning: Procedure camlArray__maxson_1155 previously had a return address of 0 bytes on the stack, but now seems to have a return address of 4 bytes on the stack.
080507E9: warning: Procedure camlArray__maxson_1155 previously had a return address of 0 bytes on the stack, but now seems to have a return address of 4 bytes on the stack.
08050A8D: warning: Procedure camlArray__trickledown_1160 previously had a return address of 0 bytes on the stack, but now seems to have a return address of 4 bytes on the stack.
08050B8C: warning: Procedure camlArray__trickle_1165 previously had a return address of 4 bytes on the stack, but now seems to have a return address of 0 bytes on the stack.
08050F5D: warning: Procedure camlArray__trickleup_1178 previously had a return address of 0 bytes on the stack, but now seems to have a return address of 4 bytes on the stack.
08050EFE: warning: Procedure camlArray__trickleup_1178 previously had a return address of 0 bytes on the stack, but now seems to have a return address of 4 bytes on the stack.
08052468: warning: Procedure camlArray__of_list_1130 previously had a return address of 0 bytes on the stack, but now seems to have a return address of 4 bytes on the stack.
08051C8B: warning: Procedure camlArray__fill_1087 previously had a return address of 0 bytes on the stack, but now seems to have a return address of 4 bytes on the stack.
08051AA0: warning: Procedure camlArray__sub_1081 previously had a return address of 0 bytes on the stack, but now seems to have a return address of 4 bytes on the stack.
08051BC0: warning: Procedure camlArray__sub_1081 previously had a return address of 0 bytes on the stack, but now seems to have a return address of 4 bytes on the stack.
080503B6: warning: Procedure camlArray__find_init_1077 previously had a return address of 4 bytes on the stack, but now seems to have a return address of 0 bytes on the stack.
08052C58: warning: Procedure camlArray__stable_sort_1188 previously had a return address of 4 bytes on the stack, but now seems to have a return address of 0 bytes on the stack.
0804EC4A: warning: Procedure camlPervasives__string_of_float_1140 previously had a return address of 4 bytes on the stack, but now seems to have a return address of 0 bytes on the stack.
0804F978: warning: Procedure camlPervasives__read_line_1288 previously had a return address of 4 bytes on the stack, but now seems to have a return address of 0 bytes on the stack.
0804F630: warning: Procedure camlPervasives__really_input_1235 previously had a return address of 0 bytes on the stack, but now seems to have a return address of 4 bytes on the stack.
0804F615: warning: Procedure camlPervasives__input_1224 previously had a return address of 4 bytes on the stack, but now seems to have a return address of 0 bytes on the stack.
0804F5BC: warning: Procedure camlPervasives__open_in_bin_1220 previously had a return address of 4 bytes on the stack, but now seems to have a return address of 0 bytes on the stack.
0804F495: warning: Procedure camlPervasives__output_1194 previously had a return address of 4 bytes on the stack, but now seems to have a return address of 0 bytes on the stack.
0804F3EC: warning: Procedure camlPervasives__open_out_bin_1181 previously had a return address of 4 bytes on the stack, but now seems to have a return address of 0 bytes on the stack.
0804F333: warning: Procedure camlPervasives__string_of_float_1140 previously had a return address of 4 bytes on the stack, but now seems to have a return address of 0 bytes on the stack.
0804F295: warning: Procedure camlPervasives__bool_of_string_1129 previously had a return address of 0 bytes on the stack, but now seems to have a return address of 4 bytes on the stack.
0804F285: warning: Procedure camlPervasives__bool_of_string_1129 previously had a return address of 0 bytes on the stack, but now seems to have a return address of 4 bytes on the stack.
0804F215: warning: Procedure camlPervasives__char_of_int_1120 previously had a return address of 4 bytes on the stack, but now seems to have a return address of 0 bytes on the stack.
080548B8: warning: Procedure camlList__combine_1226 previously had a return address of 4 bytes on the stack, but now seems to have a return address of 0 bytes on the stack.
08052EB5: warning: Procedure camlList__nth_aux_1045 previously had a return address of 4 bytes on the stack, but now seems to have a return address of 0 bytes on the stack.
0804E275: warning: Procedure camlUnix__entry previously had a return address of 0 bytes on the stack, but now seems to have a return address of 4 bytes on the stack.
0804E2B4: warning: Procedure fn0804E27A previously had a return address of 4 bytes on the stack, but now seems to have a return address of 0 bytes on the stack.
0804E2B4: warning: Procedure fn0804E27A previously had a return address of 4 bytes on the stack, but now seems to have a return address of 0 bytes on the stack.
0804E29E: warning: Procedure fn0804E27A previously had a return address of 4 bytes on the stack, but now seems to have a return address of 0 bytes on the stack.
0804D475: warning: Procedure camlUnix__open_proc_full_1975 previously had a return address of 0 bytes on the stack, but now seems to have a return address of 4 bytes on the stack.
0804D081: warning: Procedure camlUnix__open_proc_1949 previously had a return address of 0 bytes on the stack, but now seems to have a return address of 4 bytes on the stack.
0804CB3D: warning: Procedure fn0804CA80 previously had a return address of 0 bytes on the stack, but now seems to have a return address of 4 bytes on the stack.
0804C9C3: warning: Procedure camlUnix__getnameinfo_1781 previously had a return address of 4 bytes on the stack, but now seems to have a return address of 0 bytes on the stack.
0804CBC4: warning: Procedure camlUnix__getnameinfo_1781 previously had a return address of 4 bytes on the stack, but now seems to have a return address of 0 bytes on the stack.
0804C656: warning: Procedure camlUnix__getaddrinfo_1751 previously had a return address of 4 bytes on the stack, but now seems to have a return address of 0 bytes on the stack.
0804C6A4: warning: Procedure camlUnix__getaddrinfo_1751 previously had a return address of 4 bytes on the stack, but now seems to have a return address of 0 bytes on the stack.
0804C6DD: warning: Procedure camlUnix__getaddrinfo_1751 previously had a return address of 4 bytes on the stack, but now seems to have a return address of 0 bytes on the stack.
0804C6F9: warning: Procedure camlUnix__getaddrinfo_1751 previously had a return address of 4 bytes on the stack, but now seems to have a return address of 0 bytes on the stack.
0804C789: warning: Procedure camlUnix__getaddrinfo_1751 previously had a return address of 4 bytes on the stack, but now seems to have a return address of 0 bytes on the stack.
0804C8BC: warning: Procedure camlUnix__getaddrinfo_1751 previously had a return address of 4 bytes on the stack, but now seems to have a return address of 0 bytes on the stack.
0804C2B8: warning: Procedure camlUnix__sendto_1576 previously had a return address of 4 bytes on the stack, but now seems to have a return address of 0 bytes on the stack.
0804C255: warning: Procedure camlUnix__send_1570 previously had a return address of 4 bytes on the stack, but now seems to have a return address of 0 bytes on the stack.
0804C205: warning: Procedure camlUnix__recvfrom_1564 previously had a return address of 4 bytes on the stack, but now seems to have a return address of 0 bytes on the stack.
0804C1B5: warning: Procedure camlUnix__recv_1558 previously had a return address of 4 bytes on the stack, but now seems to have a return address of 0 bytes on the stack.
0804BFF5: warning: Procedure camlUnix__single_write_1247 previously had a return address of 4 bytes on the stack, but now seems to have a return address of 0 bytes on the stack.
0804BFA5: warning: Procedure camlUnix__write_1242 previously had a return address of 4 bytes on the stack, but now seems to have a return address of 0 bytes on the stack.
0804BF55: warning: Procedure camlUnix__read_1237 previously had a return address of 4 bytes on the stack, but now seems to have a return address of 0 bytes on the stack.
0804A8E4: warning: Unable to resolve imported reference ceil.
0804A8C4: warning: Unable to resolve imported reference sigsuspend.
0804A8B4: warning: Unable to resolve imported reference fchmod.
0804A8A4: warning: Unable to resolve imported reference cfsetispeed.
0804A884: warning: Unable to resolve imported reference getservbyname.
0804A874: warning: Unable to resolve imported reference __sigsetjmp.
0804A854: warning: Unable to resolve imported reference getitimer.
0804A844: warning: Unable to resolve imported reference lseek64.
0804A824: warning: Unable to resolve imported reference recvfrom.
0804A814: warning: Unable to resolve imported reference tcsendbreak.
0804A804: warning: Unable to resolve imported reference getpeername.
0804A7F4: warning: Unable to resolve imported reference sin.
0804A7E4: warning: Unable to resolve imported reference kill.
0804A7D4: warning: Unable to resolve imported reference cosh.
0804A7C4: warning: Unable to resolve imported reference setgid.
0804A7B4: warning: Unable to resolve imported reference getsockopt.
0804A7A4: warning: Unable to resolve imported reference tan.
0804A774: warning: Unable to resolve imported reference getgroups.
0804A764: warning: Unable to resolve imported reference gmtime.
0804A754: warning: Unable to resolve imported reference getrlimit64.
0804A724: warning: Unable to resolve imported reference setsockopt.
0804A714: warning: Unable to resolve imported reference __fxstat64.
0804A704: warning: Unable to resolve imported reference fork.
0804A6F4: warning: Unable to resolve imported reference gethostbyname_r.
0804A6E4: warning: Unable to resolve imported reference log.
0804A6C4: warning: Unable to resolve imported reference send.
0804A694: warning: Unable to resolve imported reference cfgetospeed.
0804A624: warning: Unable to resolve imported reference rmdir.
0804A604: warning: Unable to resolve imported reference atan2.
0804A5F4: warning: Unable to resolve imported reference gethostname.
0804A5E4: warning: Unable to resolve imported reference chown.
0804A5B4: warning: Unable to resolve imported reference ftruncate64.
0804A5A4: warning: Unable to resolve imported reference execve.
0804A564: warning: Unable to resolve imported reference initgroups.
0804A554: warning: Unable to resolve imported reference frexp.
0804A544: warning: Unable to resolve imported reference rewinddir.
0804A504: warning: Unable to resolve imported reference select.
0804A4F4: warning: Unable to resolve imported reference sigpending.
0804A4E4: warning: Unable to resolve imported reference putenv.
0804A4B4: warning: Unable to resolve imported reference chdir.
0804A4A4: warning: Unable to resolve imported reference mkfifo.
0804A484: warning: Unable to resolve imported reference getegid.
0804A474: warning: Unable to resolve imported reference chroot.
0804A454: warning: Unable to resolve imported reference __h_errno_location.
0804A444: warning: Unable to resolve imported reference sigdelset.
0804A434: warning: Unable to resolve imported reference waitpid.
0804A414: warning: Unable to resolve imported reference getppid.
0804A404: warning: Unable to resolve imported reference nice.
0804A3D4: warning: Unable to resolve imported reference alarm.
0804A3C4: warning: Unable to resolve imported reference cos.
0804A384: warning: Unable to resolve imported reference cfsetospeed.
0804A364: warning: Unable to resolve imported reference acos.
0804A354: warning: Unable to resolve imported reference readdir64.
0804A324: warning: Unable to resolve imported reference setuid.
0804A314: warning: Unable to resolve imported reference tanh.
0804A304: warning: Unable to resolve imported reference umask.
0804A2C4: warning: Unable to resolve imported reference dup2.
0804A2A4: warning: Unable to resolve imported reference symlink.
0804A294: warning: Unable to resolve imported reference tcflush.
0804A274: warning: Unable to resolve imported reference gethostbyaddr_r.
0804A254: warning: Unable to resolve imported reference sqrt.
0804A224: warning: Unable to resolve imported reference truncate64.
0804A1F4: warning: Unable to resolve imported reference getprotobynumber.
0804A1E4: warning: Unable to resolve imported reference __fpclassify.
0804A1D4: warning: Unable to resolve imported reference atan.
0804A1C4: warning: Unable to resolve imported reference __lxstat64.
0804A174: warning: Unable to resolve imported reference expm1.
0804A154: warning: Unable to resolve imported reference getrusage.
0804A144: warning: Unable to resolve imported reference exp.
0804A134: warning: Unable to resolve imported reference sigaltstack.
0804A124: warning: Unable to resolve imported reference tcdrain.
0804A0F4: warning: Unable to resolve imported reference tcgetattr.
0804A0E4: warning: Unable to resolve imported reference modf.
0804A0D4: warning: Unable to resolve imported reference floor.
0804A0A4: warning: Unable to resolve imported reference getprotobyname.
0804A094: warning: Unable to resolve imported reference setsid.
0804A084: warning: Unable to resolve imported reference setitimer.
0804A064: warning: Unable to resolve imported reference getlogin.
0804A054: warning: Unable to resolve imported reference rename.
0804A034: warning: Unable to resolve imported reference listen.
0804A024: warning: Unable to resolve imported reference pow.
0804A014: warning: Unable to resolve imported reference sendto.
08049FF4: warning: Unable to resolve imported reference fchown.
08049FE4: warning: Unable to resolve imported reference system.
08049FB4: warning: Unable to resolve imported reference recv.
08049FA4: warning: Unable to resolve imported reference socketpair.
08049F74: warning: Unable to resolve imported reference cfgetispeed.
08049F54: warning: Unable to resolve imported reference __xstat64.
08049F34: warning: Unable to resolve imported reference sinh.
08049F14: warning: Unable to resolve imported reference __gmon_start__.
08049EE4: warning: Unable to resolve imported reference shutdown.
08049ED4: warning: Unable to resolve imported reference asin.
08049EB4: warning: Unable to resolve imported reference log1p.
08049E54: warning: Unable to resolve imported reference setgroups.
08049E34: warning: Unable to resolve imported reference tcflow.
08049DE4: warning: Unable to resolve imported reference fmod.
08049DC4: warning: Unable to resolve imported reference ldexp.
Error: An error occurred during decompilation.
    Offsets not matching? SP(0)
       at Reko.Analysis.CallApplicationBuilder.VisitFpuStackStorage(FpuStackStorage fpu) in /Users/runner/work/reko/reko/src/Decompiler/Analysis/CallApplicationBuilder.cs:line 116
   at Reko.Analysis.CallApplicationBuilder.With(Dictionary`2 map, Storage stg) in /Users/runner/work/reko/reko/src/Decompiler/Analysis/CallApplicationBuilder.cs:line 93
   at Reko.Analysis.CallApplicationBuilder.WithUses(Storage stg) in /Users/runner/work/reko/reko/src/Decompiler/Analysis/CallApplicationBuilder.cs:line 81
   at Reko.Analysis.CallApplicationBuilder.Bind(Identifier id) in /Users/runner/work/reko/reko/src/Decompiler/Analysis/CallApplicationBuilder.cs:line 64
   at Reko.Core.ApplicationBuilder.BindArguments(Identifier[] parameters, Boolean isVariadic, ProcedureCharacteristics chr) in /Users/runner/work/reko/reko/src/Core/ApplicationBuilder.cs:line 143
   at Reko.Core.ApplicationBuilder.CreateInstruction(FunctionType sigCallee, ProcedureCharacteristics chr) in /Users/runner/work/reko/reko/src/Core/ApplicationBuilder.cs:line 93
   at Reko.Analysis.CallRewriter.RewriteCall(SsaState ssaCaller, Statement stm, CallInstruction call) in /Users/runner/work/reko/reko/src/Decompiler/Analysis/CallRewriter.cs:line 378
   at Reko.Analysis.CallRewriter.RewriteCalls(SsaState ssaCaller) in /Users/runner/work/reko/reko/src/Decompiler/Analysis/CallRewriter.cs:line 421
   at Reko.Analysis.CallRewriter.Rewrite(IPlatform platform, List`1 ssts, ProgramDataFlow summaries, DecompilerEventListener eventListener) in /Users/runner/work/reko/reko/src/Decompiler/Analysis/CallRewriter.cs:line 84
   at Reko.Analysis.DataFlowAnalysis.UntangleProcedures() in /Users/runner/work/reko/reko/src/Decompiler/Analysis/DataFlowAnalysis.cs:line 156
   at Reko.Decompiler.AnalyzeDataFlow() in /Users/runner/work/reko/reko/src/Decompiler/Decompiler.cs:line 110
   at Reko.CmdLine.CmdLineDriver.Decompile(Dictionary`2 pArgs) in /Users/runner/work/reko/reko/src/Drivers/CmdLine/CmdLineDriver.cs:line 209
