Possible file format: ELF for Intel 386 (Executable) (IDADIR/loaders/elf.so)

  bytes   pages size description
--------- ----- ---- --------------------------------------------
   524288    64 8192 allocating memory for b-tree...
    65536     8 8192 allocating memory for virtual array...
   262144    32 8192 allocating memory for name pointers...
-----------------------------------------------------------------
   851968            total memory allocated

Loading file 'SUBJECTS/from_boomerang/fibo_iter/ia32_elf_by_boomerang/subject.exe' into database...
Detected file format: ELF for Intel 386 (Executable)
Loading processor module IDADIR/procs/pc.so for metapc...Initializing processor module metapc...OK
Autoanalysis subsystem has been initialized.
Assuming __cdecl calling convention by default
  0. Creating a new segment  (08048000-080484A8) ... ... OK
  1. Creating a new segment  (080494A8-080495B0) ... ... OK
Assuming __cdecl calling convention by default
Type library 'gnulnx_x86' loaded. Applying types...
Types applied to 0 names.
  2. Creating a new segment  (08048254-0804826B) ... ... OK
  3. Creating a new segment  (0804826B-080484A8) ... ... OK
  4. Creating a new segment  (0804826C-080482AC) ... ... OK
  5. Creating a new segment  (080482AC-080484A8) ... ... OK
  6. Creating a new segment  (080482AC-08048458) ... ... OK
     Deleting segment        (08048458-080484A8) ...
  6. Creating a new segment  (08048458-080484A8) ... ... OK
  7. Creating a new segment  (08048458-08048473) ... ... OK
     Deleting segment        (08048473-080484A8) ...
  7. Creating a new segment  (08048473-080484A8) ... ... OK
  8. Creating a new segment  (08048474-080484A2) ... ... OK
  9. Creating a new segment  (080484A2-080484A8) ... ... OK
 10. Creating a new segment  (080484A4-080484A8) ... ... OK
 11. Creating a new segment  (080494A8-080494B4) ... ... OK
     Deleting segment        (080494B4-080495B0) ...
 11. Creating a new segment  (080494B4-080495B0) ... ... OK
 12. Creating a new segment  (0804957C-08049584) ... ... OK
 13. Creating a new segment  (08049584-080495B0) ... ... OK
 14. Creating a new segment  (08049584-0804958C) ... ... OK
     Deleting segment        (0804958C-080495B0) ...
 14. Creating a new segment  (0804958C-080495B0) ... ... OK
 15. Creating a new segment  (0804958C-08049590) ... ... OK
     Deleting segment        (08049590-080495B0) ...
 15. Creating a new segment  (08049590-080495B0) ... ... OK
 16. Creating a new segment  (08049590-080495AC) ... ... OK
     Deleting segment        (080495AC-080495B0) ...
 16. Creating a new segment  (080495AC-080495B0) ... ... OK
     Deleting segment        (080495AC-080495B0) ...
 16. Creating a new segment  (080495AC-080495B0) ... ... OK
 17. Creating a new segment  (080495B0-080495B1) ... ... OK
 18. Creating a new segment  (080495B4-080495C4) ... ... OK
 19. Creating a new segment  (080495C4-08049670) ... ... OK
Processing relocations...
DWARF: File "SUBJECTS/from_boomerang/fibo_iter/ia32_elf_by_boomerang/subject.exe" contains DWARF information.
DWARF: Functions: 0 symbols applied
DWARF: Globals: 1 symbol applied
Marking typical code sequences...
Flushing buffers, please wait...ok
File 'SUBJECTS/from_boomerang/fibo_iter/ia32_elf_by_boomerang/subject.exe' has been successfully loaded into the database.
Hex-Rays Decompiler plugin has been loaded (v7.5.0.201028)
  The hotkeys are F5: decompile, Ctrl-F5: decompile all.
  Please check the Edit/Plugins menu for more informaton.
IDAPython Hex-Rays bindings initialized.
IDA is analysing the input file...
You may start to explore the input file right now.
Propagating type information...
Function argument information has been propagated
lumina: applied metadata to 3 functions.
The initial autoanalysis has been finished.
Flushing buffers, please wait...ok
TIMESTAMP decompiling 804826C size=0000000C times=0...
The decompiler assumes that the segment '.got' is read-only because of its NAME.
All data references to the segment will be replaced by constant values.
This may lead to drastic changes in the decompiler output.
If the segment is not read-only, please change the segment NAME.

In general, the decompiler checks the segment permissions, class, and name
to determine if it is read-only.
 -> OK
TIMESTAMP decompiling 80482D0 size=00000022 times=0...
TIMESTAMP decompiling 80482F4 size=0000003A times=0...
TIMESTAMP decompiling 8048330 size=0000002A times=0...
TIMESTAMP decompiling 804835C size=0000002E times=0...
TIMESTAMP decompiling 8048434 size=00000024 times=0...
TIMESTAMP decompiling 804838C size=00000044 times=0...
TIMESTAMP decompiling 8048254 size=00000017 times=0...
TIMESTAMP decompiling 80483D0 size=00000030 times=0...
TIMESTAMP decompiling 8048458 size=0000001B times=0...
TIMESTAMP decompiling 8048400 size=00000034 times=0...
TIMESTAMP decompiling 80482AC size=00000022 times=0...
TIMESTAMP The application has been completely decompiled.
Unloading IDP module IDADIR/procs/pc.so...
