Possible file format: ELF for Intel 386 (Executable) (IDADIR/loaders/elf.so)

  bytes   pages size description
--------- ----- ---- --------------------------------------------
   524288    64 8192 allocating memory for b-tree...
   344064    42 8192 allocating memory for virtual array...
   262144    32 8192 allocating memory for name pointers...
-----------------------------------------------------------------
  1130496            total memory allocated

Loading file 'SUBJECTS/from_holdec/post_i386_opcodes/ia32_elf/subject.exe' into database...
Detected file format: ELF for Intel 386 (Executable)
Loading processor module IDADIR/procs/pc.so for metapc...Initializing processor module metapc...OK
Autoanalysis subsystem has been initialized.
Assuming __cdecl calling convention by default
  0. Creating a new segment  (08048000-080482CC) ... ... OK
  1. Creating a new segment  (08049000-08057320) ... ... OK
  2. Creating a new segment  (08058000-08058130) ... ... OK
  3. Creating a new segment  (08059F0C-0805A018) ... ... OK
Assuming __cdecl calling convention by default
Type library 'gnulnx_x86' loaded. Applying types...
Types applied to 0 names.
  4. Creating a new segment  (08049000-08049024) ... ... OK
     Deleting segment        (08049024-08057320) ...
  4. Creating a new segment  (08049024-08057320) ... ... OK
  5. Creating a new segment  (08049030-08049050) ... ... OK
  6. Creating a new segment  (08049050-08057320) ... ... OK
  7. Creating a new segment  (08049050-08057305) ... ... OK
     Deleting segment        (08057305-08057320) ...
  7. Creating a new segment  (08057305-08057320) ... ... OK
  8. Creating a new segment  (08057308-08057320) ... ... OK
  9. Creating a new segment  (08058000-0805800C) ... ... OK
     Deleting segment        (0805800C-08058130) ...
  9. Creating a new segment  (0805800C-08058130) ... ... OK
 10. Creating a new segment  (0805800C-08058048) ... ... OK
     Deleting segment        (08058048-08058130) ...
 10. Creating a new segment  (08058048-08058130) ... ... OK
     Deleting segment        (08058048-08058130) ...
 10. Creating a new segment  (08058048-08058130) ... ... OK
 11. Creating a new segment  (08059F0C-08059F10) ... ... OK
     Deleting segment        (08059F10-0805A018) ...
 11. Creating a new segment  (08059F10-0805A018) ... ... OK
 12. Creating a new segment  (08059F10-08059F14) ... ... OK
     Deleting segment        (08059F14-0805A018) ...
 12. Creating a new segment  (08059F14-0805A018) ... ... OK
 13. Creating a new segment  (08059FFC-0805A000) ... ... OK
 14. Creating a new segment  (0805A000-0805A018) ... ... OK
 15. Creating a new segment  (0805A000-0805A010) ... ... OK
     Deleting segment        (0805A010-0805A018) ...
 15. Creating a new segment  (0805A010-0805A018) ... ... OK
 16. Creating a new segment  (0805A010-0805A014) ... ... OK
     Deleting segment        (0805A014-0805A018) ...
 16. Creating a new segment  (0805A014-0805A018) ... ... OK
     Deleting segment        (0805A014-0805A018) ...
 16. Creating a new segment  (0805A014-0805A018) ... ... OK
 17. Creating a new segment  (0805A018-0805A019) ... ... OK
 18. Creating a new segment  (0805A01C-0805A024) ... ... OK
Processing relocations...
DWARF: Looking for GNU DWARF file at "/usr/lib/debug/.build-id/60/22ee2296a39e0ed745de3922e1a8b410025753.debug"... no.
Marking typical code sequences...
Flushing buffers, please wait...ok
File 'SUBJECTS/from_holdec/post_i386_opcodes/ia32_elf/subject.exe' has been successfully loaded into the database.
Hex-Rays Decompiler plugin has been loaded (v7.5.0.201028)
  The hotkeys are F5: decompile, Ctrl-F5: decompile all.
  Please check the Edit/Plugins menu for more informaton.
IDAPython Hex-Rays bindings initialized.
IDA is analysing the input file...
You may start to explore the input file right now.
Propagating type information...
Function argument information has been propagated
lumina: applied metadata to 3 functions.
The initial autoanalysis has been finished.
Flushing buffers, please wait...ok
TIMESTAMP decompiling 8049030 size=0000000C times=0...
The decompiler assumes that the segment '.got.plt' is read-only because of its NAME.
All data references to the segment will be replaced by constant values.
This may lead to drastic changes in the decompiler output.
If the segment is not read-only, please change the segment NAME.

In general, the decompiler checks the segment permissions, class, and name
to determine if it is read-only.
 -> OK
TIMESTAMP decompiling 8049087 size=00000004 times=0...
TIMESTAMP decompiling 8049090 size=00000005 times=0...
TIMESTAMP decompiling 80490A0 size=00000004 times=0...
TIMESTAMP decompiling 80490B0 size=00000031 times=0...
TIMESTAMP decompiling 80490F0 size=00000039 times=0...
TIMESTAMP decompiling 8049166 size=00000008 times=0...
TIMESTAMP decompiling 804916E size=000000F1 times=0...
TIMESTAMP decompiling 804925F size=000000E6 times=0...
TIMESTAMP decompiling 8049345 size=000000E6 times=0...
TIMESTAMP decompiling 804942B size=000000E7 times=0...
TIMESTAMP decompiling 8049512 size=00000009 times=0...
TIMESTAMP decompiling 804951B size=000000F2 times=0...
TIMESTAMP decompiling 804960D size=000000E7 times=0...
TIMESTAMP decompiling 80496F4 size=000000E7 times=0...
TIMESTAMP decompiling 80497DB size=000000E8 times=0...
TIMESTAMP decompiling 80498C3 size=0000000A times=0...
TIMESTAMP decompiling 80498CD size=000000F3 times=0...
TIMESTAMP decompiling 80499C0 size=000000E8 times=0...
TIMESTAMP decompiling 8049AA8 size=000000E8 times=0...
TIMESTAMP decompiling 8049B90 size=000000E9 times=0...
TIMESTAMP decompiling 8049C79 size=00000009 times=0...
TIMESTAMP decompiling 8049C82 size=000000F2 times=0...
TIMESTAMP decompiling 8049D74 size=000000E7 times=0...
TIMESTAMP decompiling 8049E5B size=000000E7 times=0...
TIMESTAMP decompiling 8049F42 size=000000E8 times=0...
TIMESTAMP decompiling 804A02A size=00000009 times=0...
TIMESTAMP decompiling 804A033 size=000000F2 times=0...
TIMESTAMP decompiling 804A125 size=000000E7 times=0...
TIMESTAMP decompiling 804A20C size=000000E7 times=0...
TIMESTAMP decompiling 804A2F3 size=000000E8 times=0...
TIMESTAMP decompiling 804A3DB size=00000009 times=0...
TIMESTAMP decompiling 804A3E4 size=000000F2 times=0...
TIMESTAMP decompiling 804A4D6 size=000000E7 times=0...
TIMESTAMP decompiling 804A5BD size=000000E7 times=0...
TIMESTAMP decompiling 804A6A4 size=000000E8 times=0...
TIMESTAMP decompiling 804A78C size=0000000A times=0...
TIMESTAMP decompiling 804A796 size=000000F3 times=0...
TIMESTAMP decompiling 804A889 size=000000E8 times=0...
TIMESTAMP decompiling 804A971 size=000000E8 times=0...
TIMESTAMP decompiling 804AA59 size=000000E9 times=0...
TIMESTAMP decompiling 804AB42 size=00000008 times=0...
TIMESTAMP decompiling 804AB4A size=000000F1 times=0...
TIMESTAMP decompiling 804AC3B size=000000E6 times=0...
TIMESTAMP decompiling 804AD21 size=000000E6 times=0...
TIMESTAMP decompiling 804AE07 size=000000E7 times=0...
TIMESTAMP decompiling 804AEEE size=00000008 times=0...
TIMESTAMP decompiling 804AEF6 size=000000F1 times=0...
TIMESTAMP decompiling 804AFE7 size=000000E6 times=0...
TIMESTAMP decompiling 804B0CD size=000000E6 times=0...
TIMESTAMP decompiling 804B1B3 size=000000E7 times=0...
TIMESTAMP decompiling 804B29A size=00000009 times=0...
TIMESTAMP decompiling 804B2A3 size=000000F2 times=0...
TIMESTAMP decompiling 804B395 size=000000E7 times=0...
TIMESTAMP decompiling 804B47C size=000000E7 times=0...
TIMESTAMP decompiling 804B563 size=000000E8 times=0...
TIMESTAMP decompiling 804B64B size=00000008 times=0...
TIMESTAMP decompiling 804B653 size=000000F1 times=0...
TIMESTAMP decompiling 804B744 size=000000E6 times=0...
TIMESTAMP decompiling 804B82A size=000000E6 times=0...
TIMESTAMP decompiling 804B910 size=000000E7 times=0...
TIMESTAMP decompiling 804B9F7 size=00000009 times=0...
TIMESTAMP decompiling 804BA00 size=000000F2 times=0...
TIMESTAMP decompiling 804BAF2 size=000000E7 times=0...
TIMESTAMP decompiling 804BBD9 size=000000E7 times=0...
TIMESTAMP decompiling 804BCC0 size=000000E8 times=0...
TIMESTAMP decompiling 804BDA8 size=0000000A times=0...
TIMESTAMP decompiling 804BDB2 size=000000F3 times=0...
TIMESTAMP decompiling 804BEA5 size=000000E8 times=0...
TIMESTAMP decompiling 804BF8D size=000000E8 times=0...
TIMESTAMP decompiling 804C075 size=000000E9 times=0...
TIMESTAMP decompiling 804C15E size=00000009 times=0...
TIMESTAMP decompiling 804C167 size=000000F2 times=0...
TIMESTAMP decompiling 804C259 size=000000E7 times=0...
TIMESTAMP decompiling 804C340 size=000000E7 times=0...
TIMESTAMP decompiling 804C427 size=000000E8 times=0...
TIMESTAMP decompiling 804C50F size=00000009 times=0...
TIMESTAMP decompiling 804C518 size=000000F2 times=0...
TIMESTAMP decompiling 804C60A size=000000E7 times=0...
TIMESTAMP decompiling 804C6F1 size=000000E7 times=0...
TIMESTAMP decompiling 804C7D8 size=000000E8 times=0...
TIMESTAMP decompiling 804C8C0 size=00000009 times=0...
TIMESTAMP decompiling 804C8C9 size=000000F2 times=0...
TIMESTAMP decompiling 804C9BB size=000000E7 times=0...
TIMESTAMP decompiling 804CAA2 size=000000E7 times=0...
TIMESTAMP decompiling 804CB89 size=000000E8 times=0...
TIMESTAMP decompiling 804CC71 size=0000000A times=0...
TIMESTAMP decompiling 804CC7B size=000000F3 times=0...
TIMESTAMP decompiling 804CD6E size=000000E8 times=0...
TIMESTAMP decompiling 804CE56 size=000000E8 times=0...
TIMESTAMP decompiling 804CF3E size=000000E9 times=0...
TIMESTAMP decompiling 804D027 size=00000009 times=0...
TIMESTAMP decompiling 804D030 size=000000F2 times=0...
TIMESTAMP decompiling 804D122 size=000000E7 times=0...
TIMESTAMP decompiling 804D209 size=000000E7 times=0...
TIMESTAMP decompiling 804D2F0 size=000000E8 times=0...
TIMESTAMP decompiling 804D3D8 size=0000000A times=0...
TIMESTAMP decompiling 804D3E2 size=000000F3 times=0...
TIMESTAMP decompiling 804D4D5 size=000000E8 times=0...
TIMESTAMP decompiling 804D5BD size=000000E8 times=0...
TIMESTAMP decompiling 804D6A5 size=000000E9 times=0...
TIMESTAMP decompiling 804D78E size=00000008 times=0...
TIMESTAMP decompiling 804D796 size=000000F1 times=0...
TIMESTAMP decompiling 804D887 size=000000E6 times=0...
TIMESTAMP decompiling 804D96D size=000000E6 times=0...
TIMESTAMP decompiling 804DA53 size=000000E7 times=0...
TIMESTAMP decompiling 804DB3A size=00000008 times=0...
TIMESTAMP decompiling 804DB42 size=000000F1 times=0...
TIMESTAMP decompiling 804DC33 size=000000E6 times=0...
TIMESTAMP decompiling 804DD19 size=000000E6 times=0...
TIMESTAMP decompiling 804DDFF size=000000E7 times=0...
TIMESTAMP decompiling 804DEE6 size=00000008 times=0...
TIMESTAMP decompiling 804DEEE size=000000F1 times=0...
TIMESTAMP decompiling 804DFDF size=000000E6 times=0...
TIMESTAMP decompiling 804E0C5 size=000000E6 times=0...
TIMESTAMP decompiling 804E1AB size=000000E7 times=0...
TIMESTAMP decompiling 804E292 size=0000000A times=0...
TIMESTAMP decompiling 804E29C size=000000F3 times=0...
TIMESTAMP decompiling 804E38F size=000000E8 times=0...
TIMESTAMP decompiling 804E477 size=000000E8 times=0...
TIMESTAMP decompiling 804E55F size=000000E9 times=0...
TIMESTAMP decompiling 804E648 size=00000009 times=0...
TIMESTAMP decompiling 804E651 size=000000F2 times=0...
TIMESTAMP decompiling 804E743 size=000000E7 times=0...
TIMESTAMP decompiling 804E82A size=000000E7 times=0...
TIMESTAMP decompiling 804E911 size=000000E8 times=0...
TIMESTAMP decompiling 804E9F9 size=00000009 times=0...
TIMESTAMP decompiling 804EA02 size=000000F2 times=0...
TIMESTAMP decompiling 804EAF4 size=000000E7 times=0...
TIMESTAMP decompiling 804EBDB size=000000E7 times=0...
TIMESTAMP decompiling 804ECC2 size=000000E8 times=0...
TIMESTAMP decompiling 804EDAA size=0000000B times=0...
TIMESTAMP decompiling 804EDB5 size=000000F4 times=0...
TIMESTAMP decompiling 804EEA9 size=000000E9 times=0...
TIMESTAMP decompiling 804EF92 size=000000E9 times=0...
TIMESTAMP decompiling 804F07B size=000000EA times=0...
TIMESTAMP decompiling 804F165 size=0000000A times=0...
TIMESTAMP decompiling 804F16F size=000000F3 times=0...
TIMESTAMP decompiling 804F262 size=000000E8 times=0...
TIMESTAMP decompiling 804F34A size=000000E8 times=0...
TIMESTAMP decompiling 804F432 size=000000E9 times=0...
TIMESTAMP decompiling 804F51B size=0000000C times=0...
TIMESTAMP decompiling 804F527 size=000000F5 times=0...
TIMESTAMP decompiling 804F61C size=000000EA times=0...
TIMESTAMP decompiling 804F706 size=000000EA times=0...
TIMESTAMP decompiling 804F7F0 size=000000EB times=0...
TIMESTAMP decompiling 804F8DB size=0000000C times=0...
TIMESTAMP decompiling 804F8E7 size=000000F5 times=0...
TIMESTAMP decompiling 804F9DC size=000000EA times=0...
TIMESTAMP decompiling 804FAC6 size=000000EA times=0...
TIMESTAMP decompiling 804FBB0 size=000000EB times=0...
TIMESTAMP decompiling 804FC9B size=0000000C times=0...
TIMESTAMP decompiling 804FCA7 size=000000F5 times=0...
TIMESTAMP decompiling 804FD9C size=000000EA times=0...
TIMESTAMP decompiling 804FE86 size=000000EA times=0...
TIMESTAMP decompiling 804FF70 size=000000EB times=0...
TIMESTAMP decompiling 805005B size=0000000C times=0...
TIMESTAMP decompiling 8050067 size=000000F5 times=0...
TIMESTAMP decompiling 805015C size=000000EA times=0...
TIMESTAMP decompiling 8050246 size=000000EA times=0...
TIMESTAMP decompiling 8050330 size=000000EB times=0...
TIMESTAMP decompiling 805041B size=0000000C times=0...
TIMESTAMP decompiling 8050427 size=000000F5 times=0...
TIMESTAMP decompiling 805051C size=000000EA times=0...
TIMESTAMP decompiling 8050606 size=000000EA times=0...
TIMESTAMP decompiling 80506F0 size=000000EB times=0...
TIMESTAMP decompiling 80507DB size=0000000C times=0...
TIMESTAMP decompiling 80507E7 size=000000F5 times=0...
TIMESTAMP decompiling 80508DC size=000000EA times=0...
TIMESTAMP decompiling 80509C6 size=000000EA times=0...
TIMESTAMP decompiling 8050AB0 size=000000EB times=0...
TIMESTAMP decompiling 8050B9B size=0000000C times=0...
TIMESTAMP decompiling 8050BA7 size=000000F5 times=0...
TIMESTAMP decompiling 8050C9C size=000000EA times=0...
TIMESTAMP decompiling 8050D86 size=000000EA times=0...
TIMESTAMP decompiling 8050E70 size=000000EB times=0...
TIMESTAMP decompiling 8050F5B size=0000000C times=0...
TIMESTAMP decompiling 8050F67 size=000000F5 times=0...
TIMESTAMP decompiling 805105C size=000000EA times=0...
TIMESTAMP decompiling 8051146 size=000000EA times=0...
TIMESTAMP decompiling 8051230 size=000000EB times=0...
TIMESTAMP decompiling 805131B size=0000000C times=0...
TIMESTAMP decompiling 8051327 size=000000F5 times=0...
TIMESTAMP decompiling 805141C size=000000EA times=0...
TIMESTAMP decompiling 8051506 size=000000EA times=0...
TIMESTAMP decompiling 80515F0 size=000000EB times=0...
TIMESTAMP decompiling 80516DB size=0000000C times=0...
TIMESTAMP decompiling 80516E7 size=000000F5 times=0...
TIMESTAMP decompiling 80517DC size=000000EA times=0...
TIMESTAMP decompiling 80518C6 size=000000EA times=0...
TIMESTAMP decompiling 80519B0 size=000000EB times=0...
TIMESTAMP decompiling 8051A9B size=0000000C times=0...
TIMESTAMP decompiling 8051AA7 size=000000F5 times=0...
TIMESTAMP decompiling 8051B9C size=000000EA times=0...
TIMESTAMP decompiling 8051C86 size=000000EA times=0...
TIMESTAMP decompiling 8051D70 size=000000EB times=0...
TIMESTAMP decompiling 8051E5B size=0000000C times=0...
TIMESTAMP decompiling 8051E67 size=000000F5 times=0...
TIMESTAMP decompiling 8051F5C size=000000EA times=0...
TIMESTAMP decompiling 8052046 size=000000EA times=0...
TIMESTAMP decompiling 8052130 size=000000EB times=0...
TIMESTAMP decompiling 805221B size=0000000C times=0...
TIMESTAMP decompiling 8052227 size=000000F5 times=0...
TIMESTAMP decompiling 805231C size=000000EA times=0...
TIMESTAMP decompiling 8052406 size=000000EA times=0...
TIMESTAMP decompiling 80524F0 size=000000EB times=0...
TIMESTAMP decompiling 80525DB size=0000000C times=0...
TIMESTAMP decompiling 80525E7 size=000000F5 times=0...
TIMESTAMP decompiling 80526DC size=000000EA times=0...
TIMESTAMP decompiling 80527C6 size=000000EA times=0...
TIMESTAMP decompiling 80528B0 size=000000EB times=0...
TIMESTAMP decompiling 805299B size=0000000C times=0...
TIMESTAMP decompiling 80529A7 size=000000F5 times=0...
TIMESTAMP decompiling 8052A9C size=000000EA times=0...
TIMESTAMP decompiling 8052B86 size=000000EA times=0...
TIMESTAMP decompiling 8052C70 size=000000EB times=0...
TIMESTAMP decompiling 8052D5B size=0000000C times=0...
TIMESTAMP decompiling 8052D67 size=000000F5 times=0...
TIMESTAMP decompiling 8052E5C size=000000EA times=0...
TIMESTAMP decompiling 8052F46 size=000000EA times=0...
TIMESTAMP decompiling 8053030 size=000000EB times=0...
TIMESTAMP decompiling 805311B size=0000000B times=0...
TIMESTAMP decompiling 8053126 size=000000F4 times=0...
TIMESTAMP decompiling 805321A size=000000E9 times=0...
TIMESTAMP decompiling 8053303 size=000000E9 times=0...
TIMESTAMP decompiling 80533EC size=000000EA times=0...
TIMESTAMP decompiling 80534D6 size=0000000B times=0...
TIMESTAMP decompiling 80534E1 size=000000F4 times=0...
TIMESTAMP decompiling 80535D5 size=000000E9 times=0...
TIMESTAMP decompiling 80536BE size=000000E9 times=0...
TIMESTAMP decompiling 80537A7 size=000000EA times=0...
TIMESTAMP decompiling 8053891 size=0000000B times=0...
TIMESTAMP decompiling 805389C size=000000F4 times=0...
TIMESTAMP decompiling 8053990 size=000000E9 times=0...
TIMESTAMP decompiling 8053A79 size=000000E9 times=0...
TIMESTAMP decompiling 8053B62 size=000000EA times=0...
TIMESTAMP decompiling 8053C4C size=0000000B times=0...
TIMESTAMP decompiling 8053C57 size=000000F4 times=0...
TIMESTAMP decompiling 8053D4B size=000000E9 times=0...
TIMESTAMP decompiling 8053E34 size=000000E9 times=0...
TIMESTAMP decompiling 8053F1D size=000000EA times=0...
TIMESTAMP decompiling 8054007 size=0000000B times=0...
TIMESTAMP decompiling 8054012 size=000000F4 times=0...
TIMESTAMP decompiling 8054106 size=000000E9 times=0...
TIMESTAMP decompiling 80541EF size=000000E9 times=0...
TIMESTAMP decompiling 80542D8 size=000000EA times=0...
TIMESTAMP decompiling 80543C2 size=0000000B times=0...
TIMESTAMP decompiling 80543CD size=000000F4 times=0...
TIMESTAMP decompiling 80544C1 size=000000E9 times=0...
TIMESTAMP decompiling 80545AA size=000000E9 times=0...
TIMESTAMP decompiling 8054693 size=000000EA times=0...
TIMESTAMP decompiling 805477D size=0000000B times=0...
TIMESTAMP decompiling 8054788 size=000000F4 times=0...
TIMESTAMP decompiling 805487C size=000000E9 times=0...
TIMESTAMP decompiling 8054965 size=000000E9 times=0...
TIMESTAMP decompiling 8054A4E size=000000EA times=0...
TIMESTAMP decompiling 8054B38 size=0000000B times=0...
TIMESTAMP decompiling 8054B43 size=000000F4 times=0...
TIMESTAMP decompiling 8054C37 size=000000E9 times=0...
TIMESTAMP decompiling 8054D20 size=000000E9 times=0...
TIMESTAMP decompiling 8054E09 size=000000EA times=0...
TIMESTAMP decompiling 8054EF3 size=0000000B times=0...
TIMESTAMP decompiling 8054EFE size=000000F4 times=0...
TIMESTAMP decompiling 8054FF2 size=000000E9 times=0...
TIMESTAMP decompiling 80550DB size=000000E9 times=0...
TIMESTAMP decompiling 80551C4 size=000000EA times=0...
TIMESTAMP decompiling 80552AE size=0000000B times=0...
TIMESTAMP decompiling 80552B9 size=000000F4 times=0...
TIMESTAMP decompiling 80553AD size=000000E9 times=0...
TIMESTAMP decompiling 8055496 size=000000E9 times=0...
TIMESTAMP decompiling 805557F size=000000EA times=0...
TIMESTAMP decompiling 8055669 size=0000000B times=0...
TIMESTAMP decompiling 8055674 size=000000F4 times=0...
TIMESTAMP decompiling 8055768 size=000000E9 times=0...
TIMESTAMP decompiling 8055851 size=000000E9 times=0...
TIMESTAMP decompiling 805593A size=000000EA times=0...
TIMESTAMP decompiling 8055A24 size=0000000B times=0...
TIMESTAMP decompiling 8055A2F size=000000F4 times=0...
TIMESTAMP decompiling 8055B23 size=000000E9 times=0...
TIMESTAMP decompiling 8055C0C size=000000E9 times=0...
TIMESTAMP decompiling 8055CF5 size=000000EA times=0...
TIMESTAMP decompiling 8055DDF size=0000000B times=0...
TIMESTAMP decompiling 8055DEA size=000000F4 times=0...
TIMESTAMP decompiling 8055EDE size=000000E9 times=0...
TIMESTAMP decompiling 8055FC7 size=000000E9 times=0...
TIMESTAMP decompiling 80560B0 size=000000EA times=0...
TIMESTAMP decompiling 805619A size=0000000B times=0...
TIMESTAMP decompiling 80561A5 size=000000F4 times=0...
TIMESTAMP decompiling 8056299 size=000000E9 times=0...
TIMESTAMP decompiling 8056382 size=000000E9 times=0...
TIMESTAMP decompiling 805646B size=000000EA times=0...
TIMESTAMP decompiling 8056555 size=0000000B times=0...
TIMESTAMP decompiling 8056560 size=000000F4 times=0...
TIMESTAMP decompiling 8056654 size=000000E9 times=0...
TIMESTAMP decompiling 805673D size=000000E9 times=0...
TIMESTAMP decompiling 8056826 size=000000EA times=0...
TIMESTAMP decompiling 8056910 size=0000000B times=0...
TIMESTAMP decompiling 805691B size=000000F4 times=0...
TIMESTAMP decompiling 8056A0F size=000000E9 times=0...
TIMESTAMP decompiling 8056AF8 size=000000E9 times=0...
TIMESTAMP decompiling 8056BE1 size=000000EA times=0...
TIMESTAMP decompiling 8057300 size=00000005 times=0...
TIMESTAMP decompiling 8056CCB size=000005C3 times=0...
TIMESTAMP decompiling 805728E size=00000012 times=0...
8057294: call analysis failed
TIMESTAMP decompiling 8049000 size=00000024 times=0...
The decompiler assumes that the segment '.got' is read-only because of its NAME.
All data references to the segment will be replaced by constant values.
This may lead to drastic changes in the decompiler output.
If the segment is not read-only, please change the segment NAME.

In general, the decompiler checks the segment permissions, class, and name
to determine if it is read-only.
 -> OK
TIMESTAMP decompiling 8049160 size=00000006 times=0...
TIMESTAMP decompiling 80572A0 size=0000005D times=0...
TIMESTAMP decompiling 8049050 size=00000037 times=0...
TIMESTAMP decompiling 8049130 size=00000029 times=0...
TIMESTAMP decompiling 8057308 size=00000018 times=0...
TIMESTAMP The application has been completely decompiled.
Unloading IDP module IDADIR/procs/pc.so...
