Analyzing './from_boomerang/global2/sparc_elf_from_boomerang/subject.exe' as a Sparc 32 ELF binary file.

0 Procs, 0 Labels, 0 Branches, 0 MB used, 0 / 0 kB covered
./from_boomerang/global2/sparc_elf_from_boomerang/subject.exe: no .debug_info section
./from_boomerang/global2/sparc_elf_from_boomerang/subject.exe: 29 sections starting at 0x00001548
./from_boomerang/global2/sparc_elf_from_boomerang/subject.exe: section string table at 0x00001980, 0xEE bytes
 Offset:  [ix]  Address    Size    Offset  Name
00001548: [ 0] 00000000 00000000 00000000 
00001570: [ 1] 000100D4 00000011 000000D4 .interp
00001598: [ 2] 000100E8 000000E4 000000E8 .hash
000015C0: [ 3] 000101CC 000001A0 000001CC .dynsym
000015E8: [ 4] 0001036C 00000119 0000036C .dynstr
00001610: [ 5] 00010488 00000020 00000488 .SUNW_version
00001638: [ 6] 000104A8 00000024 000004A8 .rela.got
00001660: [ 7] 000104CC 0000000C 000004CC .rela.bss
00001688: [ 8] 000104D8 00000054 000004D8 .rela.plt
000016B0: [ 9] 0001052C 000002CC 0000052C .text
000016D8: [10] 000107F8 0000001C 000007F8 .init
00001700: [11] 00010814 00000014 00000814 .fini
00001728: [12] 00010828 00000018 00000828 .rodata
00001750: [13] 00020840 00000028 00000840 .got
00001778: [14] 00020868 00000088 00000868 .plt
000017A0: [15] 000208F0 000000B8 000008F0 .dynamic
000017C8: [16] 000209A8 00000018 000009A8 .data
000017F0: [17] 000209C0 00000008 000009C0 .ctors
00001818: [18] 000209C8 00000008 000009C8 .dtors
00001840: [19] 000209D0 00000004 000009D0 .eh_frame
00001868: [20] 000209D4 00000004 000009D4 .jcr
00001890: [21] 000209D8 00000004 000009D8 .data.rel.local
000018B8: [22] 000209DC 00000020 000009DC .bss
000018E0: [23] 00000000 00000520 000009DC .symtab
00001908: [24] 00000000 00000278 00000EFC .strtab
00001930: [25] 00000000 0000014A 00001174 .comment
00001958: [26] 00000000 00000024 000012C0 .stab.index
00001980: [27] 00000000 000000EE 000012E4 .shstrtab
000019A8: [28] 00000000 00000176 000013D2 .stab.indexstr
Matching signatures...
0 Procs, 0 Labels, 0 Branches, 0 MB used, 0 / 2 kB covered
0 Procs, 0 Labels, 0 Branches, 0 MB used, 0 / 2 kB covered
Separating code and data...
0 Procs, 0 Labels, 0 Branches, 0 MB used, 0 / 2 kB covered
0 Procs, 37 Labels, 34 Branches, 0 MB used, 2 / 2 kB covered
0 Procs, 38 Labels, 34 Branches, 0 MB used, 2 / 2 kB covered
0 Procs, 39 Labels, 34 Branches, 0 MB used, 2 / 2 kB covered
0 Procs, 39 Labels, 35 Branches, 0 MB used, 2 / 2 kB covered
0 Procs, 39 Labels, 35 Branches, 0 MB used, 2 / 2 kB covered
0 Procs, 39 Labels, 36 Branches, 0 MB used, 2 / 2 kB covered
0 Procs, 39 Labels, 36 Branches, 0 MB used, 2 / 2 kB covered
0 Procs, 39 Labels, 36 Branches, 0 MB used, 2 / 2 kB covered
0 Procs, 39 Labels, 36 Branches, 0 MB used, 2 / 2 kB covered
0 Procs, 39 Labels, 36 Branches, 0 MB used, 2 / 2 kB covered
0 Procs, 39 Labels, 37 Branches, 0 MB used, 2 / 2 kB covered
0 Procs, 39 Labels, 37 Branches, 0 MB used, 2 / 2 kB covered
0 Procs, 40 Labels, 39 Branches, 0 MB used, 2 / 2 kB covered
0 Procs, 40 Labels, 39 Branches, 0 MB used, 2 / 2 kB covered
0 Procs, 41 Labels, 39 Branches, 0 MB used, 2 / 2 kB covered
0 Procs, 42 Labels, 39 Branches, 0 MB used, 2 / 2 kB covered
0 Procs, 42 Labels, 39 Branches, 0 MB used, 2 / 2 kB covered
0 Procs, 42 Labels, 39 Branches, 0 MB used, 2 / 2 kB covered
0 Procs, 42 Labels, 39 Branches, 0 MB used, 2 / 2 kB covered
0 Procs, 42 Labels, 39 Branches, 0 MB used, 2 / 2 kB covered
0 Procs, 43 Labels, 39 Branches, 0 MB used, 2 / 2 kB covered
0 Procs, 44 Labels, 39 Branches, 0 MB used, 2 / 2 kB covered
0 Procs, 45 Labels, 39 Branches, 0 MB used, 2 / 2 kB covered
0 Procs, 46 Labels, 39 Branches, 0 MB used, 2 / 2 kB covered
0 Procs, 47 Labels, 39 Branches, 0 MB used, 2 / 2 kB covered
0 Procs, 48 Labels, 39 Branches, 0 MB used, 2 / 2 kB covered
0 Procs, 49 Labels, 39 Branches, 0 MB used, 2 / 2 kB covered
0 Procs, 50 Labels, 39 Branches, 0 MB used, 2 / 2 kB covered
0 Procs, 51 Labels, 39 Branches, 0 MB used, 2 / 2 kB covered
0 Procs, 52 Labels, 39 Branches, 0 MB used, 2 / 2 kB covered
0 Procs, 53 Labels, 39 Branches, 0 MB used, 2 / 2 kB covered
0 Procs, 54 Labels, 39 Branches, 0 MB used, 2 / 2 kB covered
0 Procs, 55 Labels, 39 Branches, 0 MB used, 2 / 2 kB covered
0 Procs, 56 Labels, 39 Branches, 0 MB used, 2 / 2 kB covered
0 Procs, 57 Labels, 39 Branches, 0 MB used, 2 / 2 kB covered
0 Procs, 58 Labels, 39 Branches, 0 MB used, 2 / 2 kB covered
21 Procs, 58 Labels, 39 Branches, 0 MB used, 2 / 2 kB covered
21 Procs, 58 Labels, 39 Branches, 0 MB used, 2 / 2 kB covered
21 Procs, 58 Labels, 39 Branches, 0 MB used, 2 / 2 kB covered
21 Procs, 58 Labels, 39 Branches, 0 MB used, 2 / 2 kB covered
21 Procs, 58 Labels, 39 Branches, 0 MB used, 2 / 2 kB covered
21 Procs, 58 Labels, 39 Branches, 0 MB used, 2 / 2 kB covered
21 Procs, 58 Labels, 39 Branches, 0 MB used, 2 / 2 kB covered
21 Procs, 58 Labels, 39 Branches, 0 MB used, 2 / 2 kB covered
21 Procs, 58 Labels, 39 Branches, 0 MB used, 2 / 2 kB covered
21 Procs, 58 Labels, 39 Branches, 0 MB used, 2 / 2 kB covered
21 Procs, 58 Labels, 39 Branches, 0 MB used, 2 / 2 kB covered
21 Procs, 58 Labels, 39 Branches, 0 MB used, 2 / 2 kB covered
21 Procs, 58 Labels, 39 Branches, 0 MB used, 2 / 2 kB covered
21 Procs, 58 Labels, 39 Branches, 0 MB used, 2 / 2 kB covered
21 Procs, 58 Labels, 39 Branches, 0 MB used, 2 / 2 kB covered
21 Procs, 58 Labels, 39 Branches, 0 MB used, 2 / 2 kB covered
21 Procs, 58 Labels, 39 Branches, 0 MB used, 2 / 2 kB covered
21 Procs, 58 Labels, 39 Branches, 0 MB used, 2 / 2 kB covered
21 Procs, 58 Labels, 39 Branches, 0 MB used, 2 / 2 kB covered
21 Procs, 58 Labels, 39 Branches, 0 MB used, 2 / 2 kB covered
21 Procs, 58 Labels, 39 Branches, 0 MB used, 2 / 2 kB covered
21 Procs, 58 Labels, 39 Branches, 0 MB used, 2 / 2 kB covered
21 Procs, 58 Labels, 39 Branches, 0 MB used, 2 / 2 kB covered
21 Procs, 58 Labels, 39 Branches, 0 MB used, 2 / 2 kB covered
21 Procs, 58 Labels, 39 Branches, 0 MB used, 2 / 2 kB covered
21 Procs, 58 Labels, 39 Branches, 0 MB used, 2 / 2 kB covered
21 Procs, 58 Labels, 39 Branches, 0 MB used, 2 / 2 kB covered
21 Procs, 58 Labels, 39 Branches, 0 MB used, 2 / 2 kB covered
21 Procs, 58 Labels, 39 Branches, 0 MB used, 2 / 2 kB covered
21 Procs, 58 Labels, 39 Branches, 0 MB used, 2 / 2 kB covered
21 Procs, 58 Labels, 39 Branches, 0 MB used, 2 / 2 kB covered
21 Procs, 58 Labels, 39 Branches, 0 MB used, 2 / 2 kB covered
21 Procs, 58 Labels, 39 Branches, 0 MB used, 2 / 2 kB covered
21 Procs, 58 Labels, 39 Branches, 0 MB used, 2 / 2 kB covered
21 Procs, 58 Labels, 39 Branches, 0 MB used, 2 / 2 kB covered
21 Procs, 58 Labels, 39 Branches, 0 MB used, 2 / 2 kB covered
21 Procs, 58 Labels, 39 Branches, 0 MB used, 2 / 2 kB covered
21 Procs, 58 Labels, 39 Branches, 0 MB used, 2 / 2 kB covered
Resolving indirect jumps...
21 Procs, 58 Labels, 39 Branches, 0 MB used, 2 / 2 kB covered
21 Procs, 58 Labels, 39 Branches, 0 MB used, 2 / 2 kB covered
Resolving constants and strings...
21 Procs, 58 Labels, 39 Branches, 0 MB used, 2 / 2 kB covered
Discovering unreached functions...
21 Procs, 58 Labels, 39 Branches, 0 MB used, 2 / 2 kB covered
Computing call tree...
21 Procs, 58 Labels, 39 Branches, 0 MB used, 2 / 2 kB covered
Computing calling conventions...
21 Procs, 58 Labels, 39 Branches, 0 MB used, 2 / 2 kB covered
Computing Calling Convention: 2/21  0x000105A0
Computing Calling Convention: 4/21  0x00010658
Computing Calling Convention: 6/21  0x000106EC
Computing Calling Convention: 10/21  0x00010790
Computing Calling Convention: 11/21  0x00010798
Computing Calling Convention: 12/21  0x000107E8
Computing Calling Convention: 15/21  0x00020898
Computing Calling Convention: 16/21  0x000208A4
Computing Calling Convention: 17/21  0x000208B0
Computing Calling Convention: 18/21  0x000208BC
Computing Calling Convention: 19/21  0x000208C8
Computing Calling Convention: 20/21  0x000208D4
Computing Calling Convention: 21/21  0x000208E0
Computing Calling Convention: 2/8  0x000105A8
Computing Calling Convention: 3/8  0x00010668
Computing Calling Convention: 4/8  0x000106FC
Computing Calling Convention: 5/8  0x0001073C
Computing Calling Convention: 6/8  0x00010754
Computing Calling Convention: 7/8  0x000107F8
Computing Calling Convention: 8/8  0x00010814
Computing Calling Convention: 1/1  0x0001052C
File analysis complete.
21 Procs, 58 Labels, 39 Branches, 0 MB used, 2 / 2 kB covered

Decompiling 1/21: 0x0001052C
Decompiling 2/21: 0x000105A0
Decompiling 3/21: 0x000105A8
Decompiling 4/21: 0x00010658
Decompiling 5/21: 0x00010668
Decompiling 6/21: 0x000106EC
Decompiling 7/21: 0x000106FC
Decompiling 8/21: 0x0001073C
Decompiling 9/21: 0x00010754
Decompiling 10/21: 0x00010790
Decompiling 11/21: 0x00010798
Decompiling 12/21: 0x000107E8
Decompiling 13/21: 0x000107F8
Decompiling 14/21: 0x00010814
Decompiling 15/21: 0x00020898
Decompiling 16/21: 0x000208A4
Decompiling 17/21: 0x000208B0
Decompiling 18/21: 0x000208BC
Decompiling 19/21: 0x000208C8
Decompiling 20/21: 0x000208D4
Decompiling 21/21: 0x000208E0
Decompiling 21/21: 0x000208E0
