Database SUBJECTS/from_rec/hd2/ia32_pe_from_rec_msvc8_release/subject.exe.idb already exists.
Do you want to overwrite it? -> ~L~oad existing

  bytes   pages size description
--------- ----- ---- --------------------------------------------
   524288    64 8192 allocating memory for b-tree...
    65536     8 8192 allocating memory for virtual array...
   262144    32 8192 allocating memory for name pointers...
-----------------------------------------------------------------
   851968            total memory allocated

Loading processor module IDADIR/procs/pc.so for metapc...Initializing processor module metapc...OK
Loading type libraries...
Autoanalysis subsystem has been initialized.
Database for file 'subject.exe' has been loaded.
Hex-Rays Decompiler plugin has been loaded (v7.5.0.201028)
  The hotkeys are F5: decompile, Ctrl-F5: decompile all.
  Please check the Edit/Plugins menu for more informaton.
IDAPython Hex-Rays bindings initialized.
=== start of cleanup script -> OK
  function at 00401000       with name 'sub_401000'
  function at 00401140       with name 'sub_401140'
  function at 00401200       with name '_main'
  function at 0040123B       with name '@__security_check_cookie@4'
  function at 0040124A       with name '_pre_cpp_init'
  function at 00401295       with name '___tmainCRTStartup'
  function at 0040140B       with name '_pre_c_init'
  function at 004014EC       with name 'start'
  function at 004014F6       with name '___report_gsfailure'
  function at 004015FC       with name '?__CxxUnhandledExceptionFilter@@YGJPAU_EXCEPTION_POINTERS@@@Z'
  function at 0040163E       with name 'sub_40163E'
  function at 0040164C       with name '_amsg_exit'
  function at 00401652       with name '__onexit'
  function at 004016F7       with name '_atexit'
  function at 0040170E       with name 'sub_40170E'
  function at 00401734       with name 'sub_401734'
  function at 0040175A       with name '_XcptFilter'
  function at 00401760       with name '__ValidateImageBase'
  function at 004017A0       with name '__FindPESection'
  function at 004017F0       with name '__IsNonwritableInCurrentImage'
  function at 004018AE       with name '_initterm'
  function at 004018B4       with name '_initterm_e'
  function at 004018BC       with name '__SEH_prolog4'
  function at 00401901       with name '__SEH_epilog4'
  function at 00401915       with name '__except_handler4'
  function at 0040193A       with name '__setdefaultprecision'
  function at 00401965       with name 'UserMathErrorFunction'
  function at 00401968       with name '___security_init_cookie'
  function at 004019FE       with name '_crt_debugger_hook'
  function at 00401A04       with name '?terminate@@YAXXZ'
  function at 00401A0A       with name '_unlock'
  function at 00401A10       with name '__dllonexit'
  function at 00401A16       with name '_lock'
  function at 00401A1C       with name '_except_handler4_common'
  function at 00401A22       with name '_invoke_watson'
  function at 00401A28       with name '_controlfp_s'
  function at 00401A2E       with name 'memset'
finished -> OK
TIMESTAMP decompiling 401000 size=00000132 times=0...
The decompiler assumes that the segment '.idata' is read-only because of its NAME.
All data references to the segment will be replaced by constant values.
This may lead to drastic changes in the decompiler output.
If the segment is not read-only, please change the segment NAME.

In general, the decompiler checks the segment permissions, class, and name
to determine if it is read-only.
 -> OK
The decompiler assumes that the segment '.rdata' is read-only because of its NAME.
All data references to the segment will be replaced by constant values.
This may lead to drastic changes in the decompiler output.
If the segment is not read-only, please change the segment NAME.

In general, the decompiler checks the segment permissions, class, and name
to determine if it is read-only.
 -> OK
TIMESTAMP decompiling 40163E size=0000000E times=0...
TIMESTAMP decompiling 40170E size=00000026 times=0...
TIMESTAMP decompiling 401734 size=00000026 times=0...
TIMESTAMP decompiling 401965 size=00000003 times=0...
TIMESTAMP decompiling 401140 size=000000BC times=0...
TIMESTAMP decompiling 401200 size=0000003B times=0...
TIMESTAMP The application has been completely decompiled.
Flushing buffers, please wait...ok
Unloading IDP module IDADIR/procs/pc.so...
