Using options:
0040164C: warning: Unable to guess parameters of MSVCR90.dll!_amsg_exit.
004018B4: warning: Unable to guess parameters of MSVCR90.dll!_initterm_e.
004018AE: warning: Unable to guess parameters of MSVCR90.dll!_initterm.
00401385: warning: Unable to guess parameters of MSVCR90.dll!__initenv.
0040115A: warning: Unable to guess parameters of MSVCR90.dll!_stat64i32.
004019FE: warning: Unable to guess parameters of MSVCR90.dll!_crt_debugger_hook.
004019FE: warning: Unable to guess parameters of MSVCR90.dll!_crt_debugger_hook.
0040118F: warning: Unable to resolve imported reference MSVCR90.dll!fopen.
004011A6: warning: Unable to resolve imported reference MSVCR90.dll!fread.
00401013: warning: Unable to resolve imported reference MSVCR90.dll!sprintf.
00401116: warning: Unable to resolve imported reference MSVCR90.dll!printf.
004011DE: warning: Unable to resolve imported reference MSVCR90.dll!fclose.
004013F3: warning: Unable to guess parameters of MSVCR90.dll!_cexit.
fn00401000: error: An error occurred while rewriting procedure to high-level language.
    Failure has occurred while loading a type.
      at Reko.Structure.StructureAnalysis.ProcessUnresolvedRegions () <0x407a86b0 + 0x00073> in <filename unknown>:0 
  at Reko.Structure.StructureAnalysis.Execute () <0x4079fcb0 + 0x00443> in <filename unknown>:0 
  at Reko.Structure.StructureAnalysis.Structure () <0x4079e7f0 + 0x00137> in <filename unknown>:0 
  at Reko.DecompilerDriver.StructureProgram () <0x4079e310 + 0x00255> in <filename unknown>:0 
fn00401140: error: An error occurred while rewriting procedure to high-level language.
    Failure has occurred while loading a type.
      at Reko.Structure.StructureAnalysis.ProcessUnresolvedRegions () <0x407a86b0 + 0x00073> in <filename unknown>:0 
  at Reko.Structure.StructureAnalysis.Execute () <0x4079fcb0 + 0x00443> in <filename unknown>:0 
  at Reko.Structure.StructureAnalysis.Structure () <0x4079e7f0 + 0x00137> in <filename unknown>:0 
  at Reko.DecompilerDriver.StructureProgram () <0x4079e310 + 0x00255> in <filename unknown>:0 
Win32CrtStartup: error: An error occurred while rewriting procedure to high-level language.
    Failure has occurred while loading a type.
      at Reko.Structure.StructureAnalysis.ProcessUnresolvedRegions () <0x407a86b0 + 0x00073> in <filename unknown>:0 
  at Reko.Structure.StructureAnalysis.Execute () <0x4079fcb0 + 0x00443> in <filename unknown>:0 
  at Reko.Structure.StructureAnalysis.Structure () <0x4079e7f0 + 0x00137> in <filename unknown>:0 
  at Reko.DecompilerDriver.StructureProgram () <0x4079e310 + 0x00255> in <filename unknown>:0 
fn004017A0: error: An error occurred while rewriting procedure to high-level language.
    Failure has occurred while loading a type.
      at Reko.Structure.StructureAnalysis.ProcessUnresolvedRegions () <0x407a86b0 + 0x00073> in <filename unknown>:0 
  at Reko.Structure.StructureAnalysis.Execute () <0x4079fcb0 + 0x00443> in <filename unknown>:0 
  at Reko.Structure.StructureAnalysis.Structure () <0x4079e7f0 + 0x00137> in <filename unknown>:0 
  at Reko.DecompilerDriver.StructureProgram () <0x4079e310 + 0x00255> in <filename unknown>:0 
Could not load signature of Reko.Structure.StructureAnalysis:DetermineFollowLatch due to: Failed for unknown reasons. assembly:mscorlib, Version=4.0.0.0, Culture=neutral, PublicKeyToken=b77a5c561934e089 type:System.ValueTuple`2 member:<none>
Could not load signature of Reko.Structure.StructureAnalysis:DetermineFollowLatch due to: Failed for unknown reasons. assembly:mscorlib, Version=4.0.0.0, Culture=neutral, PublicKeyToken=b77a5c561934e089 type:System.ValueTuple`2 member:<none>
Could not load signature of Reko.Structure.StructureAnalysis:DetermineFollowLatch due to: Failed for unknown reasons. assembly:mscorlib, Version=4.0.0.0, Culture=neutral, PublicKeyToken=b77a5c561934e089 type:System.ValueTuple`2 member:<none>
Could not load signature of Reko.Structure.StructureAnalysis:DetermineFollowLatch due to: Failed for unknown reasons. assembly:mscorlib, Version=4.0.0.0, Culture=neutral, PublicKeyToken=b77a5c561934e089 type:System.ValueTuple`2 member:<none>
