Possible file format: ELF for Intel 386 (Executable) (IDADIR/loaders/elf.so)

  bytes   pages size description
--------- ----- ---- --------------------------------------------
   524288    64 8192 allocating memory for b-tree...
    65536     8 8192 allocating memory for virtual array...
   262144    32 8192 allocating memory for name pointers...
-----------------------------------------------------------------
   851968            total memory allocated

Loading file 'SUBJECTS/from_holdec/i386_call_type_promotion/ia32_elf/subject.exe' into database...
Detected file format: ELF for Intel 386 (Executable)
Loading processor module IDADIR/procs/pc.so for metapc...Initializing processor module metapc...OK
Autoanalysis subsystem has been initialized.
Assuming __cdecl calling convention by default
  0. Creating a new segment  (08048000-080482EC) ... ... OK
  1. Creating a new segment  (08049000-08049490) ... ... OK
  2. Creating a new segment  (0804A000-0804A468) ... ... OK
  3. Creating a new segment  (0804BF0C-0804C01C) ... ... OK
Assuming __cdecl calling convention by default
Type library 'gnulnx_x86' loaded. Applying types...
Types applied to 0 names.
  4. Creating a new segment  (08049000-08049024) ... ... OK
     Deleting segment        (08049024-08049490) ...
  4. Creating a new segment  (08049024-08049490) ... ... OK
  5. Creating a new segment  (08049030-08049060) ... ... OK
  6. Creating a new segment  (08049060-08049490) ... ... OK
  7. Creating a new segment  (08049060-08049475) ... ... OK
     Deleting segment        (08049475-08049490) ...
  7. Creating a new segment  (08049475-08049490) ... ... OK
  8. Creating a new segment  (08049478-08049490) ... ... OK
  9. Creating a new segment  (0804A000-0804A1D0) ... ... OK
     Deleting segment        (0804A1D0-0804A468) ...
  9. Creating a new segment  (0804A1D0-0804A468) ... ... OK
 10. Creating a new segment  (0804A1D0-0804A244) ... ... OK
     Deleting segment        (0804A244-0804A468) ...
 10. Creating a new segment  (0804A244-0804A468) ... ... OK
     Deleting segment        (0804A244-0804A468) ...
 10. Creating a new segment  (0804A244-0804A468) ... ... OK
 11. Creating a new segment  (0804BF0C-0804BF10) ... ... OK
     Deleting segment        (0804BF10-0804C01C) ...
 11. Creating a new segment  (0804BF10-0804C01C) ... ... OK
 12. Creating a new segment  (0804BF10-0804BF14) ... ... OK
     Deleting segment        (0804BF14-0804C01C) ...
 12. Creating a new segment  (0804BF14-0804C01C) ... ... OK
 13. Creating a new segment  (0804BFFC-0804C000) ... ... OK
 14. Creating a new segment  (0804C000-0804C01C) ... ... OK
 15. Creating a new segment  (0804C000-0804C014) ... ... OK
     Deleting segment        (0804C014-0804C01C) ...
 15. Creating a new segment  (0804C014-0804C01C) ... ... OK
 16. Creating a new segment  (0804C014-0804C018) ... ... OK
     Deleting segment        (0804C018-0804C01C) ...
 16. Creating a new segment  (0804C018-0804C01C) ... ... OK
     Deleting segment        (0804C018-0804C01C) ...
 16. Creating a new segment  (0804C018-0804C01C) ... ... OK
 17. Creating a new segment  (0804C01C-0804C01D) ... ... OK
 18. Creating a new segment  (0804C020-0804C02C) ... ... OK
Processing relocations...
DWARF: Looking for GNU DWARF file at "/usr/lib/debug/.build-id/7e/c0c883f645671f207d0c5959577ba21c4e200f.debug"... no.
Marking typical code sequences...
Flushing buffers, please wait...ok
File 'SUBJECTS/from_holdec/i386_call_type_promotion/ia32_elf/subject.exe' has been successfully loaded into the database.
Hex-Rays Decompiler plugin has been loaded (v7.5.0.201028)
  The hotkeys are F5: decompile, Ctrl-F5: decompile all.
  Please check the Edit/Plugins menu for more informaton.
IDAPython Hex-Rays bindings initialized.
IDA is analysing the input file...
You may start to explore the input file right now.
Propagating type information...
Function argument information has been propagated
lumina: applied metadata to 3 functions.
The initial autoanalysis has been finished.
Flushing buffers, please wait...ok
TIMESTAMP decompiling 8049030 size=0000000C times=0...
The decompiler assumes that the segment '.got.plt' is read-only because of its NAME.
All data references to the segment will be replaced by constant values.
This may lead to drastic changes in the decompiler output.
If the segment is not read-only, please change the segment NAME.

In general, the decompiler checks the segment permissions, class, and name
to determine if it is read-only.
 -> OK
TIMESTAMP decompiling 8049137 size=00000004 times=0...
TIMESTAMP decompiling 8049140 size=00000005 times=0...
TIMESTAMP decompiling 8049150 size=00000004 times=0...
TIMESTAMP decompiling 8049160 size=00000031 times=0...
TIMESTAMP decompiling 80491A0 size=00000039 times=0...
TIMESTAMP decompiling 8049220 size=00000019 times=0...
TIMESTAMP decompiling 8049240 size=00000019 times=0...
TIMESTAMP decompiling 8049260 size=0000002C times=0...
TIMESTAMP decompiling 8049290 size=00000045 times=0...
TIMESTAMP decompiling 80492E0 size=000000A2 times=0...
TIMESTAMP decompiling 8049390 size=00000034 times=0...
TIMESTAMP decompiling 80493D0 size=00000034 times=0...
TIMESTAMP decompiling 8049470 size=00000005 times=0...
TIMESTAMP decompiling 8049060 size=00000094 times=0...
The decompiler assumes that the segment '.rodata' is read-only because of its NAME.
All data references to the segment will be replaced by constant values.
This may lead to drastic changes in the decompiler output.
If the segment is not read-only, please change the segment NAME.

In general, the decompiler checks the segment permissions, class, and name
to determine if it is read-only.
 -> OK
TIMESTAMP decompiling 8049000 size=00000024 times=0...
The decompiler assumes that the segment '.got' is read-only because of its NAME.
All data references to the segment will be replaced by constant values.
This may lead to drastic changes in the decompiler output.
If the segment is not read-only, please change the segment NAME.

In general, the decompiler checks the segment permissions, class, and name
to determine if it is read-only.
 -> OK
TIMESTAMP decompiling 8049210 size=00000006 times=0...
TIMESTAMP decompiling 8049410 size=0000005D times=0...
TIMESTAMP decompiling 8049100 size=00000037 times=0...
TIMESTAMP decompiling 80491E0 size=00000029 times=0...
TIMESTAMP decompiling 8049478 size=00000018 times=0...
TIMESTAMP The application has been completely decompiled.
Unloading IDP module IDADIR/procs/pc.so...
