[I] JEB 4.11.0.202201181921 (jeb-ce) is starting...
[I] Current directory: SUBJECTS
[I] Base directory: JEBDIR
[I] System: Mac OS X 12.2 (aarch64) de_DE
[I] Java: Homebrew 17.0.1
[I] Memory Usage: 36.0M used (228.0M free, 6.0G max)
[I] Initializing Jython, please wait...
Processing file: SUBJECTS/from_rec/hd2/x64_elf_from_rec_gcc4g/subject.exe...
[I] {subject.exe > subject.exe > x86_64 image}: Detected compiler: unknown (Linux)
[I] {subject.exe > subject.exe > x86_64 image}: Initial native analysis styles: code gaps: PROLOGUES_ONLY, data gaps: DEFAULT
[I] {subject.exe > subject.exe > x86_64 image}: Analysis completed (0s)
[I] {subject.exe > subject.exe > x86_64 image}: Initial analysis created 25 methods
Output folder: jeb_output
  0/ 25: Method: sub_4005F6
  1/ 25: 1/25: sub_4005F6 (DONE:52ms)
  1/ 25: Method: →sprintf
  2/ 25: 2/25: →sprintf (DONE:59ms)
  2/ 25: Method: →memcpy
  3/ 25: 3/25: →memcpy (DONE:20ms)
  3/ 25: Method: →perror
  4/ 25: 4/25: →perror (DONE:12ms)
  4/ 25: Method: call_gmon_start
  5/ 25: 5/25: call_gmon_start (DONE:54ms)
  5/ 25: Method: __do_global_dtors_aux
  6/ 25: 6/25: __do_global_dtors_aux (DONE:108ms)
  6/ 25: Method: frame_dummy
  7/ 25: 7/25: frame_dummy (DONE:28ms)
  7/ 25: Method: __do_global_ctors_aux
[C] java.lang.IllegalArgumentException: Entry point is an unknown address
[C] 	at com.pnfsoftware.jeb.core.units.code.asm.analyzer.BranchTarget.<init>(SourceFile:41)
  8/ 25: 8/25: __do_global_ctors_aux (DONE:46ms)
  8/ 25: Method: →puts
  9/ 25: 9/25: →puts (DONE:10ms)
  9/ 25: Method: →fopen
 10/ 25: 10/25: →fopen (DONE:11ms)
 10/ 25: Method: →__libc_start_main
 11/ 25: 11/25: →__libc_start_main (DONE:9ms)
 11/ 25: Method: →strlen
 12/ 25: 12/25: →strlen (DONE:9ms)
 12/ 25: Method: →__xstat
 13/ 25: 13/25: →__xstat (DONE:13ms)
 13/ 25: Method: →strcat
 14/ 25: 14/25: →strcat (DONE:10ms)
 14/ 25: Method: →fread
 15/ 25: 15/25: →fread (DONE:10ms)
 15/ 25: Method: →fclose
 16/ 25: 16/25: →fclose (DONE:9ms)
 16/ 25: Method: initializer_0
 17/ 25: 17/25: initializer_0 (DONE:25ms)
 17/ 25: Method: stat
 18/ 25: 18/25: stat (DONE:6ms)
 18/ 25: Method: dumpline
 19/ 25: 19/25: dumpline (DONE:760ms)
 19/ 25: Method: hexdump
 20/ 25: 20/25: hexdump (DONE:223ms)
 20/ 25: Method: __libc_csu_fini
 21/ 25: 21/25: __libc_csu_fini (DONE:3ms)
 21/ 25: Method: finalizer_0
 22/ 25: 22/25: finalizer_0 (DONE:12ms)
 22/ 25: Method: _start
 23/ 25: 23/25: _start (DONE:19ms)
 23/ 25: Method: __libc_csu_init
 24/ 25: 24/25: __libc_csu_init (DONE:46ms)
 24/ 25: Method: main
 25/ 25: 25/25: main (DONE:70ms)
1/1 DECOMPILATION ERROR: METHOD __do_global_ctors_aux: java.lang.IllegalArgumentException: Entry point is an unknown address
	at com.pnfsoftware.jeb.core.units.code.asm.analyzer.BranchTarget.<init>(SourceFile:41)
	at com.pnfsoftware.jebglobal.ts.oD(SourceFile:332)
	at com.pnfsoftware.jebglobal.ts.oD(SourceFile:662)
	at com.pnfsoftware.jebglobal.ts.MC(SourceFile:463)
	at com.pnfsoftware.jebglobal.u.Na(SourceFile:71)
	at com.pnfsoftware.jebglobal.ls.oD(SourceFile:116)
	at com.pnfsoftware.jebglobal.yu.oy(SourceFile:182)
	at com.pnfsoftware.jebglobal.yu.oD(SourceFile:135)
	at com.pnfsoftware.jebglobal.yu.oD(SourceFile:122)
	at com.pnfsoftware.jebglobal.WW.oD(SourceFile:561)
	at com.pnfsoftware.jebglobal.WW.oD(SourceFile:349)
	at com.pnfsoftware.jebglobal.xF.oD(SourceFile:1127)
	at com.pnfsoftware.jebglobal.xF.oD(SourceFile:604)
	at com.pnfsoftware.jebglobal.xF.oD(SourceFile:526)
	at com.pnfsoftware.jebglobal.xF.oD(SourceFile:512)
	at com.pnfsoftware.jebglobal.xF.decompileMethod(SourceFile:868)
	at com.pnfsoftware.jebglobal.xF.decompileMethods(SourceFile:985)
	at com.pnfsoftware.jeb.core.units.code.asm.decompiler.NativeDecompilerExporter.process(SourceFile:100)
	at com.pnfsoftware.jeb.core.units.code.DecompilerExporter.export(SourceFile:223)
	at java.base/jdk.internal.reflect.NativeMethodAccessorImpl.invoke0(Native Method)
	at java.base/jdk.internal.reflect.NativeMethodAccessorImpl.invoke(NativeMethodAccessorImpl.java:77)
	at java.base/jdk.internal.reflect.DelegatingMethodAccessorImpl.invoke(DelegatingMethodAccessorImpl.java:43)
	at java.base/java.lang.reflect.Method.invoke(Method.java:568)
	at org.python.core.PyReflectedFunction.__call__(PyReflectedFunction.java:190)
	at org.python.core.PyReflectedFunction.__call__(PyReflectedFunction.java:208)
	at org.python.core.PyObject.__call__(PyObject.java:461)
	at org.python.core.PyObject.__call__(PyObject.java:465)
	at org.python.core.PyMethod.__call__(PyMethod.java:126)
	at jeb_DecompileFile$py.decompileCodeUnit$3(SUBJECTS/scripts/jeb_DecompileFile.py:103)
	at jeb_DecompileFile$py.call_function(SUBJECTS/scripts/jeb_DecompileFile.py)
	at org.python.core.PyTableCode.call(PyTableCode.java:173)
	at org.python.core.PyBaseCode.call(PyBaseCode.java:150)
	at org.python.core.PyFunction.__call__(PyFunction.java:426)
	at org.python.core.PyMethod.__call__(PyMethod.java:141)
	at jeb_DecompileFile$py.run$2(SUBJECTS/scripts/jeb_DecompileFile.py:65)
	at jeb_DecompileFile$py.call_function(SUBJECTS/scripts/jeb_DecompileFile.py)
	at org.python.core.PyTableCode.call(PyTableCode.java:173)
	at org.python.core.PyBaseCode.call(PyBaseCode.java:306)
	at org.python.core.PyBaseCode.call(PyBaseCode.java:197)
	at org.python.core.PyFunction.__call__(PyFunction.java:485)
	at org.python.core.PyMethod.instancemethod___call__(PyMethod.java:237)
	at org.python.core.PyMethod.__call__(PyMethod.java:228)
	at org.python.core.PyMethod.__call__(PyMethod.java:218)
	at org.python.core.PyMethod.__call__(PyMethod.java:213)
	at org.python.core.PyObject._jcallexc(PyObject.java:3565)
	at org.python.core.PyObject._jcall(PyObject.java:3598)
	at org.python.proxies.jeb_DecompileFile$jeb_DecompileFile$0.run(Unknown Source)
	at com.pnfsoftware.jeb.client.script.ScriptLoader.execute(SourceFile:143)
	at com.pnfsoftware.jeb.vd.start(SourceFile:74)
	at com.pnfsoftware.jeb.Launcher.main(SourceFile:254)

Exectime: 2.314000 sec
[I] Done.
