Level | File                                    | Message
====================================================================================================
Msg   | src/boomerang/util/log/Log.cpp          | This is Boomerang v0.3.99-alpha-1914-ged7a3e1
Msg   | src/boomerang/util/log/Log.cpp          | Log initialized.
Msg   | src/boomerang/core/Project.cpp          | Loading plugins...
Msg   | src/boomerang/core/Project.cpp          | Loaded plugins:
Msg   | src/boomerang/core/Project.cpp          |   DOS4GW loader plugin v0.3.99-alpha-1914-ged7a3e1 (by 'Boomerang developers')
Msg   | src/boomerang/core/Project.cpp          |   ELF32 loader plugin v0.3.99-alpha-1914-ged7a3e1 (by 'Boomerang developers')
Msg   | src/boomerang/core/Project.cpp          |   DOS Exe loader plugin v0.3.99-alpha-1914-ged7a3e1 (by 'Boomerang developers')
Msg   | src/boomerang/core/Project.cpp          |   HP SOM loader plugin v0.3.99-alpha-1914-ged7a3e1 (by 'Boomerang developers')
Msg   | src/boomerang/core/Project.cpp          |   Mach-O executable loader plugin v0.3.99-alpha-1914-ged7a3e1 (by 'Boomerang developers')
Msg   | src/boomerang/core/Project.cpp          |   Palm OS executable loader plugin v0.3.99-alpha-1914-ged7a3e1 (by 'Boomerang developers')
Msg   | src/boomerang/core/Project.cpp          |   Win32 PE loader plugin v0.3.99-alpha-1914-ged7a3e1 (by 'Boomerang developers')
Msg   | src/boomerang/core/Project.cpp          | Loading binary file 'from_holdec/dmi/transformation/ia32_elf/subject.exe'
Msg   | src/boomerang/ssl/RTLInstDict.cpp       | Loading machine specifications from 'BOOMERANGSRCDIR/build/out/share/boomerang/ssl/pentium.ssl'...
Msg   | src/boomerang/db/Prog.cpp               | Reading library signatures...
Msg   | src/boomerang/core/Project.cpp          | Decoding entry point...
Msg   | src/boomerang/frontend/DefaultFrontEnd. | Starting decode at address 0x08048340
Msg   | src/boomerang/core/Project.cpp          | Decoding anything undecoded...
Msg   | src/boomerang/frontend/DefaultFrontEnd. | Looking for undecoded procedures to decode...
Msg   | src/boomerang/core/Project.cpp          | Found 12 procs
Msg   | src/boomerang-cli/CommandlineDriver.cpp | Decompiling...
Msg   | src/boomerang/decomp/ProgDecompiler.cpp | Decompiling entry point 'main'
Msg   | src/boomerang/decomp/ProcDecompiler.cpp | Visiting procedure 'main'
Msg   | src/boomerang/decomp/ProcDecompiler.cpp | Visiting procedure 'basic_1_ternary_simple'
Msg   | src/boomerang/decomp/ProcDecompiler.cpp | Decompiling procedure 'basic_1_ternary_simple'
Msg   | src/boomerang/decomp/ProcDecompiler.cpp | Finished decompile of 'basic_1_ternary_simple'
Msg   | src/boomerang/decomp/ProcDecompiler.cpp | Visiting procedure 'basic_2_ternary_other'
Msg   | src/boomerang/decomp/ProcDecompiler.cpp | Decompiling procedure 'basic_2_ternary_other'
Msg   | src/boomerang/decomp/ProcDecompiler.cpp | Finished decompile of 'basic_2_ternary_other'
Msg   | src/boomerang/decomp/ProcDecompiler.cpp | Visiting procedure 'intermediate_1_ternary_blocks'
Msg   | src/boomerang/decomp/ProcDecompiler.cpp | Decompiling procedure 'intermediate_1_ternary_blocks'
Msg   | src/boomerang/decomp/ProcDecompiler.cpp | Finished decompile of 'intermediate_1_ternary_blocks'
Msg   | src/boomerang/decomp/ProcDecompiler.cpp | Visiting procedure 'intermediate_2_other_in_blocks'
Msg   | src/boomerang/decomp/ProcDecompiler.cpp | Decompiling procedure 'intermediate_2_other_in_blocks'
Msg   | src/boomerang/decomp/ProcDecompiler.cpp | Finished decompile of 'intermediate_2_other_in_blocks'
Msg   | src/boomerang/decomp/ProcDecompiler.cpp | Visiting procedure 'intermediate_10_double_word_signed_math'
Msg   | src/boomerang/decomp/ProcDecompiler.cpp | Visiting procedure '__divdi3'
Msg   | src/boomerang/decomp/ProcDecompiler.cpp | Decompiling procedure '__divdi3'
Msg   | src/boomerang/decomp/ProcDecompiler.cpp | Finished decompile of '__divdi3'
Msg   | src/boomerang/decomp/ProcDecompiler.cpp | Visiting procedure '__moddi3'
Msg   | src/boomerang/decomp/ProcDecompiler.cpp | Decompiling procedure '__moddi3'
Msg   | src/boomerang/decomp/ProcDecompiler.cpp | Finished decompile of '__moddi3'
Msg   | src/boomerang/decomp/ProcDecompiler.cpp | Decompiling procedure 'intermediate_10_double_word_signed_math'
Msg   | src/boomerang/decomp/ProcDecompiler.cpp | Finished decompile of 'intermediate_10_double_word_signed_math'
Msg   | src/boomerang/decomp/ProcDecompiler.cpp | Visiting procedure 'intermediate_10_double_word_unsigned_math'
Msg   | src/boomerang/decomp/ProcDecompiler.cpp | Visiting procedure '__udivdi3'
Msg   | src/boomerang/decomp/ProcDecompiler.cpp | Decompiling procedure '__udivdi3'
Msg   | src/boomerang/decomp/ProcDecompiler.cpp | Finished decompile of '__udivdi3'
Msg   | src/boomerang/decomp/ProcDecompiler.cpp | Visiting procedure '__umoddi3'
Msg   | src/boomerang/decomp/ProcDecompiler.cpp | Decompiling procedure '__umoddi3'
Msg   | src/boomerang/decomp/ProcDecompiler.cpp | Finished decompile of '__umoddi3'
Msg   | src/boomerang/decomp/ProcDecompiler.cpp | Decompiling procedure 'intermediate_10_double_word_unsigned_math'
Msg   | src/boomerang/decomp/ProcDecompiler.cpp | Finished decompile of 'intermediate_10_double_word_unsigned_math'
Msg   | src/boomerang/decomp/ProcDecompiler.cpp | Visiting procedure 'advanced_1_unrolled_loop'
Msg   | src/boomerang/decomp/ProcDecompiler.cpp | Decompiling procedure 'advanced_1_unrolled_loop'
Msg   | src/boomerang/decomp/ProcDecompiler.cpp | Finished decompile of 'advanced_1_unrolled_loop'
Msg   | src/boomerang/decomp/ProcDecompiler.cpp | Decompiling procedure 'main'
Msg   | src/boomerang/decomp/ProcDecompiler.cpp | Finished decompile of 'main'
Msg   | src/boomerang/decomp/ProgDecompiler.cpp | Performing global type analysis...
Msg   | src/boomerang/decomp/ProgDecompiler.cpp | Removing unused returns...
Msg   | src/boomerang/decomp/ProgDecompiler.cpp | Removing unused returns...
Msg   | src/boomerang/decomp/ProgDecompiler.cpp | Performing global type analysis...
Msg   | src/boomerang/decomp/ProgDecompiler.cpp | Transforming from SSA form...
Error | src/boomerang/visitor/expmodifier/ExpSS | Could not find local or parameter for r24{0}!!
Error | src/boomerang/visitor/expmodifier/ExpSS | Could not find local or parameter for r29{0}!!
Error | src/boomerang/visitor/expmodifier/ExpSS | Could not find local or parameter for r29{0}!!
Error | src/boomerang/visitor/expmodifier/ExpSS | Could not find local or parameter for r24{0}!!
Error | src/boomerang/visitor/expmodifier/ExpSS | Could not find local or parameter for r29{0}!!
Error | src/boomerang/visitor/expmodifier/ExpSS | Could not find local or parameter for r29{0}!!
Warn  | src/boomerang/visitor/stmtmodifier/Stmt | Forcing type of local 'eax' from '/*signed?*/long long' to 'int' due to library constraints
Warn  | src/boomerang/visitor/stmtmodifier/Stmt | Forcing type of local 'ecx' from 'long long' to 'void' due to library constraints
Warn  | src/boomerang/visitor/stmtmodifier/Stmt | Forcing type of local 'edx' from 'int' to 'void' due to library constraints
Warn  | src/boomerang/visitor/stmtmodifier/Stmt | Forcing type of local 'esp' from '/*signed?*/int' to 'void' due to library constraints
Error | src/boomerang/visitor/expmodifier/ExpSS | Could not find local or parameter for tmpl{16}!!
Error | src/boomerang/visitor/expmodifier/ExpSS | Could not find local or parameter for tmpl{16}!!
Error | src/boomerang/visitor/expmodifier/ExpSS | Could not find local or parameter for r27{0}!!
Error | src/boomerang/visitor/expmodifier/ExpSS | Could not find local or parameter for r29{0}!!
Error | src/boomerang/visitor/expmodifier/ExpSS | Could not find local or parameter for r30{0}!!
Error | src/boomerang/visitor/expmodifier/ExpSS | Could not find local or parameter for r31{0}!!
Error | src/boomerang/visitor/expmodifier/ExpSS | Could not find local or parameter for r29{0}!!
Error | src/boomerang/visitor/expmodifier/ExpSS | Could not find local or parameter for r31{0}!!
Error | src/boomerang/visitor/expmodifier/ExpSS | Could not find local or parameter for r30{0}!!
Error | src/boomerang/visitor/expmodifier/ExpSS | Could not find local or parameter for r27{0}!!
Error | src/boomerang/visitor/expmodifier/ExpSS | Could not find local or parameter for tmph{0}!!
Error | src/boomerang/visitor/expmodifier/ExpSS | Could not find local or parameter for tmpl{16}!!
Error | src/boomerang/visitor/expmodifier/ExpSS | Could not find local or parameter for %flags{0}!!
Error | src/boomerang/visitor/expmodifier/ExpSS | Could not find local or parameter for %ZF{0}!!
Error | src/boomerang/visitor/expmodifier/ExpSS | Could not find local or parameter for %CF{0}!!
Error | src/boomerang/visitor/expmodifier/ExpSS | Could not find local or parameter for tmpl{16}!!
Warn  | src/boomerang/visitor/stmtmodifier/Stmt | Forcing type of local 'eax' from '/*signed?*/long long' to 'int' due to library constraints
Warn  | src/boomerang/visitor/stmtmodifier/Stmt | Forcing type of local 'ecx' from 'long long' to 'void' due to library constraints
Warn  | src/boomerang/visitor/stmtmodifier/Stmt | Forcing type of local 'edx' from 'unsigned int' to 'void' due to library constraints
Warn  | src/boomerang/visitor/stmtmodifier/Stmt | Forcing type of local 'esp' from '/*signed?*/int' to 'void' due to library constraints
Error | src/boomerang/visitor/expmodifier/ExpSS | Could not find local or parameter for tmpl{16}!!
Error | src/boomerang/visitor/expmodifier/ExpSS | Could not find local or parameter for tmpl{16}!!
Error | src/boomerang/visitor/expmodifier/ExpSS | Could not find local or parameter for r27{0}!!
Error | src/boomerang/visitor/expmodifier/ExpSS | Could not find local or parameter for r29{0}!!
Error | src/boomerang/visitor/expmodifier/ExpSS | Could not find local or parameter for r30{0}!!
Error | src/boomerang/visitor/expmodifier/ExpSS | Could not find local or parameter for r31{0}!!
Error | src/boomerang/visitor/expmodifier/ExpSS | Could not find local or parameter for r29{0}!!
Error | src/boomerang/visitor/expmodifier/ExpSS | Could not find local or parameter for r31{0}!!
Error | src/boomerang/visitor/expmodifier/ExpSS | Could not find local or parameter for r30{0}!!
Error | src/boomerang/visitor/expmodifier/ExpSS | Could not find local or parameter for r27{0}!!
Error | src/boomerang/visitor/expmodifier/ExpSS | Could not find local or parameter for tmph{0}!!
Error | src/boomerang/visitor/expmodifier/ExpSS | Could not find local or parameter for tmpl{16}!!
Error | src/boomerang/visitor/expmodifier/ExpSS | Could not find local or parameter for %flags{0}!!
Error | src/boomerang/visitor/expmodifier/ExpSS | Could not find local or parameter for %ZF{0}!!
Error | src/boomerang/visitor/expmodifier/ExpSS | Could not find local or parameter for %CF{0}!!
Error | src/boomerang/visitor/expmodifier/ExpSS | Could not find local or parameter for tmpl{16}!!
Error | src/boomerang/visitor/expmodifier/ExpSS | Could not find local or parameter for r24{2}!!
Error | src/boomerang/visitor/expmodifier/ExpSS | Could not find local or parameter for r25{2}!!
Error | src/boomerang/visitor/expmodifier/ExpSS | Could not find local or parameter for r26{2}!!
Warn  | src/boomerang/visitor/stmtmodifier/Stmt | Forcing type of local 'esp' from '__size32' to 'void' due to library constraints
Error | src/boomerang/visitor/expmodifier/ExpSS | Could not find local or parameter for r24{5}!!
Error | src/boomerang/visitor/expmodifier/ExpSS | Could not find local or parameter for r25{5}!!
Error | src/boomerang/visitor/expmodifier/ExpSS | Could not find local or parameter for r26{5}!!
Error | src/boomerang/visitor/expmodifier/ExpSS | Could not find local or parameter for r24{8}!!
Error | src/boomerang/visitor/expmodifier/ExpSS | Could not find local or parameter for r25{8}!!
Error | src/boomerang/visitor/expmodifier/ExpSS | Could not find local or parameter for r26{8}!!
Error | src/boomerang/visitor/expmodifier/ExpSS | Could not find local or parameter for r24{10}!!
Error | src/boomerang/visitor/expmodifier/ExpSS | Could not find local or parameter for r25{10}!!
Error | src/boomerang/visitor/expmodifier/ExpSS | Could not find local or parameter for r26{10}!!
Error | src/boomerang/visitor/expmodifier/ExpSS | Could not find local or parameter for r24{12}!!
Error | src/boomerang/visitor/expmodifier/ExpSS | Could not find local or parameter for r25{12}!!
Error | src/boomerang/visitor/expmodifier/ExpSS | Could not find local or parameter for r26{12}!!
Error | src/boomerang/visitor/expmodifier/ExpSS | Could not find local or parameter for r24{14}!!
Error | src/boomerang/visitor/expmodifier/ExpSS | Could not find local or parameter for r25{14}!!
Error | src/boomerang/visitor/expmodifier/ExpSS | Could not find local or parameter for r26{14}!!
Error | src/boomerang/visitor/expmodifier/ExpSS | Could not find local or parameter for r24{15}!!
Error | src/boomerang/visitor/expmodifier/ExpSS | Could not find local or parameter for r25{15}!!
Error | src/boomerang/visitor/expmodifier/ExpSS | Could not find local or parameter for r26{15}!!
Error | src/boomerang/visitor/expmodifier/ExpSS | Could not find local or parameter for r24{16}!!
Error | src/boomerang/visitor/expmodifier/ExpSS | Could not find local or parameter for r25{16}!!
Error | src/boomerang/visitor/expmodifier/ExpSS | Could not find local or parameter for r26{16}!!
Error | src/boomerang/visitor/expmodifier/ExpSS | Could not find local or parameter for r24{17}!!
Error | src/boomerang/visitor/expmodifier/ExpSS | Could not find local or parameter for r25{17}!!
Error | src/boomerang/visitor/expmodifier/ExpSS | Could not find local or parameter for r26{17}!!
Error | src/boomerang/visitor/expmodifier/ExpSS | Could not find local or parameter for r24{18}!!
Error | src/boomerang/visitor/expmodifier/ExpSS | Could not find local or parameter for r25{18}!!
Error | src/boomerang/visitor/expmodifier/ExpSS | Could not find local or parameter for r26{18}!!
Error | src/boomerang/visitor/expmodifier/ExpSS | Could not find local or parameter for r24{19}!!
Error | src/boomerang/visitor/expmodifier/ExpSS | Could not find local or parameter for r25{19}!!
Error | src/boomerang/visitor/expmodifier/ExpSS | Could not find local or parameter for r26{19}!!
Error | src/boomerang/visitor/expmodifier/ExpSS | Could not find local or parameter for r24{20}!!
Error | src/boomerang/visitor/expmodifier/ExpSS | Could not find local or parameter for r25{20}!!
Error | src/boomerang/visitor/expmodifier/ExpSS | Could not find local or parameter for r26{20}!!
Error | src/boomerang/visitor/expmodifier/ExpSS | Could not find local or parameter for r24{21}!!
Error | src/boomerang/visitor/expmodifier/ExpSS | Could not find local or parameter for r25{21}!!
Error | src/boomerang/visitor/expmodifier/ExpSS | Could not find local or parameter for r26{21}!!
Error | src/boomerang/visitor/expmodifier/ExpSS | Could not find local or parameter for r24{22}!!
Error | src/boomerang/visitor/expmodifier/ExpSS | Could not find local or parameter for r25{22}!!
Error | src/boomerang/visitor/expmodifier/ExpSS | Could not find local or parameter for r26{22}!!
Error | src/boomerang/visitor/expmodifier/ExpSS | Could not find local or parameter for r24{23}!!
Error | src/boomerang/visitor/expmodifier/ExpSS | Could not find local or parameter for r25{23}!!
Error | src/boomerang/visitor/expmodifier/ExpSS | Could not find local or parameter for r26{23}!!
Error | src/boomerang/visitor/expmodifier/ExpSS | Could not find local or parameter for r24{24}!!
Error | src/boomerang/visitor/expmodifier/ExpSS | Could not find local or parameter for r25{24}!!
Error | src/boomerang/visitor/expmodifier/ExpSS | Could not find local or parameter for r26{24}!!
Error | src/boomerang/visitor/expmodifier/ExpSS | Could not find local or parameter for r25{24}!!
Error | src/boomerang/visitor/expmodifier/ExpSS | Could not find local or parameter for r26{24}!!
Error | src/boomerang/visitor/expmodifier/ExpSS | Could not find local or parameter for r30{0}!!
Error | src/boomerang/visitor/expmodifier/ExpSS | Could not find local or parameter for r31{0}!!
Error | src/boomerang/visitor/expmodifier/ExpSS | Could not find local or parameter for r27{0}!!
Error | src/boomerang/visitor/expmodifier/ExpSS | Could not find local or parameter for r29{0}!!
Error | src/boomerang/visitor/expmodifier/ExpSS | Could not find local or parameter for r30{0}!!
Error | src/boomerang/visitor/expmodifier/ExpSS | Could not find local or parameter for r31{0}!!
Error | src/boomerang/visitor/expmodifier/ExpSS | Could not find local or parameter for r29{0}!!
Error | src/boomerang/visitor/expmodifier/ExpSS | Could not find local or parameter for r31{0}!!
Error | src/boomerang/visitor/expmodifier/ExpSS | Could not find local or parameter for r30{0}!!
Error | src/boomerang/visitor/expmodifier/ExpSS | Could not find local or parameter for r27{0}!!
Error | src/boomerang/visitor/expmodifier/ExpSS | Could not find local or parameter for tmp2{0}!!
Error | src/boomerang/visitor/expmodifier/ExpSS | Could not find local or parameter for tmpl{0}!!
Error | src/boomerang/visitor/expmodifier/ExpSS | Could not find local or parameter for r27{0}!!
Error | src/boomerang/visitor/expmodifier/ExpSS | Could not find local or parameter for r29{0}!!
Error | src/boomerang/visitor/expmodifier/ExpSS | Could not find local or parameter for r30{0}!!
Error | src/boomerang/visitor/expmodifier/ExpSS | Could not find local or parameter for r31{0}!!
Error | src/boomerang/visitor/expmodifier/ExpSS | Could not find local or parameter for r29{0}!!
Error | src/boomerang/visitor/expmodifier/ExpSS | Could not find local or parameter for r31{0}!!
Error | src/boomerang/visitor/expmodifier/ExpSS | Could not find local or parameter for r30{0}!!
Error | src/boomerang/visitor/expmodifier/ExpSS | Could not find local or parameter for r27{0}!!
Error | src/boomerang/visitor/expmodifier/ExpSS | Could not find local or parameter for m[esp - 32]{0}!!
Error | src/boomerang/visitor/expmodifier/ExpSS | Could not find local or parameter for tmp2{0}!!
Error | src/boomerang/visitor/expmodifier/ExpSS | Could not find local or parameter for tmpl{0}!!
Error | src/boomerang/visitor/expmodifier/ExpSS | Could not find local or parameter for r25{0}!!
Error | src/boomerang/visitor/expmodifier/ExpSS | Could not find local or parameter for r27{0}!!
Error | src/boomerang/visitor/expmodifier/ExpSS | Could not find local or parameter for r30{0}!!
Error | src/boomerang/visitor/expmodifier/ExpSS | Could not find local or parameter for r31{0}!!
Error | src/boomerang/visitor/expmodifier/ExpSS | Could not find local or parameter for r31{0}!!
Error | src/boomerang/visitor/expmodifier/ExpSS | Could not find local or parameter for r30{0}!!
Error | src/boomerang/visitor/expmodifier/ExpSS | Could not find local or parameter for r27{0}!!
Error | src/boomerang/visitor/expmodifier/ExpSS | Could not find local or parameter for m[esp - 32]{0}!!
Error | src/boomerang/visitor/expmodifier/ExpSS | Could not find local or parameter for tmp2{0}!!
Error | src/boomerang/visitor/expmodifier/ExpSS | Could not find local or parameter for tmpl{0}!!
Error | src/boomerang/visitor/expmodifier/ExpSS | Could not find local or parameter for %ZF{0}!!
Error | src/boomerang/visitor/expmodifier/ExpSS | Could not find local or parameter for %CF{0}!!
Error | src/boomerang/visitor/expmodifier/ExpSS | Could not find local or parameter for r27{0}!!
Error | src/boomerang/visitor/expmodifier/ExpSS | Could not find local or parameter for r30{0}!!
Error | src/boomerang/visitor/expmodifier/ExpSS | Could not find local or parameter for r31{0}!!
Error | src/boomerang/visitor/expmodifier/ExpSS | Could not find local or parameter for r31{0}!!
Error | src/boomerang/visitor/expmodifier/ExpSS | Could not find local or parameter for r30{0}!!
Error | src/boomerang/visitor/expmodifier/ExpSS | Could not find local or parameter for r27{0}!!
Error | src/boomerang/visitor/expmodifier/ExpSS | Could not find local or parameter for m[esp - 44]{0}!!
Error | src/boomerang/visitor/expmodifier/ExpSS | Could not find local or parameter for tmp2{0}!!
Error | src/boomerang/visitor/expmodifier/ExpSS | Could not find local or parameter for tmpl{0}!!
Error | src/boomerang/visitor/expmodifier/ExpSS | Could not find local or parameter for %ZF{0}!!
Error | src/boomerang/visitor/expmodifier/ExpSS | Could not find local or parameter for %CF{0}!!
Msg   | src/boomerang/decomp/ProgDecompiler.cpp | Removing unused global variables...
Msg   | src/boomerang/decomp/ProgDecompiler.cpp | Decompilation finished.
Msg   | src/boomerang/core/Project.cpp          | Generating code...
Warn  | src/boomerang/codegen/CCodeGenerator.cp | No out edge for BB at address 0x08048367, in proc main
Warn  | src/boomerang/codegen/CCodeGenerator.cp | No out edge for BB at address 0x080484d0, in proc basic_2_ternary_other
Msg   | src/boomerang-cli/CommandlineDriver.cpp | Output written to '_output'
Msg   | src/boomerang-cli/CommandlineDriver.cpp | Completed in some time
