
Database SUBJECTS/from_holdec/dmi/transformation/ia32_elf/subject.exe.idb already exists.
Do you want to overwrite it? -> ~L~oad existing

  bytes   pages size description
--------- ----- ---- --------------------------------------------
   524288    64 8192 allocating memory for b-tree...
    65536     8 8192 allocating memory for virtual array...
   262144    32 8192 allocating memory for name pointers...
-----------------------------------------------------------------
   851968            total memory allocated

Loading processor module IDADIR/procs/pc.so for metapc...Initializing processor module metapc...OK
Loading type libraries...
Autoanalysis subsystem has been initialized.
Database for file 'subject.exe' has been loaded.
Hex-Rays Decompiler plugin has been loaded (v7.6.0.210427)
  The hotkeys are F5: decompile, Ctrl-F5: decompile all.

  Please check the Edit/Plugins menu for more informaton.
=== start of cleanup script -> OK
  function at 080482CC  LIB  with name '.init_proc'
  function at 080482F0       with name 'sub_80482F0'
  function at 08048300       with name '.puts'
  function at 08048310  LIB  with name '.__libc_start_main'
  function at 08048320       with name '.putchar'
  function at 08048330       with name '__gmon_start__'
  function at 08048340       with name 'main'
  function at 080483C8  LIB  with name '_start'
  function at 080483F0  LIB  with name '__x86.get_pc_thunk.bx'
  function at 08048400  LIB  with name 'deregister_tm_clones'
  function at 08048430  LIB  with name 'register_tm_clones'
  function at 08048470  LIB  with name '__do_global_dtors_aux'
  function at 08048490  LIB  with name 'frame_dummy'
  function at 080484C0       with name 'basic_1_ternary_simple'
  function at 080484D0       with name 'basic_2_ternary_other'
  function at 080484F0       with name 'intermediate_10_double_word_signed_math'
  function at 08048680       with name 'intermediate_10_double_word_unsigned_math'
  function at 08048810       with name 'advanced_1_unrolled_loop'
  function at 08048904       with name 'intermediate_1_ternary_blocks'
  function at 0804891B       with name 'intermediate_2_other_in_blocks'
  function at 08048940       with name '__divdi3'
  function at 08048AB0       with name '__moddi3'
  function at 08048C90       with name '__udivdi3'
  function at 08048DC0       with name '__umoddi3'
  function at 08048F10  LIB  with name '__libc_csu_init'
  function at 08048F70  LIB  with name '__libc_csu_fini'
  function at 08048F74  LIB  with name '.term_proc'
  function at 0804B024       with name 'puts'
  function at 0804B028  LIB  with name '__libc_start_main'
  function at 0804B02C       with name 'putchar'
  function at 0804B030       with name '__imp___gmon_start__'
finished -> OK
TIMESTAMP decompiling 80482F0 size=0000000C times=0...
The decompiler assumes that the segment '.got.plt' is read-only because of its NAME.
All data references to the segment will be replaced by constant values.
This may lead to drastic changes in the decompiler output.
If the segment is not read-only, please change the segment NAME.

In general, the decompiler checks the segment permissions, class, and name
to determine if it is read-only.
 -> OK
TIMESTAMP decompiling 80484C0 size=0000000B times=0...
TIMESTAMP decompiling 80484D0 size=00000013 times=0...
TIMESTAMP decompiling 80484F0 size=0000018A times=0...
TIMESTAMP decompiling 8048680 size=0000018A times=0...
TIMESTAMP decompiling 8048810 size=000000F4 times=0...
TIMESTAMP decompiling 8048904 size=00000017 times=0...
TIMESTAMP decompiling 804891B size=00000017 times=0...
TIMESTAMP decompiling 8048340 size=00000088 times=0...
TIMESTAMP The application has been completely decompiled.
Flushing buffers, please wait...ok
Unloading IDP module IDADIR/procs/pc.so...
