[I] JEB 4.11.0.202201181921 (jeb-ce) is starting...
[I] Current directory: SUBJECTS
[I] Base directory: JEBDIR
[I] System: Mac OS X 12.2 (aarch64) de_DE
[I] Java: Homebrew 17.0.1
[I] Memory Usage: 39.2M used (224.8M free, 6.0G max)
[I] Initializing Jython, please wait...
Processing file: SUBJECTS/from_internet/asmutils/less/ia32_elf/subject.exe...
[I] {subject.exe > subject.exe > x86 image}: Detected compiler: unknown (Linux)
[I] {subject.exe > subject.exe > x86 image}: Initial native analysis styles: code gaps: PROLOGUES_ONLY, data gaps: DEFAULT
[I] {subject.exe > subject.exe > x86 image}: Analysis completed (0s)
[I] {subject.exe > subject.exe > x86 image}: Initial analysis created 9 methods
Output folder: jeb_output
  0/  9: Method: sub_80480A4
  1/  9: 1/9: sub_80480A4 (DONE:78ms)
  1/  9: Method: sub_8048289
  2/  9: 2/9: sub_8048289 (DONE:67ms)
  2/  9: Method: sub_80482D0
  3/  9: 3/9: sub_80482D0 (DONE:280ms)
  3/  9: Method: sub_804838F
  4/  9: 4/9: sub_804838F (DONE:6ms)
  4/  9: Method: sub_8048345
  5/  9: 5/9: sub_8048345 (DONE:33ms)
  5/  9: Method: sub_8048343
  6/  9: 6/9: sub_8048343 (DONE:2ms)
  6/  9: Method: sub_804831E
  7/  9: 7/9: sub_804831E (DONE:39ms)
  7/  9: Method: sub_804836C
[E] An optimizer failed: zH: com.pnfsoftware.jeb.core.units.code.asm.cfg.CfgVerificationException: Block 2F: Number of targets (1) differ from number of edges (0)
[E] An optimizer failed: zH: com.pnfsoftware.jeb.core.units.code.asm.cfg.CfgVerificationException: Block 2F: Number of targets (1) differ from number of edges (0)
[E] An optimizer failed: zH: com.pnfsoftware.jeb.core.units.code.asm.cfg.CfgVerificationException: Block 2F: Number of targets (1) differ from number of edges (0)
  8/  9: 8/9: sub_804836C (DONE:57ms)
  8/  9: Method: start
  9/  9: 9/9: start (DONE:27ms)
Exectime: 1.211000 sec
[I] Done.
