: error: Error when reconstructing types.
    Invalid pointer size.
Parameter name: byteSize
       at Decompiler.Core.Types.Pointer..ctor(DataType pointee, Int32 byteSize)
   at Decompiler.Typing.DataTypeBuilder.MemoryAccessCommon(Expression tBase, Expression tStruct, Int32 offset, DataType tField, Int32 structPtrSize)
   at Decompiler.Typing.TraitCollector.VisitDereference(Dereference deref)
   at Decompiler.Typing.TraitCollector.VisitStore(Store store)
   at Decompiler.Typing.TraitCollector.CollectProgramTraits(Program prog)
   at Decompiler.Typing.TypeAnalyzer.RewriteProgram(Program prog)
   at Decompiler.DecompilerDriver.ReconstructTypes()
fn00401000_entry (1): idom l00401000 (2)
fn00401000_exit (7): idom 
l00401000 (2): idom l00401008 (3)
l00401008 (3): idom l00401013 (5)
l00401011 (4): idom l00401013 (5)
l00401013 (5): idom l0040101F (6)
l0040101F (6): idom fn00401000_exit (7)
fn00401020_entry (1): idom l00401020 (2)
fn00401020_exit (27): idom 
l00401020 (2): idom l00401039 (3)
l00401039 (3): idom l00401043 (4)
l00401043 (4): idom l0040105E (5)
l0040105E (5): idom l0040108F (7)
l0040108D (6): idom l0040108F (7)
l0040108F (7): idom l004010B2 (14)
l00401093 (8): idom l004010AC (12)
l0040109B (9): idom l004010A9 (11)
l0040109F (10): idom l004010A9 (11)
l004010A9 (11): idom l004010AC (12)
l004010AC (12): idom l004010B2 (14)
l004010B0 (13): idom l004010B2 (14)
l004010B2 (14): idom l004010CF (15)
l004010CF (15): idom l004010D8 (16)
l004010D8 (16): idom l004010DC (17)
l004010DC (17): idom l00401106 (18)
l00401106 (18): idom l0040113D (24)
l0040112E (19): idom l0040113D (24)
l00401130 (20): idom l0040113D (24)
l00401134 (21): idom l00401138 (23)
l00401136 (22): idom l00401138 (23)
l00401138 (23): idom l0040113D (24)
l0040113D (24): idom l00401168 (25)
l00401168 (25): idom l00401174 (26)
l00401174 (26): idom fn00401020_exit (27)
fn00401020: error: An error occurred while rewriting procedure to high-level language.
    Unable to cast object of type 'Decompiler.Core.Code.ReturnInstruction' to type 'Decompiler.Core.Code.Branch'.
       at Decompiler.Structure.AbsynCodeGenerator.BranchCondition(StructureNode node)
   at Decompiler.Structure.IfConditional.GenerateCode(AbsynCodeGenerator codeGen, StructureNode node, StructureNode latchNode, AbsynStatementEmitter emitter)
   at Decompiler.Structure.AbsynCodeGenerator.GenerateCode(StructureNode node, StructureNode latchNode, AbsynStatementEmitter emitter)
   at Decompiler.Structure.AbsynCodeGenerator.GenerateCode(StructureNode node, StructureNode latchNode, AbsynStatementEmitter emitter)
   at Decompiler.Structure.AbsynCodeGenerator.GenerateCode(StructureNode node, StructureNode latchNode, AbsynStatementEmitter emitter)
   at Decompiler.Structure.AbsynCodeGenerator.GenerateCode(ProcedureStructure proc, List`1 stms)
   at Decompiler.DecompilerDriver.StructureProgram()
fn004011C5_entry (1): idom l004011C5 (2)
fn004011C5_exit (12): idom 
l004011C5 (2): idom l004012FA (8)
l004011DA (3): idom l004012FA (8)
l00401246 (4): idom l004012FA (8)
l00401281 (5): idom l004012AA (6)
l004012AA (6): idom l004012FA (8)
l004012C6 (7): idom l004012AA (6)
l004012E9 (15): idom l004012FA (8)
l004012FA (8): idom l00401368 (11)
l00401330 (9): idom l00401336 (10)
l00401336 (10): idom l00401368 (11)
l00401355 (13): idom l00401336 (10)
l0040135E (14): idom l00401368 (11)
l00401368 (11): idom fn004011C5_exit (12)
from_pouet.net/with_source_360/ia32_pe/subject.exe: error: An internal error occurred while decompiling.
    Unable to cast object of type 'Decompiler.Core.Types.StructureType' to type 'Decompiler.Core.Types.EquivalenceClass'.
       at Decompiler.Core.Output.GlobalDataWriter.WriteGlobals(Formatter formatter)
   at Decompiler.DecompilerDriver.WriteGlobals(Program program, TextWriter w)
   at Decompiler.CmdLine.CmdLineHost.WriteGlobals(Program program, Action`1 writer)
   at Decompiler.DecompilerDriver.WriteDecompilerProducts()
   at Decompiler.DecompilerDriver.StructureProgram()
   at Decompiler.DecompilerDriver.Decompile(String filename)
