Using options:
0041F1D0: warning: The call or jump table has invalid addresses; stopping.
0041F1BD: warning: No valid entries could be found in jump vector.
0041F1A5: warning: Can't determine size of jump vector; probing only one entry.
0041F1CC: warning: Can't determine size of jump vector; probing only one entry.
0041F1C4: warning: No valid entries could be found in jump vector.
0041F2B3: warning: Can't determine size of jump vector; probing only one entry.
0041F35C: warning: The call or jump table has invalid addresses; stopping.
0041F351: warning: No valid entries could be found in jump vector.
0041F358: warning: Can't determine size of jump vector; probing only one entry.
0041F32B: warning: Can't determine size of jump vector; probing only one entry.
0041A041: warning: Procedure fn0041A040 previously had a return address of 4 bytes on the stack, but now seems to have a return address of 0 bytes on the stack.
0041A290: warning: The call or jump table has invalid addresses; stopping.
0041A27D: warning: No valid entries could be found in jump vector.
0041A265: warning: Can't determine size of jump vector; probing only one entry.
0041A28C: warning: Can't determine size of jump vector; probing only one entry.
0041A284: warning: No valid entries could be found in jump vector.
0041A373: warning: Can't determine size of jump vector; probing only one entry.
0041A41C: warning: The call or jump table has invalid addresses; stopping.
0041A411: warning: No valid entries could be found in jump vector.
0041A418: warning: Can't determine size of jump vector; probing only one entry.
0041A3EB: warning: Can't determine size of jump vector; probing only one entry.
fn0041A040: error: An error occurred during data flow analysis.
    The given key was not present in the dictionary.
       at System.Collections.Generic.Dictionary`2.get_Item(TKey key)
   at Decompiler.Core.Lib.DominatorGraph`1.BuildDominanceFrontiers(DirectedGraph`1 graph, Dictionary`2 idoms)
   at Decompiler.Core.Lib.DominatorGraph`1..ctor(DirectedGraph`1 graph, T entryNode)
   at Decompiler.Analysis.DataFlowAnalysis.BuildExpressionTrees()
fn0041FD80: error: An error occurred during data flow analysis.
    The given key was not present in the dictionary.
       at System.Collections.Generic.Dictionary`2.get_Item(TKey key)
   at Decompiler.Analysis.DeadCode.VisitIdentifier(Identifier id)
   at Decompiler.Core.Expressions.Identifier.Accept(IExpressionVisitor v)
   at Decompiler.Core.Code.InstructionVisitorBase.VisitPhiFunction(PhiFunction phi)
   at Decompiler.Core.Expressions.PhiFunction.Accept(IExpressionVisitor v)
   at Decompiler.Core.Code.InstructionVisitorBase.VisitPhiAssignment(PhiAssignment phi)
   at Decompiler.Core.Code.PhiAssignment.Accept(InstructionVisitor v)
   at Decompiler.Analysis.DeadCode.Eliminate()
   at Decompiler.Analysis.DataFlowAnalysis.BuildExpressionTrees()
fn00421E40: error: An error occurred during data flow analysis.
    The given key was not present in the dictionary.
       at System.Collections.Generic.Dictionary`2.get_Item(TKey key)
   at Decompiler.Core.Lib.DominatorGraph`1.BuildDominanceFrontiers(DirectedGraph`1 graph, Dictionary`2 idoms)
   at Decompiler.Core.Lib.DominatorGraph`1..ctor(DirectedGraph`1 graph, T entryNode)
   at Decompiler.Analysis.DataFlowAnalysis.BuildExpressionTrees()
: error: Error when reconstructing types.
    Invalid pointer size.
Parameter name: byteSize
       at Decompiler.Core.Types.Pointer..ctor(DataType pointee, Int32 byteSize)
   at Decompiler.Typing.DataTypeBuilder.MemoryAccessCommon(Expression tBase, Expression tStruct, Int32 offset, DataType tField, Int32 structPtrSize)
   at Decompiler.Typing.DataTypeBuilder.MemAccessTrait(Expression tBase, Expression tStruct, Int32 structPtrSize, Expression tField, Int32 offset)
   at Decompiler.Typing.TraitCollector.VisitDereference(Dereference deref)
   at Decompiler.Core.Expressions.Dereference.Accept[T](ExpressionVisitor`1 v)
   at Decompiler.Typing.TraitCollector.VisitStore(Store store)
   at Decompiler.Core.Code.Store.Accept[T](InstructionVisitor`1 visitor)
   at Decompiler.Typing.TraitCollector.CollectProgramTraits(Program prog)
   at Decompiler.Typing.TypeAnalyzer.RewriteProgram(Program prog)
   at Decompiler.DecompilerDriver.ReconstructTypes()
rewriting: Register word32 fn0041100A(Register word32 ebp, Register word32 edi, Register selector fs, Stack word32 dwArg0C, Register out ptr32 ediOut)
rewriting: Register word32 fn0041100F(Register word32 ebp, Register word32 edi, Register selector fs, Register out ptr32 ediOut)
rewriting: Register word32 fn00411023(Register word32 edi, Register selector fs)
rewriting: Register word32 fn00411032(Register word32 ebp, Register word32 edi, Register selector fs, Register out ptr32 ediOut)
rewriting: void fn00411037()
rewriting: Register word32 fn00411064(Register word32 edi, Register selector fs, Register out ptr32 ebpOut, Register out ptr32 ediOut)
rewriting: Register word32 fn0041106E(Stack word32 dwArg04)
rewriting: Register word32 fn00411078(Stack word32 dwArg04)
rewriting: Register word32 fn0041107D(Register word32 eax, Stack word32 dwArg04, Stack word32 dwArg08, Stack word32 dwArg0C)
rewriting: Register word32 fn00411087(Register word32 ecx, Register word32 edi, Register selector fs, Register out ptr32 ecxOut, Register out ptr32 ediOut)
rewriting: Register word32 fn00411096(Register word32 ebp, Register word32 edi, Register selector fs, Register out ptr32 ebpOut, Register out ptr32 ediOut)
rewriting: Register word32 fn0041109B(Register word32 edi, Register selector fs, Register out ptr32 ediOut)
rewriting: Register word32 fn004110A5(Register word32 ebp)
rewriting: Register word32 fn004110AF(Stack word32 dwArg04)
rewriting: Register word32 fn004110BE(Stack word32 dwArg04, Stack word32 dwArg08)
rewriting: Register word32 fn004110C8(Register word32 edi, Register selector fs, Register out ptr32 ebpOut, Register out ptr32 ediOut)
rewriting: Register word32 fn00411113(Stack word32 dwArg04, Register out ptr32 edxOut)
rewriting: Register word32 fn00411118(Register word32 edi, Register selector fs, Register out ptr32 ebpOut, Register out ptr32 ediOut)
rewriting: Register word32 fn00411127(Stack word32 dwArg04)
rewriting: void fn00411131(Register word32 eax)
rewriting: Register word32 fn0041114F()
rewriting: Register word32 fn00411154(Register word32 edi, Register selector fs, Register out ptr32 ebpOut, Register out ptr32 ediOut)
rewriting: void fn0041115E(Register word32 edi, Register selector fs)
rewriting: void fn0041116D()
rewriting: Register word32 fn00411181(Register word32 edi, Register selector fs, Stack word32 dwArg04)
rewriting: Register word32 fn00411195()
rewriting: Register word32 fn0041119F(Register word32 ebp, Register word32 edi, Register selector fs, Register out ptr32 ecxOut, Register out ptr32 ebpOut, Register out ptr32 ediOut)
rewriting: Register word32 fn004111C7(Stack word32 dwArg04)
rewriting: Register word32 fn004111D1(Register word32 ecx, Register word32 edx, Register word32 ebp, Register selector fs, Stack word32 dwArg00, Stack word32 dwArg04, Stack word32 dwArg08)
fn004111D1: error: An error occurred while rewriting procedure to high-level language.
    Unable to cast object of type 'Decompiler.Core.Code.ReturnInstruction' to type 'Decompiler.Core.Code.Branch'.
       at Decompiler.Structure.AbsynCodeGenerator.BranchCondition(StructureNode node)
   at Decompiler.Structure.IfConditional.GenerateCode(AbsynCodeGenerator codeGen, StructureNode node, StructureNode latchNode, AbsynStatementEmitter emitter)
   at Decompiler.Structure.AbsynCodeGenerator.GenerateCode(StructureNode node, StructureNode latchNode, AbsynStatementEmitter emitter)
   at Decompiler.Structure.IfConditional.GenerateCode(AbsynCodeGenerator codeGen, StructureNode node, StructureNode latchNode, AbsynStatementEmitter emitter)
   at Decompiler.Structure.AbsynCodeGenerator.GenerateCode(StructureNode node, StructureNode latchNode, AbsynStatementEmitter emitter)
   at Decompiler.Structure.AbsynCodeGenerator.GenerateCode(StructureNode node, StructureNode latchNode, AbsynStatementEmitter emitter)
   at Decompiler.Structure.AbsynCodeGenerator.GenerateCode(StructureNode node, StructureNode latchNode, AbsynStatementEmitter emitter)
   at Decompiler.Structure.AbsynCodeGenerator.GenerateCode(ProcedureStructure proc, List`1 stms)
   at Decompiler.Structure.StructureAnalysis.GenerateStructuredCode()
   at Decompiler.Structure.StructureAnalysis.Structure()
   at Decompiler.DecompilerDriver.StructureProgram()
rewriting: Register word32 fn004111D6()
rewriting: Register word32 fn004111E0(Stack word32 dwArg04, Stack word32 dwArg08, Stack word32 dwArg0C)
rewriting: Register word32 fn004111E5(Stack word32 dwArg04, Stack word32 dwArg08, Stack word32 dwArg0C)
rewriting: Register word32 fn004111EA(Stack word32 dwArg04)
rewriting: Register word32 fn004111F4(Register word32 ebp, Register word32 edi, Register selector fs, Register out ptr32 ebpOut)
rewriting: void fn004111F9()
rewriting: Register word32 fn004111FE()
rewriting: Register word32 fn00411203(Register word32 ebp, Stack word32 dwArg04, Stack word32 dwArg08)
rewriting: Register word32 fn0041120D(Register word32 edi, Stack word32 dwArg04, Register out ptr32 ediOut)
rewriting: void fn00411212(Register word32 edi, Register selector fs, Stack word32 dwArg04)
rewriting: Register word32 fn00411221(Stack word32 dwArg04, Stack word32 dwArg08)
rewriting: void fn0041122B()
rewriting: Register word32 fn00411230(Register word32 ebp, Register word32 edi, Register selector fs, Register out ptr32 ediOut)
rewriting: Register word32 fn00411235(Register word32 eax, Stack word32 dwArg04)
rewriting: Register word32 fn0041124E(Register word32 edi, Register selector fs, Register out ptr32 ebpOut, Register out ptr32 ediOut)
rewriting: void fn00411253(Register word32 edi, Register selector fs, Stack word32 dwArg04, Stack word32 dwArg08, Stack word32 dwArg0C, Stack word32 dwArg10)
fn00411253: error: An error occurred while rewriting procedure to high-level language.
    The given key was not present in the dictionary.
       at System.Collections.Generic.Dictionary`2.get_Item(TKey key)
   at Decompiler.Core.Lib.DominatorGraph`1.BuildDominanceFrontiers(DirectedGraph`1 graph, Dictionary`2 idoms)
   at Decompiler.Core.Lib.DominatorGraph`1..ctor(DirectedGraph`1 graph, T entryNode)
   at Decompiler.Structure.ProcedureStructureBuilder.AnalyzeGraph()
   at Decompiler.Structure.StructureAnalysis.BuildProcedureStructure()
   at Decompiler.Structure.StructureAnalysis.Structure()
   at Decompiler.DecompilerDriver.StructureProgram()
rewriting: Register word32 fn00411258(Register word32 edi, Register out ptr32 ediOut)
rewriting: Register word32 fn00411262()
rewriting: Register word32 fn0041127B(Register word32 ebp, Register word32 edi, Register selector fs, Stack word32 dwArg0C, Register out ptr32 ediOut)
rewriting: Register word32 fn0041128A(Register word32 ebp, Register word32 edi, Register selector fs, Register out ptr32 ediOut)
rewriting: Register word32 fn00411294(Register word32 edi, Register selector fs, Stack word32 dwArg04)
rewriting: void fn004112AD(Register word32 ebp, Register selector fs, Stack word32 dwArg04, Stack word32 dwArg08)
rewriting: Register word32 fn004112CB()
rewriting: Register word32 fn004112F8(Stack word32 dwArg04, Stack word32 dwArg08, Stack word32 dwArg0C)
rewriting: void fn004112FD(Register word32 edx, Stack word32 dwArg04, Stack word32 dwArg08, Stack word32 dwArg0C, Stack word32 dwArg10)
rewriting: void fn00411334(Register word32 ebp, Stack word32 dwArg04, Stack word32 dwArg08, Stack word32 dwArg0C, Stack word32 dwArg10, Stack word32 dwArg14)
rewriting: Register word32 fn0041133E(Register selector fs, Stack word32 dwArg04, Stack word32 dwArg08)
rewriting: void fn00411343(Stack word32 dwArg04, Stack word32 dwArg08, Stack word32 dwArg0C)
fn00411343: error: An error occurred while rewriting procedure to high-level language.
    The given key was not present in the dictionary.
       at System.Collections.Generic.Dictionary`2.get_Item(TKey key)
   at Decompiler.Core.Lib.DominatorGraph`1.BuildDominanceFrontiers(DirectedGraph`1 graph, Dictionary`2 idoms)
   at Decompiler.Core.Lib.DominatorGraph`1..ctor(DirectedGraph`1 graph, T entryNode)
   at Decompiler.Structure.ProcedureStructureBuilder.AnalyzeGraph()
   at Decompiler.Structure.StructureAnalysis.BuildProcedureStructure()
   at Decompiler.Structure.StructureAnalysis.Structure()
   at Decompiler.DecompilerDriver.StructureProgram()
rewriting: Register word32 fn0041134D(Register word32 ebp, Register word32 edi, Register selector fs, Register out ptr32 ebpOut, Register out ptr32 ediOut)
rewriting: void fn00411352(Stack word32 dwArg04, Stack word32 dwArg08, Stack word32 dwArg0C)
fn00411352: error: An error occurred while rewriting procedure to high-level language.
    The given key was not present in the dictionary.
       at System.Collections.Generic.Dictionary`2.get_Item(TKey key)
   at Decompiler.Core.Lib.DominatorGraph`1.BuildDominanceFrontiers(DirectedGraph`1 graph, Dictionary`2 idoms)
   at Decompiler.Core.Lib.DominatorGraph`1..ctor(DirectedGraph`1 graph, T entryNode)
   at Decompiler.Structure.ProcedureStructureBuilder.AnalyzeGraph()
   at Decompiler.Structure.StructureAnalysis.BuildProcedureStructure()
   at Decompiler.Structure.StructureAnalysis.Structure()
   at Decompiler.DecompilerDriver.StructureProgram()
rewriting: Register word32 fn0041136B(Register word32 ebp, Register word32 edi, Register selector fs, Register out ptr32 ediOut)
rewriting: Register word32 fn00411375(Stack word32 dwArg04, Register out ptr32 edxOut)
rewriting: Register word32 fn00411384(Register word32 ebp, Register word32 edi, Register selector fs, Register out ptr32 ebpOut, Register out ptr32 ediOut)
rewriting: Register word32 fn004113C0(Register word32 ebp, Register word32 edi, Register selector fs, Stack word32 dwArg08, Stack word32 dwArg0C, Stack word32 dwArg14, Stack word32 dwArg18, Stack word32 dwArg1C)
rewriting: Register word32 fn004113D9()
rewriting: void fn004113DE(Register word32 edi, Register selector fs)
fn004113DE: error: An error occurred while rewriting procedure to high-level language.
    The given key was not present in the dictionary.
       at System.Collections.Generic.Dictionary`2.get_Item(TKey key)
   at Decompiler.Core.Lib.DominatorGraph`1.BuildDominanceFrontiers(DirectedGraph`1 graph, Dictionary`2 idoms)
   at Decompiler.Core.Lib.DominatorGraph`1..ctor(DirectedGraph`1 graph, T entryNode)
   at Decompiler.Structure.ProcedureStructureBuilder.AnalyzeGraph()
   at Decompiler.Structure.StructureAnalysis.BuildProcedureStructure()
   at Decompiler.Structure.StructureAnalysis.Structure()
   at Decompiler.DecompilerDriver.StructureProgram()
rewriting: Register word32 fn004113E8(Stack word32 dwArg04)
rewriting: void fn004113ED(Register word32 ebp, Register word32 edi, Register selector fs, Stack word32 dwArg04, Stack word32 dwArg0C, Stack word32 dwArg10, Stack word32 dwArg1C, Stack word32 dwArg20)
rewriting: Register word32 fn004113FC()
rewriting: void fn00411401(Register word32 edi, Register selector fs, Stack word32 dwArg04)
fn00411401: error: An error occurred while rewriting procedure to high-level language.
    Null condfollow
       at Decompiler.Structure.IfConditional.GenerateCode(AbsynCodeGenerator codeGen, StructureNode node, StructureNode latchNode, AbsynStatementEmitter emitter)
   at Decompiler.Structure.AbsynCodeGenerator.GenerateCode(StructureNode node, StructureNode latchNode, AbsynStatementEmitter emitter)
   at Decompiler.Structure.AbsynCodeGenerator.GenerateCode(StructureNode node, StructureNode latchNode, AbsynStatementEmitter emitter)
   at Decompiler.Structure.AbsynCodeGenerator.GenerateCode(StructureNode node, StructureNode latchNode, AbsynStatementEmitter emitter)
   at Decompiler.Structure.AbsynCodeGenerator.GenerateCode(ProcedureStructure proc, List`1 stms)
   at Decompiler.Structure.StructureAnalysis.GenerateStructuredCode()
   at Decompiler.Structure.StructureAnalysis.Structure()
   at Decompiler.DecompilerDriver.StructureProgram()
rewriting: Register word32 fn0041140B(Register word32 edi, Register selector fs, Register out ptr32 ediOut)
rewriting: Register word32 fn00411415(Register word32 edi, Register selector fs, Register out ptr32 ediOut)
rewriting: Register word32 fn0041141A(Register word32 eax, Register word32 ebp, Register word32 edi, Register selector fs, Register out ptr32 ebpOut, Register out ptr32 ediOut)
rewriting: void fn00411424(Register selector fs)
rewriting: Register word32 fn0041142E(Register word32 edi, Register selector fs)
rewriting: Register word32 fn0041143D(Register word32 edi, Register selector fs, Register out ptr32 ebpOut, Register out ptr32 ediOut)
rewriting: Register word32 fn00411442()
rewriting: void fn0041144C(Register word32 edi, Register selector fs)
rewriting: Register word32 fn00411456(Register word32 ebp, Register word32 edi, Register selector fs, Stack word32 dwArg08)
rewriting: void fn0041145B(Register word32 ebp, Register word32 edi, Register selector fs)
rewriting: Register word32 fn00411492(Stack word32 dwArg00, Stack word32 dwArg04, Stack word32 dwArg08, Stack word32 dwArg0C, Stack word32 dwArg10)
fn00411492: error: An error occurred while rewriting procedure to high-level language.
    Unable to cast object of type 'Decompiler.Core.Code.ReturnInstruction' to type 'Decompiler.Core.Code.Branch'.
       at Decompiler.Structure.AbsynCodeGenerator.BranchCondition(StructureNode node)
   at Decompiler.Structure.IfConditional.GenerateCode(AbsynCodeGenerator codeGen, StructureNode node, StructureNode latchNode, AbsynStatementEmitter emitter)
   at Decompiler.Structure.AbsynCodeGenerator.GenerateCode(StructureNode node, StructureNode latchNode, AbsynStatementEmitter emitter)
   at Decompiler.Structure.AbsynCodeGenerator.GenerateCode(StructureNode node, StructureNode latchNode, AbsynStatementEmitter emitter)
   at Decompiler.Structure.AbsynCodeGenerator.GenerateCode(StructureNode node, StructureNode latchNode, AbsynStatementEmitter emitter)
   at Decompiler.Structure.IfConditional.GenerateCode(AbsynCodeGenerator codeGen, StructureNode node, StructureNode latchNode, AbsynStatementEmitter emitter)
   at Decompiler.Structure.AbsynCodeGenerator.GenerateCode(StructureNode node, StructureNode latchNode, AbsynStatementEmitter emitter)
   at Decompiler.Structure.IfConditional.GenerateCode(AbsynCodeGenerator codeGen, StructureNode node, StructureNode latchNode, AbsynStatementEmitter emitter)
   at Decompiler.Structure.AbsynCodeGenerator.GenerateCode(StructureNode node, StructureNode latchNode, AbsynStatementEmitter emitter)
   at Decompiler.Structure.IfConditional.GenerateCode(AbsynCodeGenerator codeGen, StructureNode node, StructureNode latchNode, AbsynStatementEmitter emitter)
   at Decompiler.Structure.AbsynCodeGenerator.GenerateCode(StructureNode node, StructureNode latchNode, AbsynStatementEmitter emitter)
   at Decompiler.Structure.AbsynCodeGenerator.GenerateCode(StructureNode node, StructureNode latchNode, AbsynStatementEmitter emitter)
   at Decompiler.Structure.AbsynCodeGenerator.GenerateCode(StructureNode node, StructureNode latchNode, AbsynStatementEmitter emitter)
   at Decompiler.Structure.AbsynCodeGenerator.GenerateCode(ProcedureStructure proc, List`1 stms)
   at Decompiler.Structure.StructureAnalysis.GenerateStructuredCode()
   at Decompiler.Structure.StructureAnalysis.Structure()
   at Decompiler.DecompilerDriver.StructureProgram()
rewriting: Register word32 fn00411497(Stack word32 dwArg04)
rewriting: Register word32 fn0041149C(Stack word32 dwArg04, Stack word32 dwArg08)
rewriting: Register word32 fn004114A6(Register word32 edx, Register word32 ebp, Register selector fs, Stack word32 dwArg04, Register out ptr32 ebpOut, Register out ptr32 ediOut)
rewriting: Register word32 fn004114AB(Register word32 edi, Register selector fs, Stack word32 dwArg08, Register out ptr32 ediOut)
rewriting: void fn004114B0(Register word32 ebp, Register word32 edi, Register selector fs)
rewriting: Register word32 fn004114BA()
rewriting: Register word32 fn004114BF(Register word32 edi, Register selector fs)
rewriting: Register word32 fn004114E2(Register word32 edi, Register selector fs, Register out ptr32 ediOut)
rewriting: Register word32 fn004114EC(Register word32 edi, Register selector fs, Stack word32 dwArg04, Stack word32 dwArg08, Stack word32 dwArg0C, Stack word32 dwArg10, Stack word32 dwArg14, Register out ptr32 ediOut)
rewriting: Register word32 fn00411528(Register word32 ebp, Stack word32 dwArg04)
rewriting: Register word32 fn00411555(Register out ptr32 edxOut)
rewriting: void fn0041155A(Register selector fs, Stack word32 dwArg04, Stack word32 dwArg08)
rewriting: Register word32 fn00411564(Register word32 edi, Register selector fs, Register out ptr32 ebpOut, Register out ptr32 ediOut)
rewriting: Register word32 fn00411578(Register word32 edi, Register selector fs, Register out ptr32 ebpOut, Register out ptr32 ediOut)
rewriting: Register word32 fn0041157D(Register word32 edi, Register selector fs, Register out ptr32 ebpOut, Register out ptr32 ediOut)
rewriting: Register word32 fn00411587(Register word32 ebp, Register word32 edi, Register selector fs, Stack word32 dwArg04, Register out ptr32 ediOut)
rewriting: void fn0041158C(Register word32 edi, Register selector fs, Stack word32 dwArg04)
rewriting: Register word32 fn00411596(Register word32 ebp, Register word32 edi, Register selector fs, Register out ptr32 ediOut)
rewriting: Register word32 fn0041159B(Register word32 edx, Register selector fs, Register out ptr32 ebpOut)
rewriting: Register word32 fn004115A0()
rewriting: Register word32 fn004115B4()
rewriting: void fn00411D60(Register word32 edx, Register selector fs, Stack word32 dwArg04)
rewriting: void fn00412320(Register selector fs, Stack word32 dwArg00)
rewriting: Register word32 fn00412660(Register word32 edi, Register selector fs, Register out ptr32 ediOut)
rewriting: Register word32 fn004126A0(Register word32 edi, Register selector fs, Register out ptr32 ediOut)
rewriting: void fn004126E0()
rewriting: void fn00412930(Register word32 ebp, Register selector fs, Stack word32 dwArg04, Stack word32 dwArg08, Stack word32 dwArg0C, Stack word32 dwArg10)
rewriting: Register word32 fn00412A60(Register selector fs, Stack word32 dwArg04)
rewriting: Register word32 fn00412B00(Register selector fs, Stack word32 dwArg04, Stack word32 dwArg08, Stack word32 dwArg0C, Stack word32 dwArg10)
rewriting: Register word32 fn004130A0()
rewriting: Register word32 fn004130E0()
rewriting: void fn004132B0(Register word32 edi, Register selector fs, Stack word32 dwArg04, Stack word32 dwArg08, Stack word32 dwArg0C)
rewriting: void fn004133D0(Stack word32 dwArg04)
rewriting: void fn00413430(Stack word32 dwArg04, Stack word32 dwArg08)
rewriting: Register word32 fn00413460(Stack word32 dwArg04, Stack word32 dwArg08)
rewriting: void fn00413B80(Stack word32 dwArg04, Stack word32 dwArg08, Stack word32 dwArg0C, Stack word32 dwArg10, Stack word32 dwArg14)
rewriting: Register word32 fn00414C20(Register word32 eax, Stack word32 dwArg00)
rewriting: Register word32 fn00414CD0(Register word32 ebp, Register word32 edi, Register selector fs, Stack word32 dwArg04)
rewriting: void fn00414FE0()
rewriting: Register word32 fn00415390(Register word32 ebp, Register word32 edi, Register selector fs, Stack word32 dwArg04, Stack word32 dwArg08, Stack word32 dwArg0C, Stack word32 dwArg14, Register out ptr32 ecxOut)
rewriting: Register word32 fn00415880(Register word32 ebp, Register word32 edi, Register selector fs, Stack word32 dwArg14, Register out ptr32 ebpOut, Register out ptr32 ediOut)
rewriting: Register word32 fn004160C0(Register word32 ebp, Stack word32 dwArg04)
fn004160C0: error: An error occurred while rewriting procedure to high-level language.
    The given key was not present in the dictionary.
       at System.Collections.Generic.Dictionary`2.get_Item(TKey key)
   at Decompiler.Core.Lib.DominatorGraph`1.BuildDominanceFrontiers(DirectedGraph`1 graph, Dictionary`2 idoms)
   at Decompiler.Core.Lib.DominatorGraph`1..ctor(DirectedGraph`1 graph, T entryNode)
   at Decompiler.Structure.ProcedureStructureBuilder.AnalyzeGraph()
   at Decompiler.Structure.StructureAnalysis.BuildProcedureStructure()
   at Decompiler.Structure.StructureAnalysis.Structure()
   at Decompiler.DecompilerDriver.StructureProgram()
rewriting: Register word32 fn00416570()
rewriting: Register word32 fn004168D0(Register word32 edi, Register selector fs, Stack word32 dwArg04, Stack word32 dwArg08, Stack word32 dwArg0C, Stack word32 dwArg10, Register out ptr32 ediOut)
rewriting: Register word32 fn00416940(Register word32 edi, Register selector fs, Register out ptr32 ediOut)
rewriting: Register word32 fn004169C0(Register word32 ebp, Register word32 edi, Register selector fs, Register out ptr32 ediOut)
rewriting: Register word32 fn00416DD0(Register word32 edi, Register selector fs, Stack word32 dwArg04, Stack word32 dwArg08, Stack word32 dwArg0C, Stack word32 dwArg10, Stack word32 dwArg14, Register out ptr32 ediOut)
rewriting: Register word32 fn00416EC0(Register word32 eax, Register word32 ebp, Register word32 edi, Register selector fs, Stack word32 dwArg04, Stack word32 dwArg08, Stack word32 dwArg0C, Stack word32 dwArg10, Stack word32 dwArg14, Stack word32 dwArg18, Register out ptr32 ediOut)
rewriting: Register word32 fn004175B0(Register word32 eax, Register word32 ebp, Register word32 edi, Register selector fs, Register out ptr32 ediOut)
rewriting: Register word32 fn00417D50(Stack word32 dwArg04, Stack byte bArg08, Stack word32 dwArg0C, Register out ptr32 ecxOut)
rewriting: Register word32 fn00417DB0(Register word32 ebp, Register word32 edi, Register selector fs, Register out ptr32 ediOut)
rewriting: Register word32 fn00418190(Stack word32 dwArg04)
rewriting: Register word32 fn00418B40(Register word32 ebp, Register word32 edi, Register selector fs)
rewriting: Register word32 fn00419570(Stack word32 dwArg04)
rewriting: Register word32 fn00419600(Stack word32 dwArg04, Stack word32 dwArg08, Stack word32 dwArg0C)
rewriting: Register word32 fn00419680(Register word32 edi, Register selector fs, Stack word32 dwArg04)
rewriting: Register word32 fn00419A50(Stack word32 dwArg04)
rewriting: Register word32 fn00419AC0(Stack word32 dwArg04)
fn00419AC0: error: An error occurred while rewriting procedure to high-level language.
    Null condfollow
       at Decompiler.Structure.IfConditional.GenerateCode(AbsynCodeGenerator codeGen, StructureNode node, StructureNode latchNode, AbsynStatementEmitter emitter)
   at Decompiler.Structure.AbsynCodeGenerator.GenerateCode(StructureNode node, StructureNode latchNode, AbsynStatementEmitter emitter)
   at Decompiler.Structure.AbsynCodeGenerator.GenerateCode(StructureNode node, StructureNode latchNode, AbsynStatementEmitter emitter)
   at Decompiler.Structure.AbsynCodeGenerator.GenerateCode(ProcedureStructure proc, List`1 stms)
   at Decompiler.Structure.StructureAnalysis.GenerateStructuredCode()
   at Decompiler.Structure.StructureAnalysis.Structure()
   at Decompiler.DecompilerDriver.StructureProgram()
rewriting: void fn00419B60()
rewriting: Register word32 fn00419C00(Register word32 ebp, Register word32 edi, Register selector fs)
rewriting: Register word32 fn0041A010(Register word32 edi, Register selector fs, Register out ptr32 ediOut)
rewriting: Register word32 fn0041A040(Register word32 edi, Stack word32 dwArg04, Register out ptr32 ediOut)
rewriting: Register word32 fn0041A0B5(Register word32 edi, Stack word32 dwArg00, Stack word32 dwArg08, Stack word32 dwArg0C, Register out ptr32 ediOut)
rewriting: Register word32 fn0041B5E0()
rewriting: void fn0041D200(Stack word32 dwArg04, Stack word32 dwArg08, Stack word32 dwArg0C, Stack word32 dwArg10)
rewriting: Register word32 fn0041DC20(Stack word32 dwArg04)
rewriting: Register word32 fn0041DCE0(Stack word32 dwArg04)
rewriting: Register word32 fn0041DD20(Stack word32 dwArg04, Stack byte bArg08, Stack word32 dwArg0C)
rewriting: Register word32 fn0041DDD0(Register word32 ebp, Stack word32 dwArg04, Stack word32 dwArg08)
rewriting: Register word32 fn0041E360()
rewriting: Register word32 fn0041E5C0(Register word32 edi, Register selector fs, Stack word32 dwArg04, Register out ptr32 ediOut)
rewriting: Register word32 fn0041E610(Register word32 edi, Register selector fs, Stack word32 dwArg04, Stack word32 dwArg08, Register out ptr32 ediOut)
rewriting: Register word32 fn0041EDD0(Stack word32 dwArg04, Stack word32 dwArg08)
rewriting: Register word32 fn0041F640(Register word32 ebp, Register word32 edi, Register selector fs, Stack word32 dwArg04, Stack word32 dwArg08)
rewriting: Register word32 fn0041F960(Stack word32 dwArg04, Stack word32 dwArg08, Stack word32 dwArg0C, Stack word32 dwArg10, Register out ptr32 edxOut)
rewriting: Register word32 fn0041F9F0(Stack word32 dwArg04, Stack word32 dwArg08, Stack word32 dwArg0C, Stack word32 dwArg10)
rewriting: Register word32 fn0041FD80(Register word32 ebp, Register word32 edi, Register selector fs, Register out ptr32 ediOut)
fn0041FD80: error: An error occurred while rewriting procedure to high-level language.
    Null condfollow
       at Decompiler.Structure.IfConditional.GenerateCode(AbsynCodeGenerator codeGen, StructureNode node, StructureNode latchNode, AbsynStatementEmitter emitter)
   at Decompiler.Structure.AbsynCodeGenerator.GenerateCode(StructureNode node, StructureNode latchNode, AbsynStatementEmitter emitter)
   at Decompiler.Structure.IfConditional.GenerateCode(AbsynCodeGenerator codeGen, StructureNode node, StructureNode latchNode, AbsynStatementEmitter emitter)
   at Decompiler.Structure.AbsynCodeGenerator.GenerateCode(StructureNode node, StructureNode latchNode, AbsynStatementEmitter emitter)
   at Decompiler.Structure.IfConditional.GenerateCode(AbsynCodeGenerator codeGen, StructureNode node, StructureNode latchNode, AbsynStatementEmitter emitter)
   at Decompiler.Structure.AbsynCodeGenerator.GenerateCode(StructureNode node, StructureNode latchNode, AbsynStatementEmitter emitter)
   at Decompiler.Structure.Case.GenerateCode(AbsynCodeGenerator codeGen, StructureNode node, StructureNode latchNode, AbsynStatementEmitter emitter)
   at Decompiler.Structure.AbsynCodeGenerator.GenerateCode(StructureNode node, StructureNode latchNode, AbsynStatementEmitter emitter)
   at Decompiler.Structure.IfConditional.GenerateCode(AbsynCodeGenerator codeGen, StructureNode node, StructureNode latchNode, AbsynStatementEmitter emitter)
   at Decompiler.Structure.AbsynCodeGenerator.GenerateCode(StructureNode node, StructureNode latchNode, AbsynStatementEmitter emitter)
   at Decompiler.Structure.IfConditional.GenerateCode(AbsynCodeGenerator codeGen, StructureNode node, StructureNode latchNode, AbsynStatementEmitter emitter)
   at Decompiler.Structure.AbsynCodeGenerator.GenerateCode(StructureNode node, StructureNode latchNode, AbsynStatementEmitter emitter)
   at Decompiler.Structure.IfConditional.GenerateCode(AbsynCodeGenerator codeGen, StructureNode node, StructureNode latchNode, AbsynStatementEmitter emitter)
   at Decompiler.Structure.AbsynCodeGenerator.GenerateCode(StructureNode node, StructureNode latchNode, AbsynStatementEmitter emitter)
   at Decompiler.Structure.PreTestedLoop.GenerateCodeInner(AbsynCodeGenerator codeGen, StructureNode node, AbsynStatementEmitter emitter)
   at Decompiler.Structure.AbsynCodeGenerator.GenerateCode(StructureNode node, StructureNode latchNode, AbsynStatementEmitter emitter)
   at Decompiler.Structure.AbsynCodeGenerator.GenerateCode(StructureNode node, StructureNode latchNode, AbsynStatementEmitter emitter)
   at Decompiler.Structure.AbsynCodeGenerator.GenerateCode(StructureNode node, StructureNode latchNode, AbsynStatementEmitter emitter)
   at Decompiler.Structure.AbsynCodeGenerator.GenerateCode(ProcedureStructure proc, List`1 stms)
   at Decompiler.Structure.StructureAnalysis.GenerateStructuredCode()
   at Decompiler.Structure.StructureAnalysis.Structure()
   at Decompiler.DecompilerDriver.StructureProgram()
rewriting: Register word32 fn00420EC0(Register word32 edi, Register selector fs, Stack byte bArg04, Stack word32 dwArg08, Stack word32 dwArg0C, Register out ptr32 ediOut)
rewriting: Register word32 fn00420F90(Register word32 ebp, Register word32 edi, Register selector fs)
rewriting: Register word32 fn00420FE0(Register word32 ebp, Register word32 edi, Register selector fs, Stack word32 dwArg08, Stack word32 dwArg0C, Stack word32 dwArg10)
rewriting: Register word32 fn00421070(Stack word32 dwArg04)
rewriting: Register word32 fn00421090(Stack word32 dwArg04, Register out ptr32 edxOut)
rewriting: Register word32 fn004210C0(Stack word32 dwArg04, Register out ptr32 axOut)
rewriting: Register word32 fn00421290(Register word32 edi, Register selector fs, Stack word32 dwArg04, Register out ptr32 ediOut)
rewriting: void fn00421650(Stack word32 dwArg04, Stack word32 dwArg08, Stack word32 dwArg0C)
rewriting: Register word32 fn00421780(Register word32 edi, Register selector fs, Stack word32 dwArg04, Stack word32 dwArg08, Stack word32 dwArg0C, Register out ptr32 ediOut)
rewriting: Register word32 fn00421B60(Register word32 edi, Register selector fs, Stack word32 dwArg04)
rewriting: Register word32 fn00421C50(Stack word32 dwArg04)
rewriting: Register word32 fn00421E40(Stack word32 dwArg04, Stack word16 wArg08)
rewriting: Register word32 fn00421F00(Register word32 edi, Register selector fs, Register out ptr32 ediOut)
rewriting: Register word32 fn00422BD0(Register word32 edi, Register selector fs, Stack word32 dwArg04, Register out ptr32 ediOut)
from_boomerang/hello_cpp/ia32_pe_by_boomerang/subject.exe: error: An internal error occurred while decompiling.
    Unable to cast object of type 'Decompiler.Core.Types.StructureType' to type 'Decompiler.Core.Types.EquivalenceClass'.
       at Decompiler.Core.Output.GlobalDataWriter.WriteGlobals(Formatter formatter)
   at Decompiler.DecompilerDriver.WriteGlobals(Program program, TextWriter w)
   at Decompiler.DecompilerDriver.<>c__DisplayClass1b.<WriteDecompilerProducts>b__17(TextWriter w)
   at Decompiler.CmdLine.CmdLineHost.WriteGlobals(Program program, Action`1 writer)
   at Decompiler.DecompilerDriver.WriteDecompilerProducts()
   at Decompiler.DecompilerDriver.StructureProgram()
   at Decompiler.DecompilerDriver.Decompile(String filename)
