Using options:
0041F1D0: warning: The call or jump table has invalid addresses; stopping.
0041F1BD: warning: No valid entries could be found in jump vector.
0041F1A5: warning: Can't determine size of jump vector; probing only one entry.
0041F1CC: error: The method or operation is not implemented.
0041F1C4: error: The method or operation is not implemented.
0041F35C: warning: The call or jump table has invalid addresses; stopping.
0041F351: warning: No valid entries could be found in jump vector.
0041F358: error: The method or operation is not implemented.
0041F32B: warning: Can't determine size of jump vector; probing only one entry.
0041A041: warning: Procedure fn00411258 previously had a return address of 4 bytes on the stack, but now seems to have a return address of 0 bytes on the stack.
0041A290: warning: The call or jump table has invalid addresses; stopping.
0041A27D: warning: No valid entries could be found in jump vector.
0041A265: warning: Can't determine size of jump vector; probing only one entry.
0041A28C: error: The method or operation is not implemented.
0041A284: error: The method or operation is not implemented.
0041A41C: warning: The call or jump table has invalid addresses; stopping.
0041A411: warning: No valid entries could be found in jump vector.
0041A418: error: The method or operation is not implemented.
0041A3EB: warning: Can't determine size of jump vector; probing only one entry.
0041A290: warning: Expected sizes of arrays to have been determined by now
0041A41C: warning: Expected sizes of arrays to have been determined by now
0041A4C8: warning: Expected sizes of arrays to have been determined by now
0041F1D0: warning: Expected sizes of arrays to have been determined by now
0041F35C: warning: Expected sizes of arrays to have been determined by now
0041F408: warning: Expected sizes of arrays to have been determined by now
004251F8: warning: Expected sizes of arrays to have been determined by now
004255A8: warning: Expected sizes of arrays to have been determined by now
00428B60: warning: Expected sizes of arrays to have been determined by now
00428B70: warning: Expected sizes of arrays to have been determined by now
00428B98: warning: Expected sizes of arrays to have been determined by now
00428C60: warning: Expected sizes of arrays to have been determined by now
00428C64: warning: Expected sizes of arrays to have been determined by now
00428D1C: warning: Expected sizes of arrays to have been determined by now
00428D28: warning: Expected sizes of arrays to have been determined by now
00428D34: warning: Expected sizes of arrays to have been determined by now
00428D5C: warning: Expected sizes of arrays to have been determined by now
00428D80: warning: Expected sizes of arrays to have been determined by now
00429220: warning: Expected sizes of arrays to have been determined by now
00429224: warning: Expected sizes of arrays to have been determined by now
0042AE50: warning: Expected sizes of arrays to have been determined by now
00411D04: warning: Expected sizes of arrays to have been determined by now
00411E4D: warning: Expected sizes of arrays to have been determined by now
00411D04: warning: Expected sizes of arrays to have been determined by now
00411E4D: warning: Expected sizes of arrays to have been determined by now
0041A290: warning: Expected sizes of arrays to have been determined by now
0041A41C: warning: Expected sizes of arrays to have been determined by now
0041A4C8: warning: Expected sizes of arrays to have been determined by now
0041F1D0: warning: Expected sizes of arrays to have been determined by now
0041F35C: warning: Expected sizes of arrays to have been determined by now
0041F408: warning: Expected sizes of arrays to have been determined by now
004251F8: warning: Expected sizes of arrays to have been determined by now
004255A8: warning: Expected sizes of arrays to have been determined by now
00428B60: warning: Expected sizes of arrays to have been determined by now
00428B70: warning: Expected sizes of arrays to have been determined by now
00428B98: warning: Expected sizes of arrays to have been determined by now
00428C60: warning: Expected sizes of arrays to have been determined by now
00428C64: warning: Expected sizes of arrays to have been determined by now
00428D1C: warning: Expected sizes of arrays to have been determined by now
00428D28: warning: Expected sizes of arrays to have been determined by now
00428D34: warning: Expected sizes of arrays to have been determined by now
00428D5C: warning: Expected sizes of arrays to have been determined by now
00428D80: warning: Expected sizes of arrays to have been determined by now
00429220: warning: Expected sizes of arrays to have been determined by now
00429224: warning: Expected sizes of arrays to have been determined by now
0042AE50: warning: Expected sizes of arrays to have been determined by now
