INFO  an - ### holdec 1.1 Copyright 2003-2012 Raimar Falke
INFO  an - Using ./from_boomerang/fibo2/ia32_elf_by_boomerang/subject.exe as executable
read image                              : ............................................................ [ done ]
INFO  fG - Detected ELF (Executable and Linkable Format)
INFO  ks - wrote ./from_boomerang/fibo2/ia32_elf_by_boomerang/subject.exe.info
INFO  fG - disassembleAndWrite: start a new loop with 1 extra block starts
Disassemble                             : ............................................................ [ done ]
INFO  fG - disassembleAndWrite: running multiline
INFO  ks - wrote ./from_boomerang/fibo2/ia32_elf_by_boomerang/subject.exe.info
Preprocessing 223 asm lines             : ............................................................ [ done ]
INFO  ks - wrote ./from_boomerang/fibo2/ia32_elf_by_boomerang/subject.exe.info
INFO  fG - disassembleAndWrite: found 1 new addresses
INFO  fG - disassembleAndWrite: start a new loop with 2 extra block starts
Disassemble                             : ............................................................ [ done ]
INFO  fG - disassembleAndWrite: running multiline
INFO  ks - wrote ./from_boomerang/fibo2/ia32_elf_by_boomerang/subject.exe.info
Preprocessing 223 asm lines             : ............................................................ [ done ]
INFO  ks - wrote ./from_boomerang/fibo2/ia32_elf_by_boomerang/subject.exe.info
INFO  fG - disassembleAndWrite: found no new addresses. will stop now.
INFO  ks - wrote ./from_boomerang/fibo2/ia32_elf_by_boomerang/subject.exe.info
Preprocessing 254 asm lines             : ............................................................ [ done ]
INFO  ks - wrote ./from_boomerang/fibo2/ia32_elf_by_boomerang/subject.exe.info
INFO  fG - reading all asm lines ...
INFO  fG - ... read 254 asm lines
WARN  w - Address 00000000.0 is excluded by the address filter. Maybe outside text section?
WARN  w - Address 080480f4.0 is excluded by the address filter. Maybe outside text section?
WARN  w - Address 08048488.0 is excluded by the address filter. Maybe outside text section?
create blocks                           : ........................WARN  ag - Referencing unknown line 00000000.0
.................................... [ done ]
init blocks                             : ............................................................ [ done ]
Writing 17 methods to cache             : ............................................................ [ done ]
INFO  an - will decompile 7 functions
decompile scanf                         : .... failed: Block L0 calls block L1 which isn't available
decompile printf                        : .... failed: Block L0 calls block L1 which isn't available
decompile F_080482da                    : ............................................................ [ done ]
decompile fib1                          : .........WARN  ac - Block 3 is already known to have a starting stack offset of -12 but when called from 4 it has an offset of -28
................................................... [ done ]
decompile fib2                          : .WARN  ag - Referencing unknown line 0804835c.0
WARN  ag - Referencing unknown line 0804835c.0
........WARN  ac - Block 2 is already known to have a starting stack offset of -12 but when called from 3 it has an offset of -28
................................................... [ done ]
decompile main                          : .WARN  ag - Referencing unknown line 0804829c.0
WARN  ag - Referencing unknown line 0804827c.0
WARN  ag - Referencing unknown line 0804835c.0
WARN  ag - Referencing unknown line 0804829c.0
..INFO  fO - Skipping stack alignment: 080483a6.0+3 l.and esp,0xfffffff0
......................................................... [ done ]
decompile F_08048476                    : .WARN  ag - Referencing unknown line 080482f4.0
........................................................... [ done ]
