Possible file format: ELF for Intel 386 (Executable) (IDADIR/loaders/elf.so)

  bytes   pages size description
--------- ----- ---- --------------------------------------------
   524288    64 8192 allocating memory for b-tree...
    65536     8 8192 allocating memory for virtual array...
   262144    32 8192 allocating memory for name pointers...
-----------------------------------------------------------------
   851968            total memory allocated

Loading file 'SUBJECTS/from_boomerang/fromssa2/ia32_elf_by_boomerang/subject.exe' into database...
Detected file format: ELF for Intel 386 (Executable)
Loading processor module IDADIR/procs/pc.so for metapc...Initializing processor module metapc...OK
Autoanalysis subsystem has been initialized.
Assuming __cdecl calling convention by default
  0. Creating a new segment  (08048000-0804842C) ... ... OK
  1. Creating a new segment  (0804942C-08049530) ... ... OK
Assuming __cdecl calling convention by default
Type library 'gnulnx_x86' loaded. Applying types...
Types applied to 0 names.
  2. Creating a new segment  (08048230-08048247) ... ... OK
  3. Creating a new segment  (08048247-0804842C) ... ... OK
  4. Creating a new segment  (08048248-08048278) ... ... OK
  5. Creating a new segment  (08048278-0804842C) ... ... OK
  6. Creating a new segment  (08048278-080483EC) ... ... OK
     Deleting segment        (080483EC-0804842C) ...
  6. Creating a new segment  (080483EC-0804842C) ... ... OK
  7. Creating a new segment  (080483EC-08048407) ... ... OK
     Deleting segment        (08048407-0804842C) ...
  7. Creating a new segment  (08048407-0804842C) ... ... OK
  8. Creating a new segment  (08048408-08048426) ... ... OK
  9. Creating a new segment  (08048426-0804842C) ... ... OK
 10. Creating a new segment  (08048428-0804842C) ... ... OK
 11. Creating a new segment  (0804942C-08049438) ... ... OK
     Deleting segment        (08049438-08049530) ...
 11. Creating a new segment  (08049438-08049530) ... ... OK
 12. Creating a new segment  (08049500-08049508) ... ... OK
 13. Creating a new segment  (08049508-08049530) ... ... OK
 14. Creating a new segment  (08049508-08049510) ... ... OK
     Deleting segment        (08049510-08049530) ...
 14. Creating a new segment  (08049510-08049530) ... ... OK
 15. Creating a new segment  (08049510-08049514) ... ... OK
     Deleting segment        (08049514-08049530) ...
 15. Creating a new segment  (08049514-08049530) ... ... OK
 16. Creating a new segment  (08049514-0804952C) ... ... OK
     Deleting segment        (0804952C-08049530) ...
 16. Creating a new segment  (0804952C-08049530) ... ... OK
     Deleting segment        (0804952C-08049530) ...
 16. Creating a new segment  (0804952C-08049530) ... ... OK
 17. Creating a new segment  (08049530-08049531) ... ... OK
 18. Creating a new segment  (08049534-08049540) ... ... OK
 19. Creating a new segment  (08049540-080495EC) ... ... OK
Processing relocations...
DWARF: File "SUBJECTS/from_boomerang/fromssa2/ia32_elf_by_boomerang/subject.exe" contains DWARF information.
DWARF: Functions: 0 symbols applied
DWARF: Globals: 1 symbol applied
Marking typical code sequences...
Flushing buffers, please wait...ok
File 'SUBJECTS/from_boomerang/fromssa2/ia32_elf_by_boomerang/subject.exe' has been successfully loaded into the database.
Hex-Rays Decompiler plugin has been loaded (v7.5.0.201028)
  The hotkeys are F5: decompile, Ctrl-F5: decompile all.
  Please check the Edit/Plugins menu for more informaton.
IDAPython Hex-Rays bindings initialized.
IDA is analysing the input file...
You may start to explore the input file right now.
Propagating type information...
Function argument information has been propagated
lumina: applied metadata to 3 functions.
The initial autoanalysis has been finished.
Flushing buffers, please wait...ok
TIMESTAMP decompiling 8048248 size=0000000C times=0...
The decompiler assumes that the segment '.got' is read-only because of its NAME.
All data references to the segment will be replaced by constant values.
This may lead to drastic changes in the decompiler output.
If the segment is not read-only, please change the segment NAME.

In general, the decompiler checks the segment permissions, class, and name
to determine if it is read-only.
 -> OK
TIMESTAMP decompiling 804829C size=00000022 times=0...
TIMESTAMP decompiling 80482C0 size=0000003A times=0...
TIMESTAMP decompiling 80482FC size=0000002A times=0...
TIMESTAMP decompiling 8048328 size=00000039 times=0...
TIMESTAMP decompiling 80483C8 size=00000024 times=0...
TIMESTAMP decompiling 8048230 size=00000017 times=0...
TIMESTAMP decompiling 8048364 size=00000030 times=0...
TIMESTAMP decompiling 80483EC size=0000001B times=0...
TIMESTAMP decompiling 8048394 size=00000034 times=0...
TIMESTAMP decompiling 8048278 size=00000022 times=0...
TIMESTAMP The application has been completely decompiled.
Unloading IDP module IDADIR/procs/pc.so...
