[I] JEB 4.11.0.202201181921 (jeb-ce) is starting...
[I] Current directory: SUBJECTS
[I] Base directory: JEBDIR
[I] System: Mac OS X 12.2 (aarch64) de_DE
[I] Java: Homebrew 17.0.1
[I] Memory Usage: 39.2M used (224.8M free, 6.0G max)
[I] Initializing Jython, please wait...
Processing file: SUBJECTS/from_decompile-it.com/gem64/ia32_elf_from_website/subject.exe...
[I] {subject.exe > subject.exe > x86 image}: Detected compiler: unknown (Linux)
[I] {subject.exe > subject.exe > x86 image}: Initial native analysis styles: code gaps: PROLOGUES_ONLY, data gaps: DEFAULT
[I] {subject.exe > subject.exe > x86 image}: Analysis completed (1s)
[I] {subject.exe > subject.exe > x86 image}: Initial analysis created 128 methods
Output folder: jeb_output
  0/128: Method: vercmp
  1/128: 1/128: vercmp (DONE:269ms)
  1/128: Method: __i686.get_pc_thunk.bx
  2/128: 2/128: __i686.get_pc_thunk.bx (DONE:4ms)
  2/128: Method: sub_8048A7A
  3/128: 3/128: sub_8048A7A (DONE:13ms)
  3/128: Method: →sprintf
  4/128: 4/128: →sprintf (DONE:16ms)
  4/128: Method: →fwrite
  5/128: 5/128: →fwrite (DONE:20ms)
  5/128: Method: →__errno_location
  6/128: 6/128: →__errno_location (DONE:11ms)
  6/128: Method: →fclose
  7/128: 7/128: →fclose (DONE:11ms)
  7/128: Method: →strcpy
  8/128: 8/128: →strcpy (DONE:10ms)
  8/128: Method: →memcpy
  9/128: 9/128: →memcpy (DONE:16ms)
  9/128: Method: →strerror
 10/128: 10/128: →strerror (DONE:11ms)
 10/128: Method: →fprintf
 11/128: 11/128: →fprintf (DONE:11ms)
 11/128: Method: →fopen
 12/128: 12/128: →fopen (DONE:8ms)
 12/128: Method: →putenv
 13/128: 13/128: →putenv (DONE:9ms)
 13/128: Method: →__stack_chk_fail
 14/128: 14/128: →__stack_chk_fail (DONE:6ms)
 14/128: Method: →system
 15/128: 15/128: →system (DONE:7ms)
 15/128: Method: →free
 16/128: 16/128: →free (DONE:7ms)
 16/128: Method: →strcmp
 17/128: 17/128: →strcmp (DONE:7ms)
 17/128: Method: →strtok
 18/128: 18/128: →strtok (DONE:7ms)
 18/128: Method: →malloc
 19/128: 19/128: →malloc (DONE:7ms)
 19/128: Method: →fgets
 20/128: 20/128: →fgets (DONE:10ms)
 20/128: Method: →strtol
 21/128: 21/128: →strtol (DONE:9ms)
 21/128: Method: →strlen
 22/128: 22/128: →strlen (DONE:8ms)
 22/128: Method: →exit
 23/128: 23/128: →exit (DONE:7ms)
 23/128: Method: →strchr
 24/128: 24/128: →strchr (DONE:7ms)
 24/128: Method: →strstr
 25/128: 25/128: →strstr (DONE:9ms)
 25/128: Method: find_pos
 26/128: 26/128: find_pos (DONE:264ms)
 26/128: Method: print_done
 27/128: 27/128: print_done (DONE:30ms)
 27/128: Method: →mkstemp
 28/128: 28/128: →mkstemp (DONE:12ms)
 28/128: Method: →chdir
 29/128: 29/128: →chdir (DONE:7ms)
 29/128: Method: →rewind
 30/128: 30/128: →rewind (DONE:6ms)
 30/128: Method: →readdir
 31/128: 31/128: →readdir (DONE:6ms)
 31/128: Method: →opendir
 32/128: 32/128: →opendir (DONE:8ms)
 32/128: Method: →strdup
 33/128: 33/128: →strdup (DONE:7ms)
 33/128: Method: basename
 34/128: 34/128: basename (DONE:141ms)
 34/128: Method: →__isoc99_sscanf
 35/128: 35/128: →__isoc99_sscanf (DONE:12ms)
 35/128: Method: →strrchr
 36/128: 36/128: →strrchr (DONE:12ms)
 36/128: Method: →fflush
 37/128: 37/128: →fflush (DONE:16ms)
 37/128: Method: →calloc
 38/128: 38/128: →calloc (DONE:8ms)
 38/128: Method: →closedir
 39/128: 39/128: →closedir (DONE:6ms)
 39/128: Method: →getenv
 40/128: 40/128: →getenv (DONE:6ms)
 40/128: Method: →strncpy
 41/128: 41/128: →strncpy (DONE:7ms)
 41/128: Method: →strcat
 42/128: 42/128: →strcat (DONE:6ms)
 42/128: Method: →remove
 43/128: 43/128: →remove (DONE:6ms)
 43/128: Method: chop
 44/128: 44/128: chop (DONE:177ms)
 44/128: Method: →open
 45/128: 45/128: →open (DONE:7ms)
 45/128: Method: →__isoc99_fscanf
 46/128: 46/128: →__isoc99_fscanf (DONE:6ms)
 46/128: Method: →vsprintf
 47/128: 47/128: →vsprintf (DONE:7ms)
 47/128: Method: print_error
 48/128: 48/128: print_error (DONE:74ms)
 48/128: Method: print_warning
 49/128: 49/128: print_warning (DONE:45ms)
 49/128: Method: insert_str
 50/128: 50/128: insert_str (DONE:1046ms)
 50/128: Method: delete_str
 51/128: 51/128: delete_str (DONE:307ms)
 51/128: Method: register_entries_gisman2
 52/128: 52/128: register_entries_gisman2 (DONE:95ms)
 52/128: Method: →getopt_long
 53/128: 53/128: →getopt_long (DONE:7ms)
 53/128: Method: →close
 54/128: 54/128: →close (DONE:5ms)
 54/128: Method: →fputc
 55/128: 55/128: →fputc (DONE:6ms)
 55/128: Method: →getcwd
 56/128: 56/128: →getcwd (DONE:6ms)
 56/128: Method: is_text
 57/128: 57/128: is_text (DONE:103ms)
 57/128: Method: show_help
 58/128: 58/128: show_help (DONE:618ms)
 58/128: Method: new_item
 59/128: 59/128: new_item (DONE:216ms)
 59/128: Method: check_ext_menu
 60/128: 60/128: check_ext_menu (DONE:82ms)
 60/128: Method: new_ext_html
 61/128: 61/128: new_ext_html (DONE:687ms)
 61/128: Method: __do_global_dtors_aux
 62/128: 62/128: __do_global_dtors_aux (DONE:45ms)
 62/128: Method: frame_dummy
 63/128: 63/128: frame_dummy (DONE:14ms)
 63/128: Method: __do_global_ctors_aux
 64/128: 64/128: __do_global_ctors_aux (DONE:50ms)
 64/128: Method: →fputs
 65/128: 65/128: →fputs (DONE:6ms)
 65/128: Method: print_cfg
 66/128: 66/128: print_cfg (DONE:56ms)
 66/128: Method: →srand
 67/128: 67/128: →srand (DONE:5ms)
 67/128: Method: →__cxa_atexit
 68/128: 68/128: →__cxa_atexit (DONE:5ms)
 68/128: Method: atexit
 69/128: 69/128: atexit (DONE:22ms)
 69/128: Method: register_html
 70/128: 70/128: register_html (DONE:853ms)
 70/128: Method: →__xstat
 71/128: 71/128: →__xstat (DONE:6ms)
 71/128: Method: stat
 72/128: 72/128: stat (DONE:20ms)
 72/128: Method: →__gmon_start__
 73/128: 73/128: →__gmon_start__ (DONE:5ms)
 73/128: Method: →__libc_start_main
 74/128: 74/128: →__libc_start_main (DONE:5ms)
 74/128: Method: →setvbuf
 75/128: 75/128: →setvbuf (DONE:6ms)
 75/128: Method: →rand
 76/128: 76/128: →rand (DONE:4ms)
 76/128: Method: su
 77/128: 77/128: su (DONE:83ms)
 77/128: Method: mkdir_s
 78/128: 78/128: mkdir_s (DONE:28ms)
 78/128: Method: show_version
 79/128: 79/128: show_version (DONE:85ms)
 79/128: Method: check_filetype
 80/128: 80/128: check_filetype (DONE:45ms)
 80/128: Method: is_submenu
 81/128: 81/128: is_submenu (DONE:42ms)
 81/128: Method: new_submenu
 82/128: 82/128: new_submenu (DONE:576ms)
 82/128: Method: deregister_entries_gisman2
 83/128: 83/128: deregister_entries_gisman2 (DONE:76ms)
 83/128: Method: wget_extension
 84/128: 84/128: wget_extension (DONE:67ms)
 84/128: Method: source_clean
 85/128: 85/128: source_clean (DONE:92ms)
 85/128: Method: delete_ext_html
 86/128: 86/128: delete_ext_html (DONE:204ms)
 86/128: Method: deregister_entries_gisman
 87/128: 87/128: deregister_entries_gisman (DONE:2008ms)
 87/128: Method: run_post
 88/128: 88/128: run_post (DONE:174ms)
 88/128: Method: restore_html
 89/128: 89/128: restore_html (DONE:1669ms)
 89/128: Method: list_binaries
 90/128: 90/128: list_binaries (DONE:180ms)
 90/128: Method: binaries_exist
 91/128: 91/128: binaries_exist (DONE:132ms)
 91/128: Method: unpack_extension
 92/128: 92/128: unpack_extension (DONE:451ms)
 92/128: Method: deregister_html
 93/128: 93/128: deregister_html (DONE:686ms)
 93/128: Method: exit_env
 94/128: 94/128: exit_env (DONE:3ms)
 94/128: Method: __libc_csu_fini
 95/128: 95/128: __libc_csu_fini (DONE:2ms)
 95/128: Method: dump_str
 96/128: 96/128: dump_str (DONE:40ms)
 96/128: Method: exit_msg
 97/128: 97/128: exit_msg (DONE:31ms)
 97/128: Method: exit_tmp
 98/128: 98/128: exit_tmp (DONE:70ms)
 98/128: Method: exit_db
 99/128: 99/128: exit_db (DONE:360ms)
 99/128: Method: _start
100/128: 100/128: _start (DONE:14ms)
100/128: Method: dump_ascii
101/128: 101/128: dump_ascii (DONE:68ms)
101/128: Method: list_extensions
102/128: 102/128: list_extensions (DONE:74ms)
102/128: Method: show_details
103/128: 103/128: show_details (DONE:77ms)
103/128: Method: show_license
104/128: 104/128: show_license (DONE:75ms)
104/128: Method: query_extension
105/128: 105/128: query_extension (DONE:202ms)
105/128: Method: dump_html
106/128: 106/128: dump_html (DONE:108ms)
106/128: Method: dump_plain
107/128: 107/128: dump_plain (DONE:68ms)
107/128: Method: nc_fgets
108/128: 108/128: nc_fgets (DONE:59ms)
108/128: Method: depstr
109/128: 109/128: depstr (DONE:176ms)
109/128: Method: register_entries_gisman
110/128: 110/128: register_entries_gisman (DONE:1659ms)
110/128: Method: register_extension
111/128: 111/128: register_extension (DONE:786ms)
111/128: Method: nc_fgets_html
112/128: 112/128: nc_fgets_html (DONE:731ms)
112/128: Method: get_package_name
113/128: 113/128: get_package_name (DONE:55ms)
113/128: Method: deregister_extension
114/128: 114/128: deregister_extension (DONE:301ms)
114/128: Method: uninstall
115/128: 115/128: uninstall (DONE:371ms)
115/128: Method: initializer_0
116/128: 116/128: initializer_0 (DONE:20ms)
116/128: Method: __libc_csu_init
117/128: 117/128: __libc_csu_init (DONE:38ms)
117/128: Method: restore_entries_gisman
118/128: 118/128: restore_entries_gisman (DONE:2225ms)
118/128: Method: restore
119/128: 119/128: restore (DONE:183ms)
119/128: Method: check_extension
120/128: 120/128: check_extension (DONE:222ms)
120/128: Method: get_configure_options
121/128: 121/128: get_configure_options (DONE:55ms)
121/128: Method: finalizer_0
122/128: 122/128: finalizer_0 (DONE:14ms)
122/128: Method: nc_fgets_nb
123/128: 123/128: nc_fgets_nb (DONE:74ms)
123/128: Method: check_dependencies
124/128: 124/128: check_dependencies (DONE:502ms)
124/128: Method: bin_install
125/128: 125/128: bin_install (DONE:898ms)
125/128: Method: source_install
126/128: 126/128: source_install (DONE:1350ms)
126/128: Method: test_install
127/128: 127/128: test_install (DONE:1015ms)
127/128: Method: main
128/128: 128/128: main (DONE:16061ms)
Exectime: 42.520000 sec
[I] Done.
