Level | File                                    | Message
====================================================================================================
Msg   | src/boomerang/util/log/Log.cpp          | This is Boomerang v0.3.99-alpha-1914-ged7a3e1
Msg   | src/boomerang/util/log/Log.cpp          | Log initialized.
Msg   | src/boomerang/core/Project.cpp          | Loading plugins...
Msg   | src/boomerang/core/Project.cpp          | Loaded plugins:
Msg   | src/boomerang/core/Project.cpp          |   DOS4GW loader plugin v0.3.99-alpha-1914-ged7a3e1 (by 'Boomerang developers')
Msg   | src/boomerang/core/Project.cpp          |   ELF32 loader plugin v0.3.99-alpha-1914-ged7a3e1 (by 'Boomerang developers')
Msg   | src/boomerang/core/Project.cpp          |   DOS Exe loader plugin v0.3.99-alpha-1914-ged7a3e1 (by 'Boomerang developers')
Msg   | src/boomerang/core/Project.cpp          |   HP SOM loader plugin v0.3.99-alpha-1914-ged7a3e1 (by 'Boomerang developers')
Msg   | src/boomerang/core/Project.cpp          |   Mach-O executable loader plugin v0.3.99-alpha-1914-ged7a3e1 (by 'Boomerang developers')
Msg   | src/boomerang/core/Project.cpp          |   Palm OS executable loader plugin v0.3.99-alpha-1914-ged7a3e1 (by 'Boomerang developers')
Msg   | src/boomerang/core/Project.cpp          |   Win32 PE loader plugin v0.3.99-alpha-1914-ged7a3e1 (by 'Boomerang developers')
Msg   | src/boomerang/core/Project.cpp          | Loading binary file 'from_boomerang/fbranch2/ia32_elf_by_boomerang/subject.exe'
Msg   | src/boomerang/ssl/RTLInstDict.cpp       | Loading machine specifications from 'BOOMERANGSRCDIR/build/out/share/boomerang/ssl/pentium.ssl'...
Msg   | src/boomerang/db/Prog.cpp               | Reading library signatures...
Msg   | src/boomerang/core/Project.cpp          | Decoding entry point...
Msg   | src/boomerang/frontend/DefaultFrontEnd. | Starting decode at address 0x080483e4
Msg   | src/boomerang/core/Project.cpp          | Decoding anything undecoded...
Msg   | src/boomerang/frontend/DefaultFrontEnd. | Looking for undecoded procedures to decode...
Msg   | src/boomerang/core/Project.cpp          | Found 1 procs
Msg   | src/boomerang-cli/CommandlineDriver.cpp | Decompiling...
Msg   | src/boomerang/decomp/ProgDecompiler.cpp | Decompiling entry point 'main'
Msg   | src/boomerang/decomp/ProcDecompiler.cpp | Visiting procedure 'main'
Msg   | src/boomerang/decomp/ProcDecompiler.cpp | Decompiling procedure 'main'
Msg   | src/boomerang/decomp/ProcDecompiler.cpp | Finished decompile of 'main'
Msg   | src/boomerang/decomp/ProgDecompiler.cpp | Performing global type analysis...
Msg   | src/boomerang/decomp/ProgDecompiler.cpp | Removing unused returns...
Msg   | src/boomerang/decomp/ProgDecompiler.cpp | Removing unused returns...
Msg   | src/boomerang/decomp/ProgDecompiler.cpp | Performing global type analysis...
Msg   | src/boomerang/decomp/ProgDecompiler.cpp | Transforming from SSA form...
Warn  | src/boomerang/visitor/stmtmodifier/Stmt | Forcing type of local 'eax' from '__size32' to 'int' due to library constraints
Error | src/boomerang/visitor/expmodifier/ExpSS | Could not find local or parameter for r25{4}!!
Error | src/boomerang/visitor/expmodifier/ExpSS | Could not find local or parameter for r26{4}!!
Warn  | src/boomerang/visitor/stmtmodifier/Stmt | Forcing type of local 'esp' from '__size32' to 'void' due to library constraints
Error | src/boomerang/visitor/expmodifier/ExpSS | Could not find local or parameter for r25{5}!!
Error | src/boomerang/visitor/expmodifier/ExpSS | Could not find local or parameter for r26{5}!!
Error | src/boomerang/visitor/expmodifier/ExpSS | Could not find local or parameter for r25{8}!!
Error | src/boomerang/visitor/expmodifier/ExpSS | Could not find local or parameter for r26{8}!!
Error | src/boomerang/visitor/expmodifier/ExpSS | Could not find local or parameter for r25{11}!!
Error | src/boomerang/visitor/expmodifier/ExpSS | Could not find local or parameter for r26{11}!!
Error | src/boomerang/visitor/expmodifier/ExpSS | Could not find local or parameter for r25{14}!!
Error | src/boomerang/visitor/expmodifier/ExpSS | Could not find local or parameter for r26{14}!!
Error | src/boomerang/visitor/expmodifier/ExpSS | Could not find local or parameter for r25{17}!!
Error | src/boomerang/visitor/expmodifier/ExpSS | Could not find local or parameter for r26{17}!!
Error | src/boomerang/visitor/expmodifier/ExpSS | Could not find local or parameter for r25{20}!!
Error | src/boomerang/visitor/expmodifier/ExpSS | Could not find local or parameter for r26{20}!!
Error | src/boomerang/visitor/expmodifier/ExpSS | Could not find local or parameter for r25{23}!!
Error | src/boomerang/visitor/expmodifier/ExpSS | Could not find local or parameter for r26{23}!!
Error | src/boomerang/visitor/expmodifier/ExpSS | Could not find local or parameter for r25{0}!!
Error | src/boomerang/visitor/expmodifier/ExpSS | Could not find local or parameter for r26{0}!!
Error | src/boomerang/visitor/expmodifier/ExpSS | Could not find local or parameter for r29{0}!!
Error | src/boomerang/visitor/expmodifier/ExpSS | Could not find local or parameter for r29{0}!!
Error | src/boomerang/visitor/expmodifier/ExpSS | Could not find local or parameter for m[esp - 64]{0}!!
Error | src/boomerang/visitor/expmodifier/ExpSS | Could not find local or parameter for tmp1{0}!!
Error | src/boomerang/visitor/expmodifier/ExpSS | Could not find local or parameter for %flags{0}!!
Error | src/boomerang/visitor/expmodifier/ExpSS | Could not find local or parameter for %ZF{0}!!
Error | src/boomerang/visitor/expmodifier/ExpSS | Could not find local or parameter for %CF{0}!!
Msg   | src/boomerang/decomp/ProgDecompiler.cpp | Removing unused global variables...
Msg   | src/boomerang/decomp/ProgDecompiler.cpp | Decompilation finished.
Msg   | src/boomerang/core/Project.cpp          | Generating code...
Msg   | src/boomerang-cli/CommandlineDriver.cpp | Output written to '_output'
Msg   | src/boomerang-cli/CommandlineDriver.cpp | Completed in some time
