INFO  07:02:45 kN - ### holdec 1.0 Copyright 2003-2012 Raimar Falke
read image                              : ............................................................ [  0.01s]
INFO  07:02:45 ke - wrote ./from_boomerang/fbranch2/ia32_elf_by_boomerang/subject.exe.info
INFO  07:02:45 fA - disassembleAndWrite: start a new loop with 1 extra block starts
Disassemble                             : ............................................................ [  0.07s]
INFO  07:02:45 fA - disassembleAndWrite: running multiline
INFO  07:02:45 ke - wrote ./from_boomerang/fbranch2/ia32_elf_by_boomerang/subject.exe.info
Preprocess gi                           : ............................................................ [  0.01s]
Preprocess gk                           : ............................................................ [  0.00s]
Preprocess gc                           : ............................................................ [  0.00s]
Preprocess fK                           : ............................................................ [  0.01s]
Preprocess fS                           : ............................................................ [  0.00s]
Preprocess fR                           : ............................................................ [  0.00s]
Preprocess fQ                           : ............................................................ [  0.00s]
Preprocess gj                           : ............................................................ [  0.00s]
Preprocess fU                           : ............................................................ [  0.00s]
Preprocess gb                           : ............................................................ [  0.00s]
Preprocess gh                           : ............................................................ [  0.02s]
Preprocess gl                           : ............................................................ [  0.02s]
Preprocess fW                           : ............................................................ [  0.01s]
Preprocess fI                           : ............................................................ [  0.01s]
Preprocess fT                           : ............................................................ [  0.01s]
Preprocess ge                           : ............................................................ [  0.01s]
Preprocess fL                           : ............................................................ [  0.01s]
Preprocess gg                           : ............................................................ [  0.01s]
Preprocess fJ                           : ............................................................ [  0.00s]
Preprocess fZ                           : ............................................................ [  0.01s]
Preprocess gd                           : ............................................................ [  0.00s]
Preprocess ga                           : ............................................................ [  0.00s]
Preprocess fO                           : ............................................................ [  0.00s]
Preprocess gf                           : ............................................................ [  0.00s]
Preprocess fY                           : ............................................................ [  0.01s]
Preprocess fM                           : ............................................................ [  0.01s]
Preprocess fN                           : ............................................................ [  0.01s]
Preprocess fX                           : ............................................................ [  0.01s]
Preprocess fV                           : ............................................................ [  0.00s]
INFO  07:02:45 ke - wrote ./from_boomerang/fbranch2/ia32_elf_by_boomerang/subject.exe.info
INFO  07:02:45 fA - disassembleAndWrite: found no new addresses. will stop now.
INFO  07:02:45 ke - wrote ./from_boomerang/fbranch2/ia32_elf_by_boomerang/subject.exe.info
Preprocess gi                           : ............................................................ [  0.01s]
Preprocess gk                           : ............................................................ [  0.00s]
Preprocess gc                           : ............................................................ [  0.01s]
Preprocess fK                           : ............................................................ [  0.00s]
Preprocess fS                           : ............................................................ [  0.00s]
Preprocess fR                           : ............................................................ [  0.00s]
Preprocess fQ                           : ............................................................ [  0.00s]
Preprocess gj                           : ............................................................ [  0.00s]
Preprocess fU                           : ............................................................ [  0.00s]
Preprocess gb                           : ............................................................ [  0.00s]
Preprocess gh                           : ............................................................ [  0.00s]
Preprocess gl                           : ............................................................ [  0.00s]
Preprocess fW                           : ............................................................ [  0.00s]
Preprocess fI                           : ............................................................ [  0.00s]
Preprocess fT                           : ............................................................ [  0.00s]
Preprocess ge                           : ............................................................ [  0.00s]
Preprocess fL                           : ............................................................ [  0.00s]
Preprocess gg                           : ............................................................ [  0.00s]
Preprocess fJ                           : ............................................................ [  0.00s]
Preprocess fZ                           : ............................................................ [  0.00s]
Preprocess gd                           : ............................................................ [  0.00s]
Preprocess ga                           : ............................................................ [  0.00s]
Preprocess fO                           : ............................................................ [  0.00s]
Preprocess gf                           : ............................................................ [  0.00s]
Preprocess fY                           : ............................................................ [  0.00s]
Preprocess fM                           : ............................................................ [  0.00s]
Preprocess fN                           : ............................................................ [  0.00s]
Preprocess fX                           : ............................................................ [  0.00s]
Preprocess fV                           : ............................................................ [  0.00s]
INFO  07:02:46 ke - wrote ./from_boomerang/fbranch2/ia32_elf_by_boomerang/subject.exe.info
INFO  07:02:46 fA - reading all asm lines ...
INFO  07:02:46 fA - ... read 325 asm lines
WARN  07:02:46 w - Address 08048114.0 is excluded by the address filter. Maybe outside text section?
WARN  07:02:46 w - Address 080485b8.0 is excluded by the address filter. Maybe outside text section?
create blocks                           : ............................................................ [  0.01s]
init blocks                             : ............................................................ [  0.00s]
Writing 18 methods to cache             : ............................................................ [  0.00s]
INFO  07:02:46 am - will decompile 18 functions
decompile _init                         : ............................................................ [  0.08s]
decompile F_080482f0                    : ... failed: There is no target block for index 0
decompile F_08048300                    : ... failed: There is no target block for index 0
decompile F_08048310                    : ... failed: There is no target block for index 0
decompile F_08048320                    : ... failed: There is no target block for index 0
decompile F_08048330                    : ... failed: There is no target block for index 0
decompile _start                        : ...INFO  07:02:46 fG - Skipping stack alignment: 08048345.0+3 l.and esp,0xfffffff0
......................................................... [  0.19s]
decompile call_gmon_start               : ............................................................ [  0.09s]
decompile F_0804836e                    : ............................................................ [  0.05s]
decompile __do_global_dtors_aux         : ...................................................WARN  07:02:46 o -   load size differs from loaded size for g_0x08049724 vs. LOAD(ADDR(g_0x08049724))
......... [  0.16s]
decompile frame_dummy                   : ............................................................ [  0.09s]
decompile main                          : ...INFO  07:02:46 fG - Skipping stack alignment: 080483ea.0+3 l.and esp,0xfffffff0
......................................................... [  0.59s]
decompile __libc_csu_init               : ..........................ERROR 07:02:47 o - Can't find a setter for reg_0_local for block 0
.. failed: Don't know about reg_0_local have information about [reg_24_local0, reg_20_local0, reg_16_local0, reg_12_local0, reg_aj0, reg_result0, reg_8_local0, reg_var20, reg_var10, reg_pp5, reg_pp4, reg_result1, reg_var21, reg_var11, reg_pp6]
decompile F_0804852a                    : ............................................................ [  0.13s]
decompile __libc_csu_fini               : ............................................................ [  0.01s]
decompile __do_global_ctors_aux         : ............................................................ [  0.06s]
decompile _fini                         : ............................................................ [  0.07s]
decompile F_080485a6                    : ............................................................ [  0.03s]
