Using options:
rewriting: void fn00001000()
fn00001000: error: An error occurred while rewriting procedure to high-level language.
    Unable to cast object of type 'Decompiler.Core.Code.ReturnInstruction' to type 'Decompiler.Core.Code.Branch'.
       at Decompiler.Structure.AbsynCodeGenerator.BranchCondition(StructureNode node)
   at Decompiler.Structure.IfConditional.GenerateCode(AbsynCodeGenerator codeGen, StructureNode node, StructureNode latchNode, AbsynStatementEmitter emitter)
   at Decompiler.Structure.AbsynCodeGenerator.GenerateCode(StructureNode node, StructureNode latchNode, AbsynStatementEmitter emitter)
   at Decompiler.Structure.AbsynCodeGenerator.GenerateCode(StructureNode node, StructureNode latchNode, AbsynStatementEmitter emitter)
   at Decompiler.Structure.AbsynCodeGenerator.GenerateCode(StructureNode node, StructureNode latchNode, AbsynStatementEmitter emitter)
   at Decompiler.Structure.IfConditional.GenerateCode(AbsynCodeGenerator codeGen, StructureNode node, StructureNode latchNode, AbsynStatementEmitter emitter)
   at Decompiler.Structure.AbsynCodeGenerator.GenerateCode(StructureNode node, StructureNode latchNode, AbsynStatementEmitter emitter)
   at Decompiler.Structure.IfConditional.GenerateCode(AbsynCodeGenerator codeGen, StructureNode node, StructureNode latchNode, AbsynStatementEmitter emitter)
   at Decompiler.Structure.AbsynCodeGenerator.GenerateCode(StructureNode node, StructureNode latchNode, AbsynStatementEmitter emitter)
   at Decompiler.Structure.AbsynCodeGenerator.GenerateCode(StructureNode node, StructureNode latchNode, AbsynStatementEmitter emitter)
   at Decompiler.Structure.AbsynCodeGenerator.GenerateCode(ProcedureStructure proc, List`1 stms)
   at Decompiler.Structure.StructureAnalysis.GenerateStructuredCode()
   at Decompiler.Structure.StructureAnalysis.Structure()
   at Decompiler.DecompilerDriver.StructureProgram()
rewriting: Register word32 fn00001092()
rewriting: void fn000010BE()
rewriting: Register word32 fn000010DA()
rewriting: void fn000012F4()
rewriting: void fn00001316()
