INFO  holdec.an - ### holdec 1.1 Copyright 2003-2012 Raimar Falke
INFO  holdec.an - Using ./from_boomerang/callchain/ia32_elf_by_boomerang/subject.exe as executable
INFO  holdec.fG - Detected ELF (Executable and Linkable Format)
INFO  holdec.ks - reading info from ./from_boomerang/callchain/ia32_elf_by_boomerang/input.info
INFO  holdec.ks - wrote ./from_boomerang/callchain/ia32_elf_by_boomerang/input.info.canonFormat
INFO  holdec.fG - disassembleAndWrite: start a new loop with 1 extra block starts
INFO  holdec.fG - disassembleAndWrite: running multiline
INFO  holdec.ks - wrote ./from_boomerang/callchain/ia32_elf_by_boomerang/input.info
INFO  holdec.ks - wrote ./from_boomerang/callchain/ia32_elf_by_boomerang/input.info
INFO  holdec.fG - disassembleAndWrite: found 4 new addresses
INFO  holdec.fG - disassembleAndWrite: start a new loop with 5 extra block starts
INFO  holdec.fG - disassembleAndWrite: running multiline
INFO  holdec.ks - wrote ./from_boomerang/callchain/ia32_elf_by_boomerang/input.info
INFO  holdec.ks - wrote ./from_boomerang/callchain/ia32_elf_by_boomerang/input.info
WARN  holdec.fE - Ignore overlapping address 08048f1d[1,0].3
WARN  holdec.fE - Ignore overlapping address 08048f25[1,0].3
INFO  holdec.fG - disassembleAndWrite: found no new addresses. will stop now.
INFO  holdec.ks - wrote ./from_boomerang/callchain/ia32_elf_by_boomerang/input.info
INFO  holdec.ks - wrote ./from_boomerang/callchain/ia32_elf_by_boomerang/input.info
INFO  holdec.fG - reading all asm lines ...
INFO  holdec.fG - ... read 1410 asm lines
WARN  holdec.w - Address 080480d4.0 is excluded by the address filter. Maybe outside text section?
WARN  holdec.w - Address 080494b4.0 is excluded by the address filter. Maybe outside text section?
WARN  holdec.w - Address d0048f44.0 is excluded by the address filter. Maybe outside text section?
WARN  holdec.ag - Referencing unknown line d0048f44.0
INFO  holdec.an - will decompile 5 functions
WARN  holdec.ag - Referencing unknown line 08048828.0
WARN  holdec.ag - Referencing unknown line 080489a0.0
WARN  holdec.ag - Referencing unknown line 08048990.0
WARN  holdec.ag - Referencing unknown line 08048980.0
WARN  holdec.ag - Referencing unknown line 080489b0.0
