Analyzing './from_boomerang/callchain/ia32_elf_by_boomerang/subject.exe' as a x86 32 ELF binary file.

0 Procs, 0 Labels, 0 Branches, 0 / 0 kB covered
./from_boomerang/callchain/ia32_elf_by_boomerang/subject.exe: no .debug_info section
./from_boomerang/callchain/ia32_elf_by_boomerang/subject.exe: 28 sections starting at 0x00003ACC
./from_boomerang/callchain/ia32_elf_by_boomerang/subject.exe: section string table at 0x00003EDC, 0xE4 bytes
 Offset:  [ix]  Address    Size    Offset  Name
00003ACC: [ 0] 00000000 00000000 00000000 
00003AF4: [ 1] 080480D4 00000011 000000D4 .interp
00003B1C: [ 2] 080480E8 00000170 000000E8 .hash
00003B44: [ 3] 08048258 000003B0 00000258 .dynsym
00003B6C: [ 4] 08048608 00000160 00000608 .dynstr
00003B94: [ 5] 08048768 00000020 00000768 .SUNW_version
00003BBC: [ 6] 08048788 00000008 00000788 .rel.bss
00003BE4: [ 7] 08048790 00000048 00000790 .rel.plt
00003C0C: [ 8] 080487D8 000000A0 000007D8 .plt
00003C34: [ 9] 08048878 00000BE9 00000878 .text
00003C5C: [10] 08049470 00000023 00001470 .init
00003C84: [11] 080494A0 00000013 000014A0 .fini
00003CAC: [12] 080494B4 0000001A 000014B4 .rodata
00003CD4: [13] 0804A4D0 00000030 000014D0 .got
00003CFC: [14] 0804A500 00000098 00001500 .dynamic
00003D24: [15] 0804A598 00000004 00001598 .data
00003D4C: [16] 0804A59C 00000008 0000159C .ctors
00003D74: [17] 0804A5A4 00000008 000015A4 .dtors
00003D9C: [18] 0804A5AC 00000500 000015AC .eh_frame
00003DC4: [19] 0804AAAC 00000020 00001AAC .bss
00003DEC: [20] 00000000 00000650 00001AAC .symtab
00003E14: [21] 00000000 0000034E 000020FC .strtab
00003E3C: [22] 00000000 000001FF 0000244A .comment
00003E64: [23] 00000000 00000024 0000264C .stab.index
00003E8C: [24] 00000000 000011EC 00002670 .debug
00003EB4: [25] 00000000 0000006C 0000385C .debug_pubnames
00003EDC: [26] 00000000 000000E4 000038C8 .shstrtab
00003F04: [27] 00000000 0000011D 000039AC .stab.indexstr
Matching signatures...
0 Procs, 0 Labels, 0 Branches, 0 / 6 kB covered
0 Procs, 0 Labels, 0 Branches, 0 / 6 kB covered
Separating code and data...
0 Procs, 0 Labels, 0 Branches, 0 / 6 kB covered
0 Procs, 2 Labels, 1 Branches, 0 / 6 kB covered
0 Procs, 5 Labels, 3 Branches, 0 / 6 kB covered
0 Procs, 6 Labels, 4 Branches, 0 / 6 kB covered
0 Procs, 7 Labels, 5 Branches, 0 / 6 kB covered
0 Procs, 8 Labels, 6 Branches, 0 / 6 kB covered
0 Procs, 9 Labels, 7 Branches, 0 / 6 kB covered
0 Procs, 10 Labels, 8 Branches, 0 / 6 kB covered
0 Procs, 11 Labels, 9 Branches, 0 / 6 kB covered
0 Procs, 12 Labels, 10 Branches, 0 / 6 kB covered
0 Procs, 13 Labels, 11 Branches, 0 / 6 kB covered
0 Procs, 14 Labels, 12 Branches, 0 / 6 kB covered
0 Procs, 15 Labels, 13 Branches, 0 / 6 kB covered
0 Procs, 16 Labels, 14 Branches, 0 / 6 kB covered
0 Procs, 17 Labels, 15 Branches, 0 / 6 kB covered
0 Procs, 18 Labels, 16 Branches, 0 / 6 kB covered
0 Procs, 19 Labels, 17 Branches, 0 / 6 kB covered
0 Procs, 20 Labels, 18 Branches, 0 / 6 kB covered
0 Procs, 21 Labels, 19 Branches, 0 / 6 kB covered
0 Procs, 49 Labels, 53 Branches, 0 / 6 kB covered
0 Procs, 50 Labels, 53 Branches, 0 / 6 kB covered
0 Procs, 67 Labels, 68 Branches, 0 / 6 kB covered
0 Procs, 70 Labels, 70 Branches, 0 / 6 kB covered
0 Procs, 70 Labels, 70 Branches, 0 / 6 kB covered
0 Procs, 72 Labels, 72 Branches, 0 / 6 kB covered
0 Procs, 72 Labels, 72 Branches, 0 / 6 kB covered
0 Procs, 72 Labels, 72 Branches, 0 / 6 kB covered
0 Procs, 72 Labels, 72 Branches, 0 / 6 kB covered
0 Procs, 72 Labels, 72 Branches, 0 / 6 kB covered
0 Procs, 72 Labels, 72 Branches, 0 / 6 kB covered
0 Procs, 76 Labels, 75 Branches, 0 / 6 kB covered
0 Procs, 83 Labels, 79 Branches, 0 / 6 kB covered
0 Procs, 89 Labels, 83 Branches, 0 / 6 kB covered
0 Procs, 97 Labels, 88 Branches, 0 / 6 kB covered
0 Procs, 109 Labels, 97 Branches, 0 / 6 kB covered
0 Procs, 125 Labels, 112 Branches, 0 / 6 kB covered
0 Procs, 149 Labels, 128 Branches, 0 / 6 kB covered
0 Procs, 164 Labels, 140 Branches, 0 / 6 kB covered
0 Procs, 180 Labels, 152 Branches, 0 / 6 kB covered
0 Procs, 180 Labels, 152 Branches, 0 / 6 kB covered
0 Procs, 181 Labels, 154 Branches, 0 / 6 kB covered
0 Procs, 181 Labels, 154 Branches, 0 / 6 kB covered
0 Procs, 196 Labels, 170 Branches, 0 / 6 kB covered
0 Procs, 196 Labels, 170 Branches, 0 / 6 kB covered
0 Procs, 199 Labels, 172 Branches, 0 / 6 kB covered
0 Procs, 199 Labels, 172 Branches, 0 / 6 kB covered
0 Procs, 201 Labels, 174 Branches, 0 / 6 kB covered
61 Procs, 201 Labels, 174 Branches, 0 / 6 kB covered
61 Procs, 201 Labels, 174 Branches, 0 / 6 kB covered
61 Procs, 201 Labels, 174 Branches, 0 / 6 kB covered
61 Procs, 201 Labels, 174 Branches, 0 / 6 kB covered
61 Procs, 201 Labels, 174 Branches, 0 / 6 kB covered
61 Procs, 201 Labels, 174 Branches, 0 / 6 kB covered
61 Procs, 201 Labels, 174 Branches, 0 / 6 kB covered
61 Procs, 201 Labels, 174 Branches, 0 / 6 kB covered
61 Procs, 201 Labels, 174 Branches, 0 / 6 kB covered
61 Procs, 201 Labels, 174 Branches, 0 / 6 kB covered
61 Procs, 201 Labels, 174 Branches, 0 / 6 kB covered
61 Procs, 201 Labels, 174 Branches, 0 / 6 kB covered
61 Procs, 201 Labels, 174 Branches, 0 / 6 kB covered
61 Procs, 201 Labels, 174 Branches, 0 / 6 kB covered
61 Procs, 201 Labels, 174 Branches, 0 / 6 kB covered
61 Procs, 201 Labels, 174 Branches, 0 / 6 kB covered
61 Procs, 201 Labels, 174 Branches, 0 / 6 kB covered
61 Procs, 201 Labels, 174 Branches, 0 / 6 kB covered
61 Procs, 201 Labels, 174 Branches, 0 / 6 kB covered
61 Procs, 201 Labels, 174 Branches, 0 / 6 kB covered
61 Procs, 201 Labels, 174 Branches, 0 / 6 kB covered
61 Procs, 201 Labels, 174 Branches, 0 / 6 kB covered
61 Procs, 201 Labels, 174 Branches, 0 / 6 kB covered
61 Procs, 201 Labels, 174 Branches, 0 / 6 kB covered
61 Procs, 201 Labels, 174 Branches, 0 / 6 kB covered
61 Procs, 201 Labels, 174 Branches, 0 / 6 kB covered
61 Procs, 201 Labels, 174 Branches, 0 / 6 kB covered
61 Procs, 201 Labels, 174 Branches, 0 / 6 kB covered
61 Procs, 201 Labels, 174 Branches, 0 / 6 kB covered
61 Procs, 201 Labels, 174 Branches, 0 / 6 kB covered
61 Procs, 201 Labels, 174 Branches, 0 / 6 kB covered
61 Procs, 201 Labels, 174 Branches, 0 / 6 kB covered
61 Procs, 201 Labels, 174 Branches, 0 / 6 kB covered
61 Procs, 201 Labels, 174 Branches, 0 / 6 kB covered
61 Procs, 201 Labels, 174 Branches, 0 / 6 kB covered
61 Procs, 201 Labels, 174 Branches, 0 / 6 kB covered
61 Procs, 201 Labels, 174 Branches, 0 / 6 kB covered
61 Procs, 201 Labels, 174 Branches, 0 / 6 kB covered
61 Procs, 201 Labels, 174 Branches, 0 / 6 kB covered
61 Procs, 201 Labels, 174 Branches, 0 / 6 kB covered
61 Procs, 201 Labels, 174 Branches, 0 / 6 kB covered
61 Procs, 201 Labels, 174 Branches, 0 / 6 kB covered
61 Procs, 201 Labels, 174 Branches, 0 / 6 kB covered
61 Procs, 201 Labels, 174 Branches, 0 / 6 kB covered
61 Procs, 201 Labels, 174 Branches, 0 / 6 kB covered
61 Procs, 201 Labels, 174 Branches, 0 / 6 kB covered
61 Procs, 201 Labels, 174 Branches, 0 / 6 kB covered
61 Procs, 201 Labels, 174 Branches, 0 / 6 kB covered
61 Procs, 201 Labels, 174 Branches, 0 / 6 kB covered
61 Procs, 201 Labels, 174 Branches, 0 / 6 kB covered
61 Procs, 201 Labels, 174 Branches, 0 / 6 kB covered
61 Procs, 201 Labels, 174 Branches, 0 / 6 kB covered
61 Procs, 201 Labels, 174 Branches, 0 / 6 kB covered
61 Procs, 201 Labels, 174 Branches, 0 / 6 kB covered
61 Procs, 201 Labels, 174 Branches, 0 / 6 kB covered
61 Procs, 201 Labels, 174 Branches, 0 / 6 kB covered
61 Procs, 201 Labels, 174 Branches, 0 / 6 kB covered
61 Procs, 201 Labels, 174 Branches, 0 / 6 kB covered
61 Procs, 201 Labels, 174 Branches, 0 / 6 kB covered
61 Procs, 201 Labels, 174 Branches, 0 / 6 kB covered
61 Procs, 201 Labels, 174 Branches, 0 / 6 kB covered
61 Procs, 201 Labels, 174 Branches, 0 / 6 kB covered
61 Procs, 201 Labels, 174 Branches, 0 / 6 kB covered
Resolving indirect jumps...
61 Procs, 201 Labels, 174 Branches, 0 / 6 kB covered
61 Procs, 201 Labels, 174 Branches, 0 / 6 kB covered
Resolving constants and strings...
61 Procs, 201 Labels, 174 Branches, 0 / 6 kB covered
Discovering unreached functions...
61 Procs, 201 Labels, 174 Branches, 0 / 6 kB covered
Computing call tree...
61 Procs, 201 Labels, 174 Branches, 0 / 6 kB covered
Computing calling conventions...
61 Procs, 201 Labels, 174 Branches, 0 / 6 kB covered
Computing Calling Convention: 1/61  0x080487E8
Computing Calling Convention: 2/61  0x080487EE
Computing Calling Convention: 3/61  0x080487F8
Computing Calling Convention: 4/61  0x080487FE
Computing Calling Convention: 5/61  0x08048808
Computing Calling Convention: 6/61  0x0804880E
Computing Calling Convention: 7/61  0x08048818
Computing Calling Convention: 8/61  0x0804881E
Computing Calling Convention: 9/61  0x08048828
Computing Calling Convention: 10/61  0x0804882E
Computing Calling Convention: 11/61  0x08048838
Computing Calling Convention: 12/61  0x0804883E
Computing Calling Convention: 13/61  0x08048848
Computing Calling Convention: 14/61  0x0804884E
Computing Calling Convention: 15/61  0x08048858
Computing Calling Convention: 16/61  0x0804885E
Computing Calling Convention: 17/61  0x08048868
Computing Calling Convention: 18/61  0x0804886E
Computing Calling Convention: 20/61  0x080488E7
Computing Calling Convention: 22/61  0x080488F1
Computing Calling Convention: 24/61  0x08048931
Computing Calling Convention: 26/61  0x08048949
Computing Calling Convention: 28/61  0x08048971
Computing Calling Convention: 29/61  0x08048980
Computing Calling Convention: 30/61  0x08048990
Computing Calling Convention: 31/61  0x080489A0
Computing Calling Convention: 32/61  0x080489B0
Computing Calling Convention: 33/61  0x080489C4
Computing Calling Convention: 34/61  0x080489E4
Computing Calling Convention: 35/61  0x08048A20
Computing Calling Convention: 36/61  0x08048A7C
Computing Calling Convention: 37/61  0x08048AD4
Computing Calling Convention: 39/61  0x08048B12
Computing Calling Convention: 41/61  0x08048BA2
Computing Calling Convention: 43/61  0x08048C8E
Computing Calling Convention: 45/61  0x08048D2E
Computing Calling Convention: 47/61  0x08048E46
Computing Calling Convention: 49/61  0x080491D1
Computing Calling Convention: 51/61  0x08049219
Computing Calling Convention: 53/61  0x0804925D
Computing Calling Convention: 55/61  0x080492BD
Computing Calling Convention: 57/61  0x08049422
Computing Calling Convention: 59/61  0x08049455
Computing Calling Convention: 3/18  0x08048928
Computing Calling Convention: 5/18  0x08048968
Computing Calling Convention: 6/18  0x08048B04
Computing Calling Convention: 7/18  0x08048B94
Computing Calling Convention: 8/18  0x08048C80
Computing Calling Convention: 9/18  0x08048D20
Computing Calling Convention: 10/18  0x08048E38
Computing Calling Convention: 11/18  0x080491C8
Computing Calling Convention: 12/18  0x08049210
Computing Calling Convention: 13/18  0x08049254
Computing Calling Convention: 14/18  0x080492AC
Computing Calling Convention: 15/18  0x08049418
Computing Calling Convention: 16/18  0x0804944C
Computing Calling Convention: 2/5  0x080488E8
Computing Calling Convention: 3/5  0x08048940
Computing Calling Convention: 4/5  0x08049470
Computing Calling Convention: 5/5  0x080494A0
Computing Calling Convention: 1/1  0x08048878
Computing label cross-references...
61 Procs, 201 Labels, 174 Branches, 0 / 6 kB covered
File analysis complete.
61 Procs, 201 Labels, 174 Branches, 0 / 6 kB covered

Decompiling 1/61: 0x080487E8
Decompiling 2/61: 0x080487EE
Decompiling 3/61: 0x080487F8
Decompiling 4/61: 0x080487FE
Decompiling 5/61: 0x08048808
Decompiling 6/61: 0x0804880E
Decompiling 7/61: 0x08048818
Decompiling 8/61: 0x0804881E
Decompiling 9/61: 0x08048828
Decompiling 10/61: 0x0804882E
Decompiling 11/61: 0x08048838
Decompiling 12/61: 0x0804883E
Decompiling 13/61: 0x08048848
Decompiling 14/61: 0x0804884E
Decompiling 15/61: 0x08048858
Decompiling 16/61: 0x0804885E
Decompiling 17/61: 0x08048868
Decompiling 18/61: 0x0804886E
Decompiling 19/61: 0x08048878
Decompiling 20/61: 0x080488E7
Decompiling 21/61: 0x080488E8
Decompiling 22/61: 0x080488F1
Decompiling 23/61: 0x08048928
Decompiling 24/61: 0x08048931
Decompiling 25/61: 0x08048940
Decompiling 26/61: 0x08048949
Decompiling 27/61: 0x08048968
Decompiling 28/61: 0x08048971
Decompiling 29/61: 0x08048980
Decompiling 30/61: 0x08048990
Decompiling 31/61: 0x080489A0
Decompiling 32/61: 0x080489B0
Decompiling 33/61: 0x080489C4
Decompiling 34/61: 0x080489E4
Decompiling 35/61: 0x08048A20
Decompiling 36/61: 0x08048A7C
Decompiling 37/61: 0x08048AD4
Decompiling 38/61: 0x08048B04
Decompiling 39/61: 0x08048B12
Decompiling 40/61: 0x08048B94
Decompiling 41/61: 0x08048BA2
Decompiling 42/61: 0x08048C80
Decompiling 43/61: 0x08048C8E
Decompiling 44/61: 0x08048D20
Decompiling 45/61: 0x08048D2E
Decompiling 46/61: 0x08048E38
Decompiling 47/61: 0x08048E46
Decompiling 48/61: 0x080491C8
Decompiling 49/61: 0x080491D1
Decompiling 50/61: 0x08049210
Decompiling 51/61: 0x08049219
Decompiling 52/61: 0x08049254
Decompiling 53/61: 0x0804925D
Decompiling 54/61: 0x080492AC
Decompiling 55/61: 0x080492BD
Decompiling 56/61: 0x08049418
Decompiling 57/61: 0x08049422
Decompiling 58/61: 0x0804944C
Decompiling 59/61: 0x08049455
Decompiling 60/61: 0x08049470
Decompiling 61/61: 0x080494A0
Decompiling 61/61: 0x080494A0

