Analyzing './from_boomerang/fbranch/sparc_elf_from_boomerang/subject.exe' as a Sparc 32 ELF binary file.

0 Procs, 0 Labels, 0 Branches, 0 / 0 kB covered
./from_boomerang/fbranch/sparc_elf_from_boomerang/subject.exe: no .debug_info section
./from_boomerang/fbranch/sparc_elf_from_boomerang/subject.exe: 29 sections starting at 0x0000162C
./from_boomerang/fbranch/sparc_elf_from_boomerang/subject.exe: section string table at 0x00001A64, 0xEE bytes
 Offset:  [ix]  Address    Size    Offset  Name
0000162C: [ 0] 00000000 00000000 00000000 
00001654: [ 1] 000100D4 00000011 000000D4 .interp
0000167C: [ 2] 000100E8 000000C4 000000E8 .hash
000016A4: [ 3] 000101AC 00000180 000001AC .dynsym
000016CC: [ 4] 0001032C 00000116 0000032C .dynstr
000016F4: [ 5] 00010444 00000020 00000444 .SUNW_version
0000171C: [ 6] 00010464 00000024 00000464 .rela.got
00001744: [ 7] 00010488 0000000C 00000488 .rela.bss
0000176C: [ 8] 00010494 0000006C 00000494 .rela.plt
00001794: [ 9] 00010500 0000038C 00000500 .text
000017BC: [10] 0001088C 0000001C 0000088C .init
000017E4: [11] 000108A8 00000014 000008A8 .fini
0000180C: [12] 000108C0 0000007C 000008C0 .rodata
00001834: [13] 0002093C 00000028 0000093C .got
0000185C: [14] 00020964 000000A0 00000964 .plt
00001884: [15] 00020A04 000000B8 00000A04 .dynamic
000018AC: [16] 00020ABC 0000000C 00000ABC .data
000018D4: [17] 00020AC8 00000008 00000AC8 .ctors
000018FC: [18] 00020AD0 00000008 00000AD0 .dtors
00001924: [19] 00020AD8 00000004 00000AD8 .eh_frame
0000194C: [20] 00020ADC 00000004 00000ADC .jcr
00001974: [21] 00020AE0 00000004 00000AE0 .data.rel.local
0000199C: [22] 00020AE4 00000020 00000AE4 .bss
000019C4: [23] 00000000 00000500 00000AE4 .symtab
000019EC: [24] 00000000 00000275 00000FE4 .strtab
00001A14: [25] 00000000 0000014A 00001259 .comment
00001A3C: [26] 00000000 00000024 000013A4 .stab.index
00001A64: [27] 00000000 000000EE 000013C8 .shstrtab
00001A8C: [28] 00000000 00000176 000014B6 .stab.indexstr
Matching signatures...
0 Procs, 0 Labels, 0 Branches, 0 / 2 kB covered
0 Procs, 0 Labels, 0 Branches, 0 / 2 kB covered
Separating code and data...
0 Procs, 0 Labels, 0 Branches, 0 / 2 kB covered
0 Procs, 51 Labels, 44 Branches, 0 / 2 kB covered
0 Procs, 52 Labels, 44 Branches, 0 / 2 kB covered
0 Procs, 52 Labels, 45 Branches, 0 / 2 kB covered
0 Procs, 52 Labels, 45 Branches, 0 / 2 kB covered
0 Procs, 52 Labels, 46 Branches, 0 / 2 kB covered
0 Procs, 52 Labels, 46 Branches, 0 / 2 kB covered
0 Procs, 52 Labels, 46 Branches, 0 / 2 kB covered
0 Procs, 52 Labels, 47 Branches, 0 / 2 kB covered
0 Procs, 52 Labels, 47 Branches, 0 / 2 kB covered
0 Procs, 53 Labels, 49 Branches, 0 / 2 kB covered
21 Procs, 53 Labels, 49 Branches, 0 / 2 kB covered
21 Procs, 53 Labels, 49 Branches, 0 / 2 kB covered
21 Procs, 53 Labels, 49 Branches, 0 / 2 kB covered
21 Procs, 53 Labels, 49 Branches, 0 / 2 kB covered
21 Procs, 53 Labels, 49 Branches, 0 / 2 kB covered
21 Procs, 53 Labels, 49 Branches, 0 / 2 kB covered
21 Procs, 53 Labels, 49 Branches, 0 / 2 kB covered
21 Procs, 53 Labels, 49 Branches, 0 / 2 kB covered
21 Procs, 53 Labels, 49 Branches, 0 / 2 kB covered
21 Procs, 53 Labels, 49 Branches, 0 / 2 kB covered
21 Procs, 53 Labels, 49 Branches, 0 / 2 kB covered
21 Procs, 53 Labels, 49 Branches, 0 / 2 kB covered
21 Procs, 53 Labels, 49 Branches, 0 / 2 kB covered
21 Procs, 53 Labels, 49 Branches, 0 / 2 kB covered
Resolving indirect jumps...
21 Procs, 53 Labels, 49 Branches, 0 / 2 kB covered
21 Procs, 53 Labels, 49 Branches, 0 / 2 kB covered
Resolving constants and strings...
21 Procs, 53 Labels, 49 Branches, 0 / 2 kB covered
Discovering unreached functions...
21 Procs, 53 Labels, 49 Branches, 0 / 2 kB covered
Computing call tree...
21 Procs, 53 Labels, 49 Branches, 0 / 2 kB covered
Computing calling conventions...
21 Procs, 53 Labels, 49 Branches, 0 / 2 kB covered
Computing Calling Convention: 2/21  0x00010574
Computing Calling Convention: 3/21  0x0001057C
Computing Calling Convention: 4/21  0x0001062C
Computing Calling Convention: 6/21  0x000106C0
Computing Calling Convention: 8/21  0x00010824
Computing Calling Convention: 9/21  0x0001082C
Computing Calling Convention: 10/21  0x0001087C
Computing Calling Convention: 12/21  0x000108A8
Computing Calling Convention: 13/21  0x00020994
Computing Calling Convention: 14/21  0x000209A0
Computing Calling Convention: 15/21  0x000209AC
Computing Calling Convention: 16/21  0x000209B8
Computing Calling Convention: 17/21  0x000209C4
Computing Calling Convention: 18/21  0x000209D0
Computing Calling Convention: 19/21  0x000209DC
Computing Calling Convention: 20/21  0x000209E8
Computing Calling Convention: 21/21  0x000209F4
Computing Calling Convention: 2/4  0x0001063C
Computing Calling Convention: 3/4  0x000106D0
Computing Calling Convention: 4/4  0x0001088C
Computing Calling Convention: 1/1  0x00010500
Computing label cross-references...
21 Procs, 53 Labels, 49 Branches, 0 / 2 kB covered
File analysis complete.
21 Procs, 53 Labels, 49 Branches, 0 / 2 kB covered

Decompiling 1/21: 0x00010500
Decompiling 2/21: 0x00010574
Decompiling 3/21: 0x0001057C
Decompiling 4/21: 0x0001062C
Decompiling 5/21: 0x0001063C
Decompiling 6/21: 0x000106C0
Decompiling 7/21: 0x000106D0
Decompiling 8/21: 0x00010824
Decompiling 9/21: 0x0001082C
Decompiling 10/21: 0x0001087C
Decompiling 11/21: 0x0001088C
Decompiling 12/21: 0x000108A8
Decompiling 13/21: 0x00020994
Decompiling 14/21: 0x000209A0
Decompiling 15/21: 0x000209AC
Decompiling 16/21: 0x000209B8
Decompiling 17/21: 0x000209C4
Decompiling 18/21: 0x000209D0
Decompiling 19/21: 0x000209DC
Decompiling 20/21: 0x000209E8
Decompiling 21/21: 0x000209F4
Decompiling 21/21: 0x000209F4

