Using options:
00010674: warning: Unable to resolve imported reference __register_frame_info.
000106AC: warning: Unable to resolve imported reference _Jv_RegisterClasses.
00010858: warning: Call target address 00000018 is invalid.
        [Test]
        public void SparcRw_fbe()
        {
            BuildTest(0x13800007);	// fbe	00010778
            AssertCode(
                "0|L--|0001075C(4): 1 instructions",
                "1|L--|@@@");
        }

0001075C: warning: SPARC instruction 'fbe' is not supported yet.
        [Test]
        public void SparcRw_fble()
        {
            BuildTest(0x1B800016);	// fble	000107F4
            AssertCode(
                "0|L--|0001079C(4): 1 instructions",
                "1|L--|@@@");
        }

0001079C: warning: SPARC instruction 'fble' is not supported yet.
000105D0: warning: Call target address 5441424C is invalid.
00010608: warning: Unable to resolve imported reference __deregister_frame_info.
