JEB 4.0-beta.3.202103090424 (jeb-ce) is starting...
Current directory: SUBJECTS
Base directory: JEBDIR
Program directory: JEBDIR/bin
Java: Oracle Corporation 15.0.1
External plugin loaded: com.pnf.plugin.androidjnihelper.DynamicJNIDetectionPlugin
External plugin loaded: com.pnf.androsig.gen.AndroidSigGenPlugin
External plugin loaded: com.pnf.androsig.apply.andsig.AndroidSigApplyPlugin
External plugin loaded: com.pnf.plugin.oat.OATPlugin
External plugin loaded: com.pnf.plugin.pdf.PdfPlugin
External plugin loaded: com.pnf.diemvm.DiemIdentifier
External plugin loaded: com.pnf.diemvm.DiemDisassemblerPlugin
External plugin loaded: com.pnf.diemvm.DiemDecompilerPlugin
Initializing Jython, please wait...
Processing file: SUBJECTS/from_holdec/simple_float_ops/ia32_elf_gcc_O2/subject.exe...
{subject.exe > subject.exe > x86 image}: Compiler detected from file format analysis -> unknown (Linux)
{subject.exe > subject.exe > x86 image}: Initial native analysis styles: code gaps: LINEAR_SWEEP - data gaps: DEFAULT
{subject.exe > subject.exe > x86 image}: Itanium RTTI memory scanner: cannot find sections to scan
{subject.exe > subject.exe > x86 image}: No RTTI information recovered
{subject.exe > subject.exe > x86 image}: Initial analysis completed (32 internal methods created)
Output folder: jeb_output
  0/ 32: Method: __x86.get_pc_thunk.bx
  1/ 32: 1/32: __x86.get_pc_thunk.bx (DONE:102ms)
  1/ 32: Method: sub_80482D0
  2/ 32: 2/32: sub_80482D0 (DONE:30ms)
  2/ 32: Method: register_tm_clones
  3/ 32: 3/32: register_tm_clones (DONE:84ms)
  3/ 32: Method: sub_8048300
  4/ 32: 4/32: sub_8048300 (DONE:12ms)
  4/ 32: Method: deregister_tm_clones
  5/ 32: 5/32: deregister_tm_clones (DONE:48ms)
  5/ 32: Method: sub_80482E6
  6/ 32: 6/32: sub_80482E6 (DONE:22ms)
  6/ 32: Method: sub_80482E0
  7/ 32: 7/32: sub_80482E0 (DONE:43ms)
  7/ 32: Method: sub_80482F6
  8/ 32: 8/32: sub_80482F6 (DONE:18ms)
  8/ 32: Method: initializer_1
  9/ 32: 9/32: initializer_1 (DONE:45ms)
  9/ 32: Method: initializer_0
 10/ 32: 10/32: initializer_0 (DONE:67ms)
 10/ 32: Method: sub_80482F0
 11/ 32: 11/32: sub_80482F0 (DONE:14ms)
 11/ 32: Method: write_ints
 12/ 32: 12/32: write_ints (DONE:100ms)
 12/ 32: Method: write_floats
 13/ 32: 13/32: write_floats (DONE:52ms)
 13/ 32: Method: converting_between_floats_f1
 14/ 32: 14/32: converting_between_floats_f1 (DONE:27ms)
 14/ 32: Method: converting_between_floats_f2
 15/ 32: 15/32: converting_between_floats_f2 (DONE:22ms)
 15/ 32: Method: converting_between_floats_d1
 16/ 32: 16/32: converting_between_floats_d1 (DONE:17ms)
 16/ 32: Method: converting_between_floats_d2
 17/ 32: 17/32: converting_between_floats_d2 (DONE:26ms)
 17/ 32: Method: converting_between_floats_l1
 18/ 32: 18/32: converting_between_floats_l1 (DONE:17ms)
 18/ 32: Method: converting_between_floats_l2
 19/ 32: 19/32: converting_between_floats_l2 (DONE:17ms)
 19/ 32: Method: __libc_csu_fini
 20/ 32: 20/32: __libc_csu_fini (DONE:10ms)
 20/ 32: Method: finalizer_0
 21/ 32: 21/32: finalizer_0 (DONE:24ms)
 21/ 32: Method: finalizer_1
 22/ 32: 22/32: finalizer_1 (DONE:41ms)
 22/ 32: Method: use
 23/ 32: 23/32: use (DONE:38ms)
 23/ 32: Method: use_int
 24/ 32: 24/32: use_int (DONE:23ms)
 24/ 32: Method: read_ints
 25/ 32: 25/32: read_ints (DONE:102ms)
 25/ 32: Method: read_floats
 26/ 32: 26/32: read_floats (DONE:83ms)
 26/ 32: Method: main
 27/ 32: 27/32: main (DONE:86ms)
 27/ 32: Method: constants
 28/ 32: 28/32: constants (DONE:204ms)
 28/ 32: Method: compare_floats
 29/ 32: 29/32: compare_floats (DONE:174ms)
 29/ 32: Method: basic_operations
 30/ 32: 30/32: basic_operations (DONE:89ms)
 30/ 32: Method: __libc_csu_init
 31/ 32: 31/32: __libc_csu_init (DONE:117ms)
 31/ 32: Method: _start
 32/ 32: 32/32: _start (DONE:39ms)
1/2 DECOMPILATION ERROR: METHOD basic_operations: java.lang.RuntimeException: Unexpected: stack parameter item cannot be created
	at com.pnfsoftware.jeb.core.units.code.asm.decompiler.ir.EPrototypeHandler.applyKnownPrototype(SourceFile:131)
	at com.pnfsoftware.jebglobal.Ha.XP(SourceFile:58)
	at com.pnfsoftware.jebglobal.NV.Vo(SourceFile:115)
	at com.pnfsoftware.jebglobal.HK.FJ(SourceFile:181)
	at com.pnfsoftware.jebglobal.HK.Vo(SourceFile:134)
	at com.pnfsoftware.jebglobal.HK.Vo(SourceFile:121)
	at com.pnfsoftware.jebglobal.Qp.Vo(SourceFile:544)
	at com.pnfsoftware.jebglobal.Qp.Vo(SourceFile:344)
	at com.pnfsoftware.jebglobal.Ue.Vo(SourceFile:1119)
	at com.pnfsoftware.jebglobal.Ue.Vo(SourceFile:597)
	at com.pnfsoftware.jebglobal.Ue.Vo(SourceFile:519)
	at com.pnfsoftware.jebglobal.Ue.Vo(SourceFile:505)
	at com.pnfsoftware.jebglobal.Ue.decompileMethod(SourceFile:861)
	at com.pnfsoftware.jebglobal.Ue.decompileMethods(SourceFile:978)
	at com.pnfsoftware.jeb.core.units.code.asm.decompiler.NativeDecompilerExporter.process(SourceFile:100)
	at com.pnfsoftware.jeb.core.units.code.DecompilerExporter.export(SourceFile:223)
	at java.base/jdk.internal.reflect.NativeMethodAccessorImpl.invoke0(Native Method)
	at java.base/jdk.internal.reflect.NativeMethodAccessorImpl.invoke(NativeMethodAccessorImpl.java:64)
	at java.base/jdk.internal.reflect.DelegatingMethodAccessorImpl.invoke(DelegatingMethodAccessorImpl.java:43)
	at java.base/java.lang.reflect.Method.invoke(Method.java:564)
	at org.python.core.PyReflectedFunction.__call__(PyReflectedFunction.java:190)
	at org.python.core.PyReflectedFunction.__call__(PyReflectedFunction.java:208)
	at org.python.core.PyObject.__call__(PyObject.java:461)
	at org.python.core.PyObject.__call__(PyObject.java:465)
	at org.python.core.PyMethod.__call__(PyMethod.java:126)
	at jeb_DecompileFile$py.decompileCodeUnit$3(SUBJECTS/scripts/jeb_DecompileFile.py:103)
	at jeb_DecompileFile$py.call_function(SUBJECTS/scripts/jeb_DecompileFile.py)
	at org.python.core.PyTableCode.call(PyTableCode.java:173)
	at org.python.core.PyBaseCode.call(PyBaseCode.java:150)
	at org.python.core.PyFunction.__call__(PyFunction.java:426)
	at org.python.core.PyMethod.__call__(PyMethod.java:141)
	at jeb_DecompileFile$py.run$2(SUBJECTS/scripts/jeb_DecompileFile.py:65)
	at jeb_DecompileFile$py.call_function(SUBJECTS/scripts/jeb_DecompileFile.py)
	at org.python.core.PyTableCode.call(PyTableCode.java:173)
	at org.python.core.PyBaseCode.call(PyBaseCode.java:306)
	at org.python.core.PyBaseCode.call(PyBaseCode.java:197)
	at org.python.core.PyFunction.__call__(PyFunction.java:485)
	at org.python.core.PyMethod.instancemethod___call__(PyMethod.java:237)
	at org.python.core.PyMethod.__call__(PyMethod.java:228)
	at org.python.core.PyMethod.__call__(PyMethod.java:218)
	at org.python.core.PyMethod.__call__(PyMethod.java:213)
	at org.python.core.PyObject._jcallexc(PyObject.java:3565)
	at org.python.core.PyObject._jcall(PyObject.java:3598)
	at org.python.proxies.jeb_DecompileFile$jeb_DecompileFile$0.run(Unknown Source)
	at com.pnfsoftware.jeb.client.script.ScriptLoader.execute(SourceFile:143)
	at com.pnfsoftware.jeb.cP.start(SourceFile:74)
	at com.pnfsoftware.jeb.Launcher.main(SourceFile:254)

2/2 DECOMPILATION ERROR: METHOD compare_floats: java.lang.RuntimeException: Unexpected: stack parameter item cannot be created
	at com.pnfsoftware.jeb.core.units.code.asm.decompiler.ir.EPrototypeHandler.applyKnownPrototype(SourceFile:131)
	at com.pnfsoftware.jebglobal.Ha.XP(SourceFile:58)
	at com.pnfsoftware.jebglobal.NV.Vo(SourceFile:115)
	at com.pnfsoftware.jebglobal.HK.FJ(SourceFile:181)
	at com.pnfsoftware.jebglobal.HK.Vo(SourceFile:134)
	at com.pnfsoftware.jebglobal.HK.Vo(SourceFile:121)
	at com.pnfsoftware.jebglobal.Qp.Vo(SourceFile:544)
	at com.pnfsoftware.jebglobal.Qp.Vo(SourceFile:344)
	at com.pnfsoftware.jebglobal.Ue.Vo(SourceFile:1119)
	at com.pnfsoftware.jebglobal.Ue.Vo(SourceFile:597)
	at com.pnfsoftware.jebglobal.Ue.Vo(SourceFile:519)
	at com.pnfsoftware.jebglobal.Ue.Vo(SourceFile:505)
	at com.pnfsoftware.jebglobal.Ue.decompileMethod(SourceFile:861)
	at com.pnfsoftware.jebglobal.Ue.decompileMethods(SourceFile:978)
	at com.pnfsoftware.jeb.core.units.code.asm.decompiler.NativeDecompilerExporter.process(SourceFile:100)
	at com.pnfsoftware.jeb.core.units.code.DecompilerExporter.export(SourceFile:223)
	at java.base/jdk.internal.reflect.NativeMethodAccessorImpl.invoke0(Native Method)
	at java.base/jdk.internal.reflect.NativeMethodAccessorImpl.invoke(NativeMethodAccessorImpl.java:64)
	at java.base/jdk.internal.reflect.DelegatingMethodAccessorImpl.invoke(DelegatingMethodAccessorImpl.java:43)
	at java.base/java.lang.reflect.Method.invoke(Method.java:564)
	at org.python.core.PyReflectedFunction.__call__(PyReflectedFunction.java:190)
	at org.python.core.PyReflectedFunction.__call__(PyReflectedFunction.java:208)
	at org.python.core.PyObject.__call__(PyObject.java:461)
	at org.python.core.PyObject.__call__(PyObject.java:465)
	at org.python.core.PyMethod.__call__(PyMethod.java:126)
	at jeb_DecompileFile$py.decompileCodeUnit$3(SUBJECTS/scripts/jeb_DecompileFile.py:103)
	at jeb_DecompileFile$py.call_function(SUBJECTS/scripts/jeb_DecompileFile.py)
	at org.python.core.PyTableCode.call(PyTableCode.java:173)
	at org.python.core.PyBaseCode.call(PyBaseCode.java:150)
	at org.python.core.PyFunction.__call__(PyFunction.java:426)
	at org.python.core.PyMethod.__call__(PyMethod.java:141)
	at jeb_DecompileFile$py.run$2(SUBJECTS/scripts/jeb_DecompileFile.py:65)
	at jeb_DecompileFile$py.call_function(SUBJECTS/scripts/jeb_DecompileFile.py)
	at org.python.core.PyTableCode.call(PyTableCode.java:173)
	at org.python.core.PyBaseCode.call(PyBaseCode.java:306)
	at org.python.core.PyBaseCode.call(PyBaseCode.java:197)
	at org.python.core.PyFunction.__call__(PyFunction.java:485)
	at org.python.core.PyMethod.instancemethod___call__(PyMethod.java:237)
	at org.python.core.PyMethod.__call__(PyMethod.java:228)
	at org.python.core.PyMethod.__call__(PyMethod.java:218)
	at org.python.core.PyMethod.__call__(PyMethod.java:213)
	at org.python.core.PyObject._jcallexc(PyObject.java:3565)
	at org.python.core.PyObject._jcall(PyObject.java:3598)
	at org.python.proxies.jeb_DecompileFile$jeb_DecompileFile$0.run(Unknown Source)
	at com.pnfsoftware.jeb.client.script.ScriptLoader.execute(SourceFile:143)
	at com.pnfsoftware.jeb.cP.start(SourceFile:74)
	at com.pnfsoftware.jeb.Launcher.main(SourceFile:254)

Exectime: 4.041000 sec
Done.
