Analyzing './from_snowman/arm-006_while_compound_condition/arm_elf/subject.exe' as a ARM 32 ELF binary file.

0 Procs, 0 Labels, 0 Branches, 0 / 0 kB covered
./from_snowman/arm-006_while_compound_condition/arm_elf/subject.exe: no .debug_info section
./from_snowman/arm-006_while_compound_condition/arm_elf/subject.exe: 29 sections starting at 0x00000794
./from_snowman/arm-006_while_compound_condition/arm_elf/subject.exe: section string table at 0x00000BA4, 0xF3 bytes
 Offset:  [ix]  Address    Size    Offset  Name
00000794: [ 0] 00000000 00000000 00000000 
000007BC: [ 1] 00008134 00000019 00000134 .interp
000007E4: [ 2] 00008150 00000020 00000150 .note.ABI-tag
0000080C: [ 3] 00008170 00000024 00000170 .hash
00000834: [ 4] 00008194 00000040 00000194 .dynsym
0000085C: [ 5] 000081D4 0000003C 000001D4 .dynstr
00000884: [ 6] 00008210 00000008 00000210 .gnu.version
000008AC: [ 7] 00008218 00000020 00000218 .gnu.version_r
000008D4: [ 8] 00008238 00000008 00000238 .rel.dyn
000008FC: [ 9] 00008240 00000018 00000240 .rel.plt
00000924: [10] 00008258 0000000C 00000258 .init
0000094C: [11] 00008264 00000038 00000264 .plt
00000974: [12] 0000829C 00000274 0000029C .text
0000099C: [13] 00008510 00000008 00000510 .fini
000009C4: [14] 00008518 00000004 00000518 .rodata
000009EC: [15] 0000851C 00000008 0000051C .ARM.exidx
00000A14: [16] 00008524 00000004 00000524 .eh_frame
00000A3C: [17] 00010528 00000004 00000528 .init_array
00000A64: [18] 0001052C 00000004 0000052C .fini_array
00000A8C: [19] 00010530 00000004 00000530 .jcr
00000AB4: [20] 00010534 000000E8 00000534 .dynamic
00000ADC: [21] 0001061C 0000001C 0000061C .got
00000B04: [22] 00010638 00000008 00000638 .data
00000B2C: [23] 00010640 00000004 00000640 .bss
00000B54: [24] 00000000 00000021 00000640 .comment
00000B7C: [25] 00000000 0000003D 00000661 .ARM.attributes
00000BA4: [26] 00000000 000000F3 0000069E .shstrtab
00000BCC: [27] 00000000 00000640 00000C1C .symtab
00000BF4: [28] 00000000 000002A1 0000125C .strtab
Matching signatures...
0 Procs, 0 Labels, 0 Branches, 0 / 1 kB covered
0 Procs, 0 Labels, 0 Branches, 0 / 1 kB covered
Separating code and data...
0 Procs, 0 Labels, 0 Branches, 0 / 1 kB covered
0 Procs, 1 Labels, 0 Branches, 0 / 1 kB covered
0 Procs, 2 Labels, 0 Branches, 0 / 1 kB covered
0 Procs, 3 Labels, 0 Branches, 0 / 1 kB covered
0 Procs, 4 Labels, 0 Branches, 0 / 1 kB covered
0 Procs, 5 Labels, 0 Branches, 0 / 1 kB covered
5 Procs, 5 Labels, 0 Branches, 0 / 1 kB covered
5 Procs, 5 Labels, 0 Branches, 0 / 1 kB covered
5 Procs, 5 Labels, 0 Branches, 0 / 1 kB covered
5 Procs, 5 Labels, 0 Branches, 0 / 1 kB covered
5 Procs, 5 Labels, 0 Branches, 0 / 1 kB covered
5 Procs, 5 Labels, 0 Branches, 0 / 1 kB covered
5 Procs, 5 Labels, 0 Branches, 0 / 1 kB covered
Resolving indirect jumps...
5 Procs, 5 Labels, 0 Branches, 0 / 1 kB covered
5 Procs, 5 Labels, 0 Branches, 0 / 1 kB covered
Resolving constants and strings...
5 Procs, 5 Labels, 0 Branches, 0 / 1 kB covered
Discovering unreached functions...
5 Procs, 5 Labels, 0 Branches, 0 / 1 kB covered
Computing call tree...
5 Procs, 5 Labels, 0 Branches, 0 / 1 kB covered
Computing calling conventions...
5 Procs, 5 Labels, 0 Branches, 0 / 1 kB covered
Computing Calling Convention: 1/5  0x00008290
Computing Calling Convention: 2/5  0x00008364
Computing Calling Convention: 3/5  0x0000838C
Computing Calling Convention: 4/5  0x0000842C
Computing Calling Convention: 5/5  0x00008490
Computing label cross-references...
5 Procs, 5 Labels, 0 Branches, 0 / 1 kB covered
File analysis complete.
5 Procs, 5 Labels, 0 Branches, 0 / 1 kB covered

Decompiling 1/5: 0x00008290
Decompiling 2/5: 0x00008364
Decompiling 3/5: 0x0000838C
Decompiling 4/5: 0x0000842C
Decompiling 5/5: 0x00008490
Decompiling 5/5: 0x00008490

