got filename twoproc3.c for main
got filename twoproc3.c for getDevice
after removing matching assigns (%pc).
in proc getDevice adding addrExp r28{0} - 4 to local table
finding final parameters for getDevice
potential param r28
found new parameter r28
potential param m[r28{0} + 4]
found new parameter m[r28{0} + 4]
after removing matching assigns (t[WILDSTR]).
after removing matching assigns (%pc).
in proc main adding addrExp r28{0} - 4 to local table
in proc main adding addrExp r28{0} - 48 to local table
in proc main adding addrExp r28{0} - 8 to local table
in proc main adding addrExp r28{0} - 44 to local table
in proc main adding addrExp r28{0} - 48 to local table
in proc main adding addrExp r28{0} - 40 to local table
in proc main adding addrExp r28{0} - 44 to local table
in proc main adding addrExp r28{0} - 48 to local table
in proc main adding addrExp r28{0} - 4 to local table
TYPE ERROR: at address 0xfffffffc, overlapping type __size32 does not resolve to compound or array
in proc main adding addrExp r28{0} - 48 to local table
in proc main adding addrExp r28{0} - 8 to local table
in proc main adding addrExp r28{0} - 44 to local table
in proc main adding addrExp r28{0} - 48 to local table
in proc main adding addrExp r28{0} - 40 to local table
in proc main adding addrExp r28{0} - 44 to local table
in proc main adding addrExp r28{0} - 48 to local table
could not set type for unknown parameter expression m[r28{0} + 4]
could not set type for unknown parameter expression m[r28{0} + 8]
could not set type for unknown parameter expression m[r28{0} + 12]
local esp has type __size32 that doesn't agree with type of define void of a library, why?
dest is not lib
call:   26 {*32** eax_1, *v* r25, *v* r26} := CALL xf86GetPciVideoInfo(
              )
              Reaching definitions: r24=16,   r28=r28{0} - 48,   r29=r28{0} - 4,   m[r28{0} + 4]=m[r28{0} + 4]{0},
                m[r28{0} + 8]=m[r28{0} + 8]{0},   m[r28{0} + 12]=m[r28{0} + 12]{0},   m[r28{0} - 4]=r29{0},
                m[r28{0} - 48]=%pc,   tmp1=r28{0} - 28,   %flags=SUBFLAGS32( r28{0} - 28, 16, r28{0} - 44 ),
                %ZF=(r28{0} - 44) = 0,   %CF=(r28{0} - 28) <u 16
              Live variables: eax_1 in proc main
result:    0 *32** eax_1 := -
dest is not lib
call:   34 *j32* eax := CALL getDevice(
                *32* local0 := eax
              )
              Reaching definitions: r24=r24{29},   r25=r25{26},   r26=r26{26},   r28=r28{0} - 48,   r29=r28{0} - 4,
                m[r28{0} + 4]=m[r28{0} + 4]{0},   m[r28{0} + 8]=m[r28{0} + 8]{0},   m[r28{0} + 12]=m[r28{0} + 12]{0},
                m[r28{0} - 4]=r29{0},   m[r28{0} - 8]=r24{26},   m[r28{0} - 44]=r24{29},   m[r28{0} - 48]=%pc,
                tmp1=r28{0} - 28,   %flags=SUBFLAGS32( r28{0} - 28, 16, r28{0} - 44 ),   %ZF=(r28{0} - 44) = 0,
                %CF=(r28{0} - 28) <u 16
              Live variables: eax in proc main
result:    0 *j32* eax := -
dest is not lib
call:   40 {*32* eax, *32* r25, *32* r26} := CALL printf(
                *c** local0 := "%i
"
                *j32* local1 := eax
              )
              Reaching definitions: r24=r24{34},   r25=r25{26},   r26=r26{26},   r28=r28{0} - 48,   r29=r28{0} - 4,
                m[r28{0} + 4]=m[r28{0} + 4]{0},   m[r28{0} + 8]=m[r28{0} + 8]{0},   m[r28{0} + 12]=m[r28{0} + 12]{0},
                m[r28{0} - 4]=r29{0},   m[r28{0} - 8]=r24{26},   m[r28{0} - 40]=r24{34},   m[r28{0} - 44]=0x80485f8,
                m[r28{0} - 48]=%pc,   tmp1=r28{0} - 28,   %flags=SUBFLAGS32( r28{0} - 28, 16, r28{0} - 44 ),
                %ZF=(r28{0} - 44) = 0,   %CF=(r28{0} - 28) <u 16
              Live variables:  in proc main
