
Database SUBJECTS/from_boomerang/twoproc3/ia32_elf_by_boomerang/subject.exe.idb already exists.
Do you want to overwrite it? -> ~L~oad existing

  bytes   pages size description
--------- ----- ---- --------------------------------------------
   524288    64 8192 allocating memory for b-tree...
    65536     8 8192 allocating memory for virtual array...
   262144    32 8192 allocating memory for name pointers...
-----------------------------------------------------------------
   851968            total memory allocated

Loading processor module IDADIR/procs/pc.so for metapc...Initializing processor module metapc...OK
Loading type libraries...
Autoanalysis subsystem has been initialized.
Database for file 'subject.exe' has been loaded.
Hex-Rays Decompiler plugin has been loaded (v7.6.0.210427)
  The hotkeys are F5: decompile, Ctrl-F5: decompile all.

  Please check the Edit/Plugins menu for more informaton.
=== start of cleanup script -> OK
  function at 0804835C  LIB  with name '.init_proc'
  function at 08048374       with name 'sub_8048374'
  function at 08048384       with name '.xf86GetPciVideoInfo'
  function at 08048394  LIB  with name '.__libc_start_main'
  function at 080483A4       with name '.printf'
  function at 080483B4       with name '.__gmon_start__'
  function at 080483D0  LIB  with name '_start'
  function at 080483F4  LIB  with name 'call_gmon_start'
  function at 08048420  LIB  with name '__do_global_dtors_aux'
  function at 08048450  LIB  with name 'frame_dummy'
  function at 08048474       with name 'getDevice'
  function at 0804847F       with name 'main'
  function at 080484D0  LIB  with name '__libc_csu_init'
  function at 08048540  LIB  with name '__libc_csu_fini'
  function at 080485A0  LIB  with name '__do_global_ctors_aux'
  function at 080485D4  LIB  with name '.term_proc'
  function at 08049718       with name 'xf86GetPciVideoInfo'
  function at 0804971C  LIB  with name '__libc_start_main'
  function at 08049720       with name 'printf'
  function at 08049728       with name '__gmon_start__'
finished -> OK
TIMESTAMP decompiling 8048374 size=0000000C times=0...
The decompiler assumes that the segment '.got.plt' is read-only because of its NAME.
All data references to the segment will be replaced by constant values.
This may lead to drastic changes in the decompiler output.
If the segment is not read-only, please change the segment NAME.

In general, the decompiler checks the segment permissions, class, and name
to determine if it is read-only.
 -> OK
TIMESTAMP decompiling 8048474 size=0000000B times=0...
TIMESTAMP decompiling 804847F size=00000048 times=0...
TIMESTAMP The application has been completely decompiled.
Flushing buffers, please wait...ok
Unloading IDP module IDADIR/procs/pc.so...
