JEB 4.0-beta.3.202103090424 (jeb-ce) is starting...
Current directory: SUBJECTS
Base directory: JEBDIR
Program directory: JEBDIR/bin
Java: Oracle Corporation 15.0.1
External plugin loaded: com.pnf.plugin.androidjnihelper.DynamicJNIDetectionPlugin
External plugin loaded: com.pnf.androsig.gen.AndroidSigGenPlugin
External plugin loaded: com.pnf.androsig.apply.andsig.AndroidSigApplyPlugin
External plugin loaded: com.pnf.plugin.oat.OATPlugin
External plugin loaded: com.pnf.plugin.pdf.PdfPlugin
External plugin loaded: com.pnf.diemvm.DiemIdentifier
External plugin loaded: com.pnf.diemvm.DiemDisassemblerPlugin
External plugin loaded: com.pnf.diemvm.DiemDecompilerPlugin
Initializing Jython, please wait...
Processing file: SUBJECTS/from_boomerang/twoproc3/ia32_elf_by_boomerang/subject.exe...
{subject.exe > subject.exe > x86 image}: Compiler detected from file format analysis -> unknown (Linux)
{subject.exe > subject.exe > x86 image}: Initial native analysis styles: code gaps: LINEAR_SWEEP - data gaps: DEFAULT
{subject.exe > subject.exe > x86 image}: Itanium RTTI memory scanner: cannot find sections to scan
{subject.exe > subject.exe > x86 image}: No RTTI information recovered
{subject.exe > subject.exe > x86 image}: Initial analysis completed (20 internal methods created)
Output folder: jeb_output
  0/ 20: Method: sub_8048374
  1/ 20: 1/20: sub_8048374 (DONE:102ms)
  1/ 20: Method: __do_global_dtors_aux
  2/ 20: 2/20: __do_global_dtors_aux (DONE:284ms)
  2/ 20: Method: frame_dummy
  3/ 20: 3/20: frame_dummy (DONE:58ms)
  3/ 20: Method: getDevice
  4/ 20: 4/20: getDevice (DONE:44ms)
  4/ 20: Method: __do_global_ctors_aux
  5/ 20: 5/20: __do_global_ctors_aux (DONE:176ms)
  5/ 20: Method: sub_804838A
  6/ 20: 6/20: sub_804838A (DONE:15ms)
  6/ 20: Method: sub_804839A
  7/ 20: 7/20: sub_804839A (DONE:14ms)
  7/ 20: Method: sub_80483AA
  8/ 20: 8/20: sub_80483AA (DONE:26ms)
  8/ 20: Method: sub_80483BA
  9/ 20: 9/20: sub_80483BA (DONE:19ms)
  9/ 20: Method: sub_8048384
 10/ 20: 10/20: sub_8048384 (DONE:20ms)
 10/ 20: Method: sub_8048394
 11/ 20: 11/20: sub_8048394 (DONE:16ms)
 11/ 20: Method: sub_80483A4
 12/ 20: 12/20: sub_80483A4 (DONE:17ms)
 12/ 20: Method: sub_80483B4
 13/ 20: 13/20: sub_80483B4 (DONE:15ms)
 13/ 20: Method: _start
 14/ 20: 14/20: _start (DONE:41ms)
 14/ 20: Method: main
 15/ 20: 15/20: main (DONE:85ms)
 15/ 20: Method: finalizer_0
 16/ 20: 16/20: finalizer_0 (DONE:53ms)
 16/ 20: Method: initializer_0
 17/ 20: 17/20: initializer_0 (DONE:40ms)
 17/ 20: Method: call_gmon_start
 18/ 20: 18/20: call_gmon_start (DONE:57ms)
 18/ 20: Method: __libc_csu_fini
 19/ 20: 19/20: __libc_csu_fini (DONE:147ms)
 19/ 20: Method: __libc_csu_init
 20/ 20: 20/20: __libc_csu_init (DONE:108ms)
Exectime: 3.197000 sec
Done.
