Analyzing './from_boomerang/phi/sparc_elf_from_boomerang/subject.exe' as a Sparc 32 ELF binary file.

0 Procs, 0 Labels, 0 Branches, 0 MB used, 0 / 0 kB covered
Elapsed time: 0 sec.
./from_boomerang/phi/sparc_elf_from_boomerang/subject.exe: no .debug_info section
./from_boomerang/phi/sparc_elf_from_boomerang/subject.exe: 29 sections starting at 0x0000154C
./from_boomerang/phi/sparc_elf_from_boomerang/subject.exe: section string table at 0x00001984, 0xEE bytes
 Offset:  [ix]  Address    Size    Offset  Name
0000154C: [ 0] 00000000 00000000 00000000 
00001574: [ 1] 000100D4 00000011 000000D4 .interp
0000159C: [ 2] 000100E8 000000C4 000000E8 .hash
000015C4: [ 3] 000101AC 00000180 000001AC .dynsym
000015EC: [ 4] 0001032C 00000115 0000032C .dynstr
00001614: [ 5] 00010444 00000020 00000444 .SUNW_version
0000163C: [ 6] 00010464 00000024 00000464 .rela.got
00001664: [ 7] 00010488 0000000C 00000488 .rela.bss
0000168C: [ 8] 00010494 00000060 00000494 .rela.plt
000016B4: [ 9] 000104F4 00000320 000004F4 .text
000016DC: [10] 00010814 0000001C 00000814 .init
00001704: [11] 00010830 00000014 00000830 .fini
0000172C: [12] 00010848 00000034 00000848 .rodata
00001754: [13] 0002087C 00000028 0000087C .got
0000177C: [14] 000208A4 00000094 000008A4 .plt
000017A4: [15] 00020938 000000B8 00000938 .dynamic
000017CC: [16] 000209F0 0000000C 000009F0 .data
000017F4: [17] 000209FC 00000008 000009FC .ctors
0000181C: [18] 00020A04 00000008 00000A04 .dtors
00001844: [19] 00020A0C 00000004 00000A0C .eh_frame
0000186C: [20] 00020A10 00000004 00000A10 .jcr
00001894: [21] 00020A14 00000004 00000A14 .data.rel.local
000018BC: [22] 00020A18 00000020 00000A18 .bss
000018E4: [23] 00000000 00000500 00000A18 .symtab
0000190C: [24] 00000000 00000261 00000F18 .strtab
00001934: [25] 00000000 0000014A 00001179 .comment
0000195C: [26] 00000000 00000024 000012C4 .stab.index
00001984: [27] 00000000 000000EE 000012E8 .shstrtab
000019AC: [28] 00000000 00000176 000013D6 .stab.indexstr
Matching signatures...
0 Procs, 0 Labels, 0 Branches, 0 MB used, 0 / 2 kB covered
Elapsed time: 0 sec.
0 Procs, 0 Labels, 0 Branches, 0 MB used, 0 / 2 kB covered
Elapsed time: 0 sec.
Separating code and data...
0 Procs, 0 Labels, 0 Branches, 0 MB used, 0 / 2 kB covered
Elapsed time: 0 sec.
0 Procs, 44 Labels, 39 Branches, 0 MB used, 1 / 2 kB covered
Elapsed time: 0 sec.
0 Procs, 44 Labels, 39 Branches, 0 MB used, 1 / 2 kB covered
Elapsed time: 0 sec.
0 Procs, 44 Labels, 39 Branches, 0 MB used, 1 / 2 kB covered
Elapsed time: 0 sec.
0 Procs, 44 Labels, 39 Branches, 0 MB used, 1 / 2 kB covered
Elapsed time: 0 sec.
0 Procs, 46 Labels, 41 Branches, 0 MB used, 1 / 2 kB covered
Elapsed time: 0 sec.
0 Procs, 47 Labels, 41 Branches, 0 MB used, 1 / 2 kB covered
Elapsed time: 0 sec.
0 Procs, 48 Labels, 41 Branches, 0 MB used, 1 / 2 kB covered
Elapsed time: 0 sec.
0 Procs, 49 Labels, 41 Branches, 0 MB used, 1 / 2 kB covered
Elapsed time: 0 sec.
0 Procs, 49 Labels, 41 Branches, 0 MB used, 1 / 2 kB covered
Elapsed time: 0 sec.
0 Procs, 49 Labels, 41 Branches, 0 MB used, 1 / 2 kB covered
Elapsed time: 0 sec.
0 Procs, 49 Labels, 41 Branches, 0 MB used, 1 / 2 kB covered
Elapsed time: 0 sec.
0 Procs, 49 Labels, 41 Branches, 0 MB used, 1 / 2 kB covered
Elapsed time: 0 sec.
0 Procs, 49 Labels, 41 Branches, 0 MB used, 1 / 2 kB covered
Elapsed time: 0 sec.
0 Procs, 50 Labels, 41 Branches, 0 MB used, 1 / 2 kB covered
Elapsed time: 0 sec.
0 Procs, 51 Labels, 41 Branches, 0 MB used, 1 / 2 kB covered
Elapsed time: 0 sec.
0 Procs, 52 Labels, 41 Branches, 0 MB used, 1 / 2 kB covered
Elapsed time: 0 sec.
0 Procs, 53 Labels, 41 Branches, 0 MB used, 1 / 2 kB covered
Elapsed time: 0 sec.
16 Procs, 53 Labels, 41 Branches, 0 MB used, 1 / 2 kB covered
Elapsed time: 0 sec.
16 Procs, 53 Labels, 41 Branches, 0 MB used, 1 / 2 kB covered
Elapsed time: 0 sec.
16 Procs, 53 Labels, 41 Branches, 0 MB used, 1 / 2 kB covered
Elapsed time: 0 sec.
16 Procs, 53 Labels, 41 Branches, 0 MB used, 1 / 2 kB covered
Elapsed time: 0 sec.
16 Procs, 53 Labels, 41 Branches, 0 MB used, 1 / 2 kB covered
Elapsed time: 0 sec.
16 Procs, 53 Labels, 41 Branches, 0 MB used, 1 / 2 kB covered
Elapsed time: 0 sec.
16 Procs, 53 Labels, 41 Branches, 0 MB used, 1 / 2 kB covered
Elapsed time: 0 sec.
16 Procs, 53 Labels, 41 Branches, 0 MB used, 1 / 2 kB covered
Elapsed time: 0 sec.
16 Procs, 53 Labels, 41 Branches, 0 MB used, 1 / 2 kB covered
Elapsed time: 0 sec.
16 Procs, 53 Labels, 41 Branches, 0 MB used, 1 / 2 kB covered
Elapsed time: 0 sec.
16 Procs, 53 Labels, 41 Branches, 0 MB used, 1 / 2 kB covered
Elapsed time: 0 sec.
16 Procs, 53 Labels, 41 Branches, 0 MB used, 1 / 2 kB covered
Elapsed time: 0 sec.
16 Procs, 53 Labels, 41 Branches, 0 MB used, 1 / 2 kB covered
Elapsed time: 0 sec.
16 Procs, 53 Labels, 41 Branches, 0 MB used, 1 / 2 kB covered
Elapsed time: 0 sec.
16 Procs, 53 Labels, 41 Branches, 0 MB used, 1 / 2 kB covered
Elapsed time: 0 sec.
16 Procs, 53 Labels, 41 Branches, 0 MB used, 1 / 2 kB covered
Elapsed time: 0 sec.
16 Procs, 53 Labels, 41 Branches, 0 MB used, 1 / 2 kB covered
Elapsed time: 0 sec.
16 Procs, 53 Labels, 41 Branches, 0 MB used, 1 / 2 kB covered
Elapsed time: 0 sec.
16 Procs, 53 Labels, 41 Branches, 0 MB used, 1 / 2 kB covered
Elapsed time: 0 sec.
Resolving indirect jumps...
16 Procs, 53 Labels, 41 Branches, 0 MB used, 1 / 2 kB covered
Elapsed time: 0 sec.
16 Procs, 53 Labels, 41 Branches, 0 MB used, 1 / 2 kB covered
Elapsed time: 0 sec.
Resolving constants and strings...
16 Procs, 53 Labels, 41 Branches, 0 MB used, 1 / 2 kB covered
Elapsed time: 0 sec.
Discovering unreached functions...
16 Procs, 53 Labels, 41 Branches, 0 MB used, 1 / 2 kB covered
Elapsed time: 0 sec.
Computing call tree...
16 Procs, 53 Labels, 41 Branches, 0 MB used, 1 / 2 kB covered
Elapsed time: 0 sec.
Computing calling conventions...
16 Procs, 53 Labels, 41 Branches, 0 MB used, 1 / 2 kB covered
Elapsed time: 0 sec.
Computing Calling Convention: 1/16  0x00010568
Elapsed time: 0 sec.
Computing Calling Convention: 6/16  0x000107AC
Elapsed time: 0 sec.
Computing Calling Convention: 7/16  0x000107B4
Elapsed time: 0 sec.
Computing Calling Convention: 9/16  0x000208D4
Elapsed time: 0 sec.
Computing Calling Convention: 10/16  0x000208E0
Elapsed time: 0 sec.
Computing Calling Convention: 11/16  0x000208EC
Elapsed time: 0 sec.
Computing Calling Convention: 12/16  0x000208F8
Elapsed time: 0 sec.
Computing Calling Convention: 13/16  0x00020904
Elapsed time: 0 sec.
Computing Calling Convention: 14/16  0x00020910
Elapsed time: 0 sec.
Computing Calling Convention: 15/16  0x0002091C
Elapsed time: 0 sec.
Computing Calling Convention: 16/16  0x00020928
Elapsed time: 0 sec.
Computing Calling Convention: 1/5  0x00010570
Elapsed time: 0 sec.
Computing Calling Convention: 2/5  0x00010630
Elapsed time: 0 sec.
Computing Calling Convention: 5/5  0x00010814
Elapsed time: 0 sec.
Computing Calling Convention: xx/2  0x00010748
Elapsed time: 0 sec.
Computing Calling Convention: 1/1  0x00010748
Elapsed time: 0 sec.
File analysis complete.
16 Procs, 53 Labels, 41 Branches, 0 MB used, 1 / 2 kB covered
Elapsed time: 0 sec.

Decompiling 1/16: 0x00010568
Elapsed time: 0 sec.
Decompiling 2/16: 0x00010570
Elapsed time: 0 sec.
Decompiling 3/16: 0x00010630
Elapsed time: 0 sec.
Decompiling 4/16: 0x000106C4
Elapsed time: 0 sec.
Decompiling 5/16: 0x00010748
Elapsed time: 0 sec.
Decompiling 6/16: 0x000107AC
Elapsed time: 0 sec.
Decompiling 7/16: 0x000107B4
Elapsed time: 0 sec.
Decompiling 8/16: 0x00010814
Elapsed time: 0 sec.
Decompiling 9/16: 0x000208D4
Elapsed time: 0 sec.
Decompiling 10/16: 0x000208E0
Elapsed time: 0 sec.
Decompiling 11/16: 0x000208EC
Elapsed time: 0 sec.
Decompiling 12/16: 0x000208F8
Elapsed time: 0 sec.
Decompiling 13/16: 0x00020904
Elapsed time: 0 sec.
Decompiling 14/16: 0x00020910
Elapsed time: 0 sec.
Decompiling 15/16: 0x0002091C
Elapsed time: 0 sec.
Decompiling 16/16: 0x00020928
Elapsed time: 0 sec.
Decompiling 16/16: 0x00020928
Elapsed time: 0 sec.
