Unknown library function __libc_start_main
got filename a.c for main
got filename a.c for aaa_flags_clear
got filename a.c for aaa_flags_clear_constant
got filename a.c for aaa_flags_clear_allregs
got filename a.c for aaa_flags_set1
got filename a.c for aaa_flags_set1_constant
got filename a.c for aaa_flags_set1_allregs
got filename a.c for aaa_flags_set2
got filename a.c for aaa_flags_set2_constant
got filename a.c for aaa_flags_set2_allregs
got filename a.c for aaa_flags_cmp
got filename a.c for aaa_flags_cmp_constant
got filename a.c for aaa_flags_cmp_allregs
got filename a.c for aad1
got filename a.c for aad1_constant
got filename a.c for aad1_allregs
got filename a.c for aad2
got filename a.c for aad2_constant
got filename a.c for aad2_allregs
got filename a.c for aam1
got filename a.c for aam1_constant
got filename a.c for aam1_allregs
got filename a.c for aam2
got filename a.c for aam2_constant
got filename a.c for aam2_allregs
got filename a.c for aas_flags_clear
got filename a.c for aas_flags_clear_constant
got filename a.c for aas_flags_clear_allregs
got filename a.c for aas_flags_set1
got filename a.c for aas_flags_set1_constant
got filename a.c for aas_flags_set1_allregs
got filename a.c for aas_flags_set2
got filename a.c for aas_flags_set2_constant
got filename a.c for aas_flags_set2_allregs
got filename a.c for aas_flags_cmp
got filename a.c for aas_flags_cmp_constant
got filename a.c for aas_flags_cmp_allregs
got filename a.c for adc1_flags_clear
got filename a.c for adc1_flags_clear_constant
got filename a.c for adc1_flags_clear_allregs
got filename a.c for adc1_flags_set1
got filename a.c for adc1_flags_set1_constant
got filename a.c for adc1_flags_set1_allregs
got filename a.c for adc1_flags_set2
got filename a.c for adc1_flags_set2_constant
got filename a.c for adc1_flags_set2_allregs
got filename a.c for adc1_flags_cmp
got filename a.c for adc1_flags_cmp_constant
got filename a.c for adc1_flags_cmp_allregs
got filename a.c for adc2_flags_clear
got filename a.c for adc2_flags_clear_constant
got filename a.c for adc2_flags_clear_allregs
got filename a.c for adc2_flags_set1
got filename a.c for adc2_flags_set1_constant
got filename a.c for adc2_flags_set1_allregs
got filename a.c for adc2_flags_set2
got filename a.c for adc2_flags_set2_constant
got filename a.c for adc2_flags_set2_allregs
got filename a.c for adc2_flags_cmp
got filename a.c for adc2_flags_cmp_constant
got filename a.c for adc2_flags_cmp_allregs
got filename a.c for adc2a_flags_clear
got filename a.c for adc2a_flags_clear_constant
got filename a.c for adc2a_flags_clear_allregs
got filename a.c for adc2a_flags_set1
got filename a.c for adc2a_flags_set1_constant
got filename a.c for adc2a_flags_set1_allregs
got filename a.c for adc2a_flags_set2
got filename a.c for adc2a_flags_set2_constant
got filename a.c for adc2a_flags_set2_allregs
got filename a.c for adc2a_flags_cmp
got filename a.c for adc2a_flags_cmp_constant
got filename a.c for adc2a_flags_cmp_allregs
got filename a.c for adc3_flags_clear
got filename a.c for adc3_flags_clear_constant
got filename a.c for adc3_flags_clear_allregs
got filename a.c for adc3_flags_set1
got filename a.c for adc3_flags_set1_constant
got filename a.c for adc3_flags_set1_allregs
got filename a.c for adc3_flags_set2
got filename a.c for adc3_flags_set2_constant
got filename a.c for adc3_flags_set2_allregs
got filename a.c for adc3_flags_cmp
got filename a.c for adc3_flags_cmp_constant
got filename a.c for adc3_flags_cmp_allregs
got filename a.c for adc3a_flags_clear
got filename a.c for adc3a_flags_clear_constant
got filename a.c for adc3a_flags_clear_allregs
got filename a.c for adc3a_flags_set1
got filename a.c for adc3a_flags_set1_constant
got filename a.c for adc3a_flags_set1_allregs
got filename a.c for adc3a_flags_set2
got filename a.c for adc3a_flags_set2_constant
got filename a.c for adc3a_flags_set2_allregs
got filename a.c for adc3a_flags_cmp
got filename a.c for adc3a_flags_cmp_constant
got filename a.c for adc3a_flags_cmp_allregs
got filename a.c for adc4_flags_clear
got filename a.c for adc4_flags_clear_constant
got filename a.c for adc4_flags_clear_allregs
got filename a.c for adc4_flags_set1
got filename a.c for adc4_flags_set1_constant
got filename a.c for adc4_flags_set1_allregs
got filename a.c for adc4_flags_set2
got filename a.c for adc4_flags_set2_constant
got filename a.c for adc4_flags_set2_allregs
got filename a.c for adc4_flags_cmp
got filename a.c for adc4_flags_cmp_constant
got filename a.c for adc4_flags_cmp_allregs
got filename a.c for adc_locked
got filename a.c for adc_locked_constant
got filename a.c for adc_locked_allregs
got filename a.c for add1
got filename a.c for add1_constant
got filename a.c for add1_allregs
got filename a.c for add2
got filename a.c for add2_constant
got filename a.c for add2_allregs
got filename a.c for add3
got filename a.c for add3_constant
got filename a.c for add3_allregs
got filename a.c for add4
got filename a.c for add4_constant
got filename a.c for add4_allregs
got filename a.c for add5
got filename a.c for add5_constant
got filename a.c for add5_allregs
got filename a.c for add6
got filename a.c for add6_constant
got filename a.c for add6_allregs
got filename a.c for add7
got filename a.c for add7_constant
got filename a.c for add7_allregs
got filename a.c for add_locked
got filename a.c for add_locked_constant
got filename a.c for add_locked_allregs
got filename a.c for and1
got filename a.c for and1_constant
got filename a.c for and1_allregs
got filename a.c for and2
got filename a.c for and2_constant
got filename a.c for and2_allregs
got filename a.c for and3
got filename a.c for and3_constant
got filename a.c for and3_allregs
got filename a.c for and4
got filename a.c for and4_constant
got filename a.c for and4_allregs
got filename a.c for and5
got filename a.c for and5_constant
got filename a.c for and5_allregs
got filename a.c for and6
got filename a.c for and6_constant
got filename a.c for and6_allregs
got filename a.c for and7
got filename a.c for and7_constant
got filename a.c for and7_allregs
got filename a.c for and_locked
got filename a.c for and_locked_constant
got filename a.c for and_locked_allregs
got filename a.c for arpl
got filename a.c for arpl_constant
got filename a.c for arpl_allregs
got filename a.c for bound1
got filename a.c for bound1_constant
got filename a.c for bound1_allregs
got filename a.c for bound2
got filename a.c for bound2_constant
got filename a.c for bound2_allregs
got filename a.c for bsf1
got filename a.c for bsf1_constant
got filename a.c for bsf1_allregs
got filename a.c for bsf2
got filename a.c for bsf2_constant
got filename a.c for bsf2_allregs
got filename a.c for bsf3
got filename a.c for bsf3_constant
got filename a.c for bsf3_allregs
got filename a.c for bsf4
got filename a.c for bsf4_constant
got filename a.c for bsf4_allregs
got filename a.c for bsr1
got filename a.c for bsr1_constant
got filename a.c for bsr1_allregs
got filename a.c for bsr2
got filename a.c for bsr2_constant
got filename a.c for bsr2_allregs
got filename a.c for bsr3
got filename a.c for bsr3_constant
got filename a.c for bsr3_allregs
got filename a.c for bsr4
got filename a.c for bsr4_constant
got filename a.c for bsr4_allregs
got filename a.c for bt1
got filename a.c for bt1_constant
got filename a.c for bt1_allregs
got filename a.c for bt2
got filename a.c for bt2_constant
got filename a.c for bt2_allregs
got filename a.c for bt3
got filename a.c for bt3_constant
got filename a.c for bt3_allregs
got filename a.c for bt4
got filename a.c for bt4_constant
got filename a.c for bt4_allregs
got filename a.c for bt5
got filename a.c for bt5_constant
got filename a.c for bt5_allregs
got filename a.c for btc1
got filename a.c for btc1_constant
got filename a.c for btc1_allregs
got filename a.c for btc2
got filename a.c for btc2_constant
got filename a.c for btc2_allregs
got filename a.c for btc3
got filename a.c for btc3_constant
got filename a.c for btc3_allregs
got filename a.c for btc4
got filename a.c for btc4_constant
got filename a.c for btc4_allregs
got filename a.c for btc5
got filename a.c for btc5_constant
got filename a.c for btc5_allregs
got filename a.c for btc_locked
got filename a.c for btc_locked_constant
got filename a.c for btc_locked_allregs
got filename a.c for btr1
got filename a.c for btr1_constant
got filename a.c for btr1_allregs
got filename a.c for btr2
got filename a.c for btr2_constant
got filename a.c for btr2_allregs
got filename a.c for btr3
got filename a.c for btr3_constant
got filename a.c for btr3_allregs
got filename a.c for btr4
got filename a.c for btr4_constant
got filename a.c for btr4_allregs
got filename a.c for btr5
got filename a.c for btr5_constant
got filename a.c for btr5_allregs
got filename a.c for btr_locked
got filename a.c for btr_locked_constant
got filename a.c for btr_locked_allregs
got filename a.c for bts1
got filename a.c for bts1_constant
got filename a.c for bts1_allregs
got filename a.c for bts2
got filename a.c for bts2_constant
got filename a.c for bts2_allregs
got filename a.c for bts3
got filename a.c for bts3_constant
got filename a.c for bts3_allregs
got filename a.c for bts4
got filename a.c for bts4_constant
got filename a.c for bts4_allregs
got filename a.c for bts5
got filename a.c for bts5_constant
got filename a.c for bts5_allregs
got filename a.c for bts_locked
got filename a.c for bts_locked_constant
got filename a.c for bts_locked_allregs
got filename a.c for call1
got filename a.c for call1_constant
got filename a.c for call1_allregs
got filename a.c for call2
got filename a.c for call2_constant
got filename a.c for call2_allregs
got filename a.c for call3
got filename a.c for call3_constant
got filename a.c for call3_allregs
got filename a.c for call5
got filename a.c for call5_constant
got filename a.c for call5_allregs
got filename a.c for call6
got filename a.c for call6_constant
got filename a.c for call6_allregs
got filename a.c for cbw1
got filename a.c for cbw1_constant
got filename a.c for cbw1_allregs
got filename a.c for cbw2
got filename a.c for cbw2_constant
got filename a.c for cbw2_allregs
got filename a.c for clc_flags_clear
got filename a.c for clc_flags_clear_constant
got filename a.c for clc_flags_clear_allregs
got filename a.c for clc_flags_set1
got filename a.c for clc_flags_set1_constant
got filename a.c for clc_flags_set1_allregs
got filename a.c for clc_flags_set2
got filename a.c for clc_flags_set2_constant
got filename a.c for clc_flags_set2_allregs
got filename a.c for clc_flags_cmp
got filename a.c for clc_flags_cmp_constant
got filename a.c for clc_flags_cmp_allregs
got filename a.c for cld
got filename a.c for cld_constant
got filename a.c for cld_allregs
got filename a.c for cli
got filename a.c for cli_constant
got filename a.c for cli_allregs
got filename a.c for clts
