Using options:
080487F5: warning: The format specifier '%z' passed to *printf is not known.
080487F5: warning: The format specifier '%z' passed to *printf is not known.
080487F5: warning: The format specifier '%z' passed to *printf is not known.
080487F5: warning: The format specifier '%z' passed to *printf is not known.
080487F5: warning: The format specifier '%z' passed to *printf is not known.
08048808: warning: The format specifier '%z' passed to *printf is not known.
08048808: warning: The format specifier '%z' passed to *printf is not known.
08048808: warning: The format specifier '%z' passed to *printf is not known.
080483EB: warning: Procedure frame_dummy previously had a return address of 4 bytes on the stack, but now seems to have a return address of 0 bytes on the stack.
08048406: warning: Procedure frame_dummy previously had a return address of 4 bytes on the stack, but now seems to have a return address of 0 bytes on the stack.
080488B0: error: Failed to write global variable g_t80488B0.
    Primitive type word128 not supported.
      at Reko.Core.MemoryArea.ReadLe (System.Byte[] abImage, Int64 imageOffset, Reko.Core.Types.PrimitiveType type) <0x41c393b0 + 0x002af> in <filename unknown>:0 
  at Reko.Core.MemoryArea.ReadLe (Int64 imageOffset, Reko.Core.Types.PrimitiveType type) <0x41c3db60 + 0x0008b> in <filename unknown>:0 
  at Reko.Core.ImageReader.ReadLe (Reko.Core.Types.PrimitiveType type) <0x41c3dac0 + 0x00037> in <filename unknown>:0 
  at Reko.Core.LeImageReader.Read (Reko.Core.Types.PrimitiveType dataType) <0x41cd7f60 + 0x00013> in <filename unknown>:0 
  at Reko.Core.Output.GlobalDataWriter.VisitPrimitive (Reko.Core.Types.PrimitiveType pt) <0x41cd7f20 + 0x00021> in <filename unknown>:0 
  at Reko.Core.Types.PrimitiveType.Accept[T] (IDataTypeVisitor`1 v) <0x41c6c2b0 + 0x00030> in <filename unknown>:0 
  at Reko.Core.Output.GlobalDataWriter.VisitUnion (Reko.Core.Types.UnionType ut) <0x41ce7d70 + 0x001e0> in <filename unknown>:0 
  at Reko.Core.Types.UnionType.Accept[T] (IDataTypeVisitor`1 v) <0x41cc9780 + 0x00030> in <filename unknown>:0 
  at Reko.Core.Output.GlobalDataWriter.VisitEquivalenceClass (Reko.Core.Types.EquivalenceClass eq) <0x41ce7b10 + 0x00081> in <filename unknown>:0 
  at Reko.Core.Types.EquivalenceClass.Accept[T] (IDataTypeVisitor`1 v) <0x41cca6b0 + 0x00030> in <filename unknown>:0 
  at Reko.Core.Output.GlobalDataWriter.WriteGlobalVariable (Reko.Core.Types.StructureField field) <0x41ce7760 + 0x00225> in <filename unknown>:0 
0804A048: error: Failed to write global variable g_r804A048.
    Real type real80 not supported.
      at Reko.Core.MemoryArea.ReadLe (System.Byte[] abImage, Int64 imageOffset, Reko.Core.Types.PrimitiveType type) <0x41c393b0 + 0x0026f> in <filename unknown>:0 
  at Reko.Core.MemoryArea.ReadLe (Int64 imageOffset, Reko.Core.Types.PrimitiveType type) <0x41c3db60 + 0x0008b> in <filename unknown>:0 
  at Reko.Core.ImageReader.ReadLe (Reko.Core.Types.PrimitiveType type) <0x41c3dac0 + 0x00037> in <filename unknown>:0 
  at Reko.Core.LeImageReader.Read (Reko.Core.Types.PrimitiveType dataType) <0x41cd7f60 + 0x00013> in <filename unknown>:0 
  at Reko.Core.Output.GlobalDataWriter.VisitPrimitive (Reko.Core.Types.PrimitiveType pt) <0x41cd7f20 + 0x00021> in <filename unknown>:0 
  at Reko.Core.Types.PrimitiveType.Accept[T] (IDataTypeVisitor`1 v) <0x41c6c2b0 + 0x00030> in <filename unknown>:0 
  at Reko.Core.Output.GlobalDataWriter.WriteGlobalVariable (Reko.Core.Types.StructureField field) <0x41ce7760 + 0x00225> in <filename unknown>:0 
080488B0: error: Failed to write global variable g_t80488B0.
    Primitive type word128 not supported.
      at Reko.Core.MemoryArea.ReadLe (System.Byte[] abImage, Int64 imageOffset, Reko.Core.Types.PrimitiveType type) <0x41c393b0 + 0x002af> in <filename unknown>:0 
  at Reko.Core.MemoryArea.ReadLe (Int64 imageOffset, Reko.Core.Types.PrimitiveType type) <0x41c3db60 + 0x0008b> in <filename unknown>:0 
  at Reko.Core.ImageReader.ReadLe (Reko.Core.Types.PrimitiveType type) <0x41c3dac0 + 0x00037> in <filename unknown>:0 
  at Reko.Core.LeImageReader.Read (Reko.Core.Types.PrimitiveType dataType) <0x41cd7f60 + 0x00013> in <filename unknown>:0 
  at Reko.Core.Output.GlobalDataWriter.VisitPrimitive (Reko.Core.Types.PrimitiveType pt) <0x41cd7f20 + 0x00021> in <filename unknown>:0 
  at Reko.Core.Types.PrimitiveType.Accept[T] (IDataTypeVisitor`1 v) <0x41c6c2b0 + 0x00030> in <filename unknown>:0 
  at Reko.Core.Output.GlobalDataWriter.VisitUnion (Reko.Core.Types.UnionType ut) <0x41ce7d70 + 0x001e0> in <filename unknown>:0 
  at Reko.Core.Types.UnionType.Accept[T] (IDataTypeVisitor`1 v) <0x41cc9780 + 0x00030> in <filename unknown>:0 
  at Reko.Core.Output.GlobalDataWriter.VisitEquivalenceClass (Reko.Core.Types.EquivalenceClass eq) <0x41ce7b10 + 0x00081> in <filename unknown>:0 
  at Reko.Core.Types.EquivalenceClass.Accept[T] (IDataTypeVisitor`1 v) <0x41cca6b0 + 0x00030> in <filename unknown>:0 
  at Reko.Core.Output.GlobalDataWriter.WriteGlobalVariable (Reko.Core.Types.StructureField field) <0x41ce7760 + 0x00225> in <filename unknown>:0 
0804A048: error: Failed to write global variable g_r804A048.
    Real type real80 not supported.
      at Reko.Core.MemoryArea.ReadLe (System.Byte[] abImage, Int64 imageOffset, Reko.Core.Types.PrimitiveType type) <0x41c393b0 + 0x0026f> in <filename unknown>:0 
  at Reko.Core.MemoryArea.ReadLe (Int64 imageOffset, Reko.Core.Types.PrimitiveType type) <0x41c3db60 + 0x0008b> in <filename unknown>:0 
  at Reko.Core.ImageReader.ReadLe (Reko.Core.Types.PrimitiveType type) <0x41c3dac0 + 0x00037> in <filename unknown>:0 
  at Reko.Core.LeImageReader.Read (Reko.Core.Types.PrimitiveType dataType) <0x41cd7f60 + 0x00013> in <filename unknown>:0 
  at Reko.Core.Output.GlobalDataWriter.VisitPrimitive (Reko.Core.Types.PrimitiveType pt) <0x41cd7f20 + 0x00021> in <filename unknown>:0 
  at Reko.Core.Types.PrimitiveType.Accept[T] (IDataTypeVisitor`1 v) <0x41c6c2b0 + 0x00030> in <filename unknown>:0 
  at Reko.Core.Output.GlobalDataWriter.WriteGlobalVariable (Reko.Core.Types.StructureField field) <0x41ce7760 + 0x00225> in <filename unknown>:0 
