openjdk version "18.0.1" 2022-04-19
OpenJDK Runtime Environment 22.3 (build 18.0.1+10)
OpenJDK 64-Bit Server VM 22.3 (build 18.0.1+10, mixed mode)
INFO  Using log config file: jar:file:GHIDRADIR/Ghidra/Framework/Generic/lib/Generic.jar!/generic.log4j.xml (LoggingInitialization)  
INFO  Using log file: HOME/.ghidra/.ghidra_10.3.2_PUBLIC/application.log (LoggingInitialization)  
INFO  Loading user preferences: HOME/.ghidra/.ghidra_10.3.2_PUBLIC/preferences (Preferences)  
INFO  Searching for classes... (ClassSearcher)  
INFO  Class search complete (some time) (ClassSearcher)  
INFO  Initializing SSL Context (SSLContextInitializer)  
INFO  Initializing Random Number Generator... (SecureRandomFactory)  
INFO  Random Number Generator initialization complete: NativePRNGNonBlocking (SecureRandomFactory)  
INFO  Trust manager disabled, cacerts have not been set (ApplicationTrustManagerFactory)  
INFO  HEADLESS Script Paths:
    GHIDRADIR/Ghidra/Features/Base/ghidra_scripts
    GHIDRADIR/Ghidra/Debug/Debugger-agent-dbgmodel-traceloader/ghidra_scripts
    GHIDRADIR/Ghidra/Debug/Debugger/ghidra_scripts
    GHIDRADIR/Ghidra/Features/FileFormats/ghidra_scripts
    GHIDRADIR/Ghidra/Features/GnuDemangler/ghidra_scripts
    GHIDRADIR/Ghidra/Features/BytePatterns/ghidra_scripts
    GHIDRADIR/Ghidra/Features/FunctionID/ghidra_scripts
    GHIDRADIR/Ghidra/Features/SystemEmulation/ghidra_scripts
    GHIDRADIR/Ghidra/Features/PDB/ghidra_scripts
    GHIDRADIR/Ghidra/Debug/Debugger-agent-frida/ghidra_scripts
    GHIDRADIR/Ghidra/Processors/Atmel/ghidra_scripts
    SUBJECTS/scripts
    HOME/ghidra_scripts
    GHIDRADIR/Ghidra/Features/MicrosoftCodeAnalyzer/ghidra_scripts
    GHIDRADIR/Ghidra/Processors/JVM/ghidra_scripts
    GHIDRADIR/Ghidra/Processors/PIC/ghidra_scripts
    GHIDRADIR/Ghidra/Features/VersionTracking/ghidra_scripts
    GHIDRADIR/Ghidra/Features/Decompiler/ghidra_scripts
    GHIDRADIR/Ghidra/Processors/8051/ghidra_scripts
    GHIDRADIR/Ghidra/Processors/DATA/ghidra_scripts
    GHIDRADIR/Ghidra/Features/Python/ghidra_scripts (HeadlessAnalyzer)  
INFO  HEADLESS: execution starts (HeadlessAnalyzer)  
INFO  Creating project: SUBJECTS/from_decompile-it.com/elinks/ia32_elf_from_website/project_loc/project_name (HeadlessAnalyzer)  
INFO  Creating project: SUBJECTS/from_decompile-it.com/elinks/ia32_elf_from_website/project_loc/project_name (DefaultProject)  
INFO  REPORT: Processing input files:  (HeadlessAnalyzer)  
INFO       project: SUBJECTS/from_decompile-it.com/elinks/ia32_elf_from_website/project_loc/project_name (HeadlessAnalyzer)  
INFO  IMPORTING: SUBJECTS/from_decompile-it.com/elinks/ia32_elf_from_website/subject.exe (HeadlessAnalyzer)  
INFO  Using Loader: Executable and Linking Format (ELF) (AutoImporter)  
INFO  Using Language/Compiler: x86:LE:32:default:gcc (AutoImporter)  
INFO  IMPORTING: Loaded 0 additional files (HeadlessAnalyzer)  
INFO  ANALYZING all memory and code: SUBJECTS/from_decompile-it.com/elinks/ia32_elf_from_website/subject.exe (HeadlessAnalyzer)  
WARN  Enum ROOT(Namespace)::html_special_type(Class)[DWARF DIE 6aab6] does not have a size specified, forcing to 1 (DWARFDataTypeImporter)  
WARN  Enum ROOT(Namespace)::html_special_type(Class)[DWARF DIE 6aab6] does not have a size specified, forcing to 1 (DWARFDataTypeImporter)  
WARN  Enum ROOT(Namespace)::html_special_type(Class)[DWARF DIE 9058a] does not have a size specified, forcing to 1 (DWARFDataTypeImporter)  
WARN  Enum ROOT(Namespace)::html_special_type(Class)[DWARF DIE 9058a] does not have a size specified, forcing to 1 (DWARFDataTypeImporter)  
ERROR Error updating function get_opt_@08074670 with params: Variable storage conflict between EAX:4 and: EAX:4 (DWARFFunctionImporter)  
ERROR DIE info: DIEAgregrate of: DIE [3e07c], DIE [3d530], 
DebugInfoEntry - Offset: 0x3e07c
AbbreviationCode: 0x47 DW_TAG_subprogram
	Attribute: DW_AT_abstract_origin DWARFNumericAttribute: 251184 [0003d530] DW_FORM_ref4
	Attribute: DW_AT_low_pc DWARFNumericAttribute: 134694512 [08074670] DW_FORM_addr
	Attribute: DW_AT_high_pc DWARFNumericAttribute: 134694541 [0807468d] DW_FORM_addr
	Attribute: DW_AT_frame_base DWARFNumericAttribute: 90195 [00016053] DW_FORM_data4
	Attribute: DW_AT_sibling DWARFBooleanAttribute: true DW_FORM_ref4
	Child count: 3
DebugInfoEntry - Offset: 0x3d530
AbbreviationCode: 0x26 DW_TAG_subprogram
	Attribute: DW_AT_external DWARFBooleanAttribute: true DW_FORM_flag
	Attribute: DW_AT_name DWARFDeferredStringAttribute [ offset=33541, value=get_opt_] DW_FORM_strp
	Attribute: DW_AT_decl_file DWARFNumericAttribute: 1 [00000001] DW_FORM_data1
	Attribute: DW_AT_decl_line DWARFNumericAttribute: 275 [00000113] DW_FORM_data2
	Attribute: DW_AT_prototyped DWARFBooleanAttribute: true DW_FORM_flag
	Attribute: DW_AT_type DWARFNumericAttribute: 251240 [0003d568] DW_FORM_ref4
	Attribute: DW_AT_inline DWARFNumericAttribute: 1 [00000001] DW_FORM_data1
	Attribute: DW_AT_sibling DWARFBooleanAttribute: true DW_FORM_ref4
	Child count: 3
 (DWARFFunctionImporter)  
INFO  DWARF import - total elapsed: some time (DWARFImportSummary)  
INFO  DWARF data type import - elapsed: some time (DWARFImportSummary)  
INFO  DWARF func & symbol import - elapsed: some time (DWARFImportSummary)  
INFO  DWARF types imported: 1379 (DWARFImportSummary)  
INFO  DWARF function signatures added: 2556 (DWARFImportSummary)  
ERROR DWARF variable definitions that failed because they depended on the dynamic value of a register: 1118 (DWARFImportSummary)  
ERROR DWARF expression failed to read: 24 (DWARFImportSummary)  
INFO  hit non-returning function, restarting decompiler switch analyzer later (DecompilerSwitchAnalyzer)  
INFO  Applied data type archive: generic_clib (ApplyDataArchiveAnalyzer)  
INFO  -----------------------------------------------------
    ASCII Strings                              some time
    Apply Data Archives                        some time
    Call Convention ID                         some time
    Call-Fixup Installer                       some time
    Create Address Tables                      some time
    Create Address Tables - One Time           some time
    Create Function                            some time
    DWARF                                     some time
    Data Reference                             some time
    Decompiler Switch Analysis                 some time
    Decompiler Switch Analysis - One Time     some time
    Demangler GNU                              some time
    Disassemble Entry Points                   some time
    Disassemble Entry Points - One Time        some time
    ELF Scalar Operand References              some time
    Embedded Media                             some time
    External Entry References                  some time
    Function ID                                some time
    Function Start Search                      some time
    Function Start Search After Code           some time
    Function Start Search After Data           some time
    GCC Exception Handlers                     some time
    Non-Returning Functions - Discovered       some time
    Non-Returning Functions - Known            some time
    Reference                                  some time
    Shared Return Calls                        some time
    Stack                                     some time
    Subroutine References                      some time
    Subroutine References - One Time           some time
    X86 Function Callee Purge                  some time
    x86 Constant Reference Analyzer           some time
-----------------------------------------------------
     Total Time  some time
-----------------------------------------------------
 (AutoAnalysisManager)  
INFO  REPORT: Analysis succeeded for file: SUBJECTS/from_decompile-it.com/elinks/ia32_elf_from_website/subject.exe (HeadlessAnalyzer)  
INFO  SCRIPT: SUBJECTS/scripts/ghidra_script.java (HeadlessAnalyzer)  
INFO  ghidra_script.java> Wrote SUBJECTS/from_decompile-it.com/elinks/ia32_elf_from_website/ghidra.c (GhidraScript)  
INFO  ANALYZING changes made by post scripts: SUBJECTS/from_decompile-it.com/elinks/ia32_elf_from_website/subject.exe (HeadlessAnalyzer)  
INFO  REPORT: Post-analysis succeeded for file: SUBJECTS/from_decompile-it.com/elinks/ia32_elf_from_website/subject.exe (HeadlessAnalyzer)  
INFO  REPORT: Save succeeded for: /subject.exe (project_name:/subject.exe) (HeadlessAnalyzer)  
INFO  REPORT: Import succeeded (HeadlessAnalyzer)  
