INFO  an - ### holdec 1.1 Copyright 2003-2012 Raimar Falke
INFO  an - Using ./from_boomerang/switch/ia32_elf_by_boomerang_gcc/subject.exe as executable
read image                              : ............................................................ [ done ]
INFO  fG - Detected ELF (Executable and Linkable Format)
INFO  ks - wrote ./from_boomerang/switch/ia32_elf_by_boomerang_gcc/subject.exe.info
INFO  fG - disassembleAndWrite: start a new loop with 1 extra block starts
Disassemble                             : ............................................................ [ done ]
INFO  fG - disassembleAndWrite: running multiline
INFO  ks - wrote ./from_boomerang/switch/ia32_elf_by_boomerang_gcc/subject.exe.info
Preprocessing 1240 asm lines            : ............INFO  ks - wrote ./from_boomerang/switch/ia32_elf_by_boomerang_gcc/subject.exe.info
................................................ [ done ]
INFO  ks - wrote ./from_boomerang/switch/ia32_elf_by_boomerang_gcc/subject.exe.info
INFO  fG - disassembleAndWrite: found 2 new addresses
INFO  fG - disassembleAndWrite: start a new loop with 3 extra block starts
Disassemble                             : ............................................................ [ done ]
INFO  fG - disassembleAndWrite: running multiline
INFO  ks - wrote ./from_boomerang/switch/ia32_elf_by_boomerang_gcc/subject.exe.info
Preprocessing 1238 asm lines            : ............................................................ [ done ]
INFO  ks - wrote ./from_boomerang/switch/ia32_elf_by_boomerang_gcc/subject.exe.info
WARN  fE - Ignore overlapping address 08048ed9[1,0].3
INFO  fG - disassembleAndWrite: found no new addresses. will stop now.
INFO  ks - wrote ./from_boomerang/switch/ia32_elf_by_boomerang_gcc/subject.exe.info
Preprocessing 1372 asm lines            : ............................................................ [ done ]
INFO  ks - wrote ./from_boomerang/switch/ia32_elf_by_boomerang_gcc/subject.exe.info
INFO  fG - reading all asm lines ...
INFO  fG - ... read 1372 asm lines
WARN  w - Address 080480d4.0 is excluded by the address filter. Maybe outside text section?
WARN  w - Address 08049454.0 is excluded by the address filter. Maybe outside text section?
create blocks                           : ............................................................ [ done ]
init blocks                             : ............................................................ [ done ]
Writing 48 methods to cache             : ............................................................ [ done ]
INFO  an - will decompile 24 functions
decompile atexit                        : .... failed: Block L0 calls block L1 which isn't available
decompile exit                          : .... failed: Block L0 calls block L1 which isn't available
decompile printf                        : .... failed: Block L0 calls block L1 which isn't available
decompile malloc                        : .... failed: Block L0 calls block L1 which isn't available
decompile free                          : .... failed: Block L0 calls block L1 which isn't available
decompile abort                         : .... failed: Block L0 calls block L1 which isn't available
decompile memset                        : .... failed: Block L0 calls block L1 which isn't available
decompile F_08048889                    : .WARN  ag - Referencing unknown line 080491fc.0
........................................................... [ done ]
decompile F_080488c9                    : ............................................................ [ done ]
decompile F_080488e1                    : .WARN  ag - Referencing unknown line 08049170.0
........................................................... [ done ]
decompile F_08048909                    : ............................................................ [ done ]
decompile F_08048918                    :  failed: self=08048918[0,1].0 first=08048918[0,1].0
decompile F_08048aba                    : .WARN  ag - Referencing unknown line 08048a24.0
........................................................... [ done ]
decompile F_08048b4a                    : .WARN  ag - Referencing unknown line 08048a7c.0
WARN  ag - Referencing unknown line 08048a7c.0
WARN  ag - Referencing unknown line 080487d0.0
WARN  ag - Referencing unknown line 08048aac.0
WARN  ag - Referencing unknown line 08048aac.0
........WARN  ac - Block 10 is already known to have a starting stack offset of 4 but when called from 9 it has an offset of -16
................................................... [ done ]
decompile F_08048c36                    : .WARN  ag - Referencing unknown line 08048b3c.0
.............................. failed: A non-current expression of a variable is used in block L4 in if(CMP(LOAD(ADD(InitValue(initial_value_of_ebp), 8)), <, LOAD(reg_pp24))) goto L6: The current setter is reg_var13 while [reg_pp24] was found. Related expressions are [reg_var14, reg_var13, reg_var10, reg_pp25, reg_pp24, reg_pp23]
decompile F_08048cd6                    : .WARN  ag - Referencing unknown line 0804898c.0
WARN  ag - Referencing unknown line 080489c8.0
WARN  ag - Referencing unknown line 0804898c.0
........WARN  ac - Block 9 is already known to have a starting stack offset of 4 but when called from 8 it has an offset of -4
WARN  ac - Block 10 is already known to have a starting stack offset of 4 but when called from 9 it has an offset of -4
................................................... [ done ]
decompile F_08048dee                    : .WARN  ag - Referencing unknown line 0804898c.0
WARN  ag - Referencing unknown line 080487f0.0
........WARN  ac - Block 9 is already known to have a starting stack offset of 4 but when called from 3 it has an offset of -4
WARN  ac - Block 9 is already known to have a starting stack offset of -4 but when called from 5 it has an offset of 4
WARN  ac - Block 9 is already known to have a starting stack offset of -4 but when called from 8 it has an offset of 4
................................................... [ done ]
decompile F_08049179                    : ............................................................ [ done ]
decompile F_080491c1                    : ............................................................ [ done ]
decompile F_08049205                    : .WARN  ag - Referencing unknown line 080487e0.0
WARN  ag - Referencing unknown line 080487f0.0
........WARN  ac - Block 7 is already known to have a starting stack offset of 4 but when called from 4 it has an offset of 0
WARN  ac - Block 7 is already known to have a starting stack offset of 0 but when called from 6 it has an offset of 4
.............................WARN  d - may result in wrong values
WARN  d -   reg_pp6 = PHI(reg_var13, reg_var10) in Block2
WARN  d -   reg_var13 = ADD(LOAD(reg_pp6), 20) in Block5
...................... [ done ]
decompile F_08049265                    : .WARN  ag - Referencing unknown line 08048c28.0
WARN  ag - Referencing unknown line 08048cc8.0
WARN  ag - Referencing unknown line 08048800.0
WARN  ag - Referencing unknown line 08048de0.0
WARN  ag - Referencing unknown line 0804898c.0
WARN  ag - Referencing unknown line 08048de0.0
........................................................... [ done ]
decompile F_080493ca                    : ............................................................ [ done ]
decompile init_dummy0                   : ............................................................ [ done ]
decompile F_080493fd                    : ............................................................ [ done ]
