[I] JEB 4.11.0.202201181921 (jeb-ce) is starting...
[I] Current directory: SUBJECTS
[I] Base directory: JEBDIR
[I] System: Mac OS X 12.2 (aarch64) de_DE
[I] Java: Homebrew 17.0.1
[I] Memory Usage: 36.0M used (228.0M free, 6.0G max)
[I] Initializing Jython, please wait...
Processing file: SUBJECTS/from_boomerang/switch/ia32_elf_by_boomerang_gcc/subject.exe...
[I] {subject.exe > subject.exe > x86 image}: Detected compiler: unknown (Linux)
[I] {subject.exe > subject.exe > x86 image}: Initial native analysis styles: code gaps: PROLOGUES_ONLY, data gaps: DEFAULT
[I] {subject.exe > subject.exe > x86 image}: Analysis completed (0s)
[I] {subject.exe > subject.exe > x86 image}: Initial analysis created 34 methods
Output folder: jeb_output
  0/ 34: Method: decode_uleb128
  1/ 34: 1/34: decode_uleb128 (DONE:184ms)
  1/ 34: Method: →atexit
  2/ 34: 2/34: →atexit (DONE:11ms)
  2/ 34: Method: →abort
  3/ 34: 3/34: →abort (DONE:5ms)
  3/ 34: Method: count_fdes
  4/ 34: 4/34: count_fdes (DONE:60ms)
  4/ 34: Method: →__fpstart
  5/ 34: 5/34: →__fpstart (DONE:5ms)
  5/ 34: Method: →exit
  6/ 34: 6/34: →exit (DONE:4ms)
  6/ 34: Method: →printf
  7/ 34: 7/34: →printf (DONE:4ms)
  7/ 34: Method: →malloc
  8/ 34: 8/34: →malloc (DONE:5ms)
  8/ 34: Method: →free
  9/ 34: 9/34: →free (DONE:4ms)
  9/ 34: Method: →memset
 10/ 34: 10/34: →memset (DONE:5ms)
 10/ 34: Method: decode_sleb128
 11/ 34: 11/34: decode_sleb128 (DONE:87ms)
 11/ 34: Method: fde_insert
 12/ 34: 12/34: fde_insert (DONE:71ms)
 12/ 34: Method: main
 13/ 34: 13/34: main (DONE:47ms)
 13/ 34: Method: sub_8048776
 14/ 34: 14/34: sub_8048776 (DONE:5ms)
 14/ 34: Method: →_cleanup
 15/ 34: 15/34: →_cleanup (DONE:5ms)
 15/ 34: Method: _mcount
 16/ 34: 16/34: _mcount (DONE:3ms)
 16/ 34: Method: execute_cfa_insn
 17/ 34: 17/34: execute_cfa_insn (DONE:301ms)
 17/ 34: Method: add_fdes
 18/ 34: 18/34: add_fdes (DONE:111ms)
 18/ 34: Method: __register_frame_info
 19/ 34: 19/34: __register_frame_info (DONE:18ms)
 19/ 34: Method: __do_global_ctors_aux
 20/ 34: 20/34: __do_global_ctors_aux (DONE:72ms)
 20/ 34: Method: __deregister_frame_info
 21/ 34: 21/34: __deregister_frame_info (DONE:64ms)
 21/ 34: Method: extract_cie_info
 22/ 34: 22/34: extract_cie_info (DONE:348ms)
 22/ 34: Method: frame_init
 23/ 34: 23/34: frame_init (DONE:157ms)
 23/ 34: Method: frame_dummy
 24/ 34: 24/34: frame_dummy (DONE:16ms)
 24/ 34: Method: initializer_0
 25/ 34: 25/34: initializer_0 (DONE:5ms)
 25/ 34: Method: _start
 26/ 34: 26/34: _start (DONE:102ms)
 26/ 34: Method: __do_global_dtors_aux
 27/ 34: 27/34: __do_global_dtors_aux (DONE:49ms)
 27/ 34: Method: finalizer_0
 28/ 34: 28/34: finalizer_0 (DONE:4ms)
 28/ 34: Method: find_fde
 29/ 34: 29/34: find_fde (DONE:127ms)
 29/ 34: Method: fini_dummy
 30/ 34: 30/34: fini_dummy (DONE:11ms)
 30/ 34: Method: init_dummy
 31/ 34: 31/34: init_dummy (DONE:7ms)
 31/ 34: Method: __register_frame_info_table
 32/ 34: 32/34: __register_frame_info_table (DONE:15ms)
 32/ 34: Method: init_dummy2
 33/ 34: 33/34: init_dummy2 (DONE:8ms)
 33/ 34: Method: __frame_state_for
 34/ 34: 34/34: __frame_state_for (DONE:259ms)
Exectime: 3.048000 sec
[I] Done.
