=== Using options:--aggressive-branch-removal
000000000040BF5C: warning: Call target address 0000000000000000 is invalid.
000000000040BFE1: warning: Call target address 0000000000000000 is invalid.
000000000040CAA5: warning: Procedure fn000000000040CA67 previously had a return address of 0 bytes on the stack, but now seems to have a return address of 8 bytes on the stack.
000000000040CFC7: warning: Procedure fn000000000040CFD5 previously had a return address of 8 bytes on the stack, but now seems to have a return address of 0 bytes on the stack.
000000000040CEB3: warning: Procedure fn000000000040CEAE previously had a return address of 8 bytes on the stack, but now seems to have a return address of 0 bytes on the stack.
0000000000401CD2: warning: Procedure fn0000000000404CC3 previously had a return address of 8 bytes on the stack, but now seems to have a return address of 0 bytes on the stack.
0000000000401CE8: warning: Procedure fn0000000000404CC3 previously had a return address of 8 bytes on the stack, but now seems to have a return address of 0 bytes on the stack.
0000000000404D23: warning: Procedure fn0000000000404CC3 previously had a return address of 8 bytes on the stack, but now seems to have a return address of 0 bytes on the stack.
0000000000404D3D: warning: Procedure fn0000000000404CC3 previously had a return address of 8 bytes on the stack, but now seems to have a return address of 0 bytes on the stack.
00000000004385F9: warning: Expected a use of FPU status. Last test instruction at 00000000004385F9
00000000004385CE: warning: Unexpected 2 fstsw mask for jnz mnemonic.
00000000004392B6: warning: Call target address 0000000000000000 is invalid.
000000000043AD60: warning: Procedure fn000000000043AD53 previously had a return address of 8 bytes on the stack, but now seems to have a return address of 0 bytes on the stack.
000000000040CFD3: warning: Procedure fn000000000040460F previously had a return address of 8 bytes on the stack, but now seems to have a return address of 0 bytes on the stack.
000000000040CFDE: warning: Procedure fn000000000040CFD5 previously had a return address of 8 bytes on the stack, but now seems to have a return address of 0 bytes on the stack.
00000000004050B5: warning: Procedure fn0000000000405057 previously had a return address of 0 bytes on the stack, but now seems to have a return address of 8 bytes on the stack.
0000000000404633: warning: Procedure fn000000000040460F previously had a return address of 8 bytes on the stack, but now seems to have a return address of 0 bytes on the stack.
000000000040796E: warning: Procedure fn0000000000407963 previously had a return address of 8 bytes on the stack, but now seems to have a return address of 0 bytes on the stack.
000000000040E633: warning: Procedure fn000000000040E629 previously had a return address of 8 bytes on the stack, but now seems to have a return address of 0 bytes on the stack.
000000000040469D: warning: Procedure fn0000000000407DE7 previously had a return address of 0 bytes on the stack, but now seems to have a return address of 8 bytes on the stack.
0000000000420566: warning: Procedure fn0000000000420529 previously had a return address of 8 bytes on the stack, but now seems to have a return address of 0 bytes on the stack.
0000000000401CFD: warning: Procedure fn0000000000401CED previously had a return address of 8 bytes on the stack, but now seems to have a return address of 0 bytes on the stack.
000000000042048C: warning: Procedure fn000000000042045D previously had a return address of 0 bytes on the stack, but now seems to have a return address of 8 bytes on the stack.
00000000004075E6: warning: Procedure fn00000000004074D7 previously had a return address of 0 bytes on the stack, but now seems to have a return address of 8 bytes on the stack.
000000000040517E: warning: Procedure fn00000000004096A4 previously had a return address of 0 bytes on the stack, but now seems to have a return address of 8 bytes on the stack.
000000000040E221: warning: Procedure fn000000000040DF53 previously had a return address of 0 bytes on the stack, but now seems to have a return address of 8 bytes on the stack.
0000000000408400: warning: Procedure fn000000000042048D previously had a return address of 8 bytes on the stack, but now seems to have a return address of 0 bytes on the stack.
00000000004082F7: warning: Procedure fn000000000042048D previously had a return address of 8 bytes on the stack, but now seems to have a return address of 0 bytes on the stack.
00000000004089E9: warning: Procedure fn00000000004089B9 previously had a return address of 8 bytes on the stack, but now seems to have a return address of 0 bytes on the stack.
0000000000408D05: warning: Procedure fn0000000000408E52 previously had a return address of 0 bytes on the stack, but now seems to have a return address of 8 bytes on the stack.
000000000040CA64: warning: Procedure fn000000000040459D previously had a return address of 0 bytes on the stack, but now seems to have a return address of 8 bytes on the stack.
0000000000406C44: warning: Procedure fn0000000000408E52 previously had a return address of 0 bytes on the stack, but now seems to have a return address of 8 bytes on the stack.
000000000040CAF6: warning: Procedure fn000000000040CAE2 previously had a return address of 0 bytes on the stack, but now seems to have a return address of 8 bytes on the stack.
000000000041214A: warning: Procedure fn00000000004121FB previously had a return address of 0 bytes on the stack, but now seems to have a return address of 8 bytes on the stack.
000000000040CFEC: warning: Procedure fn000000000040DCFB previously had a return address of 8 bytes on the stack, but now seems to have a return address of 0 bytes on the stack.
0000000000407E9A: warning: Procedure fn0000000000407E10 previously had a return address of 0 bytes on the stack, but now seems to have a return address of 8 bytes on the stack.
0000000000404C43: warning: Procedure fn0000000000404BCC previously had a return address of 8 bytes on the stack, but now seems to have a return address of 0 bytes on the stack.
0000000000404BC7: warning: Procedure fn0000000000404B20 previously had a return address of 8 bytes on the stack, but now seems to have a return address of 0 bytes on the stack.
00000000004213B2: warning: Procedure fn000000000041DA64 previously had a return address of 8 bytes on the stack, but now seems to have a return address of 0 bytes on the stack.
0000000000421BA9: warning: Procedure fn0000000000421B56 previously had a return address of 8 bytes on the stack, but now seems to have a return address of 0 bytes on the stack.
000000000041DA83: warning: Procedure fn000000000041DA64 previously had a return address of 8 bytes on the stack, but now seems to have a return address of 0 bytes on the stack.
00000000004205DC: warning: Procedure fn000000000042056C previously had a return address of 0 bytes on the stack, but now seems to have a return address of 8 bytes on the stack.
0000000000422509: warning: Unable to determine size of call or jump table; there may be more than 2 entries.
0000000000404721: warning: Procedure fn0000000000406FB2 previously had a return address of 8 bytes on the stack, but now seems to have a return address of 0 bytes on the stack.
000000000040B993: warning: Procedure fn00000000004205E2 previously had a return address of 0 bytes on the stack, but now seems to have a return address of 8 bytes on the stack.
000000000042FB28: error: Value was either too large or too small for a UInt64.
000000000040975D: warning: Unable to determine size of call or jump table; there may be more than 2 entries.
000000000040B999: warning: Procedure fn000000000040B994 previously had a return address of 8 bytes on the stack, but now seems to have a return address of 0 bytes on the stack.
00000000004204CE: warning: Procedure fn000000000042048D previously had a return address of 8 bytes on the stack, but now seems to have a return address of 0 bytes on the stack.
000000000040DD18: warning: Procedure fn000000000040DCFB previously had a return address of 8 bytes on the stack, but now seems to have a return address of 0 bytes on the stack.
0000000000403F4D: warning: Procedure fn0000000000403F77 previously had a return address of 0 bytes on the stack, but now seems to have a return address of 8 bytes on the stack.
0000000000405B87: warning: Procedure fn0000000000405B55 previously had a return address of 0 bytes on the stack, but now seems to have a return address of 8 bytes on the stack.
0000000000406EB1: warning: Procedure fn0000000000406EB2 previously had a return address of 0 bytes on the stack, but now seems to have a return address of 8 bytes on the stack.
0000000000408468: warning: Procedure fn0000000000408491 previously had a return address of 8 bytes on the stack, but now seems to have a return address of 0 bytes on the stack.
00000000004200E1: warning: Procedure fn00000000004200FB previously had a return address of 0 bytes on the stack, but now seems to have a return address of 8 bytes on the stack.
000000000040C260: warning: Procedure fn000000000040C214 previously had a return address of 0 bytes on the stack, but now seems to have a return address of 8 bytes on the stack.
000000000040CCF2: warning: Procedure fn000000000040CAF7 previously had a return address of 8 bytes on the stack, but now seems to have a return address of 0 bytes on the stack.
000000000040CE9A: warning: Procedure fn000000000040CAF7 previously had a return address of 8 bytes on the stack, but now seems to have a return address of 0 bytes on the stack.
000000000040CAE1: warning: Procedure fn000000000040CAA6 previously had a return address of 0 bytes on the stack, but now seems to have a return address of 8 bytes on the stack.
000000000040D482: warning: Procedure fn000000000040D473 previously had a return address of 0 bytes on the stack, but now seems to have a return address of 8 bytes on the stack.
000000000041CE22: warning: Procedure fn000000000041CE22 previously had a return address of 8 bytes on the stack, but now seems to have a return address of 0 bytes on the stack.
0000000000411C1E: warning: Unable to determine size of call or jump table; there may be more than 2 entries.
000000000041D6A4: warning: Procedure fn000000000041D69F previously had a return address of 8 bytes on the stack, but now seems to have a return address of 0 bytes on the stack.
0000000000437BAF: warning: Procedure fn0000000000437B3E previously had a return address of 0 bytes on the stack, but now seems to have a return address of 8 bytes on the stack.
000000000040287D: warning: Procedure fn0000000000437B3E previously had a return address of 0 bytes on the stack, but now seems to have a return address of 8 bytes on the stack.
0000000000402E14: warning: Procedure fn0000000000402E03 previously had a return address of 8 bytes on the stack, but now seems to have a return address of 0 bytes on the stack.
0000000000437A84: warning: Call target address 0000000000000000 is invalid.
0000000000438045: warning: Call target address 0000000000000000 is invalid.
00000000004380A5: warning: Call target address 0000000000000000 is invalid.
0000000000437F84: warning: Call target address 0000000000000000 is invalid.
0000000000401F87: warning: Procedure fn0000000000401F82 previously had a return address of 8 bytes on the stack, but now seems to have a return address of 0 bytes on the stack.
000000000040342E: warning: Procedure fn0000000000403420 previously had a return address of 0 bytes on the stack, but now seems to have a return address of 8 bytes on the stack.
fn0000000000401000: error: An internal error occurred while building the expressions of fn0000000000401000
    The given key 'l0000000000401091' was not present in the dictionary.
       at System.Collections.Generic.Dictionary`2.get_Item(TKey key)
   at Reko.Core.Lib.DominatorGraph`1.BuildDominanceFrontiers(DirectedGraph`1 graph, Dictionary`2 idoms) in /Users/runner/work/reko/reko/src/Core/Lib/DominatorGraph.cs:line 192
   at Reko.Core.Lib.DominatorGraph`1..ctor(DirectedGraph`1 graph, T entryNode) in /Users/runner/work/reko/reko/src/Core/Lib/DominatorGraph.cs:line 45
   at Reko.Analysis.DataFlowAnalysis.BuildExpressionTrees() in /Users/runner/work/reko/reko/src/Decompiler/Analysis/DataFlowAnalysis.cs:line 397
fn0000000000408E52: error: An internal error occurred while building the expressions of fn0000000000408E52
    The given key 'rsp_55' was not present in the dictionary.
       at System.Collections.Generic.Dictionary`2.get_Item(TKey key)
   at Reko.Analysis.UnreachableBlockRemover.RemoveFromPhiFunctions(Block block, HashSet`1 deadBlocks) in /Users/runner/work/reko/reko/src/Decompiler/Analysis/UnreachableBlockRemover.cs:line 166
   at Reko.Analysis.UnreachableBlockRemover.RemoveDeadBlocks(HashSet`1 deadBlocks) in /Users/runner/work/reko/reko/src/Decompiler/Analysis/UnreachableBlockRemover.cs:line 137
   at Reko.Analysis.UnreachableBlockRemover.Transform() in /Users/runner/work/reko/reko/src/Decompiler/Analysis/UnreachableBlockRemover.cs:line 75
   at Reko.Analysis.DataFlowAnalysis.BuildExpressionTrees() in /Users/runner/work/reko/reko/src/Decompiler/Analysis/DataFlowAnalysis.cs:line 381
fn0000000000437DD1: error: An internal error occurred while building the expressions of fn0000000000437DD1
    The given key 'ymm3_247' was not present in the dictionary.
       at System.Collections.Generic.Dictionary`2.get_Item(TKey key)
   at Reko.Analysis.UnreachableBlockRemover.RemoveFromPhiFunctions(Block block, HashSet`1 deadBlocks) in /Users/runner/work/reko/reko/src/Decompiler/Analysis/UnreachableBlockRemover.cs:line 166
   at Reko.Analysis.UnreachableBlockRemover.RemoveDeadBlocks(HashSet`1 deadBlocks) in /Users/runner/work/reko/reko/src/Decompiler/Analysis/UnreachableBlockRemover.cs:line 137
   at Reko.Analysis.UnreachableBlockRemover.Transform() in /Users/runner/work/reko/reko/src/Decompiler/Analysis/UnreachableBlockRemover.cs:line 75
   at Reko.Analysis.DataFlowAnalysis.BuildExpressionTrees() in /Users/runner/work/reko/reko/src/Decompiler/Analysis/DataFlowAnalysis.cs:line 381
Error: An error occurred during decompilation.
    Unable to cast object of type 'System.Numerics.BigInteger' to type 'System.IConvertible'.
       at System.Convert.ToUInt64(Object value)
   at Reko.Core.Output.CodeFormatter.FormatStrings(PrimitiveType type, Object value) in /Users/runner/work/reko/reko/src/Core/Output/CodeFormatter.cs:line 954
   at Reko.Core.Output.CodeFormatter.VisitConstant(Constant c) in /Users/runner/work/reko/reko/src/Core/Output/CodeFormatter.cs:line 325
   at Reko.Core.Output.CodeFormatter.VisitBinaryExpression(BinaryExpression binExp) in /Users/runner/work/reko/reko/src/Core/Output/CodeFormatter.cs:line 201
   at Reko.Core.Output.CodeFormatter.WriteExpression(Expression expr) in /Users/runner/work/reko/reko/src/Core/Output/CodeFormatter.cs:line 1117
   at Reko.Core.Output.CodeFormatter.VisitConversion(Conversion conversion) in /Users/runner/work/reko/reko/src/Core/Output/CodeFormatter.cs:line 370
   at Reko.Core.Output.CodeFormatter.VisitAssignment(Assignment a) in /Users/runner/work/reko/reko/src/Core/Output/CodeFormatter.cs:line 548
   at Reko.Core.Block.WriteStatements(TextWriter writer) in /Users/runner/work/reko/reko/src/Core/Block.cs:line 183
   at Reko.Core.Block.Write(TextWriter sb) in /Users/runner/work/reko/reko/src/Core/Block.cs:line 172
   at Reko.Decompiler.EmitProgram(Program program, IEnumerable`1 objects, DataFlowAnalysis dfa, String filename, TextWriter output) in /Users/runner/work/reko/reko/src/Decompiler/Decompiler.cs:line 161
   at Reko.Decompiler.<>c__DisplayClass14_0.<AnalyzeDataFlow>b__0(String name, IEnumerable`1 procs, TextWriter writer) in /Users/runner/work/reko/reko/src/Decompiler/Decompiler.cs:line 114
   at Reko.DecompiledFileService.WriteIntermediateCode(Program program, Action`3 writer) in /Users/runner/work/reko/reko/src/Decompiler/IDecompiledFileService.cs:line 147
   at Reko.Decompiler.AnalyzeDataFlow() in /Users/runner/work/reko/reko/src/Decompiler/Decompiler.cs:line 114
   at Reko.CmdLine.CmdLineDriver.Decompile(Dictionary`2 pArgs) in /Users/runner/work/reko/reko/src/Drivers/CmdLine/CmdLineDriver.cs:line 209
