INFO  an - ### holdec 1.1 Copyright 2003-2012 Raimar Falke
INFO  an - Using ./from_boomerang/recursion2/ia32_elf_by_boomerang/subject.exe as executable
read image                              : ............................................................ [ done ]
INFO  fG - Detected ELF (Executable and Linkable Format)
INFO  ks - wrote ./from_boomerang/recursion2/ia32_elf_by_boomerang/subject.exe.info
INFO  fG - disassembleAndWrite: start a new loop with 1 extra block starts
Disassemble                             : ............................................................ [ done ]
INFO  fG - disassembleAndWrite: running multiline
INFO  ks - wrote ./from_boomerang/recursion2/ia32_elf_by_boomerang/subject.exe.info
Preprocessing 406 asm lines             : ............................................................ [ done ]
INFO  ks - wrote ./from_boomerang/recursion2/ia32_elf_by_boomerang/subject.exe.info
INFO  fG - disassembleAndWrite: found no new addresses. will stop now.
INFO  ks - wrote ./from_boomerang/recursion2/ia32_elf_by_boomerang/subject.exe.info
Preprocessing 492 asm lines             : ............................................................ [ done ]
INFO  ks - wrote ./from_boomerang/recursion2/ia32_elf_by_boomerang/subject.exe.info
INFO  fG - reading all asm lines ...
INFO  fG - ... read 492 asm lines
WARN  w - Address 08048114.0 is excluded by the address filter. Maybe outside text section?
WARN  w - Address 080486dc.0 is excluded by the address filter. Maybe outside text section?
create blocks                           : ............................................................ [ done ]
init blocks                             : ............................................................ [ done ]
Writing 27 methods to cache             : ............................................................ [ done ]
INFO  an - will decompile 18 functions
decompile F_080482a8                    : .... failed: Block L0 calls block L1 which isn't available
decompile F_080482b8                    : .... failed: Block L0 calls block L1 which isn't available
decompile F_080482c8                    : .... failed: Block L0 calls block L1 which isn't available
decompile F_08048306                    : .WARN  ag - Referencing unknown line 080482c8.0
........................................................... [ done ]
decompile main                          : .WARN  ag - Referencing unknown line 080483d6.0
WARN  ag - Referencing unknown line 080482b8.0
WARN  ag - Referencing unknown line 080482b8.0
..INFO  fO - Skipping stack alignment: 08048382.0+3 l.and esp,0xfffffff0
......................................................... [ done ]
decompile b                             : .WARN  ag - Referencing unknown line 08048408.0
........................................................... [ done ]
decompile c                             : .WARN  ag - Referencing unknown line 080484a6.0
WARN  ag - Referencing unknown line 0804850a.0
WARN  ag - Referencing unknown line 08048566.0
WARN  ag - Referencing unknown line 080485a6.0
WARN  ag - Referencing unknown line 0804860b.0
........................................................... [ done ]
decompile d                             : .WARN  ag - Referencing unknown line 080484d8.0
........................................................... [ done ]
decompile e                             : .WARN  ag - Referencing unknown line 08048408.0
........................................................... [ done ]
decompile f                             : .WARN  ag - Referencing unknown line 08048538.0
........................................................... [ done ]
decompile g                             : .WARN  ag - Referencing unknown line 0804850a.0
........................................................... [ done ]
decompile h                             : .WARN  ag - Referencing unknown line 08048594.0
........................................................... [ done ]
decompile i                             : ............................................................ [ done ]
decompile j                             : .WARN  ag - Referencing unknown line 080485d8.0
........................................................... [ done ]
decompile k                             : .WARN  ag - Referencing unknown line 080484d8.0
........................................................... [ done ]
decompile l                             : .WARN  ag - Referencing unknown line 080483d6.0
........................................................... [ done ]
decompile F_0804864e                    : .WARN  ag - Referencing unknown line 08048280.0
........................................................... [ done ]
decompile F_080486ca                    : .WARN  ag - Referencing unknown line 08048320.0
........................................................... [ done ]
