Using options:
00010AD0: error: Varargs: invalid address: BADDCAFE
00011020: warning: Unable to resolve imported reference .umul.
00011208: warning: Unable to resolve imported reference .umul.
000114DC: error: An error occurred while processing instruction at address 000114DC.
    The given key was not present in the dictionary.
      at System.ThrowHelper.ThrowKeyNotFoundException () <0x40e42170 + 0x0001f> in <filename unknown>:0 
  at System.Collections.Generic.Dictionary`2[TKey,TValue].get_Item (System.Collections.Generic.TKey key) <0x40c89bb0 + 0x0004b> in <filename unknown>:0 
  at Reko.Analysis.ExpressionPropagator.GetStackDepthBeforeCall () <0x40e41220 + 0x00073> in <filename unknown>:0 
  at Reko.Analysis.ExpressionPropagator.VisitCallInstruction (Reko.Core.Code.CallInstruction ci) <0x40e40eb0 + 0x0005f> in <filename unknown>:0 
  at Reko.Core.Code.CallInstruction.Accept[T] (InstructionVisitor`1 visitor) <0x40e38420 + 0x00030> in <filename unknown>:0 
  at Reko.Analysis.TrashedRegisterFinder.RewriteBlock (Reko.Core.Block block) <0x40e3e990 + 0x001c0> in <filename unknown>:0 
fde_insert: error: An error occurred while rewriting procedure to high-level language.
    Failure has occurred while loading a type.
      at Reko.Structure.StructureAnalysis.ProcessUnresolvedRegions () <0x40ea1c20 + 0x00073> in <filename unknown>:0 
  at Reko.Structure.StructureAnalysis.Execute () <0x40e9d260 + 0x00443> in <filename unknown>:0 
  at Reko.Structure.StructureAnalysis.Structure () <0x40e9bda0 + 0x00137> in <filename unknown>:0 
  at Reko.DecompilerDriver.StructureProgram () <0x40e9b8c0 + 0x00255> in <filename unknown>:0 
fn00010E04: error: An error occurred while rewriting procedure to high-level language.
    Failure has occurred while loading a type.
      at Reko.Structure.StructureAnalysis.ProcessUnresolvedRegions () <0x40ea1c20 + 0x00073> in <filename unknown>:0 
  at Reko.Structure.StructureAnalysis.Execute () <0x40e9d260 + 0x00443> in <filename unknown>:0 
  at Reko.Structure.StructureAnalysis.Structure () <0x40e9bda0 + 0x00137> in <filename unknown>:0 
  at Reko.DecompilerDriver.StructureProgram () <0x40e9b8c0 + 0x00255> in <filename unknown>:0 
__frame_state_for: error: An error occurred while rewriting procedure to high-level language.
    Failure has occurred while loading a type.
      at Reko.Structure.StructureAnalysis.ProcessUnresolvedRegions () <0x40ea1c20 + 0x00073> in <filename unknown>:0 
  at Reko.Structure.StructureAnalysis.Execute () <0x40e9d260 + 0x00443> in <filename unknown>:0 
  at Reko.Structure.StructureAnalysis.Structure () <0x40e9bda0 + 0x00137> in <filename unknown>:0 
  at Reko.DecompilerDriver.StructureProgram () <0x40e9b8c0 + 0x00255> in <filename unknown>:0 
Could not load signature of Reko.Structure.StructureAnalysis:DetermineFollowLatch due to: Failed for unknown reasons. assembly:mscorlib, Version=4.0.0.0, Culture=neutral, PublicKeyToken=b77a5c561934e089 type:System.ValueTuple`2 member:<none>
Could not load signature of Reko.Structure.StructureAnalysis:DetermineFollowLatch due to: Failed for unknown reasons. assembly:mscorlib, Version=4.0.0.0, Culture=neutral, PublicKeyToken=b77a5c561934e089 type:System.ValueTuple`2 member:<none>
Could not load signature of Reko.Structure.StructureAnalysis:DetermineFollowLatch due to: Failed for unknown reasons. assembly:mscorlib, Version=4.0.0.0, Culture=neutral, PublicKeyToken=b77a5c561934e089 type:System.ValueTuple`2 member:<none>
