Analyzing './from_holdec/string_literals/ia32_elf/subject.exe' as a x86 32 ELF binary file.

0 Procs, 0 Labels, 0 Branches, 0 / 0 kB covered
./from_holdec/string_literals/ia32_elf/subject.exe: no .debug_info section
./from_holdec/string_literals/ia32_elf/subject.exe: 31 sections starting at 0x0000388C
./from_holdec/string_literals/ia32_elf/subject.exe: section string table at 0x00003CEC, 0x10A bytes
 Offset:  [ix]  Address    Size    Offset  Name
0000388C: [ 0] 00000000 00000000 00000000 
000038B4: [ 1] 08048154 00000013 00000154 .interp
000038DC: [ 2] 08048168 00000020 00000168 .note.ABI-tag
00003904: [ 3] 08048188 00000024 00000188 .note.gnu.build-id
0000392C: [ 4] 080481AC 00000020 000001AC .gnu.hash
00003954: [ 5] 080481CC 000000A0 000001CC .dynsym
0000397C: [ 6] 0804826C 00000076 0000026C .dynstr
000039A4: [ 7] 080482E2 00000014 000002E2 .gnu.version
000039CC: [ 8] 080482F8 00000030 000002F8 .gnu.version_r
000039F4: [ 9] 08048328 00000008 00000328 .rel.dyn
00003A1C: [10] 08048330 00000038 00000330 .rel.plt
00003A44: [11] 08048368 00000023 00000368 .init
00003A6C: [12] 08048390 00000080 00000390 .plt
00003A94: [13] 08048410 00000008 00000410 .plt.got
00003ABC: [14] 08048420 00000DE2 00000420 .text
00003AE4: [15] 08049204 00000014 00001204 .fini
00003B0C: [16] 08049218 00001BD7 00001218 .rodata
00003B34: [17] 0804ADF0 0000002C 00002DF0 .eh_frame_hdr
00003B5C: [18] 0804AE1C 000000D8 00002E1C .eh_frame
00003B84: [19] 0804BF08 00000004 00002F08 .init_array
00003BAC: [20] 0804BF0C 00000004 00002F0C .fini_array
00003BD4: [21] 0804BF10 00000004 00002F10 .jcr
00003BFC: [22] 0804BF14 000000E8 00002F14 .dynamic
00003C24: [23] 0804BFFC 00000004 00002FFC .got
00003C4C: [24] 0804C000 00000028 00003000 .got.plt
00003C74: [25] 0804C028 00000004 00003028 .data
00003C9C: [26] 0804C02C 00000004 0000302C .bss
00003CC4: [27] 00000000 0000002C 0000302C .comment
00003CEC: [28] 00000000 0000010A 0000377F .shstrtab
00003D14: [29] 00000000 000004A0 00003058 .symtab
00003D3C: [30] 00000000 00000287 000034F8 .strtab
Matching signatures...
0 Procs, 0 Labels, 0 Branches, 0 / 11 kB covered
0 Procs, 0 Labels, 0 Branches, 0 / 11 kB covered
Separating code and data...
0 Procs, 0 Labels, 0 Branches, 0 / 11 kB covered
0 Procs, 8 Labels, 6 Branches, 0 / 11 kB covered
0 Procs, 8 Labels, 6 Branches, 0 / 11 kB covered
0 Procs, 22 Labels, 276 Branches, 0 / 11 kB covered
0 Procs, 24 Labels, 278 Branches, 0 / 11 kB covered
0 Procs, 24 Labels, 278 Branches, 0 / 11 kB covered
0 Procs, 39 Labels, 291 Branches, 0 / 11 kB covered
0 Procs, 39 Labels, 291 Branches, 0 / 11 kB covered
0 Procs, 40 Labels, 291 Branches, 0 / 11 kB covered
0 Procs, 41 Labels, 291 Branches, 0 / 11 kB covered
0 Procs, 46 Labels, 297 Branches, 0 / 11 kB covered
0 Procs, 48 Labels, 299 Branches, 0 / 11 kB covered
0 Procs, 49 Labels, 299 Branches, 0 / 11 kB covered
19 Procs, 49 Labels, 299 Branches, 0 / 11 kB covered
19 Procs, 49 Labels, 299 Branches, 0 / 11 kB covered
19 Procs, 49 Labels, 299 Branches, 0 / 11 kB covered
19 Procs, 49 Labels, 299 Branches, 0 / 11 kB covered
19 Procs, 49 Labels, 299 Branches, 0 / 11 kB covered
19 Procs, 49 Labels, 299 Branches, 0 / 11 kB covered
19 Procs, 49 Labels, 299 Branches, 0 / 11 kB covered
19 Procs, 49 Labels, 299 Branches, 0 / 11 kB covered
19 Procs, 49 Labels, 299 Branches, 0 / 11 kB covered
19 Procs, 49 Labels, 299 Branches, 0 / 11 kB covered
19 Procs, 49 Labels, 299 Branches, 0 / 11 kB covered
19 Procs, 49 Labels, 299 Branches, 0 / 11 kB covered
19 Procs, 49 Labels, 299 Branches, 0 / 11 kB covered
19 Procs, 49 Labels, 299 Branches, 0 / 11 kB covered
19 Procs, 49 Labels, 299 Branches, 0 / 11 kB covered
19 Procs, 49 Labels, 299 Branches, 0 / 11 kB covered
19 Procs, 49 Labels, 299 Branches, 0 / 11 kB covered
19 Procs, 49 Labels, 299 Branches, 0 / 11 kB covered
19 Procs, 49 Labels, 299 Branches, 0 / 11 kB covered
19 Procs, 49 Labels, 299 Branches, 0 / 11 kB covered
19 Procs, 49 Labels, 299 Branches, 0 / 11 kB covered
Resolving indirect jumps...
19 Procs, 49 Labels, 299 Branches, 0 / 11 kB covered
19 Procs, 49 Labels, 299 Branches, 0 / 11 kB covered
Resolving constants and strings...
19 Procs, 49 Labels, 299 Branches, 0 / 11 kB covered
Discovering unreached functions...
19 Procs, 49 Labels, 299 Branches, 0 / 11 kB covered
Computing call tree...
19 Procs, 49 Labels, 299 Branches, 0 / 11 kB covered
Computing calling conventions...
19 Procs, 49 Labels, 299 Branches, 0 / 11 kB covered
Computing Calling Convention: 2/19  0x080483A0
Computing Calling Convention: 3/19  0x080483B0
Computing Calling Convention: 4/19  0x080483C0
Computing Calling Convention: 5/19  0x080483D0
Computing Calling Convention: 6/19  0x080483E0
Computing Calling Convention: 7/19  0x080483F0
Computing Calling Convention: 8/19  0x08048400
Computing Calling Convention: 9/19  0x08048410
Computing Calling Convention: 10/19  0x08048420
Computing Calling Convention: 11/19  0x080490A2
Computing Calling Convention: 12/19  0x080490D0
Computing Calling Convention: 14/19  0x08049110
Computing Calling Convention: 15/19  0x08049150
Computing Calling Convention: 16/19  0x08049170
Computing Calling Convention: 18/19  0x08049200
Computing Calling Convention: 19/19  0x08049204
Computing Calling Convention: 1/3  0x08048368
Computing Calling Convention: 3/3  0x080491A0
Computing Calling Convention: xx/1  0x080490E0
Computing label cross-references...
19 Procs, 49 Labels, 299 Branches, 0 / 11 kB covered
File analysis complete.
19 Procs, 49 Labels, 299 Branches, 0 / 11 kB covered

Decompiling 1/19: 0x08048368
Decompiling 2/19: 0x080483A0
Decompiling 3/19: 0x080483B0
Decompiling 4/19: 0x080483C0
Decompiling 5/19: 0x080483D0
Decompiling 6/19: 0x080483E0
Decompiling 7/19: 0x080483F0
Decompiling 8/19: 0x08048400
Decompiling 9/19: 0x08048410
Decompiling 10/19: 0x08048420
Decompiling 11/19: 0x080490A2
Decompiling 12/19: 0x080490D0
Decompiling 13/19: 0x080490E0
Decompiling 14/19: 0x08049110
Decompiling 15/19: 0x08049150
Decompiling 16/19: 0x08049170
Decompiling 17/19: 0x080491A0
Decompiling 18/19: 0x08049200
Decompiling 19/19: 0x08049204
Decompiling 19/19: 0x08049204

