Boomerang alpha 0.3.1 09/Sep/2006
loading...
decoding entry point...
decoding anything undecoded...
finishing decode...
found 4 procs
decompiling...
decompiling entry point main
 considering main
  considering hexdump
   considering stat
   decompiling stat
   considering dumpline
   decompiling dumpline
rprtttt  decompiling hexdump
rprttr decompiling main
global type analysis for main
global type analysis for hexdump
global type analysis for stat
global type analysis for dumpline
triiigenerating code...
output written to _output/subject
completed in some time
