Possible file format: ELF64 for x86-64 (Executable) (IDADIR/loaders/elf64.so)

  bytes   pages size description
--------- ----- ---- --------------------------------------------
   524288    64 8192 allocating memory for b-tree...
    65536     8 8192 allocating memory for virtual array...
   262144    32 8192 allocating memory for name pointers...
-----------------------------------------------------------------
   851968            total memory allocated

Loading file 'SUBJECTS/from_snowman/other-044_tree/x64_elf/subject.exe' into database...
Detected file format: ELF64 for x86-64 (Executable)
Loading processor module IDADIR/procs/pc64.so for metapc...Initializing processor module metapc...OK
Autoanalysis subsystem has been initialized.
  0. Creating a new segment  (0000000000400000-00000000004008F4) ... ... OK
  1. Creating a new segment  (00000000006008F8-0000000000600B40) ... ... OK
Assuming __fastcall calling convention by default
Type library 'gnulnx_x64' loaded. Applying types...
Types applied to 0 names.
  2. Creating a new segment  (0000000000400418-0000000000400432) ... ... OK
  3. Creating a new segment  (0000000000400432-00000000004008F4) ... ... OK
  4. Creating a new segment  (0000000000400440-00000000004004A0) ... ... OK
  5. Creating a new segment  (00000000004004A0-00000000004008F4) ... ... OK
  6. Creating a new segment  (00000000004004A0-0000000000400782) ... ... OK
     Deleting segment        (0000000000400782-00000000004008F4) ...
  6. Creating a new segment  (0000000000400782-00000000004008F4) ... ... OK
  7. Creating a new segment  (0000000000400784-000000000040078D) ... ... OK
  8. Creating a new segment  (000000000040078D-00000000004008F4) ... ... OK
  9. Creating a new segment  (0000000000400790-0000000000400798) ... ... OK
 10. Creating a new segment  (0000000000400798-00000000004008F4) ... ... OK
 11. Creating a new segment  (0000000000400798-00000000004007DC) ... ... OK
     Deleting segment        (00000000004007DC-00000000004008F4) ...
 11. Creating a new segment  (00000000004007DC-00000000004008F4) ... ... OK
 12. Creating a new segment  (00000000004007E0-00000000004008F4) ... ... OK
 13. Creating a new segment  (00000000006008F8-0000000000600900) ... ... OK
     Deleting segment        (0000000000600900-0000000000600B40) ...
 13. Creating a new segment  (0000000000600900-0000000000600B40) ... ... OK
 14. Creating a new segment  (0000000000600900-0000000000600908) ... ... OK
     Deleting segment        (0000000000600908-0000000000600B40) ...
 14. Creating a new segment  (0000000000600908-0000000000600B40) ... ... OK
 15. Creating a new segment  (0000000000600908-0000000000600910) ... ... OK
     Deleting segment        (0000000000600910-0000000000600B40) ...
 15. Creating a new segment  (0000000000600910-0000000000600B40) ... ... OK
 16. Creating a new segment  (0000000000600AE0-0000000000600AE8) ... ... OK
 17. Creating a new segment  (0000000000600AE8-0000000000600B40) ... ... OK
 18. Creating a new segment  (0000000000600AE8-0000000000600B28) ... ... OK
     Deleting segment        (0000000000600B28-0000000000600B40) ...
 18. Creating a new segment  (0000000000600B28-0000000000600B40) ... ... OK
 19. Creating a new segment  (0000000000600B28-0000000000600B38) ... ... OK
     Deleting segment        (0000000000600B38-0000000000600B40) ...
 19. Creating a new segment  (0000000000600B38-0000000000600B40) ... ... OK
     Deleting segment        (0000000000600B38-0000000000600B40) ...
 19. Creating a new segment  (0000000000600B38-0000000000600B40) ... ... OK
 20. Creating a new segment  (0000000000600B40-0000000000600B41) ... ... OK
 21. Creating a new segment  (0000000000600B48-0000000000600B70) ... ... OK
Processing relocations...
DWARF: Looking for GNU DWARF file at "/usr/lib/debug/.build-id/0b/a794bf9a591893575ecea7ebd2bd9a566cc770.debug"... no.
Marking typical code sequences...
Flushing buffers, please wait...ok
File 'SUBJECTS/from_snowman/other-044_tree/x64_elf/subject.exe' has been successfully loaded into the database.
Hex-Rays Decompiler plugin has been loaded (v7.5.0.201028)
  The hotkeys are F5: decompile, Ctrl-F5: decompile all.
  Please check the Edit/Plugins menu for more informaton.
IDAPython Hex-Rays bindings initialized.
IDA is analysing the input file...
You may start to explore the input file right now.
Propagating type information...
Function argument information has been propagated
lumina: applied metadata to 4 functions.
The initial autoanalysis has been finished.
Flushing buffers, please wait...ok
TIMESTAMP decompiling 400418 size=000000000000001A times=0...
The decompiler assumes that the segment '.got' is read-only because of its NAME.
All data references to the segment will be replaced by constant values.
This may lead to drastic changes in the decompiler output.
If the segment is not read-only, please change the segment NAME.

In general, the decompiler checks the segment permissions, class, and name
to determine if it is read-only.
 -> OK
TIMESTAMP decompiling 400440 size=000000000000000C times=0...
The decompiler assumes that the segment '.got.plt' is read-only because of its NAME.
All data references to the segment will be replaced by constant values.
This may lead to drastic changes in the decompiler output.
If the segment is not read-only, please change the segment NAME.

In general, the decompiler checks the segment permissions, class, and name
to determine if it is read-only.
 -> OK
TIMESTAMP decompiling 4004D0 size=0000000000000029 times=0...
TIMESTAMP decompiling 400500 size=0000000000000039 times=0...
TIMESTAMP decompiling 40058D size=0000000000000087 times=0...
TIMESTAMP decompiling 400614 size=000000000000005F times=0...
TIMESTAMP decompiling 400784 size=0000000000000009 times=0...
TIMESTAMP decompiling 400673 size=0000000000000079 times=0...
TIMESTAMP decompiling 400560 size=000000000000002D times=0...
TIMESTAMP decompiling 400500 size=0000000000000039 times=1;usedcpu 00:00:00 ...__int64(void)
TIMESTAMP decompiling 400560 size=000000000000002D times=1;usedcpu 00:00:00 ...__int64 __fastcall()
TIMESTAMP decompiling 4006F0 size=0000000000000089 times=0...
TIMESTAMP decompiling 400560 size=000000000000002D times=2;usedcpu 00:00:00 ...__int64 __fastcall(_QWORD, _QWORD, _QWORD)
TIMESTAMP decompiling 4006F0 size=0000000000000089 times=1;usedcpu 00:00:00 ...void __fastcall(unsigned int a1, __int64 a2, __int64 a3)
TIMESTAMP decompiling 4004A0 size=000000000000002A times=0...
TIMESTAMP decompiling 400540 size=000000000000001C times=0...
TIMESTAMP The application has been completely decompiled.
Unloading IDP module IDADIR/procs/pc64.so...
