[I] JEB 4.11.0.202201181921 (jeb-ce) is starting...
[I] Current directory: SUBJECTS
[I] Base directory: JEBDIR
[I] System: Mac OS X 12.2 (aarch64) de_DE
[I] Java: Homebrew 17.0.1
[I] Memory Usage: 39.2M used (224.8M free, 6.0G max)
[I] Initializing Jython, please wait...
Processing file: SUBJECTS/from_snowman/other-044_tree/x64_elf/subject.exe...
[I] {subject.exe > subject.exe > x86_64 image}: Detected compiler: unknown (Linux)
[I] {subject.exe > subject.exe > x86_64 image}: Initial native analysis styles: code gaps: PROLOGUES_ONLY, data gaps: DEFAULT
[I] {subject.exe > subject.exe > x86_64 image}: Analysis completed (0s)
[I] {subject.exe > subject.exe > x86_64 image}: Initial analysis created 22 methods
Output folder: jeb_output
  0/ 22: Method: register_tm_clones
  1/ 22: 1/22: register_tm_clones (DONE:135ms)
  1/ 22: Method: sub_40055A
  2/ 22: 2/22: sub_40055A (DONE:5ms)
  2/ 22: Method: sub_400588
  3/ 22: 3/22: sub_400588 (DONE:18ms)
  3/ 22: Method: sub_400446
  4/ 22: 4/22: sub_400446 (DONE:9ms)
  4/ 22: Method: deregister_tm_clones
  5/ 22: 5/22: deregister_tm_clones (DONE:27ms)
  5/ 22: Method: sub_40056A
  6/ 22: 6/22: sub_40056A (DONE:28ms)
  6/ 22: Method: →printf
  7/ 22: 7/22: →printf (DONE:21ms)
  7/ 22: Method: →__libc_start_main
  8/ 22: 8/22: →__libc_start_main (DONE:12ms)
  8/ 22: Method: →__gmon_start__
  9/ 22: 9/22: →__gmon_start__ (DONE:23ms)
  9/ 22: Method: →malloc
 10/ 22: 10/22: →malloc (DONE:14ms)
 10/ 22: Method: →rand
 11/ 22: 11/22: →rand (DONE:9ms)
 11/ 22: Method: sub_400549
 12/ 22: 12/22: sub_400549 (DONE:13ms)
 12/ 22: Method: initializer_1
 13/ 22: 13/22: initializer_1 (DONE:18ms)
 13/ 22: Method: initializer_0
 14/ 22: 14/22: initializer_0 (DONE:27ms)
 14/ 22: Method: __libc_csu_fini
 15/ 22: 15/22: __libc_csu_fini (DONE:12ms)
 15/ 22: Method: finalizer_0
 16/ 22: 16/22: finalizer_0 (DONE:7ms)
 16/ 22: Method: _start
 17/ 22: 17/22: _start (DONE:28ms)
 17/ 22: Method: finalizer_1
 18/ 22: 18/22: finalizer_1 (DONE:9ms)
 18/ 22: Method: __libc_csu_init
 19/ 22: 19/22: __libc_csu_init (DONE:87ms)
 19/ 22: Method: insert
 20/ 22: 20/22: insert (DONE:146ms)
 20/ 22: Method: main
 21/ 22: 21/22: main (DONE:101ms)
 21/ 22: Method: printout
 22/ 22: 22/22: printout (DONE:56ms)
Exectime: 1.322000 sec
[I] Done.
