after removing matching assigns (%pc).
### WARNING: iteration limit exceeded for dfaTypeAnalysis of procedure main ###
in proc main adding addrExp r1{0} - 112 to local table
in proc main adding addrExp r1{0} - 108 to local table
TYPE ERROR: at address 0xffffff94, overlapping type __size32 does not resolve to compound or array
in proc main adding addrExp r1{0} - 100 to local table
TYPE ERROR: at address 0xffffff9c, overlapping type __size32 does not resolve to compound or array
in proc main adding addrExp r1{0} - 96 to local table
TYPE ERROR: at address 0xffffffa0, overlapping type __size32 does not resolve to compound or array
in proc main adding addrExp r1{0} - 92 to local table
TYPE ERROR: at address 0xffffffa4, overlapping type __size32 does not resolve to compound or array
in proc main adding addrExp r1{0} - 64 to local table
TYPE ERROR: at address 0xffffffc0, overlapping type __size32 does not resolve to compound or array
in proc main adding addrExp r1{0} - 60 to local table
TYPE ERROR: at address 0xffffffc4, overlapping type __size32 does not resolve to compound or array
in proc main adding addrExp r1{0} - 48 to local table
TYPE ERROR: at address 0xffffffd0, overlapping type __size32 does not resolve to compound or array
in proc main adding addrExp r1{0} - 56 to local table
TYPE ERROR: at address 0xffffffc8, overlapping type __size32 does not resolve to compound or array
in proc main adding addrExp r1{0} - 52 to local table
TYPE ERROR: at address 0xffffffcc, overlapping type __size32 does not resolve to compound or array
in proc main adding addrExp r1{0} - 88 to local table
TYPE ERROR: at address 0xffffffa8, overlapping type __size32 does not resolve to compound or array
in proc main adding addrExp r1{0} - 80 to local table
TYPE ERROR: at address 0xffffffb0, overlapping type __size32 does not resolve to compound or array
in proc main adding addrExp r1{0} - 72 to local table
TYPE ERROR: at address 0xffffffb8, overlapping type __size32 does not resolve to compound or array
in proc main adding addrExp r1{0} - 4 to local table
TYPE ERROR: at address 0xfffffffc, overlapping type __size32 does not resolve to compound or array
in proc main adding addrExp r1{0} + 8 to local table
in proc main adding addrExp r1{0} - 176 to local table
### WARNING: iteration limit exceeded for dfaTypeAnalysis of procedure main ###
in proc main adding addrExp r1{0} - 112 to local table
