[I] JEB 4.11.0.202201181921 (jeb-ce) is starting...
[I] Current directory: SUBJECTS
[I] Base directory: JEBDIR
[I] System: Mac OS X 12.2 (aarch64) de_DE
[I] Java: Homebrew 17.0.1
[I] Memory Usage: 36.0M used (228.0M free, 6.0G max)
[I] Initializing Jython, please wait...
Processing file: SUBJECTS/from_shootout/moments_ocaml/x64_elf/subject.exe...
[I] {subject.exe > subject.exe > x86_64 image}: Detected compiler: unknown (Linux)
[I] {subject.exe > subject.exe > x86_64 image}: Initial native analysis styles: code gaps: PROLOGUES_ONLY, data gaps: DEFAULT
[I] {subject.exe > subject.exe > x86_64 image}: Analysis completed (32s)
[I] {subject.exe > subject.exe > x86_64 image}: Initial analysis created 1469 methods
Output folder: jeb_output
  0/1469: Method: caml_c_call
  1/1469: 1/1469: caml_c_call (DONE:81ms)
  1/1469: Method: caml_ml_array_bound_error
  2/1469: 2/1469: caml_ml_array_bound_error (DONE:13ms)
  2/1469: Method: caml_apply2
  3/1469: 3/1469: caml_apply2 (DONE:73ms)
  3/1469: Method: caml_string_length
  4/1469: 4/1469: caml_string_length (DONE:14ms)
  4/1469: Method: camlPervasives__output_string_215
  5/1469: 5/1469: camlPervasives__output_string_215 (DONE:37ms)
  5/1469: Method: caml_convert_flag_list
  6/1469: 6/1469: caml_convert_flag_list (DONE:33ms)
  6/1469: Method: camlPervasives__exit_350
  7/1469: 7/1469: camlPervasives__exit_350 (DONE:29ms)
  7/1469: Method: caml_apply3
  8/1469: 8/1469: caml_apply3 (DONE:63ms)
  8/1469: Method: camlPervasives__string_of_int_154
  9/1469: 9/1469: camlPervasives__string_of_int_154 (DONE:21ms)
  9/1469: Method: camlList__iter_102
 10/1469: 10/1469: camlList__iter_102 (DONE:38ms)
 10/1469: Method: caml_iterate_global_roots
 11/1469: 11/1469: caml_iterate_global_roots (DONE:31ms)
 11/1469: Method: camlList__mem_189
 12/1469: 12/1469: camlList__mem_189 (DONE:44ms)
 12/1469: Method: caml_urge_major_slice
 13/1469: 13/1469: caml_urge_major_slice (DONE:5ms)
 13/1469: Method: caml_MD5Transform

=== Killed because of time limit
