Possible file format: ELF64 for x86-64 (Executable) (IDADIR/loaders/elf64.so)

  bytes   pages size description
--------- ----- ---- --------------------------------------------
   524288    64 8192 allocating memory for b-tree...
    65536     8 8192 allocating memory for virtual array...
   262144    32 8192 allocating memory for name pointers...
-----------------------------------------------------------------
   851968            total memory allocated

Loading file 'SUBJECTS/from_snowman/other-040_loop_nests/x64_elf/subject.exe' into database...
Detected file format: ELF64 for x86-64 (Executable)
Loading processor module IDADIR/procs/pc64.so for metapc...Initializing processor module metapc...OK
Autoanalysis subsystem has been initialized.
  0. Creating a new segment  (0000000000400000-00000000004002C0) ... ... OK
  1. Creating a new segment  (0000000000400144-000000000040021D) ... ... OK
  2. Creating a new segment  (000000000040021D-00000000004002C0) ... ... OK
  3. Creating a new segment  (0000000000400220-0000000000400244) ... ... OK
  4. Creating a new segment  (0000000000400244-00000000004002C0) ... ... OK
  5. Creating a new segment  (0000000000400248-00000000004002C0) ... ... OK
Assuming __fastcall calling convention by default
Type library 'gnulnx_x64' loaded. Applying types...
Types applied to 0 names.
  6. Creating a new segment  (00000000004002C0-00000000004002C8) ... ... OK
  7. Creating a new segment  (00000000004002C8-00000000004002E8) ... ... OK
DWARF: Looking for GNU DWARF file at "/usr/lib/debug/.build-id/63/c38416e6daf9399e466cc9f8194671acaee206.debug"... no.
Marking typical code sequences...
Flushing buffers, please wait...ok
File 'SUBJECTS/from_snowman/other-040_loop_nests/x64_elf/subject.exe' has been successfully loaded into the database.
Hex-Rays Decompiler plugin has been loaded (v7.5.0.201028)
  The hotkeys are F5: decompile, Ctrl-F5: decompile all.
  Please check the Edit/Plugins menu for more informaton.
IDAPython Hex-Rays bindings initialized.
IDA is analysing the input file...
You may start to explore the input file right now.
Propagating type information...
Function argument information has been propagated
lumina: applied metadata to 0 functions.
The initial autoanalysis has been finished.
Flushing buffers, please wait...ok
TIMESTAMP decompiling 400144 size=0000000000000006 times=0...
TIMESTAMP decompiling 40014A size=0000000000000006 times=0...
TIMESTAMP decompiling 400150 size=00000000000000CD times=0...
TIMESTAMP The application has been completely decompiled.
Unloading IDP module IDADIR/procs/pc64.so...
