Analyzing './from_snowman/other-040_loop_nests/x64_elf/subject.exe' as a x86_64 64 ELF binary file.

0 Procs, 0 Labels, 0 Branches, 0 / 0 kB covered
./from_snowman/other-040_loop_nests/x64_elf/subject.exe: no .debug_info section
./from_snowman/other-040_loop_nests/x64_elf/subject.exe: 9 sections starting at 0x00000338
./from_snowman/other-040_loop_nests/x64_elf/subject.exe: section string table at 0x000004B8, 0x55 bytes
 Offset:  [ix]  Address    Size    Offset  Name
00000338: [ 0] 00000000 00000000 00000000 
00000378: [ 1] 00400120 00000024 00000120 .note.gnu.build-id
000003B8: [ 2] 00400144 000000D9 00000144 .text
000003F8: [ 3] 00400220 00000024 00000220 .eh_frame_hdr
00000438: [ 4] 00400248 00000078 00000248 .eh_frame
00000478: [ 5] 00000000 0000001C 000002C0 .comment
000004B8: [ 6] 00000000 00000055 000002DC .shstrtab
000004F8: [ 7] 00000000 00000150 00000578 .symtab
00000538: [ 8] 00000000 00000037 000006C8 .strtab
Matching signatures...
0 Procs, 0 Labels, 0 Branches, 0 / 0 kB covered
0 Procs, 0 Labels, 0 Branches, 0 / 0 kB covered
Separating code and data...
0 Procs, 0 Labels, 0 Branches, 0 / 0 kB covered
0 Procs, 2 Labels, 1 Branches, 0 / 0 kB covered
0 Procs, 2 Labels, 1 Branches, 0 / 0 kB covered
0 Procs, 2 Labels, 1 Branches, 0 / 0 kB covered
0 Procs, 2 Labels, 1 Branches, 0 / 0 kB covered
Resolving indirect jumps...
0 Procs, 2 Labels, 1 Branches, 0 / 0 kB covered
0 Procs, 2 Labels, 1 Branches, 0 / 0 kB covered
Resolving constants and strings...
0 Procs, 2 Labels, 1 Branches, 0 / 0 kB covered
Discovering unreached functions...
0 Procs, 2 Labels, 1 Branches, 0 / 0 kB covered
Computing call tree...
0 Procs, 2 Labels, 1 Branches, 0 / 0 kB covered
Computing calling conventions...
0 Procs, 2 Labels, 1 Branches, 0 / 0 kB covered
Computing label cross-references...
0 Procs, 2 Labels, 1 Branches, 0 / 0 kB covered
File analysis complete.
0 Procs, 2 Labels, 1 Branches, 0 / 0 kB covered


Binary file (standard input) matches
