after removing matching assigns (t[WILDSTR]).
after removing matching assigns (%pc).
size 0x20 meet with size 0x40!
size 0x20 meet with size 0x40!
size 0x20 meet with size 0x40!
size 0x20 meet with size 0x40!
size 0x20 meet with size 0x40!
size 0x20 meet with size 0x40!
size 0x20 meet with size 0x40!
size 0x20 meet with size 0x40!
size 0x20 meet with size 0x40!
size 0x20 meet with size 0x40!
size 0x20 meet with size 0x40!
size 0x20 meet with size 0x40!
size 0x20 meet with size 0x40!
size 0x20 meet with size 0x40!
size 0x20 meet with size 0x40!
size 0x20 meet with size 0x40!
size 0x20 meet with size 0x40!
size 0x20 meet with size 0x40!
size 0x20 meet with size 0x40!
size 0x20 meet with size 0x40!
size 0x20 meet with size 0x40!
size 0x20 meet with size 0x40!
size 0x20 meet with size 0x40!
size 0x20 meet with size 0x40!
size 0x20 meet with size 0x40!
size 0x20 meet with size 0x40!
size 0x20 meet with size 0x40!
size 0x20 meet with size 0x40!
size 0x20 meet with size 0x40!
size 0x40 meet with size 0x20!
size 0x20 meet with size 0x40!
size 0x20 meet with size 0x40!
size 0x20 meet with size 0x40!
size 0x20 meet with size 0x40!
size 0x20 meet with size 0x40!
size 0x20 meet with size 0x40!
size 0x20 meet with size 0x40!
size 0x20 meet with size 0x40!
size 0x20 meet with size 0x40!
size 0x20 meet with size 0x40!
size 0x20 meet with size 0x40!
size 0x20 meet with size 0x40!
size 0x20 meet with size 0x40!
size 0x20 meet with size 0x40!
size 0x20 meet with size 0x40!
size 0x20 meet with size 0x40!
in proc fib adding addrExp r1{0} + 8 to local table
in proc fib adding addrExp r1{0} + 104 to local table
in proc fib adding addrExp r1{0} + 108 to local table
TYPE ERROR: attempt to insert item local2 at 0x6c of type __size64 which weaves after local1 at 0x68 of type __size64
in proc fib adding addrExp r1{0} + 112 to local table
in proc fib adding addrExp r1{0} - 80 to local table
in proc fib adding addrExp r1{0} + 8 to local table
TYPE ERROR: Existing type at address 0x8 is not structure or array type
in proc fib adding addrExp r1{0} + 104 to local table
in proc fib adding addrExp r1{0} + 108 to local table
TYPE ERROR: attempt to insert item local2 at 0x6c of type __size64 which weaves after local1 at 0x68 of type __size64
in proc fib adding addrExp r1{0} + 112 to local table
in proc fib adding addrExp r1{0} - 80 to local table
finding final parameters for fib
potential param r3
found new parameter r3
potential param r[tmp + 29]
found new parameter r[tmp + 29]
potential param r29
found new parameter r29
finding final parameters for fib
potential param r3
found new parameter r3
potential param r[tmp + 29]
found new parameter r[tmp + 29]
potential param r29
found new parameter r29
after removing matching assigns (t[WILDSTR]).
after removing matching assigns (%pc).
size 0x20 meet with size 0x40!
size 0x20 meet with size 0x40!
size 0x20 meet with size 0x40!
size 0x20 meet with size 0x40!
size 0x20 meet with size 0x40!
size 0x20 meet with size 0x40!
size 0x20 meet with size 0x40!
size 0x20 meet with size 0x40!
size 0x20 meet with size 0x40!
size 0x20 meet with size 0x40!
size 0x20 meet with size 0x40!
size 0x20 meet with size 0x40!
size 0x20 meet with size 0x40!
size 0x20 meet with size 0x40!
size 0x20 meet with size 0x40!
size 0x20 meet with size 0x40!
size 0x20 meet with size 0x40!
size 0x20 meet with size 0x40!
size 0x20 meet with size 0x40!
size 0x20 meet with size 0x40!
size 0x20 meet with size 0x40!
size 0x20 meet with size 0x40!
size 0x20 meet with size 0x40!
size 0x20 meet with size 0x40!
size 0x20 meet with size 0x40!
size 0x20 meet with size 0x40!
size 0x20 meet with size 0x40!
size 0x20 meet with size 0x40!
### WARNING: iteration limit exceeded for dfaTypeAnalysis of procedure main ###
in proc main adding addrExp r1{0} - 32 to local table
in proc main adding addrExp r1{0} + 104 to local table
in proc main adding addrExp r1{0} + 108 to local table
in proc main adding addrExp r1{0} + 112 to local table
in proc main adding addrExp r1{0} + 8 to local table
in proc main adding addrExp r1{0} - 96 to local table
in proc main adding addrExp r1{0} - 32 to local table
size 0x40 meet with size 0x20!
size 0x20 meet with size 0x40!
finding final parameters for fib
potential param r3
found new parameter r3
finding final parameters for fib
potential param r3
found new parameter r3
local g3 has type char * that doesn't agree with type of define void of a library, why?
local g3 has type void that doesn't agree with type of define __size32 of a library, why?
local g3 has type __size32 that doesn't agree with type of define void of a library, why?
