Analyzing './from_holdec/integer_sqrt/ia32_elf/subject.exe' as a x86 32 ELF binary file.

0 Procs, 0 Labels, 0 Branches, 0 / 0 kB covered
./from_holdec/integer_sqrt/ia32_elf/subject.exe: 40 sections starting at 0x000021E4
./from_holdec/integer_sqrt/ia32_elf/subject.exe: section string table at 0x000027AC, 0x182 bytes
 Offset:  [ix]  Address    Size    Offset  Name
000021E4: [ 0] 00000000 00000000 00000000 
0000220C: [ 1] 08048134 00000013 00000134 .interp
00002234: [ 2] 08048148 00000020 00000148 .note.ABI-tag
0000225C: [ 3] 08048168 00000024 00000168 .note.gnu.build-id
00002284: [ 4] 0804818C 00000020 0000018C .gnu.hash
000022AC: [ 5] 080481AC 00000070 000001AC .dynsym
000022D4: [ 6] 0804821C 00000078 0000021C .dynstr
000022FC: [ 7] 08048294 0000000E 00000294 .gnu.version
00002324: [ 8] 080482A4 00000020 000002A4 .gnu.version_r
0000234C: [ 9] 080482C4 00000008 000002C4 .rel.dyn
00002374: [10] 080482CC 00000020 000002CC .rel.plt
0000239C: [11] 080482EC 00000030 000002EC .init
000023C4: [12] 0804831C 00000050 0000031C .plt
000023EC: [13] 08048370 0000086C 00000370 .text
00002414: [14] 08048BDC 0000001C 00000BDC .fini
0000243C: [15] 08048BF8 00000072 00000BF8 .rodata
00002464: [16] 08048C6C 00000024 00000C6C .eh_frame_hdr
0000248C: [17] 08048C90 0000007C 00000C90 .eh_frame
000024B4: [18] 08049D0C 00000008 00000D0C .ctors
000024DC: [19] 08049D14 00000008 00000D14 .dtors
00002504: [20] 08049D1C 00000004 00000D1C .jcr
0000252C: [21] 08049D20 000000D0 00000D20 .dynamic
00002554: [22] 08049DF0 00000004 00000DF0 .got
0000257C: [23] 08049DF4 0000001C 00000DF4 .got.plt
000025A4: [24] 08049E10 00000004 00000E10 .data
000025CC: [25] 08049E14 00000008 00000E14 .bss
000025F4: [26] 00000000 0000002C 00000E14 .comment
0000261C: [27] 00000000 00000020 00000E40 .debug_aranges
00002644: [28] 00000000 00000052 00000E60 .debug_pubnames
0000266C: [29] 00000000 000004FA 00000EB2 .debug_info
00002694: [30] 00000000 000001B3 000013AC .debug_abbrev
000026BC: [31] 00000000 00000158 0000155F .debug_line
000026E4: [32] 00000000 000000B8 000016B8 .debug_frame
0000270C: [33] 00000000 000002B7 00001770 .debug_str
00002734: [34] 00000000 0000055A 00001A27 .debug_loc
0000275C: [35] 00000000 0000006F 00001F81 .debug_pubtypes
00002784: [36] 00000000 00000070 00001FF0 .debug_ranges
000027AC: [37] 00000000 00000182 00002060 .shstrtab
000027D4: [38] 00000000 00000510 00002824 .symtab
000027FC: [39] 00000000 00000275 00002D34 .strtab
Matching signatures...
0 Procs, 0 Labels, 0 Branches, 0 / 3 kB covered
0 Procs, 0 Labels, 0 Branches, 0 / 3 kB covered
Separating code and data...
0 Procs, 0 Labels, 0 Branches, 0 / 3 kB covered
0 Procs, 17 Labels, 15 Branches, 0 / 3 kB covered
0 Procs, 17 Labels, 15 Branches, 0 / 3 kB covered
0 Procs, 26 Labels, 22 Branches, 0 / 3 kB covered
0 Procs, 27 Labels, 22 Branches, 0 / 3 kB covered
0 Procs, 27 Labels, 22 Branches, 0 / 3 kB covered
0 Procs, 61 Labels, 39 Branches, 0 / 3 kB covered
0 Procs, 71 Labels, 44 Branches, 0 / 3 kB covered
0 Procs, 81 Labels, 50 Branches, 0 / 3 kB covered
0 Procs, 103 Labels, 69 Branches, 0 / 3 kB covered
0 Procs, 104 Labels, 69 Branches, 0 / 3 kB covered
0 Procs, 110 Labels, 76 Branches, 0 / 3 kB covered
0 Procs, 110 Labels, 76 Branches, 0 / 3 kB covered
0 Procs, 110 Labels, 76 Branches, 0 / 3 kB covered
0 Procs, 113 Labels, 79 Branches, 0 / 3 kB covered
19 Procs, 113 Labels, 79 Branches, 0 / 3 kB covered
19 Procs, 113 Labels, 79 Branches, 0 / 3 kB covered
19 Procs, 113 Labels, 79 Branches, 0 / 3 kB covered
19 Procs, 113 Labels, 79 Branches, 0 / 3 kB covered
19 Procs, 113 Labels, 79 Branches, 0 / 3 kB covered
19 Procs, 113 Labels, 79 Branches, 0 / 3 kB covered
19 Procs, 113 Labels, 79 Branches, 0 / 3 kB covered
19 Procs, 113 Labels, 79 Branches, 0 / 3 kB covered
19 Procs, 113 Labels, 79 Branches, 0 / 3 kB covered
19 Procs, 113 Labels, 79 Branches, 0 / 3 kB covered
19 Procs, 113 Labels, 79 Branches, 0 / 3 kB covered
19 Procs, 113 Labels, 79 Branches, 0 / 3 kB covered
19 Procs, 113 Labels, 79 Branches, 0 / 3 kB covered
19 Procs, 113 Labels, 79 Branches, 0 / 3 kB covered
19 Procs, 113 Labels, 79 Branches, 0 / 3 kB covered
19 Procs, 113 Labels, 79 Branches, 0 / 3 kB covered
19 Procs, 113 Labels, 79 Branches, 0 / 3 kB covered
19 Procs, 113 Labels, 79 Branches, 0 / 3 kB covered
19 Procs, 113 Labels, 79 Branches, 0 / 3 kB covered
19 Procs, 113 Labels, 79 Branches, 0 / 3 kB covered
19 Procs, 113 Labels, 79 Branches, 0 / 3 kB covered
Resolving indirect jumps...
19 Procs, 113 Labels, 79 Branches, 0 / 3 kB covered
19 Procs, 113 Labels, 79 Branches, 0 / 3 kB covered
Resolving constants and strings...
19 Procs, 113 Labels, 79 Branches, 0 / 3 kB covered
Discovering unreached functions...
19 Procs, 113 Labels, 79 Branches, 0 / 3 kB covered
Computing call tree...
19 Procs, 113 Labels, 79 Branches, 0 / 3 kB covered
Computing calling conventions...
19 Procs, 113 Labels, 79 Branches, 0 / 3 kB covered
Computing Calling Convention: 2/19  0x080482F8
Computing Calling Convention: 3/19  0x0804832C
Computing Calling Convention: 4/19  0x0804833C
Computing Calling Convention: 5/19  0x0804834C
Computing Calling Convention: 6/19  0x0804835C
Computing Calling Convention: 7/19  0x08048370
Computing Calling Convention: 8/19  0x080483A0
Computing Calling Convention: 9/19  0x08048400
Computing Calling Convention: 10/19  0x08048424
Computing Calling Convention: 11/19  0x080487B0
Computing Calling Convention: 12/19  0x08048910
Computing Calling Convention: 13/19  0x08048990
Computing Calling Convention: 14/19  0x08048B40
Computing Calling Convention: 16/19  0x08048BAA
Computing Calling Convention: 17/19  0x08048BB0
Computing Calling Convention: 19/19  0x08048BE8
Computing Calling Convention: 1/3  0x080482EC
Computing Calling Convention: 2/3  0x08048B50
Computing Calling Convention: 3/3  0x08048BDC
Computing label cross-references...
19 Procs, 113 Labels, 79 Branches, 0 / 3 kB covered
File analysis complete.
19 Procs, 113 Labels, 79 Branches, 0 / 3 kB covered

Decompiling 1/19: 0x080482EC
Decompiling 2/19: 0x080482F8
Decompiling 3/19: 0x0804832C
Decompiling 4/19: 0x0804833C
Decompiling 5/19: 0x0804834C
Decompiling 6/19: 0x0804835C
Decompiling 7/19: 0x08048370
Decompiling 8/19: 0x080483A0
Decompiling 9/19: 0x08048400
Decompiling 10/19: 0x08048424
Decompiling 11/19: 0x080487B0
Decompiling 12/19: 0x08048910
Decompiling 13/19: 0x08048990
Decompiling 14/19: 0x08048B40
Decompiling 15/19: 0x08048B50
Decompiling 16/19: 0x08048BAA
Decompiling 17/19: 0x08048BB0
Decompiling 18/19: 0x08048BDC
Decompiling 19/19: 0x08048BE8
Decompiling 19/19: 0x08048BE8

