Analyzing './from_boomerang/switch/ia32_elf_by_boomerang_cc/subject.exe' as a x86 32 ELF binary file.

0 Procs, 0 Labels, 0 Branches, 0 MB used, 0 / 0 kB covered
./from_boomerang/switch/ia32_elf_by_boomerang_cc/subject.exe: no .debug_info section
./from_boomerang/switch/ia32_elf_by_boomerang_cc/subject.exe: 27 sections starting at 0x000015EC
./from_boomerang/switch/ia32_elf_by_boomerang_cc/subject.exe: section string table at 0x000019AC, 0xE7 bytes
 Offset:  [ix]  Address    Size    Offset  Name
000015EC: [ 0] 00000000 00000000 00000000 
00001614: [ 1] 080480D4 00000011 000000D4 .interp
0000163C: [ 2] 080480E8 00000158 000000E8 .hash
00001664: [ 3] 08048240 00000350 00000240 .dynsym
0000168C: [ 4] 08048590 00000193 00000590 .dynstr
000016B4: [ 5] 08048724 00000040 00000724 .SUNW_version
000016DC: [ 6] 08048764 00000010 00000764 .rel.ex_shared
00001704: [ 7] 08048774 00000020 00000774 .rel.plt
0000172C: [ 8] 08048794 00000050 00000794 .plt
00001754: [ 9] 080487E4 000001AC 000007E4 .text
0000177C: [10] 08048990 00000027 00000990 .init
000017A4: [11] 080489B8 0000002A 000009B8 .fini
000017CC: [12] 080489E4 0000001C 000009E4 .rodata
000017F4: [13] 08049A00 00000024 00000A00 .got
0000181C: [14] 08049A24 000000C8 00000A24 .dynamic
00001844: [15] 08049AEC 00000004 00000AEC .exception_ranges
0000186C: [16] 08049AF0 00000020 00000AF0 .ex_shared
00001894: [17] 08049B10 0000009B 00000B10 .data
000018BC: [18] 08049BAB 00000000 00000BAB .bss
000018E4: [19] 00000000 000004C0 00000BAC .symtab
0000190C: [20] 00000000 000001B1 0000106C .strtab
00001934: [21] 00000000 00000158 0000121D .comment
0000195C: [22] 00000000 00000030 00001378 .stab.index
00001984: [23] 00000000 00000018 000013A8 .stab
000019AC: [24] 00000000 000000E7 000013C0 .shstrtab
000019D4: [25] 00000000 00000138 000014A7 .stab.indexstr
000019FC: [26] 00000000 0000000B 000015DF .stabstr
Matching signatures...
0 Procs, 0 Labels, 0 Branches, 0 MB used, 0 / 3 kB covered
0 Procs, 0 Labels, 0 Branches, 0 MB used, 0 / 3 kB covered
Separating code and data...
0 Procs, 0 Labels, 0 Branches, 0 MB used, 0 / 3 kB covered
0 Procs, 85 Labels, 55 Branches, 0 MB used, 2 / 3 kB covered
0 Procs, 86 Labels, 55 Branches, 0 MB used, 2 / 3 kB covered
0 Procs, 88 Labels, 56 Branches, 0 MB used, 2 / 3 kB covered
0 Procs, 90 Labels, 57 Branches, 0 MB used, 2 / 3 kB covered
0 Procs, 92 Labels, 58 Branches, 0 MB used, 2 / 3 kB covered
0 Procs, 94 Labels, 59 Branches, 0 MB used, 2 / 3 kB covered
0 Procs, 117 Labels, 83 Branches, 0 MB used, 2 / 3 kB covered
0 Procs, 118 Labels, 83 Branches, 0 MB used, 2 / 3 kB covered
0 Procs, 118 Labels, 83 Branches, 0 MB used, 2 / 3 kB covered
0 Procs, 118 Labels, 83 Branches, 0 MB used, 2 / 3 kB covered
0 Procs, 118 Labels, 83 Branches, 0 MB used, 2 / 3 kB covered
0 Procs, 123 Labels, 87 Branches, 0 MB used, 2 / 3 kB covered
0 Procs, 126 Labels, 89 Branches, 0 MB used, 2 / 3 kB covered
0 Procs, 132 Labels, 92 Branches, 0 MB used, 2 / 3 kB covered
0 Procs, 133 Labels, 92 Branches, 0 MB used, 2 / 3 kB covered
0 Procs, 134 Labels, 94 Branches, 0 MB used, 3 / 3 kB covered
0 Procs, 135 Labels, 94 Branches, 0 MB used, 3 / 3 kB covered
0 Procs, 136 Labels, 94 Branches, 0 MB used, 3 / 3 kB covered
0 Procs, 137 Labels, 94 Branches, 0 MB used, 3 / 3 kB covered
0 Procs, 138 Labels, 94 Branches, 0 MB used, 3 / 3 kB covered
0 Procs, 139 Labels, 94 Branches, 0 MB used, 3 / 3 kB covered
0 Procs, 140 Labels, 94 Branches, 0 MB used, 3 / 3 kB covered
0 Procs, 141 Labels, 94 Branches, 0 MB used, 3 / 3 kB covered
0 Procs, 142 Labels, 94 Branches, 0 MB used, 3 / 3 kB covered
11 Procs, 142 Labels, 94 Branches, 0 MB used, 3 / 3 kB covered
11 Procs, 142 Labels, 94 Branches, 0 MB used, 3 / 3 kB covered
11 Procs, 142 Labels, 94 Branches, 0 MB used, 3 / 3 kB covered
11 Procs, 142 Labels, 94 Branches, 0 MB used, 3 / 3 kB covered
11 Procs, 142 Labels, 94 Branches, 0 MB used, 3 / 3 kB covered
11 Procs, 142 Labels, 94 Branches, 0 MB used, 3 / 3 kB covered
11 Procs, 142 Labels, 94 Branches, 0 MB used, 3 / 3 kB covered
11 Procs, 142 Labels, 94 Branches, 0 MB used, 3 / 3 kB covered
11 Procs, 142 Labels, 94 Branches, 0 MB used, 3 / 3 kB covered
11 Procs, 142 Labels, 94 Branches, 0 MB used, 3 / 3 kB covered
11 Procs, 142 Labels, 94 Branches, 0 MB used, 3 / 3 kB covered
11 Procs, 142 Labels, 94 Branches, 0 MB used, 3 / 3 kB covered
11 Procs, 142 Labels, 94 Branches, 0 MB used, 3 / 3 kB covered
11 Procs, 142 Labels, 94 Branches, 0 MB used, 3 / 3 kB covered
11 Procs, 142 Labels, 94 Branches, 0 MB used, 3 / 3 kB covered
11 Procs, 142 Labels, 94 Branches, 0 MB used, 3 / 3 kB covered
11 Procs, 142 Labels, 94 Branches, 0 MB used, 3 / 3 kB covered
11 Procs, 142 Labels, 94 Branches, 0 MB used, 3 / 3 kB covered
11 Procs, 142 Labels, 94 Branches, 0 MB used, 3 / 3 kB covered
11 Procs, 142 Labels, 94 Branches, 0 MB used, 3 / 3 kB covered
11 Procs, 142 Labels, 94 Branches, 0 MB used, 3 / 3 kB covered
11 Procs, 142 Labels, 94 Branches, 0 MB used, 3 / 3 kB covered
11 Procs, 142 Labels, 94 Branches, 0 MB used, 3 / 3 kB covered
11 Procs, 142 Labels, 94 Branches, 0 MB used, 3 / 3 kB covered
11 Procs, 142 Labels, 94 Branches, 0 MB used, 3 / 3 kB covered
11 Procs, 142 Labels, 94 Branches, 0 MB used, 3 / 3 kB covered
Resolving indirect jumps...
11 Procs, 142 Labels, 94 Branches, 0 MB used, 3 / 3 kB covered
11 Procs, 0 Labels, 0 Branches, 0 MB used, 3 / 3 kB covered
Separating code and data...
11 Procs, 0 Labels, 0 Branches, 0 MB used, 3 / 3 kB covered
11 Procs, 85 Labels, 55 Branches, 0 MB used, 3 / 3 kB covered
11 Procs, 86 Labels, 55 Branches, 0 MB used, 3 / 3 kB covered
11 Procs, 88 Labels, 56 Branches, 0 MB used, 3 / 3 kB covered
11 Procs, 90 Labels, 57 Branches, 0 MB used, 3 / 3 kB covered
11 Procs, 92 Labels, 58 Branches, 0 MB used, 3 / 3 kB covered
11 Procs, 94 Labels, 59 Branches, 0 MB used, 3 / 3 kB covered
11 Procs, 127 Labels, 95 Branches, 0 MB used, 3 / 3 kB covered
11 Procs, 128 Labels, 95 Branches, 0 MB used, 3 / 3 kB covered
11 Procs, 128 Labels, 95 Branches, 0 MB used, 3 / 3 kB covered
11 Procs, 128 Labels, 95 Branches, 0 MB used, 3 / 3 kB covered
11 Procs, 128 Labels, 95 Branches, 0 MB used, 3 / 3 kB covered
11 Procs, 133 Labels, 99 Branches, 0 MB used, 3 / 3 kB covered
11 Procs, 136 Labels, 100 Branches, 0 MB used, 3 / 3 kB covered
11 Procs, 142 Labels, 103 Branches, 0 MB used, 3 / 3 kB covered
11 Procs, 143 Labels, 103 Branches, 0 MB used, 3 / 3 kB covered
11 Procs, 144 Labels, 105 Branches, 0 MB used, 3 / 3 kB covered
11 Procs, 145 Labels, 105 Branches, 0 MB used, 3 / 3 kB covered
11 Procs, 146 Labels, 105 Branches, 0 MB used, 3 / 3 kB covered
11 Procs, 147 Labels, 105 Branches, 0 MB used, 3 / 3 kB covered
11 Procs, 148 Labels, 105 Branches, 0 MB used, 3 / 3 kB covered
11 Procs, 149 Labels, 105 Branches, 0 MB used, 3 / 3 kB covered
11 Procs, 150 Labels, 105 Branches, 0 MB used, 3 / 3 kB covered
11 Procs, 151 Labels, 105 Branches, 0 MB used, 3 / 3 kB covered
11 Procs, 152 Labels, 105 Branches, 0 MB used, 3 / 3 kB covered
11 Procs, 152 Labels, 105 Branches, 0 MB used, 3 / 3 kB covered
11 Procs, 152 Labels, 105 Branches, 0 MB used, 3 / 3 kB covered
11 Procs, 152 Labels, 105 Branches, 0 MB used, 3 / 3 kB covered
11 Procs, 152 Labels, 105 Branches, 0 MB used, 3 / 3 kB covered
11 Procs, 152 Labels, 105 Branches, 0 MB used, 3 / 3 kB covered
11 Procs, 152 Labels, 105 Branches, 0 MB used, 3 / 3 kB covered
11 Procs, 152 Labels, 105 Branches, 0 MB used, 3 / 3 kB covered
11 Procs, 152 Labels, 105 Branches, 0 MB used, 3 / 3 kB covered
11 Procs, 152 Labels, 105 Branches, 0 MB used, 3 / 3 kB covered
11 Procs, 152 Labels, 105 Branches, 0 MB used, 3 / 3 kB covered
11 Procs, 152 Labels, 105 Branches, 0 MB used, 3 / 3 kB covered
11 Procs, 152 Labels, 105 Branches, 0 MB used, 3 / 3 kB covered
11 Procs, 152 Labels, 105 Branches, 0 MB used, 3 / 3 kB covered
11 Procs, 152 Labels, 105 Branches, 0 MB used, 3 / 3 kB covered
11 Procs, 152 Labels, 105 Branches, 0 MB used, 3 / 3 kB covered
11 Procs, 152 Labels, 105 Branches, 0 MB used, 3 / 3 kB covered
11 Procs, 152 Labels, 105 Branches, 0 MB used, 3 / 3 kB covered
11 Procs, 152 Labels, 105 Branches, 0 MB used, 3 / 3 kB covered
11 Procs, 152 Labels, 105 Branches, 0 MB used, 3 / 3 kB covered
11 Procs, 152 Labels, 105 Branches, 0 MB used, 3 / 3 kB covered
11 Procs, 152 Labels, 105 Branches, 0 MB used, 3 / 3 kB covered
11 Procs, 152 Labels, 105 Branches, 0 MB used, 3 / 3 kB covered
11 Procs, 152 Labels, 105 Branches, 0 MB used, 3 / 3 kB covered
11 Procs, 152 Labels, 105 Branches, 0 MB used, 3 / 3 kB covered
11 Procs, 152 Labels, 105 Branches, 0 MB used, 3 / 3 kB covered
11 Procs, 152 Labels, 105 Branches, 0 MB used, 3 / 3 kB covered
Resolving indirect jumps...
11 Procs, 152 Labels, 105 Branches, 0 MB used, 3 / 3 kB covered
11 Procs, 152 Labels, 105 Branches, 0 MB used, 3 / 3 kB covered
Resolving constants and strings...
11 Procs, 152 Labels, 105 Branches, 0 MB used, 3 / 3 kB covered
Discovering unreached functions...
11 Procs, 152 Labels, 105 Branches, 0 MB used, 3 / 3 kB covered
Computing call tree...
11 Procs, 152 Labels, 105 Branches, 0 MB used, 3 / 3 kB covered
Computing calling conventions...
11 Procs, 152 Labels, 105 Branches, 0 MB used, 3 / 3 kB covered
Computing Calling Convention: 1/11  0x080487A4
Computing Calling Convention: 2/11  0x080487B4
Computing Calling Convention: 3/11  0x080487C4
Computing Calling Convention: 4/11  0x080487D4
Computing Calling Convention: 5/11  0x08048848
Computing Calling Convention: 6/11  0x0804884C
Computing Calling Convention: 7/11  0x080488F0
Computing Calling Convention: 9/11  0x08048996
Computing Calling Convention: 11/11  0x080489BE
Computing Calling Convention: 1/2  0x08048990
Computing Calling Convention: 2/2  0x080489B8
File analysis complete.
11 Procs, 152 Labels, 105 Branches, 0 MB used, 3 / 3 kB covered

Decompiling 1/11: 0x080487A4
Decompiling 2/11: 0x080487B4
Decompiling 3/11: 0x080487C4
Decompiling 4/11: 0x080487D4
Decompiling 5/11: 0x08048848
Decompiling 6/11: 0x0804884C
Decompiling 7/11: 0x080488F0
Decompiling 8/11: 0x08048990
Decompiling 9/11: 0x08048996
Decompiling 10/11: 0x080489B8
Decompiling 11/11: 0x080489BE
Decompiling 11/11: 0x080489BE
