
Database SUBJECTS/from_snowman/malformed-elf-3/x64_elf/subject.exe.i64 already exists.
Do you want to overwrite it? -> ~L~oad existing

  bytes   pages size description
--------- ----- ---- --------------------------------------------
   524288    64 8192 allocating memory for b-tree...
    65536     8 8192 allocating memory for virtual array...
   262144    32 8192 allocating memory for name pointers...
-----------------------------------------------------------------
   851968            total memory allocated

Loading processor module IDADIR/procs/pc64.so for metapc...Initializing processor module metapc...OK
Loading type libraries...
Autoanalysis subsystem has been initialized.
Database for file 'subject.exe' has been loaded.
Hex-Rays Decompiler plugin has been loaded (v7.6.0.210427)
  The hotkeys are F5: decompile, Ctrl-F5: decompile all.

  Please check the Edit/Plugins menu for more informaton.
=== start of cleanup script -> OK
  function at 004006E0  LIB  with name '.init_proc'
  function at 00400710       with name '.strncpy'
  function at 00400720       with name '.puts'
  function at 00400730       with name '.strlen'
  function at 00400740       with name '.__stack_chk_fail'
  function at 00400750       with name '.printf'
  function at 00400760       with name '.fputs'
  function at 00400770       with name '.strncat'
  function at 00400780       with name '.fputc'
  function at 00400790  LIB  with name '.__libc_start_main'
  function at 004007A0       with name '.srand'
  function at 004007B0       with name '.__gmon_start__'
  function at 004007C0       with name '.time'
  function at 004007D0       with name '.malloc'
  function at 004007E0       with name '.exit'
  function at 004007F0       with name '.rand'
  function at 00400800       with name 'start'
  function at 00400830       with name 'sub_400830'
  function at 00400860       with name 'sub_400860'
  function at 004008A0       with name 'sub_4008A0'
  function at 004008C0       with name 'sub_4008C0'
  function at 004008ED       with name 'main'
  function at 00400996       with name 'sub_400996'
  function at 00400B10       with name 'init'
  function at 00400BA0       with name 'fini'
  function at 00400BA4  LIB  with name '.term_proc'
  function at 006010B0       with name 'strncpy'
  function at 006010B8       with name 'puts'
  function at 006010C0       with name 'strlen'
  function at 006010C8       with name '__stack_chk_fail'
  function at 006010D0       with name 'printf'
  function at 006010D8       with name 'fputs'
  function at 006010E0       with name 'strncat'
  function at 006010E8       with name 'fputc'
  function at 006010F0  LIB  with name '__libc_start_main'
  function at 006010F8       with name 'srand'
  function at 00601100       with name 'time'
  function at 00601108       with name 'malloc'
  function at 00601110       with name 'exit'
  function at 00601118       with name 'rand'
  function at 00601120       with name '__gmon_start__'
finished -> OK
TIMESTAMP decompiling 400830 size=0000000000000029 times=0...
TIMESTAMP decompiling 400860 size=0000000000000039 times=0...
TIMESTAMP decompiling 400996 size=0000000000000173 times=0...
TIMESTAMP decompiling 4008ED size=00000000000000A9 times=0...
TIMESTAMP decompiling 4008A0 size=000000000000001C times=0...
TIMESTAMP decompiling 4008C0 size=000000000000002D times=0...
TIMESTAMP decompiling 400B10 size=0000000000000089 times=0...
TIMESTAMP decompiling 400800 size=000000000000002A times=0...
TIMESTAMP The application has been completely decompiled.
Flushing buffers, please wait...ok
Unloading IDP module IDADIR/procs/pc64.so...
