[I] JEB 4.11.0.202201181921 (jeb-ce) is starting...
[I] Current directory: SUBJECTS
[I] Base directory: JEBDIR
[I] System: Mac OS X 12.2 (aarch64) de_DE
[I] Java: Homebrew 17.0.1
[I] Memory Usage: 39.2M used (224.8M free, 6.0G max)
[I] Initializing Jython, please wait...
Processing file: SUBJECTS/from_holdec/stress_int_ia32/ia32_elf_extensions_inst__10_vars__no_complex/subject.exe...
[I] {subject.exe > subject.exe > x86 image}: Detected compiler: unknown (Linux)
[I] {subject.exe > subject.exe > x86 image}: Initial native analysis styles: code gaps: PROLOGUES_ONLY, data gaps: DEFAULT
[I] {subject.exe > subject.exe > x86 image}: Analysis completed (2s)
[I] {subject.exe > subject.exe > x86 image}: Initial analysis created 462 methods
Output folder: jeb_output
  0/462: Method: __x86.get_pc_thunk.bx
  1/462: 1/462: __x86.get_pc_thunk.bx (DONE:42ms)
  1/462: Method: sub_8049D30
  2/462: 2/462: sub_8049D30 (DONE:5ms)
  2/462: Method: sub_8049D78
  3/462: 3/462: sub_8049D78 (DONE:5ms)
  3/462: Method: sub_8049036
  4/462: 4/462: sub_8049036 (DONE:14ms)
  4/462: Method: sub_8049CD7
  5/462: 5/462: sub_8049CD7 (DONE:5ms)
  5/462: Method: sub_8049DA8
  6/462: 6/462: sub_8049DA8 (DONE:3ms)
  6/462: Method: inst_0_values_var_0
  7/462: 7/462: inst_0_values_var_0 (DONE:73ms)
  7/462: Method: inst_0_flags_var_0
  8/462: 8/462: inst_0_flags_var_0 (DONE:42ms)
  8/462: Method: inst_0_values_var_1
  9/462: 9/462: inst_0_values_var_1 (DONE:39ms)
  9/462: Method: inst_0_flags_var_1
 10/462: 10/462: inst_0_flags_var_1 (DONE:40ms)
 10/462: Method: inst_0_values_var_2
 11/462: 11/462: inst_0_values_var_2 (DONE:25ms)
 11/462: Method: inst_0_flags_var_2
 12/462: 12/462: inst_0_flags_var_2 (DONE:27ms)
 12/462: Method: inst_0_values_var_3
 13/462: 13/462: inst_0_values_var_3 (DONE:38ms)
 13/462: Method: inst_0_flags_var_3
 14/462: 14/462: inst_0_flags_var_3 (DONE:42ms)
 14/462: Method: inst_0_values_var_4
 15/462: 15/462: inst_0_values_var_4 (DONE:22ms)
 15/462: Method: inst_0_flags_var_4
 16/462: 16/462: inst_0_flags_var_4 (DONE:19ms)
 16/462: Method: inst_0_values_var_5
 17/462: 17/462: inst_0_values_var_5 (DONE:27ms)
 17/462: Method: inst_0_flags_var_5
 18/462: 18/462: inst_0_flags_var_5 (DONE:19ms)
 18/462: Method: inst_0_values_var_6
 19/462: 19/462: inst_0_values_var_6 (DONE:25ms)
 19/462: Method: inst_0_flags_var_6
 20/462: 20/462: inst_0_flags_var_6 (DONE:16ms)
 20/462: Method: inst_0_values_var_7
 21/462: 21/462: inst_0_values_var_7 (DONE:18ms)
 21/462: Method: inst_0_flags_var_7
 22/462: 22/462: inst_0_flags_var_7 (DONE:17ms)
 22/462: Method: inst_0_values_var_8
 23/462: 23/462: inst_0_values_var_8 (DONE:21ms)
 23/462: Method: inst_0_flags_var_8
 24/462: 24/462: inst_0_flags_var_8 (DONE:18ms)
 24/462: Method: inst_0_values_var_9
 25/462: 25/462: inst_0_values_var_9 (DONE:22ms)
 25/462: Method: inst_0_flags_var_9
 26/462: 26/462: inst_0_flags_var_9 (DONE:21ms)
 26/462: Method: inst_1_values_var_0
 27/462: 27/462: inst_1_values_var_0 (DONE:18ms)
 27/462: Method: inst_1_flags_var_0
 28/462: 28/462: inst_1_flags_var_0 (DONE:21ms)
 28/462: Method: inst_1_values_var_1
 29/462: 29/462: inst_1_values_var_1 (DONE:21ms)
 29/462: Method: inst_1_flags_var_1
 30/462: 30/462: inst_1_flags_var_1 (DONE:20ms)
 30/462: Method: inst_1_values_var_2
 31/462: 31/462: inst_1_values_var_2 (DONE:20ms)
 31/462: Method: inst_1_flags_var_2
 32/462: 32/462: inst_1_flags_var_2 (DONE:17ms)
 32/462: Method: inst_1_values_var_3
 33/462: 33/462: inst_1_values_var_3 (DONE:25ms)
 33/462: Method: inst_1_flags_var_3
 34/462: 34/462: inst_1_flags_var_3 (DONE:16ms)
 34/462: Method: inst_1_values_var_4
 35/462: 35/462: inst_1_values_var_4 (DONE:17ms)
 35/462: Method: inst_1_flags_var_4
 36/462: 36/462: inst_1_flags_var_4 (DONE:17ms)
 36/462: Method: inst_1_values_var_5
 37/462: 37/462: inst_1_values_var_5 (DONE:22ms)
 37/462: Method: inst_1_flags_var_5
 38/462: 38/462: inst_1_flags_var_5 (DONE:16ms)
 38/462: Method: inst_1_values_var_6
 39/462: 39/462: inst_1_values_var_6 (DONE:27ms)
 39/462: Method: inst_1_flags_var_6
 40/462: 40/462: inst_1_flags_var_6 (DONE:17ms)
 40/462: Method: inst_1_values_var_7
 41/462: 41/462: inst_1_values_var_7 (DONE:20ms)
 41/462: Method: inst_1_flags_var_7
 42/462: 42/462: inst_1_flags_var_7 (DONE:16ms)
 42/462: Method: inst_1_values_var_8
 43/462: 43/462: inst_1_values_var_8 (DONE:21ms)
 43/462: Method: inst_1_flags_var_8
 44/462: 44/462: inst_1_flags_var_8 (DONE:15ms)
 44/462: Method: inst_1_values_var_9
 45/462: 45/462: inst_1_values_var_9 (DONE:20ms)
 45/462: Method: inst_1_flags_var_9
 46/462: 46/462: inst_1_flags_var_9 (DONE:15ms)
 46/462: Method: inst_2_values_var_0
 47/462: 47/462: inst_2_values_var_0 (DONE:17ms)
 47/462: Method: inst_2_flags_var_0
 48/462: 48/462: inst_2_flags_var_0 (DONE:20ms)
 48/462: Method: inst_2_values_var_1
 49/462: 49/462: inst_2_values_var_1 (DONE:41ms)
 49/462: Method: inst_2_flags_var_1
 50/462: 50/462: inst_2_flags_var_1 (DONE:19ms)
 50/462: Method: inst_2_values_var_2
 51/462: 51/462: inst_2_values_var_2 (DONE:18ms)
 51/462: Method: inst_2_flags_var_2
 52/462: 52/462: inst_2_flags_var_2 (DONE:19ms)
 52/462: Method: inst_2_values_var_3
 53/462: 53/462: inst_2_values_var_3 (DONE:22ms)
 53/462: Method: inst_2_flags_var_3
 54/462: 54/462: inst_2_flags_var_3 (DONE:19ms)
 54/462: Method: inst_2_values_var_4
 55/462: 55/462: inst_2_values_var_4 (DONE:18ms)
 55/462: Method: inst_2_flags_var_4
 56/462: 56/462: inst_2_flags_var_4 (DONE:19ms)
 56/462: Method: inst_2_values_var_5
 57/462: 57/462: inst_2_values_var_5 (DONE:22ms)
 57/462: Method: inst_2_flags_var_5
 58/462: 58/462: inst_2_flags_var_5 (DONE:18ms)
 58/462: Method: inst_2_values_var_6
 59/462: 59/462: inst_2_values_var_6 (DONE:16ms)
 59/462: Method: inst_2_flags_var_6
 60/462: 60/462: inst_2_flags_var_6 (DONE:17ms)
 60/462: Method: inst_2_values_var_7
 61/462: 61/462: inst_2_values_var_7 (DONE:17ms)
 61/462: Method: inst_2_flags_var_7
 62/462: 62/462: inst_2_flags_var_7 (DONE:18ms)
 62/462: Method: inst_2_values_var_8
 63/462: 63/462: inst_2_values_var_8 (DONE:17ms)
 63/462: Method: inst_2_flags_var_8
 64/462: 64/462: inst_2_flags_var_8 (DONE:18ms)
 64/462: Method: inst_2_values_var_9
 65/462: 65/462: inst_2_values_var_9 (DONE:26ms)
 65/462: Method: inst_2_flags_var_9
 66/462: 66/462: inst_2_flags_var_9 (DONE:19ms)
 66/462: Method: inst_3_values_var_0
 67/462: 67/462: inst_3_values_var_0 (DONE:20ms)
 67/462: Method: inst_3_flags_var_0
 68/462: 68/462: inst_3_flags_var_0 (DONE:17ms)
 68/462: Method: inst_3_values_var_1
 69/462: 69/462: inst_3_values_var_1 (DONE:21ms)
 69/462: Method: inst_3_flags_var_1
 70/462: 70/462: inst_3_flags_var_1 (DONE:18ms)
 70/462: Method: inst_3_values_var_2
 71/462: 71/462: inst_3_values_var_2 (DONE:21ms)
 71/462: Method: inst_3_flags_var_2
 72/462: 72/462: inst_3_flags_var_2 (DONE:20ms)
 72/462: Method: inst_3_values_var_3
 73/462: 73/462: inst_3_values_var_3 (DONE:20ms)
 73/462: Method: inst_3_flags_var_3
 74/462: 74/462: inst_3_flags_var_3 (DONE:17ms)
 74/462: Method: inst_3_values_var_4
 75/462: 75/462: inst_3_values_var_4 (DONE:22ms)
 75/462: Method: inst_3_flags_var_4
 76/462: 76/462: inst_3_flags_var_4 (DONE:19ms)
 76/462: Method: inst_3_values_var_5
 77/462: 77/462: inst_3_values_var_5 (DONE:20ms)
 77/462: Method: inst_3_flags_var_5
 78/462: 78/462: inst_3_flags_var_5 (DONE:17ms)
 78/462: Method: inst_3_values_var_6
 79/462: 79/462: inst_3_values_var_6 (DONE:16ms)
 79/462: Method: inst_3_flags_var_6
 80/462: 80/462: inst_3_flags_var_6 (DONE:18ms)
 80/462: Method: inst_3_values_var_7
 81/462: 81/462: inst_3_values_var_7 (DONE:16ms)
 81/462: Method: inst_3_flags_var_7
 82/462: 82/462: inst_3_flags_var_7 (DONE:20ms)
 82/462: Method: inst_3_values_var_8
 83/462: 83/462: inst_3_values_var_8 (DONE:16ms)
 83/462: Method: inst_3_flags_var_8
 84/462: 84/462: inst_3_flags_var_8 (DONE:16ms)
 84/462: Method: inst_3_values_var_9
 85/462: 85/462: inst_3_values_var_9 (DONE:23ms)
 85/462: Method: inst_3_flags_var_9
 86/462: 86/462: inst_3_flags_var_9 (DONE:17ms)
 86/462: Method: inst_4_values_var_0
 87/462: 87/462: inst_4_values_var_0 (DONE:19ms)
 87/462: Method: inst_4_flags_var_0
 88/462: 88/462: inst_4_flags_var_0 (DONE:16ms)
 88/462: Method: inst_4_values_var_1
 89/462: 89/462: inst_4_values_var_1 (DONE:15ms)
 89/462: Method: inst_4_flags_var_1
 90/462: 90/462: inst_4_flags_var_1 (DONE:16ms)
 90/462: Method: inst_4_values_var_2
 91/462: 91/462: inst_4_values_var_2 (DONE:15ms)
 91/462: Method: inst_4_flags_var_2
 92/462: 92/462: inst_4_flags_var_2 (DONE:16ms)
 92/462: Method: inst_4_values_var_3
 93/462: 93/462: inst_4_values_var_3 (DONE:19ms)
 93/462: Method: inst_4_flags_var_3
 94/462: 94/462: inst_4_flags_var_3 (DONE:20ms)
 94/462: Method: inst_4_values_var_4
 95/462: 95/462: inst_4_values_var_4 (DONE:15ms)
 95/462: Method: inst_4_flags_var_4
 96/462: 96/462: inst_4_flags_var_4 (DONE:16ms)
 96/462: Method: inst_4_values_var_5
 97/462: 97/462: inst_4_values_var_5 (DONE:17ms)
 97/462: Method: inst_4_flags_var_5
 98/462: 98/462: inst_4_flags_var_5 (DONE:16ms)
 98/462: Method: inst_4_values_var_6
 99/462: 99/462: inst_4_values_var_6 (DONE:16ms)
 99/462: Method: inst_4_flags_var_6
100/462: 100/462: inst_4_flags_var_6 (DONE:16ms)
100/462: Method: inst_4_values_var_7
101/462: 101/462: inst_4_values_var_7 (DONE:16ms)
101/462: Method: inst_4_flags_var_7
102/462: 102/462: inst_4_flags_var_7 (DONE:18ms)
102/462: Method: inst_4_values_var_8
103/462: 103/462: inst_4_values_var_8 (DONE:16ms)
103/462: Method: inst_4_flags_var_8
104/462: 104/462: inst_4_flags_var_8 (DONE:21ms)
104/462: Method: inst_4_values_var_9
105/462: 105/462: inst_4_values_var_9 (DONE:17ms)
105/462: Method: inst_4_flags_var_9
106/462: 106/462: inst_4_flags_var_9 (DONE:18ms)
106/462: Method: inst_5_values_var_0
107/462: 107/462: inst_5_values_var_0 (DONE:20ms)
107/462: Method: inst_5_flags_var_0
108/462: 108/462: inst_5_flags_var_0 (DONE:16ms)
108/462: Method: inst_5_values_var_1
109/462: 109/462: inst_5_values_var_1 (DONE:20ms)
109/462: Method: inst_5_flags_var_1
110/462: 110/462: inst_5_flags_var_1 (DONE:17ms)
110/462: Method: inst_5_values_var_2
111/462: 111/462: inst_5_values_var_2 (DONE:19ms)
111/462: Method: inst_5_flags_var_2
112/462: 112/462: inst_5_flags_var_2 (DONE:15ms)
112/462: Method: inst_5_values_var_3
113/462: 113/462: inst_5_values_var_3 (DONE:19ms)
113/462: Method: inst_5_flags_var_3
114/462: 114/462: inst_5_flags_var_3 (DONE:17ms)
114/462: Method: inst_5_values_var_4
115/462: 115/462: inst_5_values_var_4 (DONE:22ms)
115/462: Method: inst_5_flags_var_4
116/462: 116/462: inst_5_flags_var_4 (DONE:17ms)
116/462: Method: inst_5_values_var_5
117/462: 117/462: inst_5_values_var_5 (DONE:22ms)
117/462: Method: inst_5_flags_var_5
118/462: 118/462: inst_5_flags_var_5 (DONE:18ms)
118/462: Method: inst_5_values_var_6
119/462: 119/462: inst_5_values_var_6 (DONE:16ms)
119/462: Method: inst_5_flags_var_6
120/462: 120/462: inst_5_flags_var_6 (DONE:17ms)
120/462: Method: inst_5_values_var_7
121/462: 121/462: inst_5_values_var_7 (DONE:19ms)
121/462: Method: inst_5_flags_var_7
122/462: 122/462: inst_5_flags_var_7 (DONE:16ms)
122/462: Method: inst_5_values_var_8
123/462: 123/462: inst_5_values_var_8 (DONE:18ms)
123/462: Method: inst_5_flags_var_8
124/462: 124/462: inst_5_flags_var_8 (DONE:15ms)
124/462: Method: inst_5_values_var_9
125/462: 125/462: inst_5_values_var_9 (DONE:16ms)
125/462: Method: inst_5_flags_var_9
126/462: 126/462: inst_5_flags_var_9 (DONE:15ms)
126/462: Method: inst_6_values_var_0
127/462: 127/462: inst_6_values_var_0 (DONE:17ms)
127/462: Method: inst_6_flags_var_0
128/462: 128/462: inst_6_flags_var_0 (DONE:15ms)
128/462: Method: inst_6_values_var_1
129/462: 129/462: inst_6_values_var_1 (DONE:19ms)
129/462: Method: inst_6_flags_var_1
130/462: 130/462: inst_6_flags_var_1 (DONE:15ms)
130/462: Method: inst_6_values_var_2
131/462: 131/462: inst_6_values_var_2 (DONE:16ms)
131/462: Method: inst_6_flags_var_2
132/462: 132/462: inst_6_flags_var_2 (DONE:15ms)
132/462: Method: inst_6_values_var_3
133/462: 133/462: inst_6_values_var_3 (DONE:19ms)
133/462: Method: inst_6_flags_var_3
134/462: 134/462: inst_6_flags_var_3 (DONE:15ms)
134/462: Method: inst_6_values_var_4
135/462: 135/462: inst_6_values_var_4 (DONE:16ms)
135/462: Method: inst_6_flags_var_4
136/462: 136/462: inst_6_flags_var_4 (DONE:15ms)
136/462: Method: inst_6_values_var_5
137/462: 137/462: inst_6_values_var_5 (DONE:19ms)
137/462: Method: inst_6_flags_var_5
138/462: 138/462: inst_6_flags_var_5 (DONE:15ms)
138/462: Method: inst_6_values_var_6
139/462: 139/462: inst_6_values_var_6 (DONE:18ms)
139/462: Method: inst_6_flags_var_6
140/462: 140/462: inst_6_flags_var_6 (DONE:15ms)
140/462: Method: inst_6_values_var_7
141/462: 141/462: inst_6_values_var_7 (DONE:15ms)
141/462: Method: inst_6_flags_var_7
142/462: 142/462: inst_6_flags_var_7 (DONE:14ms)
142/462: Method: inst_6_values_var_8
143/462: 143/462: inst_6_values_var_8 (DONE:18ms)
143/462: Method: inst_6_flags_var_8
144/462: 144/462: inst_6_flags_var_8 (DONE:15ms)
144/462: Method: inst_6_values_var_9
145/462: 145/462: inst_6_values_var_9 (DONE:16ms)
145/462: Method: inst_6_flags_var_9
146/462: 146/462: inst_6_flags_var_9 (DONE:15ms)
146/462: Method: inst_7_values_var_0
147/462: 147/462: inst_7_values_var_0 (DONE:17ms)
147/462: Method: inst_7_flags_var_0
148/462: 148/462: inst_7_flags_var_0 (DONE:16ms)
148/462: Method: inst_7_values_var_1
149/462: 149/462: inst_7_values_var_1 (DONE:18ms)
149/462: Method: inst_7_flags_var_1
150/462: 150/462: inst_7_flags_var_1 (DONE:16ms)
150/462: Method: inst_7_values_var_2
151/462: 151/462: inst_7_values_var_2 (DONE:19ms)
151/462: Method: inst_7_flags_var_2
152/462: 152/462: inst_7_flags_var_2 (DONE:17ms)
152/462: Method: inst_7_values_var_3
153/462: 153/462: inst_7_values_var_3 (DONE:18ms)
153/462: Method: inst_7_flags_var_3
154/462: 154/462: inst_7_flags_var_3 (DONE:16ms)
154/462: Method: inst_7_values_var_4
155/462: 155/462: inst_7_values_var_4 (DONE:18ms)
155/462: Method: inst_7_flags_var_4
156/462: 156/462: inst_7_flags_var_4 (DONE:16ms)
156/462: Method: inst_7_values_var_5
157/462: 157/462: inst_7_values_var_5 (DONE:15ms)
157/462: Method: inst_7_flags_var_5
158/462: 158/462: inst_7_flags_var_5 (DONE:16ms)
158/462: Method: inst_7_values_var_6
159/462: 159/462: inst_7_values_var_6 (DONE:19ms)
159/462: Method: inst_7_flags_var_6
160/462: 160/462: inst_7_flags_var_6 (DONE:16ms)
160/462: Method: inst_7_values_var_7
161/462: 161/462: inst_7_values_var_7 (DONE:16ms)
161/462: Method: inst_7_flags_var_7
162/462: 162/462: inst_7_flags_var_7 (DONE:18ms)
162/462: Method: inst_7_values_var_8
163/462: 163/462: inst_7_values_var_8 (DONE:18ms)
163/462: Method: inst_7_flags_var_8
164/462: 164/462: inst_7_flags_var_8 (DONE:15ms)
164/462: Method: inst_7_values_var_9
165/462: 165/462: inst_7_values_var_9 (DONE:16ms)
165/462: Method: inst_7_flags_var_9
166/462: 166/462: inst_7_flags_var_9 (DONE:16ms)
166/462: Method: inst_8_values_var_0
167/462: 167/462: inst_8_values_var_0 (DONE:15ms)
167/462: Method: inst_8_flags_var_0
168/462: 168/462: inst_8_flags_var_0 (DONE:25ms)
168/462: Method: inst_8_values_var_1
169/462: 169/462: inst_8_values_var_1 (DONE:22ms)
169/462: Method: inst_8_flags_var_1
170/462: 170/462: inst_8_flags_var_1 (DONE:16ms)
170/462: Method: inst_8_values_var_2
171/462: 171/462: inst_8_values_var_2 (DONE:16ms)
171/462: Method: inst_8_flags_var_2
172/462: 172/462: inst_8_flags_var_2 (DONE:12ms)
172/462: Method: inst_8_values_var_3
173/462: 173/462: inst_8_values_var_3 (DONE:17ms)
173/462: Method: inst_8_flags_var_3
174/462: 174/462: inst_8_flags_var_3 (DONE:11ms)
174/462: Method: inst_8_values_var_4
175/462: 175/462: inst_8_values_var_4 (DONE:19ms)
175/462: Method: inst_8_flags_var_4
176/462: 176/462: inst_8_flags_var_4 (DONE:12ms)
176/462: Method: inst_8_values_var_5
177/462: 177/462: inst_8_values_var_5 (DONE:17ms)
177/462: Method: inst_8_flags_var_5
178/462: 178/462: inst_8_flags_var_5 (DONE:11ms)
178/462: Method: inst_8_values_var_6
179/462: 179/462: inst_8_values_var_6 (DONE:15ms)
179/462: Method: inst_8_flags_var_6
180/462: 180/462: inst_8_flags_var_6 (DONE:12ms)
180/462: Method: inst_8_values_var_7
181/462: 181/462: inst_8_values_var_7 (DONE:14ms)
181/462: Method: inst_8_flags_var_7
182/462: 182/462: inst_8_flags_var_7 (DONE:12ms)
182/462: Method: inst_8_values_var_8
183/462: 183/462: inst_8_values_var_8 (DONE:13ms)
183/462: Method: inst_8_flags_var_8
184/462: 184/462: inst_8_flags_var_8 (DONE:12ms)
184/462: Method: inst_8_values_var_9
185/462: 185/462: inst_8_values_var_9 (DONE:15ms)
185/462: Method: inst_8_flags_var_9
186/462: 186/462: inst_8_flags_var_9 (DONE:11ms)
186/462: Method: inst_9_values_var_0
187/462: 187/462: inst_9_values_var_0 (DONE:12ms)
187/462: Method: inst_9_flags_var_0
188/462: 188/462: inst_9_flags_var_0 (DONE:11ms)
188/462: Method: inst_9_values_var_1
189/462: 189/462: inst_9_values_var_1 (DONE:15ms)
189/462: Method: inst_9_flags_var_1
190/462: 190/462: inst_9_flags_var_1 (DONE:11ms)
190/462: Method: inst_9_values_var_2
191/462: 191/462: inst_9_values_var_2 (DONE:16ms)
191/462: Method: inst_9_flags_var_2
192/462: 192/462: inst_9_flags_var_2 (DONE:11ms)
192/462: Method: inst_9_values_var_3
193/462: 193/462: inst_9_values_var_3 (DONE:17ms)
193/462: Method: inst_9_flags_var_3
194/462: 194/462: inst_9_flags_var_3 (DONE:11ms)
194/462: Method: inst_9_values_var_4
195/462: 195/462: inst_9_values_var_4 (DONE:17ms)
195/462: Method: inst_9_flags_var_4
196/462: 196/462: inst_9_flags_var_4 (DONE:11ms)
196/462: Method: inst_9_values_var_5
197/462: 197/462: inst_9_values_var_5 (DONE:13ms)
197/462: Method: inst_9_flags_var_5
198/462: 198/462: inst_9_flags_var_5 (DONE:11ms)
198/462: Method: inst_9_values_var_6
199/462: 199/462: inst_9_values_var_6 (DONE:18ms)
199/462: Method: inst_9_flags_var_6
200/462: 200/462: inst_9_flags_var_6 (DONE:11ms)
200/462: Method: inst_9_values_var_7
201/462: 201/462: inst_9_values_var_7 (DONE:15ms)
201/462: Method: inst_9_flags_var_7
202/462: 202/462: inst_9_flags_var_7 (DONE:14ms)
202/462: Method: inst_9_values_var_8
203/462: 203/462: inst_9_values_var_8 (DONE:14ms)
203/462: Method: inst_9_flags_var_8
204/462: 204/462: inst_9_flags_var_8 (DONE:11ms)
204/462: Method: inst_9_values_var_9
205/462: 205/462: inst_9_values_var_9 (DONE:18ms)
205/462: Method: inst_9_flags_var_9
206/462: 206/462: inst_9_flags_var_9 (DONE:11ms)
206/462: Method: inst_10_values_var_0
207/462: 207/462: inst_10_values_var_0 (DONE:14ms)
207/462: Method: inst_10_flags_var_0
208/462: 208/462: inst_10_flags_var_0 (DONE:11ms)
208/462: Method: inst_10_values_var_1
209/462: 209/462: inst_10_values_var_1 (DONE:15ms)
209/462: Method: inst_10_flags_var_1
210/462: 210/462: inst_10_flags_var_1 (DONE:11ms)
210/462: Method: inst_10_values_var_2
211/462: 211/462: inst_10_values_var_2 (DONE:14ms)
211/462: Method: inst_10_flags_var_2
212/462: 212/462: inst_10_flags_var_2 (DONE:12ms)
212/462: Method: inst_10_values_var_3
213/462: 213/462: inst_10_values_var_3 (DONE:16ms)
213/462: Method: inst_10_flags_var_3
214/462: 214/462: inst_10_flags_var_3 (DONE:11ms)
214/462: Method: inst_10_values_var_4
215/462: 215/462: inst_10_values_var_4 (DONE:15ms)
215/462: Method: inst_10_flags_var_4
216/462: 216/462: inst_10_flags_var_4 (DONE:14ms)
216/462: Method: inst_10_values_var_5
217/462: 217/462: inst_10_values_var_5 (DONE:16ms)
217/462: Method: inst_10_flags_var_5
218/462: 218/462: inst_10_flags_var_5 (DONE:12ms)
218/462: Method: inst_10_values_var_6
219/462: 219/462: inst_10_values_var_6 (DONE:13ms)
219/462: Method: inst_10_flags_var_6
220/462: 220/462: inst_10_flags_var_6 (DONE:12ms)
220/462: Method: inst_10_values_var_7
221/462: 221/462: inst_10_values_var_7 (DONE:14ms)
221/462: Method: inst_10_flags_var_7
222/462: 222/462: inst_10_flags_var_7 (DONE:11ms)
222/462: Method: inst_10_values_var_8
223/462: 223/462: inst_10_values_var_8 (DONE:14ms)
223/462: Method: inst_10_flags_var_8
224/462: 224/462: inst_10_flags_var_8 (DONE:12ms)
224/462: Method: inst_10_values_var_9
225/462: 225/462: inst_10_values_var_9 (DONE:14ms)
225/462: Method: inst_10_flags_var_9
226/462: 226/462: inst_10_flags_var_9 (DONE:12ms)
226/462: Method: inst_11_values_var_0
227/462: 227/462: inst_11_values_var_0 (DONE:15ms)
227/462: Method: inst_11_flags_var_0
228/462: 228/462: inst_11_flags_var_0 (DONE:11ms)
228/462: Method: inst_11_values_var_1
229/462: 229/462: inst_11_values_var_1 (DONE:16ms)
229/462: Method: inst_11_flags_var_1
230/462: 230/462: inst_11_flags_var_1 (DONE:11ms)
230/462: Method: inst_11_values_var_2
231/462: 231/462: inst_11_values_var_2 (DONE:16ms)
231/462: Method: inst_11_flags_var_2
232/462: 232/462: inst_11_flags_var_2 (DONE:11ms)
232/462: Method: inst_11_values_var_3
233/462: 233/462: inst_11_values_var_3 (DONE:17ms)
233/462: Method: inst_11_flags_var_3
234/462: 234/462: inst_11_flags_var_3 (DONE:11ms)
234/462: Method: inst_11_values_var_4
235/462: 235/462: inst_11_values_var_4 (DONE:13ms)
235/462: Method: inst_11_flags_var_4
236/462: 236/462: inst_11_flags_var_4 (DONE:10ms)
236/462: Method: inst_11_values_var_5
237/462: 237/462: inst_11_values_var_5 (DONE:14ms)
237/462: Method: inst_11_flags_var_5
238/462: 238/462: inst_11_flags_var_5 (DONE:11ms)
238/462: Method: inst_11_values_var_6
239/462: 239/462: inst_11_values_var_6 (DONE:15ms)
239/462: Method: inst_11_flags_var_6
240/462: 240/462: inst_11_flags_var_6 (DONE:10ms)
240/462: Method: inst_11_values_var_7
241/462: 241/462: inst_11_values_var_7 (DONE:16ms)
241/462: Method: inst_11_flags_var_7
242/462: 242/462: inst_11_flags_var_7 (DONE:11ms)
242/462: Method: inst_11_values_var_8
243/462: 243/462: inst_11_values_var_8 (DONE:16ms)
243/462: Method: inst_11_flags_var_8
244/462: 244/462: inst_11_flags_var_8 (DONE:14ms)
244/462: Method: inst_11_values_var_9
245/462: 245/462: inst_11_values_var_9 (DONE:17ms)
245/462: Method: inst_11_flags_var_9
246/462: 246/462: inst_11_flags_var_9 (DONE:11ms)
246/462: Method: inst_12_values_var_0
247/462: 247/462: inst_12_values_var_0 (DONE:17ms)
247/462: Method: inst_12_flags_var_0
248/462: 248/462: inst_12_flags_var_0 (DONE:11ms)
248/462: Method: inst_12_values_var_1
249/462: 249/462: inst_12_values_var_1 (DONE:19ms)
249/462: Method: inst_12_flags_var_1
250/462: 250/462: inst_12_flags_var_1 (DONE:11ms)
250/462: Method: inst_12_values_var_2
251/462: 251/462: inst_12_values_var_2 (DONE:18ms)
251/462: Method: inst_12_flags_var_2
252/462: 252/462: inst_12_flags_var_2 (DONE:11ms)
252/462: Method: inst_12_values_var_3
253/462: 253/462: inst_12_values_var_3 (DONE:18ms)
253/462: Method: inst_12_flags_var_3
254/462: 254/462: inst_12_flags_var_3 (DONE:11ms)
254/462: Method: inst_12_values_var_4
255/462: 255/462: inst_12_values_var_4 (DONE:19ms)
255/462: Method: inst_12_flags_var_4
256/462: 256/462: inst_12_flags_var_4 (DONE:16ms)
256/462: Method: inst_12_values_var_5
257/462: 257/462: inst_12_values_var_5 (DONE:15ms)
257/462: Method: inst_12_flags_var_5
258/462: 258/462: inst_12_flags_var_5 (DONE:11ms)
258/462: Method: inst_12_values_var_6
259/462: 259/462: inst_12_values_var_6 (DONE:13ms)
259/462: Method: inst_12_flags_var_6
260/462: 260/462: inst_12_flags_var_6 (DONE:11ms)
260/462: Method: inst_12_values_var_7
261/462: 261/462: inst_12_values_var_7 (DONE:17ms)
261/462: Method: inst_12_flags_var_7
262/462: 262/462: inst_12_flags_var_7 (DONE:11ms)
262/462: Method: inst_12_values_var_8
263/462: 263/462: inst_12_values_var_8 (DONE:14ms)
263/462: Method: inst_12_flags_var_8
264/462: 264/462: inst_12_flags_var_8 (DONE:10ms)
264/462: Method: inst_12_values_var_9
265/462: 265/462: inst_12_values_var_9 (DONE:17ms)
265/462: Method: inst_12_flags_var_9
266/462: 266/462: inst_12_flags_var_9 (DONE:10ms)
266/462: Method: inst_13_values_var_0
267/462: 267/462: inst_13_values_var_0 (DONE:15ms)
267/462: Method: inst_13_flags_var_0
268/462: 268/462: inst_13_flags_var_0 (DONE:11ms)
268/462: Method: inst_13_values_var_1
269/462: 269/462: inst_13_values_var_1 (DONE:14ms)
269/462: Method: inst_13_flags_var_1
270/462: 270/462: inst_13_flags_var_1 (DONE:13ms)
270/462: Method: inst_13_values_var_2
271/462: 271/462: inst_13_values_var_2 (DONE:13ms)
271/462: Method: inst_13_flags_var_2
272/462: 272/462: inst_13_flags_var_2 (DONE:10ms)
272/462: Method: inst_13_values_var_3
273/462: 273/462: inst_13_values_var_3 (DONE:14ms)
273/462: Method: inst_13_flags_var_3
274/462: 274/462: inst_13_flags_var_3 (DONE:11ms)
274/462: Method: inst_13_values_var_4
275/462: 275/462: inst_13_values_var_4 (DONE:14ms)
275/462: Method: inst_13_flags_var_4
276/462: 276/462: inst_13_flags_var_4 (DONE:11ms)
276/462: Method: inst_13_values_var_5
277/462: 277/462: inst_13_values_var_5 (DONE:13ms)
277/462: Method: inst_13_flags_var_5
278/462: 278/462: inst_13_flags_var_5 (DONE:10ms)
278/462: Method: inst_13_values_var_6
279/462: 279/462: inst_13_values_var_6 (DONE:16ms)
279/462: Method: inst_13_flags_var_6
280/462: 280/462: inst_13_flags_var_6 (DONE:10ms)
280/462: Method: inst_13_values_var_7
281/462: 281/462: inst_13_values_var_7 (DONE:14ms)
281/462: Method: inst_13_flags_var_7
282/462: 282/462: inst_13_flags_var_7 (DONE:10ms)
282/462: Method: inst_13_values_var_8
283/462: 283/462: inst_13_values_var_8 (DONE:12ms)
283/462: Method: inst_13_flags_var_8
284/462: 284/462: inst_13_flags_var_8 (DONE:13ms)
284/462: Method: inst_13_values_var_9
285/462: 285/462: inst_13_values_var_9 (DONE:16ms)
285/462: Method: inst_13_flags_var_9
286/462: 286/462: inst_13_flags_var_9 (DONE:10ms)
286/462: Method: inst_14_values_var_0
287/462: 287/462: inst_14_values_var_0 (DONE:17ms)
287/462: Method: inst_14_flags_var_0
288/462: 288/462: inst_14_flags_var_0 (DONE:11ms)
288/462: Method: inst_14_values_var_1
289/462: 289/462: inst_14_values_var_1 (DONE:17ms)
289/462: Method: inst_14_flags_var_1
290/462: 290/462: inst_14_flags_var_1 (DONE:11ms)
290/462: Method: inst_14_values_var_2
291/462: 291/462: inst_14_values_var_2 (DONE:13ms)
291/462: Method: inst_14_flags_var_2
292/462: 292/462: inst_14_flags_var_2 (DONE:11ms)
292/462: Method: inst_14_values_var_3
293/462: 293/462: inst_14_values_var_3 (DONE:14ms)
293/462: Method: inst_14_flags_var_3
294/462: 294/462: inst_14_flags_var_3 (DONE:11ms)
294/462: Method: inst_14_values_var_4
295/462: 295/462: inst_14_values_var_4 (DONE:17ms)
295/462: Method: inst_14_flags_var_4
296/462: 296/462: inst_14_flags_var_4 (DONE:10ms)
296/462: Method: inst_14_values_var_5
297/462: 297/462: inst_14_values_var_5 (DONE:16ms)
297/462: Method: inst_14_flags_var_5
298/462: 298/462: inst_14_flags_var_5 (DONE:11ms)
298/462: Method: inst_14_values_var_6
299/462: 299/462: inst_14_values_var_6 (DONE:16ms)
299/462: Method: inst_14_flags_var_6
300/462: 300/462: inst_14_flags_var_6 (DONE:11ms)
300/462: Method: inst_14_values_var_7
301/462: 301/462: inst_14_values_var_7 (DONE:17ms)
301/462: Method: inst_14_flags_var_7
302/462: 302/462: inst_14_flags_var_7 (DONE:11ms)
302/462: Method: inst_14_values_var_8
303/462: 303/462: inst_14_values_var_8 (DONE:13ms)
303/462: Method: inst_14_flags_var_8
304/462: 304/462: inst_14_flags_var_8 (DONE:10ms)
304/462: Method: inst_14_values_var_9
305/462: 305/462: inst_14_values_var_9 (DONE:16ms)
305/462: Method: inst_14_flags_var_9
306/462: 306/462: inst_14_flags_var_9 (DONE:10ms)
306/462: Method: inst_15_values_var_0
307/462: 307/462: inst_15_values_var_0 (DONE:17ms)
307/462: Method: inst_15_flags_var_0
308/462: 308/462: inst_15_flags_var_0 (DONE:14ms)
308/462: Method: inst_15_values_var_1
309/462: 309/462: inst_15_values_var_1 (DONE:20ms)
309/462: Method: inst_15_flags_var_1
310/462: 310/462: inst_15_flags_var_1 (DONE:15ms)
310/462: Method: inst_15_values_var_2
311/462: 311/462: inst_15_values_var_2 (DONE:17ms)
311/462: Method: inst_15_flags_var_2
312/462: 312/462: inst_15_flags_var_2 (DONE:14ms)
312/462: Method: inst_15_values_var_3
313/462: 313/462: inst_15_values_var_3 (DONE:17ms)
313/462: Method: inst_15_flags_var_3
314/462: 314/462: inst_15_flags_var_3 (DONE:13ms)
314/462: Method: inst_15_values_var_4
315/462: 315/462: inst_15_values_var_4 (DONE:17ms)
315/462: Method: inst_15_flags_var_4
316/462: 316/462: inst_15_flags_var_4 (DONE:14ms)
316/462: Method: inst_15_values_var_5
317/462: 317/462: inst_15_values_var_5 (DONE:17ms)
317/462: Method: inst_15_flags_var_5
318/462: 318/462: inst_15_flags_var_5 (DONE:13ms)
318/462: Method: inst_15_values_var_6
319/462: 319/462: inst_15_values_var_6 (DONE:17ms)
319/462: Method: inst_15_flags_var_6
320/462: 320/462: inst_15_flags_var_6 (DONE:17ms)
320/462: Method: inst_15_values_var_7
321/462: 321/462: inst_15_values_var_7 (DONE:17ms)
321/462: Method: inst_15_flags_var_7
322/462: 322/462: inst_15_flags_var_7 (DONE:14ms)
322/462: Method: inst_15_values_var_8
323/462: 323/462: inst_15_values_var_8 (DONE:17ms)
323/462: Method: inst_15_flags_var_8
324/462: 324/462: inst_15_flags_var_8 (DONE:13ms)
324/462: Method: inst_15_values_var_9
325/462: 325/462: inst_15_values_var_9 (DONE:17ms)
325/462: Method: inst_15_flags_var_9
326/462: 326/462: inst_15_flags_var_9 (DONE:14ms)
326/462: Method: inst_16_values_var_0
327/462: 327/462: inst_16_values_var_0 (DONE:17ms)
327/462: Method: inst_16_flags_var_0
328/462: 328/462: inst_16_flags_var_0 (DONE:36ms)
328/462: Method: inst_16_values_var_1
329/462: 329/462: inst_16_values_var_1 (DONE:22ms)
329/462: Method: inst_16_flags_var_1
330/462: 330/462: inst_16_flags_var_1 (DONE:27ms)
330/462: Method: inst_16_values_var_2
331/462: 331/462: inst_16_values_var_2 (DONE:28ms)
331/462: Method: inst_16_flags_var_2
332/462: 332/462: inst_16_flags_var_2 (DONE:12ms)
332/462: Method: inst_16_values_var_3
333/462: 333/462: inst_16_values_var_3 (DONE:18ms)
333/462: Method: inst_16_flags_var_3
334/462: 334/462: inst_16_flags_var_3 (DONE:14ms)
334/462: Method: inst_16_values_var_4
335/462: 335/462: inst_16_values_var_4 (DONE:17ms)
335/462: Method: inst_16_flags_var_4
336/462: 336/462: inst_16_flags_var_4 (DONE:13ms)
336/462: Method: inst_16_values_var_5
337/462: 337/462: inst_16_values_var_5 (DONE:16ms)
337/462: Method: inst_16_flags_var_5
338/462: 338/462: inst_16_flags_var_5 (DONE:13ms)
338/462: Method: inst_16_values_var_6
339/462: 339/462: inst_16_values_var_6 (DONE:17ms)
339/462: Method: inst_16_flags_var_6
340/462: 340/462: inst_16_flags_var_6 (DONE:13ms)
340/462: Method: inst_16_values_var_7
341/462: 341/462: inst_16_values_var_7 (DONE:19ms)
341/462: Method: inst_16_flags_var_7
342/462: 342/462: inst_16_flags_var_7 (DONE:12ms)
342/462: Method: inst_16_values_var_8
343/462: 343/462: inst_16_values_var_8 (DONE:17ms)
343/462: Method: inst_16_flags_var_8
344/462: 344/462: inst_16_flags_var_8 (DONE:13ms)
344/462: Method: inst_16_values_var_9
345/462: 345/462: inst_16_values_var_9 (DONE:16ms)
345/462: Method: inst_16_flags_var_9
346/462: 346/462: inst_16_flags_var_9 (DONE:13ms)
346/462: Method: inst_17_values_var_0
347/462: 347/462: inst_17_values_var_0 (DONE:16ms)
347/462: Method: inst_17_flags_var_0
348/462: 348/462: inst_17_flags_var_0 (DONE:10ms)
348/462: Method: inst_17_values_var_1
349/462: 349/462: inst_17_values_var_1 (DONE:16ms)
349/462: Method: inst_17_flags_var_1
350/462: 350/462: inst_17_flags_var_1 (DONE:11ms)
350/462: Method: inst_17_values_var_2
351/462: 351/462: inst_17_values_var_2 (DONE:17ms)
351/462: Method: inst_17_flags_var_2
352/462: 352/462: inst_17_flags_var_2 (DONE:12ms)
352/462: Method: inst_17_values_var_3
353/462: 353/462: inst_17_values_var_3 (DONE:17ms)
353/462: Method: inst_17_flags_var_3
354/462: 354/462: inst_17_flags_var_3 (DONE:10ms)
354/462: Method: inst_17_values_var_4
355/462: 355/462: inst_17_values_var_4 (DONE:17ms)
355/462: Method: inst_17_flags_var_4
356/462: 356/462: inst_17_flags_var_4 (DONE:11ms)
356/462: Method: inst_17_values_var_5
357/462: 357/462: inst_17_values_var_5 (DONE:17ms)
357/462: Method: inst_17_flags_var_5
358/462: 358/462: inst_17_flags_var_5 (DONE:10ms)
358/462: Method: inst_17_values_var_6
359/462: 359/462: inst_17_values_var_6 (DONE:16ms)
359/462: Method: inst_17_flags_var_6
360/462: 360/462: inst_17_flags_var_6 (DONE:10ms)
360/462: Method: inst_17_values_var_7
361/462: 361/462: inst_17_values_var_7 (DONE:17ms)
361/462: Method: inst_17_flags_var_7
362/462: 362/462: inst_17_flags_var_7 (DONE:11ms)
362/462: Method: inst_17_values_var_8
363/462: 363/462: inst_17_values_var_8 (DONE:17ms)
363/462: Method: inst_17_flags_var_8
364/462: 364/462: inst_17_flags_var_8 (DONE:13ms)
364/462: Method: inst_17_values_var_9
365/462: 365/462: inst_17_values_var_9 (DONE:17ms)
365/462: Method: inst_17_flags_var_9
366/462: 366/462: inst_17_flags_var_9 (DONE:11ms)
366/462: Method: inst_18_values_var_0
367/462: 367/462: inst_18_values_var_0 (DONE:17ms)
367/462: Method: inst_18_flags_var_0
368/462: 368/462: inst_18_flags_var_0 (DONE:10ms)
368/462: Method: inst_18_values_var_1
369/462: 369/462: inst_18_values_var_1 (DONE:17ms)
369/462: Method: inst_18_flags_var_1
370/462: 370/462: inst_18_flags_var_1 (DONE:10ms)
370/462: Method: inst_18_values_var_2
371/462: 371/462: inst_18_values_var_2 (DONE:17ms)
371/462: Method: inst_18_flags_var_2
372/462: 372/462: inst_18_flags_var_2 (DONE:10ms)
372/462: Method: inst_18_values_var_3
373/462: 373/462: inst_18_values_var_3 (DONE:16ms)
373/462: Method: inst_18_flags_var_3
374/462: 374/462: inst_18_flags_var_3 (DONE:10ms)
374/462: Method: inst_18_values_var_4
375/462: 375/462: inst_18_values_var_4 (DONE:17ms)
375/462: Method: inst_18_flags_var_4
376/462: 376/462: inst_18_flags_var_4 (DONE:13ms)
376/462: Method: inst_18_values_var_5
377/462: 377/462: inst_18_values_var_5 (DONE:17ms)
377/462: Method: inst_18_flags_var_5
378/462: 378/462: inst_18_flags_var_5 (DONE:11ms)
378/462: Method: inst_18_values_var_6
379/462: 379/462: inst_18_values_var_6 (DONE:17ms)
379/462: Method: inst_18_flags_var_6
380/462: 380/462: inst_18_flags_var_6 (DONE:11ms)
380/462: Method: inst_18_values_var_7
381/462: 381/462: inst_18_values_var_7 (DONE:17ms)
381/462: Method: inst_18_flags_var_7
382/462: 382/462: inst_18_flags_var_7 (DONE:13ms)
382/462: Method: inst_18_values_var_8
383/462: 383/462: inst_18_values_var_8 (DONE:18ms)
383/462: Method: inst_18_flags_var_8
384/462: 384/462: inst_18_flags_var_8 (DONE:11ms)
384/462: Method: inst_18_values_var_9
385/462: 385/462: inst_18_values_var_9 (DONE:17ms)
385/462: Method: inst_18_flags_var_9
386/462: 386/462: inst_18_flags_var_9 (DONE:10ms)
386/462: Method: inst_19_values_var_0
387/462: 387/462: inst_19_values_var_0 (DONE:19ms)
387/462: Method: inst_19_flags_var_0
388/462: 388/462: inst_19_flags_var_0 (DONE:11ms)
388/462: Method: inst_19_values_var_1
389/462: 389/462: inst_19_values_var_1 (DONE:17ms)
389/462: Method: inst_19_flags_var_1
390/462: 390/462: inst_19_flags_var_1 (DONE:10ms)
390/462: Method: inst_19_values_var_2
391/462: 391/462: inst_19_values_var_2 (DONE:17ms)
391/462: Method: inst_19_flags_var_2
392/462: 392/462: inst_19_flags_var_2 (DONE:10ms)
392/462: Method: inst_19_values_var_3
393/462: 393/462: inst_19_values_var_3 (DONE:17ms)
393/462: Method: inst_19_flags_var_3
394/462: 394/462: inst_19_flags_var_3 (DONE:10ms)
394/462: Method: inst_19_values_var_4
395/462: 395/462: inst_19_values_var_4 (DONE:17ms)
395/462: Method: inst_19_flags_var_4
396/462: 396/462: inst_19_flags_var_4 (DONE:11ms)
396/462: Method: inst_19_values_var_5
397/462: 397/462: inst_19_values_var_5 (DONE:17ms)
397/462: Method: inst_19_flags_var_5
398/462: 398/462: inst_19_flags_var_5 (DONE:10ms)
398/462: Method: inst_19_values_var_6
399/462: 399/462: inst_19_values_var_6 (DONE:19ms)
399/462: Method: inst_19_flags_var_6
400/462: 400/462: inst_19_flags_var_6 (DONE:11ms)
400/462: Method: inst_19_values_var_7
401/462: 401/462: inst_19_values_var_7 (DONE:17ms)
401/462: Method: inst_19_flags_var_7
402/462: 402/462: inst_19_flags_var_7 (DONE:11ms)
402/462: Method: inst_19_values_var_8
403/462: 403/462: inst_19_values_var_8 (DONE:17ms)
403/462: Method: inst_19_flags_var_8
404/462: 404/462: inst_19_flags_var_8 (DONE:11ms)
404/462: Method: inst_19_values_var_9
405/462: 405/462: inst_19_values_var_9 (DONE:17ms)
405/462: Method: inst_19_flags_var_9
406/462: 406/462: inst_19_flags_var_9 (DONE:10ms)
406/462: Method: inst_20_values_var_0
407/462: 407/462: inst_20_values_var_0 (DONE:16ms)
407/462: Method: inst_20_flags_var_0
408/462: 408/462: inst_20_flags_var_0 (DONE:12ms)
408/462: Method: inst_20_values_var_1
409/462: 409/462: inst_20_values_var_1 (DONE:17ms)
409/462: Method: inst_20_flags_var_1
410/462: 410/462: inst_20_flags_var_1 (DONE:12ms)
410/462: Method: inst_20_values_var_2
411/462: 411/462: inst_20_values_var_2 (DONE:20ms)
411/462: Method: inst_20_flags_var_2
412/462: 412/462: inst_20_flags_var_2 (DONE:12ms)
412/462: Method: inst_20_values_var_3
413/462: 413/462: inst_20_values_var_3 (DONE:17ms)
413/462: Method: inst_20_flags_var_3
414/462: 414/462: inst_20_flags_var_3 (DONE:12ms)
414/462: Method: inst_20_values_var_4
415/462: 415/462: inst_20_values_var_4 (DONE:14ms)
415/462: Method: inst_20_flags_var_4
416/462: 416/462: inst_20_flags_var_4 (DONE:11ms)
416/462: Method: inst_20_values_var_5
417/462: 417/462: inst_20_values_var_5 (DONE:13ms)
417/462: Method: inst_20_flags_var_5
418/462: 418/462: inst_20_flags_var_5 (DONE:11ms)
418/462: Method: inst_20_values_var_6
419/462: 419/462: inst_20_values_var_6 (DONE:16ms)
419/462: Method: inst_20_flags_var_6
420/462: 420/462: inst_20_flags_var_6 (DONE:12ms)
420/462: Method: inst_20_values_var_7
421/462: 421/462: inst_20_values_var_7 (DONE:14ms)
421/462: Method: inst_20_flags_var_7
422/462: 422/462: inst_20_flags_var_7 (DONE:12ms)
422/462: Method: inst_20_values_var_8
423/462: 423/462: inst_20_values_var_8 (DONE:14ms)
423/462: Method: inst_20_flags_var_8
424/462: 424/462: inst_20_flags_var_8 (DONE:12ms)
424/462: Method: inst_20_values_var_9
425/462: 425/462: inst_20_values_var_9 (DONE:16ms)
425/462: Method: inst_20_flags_var_9
426/462: 426/462: inst_20_flags_var_9 (DONE:13ms)
426/462: Method: inst_21_values_var_0
427/462: 427/462: inst_21_values_var_0 (DONE:17ms)
427/462: Method: inst_21_flags_var_0
428/462: 428/462: inst_21_flags_var_0 (DONE:11ms)
428/462: Method: inst_21_values_var_1
429/462: 429/462: inst_21_values_var_1 (DONE:14ms)
429/462: Method: inst_21_flags_var_1
430/462: 430/462: inst_21_flags_var_1 (DONE:12ms)
430/462: Method: inst_21_values_var_2
431/462: 431/462: inst_21_values_var_2 (DONE:15ms)
431/462: Method: inst_21_flags_var_2
432/462: 432/462: inst_21_flags_var_2 (DONE:11ms)
432/462: Method: inst_21_values_var_3
433/462: 433/462: inst_21_values_var_3 (DONE:18ms)
433/462: Method: inst_21_flags_var_3
434/462: 434/462: inst_21_flags_var_3 (DONE:11ms)
434/462: Method: inst_21_values_var_4
435/462: 435/462: inst_21_values_var_4 (DONE:13ms)
435/462: Method: inst_21_flags_var_4
436/462: 436/462: inst_21_flags_var_4 (DONE:12ms)
436/462: Method: inst_21_values_var_5
437/462: 437/462: inst_21_values_var_5 (DONE:15ms)
437/462: Method: inst_21_flags_var_5
438/462: 438/462: inst_21_flags_var_5 (DONE:14ms)
438/462: Method: inst_21_values_var_6
439/462: 439/462: inst_21_values_var_6 (DONE:14ms)
439/462: Method: inst_21_flags_var_6
440/462: 440/462: inst_21_flags_var_6 (DONE:12ms)
440/462: Method: inst_21_values_var_7
441/462: 441/462: inst_21_values_var_7 (DONE:16ms)
441/462: Method: inst_21_flags_var_7
442/462: 442/462: inst_21_flags_var_7 (DONE:11ms)
442/462: Method: inst_21_values_var_8
443/462: 443/462: inst_21_values_var_8 (DONE:13ms)
443/462: Method: inst_21_flags_var_8
444/462: 444/462: inst_21_flags_var_8 (DONE:11ms)
444/462: Method: inst_21_values_var_9
445/462: 445/462: inst_21_values_var_9 (DONE:17ms)
445/462: Method: inst_21_flags_var_9
446/462: 446/462: inst_21_flags_var_9 (DONE:11ms)
446/462: Method: initializer_0
447/462: 447/462: initializer_0 (DONE:54ms)
447/462: Method: sub_8049D0C
448/462: 448/462: sub_8049D0C (DONE:20ms)
448/462: Method: sub_8049D58
449/462: 449/462: sub_8049D58 (DONE:12ms)
449/462: Method: →__libc_start_main
450/462: 450/462: →__libc_start_main (DONE:10ms)
450/462: Method: →__assert_fail
451/462: 451/462: →__assert_fail (DONE:13ms)
451/462: Method: deregister_tm_clones
452/462: 452/462: deregister_tm_clones (DONE:13ms)
452/462: Method: register_tm_clones
453/462: 453/462: register_tm_clones (DONE:54ms)
453/462: Method: sub_8049D8D
454/462: 454/462: sub_8049D8D (DONE:13ms)
454/462: Method: initializer_1
455/462: 455/462: initializer_1 (DONE:4ms)
455/462: Method: _dl_relocate_static_pie
456/462: 456/462: _dl_relocate_static_pie (DONE:1ms)
456/462: Method: __libc_csu_fini
457/462: 457/462: __libc_csu_fini (DONE:1ms)
457/462: Method: finalizer_0
458/462: 458/462: finalizer_0 (DONE:10ms)
458/462: Method: _start
459/462: 459/462: _start (DONE:36ms)
459/462: Method: main
460/462: 460/462: main (DONE:158118ms)
460/462: Method: finalizer_1
461/462: 461/462: finalizer_1 (DONE:9ms)
461/462: Method: __libc_csu_init
462/462: 462/462: __libc_csu_init (DONE:66ms)
1/1 DECOMPILATION ERROR: METHOD main: com.pnfsoftware.jeb.util.concurrent.OperationTimedOutException: Self interruption: exectime= 158116 ms; max= 60000 ms
	at com.pnfsoftware.jeb.util.concurrent.TimedOperationVerifier.verify(SourceFile:64)
	at com.pnfsoftware.jebglobal.ls.oD(SourceFile:80)
	at com.pnfsoftware.jebglobal.yu.oy(SourceFile:182)
	at com.pnfsoftware.jebglobal.yu.oD(SourceFile:135)
	at com.pnfsoftware.jebglobal.yu.oD(SourceFile:122)
	at com.pnfsoftware.jebglobal.WW.oD(SourceFile:561)
	at com.pnfsoftware.jebglobal.WW.oD(SourceFile:349)
	at com.pnfsoftware.jebglobal.xF.oD(SourceFile:1127)
	at com.pnfsoftware.jebglobal.xF.oD(SourceFile:604)
	at com.pnfsoftware.jebglobal.xF.oD(SourceFile:526)
	at com.pnfsoftware.jebglobal.xF.oD(SourceFile:512)
	at com.pnfsoftware.jebglobal.xF.decompileMethod(SourceFile:868)
	at com.pnfsoftware.jebglobal.xF.decompileMethods(SourceFile:985)
	at com.pnfsoftware.jeb.core.units.code.asm.decompiler.NativeDecompilerExporter.process(SourceFile:100)
	at com.pnfsoftware.jeb.core.units.code.DecompilerExporter.export(SourceFile:223)
	at java.base/jdk.internal.reflect.NativeMethodAccessorImpl.invoke0(Native Method)
	at java.base/jdk.internal.reflect.NativeMethodAccessorImpl.invoke(NativeMethodAccessorImpl.java:77)
	at java.base/jdk.internal.reflect.DelegatingMethodAccessorImpl.invoke(DelegatingMethodAccessorImpl.java:43)
	at java.base/java.lang.reflect.Method.invoke(Method.java:568)
	at org.python.core.PyReflectedFunction.__call__(PyReflectedFunction.java:190)
	at org.python.core.PyReflectedFunction.__call__(PyReflectedFunction.java:208)
	at org.python.core.PyObject.__call__(PyObject.java:461)
	at org.python.core.PyObject.__call__(PyObject.java:465)
	at org.python.core.PyMethod.__call__(PyMethod.java:126)
	at jeb_DecompileFile$py.decompileCodeUnit$3(SUBJECTS/scripts/jeb_DecompileFile.py:103)
	at jeb_DecompileFile$py.call_function(SUBJECTS/scripts/jeb_DecompileFile.py)
	at org.python.core.PyTableCode.call(PyTableCode.java:173)
	at org.python.core.PyBaseCode.call(PyBaseCode.java:150)
	at org.python.core.PyFunction.__call__(PyFunction.java:426)
	at org.python.core.PyMethod.__call__(PyMethod.java:141)
	at jeb_DecompileFile$py.run$2(SUBJECTS/scripts/jeb_DecompileFile.py:65)
	at jeb_DecompileFile$py.call_function(SUBJECTS/scripts/jeb_DecompileFile.py)
	at org.python.core.PyTableCode.call(PyTableCode.java:173)
	at org.python.core.PyBaseCode.call(PyBaseCode.java:306)
	at org.python.core.PyBaseCode.call(PyBaseCode.java:197)
	at org.python.core.PyFunction.__call__(PyFunction.java:485)
	at org.python.core.PyMethod.instancemethod___call__(PyMethod.java:237)
	at org.python.core.PyMethod.__call__(PyMethod.java:228)
	at org.python.core.PyMethod.__call__(PyMethod.java:218)
	at org.python.core.PyMethod.__call__(PyMethod.java:213)
	at org.python.core.PyObject._jcallexc(PyObject.java:3565)
	at org.python.core.PyObject._jcall(PyObject.java:3598)
	at org.python.proxies.jeb_DecompileFile$jeb_DecompileFile$0.run(Unknown Source)
	at com.pnfsoftware.jeb.client.script.ScriptLoader.execute(SourceFile:143)
	at com.pnfsoftware.jeb.vd.start(SourceFile:74)
	at com.pnfsoftware.jeb.Launcher.main(SourceFile:254)

Exectime: 168.325000 sec
[I] Done.
