Possible file format: ELF for Intel 386 (Executable) (IDADIR/loaders/elf.so)

  bytes   pages size description
--------- ----- ---- --------------------------------------------
   524288    64 8192 allocating memory for b-tree...
    65536     8 8192 allocating memory for virtual array...
   262144    32 8192 allocating memory for name pointers...
-----------------------------------------------------------------
   851968            total memory allocated

Loading file 'SUBJECTS/from_holdec/duffs_device/ia32_elf_gcc_O2/subject.exe' into database...
Detected file format: ELF for Intel 386 (Executable)
Loading processor module IDADIR/procs/pc.so for metapc...Initializing processor module metapc...OK
Autoanalysis subsystem has been initialized.
Assuming __cdecl calling convention by default
  0. Creating a new segment  (08048000-08048894) ... ... OK
  1. Creating a new segment  (08049894-08049998) ... ... OK
Assuming __cdecl calling convention by default
Type library 'gnulnx_x86' loaded. Applying types...
Types applied to 0 names.
  2. Creating a new segment  (08048294-080482C4) ... ... OK
  3. Creating a new segment  (080482C4-08048894) ... ... OK
  4. Creating a new segment  (080482C4-08048304) ... ... OK
     Deleting segment        (08048304-08048894) ...
  4. Creating a new segment  (08048304-08048894) ... ... OK
  5. Creating a new segment  (08048310-0804878C) ... ... OK
  6. Creating a new segment  (0804878C-08048894) ... ... OK
  7. Creating a new segment  (0804878C-080487A8) ... ... OK
     Deleting segment        (080487A8-08048894) ...
  7. Creating a new segment  (080487A8-08048894) ... ... OK
  8. Creating a new segment  (080487A8-080487F4) ... ... OK
     Deleting segment        (080487F4-08048894) ...
  8. Creating a new segment  (080487F4-08048894) ... ... OK
  9. Creating a new segment  (080487F4-08048818) ... ... OK
     Deleting segment        (08048818-08048894) ...
  9. Creating a new segment  (08048818-08048894) ... ... OK
     Deleting segment        (08048818-08048894) ...
  9. Creating a new segment  (08048818-08048894) ... ... OK
 10. Creating a new segment  (08049894-0804989C) ... ... OK
     Deleting segment        (0804989C-08049998) ...
 10. Creating a new segment  (0804989C-08049998) ... ... OK
 11. Creating a new segment  (0804989C-080498A4) ... ... OK
     Deleting segment        (080498A4-08049998) ...
 11. Creating a new segment  (080498A4-08049998) ... ... OK
 12. Creating a new segment  (080498A4-080498A8) ... ... OK
     Deleting segment        (080498A8-08049998) ...
 12. Creating a new segment  (080498A8-08049998) ... ... OK
 13. Creating a new segment  (08049970-08049974) ... ... OK
 14. Creating a new segment  (08049974-08049998) ... ... OK
 15. Creating a new segment  (08049974-0804998C) ... ... OK
     Deleting segment        (0804998C-08049998) ...
 15. Creating a new segment  (0804998C-08049998) ... ... OK
 16. Creating a new segment  (0804998C-08049990) ... ... OK
     Deleting segment        (08049990-08049998) ...
 16. Creating a new segment  (08049990-08049998) ... ... OK
     Deleting segment        (08049990-08049998) ...
 16. Creating a new segment  (08049990-08049998) ... ... OK
 17. Creating a new segment  (08049998-08049999) ... ... OK
 18. Creating a new segment  (0804999C-080499A8) ... ... OK
 19. Creating a new segment  (080499A8-080499C0) ... ... OK
Processing relocations...
DWARF: File "SUBJECTS/from_holdec/duffs_device/ia32_elf_gcc_O2/subject.exe" contains DWARF information.
DWARF: Functions: 17 symbols applied
DWARF: Globals: 0 symbols applied
Marking typical code sequences...
Flushing buffers, please wait...ok
File 'SUBJECTS/from_holdec/duffs_device/ia32_elf_gcc_O2/subject.exe' has been successfully loaded into the database.
Hex-Rays Decompiler plugin has been loaded (v7.5.0.201028)
  The hotkeys are F5: decompile, Ctrl-F5: decompile all.
  Please check the Edit/Plugins menu for more informaton.
IDAPython Hex-Rays bindings initialized.
IDA is analysing the input file...
You may start to explore the input file right now.
Propagating type information...
Function argument information has been propagated
lumina: applied metadata to 5 functions.
The initial autoanalysis has been finished.
Flushing buffers, please wait...ok
TIMESTAMP decompiling 80482C4 size=0000000C times=0...
The decompiler assumes that the segment '.got.plt' is read-only because of its NAME.
All data references to the segment will be replaced by constant values.
This may lead to drastic changes in the decompiler output.
If the segment is not read-only, please change the segment NAME.

In general, the decompiler checks the segment permissions, class, and name
to determine if it is read-only.
 -> OK
TIMESTAMP decompiling 8048340 size=00000055 times=0...
TIMESTAMP decompiling 80483A0 size=00000023 times=0...
TIMESTAMP decompiling 80483D0 size=00000096 times=0...
TIMESTAMP decompiling 8048470 size=000000A9 times=0...
TIMESTAMP decompiling 8048520 size=0000007A times=0...
TIMESTAMP decompiling 80485A0 size=000000AC times=0...
TIMESTAMP decompiling 80486F0 size=00000005 times=0...
TIMESTAMP decompiling 8048760 size=0000002A times=0...
TIMESTAMP decompiling 8048650 size=00000092 times=0...
TIMESTAMP decompiling 8048294 size=00000030 times=0...
The decompiler assumes that the segment '.got' is read-only because of its NAME.
All data references to the segment will be replaced by constant values.
This may lead to drastic changes in the decompiler output.
If the segment is not read-only, please change the segment NAME.

In general, the decompiler checks the segment permissions, class, and name
to determine if it is read-only.
 -> OK
TIMESTAMP decompiling 8048700 size=0000005A times=0...
TIMESTAMP decompiling 8048310 size=00000022 times=0...
TIMESTAMP decompiling 804878C size=0000001C times=0...
TIMESTAMP The application has been completely decompiled.
Unloading IDP module IDADIR/procs/pc.so...
