Analyzing './from_boomerang/fbranch/ia32_elf_by_boomerang/subject.exe' as a x86 32 ELF binary file.

0 Procs, 0 Labels, 0 Branches, 0 / 0 kB covered
./from_boomerang/fbranch/ia32_elf_by_boomerang/subject.exe: 34 sections starting at 0x00001EE4
./from_boomerang/fbranch/ia32_elf_by_boomerang/subject.exe: section string table at 0x000023BC, 0x12B bytes
 Offset:  [ix]  Address    Size    Offset  Name
00001EE4: [ 0] 00000000 00000000 00000000 
00001F0C: [ 1] 080480F4 00000013 000000F4 .interp
00001F34: [ 2] 08048108 00000020 00000108 .note.ABI-tag
00001F5C: [ 3] 08048128 00000030 00000128 .hash
00001F84: [ 4] 08048158 00000070 00000158 .dynsym
00001FAC: [ 5] 080481C8 00000057 000001C8 .dynstr
00001FD4: [ 6] 08048220 0000000E 00000220 .gnu.version
00001FFC: [ 7] 08048230 00000020 00000230 .gnu.version_r
00002024: [ 8] 08048250 00000008 00000250 .rel.dyn
0000204C: [ 9] 08048258 00000020 00000258 .rel.plt
00002074: [10] 08048278 00000017 00000278 .init
0000209C: [11] 08048290 00000050 00000290 .plt
000020C4: [12] 080482E0 0000027C 000002E0 .text
000020EC: [13] 0804855C 0000001B 0000055C .fini
00002114: [14] 08048578 00000058 00000578 .rodata
0000213C: [15] 080485D0 00000004 000005D0 .eh_frame
00002164: [16] 080495D4 0000000C 000005D4 .data
0000218C: [17] 080495E0 000000C8 000005E0 .dynamic
000021B4: [18] 080496A8 00000008 000006A8 .ctors
000021DC: [19] 080496B0 00000008 000006B0 .dtors
00002204: [20] 080496B8 00000004 000006B8 .jcr
0000222C: [21] 080496BC 00000020 000006BC .got
00002254: [22] 080496DC 00000004 000006DC .bss
0000227C: [23] 00000000 00000132 000006DC .comment
000022A4: [24] 00000000 00000078 00000810 .debug_aranges
000022CC: [25] 00000000 00000025 00000888 .debug_pubnames
000022F4: [26] 00000000 00000A84 000008AD .debug_info
0000231C: [27] 00000000 00000138 00001331 .debug_abbrev
00002344: [28] 00000000 0000027C 00001469 .debug_line
0000236C: [29] 00000000 00000014 000016E8 .debug_frame
00002394: [30] 00000000 000006BA 000016FC .debug_str
000023BC: [31] 00000000 0000012B 00001DB6 .shstrtab
000023E4: [32] 00000000 000006E0 00002434 .symtab
0000240C: [33] 00000000 00000415 00002B14 .strtab
Matching signatures...
0 Procs, 0 Labels, 0 Branches, 0 / 1 kB covered
0 Procs, 0 Labels, 0 Branches, 0 / 1 kB covered
Separating code and data...
0 Procs, 0 Labels, 0 Branches, 0 / 1 kB covered
0 Procs, 16 Labels, 15 Branches, 0 / 1 kB covered
0 Procs, 18 Labels, 16 Branches, 0 / 1 kB covered
0 Procs, 21 Labels, 18 Branches, 0 / 1 kB covered
0 Procs, 22 Labels, 19 Branches, 0 / 1 kB covered
0 Procs, 23 Labels, 20 Branches, 0 / 1 kB covered
0 Procs, 24 Labels, 21 Branches, 0 / 1 kB covered
0 Procs, 25 Labels, 22 Branches, 0 / 1 kB covered
0 Procs, 26 Labels, 23 Branches, 0 / 1 kB covered
0 Procs, 27 Labels, 24 Branches, 0 / 1 kB covered
0 Procs, 27 Labels, 25 Branches, 0 / 1 kB covered
0 Procs, 27 Labels, 25 Branches, 0 / 1 kB covered
0 Procs, 34 Labels, 30 Branches, 0 / 1 kB covered
0 Procs, 34 Labels, 30 Branches, 0 / 1 kB covered
0 Procs, 53 Labels, 51 Branches, 0 / 1 kB covered
0 Procs, 58 Labels, 56 Branches, 0 / 1 kB covered
0 Procs, 64 Labels, 64 Branches, 0 / 1 kB covered
0 Procs, 64 Labels, 64 Branches, 0 / 1 kB covered
0 Procs, 64 Labels, 64 Branches, 0 / 1 kB covered
20 Procs, 64 Labels, 64 Branches, 0 / 1 kB covered
20 Procs, 64 Labels, 64 Branches, 0 / 1 kB covered
20 Procs, 64 Labels, 64 Branches, 0 / 1 kB covered
20 Procs, 64 Labels, 64 Branches, 0 / 1 kB covered
20 Procs, 64 Labels, 64 Branches, 0 / 1 kB covered
20 Procs, 64 Labels, 64 Branches, 0 / 1 kB covered
20 Procs, 64 Labels, 64 Branches, 0 / 1 kB covered
20 Procs, 64 Labels, 64 Branches, 0 / 1 kB covered
20 Procs, 64 Labels, 64 Branches, 0 / 1 kB covered
20 Procs, 64 Labels, 64 Branches, 0 / 1 kB covered
20 Procs, 64 Labels, 64 Branches, 0 / 1 kB covered
20 Procs, 64 Labels, 64 Branches, 0 / 1 kB covered
20 Procs, 64 Labels, 64 Branches, 0 / 1 kB covered
20 Procs, 64 Labels, 64 Branches, 0 / 1 kB covered
20 Procs, 64 Labels, 64 Branches, 0 / 1 kB covered
20 Procs, 64 Labels, 64 Branches, 0 / 1 kB covered
20 Procs, 64 Labels, 64 Branches, 0 / 1 kB covered
20 Procs, 64 Labels, 64 Branches, 0 / 1 kB covered
20 Procs, 64 Labels, 64 Branches, 0 / 1 kB covered
20 Procs, 64 Labels, 64 Branches, 0 / 1 kB covered
20 Procs, 64 Labels, 64 Branches, 0 / 1 kB covered
20 Procs, 64 Labels, 64 Branches, 0 / 1 kB covered
Resolving indirect jumps...
20 Procs, 64 Labels, 64 Branches, 0 / 1 kB covered
20 Procs, 64 Labels, 64 Branches, 0 / 1 kB covered
Resolving constants and strings...
20 Procs, 64 Labels, 64 Branches, 0 / 1 kB covered
Discovering unreached functions...
20 Procs, 64 Labels, 64 Branches, 0 / 1 kB covered
Computing call tree...
20 Procs, 64 Labels, 64 Branches, 0 / 1 kB covered
Computing calling conventions...
20 Procs, 64 Labels, 64 Branches, 0 / 1 kB covered
Computing Calling Convention: 2/20  0x080482A0
Computing Calling Convention: 3/20  0x080482A6
Computing Calling Convention: 4/20  0x080482B0
Computing Calling Convention: 5/20  0x080482B6
Computing Calling Convention: 6/20  0x080482C0
Computing Calling Convention: 7/20  0x080482C6
Computing Calling Convention: 8/20  0x080482D0
Computing Calling Convention: 9/20  0x080482D6
Computing Calling Convention: 11/20  0x08048304
Computing Calling Convention: 12/20  0x0804830E
Computing Calling Convention: 13/20  0x08048328
Computing Calling Convention: 14/20  0x08048364
Computing Calling Convention: 15/20  0x08048390
Computing Calling Convention: 17/20  0x08048504
Computing Calling Convention: 18/20  0x08048538
Computing Calling Convention: 20/20  0x08048566
Computing Calling Convention: 1/4  0x08048278
Computing Calling Convention: 2/4  0x080482E0
Computing Calling Convention: 3/4  0x080484D4
Computing Calling Convention: 4/4  0x0804855C
Computing label cross-references...
20 Procs, 64 Labels, 64 Branches, 0 / 1 kB covered
File analysis complete.
20 Procs, 64 Labels, 64 Branches, 0 / 1 kB covered

Decompiling 1/20: 0x08048278
Decompiling 2/20: 0x080482A0
Decompiling 3/20: 0x080482A6
Decompiling 4/20: 0x080482B0
Decompiling 5/20: 0x080482B6
Decompiling 6/20: 0x080482C0
Decompiling 7/20: 0x080482C6
Decompiling 8/20: 0x080482D0
Decompiling 9/20: 0x080482D6
Decompiling 10/20: 0x080482E0
Decompiling 11/20: 0x08048304
Decompiling 12/20: 0x0804830E
Decompiling 13/20: 0x08048328
Decompiling 14/20: 0x08048364
Decompiling 15/20: 0x08048390
Decompiling 16/20: 0x080484D4
Decompiling 17/20: 0x08048504
Decompiling 18/20: 0x08048538
Decompiling 19/20: 0x0804855C
Decompiling 20/20: 0x08048566
Decompiling 20/20: 0x08048566

