after removing matching assigns (t[WILDSTR]).
in proc twofib adding addrExp r14{0} + 64 to local table
in proc twofib adding addrExp r14{0} to local table
in proc twofib adding addrExp r14{0} + 4 to local table
in proc twofib adding addrExp r14{0} + 8 to local table
in proc twofib adding addrExp r14{0} + 12 to local table
in proc twofib adding addrExp r14{0} + 16 to local table
in proc twofib adding addrExp r14{0} + 20 to local table
in proc twofib adding addrExp r14{0} + 24 to local table
in proc twofib adding addrExp r14{0} + 28 to local table
in proc twofib adding addrExp r14{0} + 32 to local table
in proc twofib adding addrExp r14{0} + 36 to local table
in proc twofib adding addrExp r14{0} + 40 to local table
in proc twofib adding addrExp r14{0} + 44 to local table
in proc twofib adding addrExp r14{0} + 48 to local table
in proc twofib adding addrExp r14{0} + 52 to local table
in proc twofib adding addrExp r14{0} + 56 to local table
in proc twofib adding addrExp r14{0} + 60 to local table
in proc twofib adding addrExp r14{0} - 32 to local table
in proc twofib adding addrExp r14{0} + 68 to local table
in proc twofib adding addrExp r14{0} - 24 to local table
in proc twofib adding addrExp r14{0} - 20 to local table
in proc twofib adding addrExp r14{0} - 64 to local table
finding final parameters for twofib
potential param r14
found new parameter r14
potential param r17
found new parameter r17
potential param r18
found new parameter r18
potential param r19
found new parameter r19
potential param r20
found new parameter r20
potential param r21
found new parameter r21
potential param r22
found new parameter r22
potential param r23
found new parameter r23
potential param r24
found new parameter r24
potential param r25
found new parameter r25
potential param r26
found new parameter r26
potential param r27
found new parameter r27
potential param r28
found new parameter r28
potential param r29
found new parameter r29
potential param r30
found new parameter r30
potential param r31
found new parameter r31
potential param r8
found new parameter r8
potential param r9
found new parameter r9
potential param r10
found new parameter r10
potential param r11
found new parameter r11
potential param r12
found new parameter r12
potential param r13
found new parameter r13
potential param r15
found new parameter r15
potential param m[r14{0} + 64]
found new parameter m[r14{0} + 64]
finding final parameters for twofib
potential param r14
found new parameter r14
potential param r17
found new parameter r17
potential param r18
found new parameter r18
potential param r19
found new parameter r19
potential param r20
found new parameter r20
potential param r21
found new parameter r21
potential param r22
found new parameter r22
potential param r23
found new parameter r23
potential param r24
found new parameter r24
potential param r25
found new parameter r25
potential param r26
found new parameter r26
potential param r27
found new parameter r27
potential param r28
found new parameter r28
potential param r29
found new parameter r29
potential param r30
found new parameter r30
potential param r31
found new parameter r31
potential param r8
found new parameter r8
potential param r9
found new parameter r9
potential param r10
found new parameter r10
potential param r11
found new parameter r11
potential param r12
found new parameter r12
potential param r13
found new parameter r13
potential param r15
found new parameter r15
potential param m[r14{0} + 64]
found new parameter m[r14{0} + 64]
