
Database SUBJECTS/from_snowman/other-035_repz_cmps/x64_elf/subject.exe.i64 already exists.
Do you want to overwrite it? -> ~L~oad existing

  bytes   pages size description
--------- ----- ---- --------------------------------------------
   524288    64 8192 allocating memory for b-tree...
    65536     8 8192 allocating memory for virtual array...
   262144    32 8192 allocating memory for name pointers...
-----------------------------------------------------------------
   851968            total memory allocated

Loading processor module IDADIR/procs/pc64.so for metapc...Initializing processor module metapc...OK
Loading type libraries...
Autoanalysis subsystem has been initialized.
Database for file 'subject.exe' has been loaded.
Hex-Rays Decompiler plugin has been loaded (v7.6.0.210427)
  The hotkeys are F5: decompile, Ctrl-F5: decompile all.

  Please check the Edit/Plugins menu for more informaton.
=== start of cleanup script -> OK
  function at 004000D4       with name 'start'
finished -> OK
TIMESTAMP decompiling 4000D4 size=0000000000000005 times=0...
TIMESTAMP The application has been completely decompiled.
Flushing buffers, please wait...ok
Unloading IDP module IDADIR/procs/pc64.so...
