=== Using options:--aggressive-branch-removal
subject.exe: warning: Win32 X86-64 main procedure finder not implemented yet.
00000000004013EE: warning: Unable to resolve imported reference KernelBase.dll!SetDefaultDllDirectories.
0000000000401981: warning: Call target address 0000000000000000 is invalid.
0000000000401AD2: error: Failed to write global variable g_n401AD2.
    Primitive type word48 not supported.
       at Reko.Core.Memory.ByteMemoryArea.TryReadLe(Byte[] abImage, Int64 imageOffset, PrimitiveType type, Constant& c)
   at Reko.Core.Memory.ByteMemoryArea.TryReadLe(Int64 imageOffset, PrimitiveType type, Constant& c)
   at Reko.Core.Memory.ByteImageReader.TryReadLe(PrimitiveType dataType, Constant& c)
   at Reko.Core.Memory.LeImageReader.TryRead(PrimitiveType dataType, Constant& c)
   at Reko.Core.Output.GlobalDataWriter.VisitPrimitive(PrimitiveType pt)
   at Reko.Core.Types.PrimitiveType.Accept[T](IDataTypeVisitor`1 v)
   at Reko.Core.Output.GlobalDataWriter.WriteGlobalVariable(Address address, DataType dataType, String name)
0000000000401AE9: warning: Expected sizes of arrays to have been determined by now
0000000000402008: warning: Expected sizes of arrays to have been determined by now
0000000000401AD2: error: Failed to write global variable g_n401AD2.
    Primitive type word48 not supported.
       at Reko.Core.Memory.ByteMemoryArea.TryReadLe(Byte[] abImage, Int64 imageOffset, PrimitiveType type, Constant& c)
   at Reko.Core.Memory.ByteMemoryArea.TryReadLe(Int64 imageOffset, PrimitiveType type, Constant& c)
   at Reko.Core.Memory.ByteImageReader.TryReadLe(PrimitiveType dataType, Constant& c)
   at Reko.Core.Memory.LeImageReader.TryRead(PrimitiveType dataType, Constant& c)
   at Reko.Core.Output.GlobalDataWriter.VisitPrimitive(PrimitiveType pt)
   at Reko.Core.Types.PrimitiveType.Accept[T](IDataTypeVisitor`1 v)
   at Reko.Core.Output.GlobalDataWriter.WriteGlobalVariable(Address address, DataType dataType, String name)
0000000000401AE9: warning: Expected sizes of arrays to have been determined by now
0000000000402008: warning: Expected sizes of arrays to have been determined by now
