JEB 4.0-beta.3.202103090424 (jeb-ce) is starting...
Current directory: SUBJECTS
Base directory: JEBDIR
Program directory: JEBDIR/bin
Java: Oracle Corporation 15.0.1
External plugin loaded: com.pnf.plugin.androidjnihelper.DynamicJNIDetectionPlugin
External plugin loaded: com.pnf.androsig.gen.AndroidSigGenPlugin
External plugin loaded: com.pnf.androsig.apply.andsig.AndroidSigApplyPlugin
External plugin loaded: com.pnf.plugin.oat.OATPlugin
External plugin loaded: com.pnf.plugin.pdf.PdfPlugin
External plugin loaded: com.pnf.diemvm.DiemIdentifier
External plugin loaded: com.pnf.diemvm.DiemDisassemblerPlugin
External plugin loaded: com.pnf.diemvm.DiemDecompilerPlugin
Initializing Jython, please wait...
Processing file: SUBJECTS/from_boomerang/phi2/ia32_elf_by_boomerang/subject.exe...
{subject.exe > subject.exe > x86 image}: Compiler detected from file format analysis -> unknown (Linux)
{subject.exe > subject.exe > x86 image}: Initial native analysis styles: code gaps: LINEAR_SWEEP - data gaps: DEFAULT
{subject.exe > subject.exe > x86 image}: Itanium RTTI memory scanner: cannot find sections to scan
{subject.exe > subject.exe > x86 image}: No RTTI information recovered
{subject.exe > subject.exe > x86 image}: Initial analysis completed (20 internal methods created)
Output folder: jeb_output
  0/ 20: Method: sub_804826C
  1/ 20: 1/20: sub_804826C (DONE:94ms)
  1/ 20: Method: strlen@@GLIBC_2.0
  2/ 20: 2/20: strlen@@GLIBC_2.0 (DONE:25ms)
  2/ 20: Method: printf@@GLIBC_2.0
  3/ 20: 3/20: printf@@GLIBC_2.0 (DONE:15ms)
  3/ 20: Method: __libc_start_main@@GLIBC_2.0
  4/ 20: 4/20: __libc_start_main@@GLIBC_2.0 (DONE:11ms)
  4/ 20: Method: __do_global_dtors_aux
  5/ 20: 5/20: __do_global_dtors_aux (DONE:91ms)
  5/ 20: Method: __do_global_ctors_aux
  6/ 20: 6/20: __do_global_ctors_aux (DONE:203ms)
  6/ 20: Method: proc1
  7/ 20: 7/20: proc1 (DONE:233ms)
  7/ 20: Method: sub_8048282
  8/ 20: 8/20: sub_8048282 (DONE:13ms)
  8/ 20: Method: sub_8048292
  9/ 20: 9/20: sub_8048292 (DONE:14ms)
  9/ 20: Method: sub_80482A2
 10/ 20: 10/20: sub_80482A2 (DONE:13ms)
 10/ 20: Method: _start
 11/ 20: 11/20: _start (DONE:52ms)
 11/ 20: Method: main
 12/ 20: 12/20: main (DONE:83ms)
 12/ 20: Method: frame_dummy
 13/ 20: 13/20: frame_dummy (DONE:55ms)
 13/ 20: Method: sub_804832E
 14/ 20: 14/20: sub_804832E (DONE:9ms)
 14/ 20: Method: call_gmon_start
 15/ 20: 15/20: call_gmon_start (DONE:86ms)
 15/ 20: Method: initializer_0
 16/ 20: 16/20: initializer_0 (DONE:55ms)
 16/ 20: Method: __libc_csu_init
 17/ 20: 17/20: __libc_csu_init (DONE:75ms)
 17/ 20: Method: finalizer_0
 18/ 20: 18/20: finalizer_0 (DONE:69ms)
 18/ 20: Method: __libc_csu_fini
 19/ 20: 19/20: __libc_csu_fini (DONE:36ms)
 19/ 20: Method: sub_804845E
 20/ 20: 20/20: sub_804845E (DONE:47ms)
1/1 DECOMPILATION ERROR: METHOD __libc_csu_fini: java.lang.RuntimeException: FAIL - unexpected condition
	at com.pnfsoftware.jeb.util.base.Assert.a(SourceFile:30)
	at com.pnfsoftware.jeb.util.base.Assert.a(SourceFile:42)
	at com.pnfsoftware.jebglobal.xk.registerAdditionalConvertedAddress(SourceFile:390)
	at com.pnfsoftware.jeb.core.units.code.asm.decompiler.AbstractConverter.insertReturns(SourceFile:1103)
	at com.pnfsoftware.jebglobal.cU.XP(SourceFile:67)
	at com.pnfsoftware.jebglobal.NV.Vo(SourceFile:115)
	at com.pnfsoftware.jebglobal.HK.FJ(SourceFile:181)
	at com.pnfsoftware.jebglobal.HK.Vo(SourceFile:134)
	at com.pnfsoftware.jebglobal.HK.Vo(SourceFile:121)
	at com.pnfsoftware.jebglobal.Qp.Vo(SourceFile:544)
	at com.pnfsoftware.jebglobal.Qp.Vo(SourceFile:344)
	at com.pnfsoftware.jebglobal.Ue.Vo(SourceFile:1119)
	at com.pnfsoftware.jebglobal.Ue.Vo(SourceFile:597)
	at com.pnfsoftware.jebglobal.Ue.Vo(SourceFile:519)
	at com.pnfsoftware.jebglobal.Ue.Vo(SourceFile:505)
	at com.pnfsoftware.jebglobal.Ue.decompileMethod(SourceFile:861)
	at com.pnfsoftware.jebglobal.Ue.decompileMethods(SourceFile:978)
	at com.pnfsoftware.jeb.core.units.code.asm.decompiler.NativeDecompilerExporter.process(SourceFile:100)
	at com.pnfsoftware.jeb.core.units.code.DecompilerExporter.export(SourceFile:223)
	at java.base/jdk.internal.reflect.NativeMethodAccessorImpl.invoke0(Native Method)
	at java.base/jdk.internal.reflect.NativeMethodAccessorImpl.invoke(NativeMethodAccessorImpl.java:64)
	at java.base/jdk.internal.reflect.DelegatingMethodAccessorImpl.invoke(DelegatingMethodAccessorImpl.java:43)
	at java.base/java.lang.reflect.Method.invoke(Method.java:564)
	at org.python.core.PyReflectedFunction.__call__(PyReflectedFunction.java:190)
	at org.python.core.PyReflectedFunction.__call__(PyReflectedFunction.java:208)
	at org.python.core.PyObject.__call__(PyObject.java:461)
	at org.python.core.PyObject.__call__(PyObject.java:465)
	at org.python.core.PyMethod.__call__(PyMethod.java:126)
	at jeb_DecompileFile$py.decompileCodeUnit$3(SUBJECTS/scripts/jeb_DecompileFile.py:103)
	at jeb_DecompileFile$py.call_function(SUBJECTS/scripts/jeb_DecompileFile.py)
	at org.python.core.PyTableCode.call(PyTableCode.java:173)
	at org.python.core.PyBaseCode.call(PyBaseCode.java:150)
	at org.python.core.PyFunction.__call__(PyFunction.java:426)
	at org.python.core.PyMethod.__call__(PyMethod.java:141)
	at jeb_DecompileFile$py.run$2(SUBJECTS/scripts/jeb_DecompileFile.py:65)
	at jeb_DecompileFile$py.call_function(SUBJECTS/scripts/jeb_DecompileFile.py)
	at org.python.core.PyTableCode.call(PyTableCode.java:173)
	at org.python.core.PyBaseCode.call(PyBaseCode.java:306)
	at org.python.core.PyBaseCode.call(PyBaseCode.java:197)
	at org.python.core.PyFunction.__call__(PyFunction.java:485)
	at org.python.core.PyMethod.instancemethod___call__(PyMethod.java:237)
	at org.python.core.PyMethod.__call__(PyMethod.java:228)
	at org.python.core.PyMethod.__call__(PyMethod.java:218)
	at org.python.core.PyMethod.__call__(PyMethod.java:213)
	at org.python.core.PyObject._jcallexc(PyObject.java:3565)
	at org.python.core.PyObject._jcall(PyObject.java:3598)
	at org.python.proxies.jeb_DecompileFile$jeb_DecompileFile$0.run(Unknown Source)
	at com.pnfsoftware.jeb.client.script.ScriptLoader.execute(SourceFile:143)
	at com.pnfsoftware.jeb.cP.start(SourceFile:74)
	at com.pnfsoftware.jeb.Launcher.main(SourceFile:254)

Exectime: 3.066000 sec
Done.
