Analyzing './from_snowman/other-006_just_mov/ia32_elf/subject.exe' as a x86 32 ELF binary file.

0 Procs, 0 Labels, 0 Branches, 0 / 0 kB covered
./from_snowman/other-006_just_mov/ia32_elf/subject.exe: no .debug_info section
./from_snowman/other-006_just_mov/ia32_elf/subject.exe: 6 sections starting at 0x000000D4
./from_snowman/other-006_just_mov/ia32_elf/subject.exe: section string table at 0x0000014C, 0x34 bytes
 Offset:  [ix]  Address    Size    Offset  Name
000000D4: [ 0] 00000000 00000000 00000000 
000000FC: [ 1] 08048074 00000024 00000074 .note.gnu.build-id
00000124: [ 2] 08048098 00000007 00000098 .text
0000014C: [ 3] 00000000 00000034 0000009F .shstrtab
00000174: [ 4] 00000000 00000070 000001C4 .symtab
0000019C: [ 5] 00000000 00000020 00000234 .strtab
Matching signatures...
0 Procs, 0 Labels, 0 Branches, 0 / 0 kB covered
0 Procs, 0 Labels, 0 Branches, 0 / 0 kB covered
Separating code and data...
0 Procs, 0 Labels, 0 Branches, 0 / 0 kB covered
0 Procs, 1 Labels, 0 Branches, 0 / 0 kB covered
0 Procs, 1 Labels, 0 Branches, 0 / 0 kB covered
0 Procs, 1 Labels, 0 Branches, 0 / 0 kB covered
0 Procs, 1 Labels, 0 Branches, 0 / 0 kB covered
Resolving indirect jumps...
0 Procs, 1 Labels, 0 Branches, 0 / 0 kB covered
0 Procs, 1 Labels, 0 Branches, 0 / 0 kB covered
Resolving constants and strings...
0 Procs, 1 Labels, 0 Branches, 0 / 0 kB covered
Discovering unreached functions...
0 Procs, 1 Labels, 0 Branches, 0 / 0 kB covered
Computing call tree...
0 Procs, 1 Labels, 0 Branches, 0 / 0 kB covered
Computing calling conventions...
0 Procs, 1 Labels, 0 Branches, 0 / 0 kB covered
Computing label cross-references...
0 Procs, 1 Labels, 0 Branches, 0 / 0 kB covered
File analysis complete.
0 Procs, 1 Labels, 0 Branches, 0 / 0 kB covered


Binary file (standard input) matches
