Running phase: Unpacking ( some time )
Running phase: Initialization ( some time )
Running phase: Providers initialization ( some time )
Running phase: Input binary to LLVM IR decoding ( some time )
Running phase: LLVM ( some time )
Running phase: x86 address spaces optimization ( some time )
Running phase: x87 fpu register analysis ( some time )
Running phase: Main function identification optimization ( some time )
Running phase: Libgcc idioms optimization ( some time )
Running phase: LLVM instruction optimization ( some time )
Running phase: Conditional branch optimization ( some time )
Running phase: Syscalls optimization ( some time )
Running phase: Stack optimization ( some time )
Running phase: Constants optimization ( some time )
Running phase: Function parameters and returns optimization ( some time )
Running phase: LLVM instruction optimization using RDA ( some time )
Running phase: LLVM instruction optimization ( some time )
Running phase: Simple types recovery optimization ( some time )
Running phase: Disassembly generation ( some time )
Running phase: Assembly mapping instruction removal ( some time )
Running phase: C++ class hierarchy optimization ( some time )
Running phase: Selected functions optimization ( some time )
Running phase: Unreachable functions optimization ( some time )
Running phase: LLVM instruction optimization ( some time )
Running phase: Make all registers local ( some time )
Running phase: Value protection optimization ( some time )
Running phase: LLVM ( some time )
Running phase: LLVM instruction optimization ( some time )
Running phase: Simple types recovery optimization ( some time )
Running phase: Stack pointer operations optimization ( some time )
Running phase: Instruction idioms optimization ( some time )
Running phase: LLVM ( some time )
Running phase: LLVM instruction optimization ( some time )
Running phase: Instruction idioms optimization ( some time )
Running phase: Phi removal ( some time )
Running phase: LLVM ( some time )
Running phase: Value protection optimization ( some time )
Running phase: Generate the current LLVM IR ( some time )
Running phase: Generate the current bitcode ( some time )
Running phase: LLVM IR -> HLL ( some time )
Running phase: initialization ( some time )
 -> loading the input config ( some time )
 -> creating the used HLL writer [c] ( some time )
 -> creating the used alias analysis [simple] ( some time )
 -> creating the used call info obtainer [optim] ( some time )
 -> creating the used evaluator of arithmetical expressions [c] ( some time )
 -> creating the used variable names generator [fruit] ( some time )
 -> creating the used variable renamer [readable] ( some time )
 -> creating the used semantics [libc,gcc-general,win-api] ( some time )
Running phase: conversion of LLVM IR into BIR ( some time )
 -> converting global variables ( some time )
 -> converting function main ( some time )
 -> converting function _inst_0_var_0 ( some time )
 -> converting function _inst_1_var_0 ( some time )
 -> converting function _inst_2_var_0 ( some time )
 -> converting function _inst_3_var_0 ( some time )
 -> converting function _inst_4_var_0 ( some time )
 -> converting function _inst_5_var_0 ( some time )
 -> converting function _inst_6_var_0 ( some time )
 -> converting function _inst_7_var_0 ( some time )
 -> converting function _inst_8_var_0 ( some time )
 -> converting function _inst_9_var_0 ( some time )
 -> converting function _inst_10_var_0 ( some time )
 -> converting function _inst_11_var_0 ( some time )
 -> converting function _inst_12_var_0 ( some time )
 -> converting function _inst_13_var_0 ( some time )
 -> converting function _inst_14_var_0 ( some time )
 -> converting function _inst_15_var_0 ( some time )
 -> converting function _inst_16_var_0 ( some time )
 -> converting function _inst_17_var_0 ( some time )
 -> converting function _inst_18_var_0 ( some time )
 -> converting function _inst_19_var_0 ( some time )
 -> converting function _inst_20_var_0 ( some time )
 -> converting function _inst_21_var_0 ( some time )
 -> converting function _inst_22_var_0 ( some time )
 -> converting function _inst_23_var_0 ( some time )
 -> converting function _inst_24_var_0 ( some time )
 -> converting function _inst_25_var_0 ( some time )
 -> converting function _inst_26_var_0 ( some time )
 -> converting function _inst_27_var_0 ( some time )
 -> converting function _inst_28_var_0 ( some time )
 -> converting function _inst_29_var_0 ( some time )
 -> converting function _inst_30_var_0 ( some time )
 -> converting function _inst_31_var_0 ( some time )
 -> converting function _inst_32_var_0 ( some time )
 -> converting function _inst_33_var_0 ( some time )
 -> converting function _inst_34_var_0 ( some time )
 -> converting function _inst_35_var_0 ( some time )
 -> converting function _inst_36_var_0 ( some time )
 -> converting function _inst_37_var_0 ( some time )
 -> converting function _inst_38_var_0 ( some time )
 -> converting function _inst_39_var_0 ( some time )
 -> converting function _inst_40_var_0 ( some time )
 -> converting function _inst_41_var_0 ( some time )
 -> converting function _inst_42_var_0 ( some time )
 -> converting function _inst_43_var_0 ( some time )
 -> converting function _inst_44_var_0 ( some time )
 -> converting function _inst_45_var_0 ( some time )
 -> converting function _inst_46_var_0 ( some time )
 -> converting function _inst_47_var_0 ( some time )
 -> converting function _inst_48_var_0 ( some time )
 -> converting function _inst_49_var_0 ( some time )
 -> converting function _inst_50_var_0 ( some time )
 -> converting function _inst_51_var_0 ( some time )
 -> converting function _inst_52_var_0 ( some time )
 -> converting function _inst_53_var_0 ( some time )
 -> converting function _inst_54_var_0 ( some time )
 -> converting function _inst_55_var_0 ( some time )
 -> converting function _inst_56_var_0 ( some time )
 -> converting function _inst_57_var_0 ( some time )
 -> converting function _inst_58_var_0 ( some time )
 -> converting function _inst_59_var_0 ( some time )
 -> converting function _inst_60_var_0 ( some time )
 -> converting function _inst_61_var_0 ( some time )
 -> converting function _inst_62_var_0 ( some time )
 -> converting function _inst_63_var_0 ( some time )
 -> converting function _inst_64_var_0 ( some time )
 -> converting function _inst_65_var_0 ( some time )
 -> converting function _inst_66_var_0 ( some time )
 -> converting function _inst_67_var_0 ( some time )
 -> converting function _inst_68_var_0 ( some time )
 -> converting function _inst_69_var_0 ( some time )
 -> converting function _inst_70_var_0 ( some time )
 -> converting function _inst_71_var_0 ( some time )
 -> converting function _inst_72_var_0 ( some time )
 -> converting function _inst_73_var_0 ( some time )
 -> converting function _inst_74_var_0 ( some time )
 -> converting function _inst_75_var_0 ( some time )
 -> converting function _inst_76_var_0 ( some time )
 -> converting function _inst_77_var_0 ( some time )
 -> converting function _inst_78_var_0 ( some time )
 -> converting function _inst_79_var_0 ( some time )
 -> converting function _inst_80_var_0 ( some time )
 -> converting function _inst_81_var_0 ( some time )
 -> converting function _inst_82_var_0 ( some time )
 -> converting function _inst_83_var_0 ( some time )
 -> converting function _inst_84_var_0 ( some time )
 -> converting function _inst_85_var_0 ( some time )
 -> converting function _inst_86_var_0 ( some time )
 -> converting function _inst_87_var_0 ( some time )
 -> converting function _inst_88_var_0 ( some time )
 -> converting function _inst_89_var_0 ( some time )
 -> converting function _inst_90_var_0 ( some time )
 -> converting function _inst_91_var_0 ( some time )
 -> converting function _inst_92_var_0 ( some time )
 -> converting function _inst_93_var_0 ( some time )
 -> converting function _inst_94_var_0 ( some time )
 -> converting function _inst_95_var_0 ( some time )
 -> converting function _inst_96_var_0 ( some time )
 -> converting function _inst_97_var_0 ( some time )
 -> converting function _inst_98_var_0 ( some time )
 -> converting function _inst_99_var_0 ( some time )
 -> converting function _inst_100_var_0 ( some time )
 -> converting function _inst_101_var_0 ( some time )
 -> converting function _inst_102_var_0 ( some time )
 -> converting function _inst_103_var_0 ( some time )
 -> converting function _inst_104_var_0 ( some time )
 -> converting function _inst_105_var_0 ( some time )
 -> converting function _inst_106_var_0 ( some time )
 -> converting function _inst_107_var_0 ( some time )
 -> converting function _inst_108_var_0 ( some time )
 -> converting function _inst_109_var_0 ( some time )
 -> converting function _inst_110_var_0 ( some time )
 -> converting function _inst_111_var_0 ( some time )
 -> converting function _inst_112_var_0 ( some time )
 -> converting function _inst_113_var_0 ( some time )
 -> converting function _inst_114_var_0 ( some time )
 -> converting function _inst_115_var_0 ( some time )
 -> converting function _inst_116_var_0 ( some time )
 -> converting function _inst_117_var_0 ( some time )
 -> converting function _inst_118_var_0 ( some time )
 -> converting function _inst_119_var_0 ( some time )
 -> converting function _inst_120_var_0 ( some time )
 -> converting function _inst_121_var_0 ( some time )
 -> converting function _inst_122_var_0 ( some time )
 -> converting function _inst_123_var_0 ( some time )
 -> converting function _inst_124_var_0 ( some time )
 -> converting function _inst_125_var_0 ( some time )
 -> converting function _inst_126_var_0 ( some time )
 -> converting function _inst_127_var_0 ( some time )
 -> converting function _inst_128_var_0 ( some time )
 -> converting function _inst_129_var_0 ( some time )
 -> converting function _inst_130_var_0 ( some time )
 -> converting function _inst_131_var_0 ( some time )
 -> converting function _inst_132_var_0 ( some time )
 -> converting function _inst_133_var_0 ( some time )
 -> converting function _inst_134_var_0 ( some time )
 -> converting function _inst_135_var_0 ( some time )
 -> converting function _inst_136_var_0 ( some time )
 -> converting function _inst_137_var_0 ( some time )
 -> converting function _inst_138_var_0 ( some time )
 -> converting function _inst_139_var_0 ( some time )
 -> converting function _inst_140_var_0 ( some time )
 -> converting function _inst_141_var_0 ( some time )
 -> converting function _inst_142_var_0 ( some time )
 -> converting function _inst_143_var_0 ( some time )
 -> converting function _inst_144_var_0 ( some time )
 -> converting function _inst_145_var_0 ( some time )
 -> converting function _inst_146_var_0 ( some time )
 -> converting function _inst_147_var_0 ( some time )
 -> converting function _inst_148_var_0 ( some time )
 -> converting function _inst_149_var_0 ( some time )
 -> converting function _inst_150_var_0 ( some time )
 -> converting function _inst_151_var_0 ( some time )
 -> converting function _inst_152_var_0 ( some time )
 -> converting function _inst_153_var_0 ( some time )
 -> converting function _inst_154_var_0 ( some time )
 -> converting function _inst_155_var_0 ( some time )
 -> converting function _inst_156_var_0 ( some time )
 -> converting function _inst_157_var_0 ( some time )
 -> converting function _inst_158_var_0 ( some time )
 -> converting function _inst_159_var_0 ( some time )
 -> converting function _inst_160_var_0 ( some time )
 -> converting function _inst_161_var_0 ( some time )
 -> converting function _inst_162_var_0 ( some time )
 -> converting function _inst_163_var_0 ( some time )
 -> converting function _inst_164_var_0 ( some time )
 -> converting function _inst_165_var_0 ( some time )
 -> converting function _inst_166_var_0 ( some time )
 -> converting function _inst_167_var_0 ( some time )
 -> converting function _inst_168_var_0 ( some time )
 -> converting function _inst_169_var_0 ( some time )
 -> converting function _inst_170_var_0 ( some time )
 -> converting function _inst_171_var_0 ( some time )
 -> converting function _inst_172_var_0 ( some time )
 -> converting function _inst_173_var_0 ( some time )
 -> converting function _inst_174_var_0 ( some time )
 -> converting function _inst_175_var_0 ( some time )
 -> converting function _inst_176_var_0 ( some time )
 -> converting function _inst_177_var_0 ( some time )
 -> converting function _inst_178_var_0 ( some time )
 -> converting function _inst_179_var_0 ( some time )
 -> converting function _inst_180_var_0 ( some time )
 -> converting function _inst_181_var_0 ( some time )
 -> converting function _inst_182_var_0 ( some time )
 -> converting function _inst_183_var_0 ( some time )
 -> converting function _inst_184_var_0 ( some time )
 -> converting function _inst_185_var_0 ( some time )
 -> converting function _inst_186_var_0 ( some time )
 -> converting function _inst_187_var_0 ( some time )
 -> converting function _inst_188_var_0 ( some time )
 -> converting function _inst_189_var_0 ( some time )
 -> converting function _inst_190_var_0 ( some time )
 -> converting function _inst_191_var_0 ( some time )
 -> converting function _inst_192_var_0 ( some time )
 -> converting function _inst_193_var_0 ( some time )
 -> converting function _inst_194_var_0 ( some time )
 -> converting function _inst_195_var_0 ( some time )
 -> converting function _inst_196_var_0 ( some time )
 -> converting function _inst_197_var_0 ( some time )
 -> converting function _inst_198_var_0 ( some time )
 -> converting function _inst_199_var_0 ( some time )
 -> converting function _inst_200_var_0 ( some time )
 -> converting function _inst_201_var_0 ( some time )
 -> converting function _inst_202_var_0 ( some time )
 -> converting function _inst_203_var_0 ( some time )
 -> converting function _inst_204_var_0 ( some time )
 -> converting function _inst_205_var_0 ( some time )
 -> converting function _inst_206_var_0 ( some time )
 -> converting function _inst_207_var_0 ( some time )
 -> converting function _inst_208_var_0 ( some time )
 -> converting function _inst_209_var_0 ( some time )
 -> converting function _inst_210_var_0 ( some time )
 -> converting function _inst_211_var_0 ( some time )
 -> converting function _inst_212_var_0 ( some time )
 -> converting function _inst_213_var_0 ( some time )
 -> converting function _inst_214_var_0 ( some time )
 -> converting function _inst_215_var_0 ( some time )
 -> converting function _inst_216_var_0 ( some time )
 -> converting function _inst_217_var_0 ( some time )
 -> converting function _inst_218_var_0 ( some time )
 -> converting function _inst_219_var_0 ( some time )
 -> converting function _inst_220_var_0 ( some time )
 -> converting function _inst_221_var_0 ( some time )
 -> converting function _inst_222_var_0 ( some time )
 -> converting function _inst_223_var_0 ( some time )
 -> converting function _inst_224_var_0 ( some time )
 -> converting function _inst_225_var_0 ( some time )
 -> converting function _inst_226_var_0 ( some time )
 -> converting function _inst_227_var_0 ( some time )
 -> converting function _inst_228_var_0 ( some time )
 -> converting function _inst_229_var_0 ( some time )
 -> converting function _inst_230_var_0 ( some time )
 -> converting function _inst_231_var_0 ( some time )
 -> converting function _inst_232_var_0 ( some time )
 -> converting function _inst_233_var_0 ( some time )
 -> converting function _inst_234_var_0 ( some time )
 -> converting function _inst_235_var_0 ( some time )
 -> converting function _inst_236_var_0 ( some time )
 -> converting function _inst_237_var_0 ( some time )
 -> converting function _inst_238_var_0 ( some time )
 -> converting function _inst_239_var_0 ( some time )
 -> converting function _inst_240_var_0 ( some time )
 -> converting function _inst_241_var_0 ( some time )
 -> converting function _inst_242_var_0 ( some time )
 -> converting function _inst_243_var_0 ( some time )
 -> converting function _inst_244_var_0 ( some time )
 -> converting function _inst_245_var_0 ( some time )
 -> converting function _inst_246_var_0 ( some time )
 -> converting function _inst_247_var_0 ( some time )
 -> converting function _inst_248_var_0 ( some time )
 -> converting function _inst_249_var_0 ( some time )
 -> converting function _inst_250_var_0 ( some time )
 -> converting function _inst_251_var_0 ( some time )
 -> converting function _inst_252_var_0 ( some time )
 -> converting function _inst_253_var_0 ( some time )
 -> converting function _inst_254_var_0 ( some time )
 -> converting function _inst_255_var_0 ( some time )
 -> converting function _inst_256_var_0 ( some time )
 -> converting function _inst_257_var_0 ( some time )
 -> converting function _inst_258_var_0 ( some time )
 -> converting function _inst_259_var_0 ( some time )
 -> converting function _inst_260_var_0 ( some time )
 -> converting function _inst_261_var_0 ( some time )
 -> converting function _inst_262_var_0 ( some time )
 -> converting function _inst_263_var_0 ( some time )
 -> converting function _inst_264_var_0 ( some time )
 -> converting function _inst_265_var_0 ( some time )
 -> converting function _inst_266_var_0 ( some time )
 -> converting function _inst_267_var_0 ( some time )
 -> converting function _inst_268_var_0 ( some time )
 -> converting function _inst_269_var_0 ( some time )
 -> converting function _inst_270_var_0 ( some time )
 -> converting function _inst_271_var_0 ( some time )
 -> converting function _inst_272_var_0 ( some time )
 -> converting function _inst_273_var_0 ( some time )
 -> converting function _inst_274_var_0 ( some time )
 -> converting function _inst_275_var_0 ( some time )
 -> converting function _inst_276_var_0 ( some time )
 -> converting function _inst_277_var_0 ( some time )
 -> converting function _inst_278_var_0 ( some time )
 -> converting function _inst_279_var_0 ( some time )
 -> converting function _inst_280_var_0 ( some time )
 -> converting function _inst_281_var_0 ( some time )
 -> converting function _inst_282_var_0 ( some time )
 -> converting function _inst_283_var_0 ( some time )
 -> converting function _inst_284_var_0 ( some time )
 -> converting function _inst_285_var_0 ( some time )
 -> converting function _inst_286_var_0 ( some time )
 -> converting function _inst_287_var_0 ( some time )
 -> converting function _inst_288_var_0 ( some time )
 -> converting function _inst_289_var_0 ( some time )
 -> converting function _inst_290_var_0 ( some time )
 -> converting function _inst_291_var_0 ( some time )
 -> converting function _inst_292_var_0 ( some time )
 -> converting function _inst_293_var_0 ( some time )
 -> converting function _inst_294_var_0 ( some time )
 -> converting function _inst_295_var_0 ( some time )
 -> converting function _inst_296_var_0 ( some time )
 -> converting function _inst_297_var_0 ( some time )
 -> converting function _inst_298_var_0 ( some time )
 -> converting function _inst_299_var_0 ( some time )
 -> converting function _inst_300_var_0 ( some time )
 -> converting function _inst_301_var_0 ( some time )
 -> converting function _inst_302_var_0 ( some time )
 -> converting function _inst_303_var_0 ( some time )
 -> converting function _inst_304_var_0 ( some time )
 -> converting function _inst_305_var_0 ( some time )
 -> converting function _inst_306_var_0 ( some time )
 -> converting function _inst_307_var_0 ( some time )
 -> converting function _inst_308_var_0 ( some time )
 -> converting function _inst_309_var_0 ( some time )
 -> converting function _inst_310_var_0 ( some time )
 -> converting function _inst_311_var_0 ( some time )
 -> converting function _inst_312_var_0 ( some time )
 -> converting function _inst_313_var_0 ( some time )
 -> converting function _inst_314_var_0 ( some time )
 -> converting function _inst_315_var_0 ( some time )
 -> converting function _inst_316_var_0 ( some time )
 -> converting function _inst_317_var_0 ( some time )
 -> converting function _inst_318_var_0 ( some time )
 -> converting function _inst_319_var_0 ( some time )
 -> converting function _inst_320_var_0 ( some time )
 -> converting function _inst_321_var_0 ( some time )
 -> converting function _inst_322_var_0 ( some time )
 -> converting function _inst_323_var_0 ( some time )
 -> converting function _inst_324_var_0 ( some time )
 -> converting function _inst_325_var_0 ( some time )
 -> converting function _inst_326_var_0 ( some time )
 -> converting function _inst_327_var_0 ( some time )
 -> converting function _inst_328_var_0 ( some time )
 -> converting function _inst_329_var_0 ( some time )
 -> converting function _inst_330_var_0 ( some time )
 -> converting function _inst_331_var_0 ( some time )
 -> converting function _inst_332_var_0 ( some time )
 -> converting function _inst_333_var_0 ( some time )
 -> converting function _inst_334_var_0 ( some time )
 -> converting function _inst_335_var_0 ( some time )
 -> converting function _inst_336_var_0 ( some time )
 -> converting function _inst_337_var_0 ( some time )
 -> converting function _inst_338_var_0 ( some time )
 -> converting function _inst_339_var_0 ( some time )
 -> converting function _inst_340_var_0 ( some time )
 -> converting function _inst_341_var_0 ( some time )
 -> converting function _inst_342_var_0 ( some time )
 -> converting function _inst_343_var_0 ( some time )
 -> converting function _inst_344_var_0 ( some time )
 -> converting function _inst_345_var_0 ( some time )
 -> converting function _inst_346_var_0 ( some time )
 -> converting function _inst_347_var_0 ( some time )
 -> converting function _inst_348_var_0 ( some time )
 -> converting function _inst_349_var_0 ( some time )
 -> converting function _inst_350_var_0 ( some time )
 -> converting function _inst_351_var_0 ( some time )
 -> converting function _inst_352_var_0 ( some time )
 -> converting function _inst_353_var_0 ( some time )
 -> converting function _inst_354_var_0 ( some time )
 -> converting function _inst_355_var_0 ( some time )
 -> converting function _inst_356_var_0 ( some time )
 -> converting function _inst_357_var_0 ( some time )
 -> converting function _inst_358_var_0 ( some time )
 -> converting function _inst_359_var_0 ( some time )
 -> converting function _inst_360_var_0 ( some time )
 -> converting function _inst_361_var_0 ( some time )
 -> converting function _inst_362_var_0 ( some time )
 -> converting function _inst_363_var_0 ( some time )
 -> converting function _inst_364_var_0 ( some time )
 -> converting function _inst_365_var_0 ( some time )
 -> converting function _inst_366_var_0 ( some time )
 -> converting function _inst_367_var_0 ( some time )
 -> converting function _inst_368_var_0 ( some time )
 -> converting function _inst_369_var_0 ( some time )
 -> converting function _inst_370_var_0 ( some time )
 -> converting function _inst_371_var_0 ( some time )
 -> converting function _inst_372_var_0 ( some time )
 -> converting function _inst_373_var_0 ( some time )
 -> converting function _inst_374_var_0 ( some time )
 -> converting function _inst_375_var_0 ( some time )
 -> converting function _inst_376_var_0 ( some time )
 -> converting function _inst_377_var_0 ( some time )
 -> converting function _inst_378_var_0 ( some time )
 -> converting function _inst_379_var_0 ( some time )
 -> converting function _inst_380_var_0 ( some time )
 -> converting function _inst_381_var_0 ( some time )
 -> converting function _inst_382_var_0 ( some time )
 -> converting function _inst_383_var_0 ( some time )
 -> converting function _inst_384_var_0 ( some time )
 -> converting function _inst_385_var_0 ( some time )
 -> converting function _inst_386_var_0 ( some time )
 -> converting function _inst_387_var_0 ( some time )
 -> converting function _inst_388_var_0 ( some time )
 -> converting function _inst_389_var_0 ( some time )
 -> converting function _inst_390_var_0 ( some time )
 -> converting function _inst_391_var_0 ( some time )
 -> converting function _inst_392_var_0 ( some time )
 -> converting function _inst_393_var_0 ( some time )
 -> converting function _inst_394_var_0 ( some time )
 -> converting function _inst_395_var_0 ( some time )
 -> converting function _inst_396_var_0 ( some time )
 -> converting function _inst_397_var_0 ( some time )
 -> converting function _inst_398_var_0 ( some time )
 -> converting function _inst_399_var_0 ( some time )
 -> converting function _inst_400_var_0 ( some time )
 -> converting function _inst_401_var_0 ( some time )
 -> converting function _inst_402_var_0 ( some time )
 -> converting function _inst_403_var_0 ( some time )
 -> converting function _inst_404_var_0 ( some time )
 -> converting function _inst_405_var_0 ( some time )
 -> converting function _inst_406_var_0 ( some time )
 -> converting function _inst_407_var_0 ( some time )
 -> converting function _inst_408_var_0 ( some time )
 -> converting function _inst_409_var_0 ( some time )
 -> converting function _inst_410_var_0 ( some time )
 -> converting function _inst_411_var_0 ( some time )
 -> converting function _inst_412_var_0 ( some time )
 -> converting function _inst_413_var_0 ( some time )
 -> converting function _inst_414_var_0 ( some time )
 -> converting function _inst_415_var_0 ( some time )
 -> converting function _inst_416_var_0 ( some time )
 -> converting function _inst_417_var_0 ( some time )
 -> converting function _inst_418_var_0 ( some time )
 -> converting function _inst_419_var_0 ( some time )
 -> converting function _inst_420_var_0 ( some time )
 -> converting function _inst_421_var_0 ( some time )
 -> converting function _inst_422_var_0 ( some time )
 -> converting function _inst_423_var_0 ( some time )
 -> converting function _inst_424_var_0 ( some time )
 -> converting function _inst_425_var_0 ( some time )
 -> converting function _inst_426_var_0 ( some time )
 -> converting function _inst_427_var_0 ( some time )
 -> converting function _inst_428_var_0 ( some time )
 -> converting function _inst_429_var_0 ( some time )
 -> converting function _inst_430_var_0 ( some time )
 -> converting function _inst_431_var_0 ( some time )
 -> converting function _inst_432_var_0 ( some time )
 -> converting function _inst_433_var_0 ( some time )
 -> converting function _inst_434_var_0 ( some time )
 -> converting function _inst_435_var_0 ( some time )
 -> converting function _inst_436_var_0 ( some time )
 -> converting function _inst_437_var_0 ( some time )
 -> converting function _inst_438_var_0 ( some time )
 -> converting function _inst_439_var_0 ( some time )
 -> converting function _inst_440_var_0 ( some time )
 -> converting function _inst_441_var_0 ( some time )
 -> converting function _inst_442_var_0 ( some time )
 -> converting function _inst_443_var_0 ( some time )
 -> converting function _inst_444_var_0 ( some time )
 -> converting function _inst_445_var_0 ( some time )
 -> converting function _inst_446_var_0 ( some time )
 -> converting function _inst_447_var_0 ( some time )
 -> converting function _inst_448_var_0 ( some time )
 -> converting function _inst_449_var_0 ( some time )
 -> converting function _inst_450_var_0 ( some time )
 -> converting function _inst_451_var_0 ( some time )
 -> converting function _inst_452_var_0 ( some time )
 -> converting function _inst_453_var_0 ( some time )
 -> converting function _inst_454_var_0 ( some time )
 -> converting function _inst_455_var_0 ( some time )
 -> converting function _inst_456_var_0 ( some time )
 -> converting function _inst_457_var_0 ( some time )
 -> converting function _inst_458_var_0 ( some time )
 -> converting function _inst_459_var_0 ( some time )
 -> converting function _inst_460_var_0 ( some time )
 -> converting function _inst_461_var_0 ( some time )
 -> converting function _inst_462_var_0 ( some time )
 -> converting function _inst_463_var_0 ( some time )
 -> converting function _inst_464_var_0 ( some time )
 -> converting function _inst_465_var_0 ( some time )
 -> converting function _inst_466_var_0 ( some time )
 -> converting function _inst_467_var_0 ( some time )
 -> converting function _inst_468_var_0 ( some time )
 -> converting function _inst_469_var_0 ( some time )
 -> converting function _inst_470_var_0 ( some time )
 -> converting function _inst_471_var_0 ( some time )
 -> converting function _inst_472_var_0 ( some time )
 -> converting function _inst_473_var_0 ( some time )
 -> converting function _inst_474_var_0 ( some time )
 -> converting function _inst_475_var_0 ( some time )
 -> converting function _inst_476_var_0 ( some time )
 -> converting function _inst_477_var_0 ( some time )
 -> converting function _inst_478_var_0 ( some time )
 -> converting function _inst_479_var_0 ( some time )
 -> converting function _inst_480_var_0 ( some time )
 -> converting function _inst_481_var_0 ( some time )
 -> converting function _inst_482_var_0 ( some time )
 -> converting function _inst_483_var_0 ( some time )
 -> converting function _inst_484_var_0 ( some time )
 -> converting function _inst_485_var_0 ( some time )
 -> converting function _inst_486_var_0 ( some time )
 -> converting function _inst_487_var_0 ( some time )
 -> converting function _inst_488_var_0 ( some time )
 -> converting function _inst_489_var_0 ( some time )
 -> converting function _inst_490_var_0 ( some time )
 -> converting function _inst_491_var_0 ( some time )
 -> converting function _inst_492_var_0 ( some time )
 -> converting function _inst_493_var_0 ( some time )
 -> converting function _inst_494_var_0 ( some time )
 -> converting function _inst_495_var_0 ( some time )
 -> converting function _inst_496_var_0 ( some time )
 -> converting function _inst_497_var_0 ( some time )
 -> converting function _inst_498_var_0 ( some time )
 -> converting function _inst_499_var_0 ( some time )
 -> converting function _inst_500_var_0 ( some time )
 -> converting function _inst_501_var_0 ( some time )
 -> converting function _inst_502_var_0 ( some time )
 -> converting function _inst_503_var_0 ( some time )
 -> converting function _inst_504_var_0 ( some time )
 -> converting function _inst_505_var_0 ( some time )
 -> converting function _inst_506_var_0 ( some time )
 -> converting function _inst_507_var_0 ( some time )
 -> converting function _inst_508_var_0 ( some time )
 -> converting function _inst_509_var_0 ( some time )
 -> converting function _inst_510_var_0 ( some time )
 -> converting function _inst_511_var_0 ( some time )
 -> converting function _inst_512_var_0 ( some time )
 -> converting function _inst_513_var_0 ( some time )
 -> converting function _inst_514_var_0 ( some time )
 -> converting function _inst_515_var_0 ( some time )
 -> converting function _inst_516_var_0 ( some time )
 -> converting function _inst_517_var_0 ( some time )
 -> converting function _inst_518_var_0 ( some time )
 -> converting function _inst_519_var_0 ( some time )
 -> converting function _inst_520_var_0 ( some time )
 -> converting function _inst_521_var_0 ( some time )
 -> converting function _inst_522_var_0 ( some time )
 -> converting function _inst_523_var_0 ( some time )
 -> converting function _inst_524_var_0 ( some time )
 -> converting function _inst_525_var_0 ( some time )
 -> converting function _inst_526_var_0 ( some time )
 -> converting function _inst_527_var_0 ( some time )
 -> converting function _inst_528_var_0 ( some time )
 -> converting function _inst_529_var_0 ( some time )
 -> converting function _inst_530_var_0 ( some time )
 -> converting function _inst_531_var_0 ( some time )
 -> converting function _inst_532_var_0 ( some time )
 -> converting function _inst_533_var_0 ( some time )
 -> converting function _inst_534_var_0 ( some time )
 -> converting function _inst_535_var_0 ( some time )
 -> converting function _inst_536_var_0 ( some time )
 -> converting function _inst_537_var_0 ( some time )
 -> converting function _inst_538_var_0 ( some time )
 -> converting function _inst_539_var_0 ( some time )
 -> converting function _inst_540_var_0 ( some time )
 -> converting function _inst_541_var_0 ( some time )
 -> converting function _inst_542_var_0 ( some time )
 -> converting function _inst_543_var_0 ( some time )
 -> converting function _inst_544_var_0 ( some time )
 -> converting function _inst_545_var_0 ( some time )
 -> converting function _inst_546_var_0 ( some time )
 -> converting function _inst_547_var_0 ( some time )
 -> converting function _inst_548_var_0 ( some time )
 -> converting function _inst_549_var_0 ( some time )
 -> converting function _inst_550_var_0 ( some time )
 -> converting function _inst_551_var_0 ( some time )
 -> converting function _inst_552_var_0 ( some time )
 -> converting function _inst_553_var_0 ( some time )
 -> converting function _inst_554_var_0 ( some time )
 -> converting function _inst_555_var_0 ( some time )
 -> converting function _inst_556_var_0 ( some time )
 -> converting function _inst_557_var_0 ( some time )
 -> converting function _inst_558_var_0 ( some time )
 -> converting function _inst_559_var_0 ( some time )
 -> converting function _inst_560_var_0 ( some time )
 -> converting function _inst_561_var_0 ( some time )
 -> converting function _inst_562_var_0 ( some time )
 -> converting function _inst_563_var_0 ( some time )
 -> converting function _inst_564_var_0 ( some time )
 -> converting function _inst_565_var_0 ( some time )
 -> converting function _inst_566_var_0 ( some time )
 -> converting function _inst_567_var_0 ( some time )
 -> converting function _inst_568_var_0 ( some time )
 -> converting function _inst_569_var_0 ( some time )
 -> converting function _inst_570_var_0 ( some time )
 -> converting function _inst_571_var_0 ( some time )
 -> converting function _inst_572_var_0 ( some time )
 -> converting function _inst_573_var_0 ( some time )
 -> converting function _inst_574_var_0 ( some time )
 -> converting function _inst_575_var_0 ( some time )
 -> converting function _inst_576_var_0 ( some time )
 -> converting function _inst_577_var_0 ( some time )
 -> converting function _inst_578_var_0 ( some time )
 -> converting function _inst_579_var_0 ( some time )
 -> converting function _inst_580_var_0 ( some time )
 -> converting function _inst_581_var_0 ( some time )
 -> converting function _inst_582_var_0 ( some time )
 -> converting function _inst_583_var_0 ( some time )
 -> converting function _inst_584_var_0 ( some time )
 -> converting function _inst_585_var_0 ( some time )
 -> converting function _inst_586_var_0 ( some time )
 -> converting function _inst_587_var_0 ( some time )
 -> converting function _inst_588_var_0 ( some time )
 -> converting function _inst_589_var_0 ( some time )
 -> converting function _inst_590_var_0 ( some time )
 -> converting function _inst_591_var_0 ( some time )
 -> converting function _inst_592_var_0 ( some time )
 -> converting function _inst_593_var_0 ( some time )
 -> converting function _inst_594_var_0 ( some time )
 -> converting function _inst_595_var_0 ( some time )
 -> converting function _inst_596_var_0 ( some time )
 -> converting function _inst_597_var_0 ( some time )
 -> converting function _inst_598_var_0 ( some time )
 -> converting function _inst_599_var_0 ( some time )
 -> converting function _inst_600_var_0 ( some time )
 -> converting function _inst_601_var_0 ( some time )
 -> converting function _inst_602_var_0 ( some time )
 -> converting function _inst_603_var_0 ( some time )
 -> converting function _inst_604_var_0 ( some time )
 -> converting function _inst_605_var_0 ( some time )
 -> converting function _inst_606_var_0 ( some time )
 -> converting function _inst_607_var_0 ( some time )
 -> converting function _inst_608_var_0 ( some time )
 -> converting function _inst_609_var_0 ( some time )
 -> converting function _inst_610_var_0 ( some time )
 -> converting function _inst_611_var_0 ( some time )
 -> converting function _inst_612_var_0 ( some time )
 -> converting function _inst_613_var_0 ( some time )
 -> converting function _inst_614_var_0 ( some time )
 -> converting function _inst_615_var_0 ( some time )
 -> converting function _inst_616_var_0 ( some time )
 -> converting function _inst_617_var_0 ( some time )
 -> converting function _inst_618_var_0 ( some time )
 -> converting function _inst_619_var_0 ( some time )
 -> converting function _inst_620_var_0 ( some time )
 -> converting function _inst_621_var_0 ( some time )
 -> converting function _inst_622_var_0 ( some time )
 -> converting function _inst_623_var_0 ( some time )
 -> converting function _inst_624_var_0 ( some time )
 -> converting function _inst_625_var_0 ( some time )
 -> converting function _inst_626_var_0 ( some time )
 -> converting function _inst_627_var_0 ( some time )
 -> converting function _inst_628_var_0 ( some time )
 -> converting function _inst_629_var_0 ( some time )
 -> converting function _inst_630_var_0 ( some time )
 -> converting function _inst_631_var_0 ( some time )
 -> converting function _inst_632_var_0 ( some time )
 -> converting function _inst_633_var_0 ( some time )
 -> converting function _inst_634_var_0 ( some time )
 -> converting function _inst_635_var_0 ( some time )
 -> converting function _inst_636_var_0 ( some time )
 -> converting function _inst_637_var_0 ( some time )
 -> converting function _inst_638_var_0 ( some time )
 -> converting function _inst_639_var_0 ( some time )
 -> converting function _inst_640_var_0 ( some time )
 -> converting function _inst_641_var_0 ( some time )
 -> converting function _inst_642_var_0 ( some time )
 -> converting function _inst_643_var_0 ( some time )
 -> converting function _inst_644_var_0 ( some time )
 -> converting function _inst_645_var_0 ( some time )
 -> converting function _inst_646_var_0 ( some time )
 -> converting function _inst_647_var_0 ( some time )
 -> converting function _inst_648_var_0 ( some time )
 -> converting function _inst_649_var_0 ( some time )
 -> converting function _inst_650_var_0 ( some time )
 -> converting function _inst_651_var_0 ( some time )
 -> converting function _inst_652_var_0 ( some time )
 -> converting function _inst_653_var_0 ( some time )
 -> converting function _inst_654_var_0 ( some time )
 -> converting function _inst_655_var_0 ( some time )
 -> converting function _inst_656_var_0 ( some time )
 -> converting function _inst_657_var_0 ( some time )
 -> converting function _inst_658_var_0 ( some time )
 -> converting function _inst_659_var_0 ( some time )
 -> converting function _inst_660_var_0 ( some time )
 -> converting function _inst_661_var_0 ( some time )
 -> converting function _inst_662_var_0 ( some time )
 -> converting function _inst_663_var_0 ( some time )
 -> converting function _inst_664_var_0 ( some time )
 -> converting function _inst_665_var_0 ( some time )
 -> converting function _inst_666_var_0 ( some time )
 -> converting function _inst_667_var_0 ( some time )
 -> converting function _inst_668_var_0 ( some time )
 -> converting function _inst_669_var_0 ( some time )
 -> converting function _inst_670_var_0 ( some time )
 -> converting function _inst_671_var_0 ( some time )
 -> converting function _inst_672_var_0 ( some time )
 -> converting function _inst_673_var_0 ( some time )
 -> converting function _inst_674_var_0 ( some time )
 -> converting function _inst_675_var_0 ( some time )
 -> converting function _inst_676_var_0 ( some time )
 -> converting function _inst_677_var_0 ( some time )
 -> converting function _inst_678_var_0 ( some time )
 -> converting function _inst_679_var_0 ( some time )
 -> converting function _inst_680_var_0 ( some time )
 -> converting function _inst_681_var_0 ( some time )
 -> converting function _inst_682_var_0 ( some time )
 -> converting function _inst_683_var_0 ( some time )
 -> converting function _inst_684_var_0 ( some time )
 -> converting function _inst_685_var_0 ( some time )
 -> converting function _inst_686_var_0 ( some time )
 -> converting function _inst_687_var_0 ( some time )
 -> converting function _inst_688_var_0 ( some time )
 -> converting function _inst_689_var_0 ( some time )
 -> converting function _inst_690_var_0 ( some time )
 -> converting function _inst_691_var_0 ( some time )
 -> converting function _inst_692_var_0 ( some time )
 -> converting function _inst_693_var_0 ( some time )
 -> converting function _inst_694_var_0 ( some time )
 -> converting function _inst_695_var_0 ( some time )
 -> converting function _inst_696_var_0 ( some time )
 -> converting function _inst_697_var_0 ( some time )
 -> converting function _inst_698_var_0 ( some time )
 -> converting function _inst_699_var_0 ( some time )
 -> converting function _inst_700_var_0 ( some time )
 -> converting function _inst_701_var_0 ( some time )
 -> converting function _inst_702_var_0 ( some time )
 -> converting function _inst_703_var_0 ( some time )
 -> converting function _inst_704_var_0 ( some time )
 -> converting function _inst_705_var_0 ( some time )
 -> converting function _inst_706_var_0 ( some time )
 -> converting function _inst_707_var_0 ( some time )
 -> converting function _inst_708_var_0 ( some time )
 -> converting function _inst_709_var_0 ( some time )
 -> converting function _inst_710_var_0 ( some time )
 -> converting function _inst_711_var_0 ( some time )
 -> converting function _inst_712_var_0 ( some time )
 -> converting function _inst_713_var_0 ( some time )
 -> converting function _inst_714_var_0 ( some time )
 -> converting function _inst_715_var_0 ( some time )
 -> converting function _inst_716_var_0 ( some time )
 -> converting function _inst_717_var_0 ( some time )
 -> converting function _inst_718_var_0 ( some time )
 -> converting function _inst_719_var_0 ( some time )
 -> converting function _inst_720_var_0 ( some time )
 -> converting function _inst_721_var_0 ( some time )
 -> converting function _inst_722_var_0 ( some time )
 -> converting function _inst_723_var_0 ( some time )
 -> converting function _inst_724_var_0 ( some time )
 -> converting function _inst_725_var_0 ( some time )
 -> converting function _inst_726_var_0 ( some time )
 -> converting function _inst_727_var_0 ( some time )
 -> converting function _inst_728_var_0 ( some time )
 -> converting function _inst_729_var_0 ( some time )
 -> converting function _inst_730_var_0 ( some time )
 -> converting function _inst_731_var_0 ( some time )
 -> converting function _inst_732_var_0 ( some time )
 -> converting function _inst_733_var_0 ( some time )
 -> converting function _inst_734_var_0 ( some time )
 -> converting function _inst_735_var_0 ( some time )
 -> converting function _inst_736_var_0 ( some time )
 -> converting function _inst_737_var_0 ( some time )
 -> converting function _inst_738_var_0 ( some time )
 -> converting function _inst_739_var_0 ( some time )
 -> converting function _inst_740_var_0 ( some time )
 -> converting function _inst_741_var_0 ( some time )
 -> converting function _inst_742_var_0 ( some time )
 -> converting function _inst_743_var_0 ( some time )
 -> converting function _inst_744_var_0 ( some time )
 -> converting function _inst_745_var_0 ( some time )
 -> converting function _inst_746_var_0 ( some time )
 -> converting function _inst_747_var_0 ( some time )
 -> converting function _inst_748_var_0 ( some time )
 -> converting function _inst_749_var_0 ( some time )
 -> converting function _inst_750_var_0 ( some time )
 -> converting function _inst_751_var_0 ( some time )
 -> converting function _inst_752_var_0 ( some time )
 -> converting function _inst_753_var_0 ( some time )
 -> converting function _inst_754_var_0 ( some time )
 -> converting function _inst_755_var_0 ( some time )
 -> converting function _inst_756_var_0 ( some time )
 -> converting function _inst_757_var_0 ( some time )
 -> converting function _inst_758_var_0 ( some time )
 -> converting function _inst_759_var_0 ( some time )
 -> converting function _inst_760_var_0 ( some time )
 -> converting function _inst_761_var_0 ( some time )
 -> converting function _inst_762_var_0 ( some time )
 -> converting function _inst_763_var_0 ( some time )
 -> converting function _inst_764_var_0 ( some time )
 -> converting function _inst_765_var_0 ( some time )
 -> converting function _inst_766_var_0 ( some time )
 -> converting function _inst_767_var_0 ( some time )
 -> converting function _inst_768_var_0 ( some time )
 -> converting function _inst_769_var_0 ( some time )
 -> converting function _inst_770_var_0 ( some time )
 -> converting function _inst_771_var_0 ( some time )
 -> converting function _inst_772_var_0 ( some time )
 -> converting function _inst_773_var_0 ( some time )
 -> converting function _inst_774_var_0 ( some time )
 -> converting function _inst_775_var_0 ( some time )
 -> converting function _inst_776_var_0 ( some time )
 -> converting function _inst_777_var_0 ( some time )
 -> converting function _inst_778_var_0 ( some time )
 -> converting function _inst_779_var_0 ( some time )
 -> converting function _inst_780_var_0 ( some time )
 -> converting function _inst_781_var_0 ( some time )
 -> converting function _inst_782_var_0 ( some time )
 -> converting function _inst_783_var_0 ( some time )
 -> converting function _inst_784_var_0 ( some time )
 -> converting function _inst_785_var_0 ( some time )
 -> converting function _inst_786_var_0 ( some time )
 -> converting function _inst_787_var_0 ( some time )
 -> converting function _inst_788_var_0 ( some time )
 -> converting function _inst_789_var_0 ( some time )
 -> converting function _inst_790_var_0 ( some time )
 -> converting function _inst_791_var_0 ( some time )
 -> converting function _inst_792_var_0 ( some time )
 -> converting function _inst_793_var_0 ( some time )
 -> converting function _inst_794_var_0 ( some time )
 -> converting function _inst_795_var_0 ( some time )
 -> converting function _inst_796_var_0 ( some time )
 -> converting function _inst_797_var_0 ( some time )
 -> converting function _inst_798_var_0 ( some time )
 -> converting function _inst_799_var_0 ( some time )
 -> converting function _inst_800_var_0 ( some time )
 -> converting function _inst_801_var_0 ( some time )
 -> converting function _inst_802_var_0 ( some time )
 -> converting function _inst_803_var_0 ( some time )
 -> converting function _inst_804_var_0 ( some time )
 -> converting function _inst_805_var_0 ( some time )
 -> converting function _inst_806_var_0 ( some time )
 -> converting function _inst_807_var_0 ( some time )
 -> converting function _inst_808_var_0 ( some time )
 -> converting function _inst_809_var_0 ( some time )
 -> converting function _inst_810_var_0 ( some time )
 -> converting function _inst_811_var_0 ( some time )
 -> converting function _inst_812_var_0 ( some time )
 -> converting function _inst_813_var_0 ( some time )
 -> converting function _inst_814_var_0 ( some time )
 -> converting function _inst_815_var_0 ( some time )
 -> converting function _inst_816_var_0 ( some time )
 -> converting function _inst_817_var_0 ( some time )
 -> converting function _inst_818_var_0 ( some time )
 -> converting function _inst_819_var_0 ( some time )
 -> converting function _inst_820_var_0 ( some time )
 -> converting function _inst_821_var_0 ( some time )
 -> converting function _inst_822_var_0 ( some time )
 -> converting function _inst_823_var_0 ( some time )
 -> converting function _inst_824_var_0 ( some time )
 -> converting function _inst_825_var_0 ( some time )
 -> converting function _inst_826_var_0 ( some time )
 -> converting function _inst_827_var_0 ( some time )
 -> converting function _inst_828_var_0 ( some time )
 -> converting function _inst_829_var_0 ( some time )
 -> converting function _inst_830_var_0 ( some time )
 -> converting function _inst_831_var_0 ( some time )
 -> converting function _inst_832_var_0 ( some time )
 -> converting function _inst_833_var_0 ( some time )
 -> converting function _inst_834_var_0 ( some time )
 -> converting function _inst_835_var_0 ( some time )
 -> converting function _inst_836_var_0 ( some time )
 -> converting function _inst_837_var_0 ( some time )
 -> converting function _inst_838_var_0 ( some time )
 -> converting function _inst_839_var_0 ( some time )
 -> converting function _inst_840_var_0 ( some time )
 -> converting function _inst_841_var_0 ( some time )
 -> converting function _inst_842_var_0 ( some time )
 -> converting function _inst_843_var_0 ( some time )
 -> converting function _inst_844_var_0 ( some time )
 -> converting function _inst_845_var_0 ( some time )
 -> converting function _inst_846_var_0 ( some time )
 -> converting function _inst_847_var_0 ( some time )
 -> converting function _inst_848_var_0 ( some time )
 -> converting function _inst_849_var_0 ( some time )
 -> converting function _inst_850_var_0 ( some time )
 -> converting function _inst_851_var_0 ( some time )
 -> converting function _inst_852_var_0 ( some time )
 -> converting function _inst_853_var_0 ( some time )
 -> converting function _inst_854_var_0 ( some time )
 -> converting function _inst_855_var_0 ( some time )
 -> converting function _inst_856_var_0 ( some time )
 -> converting function _inst_857_var_0 ( some time )
 -> converting function _inst_858_var_0 ( some time )
 -> converting function _inst_859_var_0 ( some time )
 -> converting function _inst_860_var_0 ( some time )
 -> converting function _inst_861_var_0 ( some time )
 -> converting function _inst_862_var_0 ( some time )
 -> converting function _inst_863_var_0 ( some time )
 -> converting function _inst_864_var_0 ( some time )
 -> converting function _inst_865_var_0 ( some time )
 -> converting function _inst_866_var_0 ( some time )
 -> converting function _inst_867_var_0 ( some time )
 -> converting function _inst_868_var_0 ( some time )
 -> converting function _inst_869_var_0 ( some time )
 -> converting function _inst_870_var_0 ( some time )
 -> converting function _inst_871_var_0 ( some time )
 -> converting function _inst_872_var_0 ( some time )
 -> converting function _inst_873_var_0 ( some time )
 -> converting function _inst_874_var_0 ( some time )
 -> converting function _inst_875_var_0 ( some time )
 -> converting function _inst_876_var_0 ( some time )
 -> converting function _inst_877_var_0 ( some time )
 -> converting function _inst_878_var_0 ( some time )
 -> converting function _inst_879_var_0 ( some time )
 -> converting function _inst_880_var_0 ( some time )
 -> converting function _inst_881_var_0 ( some time )
 -> converting function _inst_882_var_0 ( some time )
 -> converting function _inst_883_var_0 ( some time )
 -> converting function _inst_884_var_0 ( some time )
 -> converting function _inst_885_var_0 ( some time )
 -> converting function _inst_886_var_0 ( some time )
 -> converting function _inst_887_var_0 ( some time )
 -> converting function _inst_888_var_0 ( some time )
 -> converting function _inst_889_var_0 ( some time )
 -> converting function _inst_890_var_0 ( some time )
 -> converting function _inst_891_var_0 ( some time )
 -> converting function _inst_892_var_0 ( some time )
 -> converting function _inst_893_var_0 ( some time )
 -> converting function _inst_894_var_0 ( some time )
 -> converting function _inst_895_var_0 ( some time )
 -> converting function _inst_896_var_0 ( some time )
 -> converting function _inst_897_var_0 ( some time )
 -> converting function _inst_898_var_0 ( some time )
 -> converting function _inst_899_var_0 ( some time )
 -> converting function _inst_900_var_0 ( some time )
 -> converting function _inst_901_var_0 ( some time )
 -> converting function _inst_902_var_0 ( some time )
 -> converting function _inst_903_var_0 ( some time )
 -> converting function _inst_904_var_0 ( some time )
 -> converting function _inst_905_var_0 ( some time )
 -> converting function _inst_906_var_0 ( some time )
 -> converting function _inst_907_var_0 ( some time )
 -> converting function _inst_908_var_0 ( some time )
 -> converting function _inst_909_var_0 ( some time )
 -> converting function _inst_910_var_0 ( some time )
 -> converting function _inst_911_var_0 ( some time )
 -> converting function _inst_912_var_0 ( some time )
 -> converting function _inst_913_var_0 ( some time )
 -> converting function _inst_914_var_0 ( some time )
 -> converting function _inst_915_var_0 ( some time )
 -> converting function _inst_916_var_0 ( some time )
 -> converting function _inst_917_var_0 ( some time )
 -> converting function _inst_918_var_0 ( some time )
 -> converting function _inst_919_var_0 ( some time )
 -> converting function _inst_920_var_0 ( some time )
 -> converting function _inst_921_var_0 ( some time )
 -> converting function _inst_922_var_0 ( some time )
 -> converting function _inst_923_var_0 ( some time )
 -> converting function _inst_924_var_0 ( some time )
 -> converting function _inst_925_var_0 ( some time )
 -> converting function _inst_926_var_0 ( some time )
 -> converting function _inst_927_var_0 ( some time )
 -> converting function _inst_928_var_0 ( some time )
 -> converting function _inst_929_var_0 ( some time )
 -> converting function _inst_930_var_0 ( some time )
 -> converting function _inst_931_var_0 ( some time )
 -> converting function _inst_932_var_0 ( some time )
 -> converting function _inst_933_var_0 ( some time )
 -> converting function _inst_934_var_0 ( some time )
 -> converting function _inst_935_var_0 ( some time )
 -> converting function _inst_936_var_0 ( some time )
 -> converting function _inst_937_var_0 ( some time )
 -> converting function _inst_938_var_0 ( some time )
 -> converting function _inst_939_var_0 ( some time )
 -> converting function _inst_940_var_0 ( some time )
 -> converting function _inst_941_var_0 ( some time )
 -> converting function _inst_942_var_0 ( some time )
 -> converting function _inst_943_var_0 ( some time )
 -> converting function _inst_944_var_0 ( some time )
 -> converting function _inst_945_var_0 ( some time )
 -> converting function _inst_946_var_0 ( some time )
 -> converting function _inst_947_var_0 ( some time )
 -> converting function _inst_948_var_0 ( some time )
 -> converting function _inst_949_var_0 ( some time )
 -> converting function _inst_950_var_0 ( some time )
 -> converting function _inst_951_var_0 ( some time )
 -> converting function _inst_952_var_0 ( some time )
 -> converting function _inst_953_var_0 ( some time )
 -> converting function _inst_954_var_0 ( some time )
 -> converting function _inst_955_var_0 ( some time )
 -> converting function _inst_956_var_0 ( some time )
 -> converting function _inst_957_var_0 ( some time )
 -> converting function _inst_958_var_0 ( some time )
 -> converting function _inst_959_var_0 ( some time )
 -> converting function _inst_960_var_0 ( some time )
 -> converting function _inst_961_var_0 ( some time )
 -> converting function _inst_962_var_0 ( some time )
 -> converting function _inst_963_var_0 ( some time )
 -> converting function _inst_964_var_0 ( some time )
 -> converting function _inst_965_var_0 ( some time )
 -> converting function _inst_966_var_0 ( some time )
 -> converting function _inst_967_var_0 ( some time )
 -> converting function _inst_968_var_0 ( some time )
 -> converting function _inst_969_var_0 ( some time )
 -> converting function _inst_970_var_0 ( some time )
 -> converting function _inst_971_var_0 ( some time )
 -> converting function _inst_972_var_0 ( some time )
 -> converting function _inst_973_var_0 ( some time )
 -> converting function _inst_974_var_0 ( some time )
 -> converting function _inst_975_var_0 ( some time )
 -> converting function _inst_976_var_0 ( some time )
 -> converting function _inst_977_var_0 ( some time )
 -> converting function _inst_978_var_0 ( some time )
 -> converting function _inst_979_var_0 ( some time )
 -> converting function _inst_980_var_0 ( some time )
 -> converting function _inst_981_var_0 ( some time )
 -> converting function _inst_982_var_0 ( some time )
 -> converting function _inst_983_var_0 ( some time )
 -> converting function _inst_984_var_0 ( some time )
 -> converting function _inst_985_var_0 ( some time )
 -> converting function _inst_986_var_0 ( some time )
 -> converting function _inst_987_var_0 ( some time )
 -> converting function _inst_988_var_0 ( some time )
 -> converting function _inst_989_var_0 ( some time )
 -> converting function _inst_990_var_0 ( some time )
 -> converting function _inst_991_var_0 ( some time )
 -> converting function _inst_992_var_0 ( some time )
 -> converting function _inst_993_var_0 ( some time )
 -> converting function _inst_994_var_0 ( some time )
 -> converting function _inst_995_var_0 ( some time )
 -> converting function _inst_996_var_0 ( some time )
 -> converting function _inst_997_var_0 ( some time )
 -> converting function _inst_998_var_0 ( some time )
 -> converting function _inst_999_var_0 ( some time )
 -> converting function _inst_1000_var_0 ( some time )
 -> converting function _inst_1001_var_0 ( some time )
 -> converting function _inst_1002_var_0 ( some time )
 -> converting function _inst_1003_var_0 ( some time )
 -> converting function _inst_1004_var_0 ( some time )
 -> converting function _inst_1005_var_0 ( some time )
 -> converting function _inst_1006_var_0 ( some time )
 -> converting function _inst_1007_var_0 ( some time )
 -> converting function _inst_1008_var_0 ( some time )
 -> converting function _inst_1009_var_0 ( some time )
 -> converting function _inst_1010_var_0 ( some time )
 -> converting function _inst_1011_var_0 ( some time )
 -> converting function _inst_1012_var_0 ( some time )
 -> converting function _inst_1013_var_0 ( some time )
 -> converting function _inst_1014_var_0 ( some time )
 -> converting function _inst_1015_var_0 ( some time )
 -> converting function _inst_1016_var_0 ( some time )
 -> converting function _inst_1017_var_0 ( some time )
 -> converting function _inst_1018_var_0 ( some time )
 -> converting function _inst_1019_var_0 ( some time )
 -> converting function _inst_1020_var_0 ( some time )
 -> converting function _inst_1021_var_0 ( some time )
 -> converting function _inst_1022_var_0 ( some time )
 -> converting function _inst_1023_var_0 ( some time )
 -> converting function _inst_1024_var_0 ( some time )
 -> converting function _inst_1025_var_0 ( some time )
 -> converting function _inst_1026_var_0 ( some time )
 -> converting function _inst_1027_var_0 ( some time )
 -> converting function _inst_1028_var_0 ( some time )
 -> converting function _inst_1029_var_0 ( some time )
 -> converting function _inst_1030_var_0 ( some time )
 -> converting function _inst_1031_var_0 ( some time )
 -> converting function _inst_1032_var_0 ( some time )
 -> converting function _inst_1033_var_0 ( some time )
 -> converting function _inst_1034_var_0 ( some time )
 -> converting function _inst_1035_var_0 ( some time )
 -> converting function _inst_1036_var_0 ( some time )
 -> converting function _inst_1037_var_0 ( some time )
 -> converting function _inst_1038_var_0 ( some time )
 -> converting function _inst_1039_var_0 ( some time )
 -> converting function _inst_1040_var_0 ( some time )
 -> converting function _inst_1041_var_0 ( some time )
 -> converting function _inst_1042_var_0 ( some time )
 -> converting function _inst_1043_var_0 ( some time )
 -> converting function _inst_1044_var_0 ( some time )
 -> converting function _inst_1045_var_0 ( some time )
 -> converting function _inst_1046_var_0 ( some time )
 -> converting function _inst_1047_var_0 ( some time )
 -> converting function _inst_1048_var_0 ( some time )
 -> converting function _inst_1049_var_0 ( some time )
 -> converting function _inst_1050_var_0 ( some time )
 -> converting function _inst_1051_var_0 ( some time )
 -> converting function _inst_1052_var_0 ( some time )
 -> converting function _inst_1053_var_0 ( some time )
 -> converting function _inst_1054_var_0 ( some time )
 -> converting function _inst_1055_var_0 ( some time )
 -> converting function _inst_1056_var_0 ( some time )
 -> converting function _inst_1057_var_0 ( some time )
 -> converting function _inst_1058_var_0 ( some time )
 -> converting function _inst_1059_var_0 ( some time )
 -> converting function _inst_1060_var_0 ( some time )
 -> converting function _inst_1061_var_0 ( some time )
 -> converting function _inst_1062_var_0 ( some time )
 -> converting function _inst_1063_var_0 ( some time )
 -> converting function _inst_1064_var_0 ( some time )
 -> converting function _inst_1065_var_0 ( some time )
 -> converting function _inst_1066_var_0 ( some time )
 -> converting function _inst_1067_var_0 ( some time )
 -> converting function _inst_1068_var_0 ( some time )
 -> converting function _inst_1069_var_0 ( some time )
 -> converting function _inst_1070_var_0 ( some time )
 -> converting function _inst_1071_var_0 ( some time )
 -> converting function _inst_1072_var_0 ( some time )
 -> converting function _inst_1073_var_0 ( some time )
 -> converting function _inst_1074_var_0 ( some time )
 -> converting function _inst_1075_var_0 ( some time )
 -> converting function _inst_1076_var_0 ( some time )
 -> converting function _inst_1077_var_0 ( some time )
 -> converting function _inst_1078_var_0 ( some time )
 -> converting function _inst_1079_var_0 ( some time )
 -> converting function _inst_1080_var_0 ( some time )
 -> converting function _inst_1081_var_0 ( some time )
 -> converting function _inst_1082_var_0 ( some time )
 -> converting function _inst_1083_var_0 ( some time )
 -> converting function _inst_1084_var_0 ( some time )
 -> converting function _inst_1085_var_0 ( some time )
 -> converting function _inst_1086_var_0 ( some time )
 -> converting function _inst_1087_var_0 ( some time )
 -> converting function _main.cold.1 ( some time )
Running phase: removing functions from standard libraries ( some time )
Running phase: removing code that is not reachable in a CFG ( some time )
Running phase: signed/unsigned types fixing ( some time )
Running phase: converting LLVM intrinsic functions to standard functions ( some time )
Running phase: obtaining debug information ( some time )
Running phase: alias analysis [simple] ( some time )
Running phase: optimizations ( some time )
 -> running GotoStmtOptimizer ( some time )
 -> running RemoveUselessCastsOptimizer ( some time )
 -> running UnusedGlobalVarOptimizer ( some time )
 -> running DeadLocalAssignOptimizer ( some time )
 -> running SimpleCopyPropagationOptimizer ( some time )
 -> running CopyPropagationOptimizer ( some time )
 -> running SimplifyArithmExprOptimizer ( some time )
 -> running IfStructureOptimizer ( some time )
 -> running LoopLastContinueOptimizer ( some time )
 -> running PreWhileTrueLoopConvOptimizer ( some time )
 -> running WhileTrueToForLoopOptimizer ( some time )
 -> running WhileTrueToWhileCondOptimizer ( some time )
 -> running IfBeforeLoopOptimizer ( some time )
 -> running LLVMIntrinsicsOptimizer ( some time )
 -> running VoidReturnOptimizer ( some time )
 -> running BreakContinueReturnOptimizer ( some time )
 -> running BitShiftOptimizer ( some time )
 -> running DerefAddressOptimizer ( some time )
 -> running EmptyArrayToStringOptimizer ( some time )
 -> running BitOpToLogOpOptimizer ( some time )
 -> running SimplifyArithmExprOptimizer ( some time )
 -> running UnusedGlobalVarOptimizer ( some time )
 -> running DeadLocalAssignOptimizer ( some time )
 -> running SimpleCopyPropagationOptimizer ( some time )
 -> running CopyPropagationOptimizer ( some time )
 -> running SelfAssignOptimizer ( some time )
 -> running VarDefForLoopOptimizer ( some time )
 -> running VarDefStmtOptimizer ( some time )
 -> running EmptyStmtOptimizer ( some time )
 -> running GotoStmtOptimizer ( some time )
 -> running SimplifyArithmExprOptimizer ( some time )
 -> running DeadCodeOptimizer ( some time )
 -> running DerefToArrayIndexOptimizer ( some time )
 -> running IfToSwitchOptimizer ( some time )
 -> running CCastOptimizer ( some time )
 -> running CArrayArgOptimizer ( some time )
Running phase: variable renaming [readable] ( some time )
Running phase: converting constants to symbolic names ( some time )
Running phase: module validation ( some time )
 -> running BreakOutsideLoopValidator ( some time )
 -> running NoGlobalVarDefValidator ( some time )
 -> running ReturnValidator ( some time )
Running phase: emission of the target code [c] ( some time )
Running phase: finalization ( some time )
Running phase: cleanup ( some time )
