Using options:
080483E6: warning: Call target address 00000000 is invalid.
08048404: warning: Call target address 00000000 is invalid.
08048395: warning: Call target address 00000000 is invalid.
080486BB: error: Failed to write global variable g_v80486BB.
    The method or operation is not implemented.
      at Reko.Core.Output.GlobalDataWriter.VisitVoidType (Reko.Core.Types.VoidType voidType) <0x40ed1490 + 0x0001f> in <filename unknown>:0 
  at Reko.Core.Types.VoidType.Accept[T] (IDataTypeVisitor`1 v) <0x40e57140 + 0x00030> in <filename unknown>:0 
  at Reko.Core.Output.GlobalDataWriter.WriteGlobalVariable (Reko.Core.Types.StructureField field) <0x40ed0c20 + 0x00225> in <filename unknown>:0 
080486C6: error: Failed to write global variable g_v80486C6.
    The method or operation is not implemented.
      at Reko.Core.Output.GlobalDataWriter.VisitVoidType (Reko.Core.Types.VoidType voidType) <0x40ed1490 + 0x0001f> in <filename unknown>:0 
  at Reko.Core.Types.VoidType.Accept[T] (IDataTypeVisitor`1 v) <0x40e57140 + 0x00030> in <filename unknown>:0 
  at Reko.Core.Output.GlobalDataWriter.WriteGlobalVariable (Reko.Core.Types.StructureField field) <0x40ed0c20 + 0x00225> in <filename unknown>:0 
080486CF: error: Failed to write global variable g_v80486CF.
    The method or operation is not implemented.
      at Reko.Core.Output.GlobalDataWriter.VisitVoidType (Reko.Core.Types.VoidType voidType) <0x40ed1490 + 0x0001f> in <filename unknown>:0 
  at Reko.Core.Types.VoidType.Accept[T] (IDataTypeVisitor`1 v) <0x40e57140 + 0x00030> in <filename unknown>:0 
  at Reko.Core.Output.GlobalDataWriter.WriteGlobalVariable (Reko.Core.Types.StructureField field) <0x40ed0c20 + 0x00225> in <filename unknown>:0 
080486DE: error: Failed to write global variable g_v80486DE.
    The method or operation is not implemented.
      at Reko.Core.Output.GlobalDataWriter.VisitVoidType (Reko.Core.Types.VoidType voidType) <0x40ed1490 + 0x0001f> in <filename unknown>:0 
  at Reko.Core.Types.VoidType.Accept[T] (IDataTypeVisitor`1 v) <0x40e57140 + 0x00030> in <filename unknown>:0 
  at Reko.Core.Output.GlobalDataWriter.WriteGlobalVariable (Reko.Core.Types.StructureField field) <0x40ed0c20 + 0x00225> in <filename unknown>:0 
080486F0: error: Failed to write global variable g_v80486F0.
    The method or operation is not implemented.
      at Reko.Core.Output.GlobalDataWriter.VisitVoidType (Reko.Core.Types.VoidType voidType) <0x40ed1490 + 0x0001f> in <filename unknown>:0 
  at Reko.Core.Types.VoidType.Accept[T] (IDataTypeVisitor`1 v) <0x40e57140 + 0x00030> in <filename unknown>:0 
  at Reko.Core.Output.GlobalDataWriter.WriteGlobalVariable (Reko.Core.Types.StructureField field) <0x40ed0c20 + 0x00225> in <filename unknown>:0 
080486F6: error: Failed to write global variable g_v80486F6.
    The method or operation is not implemented.
      at Reko.Core.Output.GlobalDataWriter.VisitVoidType (Reko.Core.Types.VoidType voidType) <0x40ed1490 + 0x0001f> in <filename unknown>:0 
  at Reko.Core.Types.VoidType.Accept[T] (IDataTypeVisitor`1 v) <0x40e57140 + 0x00030> in <filename unknown>:0 
  at Reko.Core.Output.GlobalDataWriter.WriteGlobalVariable (Reko.Core.Types.StructureField field) <0x40ed0c20 + 0x00225> in <filename unknown>:0 
08048708: error: Failed to write global variable g_v8048708.
    The method or operation is not implemented.
      at Reko.Core.Output.GlobalDataWriter.VisitVoidType (Reko.Core.Types.VoidType voidType) <0x40ed1490 + 0x0001f> in <filename unknown>:0 
  at Reko.Core.Types.VoidType.Accept[T] (IDataTypeVisitor`1 v) <0x40e57140 + 0x00030> in <filename unknown>:0 
  at Reko.Core.Output.GlobalDataWriter.WriteGlobalVariable (Reko.Core.Types.StructureField field) <0x40ed0c20 + 0x00225> in <filename unknown>:0 
08048720: error: Failed to write global variable g_v8048720.
    The method or operation is not implemented.
      at Reko.Core.Output.GlobalDataWriter.VisitVoidType (Reko.Core.Types.VoidType voidType) <0x40ed1490 + 0x0001f> in <filename unknown>:0 
  at Reko.Core.Types.VoidType.Accept[T] (IDataTypeVisitor`1 v) <0x40e57140 + 0x00030> in <filename unknown>:0 
  at Reko.Core.Output.GlobalDataWriter.WriteGlobalVariable (Reko.Core.Types.StructureField field) <0x40ed0c20 + 0x00225> in <filename unknown>:0 
0804872D: error: Failed to write global variable g_v804872D.
    The method or operation is not implemented.
      at Reko.Core.Output.GlobalDataWriter.VisitVoidType (Reko.Core.Types.VoidType voidType) <0x40ed1490 + 0x0001f> in <filename unknown>:0 
  at Reko.Core.Types.VoidType.Accept[T] (IDataTypeVisitor`1 v) <0x40e57140 + 0x00030> in <filename unknown>:0 
  at Reko.Core.Output.GlobalDataWriter.WriteGlobalVariable (Reko.Core.Types.StructureField field) <0x40ed0c20 + 0x00225> in <filename unknown>:0 
08048738: error: Failed to write global variable g_v8048738.
    The method or operation is not implemented.
      at Reko.Core.Output.GlobalDataWriter.VisitVoidType (Reko.Core.Types.VoidType voidType) <0x40ed1490 + 0x0001f> in <filename unknown>:0 
  at Reko.Core.Types.VoidType.Accept[T] (IDataTypeVisitor`1 v) <0x40e57140 + 0x00030> in <filename unknown>:0 
  at Reko.Core.Output.GlobalDataWriter.WriteGlobalVariable (Reko.Core.Types.StructureField field) <0x40ed0c20 + 0x00225> in <filename unknown>:0 
0804873F: error: Failed to write global variable g_v804873F.
    The method or operation is not implemented.
      at Reko.Core.Output.GlobalDataWriter.VisitVoidType (Reko.Core.Types.VoidType voidType) <0x40ed1490 + 0x0001f> in <filename unknown>:0 
  at Reko.Core.Types.VoidType.Accept[T] (IDataTypeVisitor`1 v) <0x40e57140 + 0x00030> in <filename unknown>:0 
  at Reko.Core.Output.GlobalDataWriter.WriteGlobalVariable (Reko.Core.Types.StructureField field) <0x40ed0c20 + 0x00225> in <filename unknown>:0 
08048745: error: Failed to write global variable g_v8048745.
    The method or operation is not implemented.
      at Reko.Core.Output.GlobalDataWriter.VisitVoidType (Reko.Core.Types.VoidType voidType) <0x40ed1490 + 0x0001f> in <filename unknown>:0 
  at Reko.Core.Types.VoidType.Accept[T] (IDataTypeVisitor`1 v) <0x40e57140 + 0x00030> in <filename unknown>:0 
  at Reko.Core.Output.GlobalDataWriter.WriteGlobalVariable (Reko.Core.Types.StructureField field) <0x40ed0c20 + 0x00225> in <filename unknown>:0 
080486BB: error: Failed to write global variable g_v80486BB.
    The method or operation is not implemented.
      at Reko.Core.Output.GlobalDataWriter.VisitVoidType (Reko.Core.Types.VoidType voidType) <0x40ed1490 + 0x0001f> in <filename unknown>:0 
  at Reko.Core.Types.VoidType.Accept[T] (IDataTypeVisitor`1 v) <0x40e57140 + 0x00030> in <filename unknown>:0 
  at Reko.Core.Output.GlobalDataWriter.WriteGlobalVariable (Reko.Core.Types.StructureField field) <0x40ed0c20 + 0x00225> in <filename unknown>:0 
080486C6: error: Failed to write global variable g_v80486C6.
    The method or operation is not implemented.
      at Reko.Core.Output.GlobalDataWriter.VisitVoidType (Reko.Core.Types.VoidType voidType) <0x40ed1490 + 0x0001f> in <filename unknown>:0 
  at Reko.Core.Types.VoidType.Accept[T] (IDataTypeVisitor`1 v) <0x40e57140 + 0x00030> in <filename unknown>:0 
  at Reko.Core.Output.GlobalDataWriter.WriteGlobalVariable (Reko.Core.Types.StructureField field) <0x40ed0c20 + 0x00225> in <filename unknown>:0 
080486CF: error: Failed to write global variable g_v80486CF.
    The method or operation is not implemented.
      at Reko.Core.Output.GlobalDataWriter.VisitVoidType (Reko.Core.Types.VoidType voidType) <0x40ed1490 + 0x0001f> in <filename unknown>:0 
  at Reko.Core.Types.VoidType.Accept[T] (IDataTypeVisitor`1 v) <0x40e57140 + 0x00030> in <filename unknown>:0 
  at Reko.Core.Output.GlobalDataWriter.WriteGlobalVariable (Reko.Core.Types.StructureField field) <0x40ed0c20 + 0x00225> in <filename unknown>:0 
080486DE: error: Failed to write global variable g_v80486DE.
    The method or operation is not implemented.
      at Reko.Core.Output.GlobalDataWriter.VisitVoidType (Reko.Core.Types.VoidType voidType) <0x40ed1490 + 0x0001f> in <filename unknown>:0 
  at Reko.Core.Types.VoidType.Accept[T] (IDataTypeVisitor`1 v) <0x40e57140 + 0x00030> in <filename unknown>:0 
  at Reko.Core.Output.GlobalDataWriter.WriteGlobalVariable (Reko.Core.Types.StructureField field) <0x40ed0c20 + 0x00225> in <filename unknown>:0 
080486F0: error: Failed to write global variable g_v80486F0.
    The method or operation is not implemented.
      at Reko.Core.Output.GlobalDataWriter.VisitVoidType (Reko.Core.Types.VoidType voidType) <0x40ed1490 + 0x0001f> in <filename unknown>:0 
  at Reko.Core.Types.VoidType.Accept[T] (IDataTypeVisitor`1 v) <0x40e57140 + 0x00030> in <filename unknown>:0 
  at Reko.Core.Output.GlobalDataWriter.WriteGlobalVariable (Reko.Core.Types.StructureField field) <0x40ed0c20 + 0x00225> in <filename unknown>:0 
080486F6: error: Failed to write global variable g_v80486F6.
    The method or operation is not implemented.
      at Reko.Core.Output.GlobalDataWriter.VisitVoidType (Reko.Core.Types.VoidType voidType) <0x40ed1490 + 0x0001f> in <filename unknown>:0 
  at Reko.Core.Types.VoidType.Accept[T] (IDataTypeVisitor`1 v) <0x40e57140 + 0x00030> in <filename unknown>:0 
  at Reko.Core.Output.GlobalDataWriter.WriteGlobalVariable (Reko.Core.Types.StructureField field) <0x40ed0c20 + 0x00225> in <filename unknown>:0 
08048708: error: Failed to write global variable g_v8048708.
    The method or operation is not implemented.
      at Reko.Core.Output.GlobalDataWriter.VisitVoidType (Reko.Core.Types.VoidType voidType) <0x40ed1490 + 0x0001f> in <filename unknown>:0 
  at Reko.Core.Types.VoidType.Accept[T] (IDataTypeVisitor`1 v) <0x40e57140 + 0x00030> in <filename unknown>:0 
  at Reko.Core.Output.GlobalDataWriter.WriteGlobalVariable (Reko.Core.Types.StructureField field) <0x40ed0c20 + 0x00225> in <filename unknown>:0 
08048720: error: Failed to write global variable g_v8048720.
    The method or operation is not implemented.
      at Reko.Core.Output.GlobalDataWriter.VisitVoidType (Reko.Core.Types.VoidType voidType) <0x40ed1490 + 0x0001f> in <filename unknown>:0 
  at Reko.Core.Types.VoidType.Accept[T] (IDataTypeVisitor`1 v) <0x40e57140 + 0x00030> in <filename unknown>:0 
  at Reko.Core.Output.GlobalDataWriter.WriteGlobalVariable (Reko.Core.Types.StructureField field) <0x40ed0c20 + 0x00225> in <filename unknown>:0 
0804872D: error: Failed to write global variable g_v804872D.
    The method or operation is not implemented.
      at Reko.Core.Output.GlobalDataWriter.VisitVoidType (Reko.Core.Types.VoidType voidType) <0x40ed1490 + 0x0001f> in <filename unknown>:0 
  at Reko.Core.Types.VoidType.Accept[T] (IDataTypeVisitor`1 v) <0x40e57140 + 0x00030> in <filename unknown>:0 
  at Reko.Core.Output.GlobalDataWriter.WriteGlobalVariable (Reko.Core.Types.StructureField field) <0x40ed0c20 + 0x00225> in <filename unknown>:0 
08048738: error: Failed to write global variable g_v8048738.
    The method or operation is not implemented.
      at Reko.Core.Output.GlobalDataWriter.VisitVoidType (Reko.Core.Types.VoidType voidType) <0x40ed1490 + 0x0001f> in <filename unknown>:0 
  at Reko.Core.Types.VoidType.Accept[T] (IDataTypeVisitor`1 v) <0x40e57140 + 0x00030> in <filename unknown>:0 
  at Reko.Core.Output.GlobalDataWriter.WriteGlobalVariable (Reko.Core.Types.StructureField field) <0x40ed0c20 + 0x00225> in <filename unknown>:0 
0804873F: error: Failed to write global variable g_v804873F.
    The method or operation is not implemented.
      at Reko.Core.Output.GlobalDataWriter.VisitVoidType (Reko.Core.Types.VoidType voidType) <0x40ed1490 + 0x0001f> in <filename unknown>:0 
  at Reko.Core.Types.VoidType.Accept[T] (IDataTypeVisitor`1 v) <0x40e57140 + 0x00030> in <filename unknown>:0 
  at Reko.Core.Output.GlobalDataWriter.WriteGlobalVariable (Reko.Core.Types.StructureField field) <0x40ed0c20 + 0x00225> in <filename unknown>:0 
08048745: error: Failed to write global variable g_v8048745.
    The method or operation is not implemented.
      at Reko.Core.Output.GlobalDataWriter.VisitVoidType (Reko.Core.Types.VoidType voidType) <0x40ed1490 + 0x0001f> in <filename unknown>:0 
  at Reko.Core.Types.VoidType.Accept[T] (IDataTypeVisitor`1 v) <0x40e57140 + 0x00030> in <filename unknown>:0 
  at Reko.Core.Output.GlobalDataWriter.WriteGlobalVariable (Reko.Core.Types.StructureField field) <0x40ed0c20 + 0x00225> in <filename unknown>:0 
