Model: s
Borland v2 detected
Signature file: dccb2s.sig
dcc: Writing C beta file from_dcc/fibo/ia32_mz_from_dcc_short//subject.b

Statistics - Subroutine proc_1
Number of Icode instructions:
  Low-level :   26
  High-level:    5
  Percentage reduction: 80.77%

Statistics - Subroutine main
Number of Icode instructions:
  Low-level :   52
  High-level:    9
  Percentage reduction: 82.69%
dcc: Finished writing C beta file

Call Graph:
main
    printf
    scanf
    exit
    proc_1
        proc_1

Final Program Statistics
  Total number of low-level Icodes : 78
  Total number of high-level Icodes: 14
  Total reduction of instructions  : 82.05%
