[I] JEB 4.11.0.202201181921 (jeb-ce) is starting...
[I] Current directory: SUBJECTS
[I] Base directory: JEBDIR
[I] System: Mac OS X 12.2 (aarch64) de_DE
[I] Java: Homebrew 17.0.1
[I] Memory Usage: 36.0M used (228.0M free, 6.0G max)
[I] Initializing Jython, please wait...
Processing file: SUBJECTS/from_holdec/pic/ia32_elf_clang_O3_unlimited-pie/subject.exe...
[I] {subject.exe > subject.exe > x86 image}: Detected compiler: unknown (Linux)
[I] {subject.exe > subject.exe > x86 image}: Initial native analysis styles: code gaps: PROLOGUES_ONLY, data gaps: DEFAULT
[I] {subject.exe > subject.exe > x86 image}: Analysis completed (0s)
[I] {subject.exe > subject.exe > x86 image}: Initial analysis created 23 methods
Output folder: jeb_output
  0/ 23: Method: __x86.get_pc_thunk.bx
  1/ 23: 1/23: __x86.get_pc_thunk.bx (DONE:39ms)
  1/ 23: Method: sub_80490F0
  2/ 23: 2/23: sub_80490F0 (DONE:6ms)
  2/ 23: Method: sub_8049138
  3/ 23: 3/23: sub_8049138 (DONE:5ms)
  3/ 23: Method: sub_8049036
  4/ 23: 4/23: sub_8049036 (DONE:14ms)
  4/ 23: Method: →printf
  5/ 23: 5/23: →printf (DONE:38ms)
  5/ 23: Method: sub_8049097
  6/ 23: 6/23: sub_8049097 (DONE:6ms)
  6/ 23: Method: sub_8049168
  7/ 23: 7/23: sub_8049168 (DONE:4ms)
  7/ 23: Method: initializer_0
  8/ 23: 8/23: initializer_0 (DONE:71ms)
  8/ 23: Method: sub_80490CC
  9/ 23: 9/23: sub_80490CC (DONE:16ms)
  9/ 23: Method: sub_8049118
 10/ 23: 10/23: sub_8049118 (DONE:14ms)
 10/ 23: Method: →__libc_start_main
 11/ 23: 11/23: →__libc_start_main (DONE:9ms)
 11/ 23: Method: deregister_tm_clones
 12/ 23: 12/23: deregister_tm_clones (DONE:14ms)
 12/ 23: Method: register_tm_clones
 13/ 23: 13/23: register_tm_clones (DONE:33ms)
 13/ 23: Method: sub_804914D
 14/ 23: 14/23: sub_804914D (DONE:14ms)
 14/ 23: Method: initializer_1
 15/ 23: 15/23: initializer_1 (DONE:3ms)
 15/ 23: Method: _dl_relocate_static_pie
 16/ 23: 16/23: _dl_relocate_static_pie (DONE:3ms)
 16/ 23: Method: __libc_csu_fini
 17/ 23: 17/23: __libc_csu_fini (DONE:3ms)
 17/ 23: Method: finalizer_0
 18/ 23: 18/23: finalizer_0 (DONE:16ms)
 18/ 23: Method: _start
 19/ 23: 19/23: _start (DONE:51ms)
 19/ 23: Method: finalizer_1
 20/ 23: 20/23: finalizer_1 (DONE:18ms)
 20/ 23: Method: __libc_csu_init
 21/ 23: 21/23: __libc_csu_init (DONE:129ms)
 21/ 23: Method: a_func
 22/ 23: 22/23: a_func (DONE:39ms)
 22/ 23: Method: main
 23/ 23: 23/23: main (DONE:47ms)
Exectime: 1.088000 sec
[I] Done.
