Analyzing './from_snowman/arm-010_compound_condition/arm_elf/subject.exe' as a ARM 32 ELF binary file.

0 Procs, 0 Labels, 0 Branches, 0 / 0 kB covered
./from_snowman/arm-010_compound_condition/arm_elf/subject.exe: no .debug_info section
./from_snowman/arm-010_compound_condition/arm_elf/subject.exe: 29 sections starting at 0x000007D0
./from_snowman/arm-010_compound_condition/arm_elf/subject.exe: section string table at 0x00000BE0, 0xF3 bytes
 Offset:  [ix]  Address    Size    Offset  Name
000007D0: [ 0] 00000000 00000000 00000000 
000007F8: [ 1] 00008134 00000019 00000134 .interp
00000820: [ 2] 00008150 00000020 00000150 .note.ABI-tag
00000848: [ 3] 00008170 00000024 00000170 .hash
00000870: [ 4] 00008194 00000040 00000194 .dynsym
00000898: [ 5] 000081D4 0000003C 000001D4 .dynstr
000008C0: [ 6] 00008210 00000008 00000210 .gnu.version
000008E8: [ 7] 00008218 00000020 00000218 .gnu.version_r
00000910: [ 8] 00008238 00000008 00000238 .rel.dyn
00000938: [ 9] 00008240 00000018 00000240 .rel.plt
00000960: [10] 00008258 0000000C 00000258 .init
00000988: [11] 00008264 00000038 00000264 .plt
000009B0: [12] 0000829C 000002B0 0000029C .text
000009D8: [13] 0000854C 00000008 0000054C .fini
00000A00: [14] 00008554 00000004 00000554 .rodata
00000A28: [15] 00008558 00000008 00000558 .ARM.exidx
00000A50: [16] 00008560 00000004 00000560 .eh_frame
00000A78: [17] 00010564 00000004 00000564 .init_array
00000AA0: [18] 00010568 00000004 00000568 .fini_array
00000AC8: [19] 0001056C 00000004 0000056C .jcr
00000AF0: [20] 00010570 000000E8 00000570 .dynamic
00000B18: [21] 00010658 0000001C 00000658 .got
00000B40: [22] 00010674 00000008 00000674 .data
00000B68: [23] 0001067C 00000004 0000067C .bss
00000B90: [24] 00000000 00000021 0000067C .comment
00000BB8: [25] 00000000 0000003D 0000069D .ARM.attributes
00000BE0: [26] 00000000 000000F3 000006DA .shstrtab
00000C08: [27] 00000000 00000650 00000C58 .symtab
00000C30: [28] 00000000 0000029D 000012A8 .strtab
Matching signatures...
0 Procs, 0 Labels, 0 Branches, 0 / 1 kB covered
0 Procs, 0 Labels, 0 Branches, 0 / 1 kB covered
Separating code and data...
0 Procs, 0 Labels, 0 Branches, 0 / 1 kB covered
0 Procs, 1 Labels, 0 Branches, 0 / 1 kB covered
0 Procs, 2 Labels, 0 Branches, 0 / 1 kB covered
0 Procs, 3 Labels, 0 Branches, 0 / 1 kB covered
0 Procs, 4 Labels, 0 Branches, 0 / 1 kB covered
0 Procs, 5 Labels, 0 Branches, 0 / 1 kB covered
0 Procs, 6 Labels, 0 Branches, 0 / 1 kB covered
6 Procs, 6 Labels, 0 Branches, 0 / 1 kB covered
6 Procs, 6 Labels, 0 Branches, 0 / 1 kB covered
6 Procs, 6 Labels, 0 Branches, 0 / 1 kB covered
6 Procs, 6 Labels, 0 Branches, 0 / 1 kB covered
6 Procs, 6 Labels, 0 Branches, 0 / 1 kB covered
6 Procs, 6 Labels, 0 Branches, 0 / 1 kB covered
6 Procs, 6 Labels, 0 Branches, 0 / 1 kB covered
6 Procs, 6 Labels, 0 Branches, 0 / 1 kB covered
Resolving indirect jumps...
6 Procs, 6 Labels, 0 Branches, 0 / 1 kB covered
6 Procs, 6 Labels, 0 Branches, 0 / 1 kB covered
Resolving constants and strings...
6 Procs, 6 Labels, 0 Branches, 0 / 1 kB covered
Discovering unreached functions...
6 Procs, 6 Labels, 0 Branches, 0 / 1 kB covered
Computing call tree...
6 Procs, 6 Labels, 0 Branches, 0 / 1 kB covered
Computing calling conventions...
6 Procs, 6 Labels, 0 Branches, 0 / 1 kB covered
Computing Calling Convention: 1/6  0x00008290
Computing Calling Convention: 2/6  0x00008364
Computing Calling Convention: 3/6  0x0000838C
Computing Calling Convention: 4/6  0x000083E4
Computing Calling Convention: 5/6  0x00008404
Computing Calling Convention: 6/6  0x000084CC
Computing label cross-references...
6 Procs, 6 Labels, 0 Branches, 0 / 1 kB covered
File analysis complete.
6 Procs, 6 Labels, 0 Branches, 0 / 1 kB covered

Decompiling 1/6: 0x00008290
Decompiling 2/6: 0x00008364
Decompiling 3/6: 0x0000838C
Decompiling 4/6: 0x000083E4
Decompiling 5/6: 0x00008404
Decompiling 6/6: 0x000084CC
Decompiling 6/6: 0x000084CC

