
Database SUBJECTS/from_holdec/int_math_with_constants/ia32_elf_clang_O1/subject.exe.idb already exists.
Do you want to overwrite it? -> ~L~oad existing
IDA has found an unpacked version of database: SUBJECTS/from_holdec/int_math_with_constants/ia32_elf_clang_O1/subject.exe.idb
on the disk.
It appears IDA did not close properly;
it is probably safer to restart your work from the packed database -> ~R~estore packed base

  bytes   pages size description
--------- ----- ---- --------------------------------------------
  5513216   673 8192 allocating memory for b-tree...
  4227072   516 8192 allocating memory for virtual array...
   262144    32 8192 allocating memory for name pointers...
-----------------------------------------------------------------
 10002432            total memory allocated

Loading processor module IDADIR/procs/pc.so for metapc...Initializing processor module metapc...OK
Loading type libraries...
Autoanalysis subsystem has been initialized.
Database for file 'subject.exe' has been loaded.
Hex-Rays Decompiler plugin has been loaded (v7.6.0.210427)
  The hotkeys are F5: decompile, Ctrl-F5: decompile all.

  Please check the Edit/Plugins menu for more informaton.
=== start of cleanup script -> OK
  function at 080482AC  LIB  with name '.init_proc'
  function at 080482D0       with name 'sub_80482D0'
  function at 080482E0  LIB  with name '.__libc_start_main'
  function at 080482F0       with name '.memset'
  function at 08048300       with name '__gmon_start__'
  function at 08048310  LIB  with name '_start'
  function at 08048340  LIB  with name '__x86.get_pc_thunk.bx'
  function at 08048350  LIB  with name 'deregister_tm_clones'
  function at 08048380  LIB  with name 'register_tm_clones'
  function at 080483C0  LIB  with name '__do_global_dtors_aux'
  function at 080483E0  LIB  with name 'frame_dummy'
  function at 08048410       with name 'signed_char_add'
  function at 0804C000       with name 'signed_char_mult'
  function at 0804F7C0       with name 'signed_char_div'
  function at 080574E0       with name 'signed_char_modulo'
  function at 080615F0       with name 'unsigned_char_add'
  function at 080651E0       with name 'unsigned_char_mult'
  function at 080689A0       with name 'unsigned_char_div'
  function at 08069CF0       with name 'unsigned_char_modulo'
  function at 080724F0       with name 'signed_short_add'
  function at 08076CF0       with name 'signed_short_mult'
  function at 0807AC90       with name 'signed_short_div'
  function at 08083D40       with name 'signed_short_modulo'
  function at 0808E2B0       with name 'unsigned_short_add'
  function at 08092AB0       with name 'unsigned_short_mult'
  function at 08096A50       with name 'unsigned_short_div'
  function at 0809D090       with name 'unsigned_short_modulo'
  function at 080A5990       with name 'signed_int_add'
  function at 080A9C90       with name 'signed_int_mult'
  function at 080AD8A0       with name 'signed_int_div'
  function at 080B4D80       with name 'signed_int_modulo'
  function at 080BEAD0       with name 'unsigned_int_add'
  function at 080C2DD0       with name 'unsigned_int_mult'
  function at 080C69E0       with name 'unsigned_int_div'
  function at 080CC300       with name 'unsigned_int_modulo'
  function at 080D4870       with name 'signed_long_int_add'
  function at 080D8B70       with name 'signed_long_int_mult'
  function at 080DC780       with name 'signed_long_int_div'
  function at 080E3C60       with name 'signed_long_int_modulo'
  function at 080ED9B0       with name 'unsigned_long_int_add'
  function at 080F1CB0       with name 'unsigned_long_int_mult'
  function at 080F58C0       with name 'unsigned_long_int_div'
  function at 080FB1E0       with name 'unsigned_long_int_modulo'
  function at 08103750       with name 'signed_long_long_add'
  function at 0810AE60       with name 'signed_long_long_mult'
  function at 08113540       with name 'signed_long_long_div'
  function at 0811CBE0       with name 'signed_long_long_modulo'
  function at 081262C0       with name 'unsigned_long_long_add'
  function at 0812D9D0       with name 'unsigned_long_long_mult'
  function at 081360B0       with name 'unsigned_long_long_div'
  function at 0813F6E0       with name 'unsigned_long_long_modulo'
  function at 08148CE0       with name 'main'
  function at 08148DC0       with name '__divdi3'
  function at 08148F30       with name '__moddi3'
  function at 08149110       with name '__udivdi3'
  function at 08149240       with name '__umoddi3'
  function at 08149390  LIB  with name '__libc_csu_init'
  function at 081493F0  LIB  with name '__libc_csu_fini'
  function at 081493F4  LIB  with name '.term_proc'
  function at 0815E024  LIB  with name '__libc_start_main'
  function at 0815E028       with name 'memset'
  function at 0815E02C       with name '__imp___gmon_start__'
finished -> OK
TIMESTAMP decompiling 80482D0 size=0000000C times=0...
The decompiler assumes that the segment '.got.plt' is read-only because of its NAME.
All data references to the segment will be replaced by constant values.
This may lead to drastic changes in the decompiler output.
If the segment is not read-only, please change the segment NAME.

In general, the decompiler checks the segment permissions, class, and name
to determine if it is read-only.
 -> OK
TIMESTAMP decompiling 8048410 size=00003BEB times=0...
TIMESTAMP decompiling 804C000 size=000037BB times=0...
TIMESTAMP decompiling 804F7C0 size=00007D19 times=0...
TIMESTAMP decompiling 80574E0 size=0000A110 times=0...
TIMESTAMP decompiling 80615F0 size=00003BEB times=0...
TIMESTAMP decompiling 80651E0 size=000037BB times=0...
TIMESTAMP decompiling 80689A0 size=0000134C times=0...
TIMESTAMP decompiling 8069CF0 size=000087FE times=0...
TIMESTAMP decompiling 80724F0 size=000047FE times=0...
TIMESTAMP decompiling 8076CF0 size=00003F99 times=0...
TIMESTAMP decompiling 807AC90 size=000090A8 times=0...
TIMESTAMP decompiling 8083D40 size=0000A564 times=0...
TIMESTAMP decompiling 808E2B0 size=000047FE times=0...
TIMESTAMP decompiling 8092AB0 size=00003F99 times=0...
TIMESTAMP decompiling 8096A50 size=0000663F times=0...
TIMESTAMP decompiling 809D090 size=000088F3 times=0...
TIMESTAMP decompiling 80A5990 size=000042FF times=0...
TIMESTAMP decompiling 80A9C90 size=00003C08 times=0...
TIMESTAMP decompiling 80AD8A0 size=000074E0 times=0...
TIMESTAMP decompiling 80B4D80 size=00009D4A times=0...
TIMESTAMP decompiling 80BEAD0 size=000042FF times=0...
TIMESTAMP decompiling 80C2DD0 size=00003C08 times=0...
TIMESTAMP decompiling 80C69E0 size=00005916 times=0...
TIMESTAMP decompiling 80CC300 size=00008562 times=0...
TIMESTAMP decompiling 80D4870 size=000042FF times=0...
TIMESTAMP decompiling 80D8B70 size=00003C08 times=0...
TIMESTAMP decompiling 80DC780 size=000074E0 times=0...
TIMESTAMP decompiling 80E3C60 size=00009D4A times=0...
TIMESTAMP decompiling 80ED9B0 size=000042FF times=0...
TIMESTAMP decompiling 80F1CB0 size=00003C08 times=0...
TIMESTAMP decompiling 80F58C0 size=00005916 times=0...
TIMESTAMP decompiling 80FB1E0 size=00008562 times=0...
TIMESTAMP decompiling 8103750 size=00007703 times=0...
TIMESTAMP decompiling 810AE60 size=000086DA times=0...
