Analyzing './from_decompile-it.com/ls/ia32_elf_from_website/subject.exe' as a x86 32 ELF binary file.

0 Procs, 0 Labels, 0 Branches, 0 / 0 kB covered
./from_decompile-it.com/ls/ia32_elf_from_website/subject.exe: 39 sections starting at 0x00036600
./from_decompile-it.com/ls/ia32_elf_from_website/subject.exe: section string table at 0x00036BA0, 0x15F bytes
 Offset:  [ix]  Address    Size    Offset  Name
00036600: [ 0] 00000000 00000000 00000000 
00036628: [ 1] 08048154 00000013 00000154 .interp
00036650: [ 2] 08048168 00000020 00000168 .note.ABI-tag
00036678: [ 3] 08048188 0000032C 00000188 .hash
000366A0: [ 4] 080484B4 00000044 000004B4 .gnu.hash
000366C8: [ 5] 080484F8 00000680 000004F8 .dynsym
000366F0: [ 6] 08048B78 00000452 00000B78 .dynstr
00036718: [ 7] 08048FCA 000000D0 00000FCA .gnu.version
00036740: [ 8] 0804909C 000000B0 0000109C .gnu.version_r
00036768: [ 9] 0804914C 00000028 0000114C .rel.dyn
00036790: [10] 08049174 00000308 00001174 .rel.plt
000367B8: [11] 0804947C 00000030 0000147C .init
000367E0: [12] 080494AC 00000620 000014AC .plt
00036808: [13] 08049AD0 000149DC 00001AD0 .text
00036830: [14] 0805E4AC 0000001C 000164AC .fini
00036858: [15] 0805E4E0 00003ED0 000164E0 .rodata
00036880: [16] 080623B0 0000002C 0001A3B0 .eh_frame_hdr
000368A8: [17] 080623DC 0000009C 0001A3DC .eh_frame
000368D0: [18] 08063F00 00000008 0001AF00 .ctors
000368F8: [19] 08063F08 00000008 0001AF08 .dtors
00036920: [20] 08063F10 00000004 0001AF10 .jcr
00036948: [21] 08063F14 000000D8 0001AF14 .dynamic
00036970: [22] 08063FEC 00000008 0001AFEC .got
00036998: [23] 08063FF4 00000190 0001AFF4 .got.plt
000369C0: [24] 080641A0 00000244 0001B1A0 .data
000369E8: [25] 08064400 0000046C 0001B3E4 .bss
00036A10: [26] 00000000 00000708 0001B3E4 .comment
00036A38: [27] 00000000 00000490 0001BAF0 .debug_aranges
00036A60: [28] 00000000 00000959 0001BF80 .debug_pubnames
00036A88: [29] 00000000 0000CFD9 0001C8D9 .debug_info
00036AB0: [30] 00000000 00002482 000298B2 .debug_abbrev
00036AD8: [31] 00000000 00002D19 0002BD34 .debug_line
00036B00: [32] 00000000 00001B1C 0002EA50 .debug_frame
00036B28: [33] 00000000 00003342 0003056C .debug_str
00036B50: [34] 00000000 00002B93 000338AE .debug_loc
00036B78: [35] 00000000 00000058 00036448 .debug_ranges
00036BA0: [36] 00000000 0000015F 000364A0 .shstrtab
00036BC8: [37] 00000000 000024F0 00036C18 .symtab
00036BF0: [38] 00000000 000021D1 00039108 .strtab
Matching signatures...
0 Procs, 0 Labels, 0 Branches, 0 / 105 kB covered
0 Procs, 0 Labels, 0 Branches, 0 / 105 kB covered
Separating code and data...
0 Procs, 0 Labels, 0 Branches, 0 / 105 kB covered
0 Procs, 17 Labels, 15 Branches, 0 / 105 kB covered
0 Procs, 17 Labels, 15 Branches, 0 / 105 kB covered
0 Procs, 19 Labels, 16 Branches, 0 / 105 kB covered
0 Procs, 21 Labels, 17 Branches, 0 / 105 kB covered
0 Procs, 23 Labels, 18 Branches, 0 / 105 kB covered
0 Procs, 32 Labels, 25 Branches, 0 / 105 kB covered
0 Procs, 33 Labels, 25 Branches, 0 / 105 kB covered
0 Procs, 33 Labels, 25 Branches, 0 / 105 kB covered
0 Procs, 45 Labels, 34 Branches, 0 / 105 kB covered
0 Procs, 61 Labels, 46 Branches, 0 / 105 kB covered
0 Procs, 91 Labels, 65 Branches, 0 / 105 kB covered
0 Procs, 96 Labels, 69 Branches, 0 / 105 kB covered
0 Procs, 97 Labels, 71 Branches, 0 / 105 kB covered
0 Procs, 232 Labels, 260 Branches, 0 / 105 kB covered
0 Procs, 233 Labels, 264 Branches, 0 / 105 kB covered
0 Procs, 243 Labels, 273 Branches, 0 / 105 kB covered
0 Procs, 249 Labels, 280 Branches, 0 / 105 kB covered
0 Procs, 252 Labels, 282 Branches, 0 / 105 kB covered
0 Procs, 255 Labels, 284 Branches, 0 / 105 kB covered
0 Procs, 270 Labels, 299 Branches, 0 / 105 kB covered
0 Procs, 1637 Labels, 1755 Branches, 0 / 105 kB covered
0 Procs, 1637 Labels, 1755 Branches, 0 / 105 kB covered
0 Procs, 1637 Labels, 1755 Branches, 0 / 105 kB covered
0 Procs, 1637 Labels, 1755 Branches, 0 / 105 kB covered
0 Procs, 1637 Labels, 1755 Branches, 0 / 105 kB covered
0 Procs, 1637 Labels, 1755 Branches, 0 / 105 kB covered
0 Procs, 1637 Labels, 1755 Branches, 0 / 105 kB covered
0 Procs, 1637 Labels, 1755 Branches, 0 / 105 kB covered
0 Procs, 1637 Labels, 1755 Branches, 0 / 105 kB covered
0 Procs, 1637 Labels, 1757 Branches, 0 / 105 kB covered
0 Procs, 1637 Labels, 1757 Branches, 0 / 105 kB covered
0 Procs, 1637 Labels, 1757 Branches, 0 / 105 kB covered
0 Procs, 1637 Labels, 1757 Branches, 0 / 105 kB covered
0 Procs, 1637 Labels, 1757 Branches, 0 / 105 kB covered
0 Procs, 1637 Labels, 1757 Branches, 0 / 105 kB covered
0 Procs, 1637 Labels, 1757 Branches, 0 / 105 kB covered
0 Procs, 1637 Labels, 1757 Branches, 0 / 105 kB covered
0 Procs, 1637 Labels, 1757 Branches, 0 / 105 kB covered
0 Procs, 1637 Labels, 1757 Branches, 0 / 105 kB covered
0 Procs, 1637 Labels, 1757 Branches, 0 / 105 kB covered
0 Procs, 1637 Labels, 1757 Branches, 0 / 105 kB covered
0 Procs, 1637 Labels, 1757 Branches, 0 / 105 kB covered
0 Procs, 1637 Labels, 1757 Branches, 0 / 105 kB covered
0 Procs, 1637 Labels, 1757 Branches, 0 / 105 kB covered
0 Procs, 1644 Labels, 1771 Branches, 0 / 105 kB covered
0 Procs, 1657 Labels, 1786 Branches, 0 / 105 kB covered
0 Procs, 1657 Labels, 1786 Branches, 0 / 105 kB covered
0 Procs, 1657 Labels, 1786 Branches, 0 / 105 kB covered
0 Procs, 1657 Labels, 1786 Branches, 0 / 105 kB covered
0 Procs, 1658 Labels, 1788 Branches, 0 / 105 kB covered
0 Procs, 1659 Labels, 1790 Branches, 0 / 105 kB covered
0 Procs, 1660 Labels, 1792 Branches, 0 / 105 kB covered
0 Procs, 1668 Labels, 1802 Branches, 0 / 105 kB covered
0 Procs, 1676 Labels, 1812 Branches, 0 / 105 kB covered
0 Procs, 1684 Labels, 1822 Branches, 0 / 105 kB covered
0 Procs, 1692 Labels, 1832 Branches, 0 / 105 kB covered
0 Procs, 1698 Labels, 1842 Branches, 0 / 105 kB covered
0 Procs, 1698 Labels, 1842 Branches, 0 / 105 kB covered
0 Procs, 1698 Labels, 1842 Branches, 0 / 105 kB covered
0 Procs, 1699 Labels, 1844 Branches, 0 / 105 kB covered
0 Procs, 1700 Labels, 1846 Branches, 0 / 105 kB covered
0 Procs, 1701 Labels, 1848 Branches, 0 / 105 kB covered
0 Procs, 1709 Labels, 1858 Branches, 0 / 105 kB covered
0 Procs, 1717 Labels, 1868 Branches, 0 / 105 kB covered
0 Procs, 1725 Labels, 1878 Branches, 0 / 105 kB covered
0 Procs, 1733 Labels, 1888 Branches, 0 / 105 kB covered
0 Procs, 1739 Labels, 1898 Branches, 0 / 105 kB covered
0 Procs, 1739 Labels, 1898 Branches, 0 / 105 kB covered
0 Procs, 1739 Labels, 1898 Branches, 0 / 105 kB covered
0 Procs, 1740 Labels, 1900 Branches, 0 / 105 kB covered
0 Procs, 1741 Labels, 1902 Branches, 0 / 105 kB covered
0 Procs, 1742 Labels, 1904 Branches, 0 / 105 kB covered
0 Procs, 1750 Labels, 1914 Branches, 0 / 105 kB covered
0 Procs, 1758 Labels, 1924 Branches, 0 / 105 kB covered
0 Procs, 1766 Labels, 1934 Branches, 0 / 105 kB covered
0 Procs, 1774 Labels, 1944 Branches, 0 / 105 kB covered
0 Procs, 1787 Labels, 1957 Branches, 0 / 105 kB covered
0 Procs, 1787 Labels, 1957 Branches, 0 / 105 kB covered
0 Procs, 1788 Labels, 1959 Branches, 0 / 105 kB covered
0 Procs, 1789 Labels, 1961 Branches, 0 / 105 kB covered
0 Procs, 1790 Labels, 1963 Branches, 0 / 105 kB covered
0 Procs, 1798 Labels, 1973 Branches, 0 / 105 kB covered
0 Procs, 1806 Labels, 1983 Branches, 0 / 105 kB covered
0 Procs, 1814 Labels, 1993 Branches, 0 / 105 kB covered
0 Procs, 1822 Labels, 2003 Branches, 0 / 105 kB covered
0 Procs, 1824 Labels, 2007 Branches, 0 / 105 kB covered
0 Procs, 1824 Labels, 2007 Branches, 0 / 105 kB covered
0 Procs, 1825 Labels, 2009 Branches, 0 / 105 kB covered
0 Procs, 1826 Labels, 2011 Branches, 0 / 105 kB covered
0 Procs, 1827 Labels, 2013 Branches, 0 / 105 kB covered
0 Procs, 1835 Labels, 2023 Branches, 0 / 105 kB covered
0 Procs, 1843 Labels, 2033 Branches, 0 / 105 kB covered
0 Procs, 1851 Labels, 2043 Branches, 0 / 105 kB covered
0 Procs, 1859 Labels, 2053 Branches, 0 / 105 kB covered
0 Procs, 1870 Labels, 2066 Branches, 0 / 105 kB covered
0 Procs, 1870 Labels, 2066 Branches, 0 / 105 kB covered
0 Procs, 1871 Labels, 2068 Branches, 0 / 105 kB covered
0 Procs, 1872 Labels, 2070 Branches, 0 / 105 kB covered
0 Procs, 1873 Labels, 2072 Branches, 0 / 105 kB covered
0 Procs, 1881 Labels, 2082 Branches, 0 / 105 kB covered
0 Procs, 1889 Labels, 2092 Branches, 0 / 105 kB covered
0 Procs, 1897 Labels, 2102 Branches, 0 / 105 kB covered
0 Procs, 1905 Labels, 2112 Branches, 0 / 105 kB covered
0 Procs, 1909 Labels, 2117 Branches, 0 / 105 kB covered
0 Procs, 1909 Labels, 2117 Branches, 0 / 105 kB covered
0 Procs, 1910 Labels, 2119 Branches, 0 / 105 kB covered
0 Procs, 1918 Labels, 2129 Branches, 0 / 105 kB covered
0 Procs, 1925 Labels, 2139 Branches, 0 / 105 kB covered
0 Procs, 1925 Labels, 2139 Branches, 0 / 105 kB covered
0 Procs, 1925 Labels, 2139 Branches, 0 / 105 kB covered
0 Procs, 1925 Labels, 2139 Branches, 0 / 105 kB covered
0 Procs, 2053 Labels, 2259 Branches, 0 / 105 kB covered
0 Procs, 2061 Labels, 2266 Branches, 0 / 105 kB covered
0 Procs, 2067 Labels, 2275 Branches, 0 / 105 kB covered
0 Procs, 2074 Labels, 2282 Branches, 0 / 105 kB covered
0 Procs, 2080 Labels, 2289 Branches, 0 / 105 kB covered
0 Procs, 2080 Labels, 2289 Branches, 0 / 105 kB covered
0 Procs, 2080 Labels, 2289 Branches, 0 / 105 kB covered
0 Procs, 2080 Labels, 2289 Branches, 0 / 105 kB covered
0 Procs, 2400 Labels, 2589 Branches, 0 / 105 kB covered
0 Procs, 2400 Labels, 2589 Branches, 0 / 105 kB covered
0 Procs, 2400 Labels, 2589 Branches, 0 / 105 kB covered
0 Procs, 2400 Labels, 2589 Branches, 0 / 105 kB covered
0 Procs, 2400 Labels, 2589 Branches, 0 / 105 kB covered
0 Procs, 2420 Labels, 2609 Branches, 0 / 105 kB covered
0 Procs, 2420 Labels, 2609 Branches, 0 / 105 kB covered
0 Procs, 2420 Labels, 2609 Branches, 0 / 105 kB covered
0 Procs, 2420 Labels, 2609 Branches, 0 / 105 kB covered
0 Procs, 2420 Labels, 2609 Branches, 0 / 105 kB covered
0 Procs, 2438 Labels, 2627 Branches, 0 / 105 kB covered
0 Procs, 2493 Labels, 2679 Branches, 0 / 105 kB covered
0 Procs, 2500 Labels, 2692 Branches, 0 / 105 kB covered
0 Procs, 2508 Labels, 2703 Branches, 0 / 105 kB covered
0 Procs, 2508 Labels, 2703 Branches, 0 / 105 kB covered
0 Procs, 2508 Labels, 2703 Branches, 0 / 105 kB covered
0 Procs, 2508 Labels, 2703 Branches, 0 / 105 kB covered
0 Procs, 2508 Labels, 2703 Branches, 0 / 105 kB covered
0 Procs, 2508 Labels, 2703 Branches, 0 / 105 kB covered
0 Procs, 2508 Labels, 2703 Branches, 0 / 105 kB covered
0 Procs, 2508 Labels, 2703 Branches, 0 / 105 kB covered
0 Procs, 2508 Labels, 2703 Branches, 0 / 105 kB covered
0 Procs, 2508 Labels, 2703 Branches, 0 / 105 kB covered
0 Procs, 3091 Labels, 3241 Branches, 0 / 105 kB covered
0 Procs, 3091 Labels, 3243 Branches, 0 / 105 kB covered
0 Procs, 3091 Labels, 3243 Branches, 0 / 105 kB covered
0 Procs, 3092 Labels, 3243 Branches, 0 / 105 kB covered
0 Procs, 3092 Labels, 3243 Branches, 0 / 105 kB covered
0 Procs, 3092 Labels, 3243 Branches, 0 / 105 kB covered
0 Procs, 3092 Labels, 3243 Branches, 0 / 105 kB covered
0 Procs, 3092 Labels, 3243 Branches, 0 / 105 kB covered
0 Procs, 3098 Labels, 3249 Branches, 0 / 105 kB covered
0 Procs, 3098 Labels, 3249 Branches, 0 / 105 kB covered
0 Procs, 3108 Labels, 3263 Branches, 0 / 105 kB covered
0 Procs, 3108 Labels, 3263 Branches, 0 / 105 kB covered
0 Procs, 3110 Labels, 3264 Branches, 0 / 105 kB covered
0 Procs, 3135 Labels, 3295 Branches, 0 / 105 kB covered
0 Procs, 3135 Labels, 3295 Branches, 0 / 105 kB covered
0 Procs, 3135 Labels, 3295 Branches, 0 / 105 kB covered
0 Procs, 3135 Labels, 3295 Branches, 0 / 105 kB covered
0 Procs, 3135 Labels, 3295 Branches, 0 / 105 kB covered
0 Procs, 3135 Labels, 3295 Branches, 0 / 105 kB covered
0 Procs, 3135 Labels, 3295 Branches, 0 / 105 kB covered
0 Procs, 3135 Labels, 3295 Branches, 0 / 105 kB covered
0 Procs, 3135 Labels, 3295 Branches, 0 / 105 kB covered
0 Procs, 3137 Labels, 3296 Branches, 0 / 105 kB covered
0 Procs, 3137 Labels, 3297 Branches, 0 / 105 kB covered
0 Procs, 3137 Labels, 3297 Branches, 0 / 105 kB covered
0 Procs, 3147 Labels, 3304 Branches, 0 / 105 kB covered
0 Procs, 3159 Labels, 3313 Branches, 0 / 105 kB covered
0 Procs, 3160 Labels, 3322 Branches, 0 / 105 kB covered
0 Procs, 3171 Labels, 3333 Branches, 0 / 105 kB covered
0 Procs, 3180 Labels, 3341 Branches, 0 / 105 kB covered
0 Procs, 3194 Labels, 3354 Branches, 0 / 105 kB covered
0 Procs, 3205 Labels, 3362 Branches, 0 / 105 kB covered
0 Procs, 3216 Labels, 3371 Branches, 0 / 105 kB covered
0 Procs, 3219 Labels, 3374 Branches, 0 / 105 kB covered
0 Procs, 3219 Labels, 3374 Branches, 0 / 105 kB covered
0 Procs, 3219 Labels, 3374 Branches, 0 / 105 kB covered
0 Procs, 3219 Labels, 3375 Branches, 0 / 105 kB covered
0 Procs, 3219 Labels, 3375 Branches, 0 / 105 kB covered
0 Procs, 3219 Labels, 3375 Branches, 0 / 105 kB covered
0 Procs, 3231 Labels, 3385 Branches, 0 / 105 kB covered
0 Procs, 3231 Labels, 3385 Branches, 0 / 105 kB covered
0 Procs, 3231 Labels, 3385 Branches, 0 / 105 kB covered
0 Procs, 3231 Labels, 3385 Branches, 0 / 105 kB covered
0 Procs, 3231 Labels, 3385 Branches, 0 / 105 kB covered
0 Procs, 3231 Labels, 3385 Branches, 0 / 105 kB covered
0 Procs, 3231 Labels, 3385 Branches, 0 / 105 kB covered
0 Procs, 3231 Labels, 3385 Branches, 0 / 105 kB covered
0 Procs, 3231 Labels, 3385 Branches, 0 / 105 kB covered
0 Procs, 3231 Labels, 3385 Branches, 0 / 105 kB covered
0 Procs, 3231 Labels, 3385 Branches, 0 / 105 kB covered
0 Procs, 3231 Labels, 3385 Branches, 0 / 105 kB covered
0 Procs, 3231 Labels, 3385 Branches, 0 / 105 kB covered
0 Procs, 3231 Labels, 3385 Branches, 0 / 105 kB covered
0 Procs, 3231 Labels, 3385 Branches, 0 / 105 kB covered
0 Procs, 3248 Labels, 3405 Branches, 0 / 105 kB covered
0 Procs, 3248 Labels, 3405 Branches, 0 / 105 kB covered
0 Procs, 3265 Labels, 3425 Branches, 0 / 105 kB covered
0 Procs, 3265 Labels, 3425 Branches, 0 / 105 kB covered
0 Procs, 3265 Labels, 3425 Branches, 0 / 105 kB covered
0 Procs, 3265 Labels, 3425 Branches, 0 / 105 kB covered
0 Procs, 3265 Labels, 3425 Branches, 0 / 105 kB covered
0 Procs, 3265 Labels, 3425 Branches, 0 / 105 kB covered
0 Procs, 3265 Labels, 3425 Branches, 0 / 105 kB covered
0 Procs, 3265 Labels, 3425 Branches, 0 / 105 kB covered
0 Procs, 3265 Labels, 3425 Branches, 0 / 105 kB covered
0 Procs, 3265 Labels, 3425 Branches, 0 / 105 kB covered
0 Procs, 3265 Labels, 3425 Branches, 0 / 105 kB covered
0 Procs, 3268 Labels, 3429 Branches, 0 / 105 kB covered
0 Procs, 3268 Labels, 3429 Branches, 0 / 105 kB covered
0 Procs, 3268 Labels, 3429 Branches, 0 / 105 kB covered
0 Procs, 3269 Labels, 3435 Branches, 0 / 105 kB covered
0 Procs, 3276 Labels, 3443 Branches, 0 / 105 kB covered
0 Procs, 3276 Labels, 3443 Branches, 0 / 105 kB covered
0 Procs, 3276 Labels, 3443 Branches, 0 / 105 kB covered
0 Procs, 3276 Labels, 3443 Branches, 0 / 105 kB covered
0 Procs, 3276 Labels, 3443 Branches, 0 / 105 kB covered
0 Procs, 3276 Labels, 3443 Branches, 0 / 105 kB covered
0 Procs, 3277 Labels, 3446 Branches, 0 / 105 kB covered
0 Procs, 3277 Labels, 3448 Branches, 0 / 105 kB covered
0 Procs, 3277 Labels, 3448 Branches, 0 / 105 kB covered
0 Procs, 3277 Labels, 3448 Branches, 0 / 105 kB covered
0 Procs, 3277 Labels, 3448 Branches, 0 / 105 kB covered
0 Procs, 3277 Labels, 3448 Branches, 0 / 105 kB covered
0 Procs, 3277 Labels, 3448 Branches, 0 / 105 kB covered
0 Procs, 3277 Labels, 3449 Branches, 0 / 105 kB covered
0 Procs, 3277 Labels, 3449 Branches, 0 / 105 kB covered
0 Procs, 3277 Labels, 3449 Branches, 0 / 105 kB covered
0 Procs, 3277 Labels, 3449 Branches, 0 / 105 kB covered
0 Procs, 3277 Labels, 3449 Branches, 0 / 105 kB covered
0 Procs, 3277 Labels, 3449 Branches, 0 / 105 kB covered
0 Procs, 3283 Labels, 3456 Branches, 0 / 105 kB covered
0 Procs, 3283 Labels, 3456 Branches, 0 / 105 kB covered
0 Procs, 3283 Labels, 3456 Branches, 0 / 105 kB covered
0 Procs, 3283 Labels, 3456 Branches, 0 / 105 kB covered
0 Procs, 3284 Labels, 3458 Branches, 0 / 105 kB covered
0 Procs, 3285 Labels, 3461 Branches, 0 / 105 kB covered
0 Procs, 3287 Labels, 3465 Branches, 0 / 105 kB covered
0 Procs, 3287 Labels, 3465 Branches, 0 / 105 kB covered
0 Procs, 3287 Labels, 3465 Branches, 0 / 105 kB covered
0 Procs, 3301 Labels, 3478 Branches, 0 / 105 kB covered
0 Procs, 3305 Labels, 3483 Branches, 0 / 105 kB covered
0 Procs, 3306 Labels, 3483 Branches, 0 / 105 kB covered
0 Procs, 3309 Labels, 3487 Branches, 0 / 105 kB covered
0 Procs, 3309 Labels, 3487 Branches, 0 / 105 kB covered
0 Procs, 3309 Labels, 3487 Branches, 0 / 105 kB covered
0 Procs, 3309 Labels, 3487 Branches, 0 / 105 kB covered
0 Procs, 3316 Labels, 3493 Branches, 0 / 105 kB covered
0 Procs, 3319 Labels, 3497 Branches, 0 / 105 kB covered
0 Procs, 3319 Labels, 3497 Branches, 0 / 105 kB covered
0 Procs, 3319 Labels, 3497 Branches, 0 / 105 kB covered
0 Procs, 3319 Labels, 3497 Branches, 0 / 105 kB covered
0 Procs, 3319 Labels, 3497 Branches, 0 / 105 kB covered
0 Procs, 3319 Labels, 3497 Branches, 0 / 105 kB covered
0 Procs, 3319 Labels, 3497 Branches, 0 / 105 kB covered
0 Procs, 3319 Labels, 3497 Branches, 0 / 105 kB covered
0 Procs, 3319 Labels, 3497 Branches, 0 / 105 kB covered
0 Procs, 3319 Labels, 3497 Branches, 0 / 105 kB covered
0 Procs, 3319 Labels, 3497 Branches, 0 / 105 kB covered
0 Procs, 3319 Labels, 3497 Branches, 0 / 105 kB covered
0 Procs, 3319 Labels, 3497 Branches, 0 / 105 kB covered
0 Procs, 3319 Labels, 3497 Branches, 0 / 105 kB covered
0 Procs, 3319 Labels, 3497 Branches, 0 / 105 kB covered
0 Procs, 3319 Labels, 3497 Branches, 0 / 105 kB covered
0 Procs, 3321 Labels, 3498 Branches, 0 / 105 kB covered
0 Procs, 3325 Labels, 3504 Branches, 0 / 105 kB covered
0 Procs, 3325 Labels, 3504 Branches, 0 / 105 kB covered
0 Procs, 3325 Labels, 3504 Branches, 0 / 105 kB covered
0 Procs, 3325 Labels, 3504 Branches, 0 / 105 kB covered
0 Procs, 3325 Labels, 3504 Branches, 0 / 105 kB covered
0 Procs, 3325 Labels, 3504 Branches, 0 / 105 kB covered
0 Procs, 3325 Labels, 3504 Branches, 0 / 105 kB covered
0 Procs, 3328 Labels, 3507 Branches, 0 / 105 kB covered
366 Procs, 3328 Labels, 3507 Branches, 0 / 105 kB covered
366 Procs, 3328 Labels, 3507 Branches, 0 / 105 kB covered
366 Procs, 3328 Labels, 3507 Branches, 0 / 105 kB covered
366 Procs, 3328 Labels, 3507 Branches, 0 / 105 kB covered
366 Procs, 3328 Labels, 3507 Branches, 0 / 105 kB covered
366 Procs, 3328 Labels, 3507 Branches, 0 / 105 kB covered
366 Procs, 3328 Labels, 3507 Branches, 0 / 105 kB covered
366 Procs, 3328 Labels, 3507 Branches, 0 / 105 kB covered
366 Procs, 3328 Labels, 3507 Branches, 0 / 105 kB covered
366 Procs, 3328 Labels, 3507 Branches, 0 / 105 kB covered
366 Procs, 3328 Labels, 3507 Branches, 0 / 105 kB covered
366 Procs, 3328 Labels, 3507 Branches, 0 / 105 kB covered
366 Procs, 3328 Labels, 3507 Branches, 0 / 105 kB covered
366 Procs, 3328 Labels, 3507 Branches, 0 / 105 kB covered
366 Procs, 3328 Labels, 3507 Branches, 0 / 105 kB covered
366 Procs, 3328 Labels, 3507 Branches, 0 / 105 kB covered
366 Procs, 3328 Labels, 3507 Branches, 0 / 105 kB covered
366 Procs, 3328 Labels, 3507 Branches, 0 / 105 kB covered
366 Procs, 3328 Labels, 3507 Branches, 0 / 105 kB covered
366 Procs, 3328 Labels, 3507 Branches, 0 / 105 kB covered
366 Procs, 3328 Labels, 3507 Branches, 0 / 105 kB covered
366 Procs, 3328 Labels, 3507 Branches, 0 / 105 kB covered
366 Procs, 3328 Labels, 3507 Branches, 0 / 105 kB covered
366 Procs, 3328 Labels, 3507 Branches, 0 / 105 kB covered
366 Procs, 3328 Labels, 3507 Branches, 0 / 105 kB covered
366 Procs, 3328 Labels, 3507 Branches, 0 / 105 kB covered
366 Procs, 3328 Labels, 3507 Branches, 0 / 105 kB covered
366 Procs, 3328 Labels, 3507 Branches, 0 / 105 kB covered
366 Procs, 3328 Labels, 3507 Branches, 0 / 105 kB covered
366 Procs, 3328 Labels, 3507 Branches, 0 / 105 kB covered
366 Procs, 3328 Labels, 3507 Branches, 0 / 105 kB covered
366 Procs, 3328 Labels, 3507 Branches, 0 / 105 kB covered
366 Procs, 3328 Labels, 3507 Branches, 0 / 105 kB covered
366 Procs, 3328 Labels, 3507 Branches, 0 / 105 kB covered
366 Procs, 3328 Labels, 3507 Branches, 0 / 105 kB covered
366 Procs, 3328 Labels, 3507 Branches, 0 / 105 kB covered
366 Procs, 3328 Labels, 3507 Branches, 0 / 105 kB covered
366 Procs, 3328 Labels, 3507 Branches, 0 / 105 kB covered
366 Procs, 3328 Labels, 3507 Branches, 0 / 105 kB covered
366 Procs, 3328 Labels, 3507 Branches, 0 / 105 kB covered
366 Procs, 3328 Labels, 3507 Branches, 0 / 105 kB covered
366 Procs, 3328 Labels, 3507 Branches, 0 / 105 kB covered
366 Procs, 3328 Labels, 3507 Branches, 0 / 105 kB covered
366 Procs, 3328 Labels, 3507 Branches, 0 / 105 kB covered
366 Procs, 3328 Labels, 3507 Branches, 0 / 105 kB covered
366 Procs, 3328 Labels, 3507 Branches, 0 / 105 kB covered
366 Procs, 3328 Labels, 3507 Branches, 0 / 105 kB covered
366 Procs, 3328 Labels, 3507 Branches, 0 / 105 kB covered
366 Procs, 3328 Labels, 3507 Branches, 0 / 105 kB covered
366 Procs, 3328 Labels, 3507 Branches, 0 / 105 kB covered
366 Procs, 3328 Labels, 3507 Branches, 0 / 105 kB covered
366 Procs, 3328 Labels, 3507 Branches, 0 / 105 kB covered
366 Procs, 3328 Labels, 3507 Branches, 0 / 105 kB covered
366 Procs, 3328 Labels, 3507 Branches, 0 / 105 kB covered
366 Procs, 3328 Labels, 3507 Branches, 0 / 105 kB covered
366 Procs, 3328 Labels, 3507 Branches, 0 / 105 kB covered
366 Procs, 3328 Labels, 3507 Branches, 0 / 105 kB covered
366 Procs, 3328 Labels, 3507 Branches, 0 / 105 kB covered
366 Procs, 3328 Labels, 3507 Branches, 0 / 105 kB covered
366 Procs, 3328 Labels, 3507 Branches, 0 / 105 kB covered
366 Procs, 3328 Labels, 3507 Branches, 0 / 105 kB covered
366 Procs, 3328 Labels, 3507 Branches, 0 / 105 kB covered
366 Procs, 3328 Labels, 3507 Branches, 0 / 105 kB covered
366 Procs, 3328 Labels, 3507 Branches, 0 / 105 kB covered
366 Procs, 3328 Labels, 3507 Branches, 0 / 105 kB covered
366 Procs, 3328 Labels, 3507 Branches, 0 / 105 kB covered
366 Procs, 3328 Labels, 3507 Branches, 0 / 105 kB covered
366 Procs, 3328 Labels, 3507 Branches, 0 / 105 kB covered
366 Procs, 3328 Labels, 3507 Branches, 0 / 105 kB covered
366 Procs, 3328 Labels, 3507 Branches, 0 / 105 kB covered
366 Procs, 3328 Labels, 3507 Branches, 0 / 105 kB covered
366 Procs, 3328 Labels, 3507 Branches, 0 / 105 kB covered
366 Procs, 3328 Labels, 3507 Branches, 0 / 105 kB covered
366 Procs, 3328 Labels, 3507 Branches, 0 / 105 kB covered
366 Procs, 3328 Labels, 3507 Branches, 0 / 105 kB covered
366 Procs, 3328 Labels, 3507 Branches, 0 / 105 kB covered
366 Procs, 3328 Labels, 3507 Branches, 0 / 105 kB covered
366 Procs, 3328 Labels, 3507 Branches, 0 / 105 kB covered
366 Procs, 3328 Labels, 3507 Branches, 0 / 105 kB covered
366 Procs, 3328 Labels, 3507 Branches, 0 / 105 kB covered
366 Procs, 3328 Labels, 3507 Branches, 0 / 105 kB covered
366 Procs, 3328 Labels, 3507 Branches, 0 / 105 kB covered
366 Procs, 3328 Labels, 3507 Branches, 0 / 105 kB covered
366 Procs, 3328 Labels, 3507 Branches, 0 / 105 kB covered
366 Procs, 3328 Labels, 3507 Branches, 0 / 105 kB covered
366 Procs, 3328 Labels, 3507 Branches, 0 / 105 kB covered
366 Procs, 3328 Labels, 3507 Branches, 0 / 105 kB covered
366 Procs, 3328 Labels, 3507 Branches, 0 / 105 kB covered
366 Procs, 3328 Labels, 3507 Branches, 0 / 105 kB covered
366 Procs, 3328 Labels, 3507 Branches, 0 / 105 kB covered
366 Procs, 3328 Labels, 3507 Branches, 0 / 105 kB covered
366 Procs, 3328 Labels, 3507 Branches, 0 / 105 kB covered
366 Procs, 3328 Labels, 3507 Branches, 0 / 105 kB covered
366 Procs, 3328 Labels, 3507 Branches, 0 / 105 kB covered
366 Procs, 3328 Labels, 3507 Branches, 0 / 105 kB covered
366 Procs, 3328 Labels, 3507 Branches, 0 / 105 kB covered
366 Procs, 3328 Labels, 3507 Branches, 0 / 105 kB covered
366 Procs, 3328 Labels, 3507 Branches, 0 / 105 kB covered
366 Procs, 3328 Labels, 3507 Branches, 0 / 105 kB covered
366 Procs, 3328 Labels, 3507 Branches, 0 / 105 kB covered
366 Procs, 3328 Labels, 3507 Branches, 0 / 105 kB covered
366 Procs, 3328 Labels, 3507 Branches, 0 / 105 kB covered
366 Procs, 3328 Labels, 3507 Branches, 0 / 105 kB covered
366 Procs, 3328 Labels, 3507 Branches, 0 / 105 kB covered
366 Procs, 3328 Labels, 3507 Branches, 0 / 105 kB covered
366 Procs, 3328 Labels, 3507 Branches, 0 / 105 kB covered
366 Procs, 3328 Labels, 3507 Branches, 0 / 105 kB covered
366 Procs, 3328 Labels, 3507 Branches, 0 / 105 kB covered
366 Procs, 3328 Labels, 3507 Branches, 0 / 105 kB covered
366 Procs, 3328 Labels, 3507 Branches, 0 / 105 kB covered
366 Procs, 3328 Labels, 3507 Branches, 0 / 105 kB covered
366 Procs, 3328 Labels, 3507 Branches, 0 / 105 kB covered
366 Procs, 3328 Labels, 3507 Branches, 0 / 105 kB covered
366 Procs, 3328 Labels, 3507 Branches, 0 / 105 kB covered
366 Procs, 3328 Labels, 3507 Branches, 0 / 105 kB covered
366 Procs, 3328 Labels, 3507 Branches, 0 / 105 kB covered
366 Procs, 3328 Labels, 3507 Branches, 0 / 105 kB covered
366 Procs, 3328 Labels, 3507 Branches, 0 / 105 kB covered
366 Procs, 3328 Labels, 3507 Branches, 0 / 105 kB covered
366 Procs, 3328 Labels, 3507 Branches, 0 / 105 kB covered
366 Procs, 3328 Labels, 3507 Branches, 0 / 105 kB covered
366 Procs, 3328 Labels, 3507 Branches, 0 / 105 kB covered
366 Procs, 3328 Labels, 3507 Branches, 0 / 105 kB covered
366 Procs, 3328 Labels, 3507 Branches, 0 / 105 kB covered
366 Procs, 3328 Labels, 3507 Branches, 0 / 105 kB covered
366 Procs, 3328 Labels, 3507 Branches, 0 / 105 kB covered
366 Procs, 3328 Labels, 3507 Branches, 0 / 105 kB covered
366 Procs, 3328 Labels, 3507 Branches, 0 / 105 kB covered
366 Procs, 3328 Labels, 3507 Branches, 0 / 105 kB covered
366 Procs, 3328 Labels, 3507 Branches, 0 / 105 kB covered
366 Procs, 3328 Labels, 3507 Branches, 0 / 105 kB covered
366 Procs, 3328 Labels, 3507 Branches, 0 / 105 kB covered
366 Procs, 3328 Labels, 3507 Branches, 0 / 105 kB covered
366 Procs, 3328 Labels, 3507 Branches, 0 / 105 kB covered
366 Procs, 3328 Labels, 3507 Branches, 0 / 105 kB covered
366 Procs, 3328 Labels, 3507 Branches, 0 / 105 kB covered
366 Procs, 3328 Labels, 3507 Branches, 0 / 105 kB covered
366 Procs, 3328 Labels, 3507 Branches, 0 / 105 kB covered
366 Procs, 3328 Labels, 3507 Branches, 0 / 105 kB covered
366 Procs, 3328 Labels, 3507 Branches, 0 / 105 kB covered
366 Procs, 3328 Labels, 3507 Branches, 0 / 105 kB covered
366 Procs, 3328 Labels, 3507 Branches, 0 / 105 kB covered
366 Procs, 3328 Labels, 3507 Branches, 0 / 105 kB covered
366 Procs, 3328 Labels, 3507 Branches, 0 / 105 kB covered
366 Procs, 3328 Labels, 3507 Branches, 0 / 105 kB covered
366 Procs, 3328 Labels, 3507 Branches, 0 / 105 kB covered
366 Procs, 3328 Labels, 3507 Branches, 0 / 105 kB covered
366 Procs, 3328 Labels, 3507 Branches, 0 / 105 kB covered
366 Procs, 3328 Labels, 3507 Branches, 0 / 105 kB covered
366 Procs, 3328 Labels, 3507 Branches, 0 / 105 kB covered
366 Procs, 3328 Labels, 3507 Branches, 0 / 105 kB covered
366 Procs, 3328 Labels, 3507 Branches, 0 / 105 kB covered
366 Procs, 3328 Labels, 3507 Branches, 0 / 105 kB covered
366 Procs, 3328 Labels, 3507 Branches, 0 / 105 kB covered
366 Procs, 3328 Labels, 3507 Branches, 0 / 105 kB covered
366 Procs, 3328 Labels, 3507 Branches, 0 / 105 kB covered
366 Procs, 3328 Labels, 3507 Branches, 0 / 105 kB covered
366 Procs, 3328 Labels, 3507 Branches, 0 / 105 kB covered
366 Procs, 3328 Labels, 3507 Branches, 0 / 105 kB covered
366 Procs, 3328 Labels, 3507 Branches, 0 / 105 kB covered
366 Procs, 3328 Labels, 3507 Branches, 0 / 105 kB covered
366 Procs, 3328 Labels, 3507 Branches, 0 / 105 kB covered
366 Procs, 3328 Labels, 3507 Branches, 0 / 105 kB covered
366 Procs, 3328 Labels, 3507 Branches, 0 / 105 kB covered
366 Procs, 3328 Labels, 3507 Branches, 0 / 105 kB covered
366 Procs, 3328 Labels, 3507 Branches, 0 / 105 kB covered
366 Procs, 3328 Labels, 3507 Branches, 0 / 105 kB covered
366 Procs, 3328 Labels, 3507 Branches, 0 / 105 kB covered
366 Procs, 3328 Labels, 3507 Branches, 0 / 105 kB covered
366 Procs, 3328 Labels, 3507 Branches, 0 / 105 kB covered
366 Procs, 3328 Labels, 3507 Branches, 0 / 105 kB covered
366 Procs, 3328 Labels, 3507 Branches, 0 / 105 kB covered
366 Procs, 3328 Labels, 3507 Branches, 0 / 105 kB covered
366 Procs, 3328 Labels, 3507 Branches, 0 / 105 kB covered
366 Procs, 3328 Labels, 3507 Branches, 0 / 105 kB covered
366 Procs, 3328 Labels, 3507 Branches, 0 / 105 kB covered
366 Procs, 3328 Labels, 3507 Branches, 0 / 105 kB covered
366 Procs, 3328 Labels, 3507 Branches, 0 / 105 kB covered
366 Procs, 3328 Labels, 3507 Branches, 0 / 105 kB covered
366 Procs, 3328 Labels, 3507 Branches, 0 / 105 kB covered
366 Procs, 3328 Labels, 3507 Branches, 0 / 105 kB covered
366 Procs, 3328 Labels, 3507 Branches, 0 / 105 kB covered
366 Procs, 3328 Labels, 3507 Branches, 0 / 105 kB covered
366 Procs, 3328 Labels, 3507 Branches, 0 / 105 kB covered
366 Procs, 3328 Labels, 3507 Branches, 0 / 105 kB covered
366 Procs, 3328 Labels, 3507 Branches, 0 / 105 kB covered
366 Procs, 3328 Labels, 3507 Branches, 0 / 105 kB covered
366 Procs, 3328 Labels, 3507 Branches, 0 / 105 kB covered
366 Procs, 3328 Labels, 3507 Branches, 0 / 105 kB covered
366 Procs, 3328 Labels, 3507 Branches, 0 / 105 kB covered
366 Procs, 3328 Labels, 3507 Branches, 0 / 105 kB covered
366 Procs, 3328 Labels, 3507 Branches, 0 / 105 kB covered
366 Procs, 3328 Labels, 3507 Branches, 0 / 105 kB covered
366 Procs, 3328 Labels, 3507 Branches, 0 / 105 kB covered
366 Procs, 3328 Labels, 3507 Branches, 0 / 105 kB covered
366 Procs, 3328 Labels, 3507 Branches, 0 / 105 kB covered
366 Procs, 3328 Labels, 3507 Branches, 0 / 105 kB covered
366 Procs, 3328 Labels, 3507 Branches, 0 / 105 kB covered
366 Procs, 3328 Labels, 3507 Branches, 0 / 105 kB covered
366 Procs, 3328 Labels, 3507 Branches, 0 / 105 kB covered
366 Procs, 3328 Labels, 3507 Branches, 0 / 105 kB covered
366 Procs, 3328 Labels, 3507 Branches, 0 / 105 kB covered
366 Procs, 3328 Labels, 3507 Branches, 0 / 105 kB covered
366 Procs, 3328 Labels, 3507 Branches, 0 / 105 kB covered
366 Procs, 3328 Labels, 3507 Branches, 0 / 105 kB covered
366 Procs, 3328 Labels, 3507 Branches, 0 / 105 kB covered
366 Procs, 3328 Labels, 3507 Branches, 0 / 105 kB covered
366 Procs, 3328 Labels, 3507 Branches, 0 / 105 kB covered
366 Procs, 3328 Labels, 3507 Branches, 0 / 105 kB covered
366 Procs, 3328 Labels, 3507 Branches, 0 / 105 kB covered
366 Procs, 3328 Labels, 3507 Branches, 0 / 105 kB covered
366 Procs, 3328 Labels, 3507 Branches, 0 / 105 kB covered
366 Procs, 3328 Labels, 3507 Branches, 0 / 105 kB covered
366 Procs, 3328 Labels, 3507 Branches, 0 / 105 kB covered
366 Procs, 3328 Labels, 3507 Branches, 0 / 105 kB covered
366 Procs, 3328 Labels, 3507 Branches, 0 / 105 kB covered
366 Procs, 3328 Labels, 3507 Branches, 0 / 105 kB covered
366 Procs, 3328 Labels, 3507 Branches, 0 / 105 kB covered
366 Procs, 3328 Labels, 3507 Branches, 0 / 105 kB covered
366 Procs, 3328 Labels, 3507 Branches, 0 / 105 kB covered
366 Procs, 3328 Labels, 3507 Branches, 0 / 105 kB covered
366 Procs, 3328 Labels, 3507 Branches, 0 / 105 kB covered
366 Procs, 3328 Labels, 3507 Branches, 0 / 105 kB covered
366 Procs, 3328 Labels, 3507 Branches, 0 / 105 kB covered
366 Procs, 3328 Labels, 3507 Branches, 0 / 105 kB covered
366 Procs, 3328 Labels, 3507 Branches, 0 / 105 kB covered
366 Procs, 3328 Labels, 3507 Branches, 0 / 105 kB covered
366 Procs, 3328 Labels, 3507 Branches, 0 / 105 kB covered
366 Procs, 3328 Labels, 3507 Branches, 0 / 105 kB covered
366 Procs, 3328 Labels, 3507 Branches, 0 / 105 kB covered
366 Procs, 3328 Labels, 3507 Branches, 0 / 105 kB covered
366 Procs, 3328 Labels, 3507 Branches, 0 / 105 kB covered
366 Procs, 3328 Labels, 3507 Branches, 0 / 105 kB covered
366 Procs, 3328 Labels, 3507 Branches, 0 / 105 kB covered
366 Procs, 3328 Labels, 3507 Branches, 0 / 105 kB covered
366 Procs, 3328 Labels, 3507 Branches, 0 / 105 kB covered
366 Procs, 3328 Labels, 3507 Branches, 0 / 105 kB covered
366 Procs, 3328 Labels, 3507 Branches, 0 / 105 kB covered
366 Procs, 3328 Labels, 3507 Branches, 0 / 105 kB covered
366 Procs, 3328 Labels, 3507 Branches, 0 / 105 kB covered
366 Procs, 3328 Labels, 3507 Branches, 0 / 105 kB covered
366 Procs, 3328 Labels, 3507 Branches, 0 / 105 kB covered
366 Procs, 3328 Labels, 3507 Branches, 0 / 105 kB covered
366 Procs, 3328 Labels, 3507 Branches, 0 / 105 kB covered
366 Procs, 3328 Labels, 3507 Branches, 0 / 105 kB covered
366 Procs, 3328 Labels, 3507 Branches, 0 / 105 kB covered
366 Procs, 3328 Labels, 3507 Branches, 0 / 105 kB covered
366 Procs, 3328 Labels, 3507 Branches, 0 / 105 kB covered
366 Procs, 3328 Labels, 3507 Branches, 0 / 105 kB covered
366 Procs, 3328 Labels, 3507 Branches, 0 / 105 kB covered
366 Procs, 3328 Labels, 3507 Branches, 0 / 105 kB covered
366 Procs, 3328 Labels, 3507 Branches, 0 / 105 kB covered
366 Procs, 3328 Labels, 3507 Branches, 0 / 105 kB covered
366 Procs, 3328 Labels, 3507 Branches, 0 / 105 kB covered
366 Procs, 3328 Labels, 3507 Branches, 0 / 105 kB covered
366 Procs, 3328 Labels, 3507 Branches, 0 / 105 kB covered
366 Procs, 3328 Labels, 3507 Branches, 0 / 105 kB covered
366 Procs, 3328 Labels, 3507 Branches, 0 / 105 kB covered
366 Procs, 3328 Labels, 3507 Branches, 0 / 105 kB covered
366 Procs, 3328 Labels, 3507 Branches, 0 / 105 kB covered
366 Procs, 3328 Labels, 3507 Branches, 0 / 105 kB covered
366 Procs, 3328 Labels, 3507 Branches, 0 / 105 kB covered
366 Procs, 3328 Labels, 3507 Branches, 0 / 105 kB covered
366 Procs, 3328 Labels, 3507 Branches, 0 / 105 kB covered
366 Procs, 3328 Labels, 3507 Branches, 0 / 105 kB covered
366 Procs, 3328 Labels, 3507 Branches, 0 / 105 kB covered
366 Procs, 3328 Labels, 3507 Branches, 0 / 105 kB covered
366 Procs, 3328 Labels, 3507 Branches, 0 / 105 kB covered
366 Procs, 3328 Labels, 3507 Branches, 0 / 105 kB covered
366 Procs, 3328 Labels, 3507 Branches, 0 / 105 kB covered
366 Procs, 3328 Labels, 3507 Branches, 0 / 105 kB covered
366 Procs, 3328 Labels, 3507 Branches, 0 / 105 kB covered
366 Procs, 3328 Labels, 3507 Branches, 0 / 105 kB covered
366 Procs, 3328 Labels, 3507 Branches, 0 / 105 kB covered
366 Procs, 3328 Labels, 3507 Branches, 0 / 105 kB covered
366 Procs, 3328 Labels, 3507 Branches, 0 / 105 kB covered
366 Procs, 3328 Labels, 3507 Branches, 0 / 105 kB covered
366 Procs, 3328 Labels, 3507 Branches, 0 / 105 kB covered
366 Procs, 3328 Labels, 3507 Branches, 0 / 105 kB covered
366 Procs, 3328 Labels, 3507 Branches, 0 / 105 kB covered
366 Procs, 3328 Labels, 3507 Branches, 0 / 105 kB covered
366 Procs, 3328 Labels, 3507 Branches, 0 / 105 kB covered
366 Procs, 3328 Labels, 3507 Branches, 0 / 105 kB covered
366 Procs, 3328 Labels, 3507 Branches, 0 / 105 kB covered
366 Procs, 3328 Labels, 3507 Branches, 0 / 105 kB covered
366 Procs, 3328 Labels, 3507 Branches, 0 / 105 kB covered
366 Procs, 3328 Labels, 3507 Branches, 0 / 105 kB covered
366 Procs, 3328 Labels, 3507 Branches, 0 / 105 kB covered
366 Procs, 3328 Labels, 3507 Branches, 0 / 105 kB covered
366 Procs, 3328 Labels, 3507 Branches, 0 / 105 kB covered
366 Procs, 3328 Labels, 3507 Branches, 0 / 105 kB covered
366 Procs, 3328 Labels, 3507 Branches, 0 / 105 kB covered
366 Procs, 3328 Labels, 3507 Branches, 0 / 105 kB covered
366 Procs, 3328 Labels, 3507 Branches, 0 / 105 kB covered
366 Procs, 3328 Labels, 3507 Branches, 0 / 105 kB covered
366 Procs, 3328 Labels, 3507 Branches, 0 / 105 kB covered
366 Procs, 3328 Labels, 3507 Branches, 0 / 105 kB covered
366 Procs, 3328 Labels, 3507 Branches, 0 / 105 kB covered
366 Procs, 3328 Labels, 3507 Branches, 0 / 105 kB covered
366 Procs, 3328 Labels, 3507 Branches, 0 / 105 kB covered
366 Procs, 3328 Labels, 3507 Branches, 0 / 105 kB covered
366 Procs, 3328 Labels, 3507 Branches, 0 / 105 kB covered
366 Procs, 3328 Labels, 3507 Branches, 0 / 105 kB covered
366 Procs, 3328 Labels, 3507 Branches, 0 / 105 kB covered
366 Procs, 3328 Labels, 3507 Branches, 0 / 105 kB covered
366 Procs, 3328 Labels, 3507 Branches, 0 / 105 kB covered
366 Procs, 3328 Labels, 3507 Branches, 0 / 105 kB covered
366 Procs, 3328 Labels, 3507 Branches, 0 / 105 kB covered
366 Procs, 3328 Labels, 3507 Branches, 0 / 105 kB covered
366 Procs, 3328 Labels, 3507 Branches, 0 / 105 kB covered
366 Procs, 3328 Labels, 3507 Branches, 0 / 105 kB covered
366 Procs, 3328 Labels, 3507 Branches, 0 / 105 kB covered
366 Procs, 3328 Labels, 3507 Branches, 0 / 105 kB covered
366 Procs, 3328 Labels, 3507 Branches, 0 / 105 kB covered
366 Procs, 3328 Labels, 3507 Branches, 0 / 105 kB covered
366 Procs, 3328 Labels, 3507 Branches, 0 / 105 kB covered
366 Procs, 3328 Labels, 3507 Branches, 0 / 105 kB covered
366 Procs, 3328 Labels, 3507 Branches, 0 / 105 kB covered
366 Procs, 3328 Labels, 3507 Branches, 0 / 105 kB covered
366 Procs, 3328 Labels, 3507 Branches, 0 / 105 kB covered
366 Procs, 3328 Labels, 3507 Branches, 0 / 105 kB covered
366 Procs, 3328 Labels, 3507 Branches, 0 / 105 kB covered
366 Procs, 3328 Labels, 3507 Branches, 0 / 105 kB covered
366 Procs, 3328 Labels, 3507 Branches, 0 / 105 kB covered
366 Procs, 3328 Labels, 3507 Branches, 0 / 105 kB covered
366 Procs, 3328 Labels, 3507 Branches, 0 / 105 kB covered
366 Procs, 3328 Labels, 3507 Branches, 0 / 105 kB covered
366 Procs, 3328 Labels, 3507 Branches, 0 / 105 kB covered
366 Procs, 3328 Labels, 3507 Branches, 0 / 105 kB covered
366 Procs, 3328 Labels, 3507 Branches, 0 / 105 kB covered
366 Procs, 3328 Labels, 3507 Branches, 0 / 105 kB covered
366 Procs, 3328 Labels, 3507 Branches, 0 / 105 kB covered
366 Procs, 3328 Labels, 3507 Branches, 0 / 105 kB covered
366 Procs, 3328 Labels, 3507 Branches, 0 / 105 kB covered
366 Procs, 3328 Labels, 3507 Branches, 0 / 105 kB covered
366 Procs, 3328 Labels, 3507 Branches, 0 / 105 kB covered
366 Procs, 3328 Labels, 3507 Branches, 0 / 105 kB covered
366 Procs, 3328 Labels, 3507 Branches, 0 / 105 kB covered
366 Procs, 3328 Labels, 3507 Branches, 0 / 105 kB covered
366 Procs, 3328 Labels, 3507 Branches, 0 / 105 kB covered
366 Procs, 3328 Labels, 3507 Branches, 0 / 105 kB covered
366 Procs, 3328 Labels, 3507 Branches, 0 / 105 kB covered
366 Procs, 3328 Labels, 3507 Branches, 0 / 105 kB covered
366 Procs, 3328 Labels, 3507 Branches, 0 / 105 kB covered
366 Procs, 3328 Labels, 3507 Branches, 0 / 105 kB covered
366 Procs, 3328 Labels, 3507 Branches, 0 / 105 kB covered
366 Procs, 3328 Labels, 3507 Branches, 0 / 105 kB covered
366 Procs, 3328 Labels, 3507 Branches, 0 / 105 kB covered
366 Procs, 3328 Labels, 3507 Branches, 0 / 105 kB covered
366 Procs, 3328 Labels, 3507 Branches, 0 / 105 kB covered
366 Procs, 3328 Labels, 3507 Branches, 0 / 105 kB covered
366 Procs, 3328 Labels, 3507 Branches, 0 / 105 kB covered
366 Procs, 3328 Labels, 3507 Branches, 0 / 105 kB covered
366 Procs, 3328 Labels, 3507 Branches, 0 / 105 kB covered
366 Procs, 3328 Labels, 3507 Branches, 0 / 105 kB covered
366 Procs, 3328 Labels, 3507 Branches, 0 / 105 kB covered
366 Procs, 3328 Labels, 3507 Branches, 0 / 105 kB covered
366 Procs, 3328 Labels, 3507 Branches, 0 / 105 kB covered
366 Procs, 3328 Labels, 3507 Branches, 0 / 105 kB covered
366 Procs, 3328 Labels, 3507 Branches, 0 / 105 kB covered
366 Procs, 3328 Labels, 3507 Branches, 0 / 105 kB covered
366 Procs, 3328 Labels, 3507 Branches, 0 / 105 kB covered
366 Procs, 3328 Labels, 3507 Branches, 0 / 105 kB covered
366 Procs, 3328 Labels, 3507 Branches, 0 / 105 kB covered
366 Procs, 3328 Labels, 3507 Branches, 0 / 105 kB covered
366 Procs, 3328 Labels, 3507 Branches, 0 / 105 kB covered
366 Procs, 3328 Labels, 3507 Branches, 0 / 105 kB covered
366 Procs, 3328 Labels, 3507 Branches, 0 / 105 kB covered
Resolving indirect jumps...
366 Procs, 3328 Labels, 3507 Branches, 0 / 105 kB covered
366 Procs, 3328 Labels, 3507 Branches, 0 / 105 kB covered
Resolving constants and strings...
366 Procs, 3328 Labels, 3507 Branches, 0 / 105 kB covered
Discovering unreached functions...
366 Procs, 3328 Labels, 3507 Branches, 0 / 105 kB covered
Computing call tree...
366 Procs, 3328 Labels, 3507 Branches, 0 / 105 kB covered
Computing calling conventions...
366 Procs, 3328 Labels, 3507 Branches, 0 / 105 kB covered
Computing Calling Convention: 2/366  0x08049488
Computing Calling Convention: 3/366  0x080494BC
Computing Calling Convention: 4/366  0x080494CC
Computing Calling Convention: 5/366  0x080494DC
Computing Calling Convention: 6/366  0x080494EC
Computing Calling Convention: 7/366  0x080494FC
Computing Calling Convention: 8/366  0x0804950C
Computing Calling Convention: 9/366  0x0804951C
Computing Calling Convention: 10/366  0x0804952C
Computing Calling Convention: 11/366  0x0804953C
Computing Calling Convention: 12/366  0x0804954C
Computing Calling Convention: 13/366  0x0804955C
Computing Calling Convention: 14/366  0x0804956C
Computing Calling Convention: 15/366  0x0804957C
Computing Calling Convention: 16/366  0x0804958C
Computing Calling Convention: 17/366  0x0804959C
Computing Calling Convention: 18/366  0x080495AC
Computing Calling Convention: 19/366  0x080495BC
Computing Calling Convention: 20/366  0x080495CC
Computing Calling Convention: 21/366  0x080495DC
Computing Calling Convention: 22/366  0x080495EC
Computing Calling Convention: 23/366  0x080495FC
Computing Calling Convention: 24/366  0x0804960C
Computing Calling Convention: 25/366  0x0804961C
Computing Calling Convention: 26/366  0x0804962C
Computing Calling Convention: 27/366  0x0804963C
Computing Calling Convention: 28/366  0x0804964C
Computing Calling Convention: 29/366  0x0804965C
Computing Calling Convention: 30/366  0x0804966C
Computing Calling Convention: 31/366  0x0804967C
Computing Calling Convention: 32/366  0x0804968C
Computing Calling Convention: 33/366  0x0804969C
Computing Calling Convention: 34/366  0x080496AC
Computing Calling Convention: 35/366  0x080496BC
Computing Calling Convention: 36/366  0x080496CC
Computing Calling Convention: 37/366  0x080496DC
Computing Calling Convention: 38/366  0x080496EC
Computing Calling Convention: 39/366  0x080496FC
Computing Calling Convention: 40/366  0x0804970C
Computing Calling Convention: 41/366  0x0804971C
Computing Calling Convention: 42/366  0x0804972C
Computing Calling Convention: 43/366  0x0804973C
Computing Calling Convention: 44/366  0x0804974C
Computing Calling Convention: 45/366  0x0804975C
Computing Calling Convention: 46/366  0x0804976C
Computing Calling Convention: 47/366  0x0804977C
Computing Calling Convention: 48/366  0x0804978C
Computing Calling Convention: 49/366  0x0804979C
Computing Calling Convention: 50/366  0x080497AC
Computing Calling Convention: 51/366  0x080497BC
Computing Calling Convention: 52/366  0x080497CC
Computing Calling Convention: 53/366  0x080497DC
Computing Calling Convention: 54/366  0x080497EC
Computing Calling Convention: 55/366  0x080497FC
Computing Calling Convention: 56/366  0x0804980C
Computing Calling Convention: 57/366  0x0804982C
Computing Calling Convention: 58/366  0x0804983C
Computing Calling Convention: 59/366  0x0804984C
Computing Calling Convention: 60/366  0x0804985C
Computing Calling Convention: 61/366  0x0804986C
Computing Calling Convention: 62/366  0x0804987C
Computing Calling Convention: 63/366  0x0804988C
Computing Calling Convention: 64/366  0x0804989C
Computing Calling Convention: 65/366  0x080498AC
Computing Calling Convention: 66/366  0x080498BC
Computing Calling Convention: 67/366  0x080498CC
Computing Calling Convention: 68/366  0x080498DC
Computing Calling Convention: 69/366  0x080498EC
Computing Calling Convention: 70/366  0x080498FC
Computing Calling Convention: 71/366  0x0804990C
Computing Calling Convention: 72/366  0x0804991C
Computing Calling Convention: 73/366  0x0804992C
Computing Calling Convention: 74/366  0x0804993C
Computing Calling Convention: 75/366  0x0804994C
Computing Calling Convention: 76/366  0x0804995C
Computing Calling Convention: 77/366  0x0804996C
Computing Calling Convention: 78/366  0x0804997C
Computing Calling Convention: 79/366  0x0804998C
Computing Calling Convention: 80/366  0x0804999C
Computing Calling Convention: 81/366  0x080499AC
Computing Calling Convention: 82/366  0x080499BC
Computing Calling Convention: 83/366  0x080499CC
Computing Calling Convention: 84/366  0x080499DC
Computing Calling Convention: 85/366  0x080499EC
Computing Calling Convention: 86/366  0x080499FC
Computing Calling Convention: 87/366  0x08049A0C
Computing Calling Convention: 88/366  0x08049A1C
Computing Calling Convention: 89/366  0x08049A2C
Computing Calling Convention: 90/366  0x08049A5C
Computing Calling Convention: 91/366  0x08049A6C
Computing Calling Convention: 92/366  0x08049A7C
Computing Calling Convention: 93/366  0x08049A8C
Computing Calling Convention: 94/366  0x08049A9C
Computing Calling Convention: 95/366  0x08049AAC
Computing Calling Convention: 96/366  0x08049ABC
Computing Calling Convention: 97/366  0x08049AD0
Computing Calling Convention: 98/366  0x08049B00
Computing Calling Convention: 99/366  0x08049B60
Computing Calling Convention: 100/366  0x08049B84
Computing Calling Convention: 101/366  0x08049C3B
Computing Calling Convention: 103/366  0x08049D8B
Computing Calling Convention: 104/366  0x08049DF4
Computing Calling Convention: 106/366  0x08049E97
Computing Calling Convention: 107/366  0x08049EC5
Computing Calling Convention: 109/366  0x08049F5E
Computing Calling Convention: 110/366  0x08049F74
Computing Calling Convention: 113/366  0x0804A844
Computing Calling Convention: 115/366  0x0804B7D9
Computing Calling Convention: 117/366  0x0804BE91
Computing Calling Convention: 122/366  0x0804C6A2
Computing Calling Convention: 123/366  0x0804C6EF
Computing Calling Convention: 124/366  0x0804C78B
Computing Calling Convention: 126/366  0x0804C883
Computing Calling Convention: 128/366  0x0804D30D
Computing Calling Convention: 129/366  0x0804D325
Computing Calling Convention: 130/366  0x0804D33D
Computing Calling Convention: 134/366  0x0804D4B6
Computing Calling Convention: 139/366  0x0804D81C
Computing Calling Convention: 140/366  0x0804D836
Computing Calling Convention: 150/366  0x0804DB67
Computing Calling Convention: 160/366  0x0804DE6E
Computing Calling Convention: 169/366  0x0804E0F0
Computing Calling Convention: 170/366  0x0804E1AB
Computing Calling Convention: 171/366  0x0804E1CD
Computing Calling Convention: 172/366  0x0804E1EF
Computing Calling Convention: 173/366  0x0804E211
Computing Calling Convention: 174/366  0x0804E289
Computing Calling Convention: 175/366  0x0804E301
Computing Calling Convention: 176/366  0x0804E379
Computing Calling Convention: 178/366  0x0804E413
Computing Calling Convention: 179/366  0x0804E431
Computing Calling Convention: 180/366  0x0804E453
Computing Calling Convention: 181/366  0x0804E475
Computing Calling Convention: 182/366  0x0804E497
Computing Calling Convention: 183/366  0x0804E50F
Computing Calling Convention: 184/366  0x0804E587
Computing Calling Convention: 185/366  0x0804E5FF
Computing Calling Convention: 187/366  0x0804E699
Computing Calling Convention: 188/366  0x0804E73A
Computing Calling Convention: 189/366  0x0804E75C
Computing Calling Convention: 190/366  0x0804E77E
Computing Calling Convention: 191/366  0x0804E7A0
Computing Calling Convention: 192/366  0x0804E818
Computing Calling Convention: 193/366  0x0804E890
Computing Calling Convention: 194/366  0x0804E908
Computing Calling Convention: 196/366  0x0804E99A
Computing Calling Convention: 197/366  0x0804E9B8
Computing Calling Convention: 198/366  0x0804E9D2
Computing Calling Convention: 199/366  0x0804EA42
Computing Calling Convention: 200/366  0x0804EAB2
Computing Calling Convention: 202/366  0x0804EC2E
Computing Calling Convention: 204/366  0x0804ED9D
Computing Calling Convention: 213/366  0x0804FDEF
Computing Calling Convention: 217/366  0x08050215
Computing Calling Convention: 218/366  0x08050368
Computing Calling Convention: 220/366  0x0805060F
Computing Calling Convention: 225/366  0x08050B05
Computing Calling Convention: 226/366  0x08050BAF
Computing Calling Convention: 230/366  0x080513B2
Computing Calling Convention: 231/366  0x080513D8
Computing Calling Convention: 233/366  0x08051537
Computing Calling Convention: 237/366  0x08051A20
Computing Calling Convention: 238/366  0x08051A34
Computing Calling Convention: 240/366  0x08051BA8
Computing Calling Convention: 242/366  0x08051D0C
Computing Calling Convention: 243/366  0x08051D70
Computing Calling Convention: 245/366  0x08051E43
Computing Calling Convention: 246/366  0x08051E80
Computing Calling Convention: 248/366  0x08051F54
Computing Calling Convention: 249/366  0x08051F60
Computing Calling Convention: 250/366  0x08052006
Computing Calling Convention: 251/366  0x0805221C
Computing Calling Convention: 252/366  0x0805223C
Computing Calling Convention: 253/366  0x08052254
Computing Calling Convention: 255/366  0x080523A0
Computing Calling Convention: 256/366  0x08052400
Computing Calling Convention: 257/366  0x0805240B
Computing Calling Convention: 258/366  0x08052416
Computing Calling Convention: 259/366  0x08052421
Computing Calling Convention: 260/366  0x08052485
Computing Calling Convention: 261/366  0x08052504
Computing Calling Convention: 262/366  0x080525DC
Computing Calling Convention: 263/366  0x08052677
Computing Calling Convention: 264/366  0x080526C6
Computing Calling Convention: 265/366  0x0805276F
Computing Calling Convention: 266/366  0x080527E6
Computing Calling Convention: 267/366  0x0805285E
Computing Calling Convention: 268/366  0x080528AA
Computing Calling Convention: 269/366  0x0805290D
Computing Calling Convention: 270/366  0x08052941
Computing Calling Convention: 271/366  0x08052978
Computing Calling Convention: 272/366  0x08052A2A
Computing Calling Convention: 273/366  0x08052BB8
Computing Calling Convention: 274/366  0x08052C86
Computing Calling Convention: 275/366  0x08052D72
Computing Calling Convention: 276/366  0x08052DAD
Computing Calling Convention: 277/366  0x08052DD0
Computing Calling Convention: 278/366  0x08052F2D
Computing Calling Convention: 279/366  0x08053109
Computing Calling Convention: 280/366  0x08053324
Computing Calling Convention: 281/366  0x080534C8
Computing Calling Convention: 282/366  0x08053603
Computing Calling Convention: 284/366  0x08054394
Computing Calling Convention: 298/366  0x08054E2C
Computing Calling Convention: 299/366  0x08054E4E
Computing Calling Convention: 300/366  0x08054E73
Computing Calling Convention: 301/366  0x08054EED
Computing Calling Convention: 305/366  0x0805575B
Computing Calling Convention: 309/366  0x080559F2
Computing Calling Convention: 315/366  0x08055BAC
Computing Calling Convention: 316/366  0x08055BEE
Computing Calling Convention: 317/366  0x08055C30
Computing Calling Convention: 318/366  0x0805865E
Computing Calling Convention: 319/366  0x080586BB
Computing Calling Convention: 333/366  0x08058B08
Computing Calling Convention: 334/366  0x08058BC6
Computing Calling Convention: 335/366  0x08058C08
Computing Calling Convention: 336/366  0x08058C5A
Computing Calling Convention: 337/366  0x08058C92
Computing Calling Convention: 338/366  0x08059078
Computing Calling Convention: 342/366  0x0805919E
Computing Calling Convention: 343/366  0x080595A4
Computing Calling Convention: 347/366  0x0805CB11
Computing Calling Convention: 348/366  0x0805CB36
Computing Calling Convention: 349/366  0x0805CB64
Computing Calling Convention: 350/366  0x0805CBD0
Computing Calling Convention: 352/366  0x0805DCED
Computing Calling Convention: 353/366  0x0805DD20
Computing Calling Convention: 354/366  0x0805DEB0
Computing Calling Convention: 355/366  0x0805E090
Computing Calling Convention: 356/366  0x0805E1C0
Computing Calling Convention: 357/366  0x0805E310
Computing Calling Convention: 359/366  0x0805E37A
Computing Calling Convention: 360/366  0x0805E380
Computing Calling Convention: 361/366  0x0805E3C0
Computing Calling Convention: 362/366  0x0805E400
Computing Calling Convention: 363/366  0x0805E440
Computing Calling Convention: 364/366  0x0805E480
Computing Calling Convention: 366/366  0x0805E4B8
Computing Calling Convention: 1/127  0x0804947C
Computing Calling Convention: 2/127  0x08049D54
Computing Calling Convention: 4/127  0x08049F3E
Computing Calling Convention: 5/127  0x08049F8F
Computing Calling Convention: 13/127  0x0804C7A5
Computing Calling Convention: 17/127  0x0804D495
Computing Calling Convention: 21/127  0x0804D797
Computing Calling Convention: 22/127  0x0804D87A
Computing Calling Convention: 23/127  0x0804D89C
Computing Calling Convention: 24/127  0x0804D8BE
Computing Calling Convention: 25/127  0x0804D8E0
Computing Calling Convention: 26/127  0x0804D958
Computing Calling Convention: 27/127  0x0804D9D0
Computing Calling Convention: 28/127  0x0804DA48
Computing Calling Convention: 30/127  0x0804DAE2
Computing Calling Convention: 31/127  0x0804DB81
Computing Calling Convention: 32/127  0x0804DBA3
Computing Calling Convention: 33/127  0x0804DBC5
Computing Calling Convention: 34/127  0x0804DBE7
Computing Calling Convention: 35/127  0x0804DC5F
Computing Calling Convention: 36/127  0x0804DCD7
Computing Calling Convention: 37/127  0x0804DD4F
Computing Calling Convention: 39/127  0x0804DDE9
Computing Calling Convention: 40/127  0x0804DE88
Computing Calling Convention: 41/127  0x0804DEAA
Computing Calling Convention: 42/127  0x0804DECC
Computing Calling Convention: 43/127  0x0804DEEE
Computing Calling Convention: 44/127  0x0804DF66
Computing Calling Convention: 45/127  0x0804DFDE
Computing Calling Convention: 46/127  0x0804E056
Computing Calling Convention: 47/127  0x0804E0CE
Computing Calling Convention: 48/127  0x0804E3F1
Computing Calling Convention: 49/127  0x0804E677
Computing Calling Convention: 50/127  0x0804E980
Computing Calling Convention: 52/127  0x0804ECF0
Computing Calling Convention: 62/127  0x0804FF72
Computing Calling Convention: 64/127  0x080503B2
Computing Calling Convention: 71/127  0x0805105C
Computing Calling Convention: 72/127  0x0805150C
Computing Calling Convention: 75/127  0x080519E4
Computing Calling Convention: 80/127  0x0805236D
Computing Calling Convention: 81/127  0x0805370F
Computing Calling Convention: 82/127  0x080543D0
Computing Calling Convention: 83/127  0x08054532
Computing Calling Convention: 88/127  0x0805497C
Computing Calling Convention: 106/127  0x080586FC
Computing Calling Convention: 112/127  0x080589E1
Computing Calling Convention: 113/127  0x08058A0B
Computing Calling Convention: 115/127  0x08058A5E
Computing Calling Convention: 116/127  0x08058A8A
Computing Calling Convention: 117/127  0x08058AB5
Computing Calling Convention: 118/127  0x08058AE0
Computing Calling Convention: 119/127  0x0805908C
Computing Calling Convention: 120/127  0x080590B8
Computing Calling Convention: 121/127  0x08059166
Computing Calling Convention: 122/127  0x08059634
Computing Calling Convention: 124/127  0x0805CAD5
Computing Calling Convention: 125/127  0x0805CE8C
Computing Calling Convention: 126/127  0x0805E320
Computing Calling Convention: 127/127  0x0805E4AC
Computing Calling Convention: 1/67  0x08049E07
Computing Calling Convention: 6/67  0x0804BF12
Computing Calling Convention: 8/67  0x0804C66F
Computing Calling Convention: 11/67  0x0804D3CA
Computing Calling Convention: 12/67  0x0804D51E
Computing Calling Convention: 14/67  0x0804D775
Computing Calling Convention: 15/67  0x0804DAC0
Computing Calling Convention: 16/67  0x0804DDC7
Computing Calling Convention: 18/67  0x0804EDFC
Computing Calling Convention: 21/67  0x0804EF68
Computing Calling Convention: 38/67  0x08051DCB
Computing Calling Convention: 40/67  0x0805457C
Computing Calling Convention: 41/67  0x08054651
Computing Calling Convention: 42/67  0x0805477C
Computing Calling Convention: 43/67  0x08054851
Computing Calling Convention: 49/67  0x08054DE0
Computing Calling Convention: 62/67  0x080588F0
Computing Calling Convention: 63/67  0x0805891E
Computing Calling Convention: 64/67  0x08058953
Computing Calling Convention: 65/67  0x080589CE
Computing Calling Convention: 66/67  0x08058A3C
Computing Calling Convention: 67/67  0x0805969A
Computing Calling Convention: 10/45  0x0804EEAC
Computing Calling Convention: 11/45  0x0804EF0A
Computing Calling Convention: 12/45  0x0804EFC9
Computing Calling Convention: 13/45  0x0804F005
Computing Calling Convention: 22/45  0x08050C37
Computing Calling Convention: 45/45  0x08058788
Computing Calling Convention: 19/39  0x08051750
Computing Calling Convention: 20/39  0x080519AF
Computing Calling Convention: xx/37  0x08055B8F
Computing Calling Convention: xx/36  0x08055B8F
Computing Calling Convention: xx/35  0x08055B8F
Computing Calling Convention: xx/34  0x08055B8F
Computing Calling Convention: 3/33  0x0804D36F
Computing Calling Convention: xx/32  0x08055B8F
Computing Calling Convention: xx/31  0x08055B8F
Computing Calling Convention: xx/30  0x08055B8F
Computing Calling Convention: xx/29  0x08055B8F
Computing Calling Convention: xx/28  0x08055B8F
Computing Calling Convention: xx/27  0x08055B8F
Computing Calling Convention: 1/26  0x0804FE01
Computing Calling Convention: 2/26  0x0804FFB5
Computing Calling Convention: 3/26  0x08050649
Computing Calling Convention: 6/26  0x08050A55
Computing Calling Convention: 7/26  0x08050E06
Computing Calling Convention: 1/21  0x08050817
Computing Calling Convention: 2/21  0x08050931
Computing Calling Convention: xx/19  0x08055B8F
Computing Calling Convention: 1/18  0x08051C92
Computing Calling Convention: xx/17  0x08055B8F
Computing Calling Convention: xx/16  0x08055B8F
Computing Calling Convention: xx/15  0x08055B8F
Computing Calling Convention: 1/14  0x08054D6F
Computing Calling Convention: xx/13  0x08055B8F
Computing Calling Convention: 1/12  0x08054DC2
Computing Calling Convention: xx/11  0x08055B8F
Computing Calling Convention: 1/10  0x08055667
Computing Calling Convention: 2/10  0x080556D6
Computing Calling Convention: 3/10  0x080557ED
Computing Calling Convention: 4/10  0x080559AD
Computing Calling Convention: 5/10  0x080559D7
Computing Calling Convention: 6/10  0x08055A5F
Computing Calling Convention: 7/10  0x08055A9D
Computing Calling Convention: 8/10  0x08055ADA
Computing Calling Convention: 9/10  0x08055AFC
Computing Calling Convention: 10/10  0x08055B8F
Computing label cross-references...
366 Procs, 3328 Labels, 3507 Branches, 0 / 105 kB covered
File analysis complete.
366 Procs, 3328 Labels, 3507 Branches, 0 / 105 kB covered

Decompiling 1/366: 0x0804947C
Decompiling 2/366: 0x08049488
Decompiling 3/366: 0x080494BC
Decompiling 4/366: 0x080494CC
Decompiling 5/366: 0x080494DC
Decompiling 6/366: 0x080494EC
Decompiling 7/366: 0x080494FC
Decompiling 8/366: 0x0804950C
Decompiling 9/366: 0x0804951C
Decompiling 10/366: 0x0804952C
Decompiling 11/366: 0x0804953C
Decompiling 12/366: 0x0804954C
Decompiling 13/366: 0x0804955C
Decompiling 14/366: 0x0804956C
Decompiling 15/366: 0x0804957C
Decompiling 16/366: 0x0804958C
Decompiling 17/366: 0x0804959C
Decompiling 18/366: 0x080495AC
Decompiling 19/366: 0x080495BC
Decompiling 20/366: 0x080495CC
Decompiling 21/366: 0x080495DC
Decompiling 22/366: 0x080495EC
Decompiling 23/366: 0x080495FC
Decompiling 24/366: 0x0804960C
Decompiling 25/366: 0x0804961C
Decompiling 26/366: 0x0804962C
Decompiling 27/366: 0x0804963C
Decompiling 28/366: 0x0804964C
Decompiling 29/366: 0x0804965C
Decompiling 30/366: 0x0804966C
Decompiling 31/366: 0x0804967C
Decompiling 32/366: 0x0804968C
Decompiling 33/366: 0x0804969C
Decompiling 34/366: 0x080496AC
Decompiling 35/366: 0x080496BC
Decompiling 36/366: 0x080496CC
Decompiling 37/366: 0x080496DC
Decompiling 38/366: 0x080496EC
Decompiling 39/366: 0x080496FC
Decompiling 40/366: 0x0804970C
Decompiling 41/366: 0x0804971C
Decompiling 42/366: 0x0804972C
Decompiling 43/366: 0x0804973C
Decompiling 44/366: 0x0804974C
Decompiling 45/366: 0x0804975C
Decompiling 46/366: 0x0804976C
Decompiling 47/366: 0x0804977C
Decompiling 48/366: 0x0804978C
Decompiling 49/366: 0x0804979C
Decompiling 50/366: 0x080497AC
Decompiling 51/366: 0x080497BC
Decompiling 52/366: 0x080497CC
Decompiling 53/366: 0x080497DC
Decompiling 54/366: 0x080497EC
Decompiling 55/366: 0x080497FC
Decompiling 56/366: 0x0804980C
Decompiling 57/366: 0x0804982C
Decompiling 58/366: 0x0804983C
Decompiling 59/366: 0x0804984C
Decompiling 60/366: 0x0804985C
Decompiling 61/366: 0x0804986C
Decompiling 62/366: 0x0804987C
Decompiling 63/366: 0x0804988C
Decompiling 64/366: 0x0804989C
Decompiling 65/366: 0x080498AC
Decompiling 66/366: 0x080498BC
Decompiling 67/366: 0x080498CC
Decompiling 68/366: 0x080498DC
Decompiling 69/366: 0x080498EC
Decompiling 70/366: 0x080498FC
Decompiling 71/366: 0x0804990C
Decompiling 72/366: 0x0804991C
Decompiling 73/366: 0x0804992C
Decompiling 74/366: 0x0804993C
Decompiling 75/366: 0x0804994C
Decompiling 76/366: 0x0804995C
Decompiling 77/366: 0x0804996C
Decompiling 78/366: 0x0804997C
Decompiling 79/366: 0x0804998C
Decompiling 80/366: 0x0804999C
Decompiling 81/366: 0x080499AC
Decompiling 82/366: 0x080499BC
Decompiling 83/366: 0x080499CC
Decompiling 84/366: 0x080499DC
Decompiling 85/366: 0x080499EC
Decompiling 86/366: 0x080499FC
Decompiling 87/366: 0x08049A0C
Decompiling 88/366: 0x08049A1C
Decompiling 89/366: 0x08049A2C
Decompiling 90/366: 0x08049A5C
Decompiling 91/366: 0x08049A6C
Decompiling 92/366: 0x08049A7C
Decompiling 93/366: 0x08049A8C
Decompiling 94/366: 0x08049A9C
Decompiling 95/366: 0x08049AAC
Decompiling 96/366: 0x08049ABC
Decompiling 97/366: 0x08049AD0
Decompiling 98/366: 0x08049B00
Decompiling 99/366: 0x08049B60
Decompiling 100/366: 0x08049B84
Decompiling 101/366: 0x08049C3B
Decompiling 102/366: 0x08049D54
Decompiling 103/366: 0x08049D8B
Decompiling 104/366: 0x08049DF4
Decompiling 105/366: 0x08049E07
Decompiling 106/366: 0x08049E97
Decompiling 107/366: 0x08049EC5
Decompiling 108/366: 0x08049F3E
Decompiling 109/366: 0x08049F5E
Decompiling 110/366: 0x08049F74
Decompiling 111/366: 0x08049F8F
Decompiling 112/366: 0x0804A04A
Decompiling 113/366: 0x0804A844
Decompiling 114/366: 0x0804A857
Decompiling 115/366: 0x0804B7D9
Decompiling 116/366: 0x0804BAE2
Decompiling 117/366: 0x0804BE91
Decompiling 118/366: 0x0804BEC4
Decompiling 119/366: 0x0804BF12
Decompiling 120/366: 0x0804BF98
Decompiling 121/366: 0x0804C66F
Decompiling 122/366: 0x0804C6A2
Decompiling 123/366: 0x0804C6EF
Decompiling 124/366: 0x0804C78B
Decompiling 125/366: 0x0804C7A5
Decompiling 126/366: 0x0804C883
Decompiling 127/366: 0x0804C888
Decompiling 128/366: 0x0804D30D
Decompiling 129/366: 0x0804D325
Decompiling 130/366: 0x0804D33D
Decompiling 131/366: 0x0804D36F
Decompiling 132/366: 0x0804D3CA
Decompiling 133/366: 0x0804D495
Decompiling 134/366: 0x0804D4B6
Decompiling 135/366: 0x0804D51E
Decompiling 136/366: 0x0804D6BB
Decompiling 137/366: 0x0804D775
Decompiling 138/366: 0x0804D797
Decompiling 139/366: 0x0804D81C
Decompiling 140/366: 0x0804D836
Decompiling 141/366: 0x0804D87A
Decompiling 142/366: 0x0804D89C
Decompiling 143/366: 0x0804D8BE
Decompiling 144/366: 0x0804D8E0
Decompiling 145/366: 0x0804D958
Decompiling 146/366: 0x0804D9D0
Decompiling 147/366: 0x0804DA48
Decompiling 148/366: 0x0804DAC0
Decompiling 149/366: 0x0804DAE2
Decompiling 150/366: 0x0804DB67
Decompiling 151/366: 0x0804DB81
Decompiling 152/366: 0x0804DBA3
Decompiling 153/366: 0x0804DBC5
Decompiling 154/366: 0x0804DBE7
Decompiling 155/366: 0x0804DC5F
Decompiling 156/366: 0x0804DCD7
Decompiling 157/366: 0x0804DD4F
Decompiling 158/366: 0x0804DDC7
Decompiling 159/366: 0x0804DDE9
Decompiling 160/366: 0x0804DE6E
Decompiling 161/366: 0x0804DE88
Decompiling 162/366: 0x0804DEAA
Decompiling 163/366: 0x0804DECC
Decompiling 164/366: 0x0804DEEE
Decompiling 165/366: 0x0804DF66
Decompiling 166/366: 0x0804DFDE
Decompiling 167/366: 0x0804E056
Decompiling 168/366: 0x0804E0CE
Decompiling 169/366: 0x0804E0F0
Decompiling 170/366: 0x0804E1AB
Decompiling 171/366: 0x0804E1CD
Decompiling 172/366: 0x0804E1EF
Decompiling 173/366: 0x0804E211
Decompiling 174/366: 0x0804E289
Decompiling 175/366: 0x0804E301
Decompiling 176/366: 0x0804E379
Decompiling 177/366: 0x0804E3F1
Decompiling 178/366: 0x0804E413
Decompiling 179/366: 0x0804E431
Decompiling 180/366: 0x0804E453
Decompiling 181/366: 0x0804E475
Decompiling 182/366: 0x0804E497
Decompiling 183/366: 0x0804E50F
Decompiling 184/366: 0x0804E587
Decompiling 185/366: 0x0804E5FF
Decompiling 186/366: 0x0804E677
Decompiling 187/366: 0x0804E699
Decompiling 188/366: 0x0804E73A
Decompiling 189/366: 0x0804E75C
Decompiling 190/366: 0x0804E77E
Decompiling 191/366: 0x0804E7A0
Decompiling 192/366: 0x0804E818
Decompiling 193/366: 0x0804E890
Decompiling 194/366: 0x0804E908
Decompiling 195/366: 0x0804E980
Decompiling 196/366: 0x0804E99A
Decompiling 197/366: 0x0804E9B8
Decompiling 198/366: 0x0804E9D2
Decompiling 199/366: 0x0804EA42
Decompiling 200/366: 0x0804EAB2
Decompiling 201/366: 0x0804EB01
Decompiling 202/366: 0x0804EC2E
Decompiling 203/366: 0x0804ECF0
Decompiling 204/366: 0x0804ED9D
Decompiling 205/366: 0x0804EDFC
Decompiling 206/366: 0x0804EEAC
Decompiling 207/366: 0x0804EF0A
Decompiling 208/366: 0x0804EF68
Decompiling 209/366: 0x0804EFC9
Decompiling 210/366: 0x0804F005
Decompiling 211/366: 0x0804F041
Decompiling 212/366: 0x0804FA54
Decompiling 213/366: 0x0804FDEF
Decompiling 214/366: 0x0804FE01
Decompiling 215/366: 0x0804FF72
Decompiling 216/366: 0x0804FFB5
Decompiling 217/366: 0x08050215
Decompiling 218/366: 0x08050368
Decompiling 219/366: 0x080503B2
Decompiling 220/366: 0x0805060F
Decompiling 221/366: 0x08050649
Decompiling 222/366: 0x08050817
Decompiling 223/366: 0x08050931
Decompiling 224/366: 0x08050A55
Decompiling 225/366: 0x08050B05
Decompiling 226/366: 0x08050BAF
Decompiling 227/366: 0x08050C37
Decompiling 228/366: 0x08050E06
Decompiling 229/366: 0x0805105C
Decompiling 230/366: 0x080513B2
Decompiling 231/366: 0x080513D8
Decompiling 232/366: 0x0805150C
Decompiling 233/366: 0x08051537
Decompiling 234/366: 0x08051750
Decompiling 235/366: 0x080519AF
Decompiling 236/366: 0x080519E4
Decompiling 237/366: 0x08051A20
Decompiling 238/366: 0x08051A34
Decompiling 239/366: 0x08051B1C
Decompiling 240/366: 0x08051BA8
Decompiling 241/366: 0x08051C92
Decompiling 242/366: 0x08051D0C
Decompiling 243/366: 0x08051D70
Decompiling 244/366: 0x08051DCB
Decompiling 245/366: 0x08051E43
Decompiling 246/366: 0x08051E80
Decompiling 247/366: 0x08051E8D
Decompiling 248/366: 0x08051F54
Decompiling 249/366: 0x08051F60
Decompiling 250/366: 0x08052006
Decompiling 251/366: 0x0805221C
Decompiling 252/366: 0x0805223C
Decompiling 253/366: 0x08052254
Decompiling 254/366: 0x0805236D
Decompiling 255/366: 0x080523A0
Decompiling 256/366: 0x08052400
Decompiling 257/366: 0x0805240B
Decompiling 258/366: 0x08052416
Decompiling 259/366: 0x08052421
Decompiling 260/366: 0x08052485
Decompiling 261/366: 0x08052504
Decompiling 262/366: 0x080525DC
Decompiling 263/366: 0x08052677
Decompiling 264/366: 0x080526C6
Decompiling 265/366: 0x0805276F
Decompiling 266/366: 0x080527E6
Decompiling 267/366: 0x0805285E
Decompiling 268/366: 0x080528AA
Decompiling 269/366: 0x0805290D
Decompiling 270/366: 0x08052941
Decompiling 271/366: 0x08052978
Decompiling 272/366: 0x08052A2A
Decompiling 273/366: 0x08052BB8
Decompiling 274/366: 0x08052C86
Decompiling 275/366: 0x08052D72
Decompiling 276/366: 0x08052DAD
Decompiling 277/366: 0x08052DD0
Decompiling 278/366: 0x08052F2D
Decompiling 279/366: 0x08053109
Decompiling 280/366: 0x08053324
Decompiling 281/366: 0x080534C8
Decompiling 282/366: 0x08053603
Decompiling 283/366: 0x0805370F
Decompiling 284/366: 0x08054394
Decompiling 285/366: 0x080543D0
Decompiling 286/366: 0x08054532
Decompiling 287/366: 0x0805457C
Decompiling 288/366: 0x08054651
Decompiling 289/366: 0x0805477C
Decompiling 290/366: 0x08054851
Decompiling 291/366: 0x0805497C
Decompiling 292/366: 0x08054A84
Decompiling 293/366: 0x08054BBB
Decompiling 294/366: 0x08054D6F
Decompiling 295/366: 0x08054DA0
Decompiling 296/366: 0x08054DC2
Decompiling 297/366: 0x08054DE0
Decompiling 298/366: 0x08054E2C
Decompiling 299/366: 0x08054E4E
Decompiling 300/366: 0x08054E73
Decompiling 301/366: 0x08054EED
Decompiling 302/366: 0x08054F1B
Decompiling 303/366: 0x08055667
Decompiling 304/366: 0x080556D6
Decompiling 305/366: 0x0805575B
Decompiling 306/366: 0x080557ED
Decompiling 307/366: 0x080559AD
Decompiling 308/366: 0x080559D7
Decompiling 309/366: 0x080559F2
Decompiling 310/366: 0x08055A5F
Decompiling 311/366: 0x08055A9D
Decompiling 312/366: 0x08055ADA
Decompiling 313/366: 0x08055AFC
Decompiling 314/366: 0x08055B8F
Decompiling 315/366: 0x08055BAC
Decompiling 316/366: 0x08055BEE
Decompiling 317/366: 0x08055C30
Decompiling 318/366: 0x0805865E
Decompiling 319/366: 0x080586BB
Decompiling 320/366: 0x080586FC
Decompiling 321/366: 0x08058788
Decompiling 322/366: 0x080588F0
Decompiling 323/366: 0x0805891E
Decompiling 324/366: 0x08058953
Decompiling 325/366: 0x080589CE
Decompiling 326/366: 0x080589E1
Decompiling 327/366: 0x08058A0B
Decompiling 328/366: 0x08058A3C
Decompiling 329/366: 0x08058A5E
Decompiling 330/366: 0x08058A8A
Decompiling 331/366: 0x08058AB5
Decompiling 332/366: 0x08058AE0
Decompiling 333/366: 0x08058B08
Decompiling 334/366: 0x08058BC6
Decompiling 335/366: 0x08058C08
Decompiling 336/366: 0x08058C5A
Decompiling 337/366: 0x08058C92
Decompiling 338/366: 0x08059078
Decompiling 339/366: 0x0805908C
Decompiling 340/366: 0x080590B8
Decompiling 341/366: 0x08059166
Decompiling 342/366: 0x0805919E
Decompiling 343/366: 0x080595A4
Decompiling 344/366: 0x08059634
Decompiling 345/366: 0x0805969A
Decompiling 346/366: 0x0805CAD5
Decompiling 347/366: 0x0805CB11
Decompiling 348/366: 0x0805CB36
Decompiling 349/366: 0x0805CB64
Decompiling 350/366: 0x0805CBD0
Decompiling 351/366: 0x0805CE8C
Decompiling 352/366: 0x0805DCED
Decompiling 353/366: 0x0805DD20
Decompiling 354/366: 0x0805DEB0
Decompiling 355/366: 0x0805E090
Decompiling 356/366: 0x0805E1C0
Decompiling 357/366: 0x0805E310
Decompiling 358/366: 0x0805E320
Decompiling 359/366: 0x0805E37A
Decompiling 360/366: 0x0805E380
Decompiling 361/366: 0x0805E3C0
Decompiling 362/366: 0x0805E400
Decompiling 363/366: 0x0805E440
Decompiling 364/366: 0x0805E480
Decompiling 365/366: 0x0805E4AC
Decompiling 366/366: 0x0805E4B8
Decompiling 366/366: 0x0805E4B8

