Analyzing './from_boomerang/phi/ppc_elf_by_boomerang/subject.exe' as a PowerPC 32 ELF binary file.

0 Procs, 0 Labels, 0 Branches, 0 MB used, 0 / 0 kB covered
./from_boomerang/phi/ppc_elf_by_boomerang/subject.exe: 35 sections starting at 0x00000FB0
./from_boomerang/phi/ppc_elf_by_boomerang/subject.exe: section string table at 0x000014B0, 0x120 bytes
 Offset:  [ix]  Address    Size    Offset  Name
00000FB0: [ 0] 00000000 00000000 00000000 
00000FD8: [ 1] 10000154 0000000D 00000154 .interp
00001000: [ 2] 10000164 00000020 00000164 .note.ABI-tag
00001028: [ 3] 10000184 0000002C 00000184 .hash
00001050: [ 4] 100001B0 00000060 000001B0 .dynsym
00001078: [ 5] 10000210 00000052 00000210 .dynstr
000010A0: [ 6] 10000262 0000000C 00000262 .gnu.version
000010C8: [ 7] 10000270 00000020 00000270 .gnu.version_r
000010F0: [ 8] 10000290 0000000C 00000290 .rela.dyn
00001118: [ 9] 1000029C 00000024 0000029C .rela.plt
00001140: [10] 100002C0 00000028 000002C0 .init
00001168: [11] 100002E8 000005FC 000002E8 .text
00001190: [12] 100008E4 00000020 000008E4 .fini
000011B8: [13] 10000904 0000003C 00000904 .rodata
000011E0: [14] 10000940 00000000 00000940 .sdata2
00001208: [15] 10000940 00000004 00000940 .eh_frame
00001230: [16] 10010944 00000008 00000944 .ctors
00001258: [17] 1001094C 00000008 0000094C .dtors
00001280: [18] 10010954 00000004 00000954 .jcr
000012A8: [19] 10010958 00000010 00000958 .got2
000012D0: [20] 10010968 000000C8 00000968 .dynamic
000012F8: [21] 10010A30 00000008 00000A30 .data
00001320: [22] 10010A38 00000014 00000A38 .got
00001348: [23] 10010A4C 00000000 00000A4C .sdata
00001370: [24] 10010A4C 00000000 00000A4C .sbss
00001398: [25] 10010A4C 0000006C 00000A4C .plt
000013C0: [26] 10010AB8 00000004 00000A4C .bss
000013E8: [27] 00000000 0000017A 00000A4C .comment
00001410: [28] 00000000 00000058 00000BC8 .debug_aranges
00001438: [29] 00000000 00000138 00000C20 .debug_info
00001460: [30] 00000000 00000020 00000D58 .debug_abbrev
00001488: [31] 00000000 00000117 00000D78 .debug_line
000014B0: [32] 00000000 00000120 00000E8F .shstrtab
000014D8: [33] 00000000 00000E70 00001528 .symtab
00001500: [34] 00000000 00000985 00002398 .strtab
Internal error: Dwarf-2 current offset: 0x944
Matching signatures...
0 Procs, 0 Labels, 0 Branches, 0 MB used, 0 / 2 kB covered
0 Procs, 0 Labels, 0 Branches, 0 MB used, 0 / 2 kB covered
Separating code and data...
0 Procs, 0 Labels, 0 Branches, 0 MB used, 0 / 2 kB covered
0 Procs, 17 Labels, 14 Branches, 0 MB used, 1 / 2 kB covered
0 Procs, 18 Labels, 15 Branches, 0 MB used, 1 / 2 kB covered
0 Procs, 18 Labels, 15 Branches, 0 MB used, 1 / 2 kB covered
0 Procs, 23 Labels, 19 Branches, 0 MB used, 1 / 2 kB covered
0 Procs, 23 Labels, 20 Branches, 0 MB used, 1 / 2 kB covered
0 Procs, 23 Labels, 20 Branches, 0 MB used, 1 / 2 kB covered
0 Procs, 24 Labels, 21 Branches, 0 MB used, 1 / 2 kB covered
0 Procs, 31 Labels, 29 Branches, 0 MB used, 1 / 2 kB covered
0 Procs, 33 Labels, 34 Branches, 0 MB used, 1 / 2 kB covered
0 Procs, 42 Labels, 42 Branches, 0 MB used, 1 / 2 kB covered
0 Procs, 48 Labels, 47 Branches, 0 MB used, 1 / 2 kB covered
0 Procs, 49 Labels, 48 Branches, 0 MB used, 1 / 2 kB covered
0 Procs, 50 Labels, 48 Branches, 0 MB used, 1 / 2 kB covered
0 Procs, 51 Labels, 48 Branches, 0 MB used, 1 / 2 kB covered
0 Procs, 52 Labels, 48 Branches, 0 MB used, 1 / 2 kB covered
0 Procs, 53 Labels, 48 Branches, 0 MB used, 1 / 2 kB covered
0 Procs, 54 Labels, 48 Branches, 0 MB used, 1 / 2 kB covered
0 Procs, 55 Labels, 48 Branches, 0 MB used, 1 / 2 kB covered
0 Procs, 56 Labels, 48 Branches, 0 MB used, 1 / 2 kB covered
0 Procs, 57 Labels, 48 Branches, 0 MB used, 1 / 2 kB covered
0 Procs, 58 Labels, 48 Branches, 0 MB used, 1 / 2 kB covered
0 Procs, 59 Labels, 48 Branches, 0 MB used, 1 / 2 kB covered
0 Procs, 60 Labels, 48 Branches, 0 MB used, 1 / 2 kB covered
0 Procs, 61 Labels, 48 Branches, 0 MB used, 1 / 2 kB covered
0 Procs, 62 Labels, 48 Branches, 0 MB used, 1 / 2 kB covered
0 Procs, 63 Labels, 48 Branches, 0 MB used, 1 / 2 kB covered
0 Procs, 64 Labels, 48 Branches, 0 MB used, 1 / 2 kB covered
0 Procs, 65 Labels, 48 Branches, 0 MB used, 1 / 2 kB covered
0 Procs, 66 Labels, 48 Branches, 0 MB used, 1 / 2 kB covered
0 Procs, 67 Labels, 49 Branches, 0 MB used, 2 / 2 kB covered
0 Procs, 68 Labels, 49 Branches, 0 MB used, 2 / 2 kB covered
0 Procs, 69 Labels, 49 Branches, 0 MB used, 2 / 2 kB covered
0 Procs, 70 Labels, 49 Branches, 0 MB used, 2 / 2 kB covered
0 Procs, 71 Labels, 49 Branches, 0 MB used, 2 / 2 kB covered
0 Procs, 72 Labels, 49 Branches, 0 MB used, 2 / 2 kB covered
0 Procs, 73 Labels, 49 Branches, 0 MB used, 2 / 2 kB covered
0 Procs, 74 Labels, 49 Branches, 0 MB used, 2 / 2 kB covered
0 Procs, 75 Labels, 49 Branches, 0 MB used, 2 / 2 kB covered
0 Procs, 76 Labels, 49 Branches, 0 MB used, 2 / 2 kB covered
0 Procs, 77 Labels, 49 Branches, 0 MB used, 2 / 2 kB covered
0 Procs, 78 Labels, 49 Branches, 0 MB used, 2 / 2 kB covered
0 Procs, 79 Labels, 49 Branches, 0 MB used, 2 / 2 kB covered
0 Procs, 80 Labels, 49 Branches, 0 MB used, 2 / 2 kB covered
0 Procs, 81 Labels, 49 Branches, 0 MB used, 2 / 2 kB covered
0 Procs, 82 Labels, 49 Branches, 0 MB used, 2 / 2 kB covered
0 Procs, 83 Labels, 49 Branches, 0 MB used, 2 / 2 kB covered
0 Procs, 84 Labels, 49 Branches, 0 MB used, 2 / 2 kB covered
0 Procs, 85 Labels, 50 Branches, 0 MB used, 2 / 2 kB covered
0 Procs, 86 Labels, 50 Branches, 0 MB used, 2 / 2 kB covered
0 Procs, 87 Labels, 50 Branches, 0 MB used, 2 / 2 kB covered
0 Procs, 88 Labels, 50 Branches, 0 MB used, 2 / 2 kB covered
0 Procs, 89 Labels, 50 Branches, 0 MB used, 2 / 2 kB covered
0 Procs, 90 Labels, 50 Branches, 0 MB used, 2 / 2 kB covered
0 Procs, 91 Labels, 50 Branches, 0 MB used, 2 / 2 kB covered
0 Procs, 92 Labels, 50 Branches, 0 MB used, 2 / 2 kB covered
0 Procs, 93 Labels, 50 Branches, 0 MB used, 2 / 2 kB covered
0 Procs, 94 Labels, 50 Branches, 0 MB used, 2 / 2 kB covered
0 Procs, 95 Labels, 50 Branches, 0 MB used, 2 / 2 kB covered
0 Procs, 96 Labels, 50 Branches, 0 MB used, 2 / 2 kB covered
0 Procs, 97 Labels, 50 Branches, 0 MB used, 2 / 2 kB covered
0 Procs, 98 Labels, 50 Branches, 0 MB used, 2 / 2 kB covered
0 Procs, 99 Labels, 50 Branches, 0 MB used, 2 / 2 kB covered
0 Procs, 100 Labels, 50 Branches, 0 MB used, 2 / 2 kB covered
0 Procs, 101 Labels, 50 Branches, 0 MB used, 2 / 2 kB covered
0 Procs, 102 Labels, 50 Branches, 0 MB used, 2 / 2 kB covered
0 Procs, 103 Labels, 51 Branches, 0 MB used, 2 / 2 kB covered
0 Procs, 104 Labels, 51 Branches, 0 MB used, 2 / 2 kB covered
0 Procs, 105 Labels, 51 Branches, 0 MB used, 2 / 2 kB covered
0 Procs, 106 Labels, 51 Branches, 0 MB used, 2 / 2 kB covered
0 Procs, 107 Labels, 51 Branches, 0 MB used, 2 / 2 kB covered
0 Procs, 108 Labels, 51 Branches, 0 MB used, 2 / 2 kB covered
0 Procs, 109 Labels, 51 Branches, 0 MB used, 2 / 2 kB covered
0 Procs, 110 Labels, 51 Branches, 0 MB used, 2 / 2 kB covered
0 Procs, 111 Labels, 51 Branches, 0 MB used, 2 / 2 kB covered
0 Procs, 112 Labels, 51 Branches, 0 MB used, 2 / 2 kB covered
0 Procs, 113 Labels, 51 Branches, 0 MB used, 2 / 2 kB covered
0 Procs, 114 Labels, 51 Branches, 0 MB used, 2 / 2 kB covered
0 Procs, 115 Labels, 51 Branches, 0 MB used, 2 / 2 kB covered
0 Procs, 116 Labels, 51 Branches, 0 MB used, 2 / 2 kB covered
0 Procs, 117 Labels, 51 Branches, 0 MB used, 2 / 2 kB covered
0 Procs, 118 Labels, 51 Branches, 0 MB used, 2 / 2 kB covered
0 Procs, 119 Labels, 51 Branches, 0 MB used, 2 / 2 kB covered
0 Procs, 120 Labels, 51 Branches, 0 MB used, 2 / 2 kB covered
0 Procs, 121 Labels, 52 Branches, 0 MB used, 2 / 2 kB covered
0 Procs, 122 Labels, 52 Branches, 0 MB used, 2 / 2 kB covered
0 Procs, 123 Labels, 52 Branches, 0 MB used, 2 / 2 kB covered
0 Procs, 124 Labels, 52 Branches, 0 MB used, 2 / 2 kB covered
0 Procs, 125 Labels, 52 Branches, 0 MB used, 2 / 2 kB covered
0 Procs, 126 Labels, 52 Branches, 0 MB used, 2 / 2 kB covered
0 Procs, 127 Labels, 52 Branches, 0 MB used, 2 / 2 kB covered
0 Procs, 128 Labels, 52 Branches, 0 MB used, 2 / 2 kB covered
0 Procs, 129 Labels, 52 Branches, 0 MB used, 2 / 2 kB covered
0 Procs, 130 Labels, 52 Branches, 0 MB used, 2 / 2 kB covered
0 Procs, 131 Labels, 52 Branches, 0 MB used, 2 / 2 kB covered
0 Procs, 132 Labels, 52 Branches, 0 MB used, 2 / 2 kB covered
0 Procs, 133 Labels, 52 Branches, 0 MB used, 2 / 2 kB covered
0 Procs, 134 Labels, 52 Branches, 0 MB used, 2 / 2 kB covered
0 Procs, 135 Labels, 52 Branches, 0 MB used, 2 / 2 kB covered
0 Procs, 136 Labels, 52 Branches, 0 MB used, 2 / 2 kB covered
0 Procs, 137 Labels, 52 Branches, 0 MB used, 2 / 2 kB covered
0 Procs, 138 Labels, 52 Branches, 0 MB used, 2 / 2 kB covered
0 Procs, 138 Labels, 53 Branches, 0 MB used, 2 / 2 kB covered
0 Procs, 139 Labels, 53 Branches, 0 MB used, 2 / 2 kB covered
0 Procs, 140 Labels, 53 Branches, 0 MB used, 2 / 2 kB covered
0 Procs, 141 Labels, 53 Branches, 0 MB used, 2 / 2 kB covered
0 Procs, 142 Labels, 53 Branches, 0 MB used, 2 / 2 kB covered
0 Procs, 143 Labels, 53 Branches, 0 MB used, 2 / 2 kB covered
0 Procs, 144 Labels, 53 Branches, 0 MB used, 2 / 2 kB covered
0 Procs, 145 Labels, 53 Branches, 0 MB used, 2 / 2 kB covered
0 Procs, 146 Labels, 53 Branches, 0 MB used, 2 / 2 kB covered
0 Procs, 147 Labels, 53 Branches, 0 MB used, 2 / 2 kB covered
0 Procs, 148 Labels, 53 Branches, 0 MB used, 2 / 2 kB covered
0 Procs, 149 Labels, 53 Branches, 0 MB used, 2 / 2 kB covered
0 Procs, 150 Labels, 53 Branches, 0 MB used, 2 / 2 kB covered
0 Procs, 151 Labels, 53 Branches, 0 MB used, 2 / 2 kB covered
0 Procs, 152 Labels, 53 Branches, 0 MB used, 2 / 2 kB covered
0 Procs, 153 Labels, 53 Branches, 0 MB used, 2 / 2 kB covered
0 Procs, 154 Labels, 53 Branches, 0 MB used, 2 / 2 kB covered
0 Procs, 155 Labels, 53 Branches, 0 MB used, 2 / 2 kB covered
0 Procs, 155 Labels, 53 Branches, 0 MB used, 2 / 2 kB covered
0 Procs, 155 Labels, 54 Branches, 0 MB used, 2 / 2 kB covered
0 Procs, 155 Labels, 54 Branches, 0 MB used, 2 / 2 kB covered
0 Procs, 156 Labels, 54 Branches, 0 MB used, 2 / 2 kB covered
0 Procs, 157 Labels, 54 Branches, 0 MB used, 2 / 2 kB covered
0 Procs, 158 Labels, 54 Branches, 0 MB used, 2 / 2 kB covered
0 Procs, 159 Labels, 54 Branches, 0 MB used, 2 / 2 kB covered
0 Procs, 160 Labels, 54 Branches, 0 MB used, 2 / 2 kB covered
0 Procs, 161 Labels, 54 Branches, 0 MB used, 2 / 2 kB covered
0 Procs, 162 Labels, 54 Branches, 0 MB used, 2 / 2 kB covered
0 Procs, 163 Labels, 54 Branches, 0 MB used, 2 / 2 kB covered
0 Procs, 164 Labels, 54 Branches, 0 MB used, 2 / 2 kB covered
0 Procs, 165 Labels, 54 Branches, 0 MB used, 2 / 2 kB covered
0 Procs, 166 Labels, 54 Branches, 0 MB used, 2 / 2 kB covered
0 Procs, 167 Labels, 54 Branches, 0 MB used, 2 / 2 kB covered
0 Procs, 167 Labels, 54 Branches, 0 MB used, 2 / 2 kB covered
0 Procs, 167 Labels, 54 Branches, 0 MB used, 2 / 2 kB covered
0 Procs, 167 Labels, 54 Branches, 0 MB used, 2 / 2 kB covered
0 Procs, 168 Labels, 54 Branches, 0 MB used, 2 / 2 kB covered
129 Procs, 168 Labels, 54 Branches, 0 MB used, 2 / 2 kB covered
129 Procs, 168 Labels, 54 Branches, 0 MB used, 2 / 2 kB covered
129 Procs, 168 Labels, 54 Branches, 0 MB used, 2 / 2 kB covered
129 Procs, 168 Labels, 54 Branches, 0 MB used, 2 / 2 kB covered
129 Procs, 168 Labels, 54 Branches, 0 MB used, 2 / 2 kB covered
129 Procs, 168 Labels, 54 Branches, 0 MB used, 2 / 2 kB covered
129 Procs, 168 Labels, 54 Branches, 0 MB used, 2 / 2 kB covered
129 Procs, 168 Labels, 54 Branches, 0 MB used, 2 / 2 kB covered
129 Procs, 168 Labels, 54 Branches, 0 MB used, 2 / 2 kB covered
129 Procs, 168 Labels, 54 Branches, 0 MB used, 2 / 2 kB covered
129 Procs, 168 Labels, 54 Branches, 0 MB used, 2 / 2 kB covered
129 Procs, 168 Labels, 54 Branches, 0 MB used, 2 / 2 kB covered
129 Procs, 168 Labels, 54 Branches, 0 MB used, 2 / 2 kB covered
129 Procs, 168 Labels, 54 Branches, 0 MB used, 2 / 2 kB covered
129 Procs, 168 Labels, 54 Branches, 0 MB used, 2 / 2 kB covered
129 Procs, 168 Labels, 54 Branches, 0 MB used, 2 / 2 kB covered
129 Procs, 168 Labels, 54 Branches, 0 MB used, 2 / 2 kB covered
129 Procs, 168 Labels, 54 Branches, 0 MB used, 2 / 2 kB covered
129 Procs, 168 Labels, 54 Branches, 0 MB used, 2 / 2 kB covered
129 Procs, 168 Labels, 54 Branches, 0 MB used, 2 / 2 kB covered
129 Procs, 168 Labels, 54 Branches, 0 MB used, 2 / 2 kB covered
129 Procs, 168 Labels, 54 Branches, 0 MB used, 2 / 2 kB covered
129 Procs, 168 Labels, 54 Branches, 0 MB used, 2 / 2 kB covered
129 Procs, 168 Labels, 54 Branches, 0 MB used, 2 / 2 kB covered
129 Procs, 168 Labels, 54 Branches, 0 MB used, 2 / 2 kB covered
129 Procs, 168 Labels, 54 Branches, 0 MB used, 2 / 2 kB covered
129 Procs, 168 Labels, 54 Branches, 0 MB used, 2 / 2 kB covered
129 Procs, 168 Labels, 54 Branches, 0 MB used, 2 / 2 kB covered
129 Procs, 168 Labels, 54 Branches, 0 MB used, 2 / 2 kB covered
129 Procs, 168 Labels, 54 Branches, 0 MB used, 2 / 2 kB covered
129 Procs, 168 Labels, 54 Branches, 0 MB used, 2 / 2 kB covered
129 Procs, 168 Labels, 54 Branches, 0 MB used, 2 / 2 kB covered
129 Procs, 168 Labels, 54 Branches, 0 MB used, 2 / 2 kB covered
129 Procs, 168 Labels, 54 Branches, 0 MB used, 2 / 2 kB covered
129 Procs, 168 Labels, 54 Branches, 0 MB used, 2 / 2 kB covered
129 Procs, 168 Labels, 54 Branches, 0 MB used, 2 / 2 kB covered
129 Procs, 168 Labels, 54 Branches, 0 MB used, 2 / 2 kB covered
129 Procs, 168 Labels, 54 Branches, 0 MB used, 2 / 2 kB covered
129 Procs, 168 Labels, 54 Branches, 0 MB used, 2 / 2 kB covered
129 Procs, 168 Labels, 54 Branches, 0 MB used, 2 / 2 kB covered
129 Procs, 168 Labels, 54 Branches, 0 MB used, 2 / 2 kB covered
129 Procs, 168 Labels, 54 Branches, 0 MB used, 2 / 2 kB covered
129 Procs, 168 Labels, 54 Branches, 0 MB used, 2 / 2 kB covered
129 Procs, 168 Labels, 54 Branches, 0 MB used, 2 / 2 kB covered
129 Procs, 168 Labels, 54 Branches, 0 MB used, 2 / 2 kB covered
129 Procs, 168 Labels, 54 Branches, 0 MB used, 2 / 2 kB covered
129 Procs, 168 Labels, 54 Branches, 0 MB used, 2 / 2 kB covered
129 Procs, 168 Labels, 54 Branches, 0 MB used, 2 / 2 kB covered
129 Procs, 168 Labels, 54 Branches, 0 MB used, 2 / 2 kB covered
129 Procs, 168 Labels, 54 Branches, 0 MB used, 2 / 2 kB covered
129 Procs, 168 Labels, 54 Branches, 0 MB used, 2 / 2 kB covered
129 Procs, 168 Labels, 54 Branches, 0 MB used, 2 / 2 kB covered
129 Procs, 168 Labels, 54 Branches, 0 MB used, 2 / 2 kB covered
129 Procs, 168 Labels, 54 Branches, 0 MB used, 2 / 2 kB covered
129 Procs, 168 Labels, 54 Branches, 0 MB used, 2 / 2 kB covered
129 Procs, 168 Labels, 54 Branches, 0 MB used, 2 / 2 kB covered
129 Procs, 168 Labels, 54 Branches, 0 MB used, 2 / 2 kB covered
129 Procs, 168 Labels, 54 Branches, 0 MB used, 2 / 2 kB covered
129 Procs, 168 Labels, 54 Branches, 0 MB used, 2 / 2 kB covered
129 Procs, 168 Labels, 54 Branches, 0 MB used, 2 / 2 kB covered
129 Procs, 168 Labels, 54 Branches, 0 MB used, 2 / 2 kB covered
129 Procs, 168 Labels, 54 Branches, 0 MB used, 2 / 2 kB covered
129 Procs, 168 Labels, 54 Branches, 0 MB used, 2 / 2 kB covered
129 Procs, 168 Labels, 54 Branches, 0 MB used, 2 / 2 kB covered
129 Procs, 168 Labels, 54 Branches, 0 MB used, 2 / 2 kB covered
129 Procs, 168 Labels, 54 Branches, 0 MB used, 2 / 2 kB covered
129 Procs, 168 Labels, 54 Branches, 0 MB used, 2 / 2 kB covered
129 Procs, 168 Labels, 54 Branches, 0 MB used, 2 / 2 kB covered
129 Procs, 168 Labels, 54 Branches, 0 MB used, 2 / 2 kB covered
129 Procs, 168 Labels, 54 Branches, 0 MB used, 2 / 2 kB covered
129 Procs, 168 Labels, 54 Branches, 0 MB used, 2 / 2 kB covered
129 Procs, 168 Labels, 54 Branches, 0 MB used, 2 / 2 kB covered
129 Procs, 168 Labels, 54 Branches, 0 MB used, 2 / 2 kB covered
129 Procs, 168 Labels, 54 Branches, 0 MB used, 2 / 2 kB covered
129 Procs, 168 Labels, 54 Branches, 0 MB used, 2 / 2 kB covered
129 Procs, 168 Labels, 54 Branches, 0 MB used, 2 / 2 kB covered
129 Procs, 168 Labels, 54 Branches, 0 MB used, 2 / 2 kB covered
129 Procs, 168 Labels, 54 Branches, 0 MB used, 2 / 2 kB covered
129 Procs, 168 Labels, 54 Branches, 0 MB used, 2 / 2 kB covered
129 Procs, 168 Labels, 54 Branches, 0 MB used, 2 / 2 kB covered
129 Procs, 168 Labels, 54 Branches, 0 MB used, 2 / 2 kB covered
129 Procs, 168 Labels, 54 Branches, 0 MB used, 2 / 2 kB covered
129 Procs, 168 Labels, 54 Branches, 0 MB used, 2 / 2 kB covered
129 Procs, 168 Labels, 54 Branches, 0 MB used, 2 / 2 kB covered
129 Procs, 168 Labels, 54 Branches, 0 MB used, 2 / 2 kB covered
129 Procs, 168 Labels, 54 Branches, 0 MB used, 2 / 2 kB covered
129 Procs, 168 Labels, 54 Branches, 0 MB used, 2 / 2 kB covered
129 Procs, 168 Labels, 54 Branches, 0 MB used, 2 / 2 kB covered
129 Procs, 168 Labels, 54 Branches, 0 MB used, 2 / 2 kB covered
129 Procs, 168 Labels, 54 Branches, 0 MB used, 2 / 2 kB covered
129 Procs, 168 Labels, 54 Branches, 0 MB used, 2 / 2 kB covered
129 Procs, 168 Labels, 54 Branches, 0 MB used, 2 / 2 kB covered
129 Procs, 168 Labels, 54 Branches, 0 MB used, 2 / 2 kB covered
129 Procs, 168 Labels, 54 Branches, 0 MB used, 2 / 2 kB covered
129 Procs, 168 Labels, 54 Branches, 0 MB used, 2 / 2 kB covered
129 Procs, 168 Labels, 54 Branches, 0 MB used, 2 / 2 kB covered
129 Procs, 168 Labels, 54 Branches, 0 MB used, 2 / 2 kB covered
129 Procs, 168 Labels, 54 Branches, 0 MB used, 2 / 2 kB covered
129 Procs, 168 Labels, 54 Branches, 0 MB used, 2 / 2 kB covered
129 Procs, 168 Labels, 54 Branches, 0 MB used, 2 / 2 kB covered
129 Procs, 168 Labels, 54 Branches, 0 MB used, 2 / 2 kB covered
129 Procs, 168 Labels, 54 Branches, 0 MB used, 2 / 2 kB covered
129 Procs, 168 Labels, 54 Branches, 0 MB used, 2 / 2 kB covered
129 Procs, 168 Labels, 54 Branches, 0 MB used, 2 / 2 kB covered
129 Procs, 168 Labels, 54 Branches, 0 MB used, 2 / 2 kB covered
129 Procs, 168 Labels, 54 Branches, 0 MB used, 2 / 2 kB covered
129 Procs, 168 Labels, 54 Branches, 0 MB used, 2 / 2 kB covered
129 Procs, 168 Labels, 54 Branches, 0 MB used, 2 / 2 kB covered
129 Procs, 168 Labels, 54 Branches, 0 MB used, 2 / 2 kB covered
129 Procs, 168 Labels, 54 Branches, 0 MB used, 2 / 2 kB covered
129 Procs, 168 Labels, 54 Branches, 0 MB used, 2 / 2 kB covered
129 Procs, 168 Labels, 54 Branches, 0 MB used, 2 / 2 kB covered
129 Procs, 168 Labels, 54 Branches, 0 MB used, 2 / 2 kB covered
129 Procs, 168 Labels, 54 Branches, 0 MB used, 2 / 2 kB covered
129 Procs, 168 Labels, 54 Branches, 0 MB used, 2 / 2 kB covered
129 Procs, 168 Labels, 54 Branches, 0 MB used, 2 / 2 kB covered
129 Procs, 168 Labels, 54 Branches, 0 MB used, 2 / 2 kB covered
129 Procs, 168 Labels, 54 Branches, 0 MB used, 2 / 2 kB covered
129 Procs, 168 Labels, 54 Branches, 0 MB used, 2 / 2 kB covered
129 Procs, 168 Labels, 54 Branches, 0 MB used, 2 / 2 kB covered
129 Procs, 168 Labels, 54 Branches, 0 MB used, 2 / 2 kB covered
129 Procs, 168 Labels, 54 Branches, 0 MB used, 2 / 2 kB covered
129 Procs, 168 Labels, 54 Branches, 0 MB used, 2 / 2 kB covered
129 Procs, 168 Labels, 54 Branches, 0 MB used, 2 / 2 kB covered
129 Procs, 168 Labels, 54 Branches, 0 MB used, 2 / 2 kB covered
129 Procs, 168 Labels, 54 Branches, 0 MB used, 2 / 2 kB covered
129 Procs, 168 Labels, 54 Branches, 0 MB used, 2 / 2 kB covered
129 Procs, 168 Labels, 54 Branches, 0 MB used, 2 / 2 kB covered
129 Procs, 168 Labels, 54 Branches, 0 MB used, 2 / 2 kB covered
129 Procs, 168 Labels, 54 Branches, 0 MB used, 2 / 2 kB covered
129 Procs, 168 Labels, 54 Branches, 0 MB used, 2 / 2 kB covered
129 Procs, 168 Labels, 54 Branches, 0 MB used, 2 / 2 kB covered
129 Procs, 168 Labels, 54 Branches, 0 MB used, 2 / 2 kB covered
129 Procs, 168 Labels, 54 Branches, 0 MB used, 2 / 2 kB covered
129 Procs, 168 Labels, 54 Branches, 0 MB used, 2 / 2 kB covered
129 Procs, 168 Labels, 54 Branches, 0 MB used, 2 / 2 kB covered
129 Procs, 168 Labels, 54 Branches, 0 MB used, 2 / 2 kB covered
129 Procs, 168 Labels, 54 Branches, 0 MB used, 2 / 2 kB covered
129 Procs, 168 Labels, 54 Branches, 0 MB used, 2 / 2 kB covered
129 Procs, 168 Labels, 54 Branches, 0 MB used, 2 / 2 kB covered
Resolving indirect jumps...
129 Procs, 168 Labels, 54 Branches, 0 MB used, 2 / 2 kB covered
129 Procs, 168 Labels, 54 Branches, 0 MB used, 2 / 2 kB covered
Resolving constants and strings...
129 Procs, 168 Labels, 54 Branches, 0 MB used, 2 / 2 kB covered
Discovering unreached functions...
129 Procs, 168 Labels, 54 Branches, 0 MB used, 2 / 2 kB covered
Computing call tree...
129 Procs, 168 Labels, 54 Branches, 0 MB used, 2 / 2 kB covered
Computing calling conventions...
129 Procs, 168 Labels, 54 Branches, 0 MB used, 2 / 2 kB covered
Computing Calling Convention: 1/129  0x10000000
Computing Calling Convention: 3/129  0x100002E8
Computing Calling Convention: 5/129  0x1000034C
Computing Calling Convention: 6/129  0x100003C4
Computing Calling Convention: 7/129  0x100003E0
Computing Calling Convention: 8/129  0x10000424
Computing Calling Convention: 15/129  0x10000698
Computing Calling Convention: 16/129  0x1000069C
Computing Calling Convention: 17/129  0x100006A0
Computing Calling Convention: 18/129  0x100006A4
Computing Calling Convention: 19/129  0x100006A8
Computing Calling Convention: 20/129  0x100006AC
Computing Calling Convention: 21/129  0x100006B0
Computing Calling Convention: 22/129  0x100006B4
Computing Calling Convention: 23/129  0x100006B8
Computing Calling Convention: 24/129  0x100006BC
Computing Calling Convention: 25/129  0x100006C0
Computing Calling Convention: 26/129  0x100006C4
Computing Calling Convention: 27/129  0x100006C8
Computing Calling Convention: 28/129  0x100006CC
Computing Calling Convention: 29/129  0x100006D0
Computing Calling Convention: 30/129  0x100006D4
Computing Calling Convention: 31/129  0x100006D8
Computing Calling Convention: 32/129  0x100006DC
Computing Calling Convention: 33/129  0x100006E4
Computing Calling Convention: 34/129  0x100006E8
Computing Calling Convention: 35/129  0x100006EC
Computing Calling Convention: 36/129  0x100006F0
Computing Calling Convention: 37/129  0x100006F4
Computing Calling Convention: 38/129  0x100006F8
Computing Calling Convention: 39/129  0x100006FC
Computing Calling Convention: 40/129  0x10000700
Computing Calling Convention: 41/129  0x10000704
Computing Calling Convention: 42/129  0x10000708
Computing Calling Convention: 43/129  0x1000070C
Computing Calling Convention: 44/129  0x10000710
Computing Calling Convention: 45/129  0x10000714
Computing Calling Convention: 46/129  0x10000718
Computing Calling Convention: 47/129  0x1000071C
Computing Calling Convention: 48/129  0x10000720
Computing Calling Convention: 49/129  0x10000724
Computing Calling Convention: 50/129  0x10000728
Computing Calling Convention: 51/129  0x10000730
Computing Calling Convention: 52/129  0x10000734
Computing Calling Convention: 53/129  0x10000738
Computing Calling Convention: 54/129  0x1000073C
Computing Calling Convention: 55/129  0x10000740
Computing Calling Convention: 56/129  0x10000744
Computing Calling Convention: 57/129  0x10000748
Computing Calling Convention: 58/129  0x1000074C
Computing Calling Convention: 59/129  0x10000750
Computing Calling Convention: 60/129  0x10000754
Computing Calling Convention: 61/129  0x10000758
Computing Calling Convention: 62/129  0x1000075C
Computing Calling Convention: 63/129  0x10000760
Computing Calling Convention: 64/129  0x10000764
Computing Calling Convention: 65/129  0x10000768
Computing Calling Convention: 66/129  0x1000076C
Computing Calling Convention: 67/129  0x10000770
Computing Calling Convention: 68/129  0x10000774
Computing Calling Convention: 69/129  0x1000077C
Computing Calling Convention: 70/129  0x10000780
Computing Calling Convention: 71/129  0x10000784
Computing Calling Convention: 72/129  0x10000788
Computing Calling Convention: 73/129  0x1000078C
Computing Calling Convention: 74/129  0x10000790
Computing Calling Convention: 75/129  0x10000794
Computing Calling Convention: 76/129  0x10000798
Computing Calling Convention: 77/129  0x1000079C
Computing Calling Convention: 78/129  0x100007A0
Computing Calling Convention: 79/129  0x100007A4
Computing Calling Convention: 80/129  0x100007A8
Computing Calling Convention: 81/129  0x100007AC
Computing Calling Convention: 82/129  0x100007B0
Computing Calling Convention: 83/129  0x100007B4
Computing Calling Convention: 84/129  0x100007B8
Computing Calling Convention: 85/129  0x100007BC
Computing Calling Convention: 86/129  0x100007C0
Computing Calling Convention: 87/129  0x100007C8
Computing Calling Convention: 88/129  0x100007CC
Computing Calling Convention: 89/129  0x100007D0
Computing Calling Convention: 90/129  0x100007D4
Computing Calling Convention: 91/129  0x100007D8
Computing Calling Convention: 92/129  0x100007DC
Computing Calling Convention: 93/129  0x100007E0
Computing Calling Convention: 94/129  0x100007E4
Computing Calling Convention: 95/129  0x100007E8
Computing Calling Convention: 96/129  0x100007EC
Computing Calling Convention: 97/129  0x100007F0
Computing Calling Convention: 98/129  0x100007F4
Computing Calling Convention: 99/129  0x100007F8
Computing Calling Convention: 100/129  0x100007FC
Computing Calling Convention: 101/129  0x10000800
Computing Calling Convention: 102/129  0x10000804
Computing Calling Convention: 103/129  0x10000808
Computing Calling Convention: 104/129  0x1000080C
Computing Calling Convention: 105/129  0x10000820
Computing Calling Convention: 106/129  0x10000824
Computing Calling Convention: 107/129  0x10000828
Computing Calling Convention: 108/129  0x1000082C
Computing Calling Convention: 109/129  0x10000830
Computing Calling Convention: 110/129  0x10000834
Computing Calling Convention: 111/129  0x10000838
Computing Calling Convention: 112/129  0x1000083C
Computing Calling Convention: 113/129  0x10000840
Computing Calling Convention: 114/129  0x10000844
Computing Calling Convention: 115/129  0x10000848
Computing Calling Convention: 116/129  0x1000084C
Computing Calling Convention: 117/129  0x10000850
Computing Calling Convention: 118/129  0x10000854
Computing Calling Convention: 119/129  0x10000858
Computing Calling Convention: 120/129  0x1000085C
Computing Calling Convention: 121/129  0x10000860
Computing Calling Convention: 122/129  0x10000864
Computing Calling Convention: 123/129  0x10000878
Computing Calling Convention: 124/129  0x100008C8
Computing Calling Convention: 125/129  0x100008E4
Computing Calling Convention: 126/129  0x10010A38
Computing Calling Convention: 127/129  0x10010A94
Computing Calling Convention: 128/129  0x10010A9C
Computing Calling Convention: 129/129  0x10010AA4
Computing Calling Convention: 2/8  0x1000030C
Computing Calling Convention: 6/8  0x10000588
Computing Calling Convention: 1/6  0x100002C0
Computing Calling Convention: 4/6  0x1000057C
Computing Calling Convention: 6/6  0x10000618
Computing Calling Convention: 3/3  0x1000060C
Computing Calling Convention: xx/2  0x100004FC
Computing Calling Convention: 1/1  0x100004FC
File analysis complete.
129 Procs, 168 Labels, 54 Branches, 0 MB used, 2 / 2 kB covered

Decompiling 1/129: 0x10000000
Decompiling 2/129: 0x100002C0
Decompiling 3/129: 0x100002E8
Decompiling 4/129: 0x1000030C
Decompiling 5/129: 0x1000034C
Decompiling 6/129: 0x100003C4
Decompiling 7/129: 0x100003E0
Decompiling 8/129: 0x10000424
Decompiling 9/129: 0x10000440
Decompiling 10/129: 0x100004FC
Decompiling 11/129: 0x1000057C
Decompiling 12/129: 0x10000588
Decompiling 13/129: 0x1000060C
Decompiling 14/129: 0x10000618
Decompiling 15/129: 0x10000698
Decompiling 16/129: 0x1000069C
Decompiling 17/129: 0x100006A0
Decompiling 18/129: 0x100006A4
Decompiling 19/129: 0x100006A8
Decompiling 20/129: 0x100006AC
Decompiling 21/129: 0x100006B0
Decompiling 22/129: 0x100006B4
Decompiling 23/129: 0x100006B8
Decompiling 24/129: 0x100006BC
Decompiling 25/129: 0x100006C0
Decompiling 26/129: 0x100006C4
Decompiling 27/129: 0x100006C8
Decompiling 28/129: 0x100006CC
Decompiling 29/129: 0x100006D0
Decompiling 30/129: 0x100006D4
Decompiling 31/129: 0x100006D8
Decompiling 32/129: 0x100006DC
Decompiling 33/129: 0x100006E4
Decompiling 34/129: 0x100006E8
Decompiling 35/129: 0x100006EC
Decompiling 36/129: 0x100006F0
Decompiling 37/129: 0x100006F4
Decompiling 38/129: 0x100006F8
Decompiling 39/129: 0x100006FC
Decompiling 40/129: 0x10000700
Decompiling 41/129: 0x10000704
Decompiling 42/129: 0x10000708
Decompiling 43/129: 0x1000070C
Decompiling 44/129: 0x10000710
Decompiling 45/129: 0x10000714
Decompiling 46/129: 0x10000718
Decompiling 47/129: 0x1000071C
Decompiling 48/129: 0x10000720
Decompiling 49/129: 0x10000724
Decompiling 50/129: 0x10000728
Decompiling 51/129: 0x10000730
Decompiling 52/129: 0x10000734
Decompiling 53/129: 0x10000738
Decompiling 54/129: 0x1000073C
Decompiling 55/129: 0x10000740
Decompiling 56/129: 0x10000744
Decompiling 57/129: 0x10000748
Decompiling 58/129: 0x1000074C
Decompiling 59/129: 0x10000750
Decompiling 60/129: 0x10000754
Decompiling 61/129: 0x10000758
Decompiling 62/129: 0x1000075C
Decompiling 63/129: 0x10000760
Decompiling 64/129: 0x10000764
Decompiling 65/129: 0x10000768
Decompiling 66/129: 0x1000076C
Decompiling 67/129: 0x10000770
Decompiling 68/129: 0x10000774
Decompiling 69/129: 0x1000077C
Decompiling 70/129: 0x10000780
Decompiling 71/129: 0x10000784
Decompiling 72/129: 0x10000788
Decompiling 73/129: 0x1000078C
Decompiling 74/129: 0x10000790
Decompiling 75/129: 0x10000794
Decompiling 76/129: 0x10000798
Decompiling 77/129: 0x1000079C
Decompiling 78/129: 0x100007A0
Decompiling 79/129: 0x100007A4
Decompiling 80/129: 0x100007A8
Decompiling 81/129: 0x100007AC
Decompiling 82/129: 0x100007B0
Decompiling 83/129: 0x100007B4
Decompiling 84/129: 0x100007B8
Decompiling 85/129: 0x100007BC
Decompiling 86/129: 0x100007C0
Decompiling 87/129: 0x100007C8
Decompiling 88/129: 0x100007CC
Decompiling 89/129: 0x100007D0
Decompiling 90/129: 0x100007D4
Decompiling 91/129: 0x100007D8
Decompiling 92/129: 0x100007DC
Decompiling 93/129: 0x100007E0
Decompiling 94/129: 0x100007E4
Decompiling 95/129: 0x100007E8
Decompiling 96/129: 0x100007EC
Decompiling 97/129: 0x100007F0
Decompiling 98/129: 0x100007F4
Decompiling 99/129: 0x100007F8
Decompiling 100/129: 0x100007FC
Decompiling 101/129: 0x10000800
Decompiling 102/129: 0x10000804
Decompiling 103/129: 0x10000808
Decompiling 104/129: 0x1000080C
Decompiling 105/129: 0x10000820
Decompiling 106/129: 0x10000824
Decompiling 107/129: 0x10000828
Decompiling 108/129: 0x1000082C
Decompiling 109/129: 0x10000830
Decompiling 110/129: 0x10000834
Decompiling 111/129: 0x10000838
Decompiling 112/129: 0x1000083C
Decompiling 113/129: 0x10000840
Decompiling 114/129: 0x10000844
Decompiling 115/129: 0x10000848
Decompiling 116/129: 0x1000084C
Decompiling 117/129: 0x10000850
Decompiling 118/129: 0x10000854
Decompiling 119/129: 0x10000858
Decompiling 120/129: 0x1000085C
Decompiling 121/129: 0x10000860
Decompiling 122/129: 0x10000864
Decompiling 123/129: 0x10000878
Decompiling 124/129: 0x100008C8
Decompiling 125/129: 0x100008E4
Decompiling 126/129: 0x10010A38
Decompiling 127/129: 0x10010A94
Decompiling 128/129: 0x10010A9C
Decompiling 129/129: 0x10010AA4
Decompiling 129/129: 0x10010AA4
