Using options:
080483EB: warning: Procedure frame_dummy previously had a return address of 4 bytes on the stack, but now seems to have a return address of 0 bytes on the stack.
08048406: warning: Procedure frame_dummy previously had a return address of 4 bytes on the stack, but now seems to have a return address of 0 bytes on the stack.
080604CB: error: An error occurred while processing the statement Mem312[0x0812A83B:byte] = cl_300 - (byte) (SLICE((word32) (cl_300 >>u 0x02) *s 0x00000025, byte, 8) *u 0x1C).
    Object reference not set to an instance of an object
      at Reko.Typing.ExpressionTypeDescender.VisitBinaryExpression (Reko.Core.Expressions.BinaryExpression binExp, Reko.Core.Types.TypeVariable tv) <0x403e8520 + 0x004a5> in <filename unknown>:0 
  at Reko.Core.Expressions.BinaryExpression.Accept[T,C] (ExpressionVisitor`2 v, Reko.Core.Expressions.C context) <0x403e8470 + 0x00031> in <filename unknown>:0 
  at Reko.Typing.ExpressionTypeDescender.VisitCast (Reko.Core.Expressions.Cast cast, Reko.Core.Types.TypeVariable tv) <0x403ec840 + 0x00057> in <filename unknown>:0 
  at Reko.Core.Expressions.Cast.Accept[T,C] (ExpressionVisitor`2 v, Reko.Core.Expressions.C context) <0x403ec7f0 + 0x00031> in <filename unknown>:0 
  at Reko.Typing.ExpressionTypeDescender.VisitBinaryExpression (Reko.Core.Expressions.BinaryExpression binExp, Reko.Core.Types.TypeVariable tv) <0x403e8520 + 0x00c3d> in <filename unknown>:0 
  at Reko.Core.Expressions.BinaryExpression.Accept[T,C] (ExpressionVisitor`2 v, Reko.Core.Expressions.C context) <0x403e8470 + 0x00031> in <filename unknown>:0 
  at Reko.Typing.TypeCollector.VisitStore (Reko.Core.Code.Store store) <0x403ec330 + 0x0007c> in <filename unknown>:0 
  at Reko.Core.Code.Store.Accept (InstructionVisitor v) <0x4038ae70 + 0x0002a> in <filename unknown>:0 
  at Reko.Typing.TypeCollector.CollectTypes () <0x403e6d20 + 0x00289> in <filename unknown>:0 
08060852: error: An error occurred while processing the statement Mem647[0x0812A857:byte] = cl_634 - (byte) (SLICE((word32) (cl_634 >>u 0x03) *s 0x00000025, byte, 8) *u 0x38).
    Object reference not set to an instance of an object
      at Reko.Typing.ExpressionTypeDescender.VisitBinaryExpression (Reko.Core.Expressions.BinaryExpression binExp, Reko.Core.Types.TypeVariable tv) <0x403e8520 + 0x004a5> in <filename unknown>:0 
  at Reko.Core.Expressions.BinaryExpression.Accept[T,C] (ExpressionVisitor`2 v, Reko.Core.Expressions.C context) <0x403e8470 + 0x00031> in <filename unknown>:0 
  at Reko.Typing.ExpressionTypeDescender.VisitCast (Reko.Core.Expressions.Cast cast, Reko.Core.Types.TypeVariable tv) <0x403ec840 + 0x00057> in <filename unknown>:0 
  at Reko.Core.Expressions.Cast.Accept[T,C] (ExpressionVisitor`2 v, Reko.Core.Expressions.C context) <0x403ec7f0 + 0x00031> in <filename unknown>:0 
  at Reko.Typing.ExpressionTypeDescender.VisitBinaryExpression (Reko.Core.Expressions.BinaryExpression binExp, Reko.Core.Types.TypeVariable tv) <0x403e8520 + 0x00c3d> in <filename unknown>:0 
  at Reko.Core.Expressions.BinaryExpression.Accept[T,C] (ExpressionVisitor`2 v, Reko.Core.Expressions.C context) <0x403e8470 + 0x00031> in <filename unknown>:0 
  at Reko.Typing.TypeCollector.VisitStore (Reko.Core.Code.Store store) <0x403ec330 + 0x0007c> in <filename unknown>:0 
  at Reko.Core.Code.Store.Accept (InstructionVisitor v) <0x4038ae70 + 0x0002a> in <filename unknown>:0 
  at Reko.Typing.TypeCollector.CollectTypes () <0x403e6d20 + 0x00289> in <filename unknown>:0 
08060F63: error: An error occurred while processing the statement Mem1298[0x0812A88F:byte] = cl_1285 - (byte) (SLICE((word32) (cl_1285 >>u 0x04) *s 0x00000025, byte, 8) *u 0x70).
    Object reference not set to an instance of an object
      at Reko.Typing.ExpressionTypeDescender.VisitBinaryExpression (Reko.Core.Expressions.BinaryExpression binExp, Reko.Core.Types.TypeVariable tv) <0x403e8520 + 0x004a5> in <filename unknown>:0 
  at Reko.Core.Expressions.BinaryExpression.Accept[T,C] (ExpressionVisitor`2 v, Reko.Core.Expressions.C context) <0x403e8470 + 0x00031> in <filename unknown>:0 
  at Reko.Typing.ExpressionTypeDescender.VisitCast (Reko.Core.Expressions.Cast cast, Reko.Core.Types.TypeVariable tv) <0x403ec840 + 0x00057> in <filename unknown>:0 
  at Reko.Core.Expressions.Cast.Accept[T,C] (ExpressionVisitor`2 v, Reko.Core.Expressions.C context) <0x403ec7f0 + 0x00031> in <filename unknown>:0 
  at Reko.Typing.ExpressionTypeDescender.VisitBinaryExpression (Reko.Core.Expressions.BinaryExpression binExp, Reko.Core.Types.TypeVariable tv) <0x403e8520 + 0x00c3d> in <filename unknown>:0 
  at Reko.Core.Expressions.BinaryExpression.Accept[T,C] (ExpressionVisitor`2 v, Reko.Core.Expressions.C context) <0x403e8470 + 0x00031> in <filename unknown>:0 
  at Reko.Typing.TypeCollector.VisitStore (Reko.Core.Code.Store store) <0x403ec330 + 0x0007c> in <filename unknown>:0 
  at Reko.Core.Code.Store.Accept (InstructionVisitor v) <0x4038ae70 + 0x0002a> in <filename unknown>:0 
  at Reko.Typing.TypeCollector.CollectTypes () <0x403e6d20 + 0x00289> in <filename unknown>:0 
08061E62: error: An error occurred while processing the statement Mem2706[0x0812A907:byte] = cl_2693 - (byte) (SLICE((word32) (cl_2693 >>u 0x03) * 0x00000009, byte, 8) *u 0xE8).
    Object reference not set to an instance of an object
      at Reko.Typing.ExpressionTypeDescender.VisitBinaryExpression (Reko.Core.Expressions.BinaryExpression binExp, Reko.Core.Types.TypeVariable tv) <0x403e8520 + 0x004a5> in <filename unknown>:0 
  at Reko.Core.Expressions.BinaryExpression.Accept[T,C] (ExpressionVisitor`2 v, Reko.Core.Expressions.C context) <0x403e8470 + 0x00031> in <filename unknown>:0 
  at Reko.Typing.ExpressionTypeDescender.VisitCast (Reko.Core.Expressions.Cast cast, Reko.Core.Types.TypeVariable tv) <0x403ec840 + 0x00057> in <filename unknown>:0 
  at Reko.Core.Expressions.Cast.Accept[T,C] (ExpressionVisitor`2 v, Reko.Core.Expressions.C context) <0x403ec7f0 + 0x00031> in <filename unknown>:0 
  at Reko.Typing.ExpressionTypeDescender.VisitBinaryExpression (Reko.Core.Expressions.BinaryExpression binExp, Reko.Core.Types.TypeVariable tv) <0x403e8520 + 0x00c3d> in <filename unknown>:0 
  at Reko.Core.Expressions.BinaryExpression.Accept[T,C] (ExpressionVisitor`2 v, Reko.Core.Expressions.C context) <0x403e8470 + 0x00031> in <filename unknown>:0 
  at Reko.Typing.TypeCollector.VisitStore (Reko.Core.Code.Store store) <0x403ec330 + 0x0007c> in <filename unknown>:0 
  at Reko.Core.Code.Store.Accept (InstructionVisitor v) <0x4038ae70 + 0x0002a> in <filename unknown>:0 
  at Reko.Typing.TypeCollector.CollectTypes () <0x403e6d20 + 0x00289> in <filename unknown>:0 
