Possible file format: MS-DOS executable (EXE) (IDADIR/loaders/dos.so)
Possible file format: Portable executable for 80386 (PE) (IDADIR/loaders/pe.so)

  bytes   pages size description
--------- ----- ---- --------------------------------------------
   524288    64 8192 allocating memory for b-tree...
   401408    49 8192 allocating memory for virtual array...
   262144    32 8192 allocating memory for name pointers...
-----------------------------------------------------------------
  1187840            total memory allocated

Loading file 'SUBJECTS/from_holdec/bnd_challenge/ia32_pe/subject.exe' into database...
Detected file format: Portable executable for 80386 (PE)
Loading processor module IDADIR/procs/pc.so for metapc...Initializing processor module metapc...OK
Autoanalysis subsystem has been initialized.
  0. Creating a new segment  (00401000-00411000) ... ... OK
  1. Creating a new segment  (00411000-00418000) ... ... OK
  2. Creating a new segment  (00418000-0041C000) ... ... OK
Reading imports directory...
Applying fixups...
  3. Creating a new segment  (00411104-00418000) ... ... OK
Plan  FLIRT signature: Microsoft VisualC 2-14/net runtime
autoload.cfg: vc32rtf.sig autoloads mssdk_win7.til
Type library 'mssdk_win7' loaded. Applying types...
Types applied to 65 names.
main() function at 401A00, named "_main"
Marking typical code sequences...
Flushing buffers, please wait...ok
File 'SUBJECTS/from_holdec/bnd_challenge/ia32_pe/subject.exe' has been successfully loaded into the database.
Hex-Rays Decompiler plugin has been loaded (v7.5.0.201028)
  The hotkeys are F5: decompile, Ctrl-F5: decompile all.
  Please check the Edit/Plugins menu for more informaton.
IDAPython Hex-Rays bindings initialized.
IDA is analysing the input file...
You may start to explore the input file right now.
Using FLIRT signature: Microsoft VisualC 2-14/net runtime
Propagating type information...
407420: propagate_stkargs: function is already typed
Function argument information has been propagated
lumina: applied metadata to 6 functions.
The initial autoanalysis has been finished.
Flushing buffers, please wait...ok
TIMESTAMP decompiling 401000 size=000001BB times=0...
TIMESTAMP decompiling 4011C0 size=000005B5 times=0...
TIMESTAMP decompiling 401960 size=00000077 times=0...
TIMESTAMP decompiling 4019E0 size=00000019 times=0...
TIMESTAMP decompiling 402C3F size=0000000D times=0...
TIMESTAMP decompiling 404114 size=00000006 times=0...
TIMESTAMP decompiling 404B55 size=00000009 times=0...
TIMESTAMP decompiling 406BFE size=0000000D times=0...
TIMESTAMP decompiling 407461 size=0000000E times=0...
TIMESTAMP decompiling 407BDC size=0000000D times=0...
TIMESTAMP decompiling 407CC5 size=00000020 times=0...
TIMESTAMP decompiling 407CE5 size=00000020 times=0...
TIMESTAMP decompiling 408119 size=0000000E times=0...
The decompiler assumes that the segment '.idata' is read-only because of its NAME.
All data references to the segment will be replaced by constant values.
This may lead to drastic changes in the decompiler output.
If the segment is not read-only, please change the segment NAME.

In general, the decompiler checks the segment permissions, class, and name
to determine if it is read-only.
 -> OK
TIMESTAMP decompiling 408152 size=00000008 times=0...
TIMESTAMP decompiling 40A38F size=0000000D times=0...
TIMESTAMP decompiling 40A39C size=0000000D times=0...
TIMESTAMP decompiling 40A5BA size=0000000D times=0...
TIMESTAMP decompiling 40A766 size=000001E6 times=0...
TIMESTAMP decompiling 40BF74 size=00000017 times=0...
TIMESTAMP decompiling 40C332 size=0000002A times=0...
TIMESTAMP decompiling 40C860 size=00000572 times=0...
TIMESTAMP decompiling 40CDD2 size=00000572 times=0...
TIMESTAMP decompiling 401780 size=000001D9 times=0...
TIMESTAMP decompiling 401A00 size=000001F9 times=0...
The decompiler assumes that the segment '.rdata' is read-only because of its NAME.
All data references to the segment will be replaced by constant values.
This may lead to drastic changes in the decompiler output.
If the segment is not read-only, please change the segment NAME.

In general, the decompiler checks the segment permissions, class, and name
to determine if it is read-only.
 -> OK
TIMESTAMP The application has been completely decompiled.
Unloading IDP module IDADIR/procs/pc.so...
