Using options:
08048304: warning: Unable to resolve imported reference !__gmon_start__.
08048370: error: The method or operation is not implemented.
copy2_four_times: error: An error occurred while rewriting procedure to high-level language.
    Failure has occurred while loading a type.
      at Reko.Structure.StructureAnalysis.ProcessUnresolvedRegions () <0x405c7fe0 + 0x00073> in <filename unknown>:0 
  at Reko.Structure.StructureAnalysis.Execute () <0x405c0ad0 + 0x00443> in <filename unknown>:0 
  at Reko.Structure.StructureAnalysis.Structure () <0x405bf610 + 0x00137> in <filename unknown>:0 
  at Reko.DecompilerDriver.StructureProgram () <0x405bf130 + 0x00255> in <filename unknown>:0 
copy2_eight_times: error: An error occurred while rewriting procedure to high-level language.
    Failure has occurred while loading a type.
      at Reko.Structure.StructureAnalysis.ProcessUnresolvedRegions () <0x405c7fe0 + 0x00073> in <filename unknown>:0 
  at Reko.Structure.StructureAnalysis.Execute () <0x405c0ad0 + 0x00443> in <filename unknown>:0 
  at Reko.Structure.StructureAnalysis.Structure () <0x405bf610 + 0x00137> in <filename unknown>:0 
  at Reko.DecompilerDriver.StructureProgram () <0x405bf130 + 0x00255> in <filename unknown>:0 
08048894: warning: Expected sizes of arrays to have been determined by now
080488B4: warning: Expected sizes of arrays to have been determined by now
08048894: warning: Expected sizes of arrays to have been determined by now
080488B4: warning: Expected sizes of arrays to have been determined by now
Could not load signature of Reko.Structure.StructureAnalysis:DetermineFollowLatch due to: Failed for unknown reasons. assembly:mscorlib, Version=4.0.0.0, Culture=neutral, PublicKeyToken=b77a5c561934e089 type:System.ValueTuple`2 member:<none>
Could not load signature of Reko.Structure.StructureAnalysis:DetermineFollowLatch due to: Failed for unknown reasons. assembly:mscorlib, Version=4.0.0.0, Culture=neutral, PublicKeyToken=b77a5c561934e089 type:System.ValueTuple`2 member:<none>
