
Database SUBJECTS/from_internet/asmutils/du/ia32_elf/subject.exe.idb already exists.
Do you want to overwrite it? -> ~L~oad existing

  bytes   pages size description
--------- ----- ---- --------------------------------------------
   524288    64 8192 allocating memory for b-tree...
    65536     8 8192 allocating memory for virtual array...
   262144    32 8192 allocating memory for name pointers...
-----------------------------------------------------------------
   851968            total memory allocated

Loading processor module IDADIR/procs/pc.so for metapc...Initializing processor module metapc...OK
Loading type libraries...
Autoanalysis subsystem has been initialized.
Database for file 'subject.exe' has been loaded.
Hex-Rays Decompiler plugin has been loaded (v7.6.0.210427)
  The hotkeys are F5: decompile, Ctrl-F5: decompile all.

  Please check the Edit/Plugins menu for more informaton.
=== start of cleanup script -> OK
  function at 0804804C       with name 'start'
  function at 08048102       with name 'sub_8048102'
  function at 0804825F       with name 'sub_804825F'
  function at 08048298       with name 'sub_8048298'
  function at 0804829F       with name 'sub_804829F'
  function at 080482C1       with name 'sub_80482C1'
finished -> OK
TIMESTAMP decompiling 804825F size=00000039 times=0...
TIMESTAMP decompiling 8048298 size=00000007 times=0...
TIMESTAMP decompiling 804829F size=00000022 times=0...
TIMESTAMP decompiling 80482C1 size=0000001C times=0...
TIMESTAMP decompiling 8048102 size=0000015D times=0...
TIMESTAMP decompiling 804804C size=000000B6 times=0...
TIMESTAMP The application has been completely decompiled.
Flushing buffers, please wait...ok
Unloading IDP module IDADIR/procs/pc.so...
