[I] JEB 4.11.0.202201181921 (jeb-ce) is starting...
[I] Current directory: SUBJECTS
[I] Base directory: JEBDIR
[I] System: Mac OS X 12.2 (aarch64) de_DE
[I] Java: Homebrew 17.0.1
[I] Memory Usage: 36.0M used (228.0M free, 6.0G max)
[I] Initializing Jython, please wait...
Processing file: SUBJECTS/from_decompile-it.com/w3m/ia32_elf_from_website/subject.exe...
[I] {subject.exe > subject.exe > x86 image}: Detected compiler: unknown (Linux)
[I] {subject.exe > subject.exe > x86 image}: Initial native analysis styles: code gaps: PROLOGUES_ONLY, data gaps: DEFAULT
[I] {subject.exe > subject.exe > x86 image}: Analysis completed (13s)
[I] {subject.exe > subject.exe > x86 image}: Initial analysis created 1491 methods
Output folder: jeb_output
  0/1491: Method: parsedtag_get_value
  1/1491: 1/1491: parsedtag_get_value (DONE:221ms)
  1/1491: Method: →fclose
  2/1491: 2/1491: →fclose (DONE:7ms)
  2/1491: Method: move
  3/1491: 3/1491: move (DONE:91ms)
  3/1491: Method: baseURL
  4/1491: 4/1491: baseURL (DONE:26ms)
  4/1491: Method: Strshrink
  5/1491: 5/1491: Strshrink (DONE:34ms)
  5/1491: Method: non_null
  6/1491: 6/1491: non_null (DONE:37ms)
  6/1491: Method: wtf_strwidth
  7/1491: 7/1491: wtf_strwidth (DONE:82ms)
  7/1491: Method: popValue
  8/1491: 8/1491: popValue (DONE:38ms)
  8/1491: Method: Strchop
  9/1491: 9/1491: Strchop (DONE:59ms)
  9/1491: Method: currentLn
 10/1491: 10/1491: currentLn (DONE:14ms)
 10/1491: Method: setfcolor
 11/1491: 11/1491: setfcolor (DONE:31ms)
 11/1491: Method: Strclear
 12/1491: 12/1491: Strclear (DONE:7ms)
 12/1491: Method: standend
 13/1491: 13/1491: standend (DONE:6ms)
 13/1491: Method: ceil_at_intervals
 14/1491: 14/1491: ceil_at_intervals (DONE:56ms)
 14/1491: Method: Strdelete
 15/1491: 15/1491: Strdelete (DONE:89ms)
 15/1491: Method: ex_efct
 16/1491: 16/1491: ex_efct (DONE:42ms)
 16/1491: Method: standout
 17/1491: 17/1491: standout (DONE:6ms)
 17/1491: Method: graphend
 18/1491: 18/1491: graphend (DONE:7ms)
 18/1491: Method: weight2
 19/1491: 19/1491: weight2 (DONE:19ms)
 19/1491: Method: touch_column
 20/1491: 20/1491: touch_column (DONE:57ms)
 20/1491: Method: boldend
 21/1491: 21/1491: boldend (DONE:6ms)
 21/1491: Method: has_hidden_link
 22/1491: 22/1491: has_hidden_link (DONE:114ms)
 22/1491: Method: graphstart
 23/1491: 23/1491: graphstart (DONE:6ms)
 23/1491: Method: wc_get_ucs_table
 24/1491: 24/1491: wc_get_ucs_table (DONE:943ms)
 24/1491: Method: Strremovefirstspaces
 25/1491: 25/1491: Strremovefirstspaces (DONE:58ms)
 25/1491: Method: prevBuffer
 26/1491: 26/1491: prevBuffer (DONE:25ms)
 26/1491: Method: touch_line
 27/1491: 27/1491: touch_line (DONE:155ms)
 27/1491: Method: matchedPosition
 28/1491: 28/1491: matchedPosition (DONE:6ms)
 28/1491: Method: wc_ces_to_charset
 29/1491: 29/1491: wc_ces_to_charset (DONE:18ms)
 29/1491: Method: wc_parse_iso2022_esc
 30/1491: 30/1491: wc_parse_iso2022_esc (DONE:1175ms)
 30/1491: Method: wc_ucs_to_utf8
 31/1491: 31/1491: wc_ucs_to_utf8 (DONE:363ms)
 31/1491: Method: correct_table_matrix
 32/1491: 32/1491: correct_table_matrix (DONE:205ms)
 32/1491: Method: bold
 33/1491: 33/1491: bold (DONE:7ms)
 33/1491: Method: underlineend
 34/1491: 34/1491: underlineend (DONE:7ms)
 34/1491: Method: setbcolor
 35/1491: 35/1491: setbcolor (DONE:27ms)
 35/1491: Method: Strremovetrailingspaces
 36/1491: 36/1491: Strremovetrailingspaces (DONE:50ms)
 36/1491: Method: wtf_len
 37/1491: 37/1491: wtf_len (DONE:45ms)
 37/1491: Method: __divdi3
 38/1491: 38/1491: __divdi3 (DONE:483ms)
 38/1491: Method: →pclose
 39/1491: 39/1491: →pclose (DONE:4ms)
 39/1491: Method: clear_mark
 40/1491: 40/1491: clear_mark (DONE:42ms)
 40/1491: Method: posTab
 41/1491: 41/1491: posTab (DONE:88ms)
 41/1491: Method: nthBuffer
 42/1491: 42/1491: nthBuffer (DONE:80ms)
 42/1491: Method: setStrType
 43/1491: 43/1491: setStrType (DONE:166ms)
 43/1491: Method: table_rule_width
 44/1491: 44/1491: table_rule_width (DONE:8ms)
 44/1491: Method: w3m_dir
 45/1491: 45/1491: w3m_dir (DONE:4ms)
 45/1491: Method: wc_cs128w_to_gbk
 46/1491: 46/1491: wc_cs128w_to_gbk (DONE:149ms)
 46/1491: Method: w3m_auxbin_dir
 47/1491: 47/1491: w3m_auxbin_dir (DONE:10ms)
 47/1491: Method: mouse_scroll_line
 48/1491: 48/1491: mouse_scroll_line (DONE:27ms)
 48/1491: Method: numTab
 49/1491: 49/1491: numTab (DONE:50ms)
 49/1491: Method: set_mark
 50/1491: 50/1491: set_mark (DONE:40ms)
 50/1491: Method: check_cell_width
 51/1491: 51/1491: check_cell_width (DONE:678ms)
 51/1491: Method: check_minimum_width
 52/1491: 52/1491: check_minimum_width (DONE:147ms)
 52/1491: Method: updateSelectOption
 53/1491: 53/1491: updateSelectOption (DONE:38ms)
 53/1491: Method: str_to_bool
 54/1491: 54/1491: str_to_bool (DONE:224ms)
 54/1491: Method: mMouse_scroll_line
 55/1491: 55/1491: mMouse_scroll_line (DONE:36ms)
 55/1491: Method: wrap
 56/1491: 56/1491: wrap (DONE:16ms)
 56/1491: Method: toggle_stand
 57/1491: 57/1491: toggle_stand (DONE:86ms)
 57/1491: Method: underline
 58/1491: 58/1491: underline (DONE:6ms)
 58/1491: Method: closest_next_anchor
 59/1491: 59/1491: closest_next_anchor (DONE:578ms)
 59/1491: Method: do_update
 60/1491: 60/1491: do_update (DONE:41ms)
 60/1491: Method: Strtruncate
 61/1491: 61/1491: Strtruncate (DONE:6ms)
 61/1491: Method: appendGeneralList
 62/1491: 62/1491: appendGeneralList (DONE:47ms)
 62/1491: Method: wc_jisx0201k_to_jisx0208
 63/1491: 63/1491: wc_jisx0201k_to_jisx0208 (DONE:14ms)
 63/1491: Method: __i686.get_pc_thunk.bx
 64/1491: 64/1491: __i686.get_pc_thunk.bx (DONE:2ms)
 64/1491: Method: set_alignment
 65/1491: 65/1491: set_alignment (DONE:88ms)
 65/1491: Method: effect_active_end
 66/1491: 66/1491: effect_active_end (DONE:20ms)
 66/1491: Method: do_color
 67/1491: 67/1491: do_color (DONE:57ms)
 67/1491: Method: sloppy_parse_line
 68/1491: 68/1491: sloppy_parse_line (DONE:55ms)
 68/1491: Method: process_n_form
 69/1491: 69/1491: process_n_form (DONE:11ms)
 69/1491: Method: next_status
 70/1491: 70/1491: next_status (DONE:361ms)
 70/1491: Method: _mvL
 71/1491: 71/1491: _mvL (DONE:23ms)
 71/1491: Method: terminated
 72/1491: 72/1491: terminated (DONE:29ms)
 72/1491: Method: bsearch_2short
 73/1491: 73/1491: bsearch_2short (DONE:126ms)
 73/1491: Method: table_colspan
 74/1491: 74/1491: table_colspan (DONE:51ms)
 74/1491: Method: table_border_width
 75/1491: 75/1491: table_border_width (DONE:41ms)
 75/1491: Method: correct_table_matrix2
 76/1491: 76/1491: correct_table_matrix2 (DONE:276ms)
 76/1491: Method: geom_menu
 77/1491: 77/1491: geom_menu (DONE:319ms)
 77/1491: Method: graph_ok
 78/1491: 78/1491: graph_ok (DONE:16ms)
 78/1491: Method: hashfunc
 79/1491: 79/1491: hashfunc (DONE:44ms)
 79/1491: Method: wc_sjis_ext_to_cs94w
 80/1491: 80/1491: wc_sjis_ext_to_cs94w (DONE:112ms)
 80/1491: Method: wc_input_init
 81/1491: 81/1491: wc_input_init (DONE:153ms)
 81/1491: Method: wc_cs128w_to_uhc
 82/1491: 82/1491: wc_cs128w_to_uhc (DONE:139ms)
 82/1491: Method: wc_cs94w_to_big5
 83/1491: 83/1491: wc_cs94w_to_big5 (DONE:114ms)
 83/1491: Method: wc_cs128w_to_hkscs
 84/1491: 84/1491: wc_cs128w_to_hkscs (DONE:106ms)
 84/1491: Method: effect_visited_end
 85/1491: 85/1491: effect_visited_end (DONE:15ms)
 85/1491: Method: effect_image_end
 86/1491: 86/1491: effect_image_end (DONE:14ms)
 86/1491: Method: effect_form_end
 87/1491: 87/1491: effect_form_end (DONE:14ms)
 87/1491: Method: effect_anchor_end
 88/1491: 88/1491: effect_anchor_end (DONE:14ms)
 88/1491: Method: effect_mark_end
 89/1491: 89/1491: effect_mark_end (DONE:13ms)
 89/1491: Method: keyPressEventProc
 90/1491: 90/1491: keyPressEventProc (DONE:12ms)
 90/1491: Method: nulcmd
 91/1491: 91/1491: nulcmd (DONE:2ms)
 91/1491: Method: prev_nonnull_line
 92/1491: 92/1491: prev_nonnull_line (DONE:40ms)
 92/1491: Method: next_nonnull_line
 93/1491: 93/1491: next_nonnull_line (DONE:37ms)
 93/1491: Method: cur_real_linenumber
 94/1491: 94/1491: cur_real_linenumber (DONE:49ms)
 94/1491: Method: skip_auth_token
 95/1491: 95/1491: skip_auth_token (DONE:62ms)
 95/1491: Method: is_word_char
 96/1491: 96/1491: is_word_char (DONE:45ms)
 96/1491: Method: table_width
 97/1491: 97/1491: table_width (DONE:34ms)
 97/1491: Method: clearBuffer
 98/1491: 98/1491: clearBuffer (DONE:9ms)
 98/1491: Method: nextColumn
 99/1491: 99/1491: nextColumn (DONE:122ms)
 99/1491: Method: table_rowspan
100/1491: 100/1491: table_rowspan (DONE:85ms)
100/1491: Method: unloadFrame
101/1491: 101/1491: unloadFrame (DONE:4ms)
101/1491: Method: addFrameSetElement
102/1491: 102/1491: addFrameSetElement (DONE:27ms)
102/1491: Method: clrtobot_eol
103/1491: 103/1491: clrtobot_eol (DONE:34ms)
103/1491: Method: clrtobotx
104/1491: 104/1491: clrtobotx (DONE:10ms)
104/1491: Method: ha2d
105/1491: 105/1491: ha2d (DONE:153ms)
105/1491: Method: match_longchar
106/1491: 106/1491: match_longchar (DONE:172ms)
106/1491: Method: port_match
107/1491: 107/1491: port_match (DONE:25ms)
107/1491: Method: lastHist
108/1491: 108/1491: lastHist (DONE:17ms)
108/1491: Method: onAnchor
109/1491: 109/1491: onAnchor (DONE:76ms)
109/1491: Method: retrieveAnchor
110/1491: 110/1491: retrieveAnchor (DONE:124ms)
110/1491: Method: retrieveCurrentAnchor
111/1491: 111/1491: retrieveCurrentAnchor (DONE:17ms)
111/1491: Method: retrieveCurrentForm
112/1491: 112/1491: retrieveCurrentForm (DONE:17ms)
112/1491: Method: retrieveCurrentImg
113/1491: 113/1491: retrieveCurrentImg (DONE:20ms)
113/1491: Method: shiftAnchorPosition
114/1491: 114/1491: shiftAnchorPosition (DONE:439ms)
114/1491: Method: reseq_anchor0
115/1491: 115/1491: reseq_anchor0 (DONE:56ms)
115/1491: Method: closest_prev_anchor
116/1491: 116/1491: closest_prev_anchor (DONE:534ms)
116/1491: Method: Strlower
117/1491: 117/1491: Strlower (DONE:45ms)
117/1491: Method: Strupper
118/1491: 118/1491: Strupper (DONE:48ms)
118/1491: Method: lookupHash_iv
119/1491: 119/1491: lookupHash_iv (DONE:33ms)
119/1491: Method: wc_check_ces
120/1491: 120/1491: wc_check_ces (DONE:27ms)
120/1491: Method: wc_create_detect_map
121/1491: 121/1491: wc_create_detect_map (DONE:137ms)
121/1491: Method: wc_N_to_johab1
122/1491: 122/1491: wc_N_to_johab1 (DONE:102ms)
122/1491: Method: wc_cs94w_to_sjis_ext
123/1491: 123/1491: wc_cs94w_to_sjis_ext (DONE:98ms)
123/1491: Method: wc_ucs_get_tag
124/1491: 124/1491: wc_ucs_get_tag (DONE:24ms)
124/1491: Method: wc_uhc_to_cs128w
125/1491: 125/1491: wc_uhc_to_cs128w (DONE:64ms)
125/1491: Method: wc_utf8_to_ucs
126/1491: 126/1491: wc_utf8_to_ucs (DONE:912ms)
126/1491: Method: wc_big5_to_cs94w
127/1491: 127/1491: wc_big5_to_cs94w (DONE:101ms)
127/1491: Method: wc_cs128w_to_gbk_ext
128/1491: 128/1491: wc_cs128w_to_gbk_ext (DONE:130ms)
128/1491: Method: wc_gbk_to_cs128w
129/1491: 129/1491: wc_gbk_to_cs128w (DONE:50ms)
129/1491: Method: wc_hkscs_to_cs128w
130/1491: 130/1491: wc_hkscs_to_cs128w (DONE:50ms)
130/1491: Method: new_menu
131/1491: 131/1491: new_menu (DONE:311ms)
131/1491: Method: delC
132/1491: 132/1491: delC (DONE:74ms)
132/1491: Method: effect_active_start
133/1491: 133/1491: effect_active_start (DONE:18ms)
133/1491: Method: ISgetc
134/1491: 134/1491: ISgetc (DONE:36ms)
134/1491: Method: wc_cs128w_to_johab
135/1491: 135/1491: wc_cs128w_to_johab (DONE:575ms)
135/1491: Method: wtf_parse1
136/1491: 136/1491: wtf_parse1 (DONE:1724ms)
136/1491: Method: set_longchar
137/1491: 137/1491: set_longchar (DONE:115ms)
137/1491: Method: wtf_get_code
138/1491: 138/1491: wtf_get_code (DONE:14ms)
138/1491: Method: _bs
139/1491: 139/1491: _bs (DONE:11ms)
139/1491: Method: sub_8049C32
140/1491: 140/1491: sub_8049C32 (DONE:3ms)
140/1491: Method: →strcmp
141/1491: 141/1491: →strcmp (DONE:6ms)
141/1491: Method: →GC_malloc
142/1491: 142/1491: →GC_malloc (DONE:7ms)
142/1491: Method: →fwrite
143/1491: 143/1491: →fwrite (DONE:6ms)
143/1491: Method: →strcasecmp
144/1491: 144/1491: →strcasecmp (DONE:6ms)
144/1491: Method: →strncmp
145/1491: 145/1491: →strncmp (DONE:7ms)
145/1491: Method: →strlen
146/1491: 146/1491: →strlen (DONE:6ms)
146/1491: Method: →strchr
147/1491: 147/1491: →strchr (DONE:5ms)
147/1491: Method: →atoi
148/1491: 148/1491: →atoi (DONE:5ms)
148/1491: Method: →strncasecmp
149/1491: 149/1491: →strncasecmp (DONE:6ms)
149/1491: Method: →fopen
150/1491: 150/1491: →fopen (DONE:6ms)
150/1491: Method: →GC_realloc
151/1491: 151/1491: →GC_realloc (DONE:4ms)
151/1491: Method: →GC_malloc_atomic
152/1491: 152/1491: →GC_malloc_atomic (DONE:4ms)
152/1491: Method: Strnew
153/1491: 153/1491: Strnew (DONE:18ms)
153/1491: Method: Strnew_size
154/1491: 154/1491: Strnew_size (DONE:21ms)
154/1491: Method: →fprintf
155/1491: 155/1491: →fprintf (DONE:6ms)
155/1491: Method: →bcopy
156/1491: 156/1491: →bcopy (DONE:5ms)
156/1491: Method: Strnew_charp
157/1491: 157/1491: Strnew_charp (DONE:33ms)
157/1491: Method: Strnew_charp_n
158/1491: 158/1491: Strnew_charp_n (DONE:31ms)
158/1491: Method: →getenv
159/1491: 159/1491: →getenv (DONE:4ms)
159/1491: Method: calcPosition
160/1491: 160/1491: calcPosition (DONE:627ms)
160/1491: Method: →tgetstr
161/1491: 161/1491: →tgetstr (DONE:4ms)
161/1491: Method: →printf
162/1491: 162/1491: →printf (DONE:5ms)
162/1491: Method: →__stack_chk_fail
163/1491: 163/1491: →__stack_chk_fail (DONE:4ms)
163/1491: Method: →unlink
164/1491: 164/1491: →unlink (DONE:5ms)
164/1491: Method: newGeneralList
165/1491: 165/1491: newGeneralList (DONE:15ms)
165/1491: Method: →bzero
166/1491: 166/1491: →bzero (DONE:5ms)
166/1491: Method: newBuffer
167/1491: 167/1491: newBuffer (DONE:44ms)
167/1491: Method: →__errno_location
168/1491: 168/1491: →__errno_location (DONE:4ms)
168/1491: Method: check_row
169/1491: 169/1491: check_row (DONE:1058ms)
169/1491: Method: getWord
170/1491: 170/1491: getWord (DONE:60ms)
170/1491: Method: →exit
171/1491: 171/1491: →exit (DONE:4ms)
171/1491: Method: allocStr
172/1491: 172/1491: allocStr (DONE:43ms)
172/1491: Method: copyParsedURL
173/1491: 173/1491: copyParsedURL (DONE:97ms)
173/1491: Method: →sprintf
174/1491: 174/1491: →sprintf (DONE:5ms)
174/1491: Method: →fflush
175/1491: 175/1491: →fflush (DONE:4ms)
175/1491: Method: →fread
176/1491: 176/1491: →fread (DONE:6ms)
176/1491: Method: →__sigsetjmp
177/1491: 177/1491: →__sigsetjmp (DONE:5ms)
177/1491: Method: →fputs
178/1491: 178/1491: →fputs (DONE:5ms)
178/1491: Method: →close
179/1491: 179/1491: →close (DONE:4ms)
179/1491: Method: is_html_type
180/1491: 180/1491: is_html_type (DONE:20ms)
180/1491: Method: →feof
181/1491: 181/1491: →feof (DONE:4ms)
181/1491: Method: newTextLine
182/1491: 182/1491: newTextLine (DONE:19ms)
182/1491: Method: remove_space
183/1491: 183/1491: remove_space (DONE:84ms)
183/1491: Method: checkHeader
184/1491: 184/1491: checkHeader (DONE:42ms)
184/1491: Method: →strcasestr
185/1491: 185/1491: →strcasestr (DONE:5ms)
185/1491: Method: flush_tty
186/1491: 186/1491: flush_tty (DONE:12ms)
186/1491: Method: →memset
187/1491: 187/1491: →memset (DONE:5ms)
187/1491: Method: init_stream
188/1491: 188/1491: init_stream (DONE:20ms)
188/1491: Method: →gettext
189/1491: 189/1491: →gettext (DONE:5ms)
189/1491: Method: →dup2
190/1491: 190/1491: →dup2 (DONE:5ms)
190/1491: Method: →memchr
191/1491: 191/1491: →memchr (DONE:5ms)
191/1491: Method: check_minimum0
192/1491: 192/1491: check_minimum0 (DONE:294ms)
192/1491: Method: →popen
193/1491: 193/1491: →popen (DONE:5ms)
193/1491: Method: →system
194/1491: 194/1491: →system (DONE:4ms)
194/1491: Method: →sqrt
195/1491: 195/1491: →sqrt (DONE:5ms)
195/1491: Method: →memcpy
196/1491: 196/1491: →memcpy (DONE:10ms)
196/1491: Method: →time
197/1491: 197/1491: →time (DONE:4ms)
197/1491: Method: putAnchor
198/1491: 198/1491: putAnchor (DONE:1605ms)
198/1491: Method: columnSkip
199/1491: 199/1491: columnSkip (DONE:147ms)
199/1491: Method: →floor
200/1491: 200/1491: →floor (DONE:5ms)
200/1491: Method: →fdopen
201/1491: 201/1491: →fdopen (DONE:5ms)
201/1491: Method: →GC_free
202/1491: 202/1491: →GC_free (DONE:4ms)
202/1491: Method: Strgrow
203/1491: 203/1491: Strgrow (DONE:61ms)
203/1491: Method: Strcat_charp_n
204/1491: 204/1491: Strcat_charp_n (DONE:72ms)
204/1491: Method: Strcat_charp
205/1491: 205/1491: Strcat_charp (DONE:14ms)
205/1491: Method: html_quote
206/1491: 206/1491: html_quote (DONE:106ms)
206/1491: Method: Strcat
207/1491: 207/1491: Strcat (DONE:12ms)
207/1491: Method: Strcat_m_charp
208/1491: 208/1491: Strcat_m_charp (DONE:21ms)
208/1491: Method: Strnew_m_charp
209/1491: 209/1491: Strnew_m_charp (DONE:21ms)
209/1491: Method: url_quote
210/1491: 210/1491: url_quote (DONE:319ms)
210/1491: Method: getQWord
211/1491: 211/1491: getQWord (DONE:1408ms)
211/1491: Method: Strcopy_charp_n
212/1491: 212/1491: Strcopy_charp_n (DONE:46ms)
212/1491: Method: file_unquote
213/1491: 213/1491: file_unquote (DONE:335ms)
213/1491: Method: matchattr
214/1491: 214/1491: matchattr (DONE:498ms)
214/1491: Method: Str_form_quote
215/1491: 215/1491: Str_form_quote (DONE:226ms)
215/1491: Method: readcol
216/1491: 216/1491: readcol (DONE:93ms)
216/1491: Method: shell_quote
217/1491: 217/1491: shell_quote (DONE:194ms)
217/1491: Method: file_quote
218/1491: 218/1491: file_quote (DONE:111ms)
218/1491: Method: StrmyISgets
219/1491: 219/1491: StrmyISgets (DONE:630ms)
219/1491: Method: copyPath
220/1491: 220/1491: copyPath (DONE:151ms)
220/1491: Method: →kill
221/1491: 221/1491: →kill (DONE:5ms)
221/1491: Method: next_token
222/1491: 222/1491: next_token (DONE:82ms)
222/1491: Method: columnPos
223/1491: 223/1491: columnPos (DONE:93ms)
223/1491: Method: arrangeLine
224/1491: 224/1491: arrangeLine (DONE:169ms)
224/1491: Method: addcontentssize
225/1491: 225/1491: addcontentssize (DONE:35ms)
225/1491: Method: parsedtag_set_value
226/1491: 226/1491: parsedtag_set_value (DONE:70ms)
226/1491: Method: matchMailcapAttr
227/1491: 227/1491: matchMailcapAttr (DONE:384ms)
227/1491: Method: StrISgets
228/1491: 228/1491: StrISgets (DONE:218ms)
228/1491: Method: wc_push_tag_to_utf8
229/1491: 229/1491: wc_push_tag_to_utf8 (DONE:64ms)
229/1491: Method: →open
230/1491: 230/1491: →open (DONE:5ms)
230/1491: Method: →qsort
231/1491: 231/1491: →qsort (DONE:6ms)
231/1491: Method: →freeaddrinfo
232/1491: 232/1491: →freeaddrinfo (DONE:5ms)
232/1491: Method: →siglongjmp
233/1491: 233/1491: →siglongjmp (DONE:4ms)
233/1491: Method: →fgetc
234/1491: 234/1491: →fgetc (DONE:4ms)
234/1491: Method: →fork
235/1491: 235/1491: →fork (DONE:4ms)
235/1491: Method: new_option_menu
236/1491: 236/1491: new_option_menu (DONE:194ms)
236/1491: Method: newHist
237/1491: 237/1491: newHist (DONE:12ms)
237/1491: Method: mybasename
238/1491: 238/1491: mybasename (DONE:57ms)
238/1491: Method: align
239/1491: 239/1491: align (DONE:994ms)
239/1491: Method: →bsearch
240/1491: 240/1491: →bsearch (DONE:6ms)
240/1491: Method: wc_map_search
241/1491: 241/1491: wc_map_search (DONE:13ms)
241/1491: Method: wc_ucs_to_any
242/1491: 242/1491: wc_ucs_to_any (DONE:223ms)
242/1491: Method: wc_ucs_to_any_list
243/1491: 243/1491: wc_ucs_to_any_list (DONE:50ms)
243/1491: Method: →__isoc99_sscanf
244/1491: 244/1491: →__isoc99_sscanf (DONE:4ms)
244/1491: Method: →putchar
245/1491: 245/1491: →putchar (DONE:4ms)
245/1491: Method: →tcgetattr
246/1491: 246/1491: →tcgetattr (DONE:4ms)
246/1491: Method: →strtok
247/1491: 247/1491: →strtok (DONE:5ms)
247/1491: Method: →tgoto
248/1491: 248/1491: →tgoto (DONE:4ms)
248/1491: Method: →tcsetattr
249/1491: 249/1491: →tcsetattr (DONE:5ms)
249/1491: Method: need_redraw2
250/1491: 250/1491: need_redraw2 (DONE:52ms)
250/1491: Method: setAlarmEvent
251/1491: 251/1491: setAlarmEvent (DONE:21ms)
251/1491: Method: new_vector
252/1491: 252/1491: new_vector (DONE:15ms)
252/1491: Method: set_breakpoint
253/1491: 253/1491: set_breakpoint (DONE:71ms)
253/1491: Method: init_henv
254/1491: 254/1491: init_henv (DONE:75ms)
254/1491: Method: popFrameTree
255/1491: 255/1491: popFrameTree (DONE:37ms)
255/1491: Method: putHmarker
256/1491: 256/1491: putHmarker (DONE:144ms)
256/1491: Method: read_token
257/1491: 257/1491: read_token (DONE:2584ms)
257/1491: Method: wc_map_range_search
258/1491: 258/1491: wc_map_range_search (DONE:14ms)
258/1491: Method: wc_jisx0208_or_jisx02131
259/1491: 259/1491: wc_jisx0208_or_jisx02131 (DONE:16ms)
259/1491: Method: →fileno
260/1491: 260/1491: →fileno (DONE:4ms)
260/1491: Method: →write
261/1491: 261/1491: →write (DONE:5ms)
261/1491: Method: →getaddrinfo
262/1491: 262/1491: →getaddrinfo (DONE:6ms)
262/1491: Method: →atol
263/1491: 263/1491: →atol (DONE:4ms)
263/1491: Method: →atof
264/1491: 264/1491: →atof (DONE:4ms)
264/1491: Method: →fputc
265/1491: 265/1491: →fputc (DONE:5ms)
265/1491: Method: →sscanf
266/1491: 266/1491: →sscanf (DONE:7ms)
266/1491: Method: →ferror
267/1491: 267/1491: →ferror (DONE:4ms)
267/1491: Method: Strfgets
268/1491: 268/1491: Strfgets (DONE:66ms)
268/1491: Method: →getpwnam
269/1491: 269/1491: →getpwnam (DONE:4ms)
269/1491: Method: expandPath
270/1491: 270/1491: expandPath (DONE:150ms)
270/1491: Method: rcFile
271/1491: 271/1491: rcFile (DONE:85ms)
271/1491: Method: →tolower
272/1491: 272/1491: →tolower (DONE:4ms)
272/1491: Method: searchMapList
273/1491: 273/1491: searchMapList (DONE:24ms)
273/1491: Method: total_dot_number
274/1491: 274/1491: total_dot_number (DONE:55ms)
274/1491: Method: is_wordchar
275/1491: 275/1491: is_wordchar (DONE:28ms)
275/1491: Method: new_matrix
276/1491: 276/1491: new_matrix (DONE:20ms)
276/1491: Method: getMapXY
277/1491: 277/1491: getMapXY (DONE:185ms)
277/1491: Method: set_delayed_message
278/1491: 278/1491: set_delayed_message (DONE:10ms)
278/1491: Method: filename_extension
279/1491: 279/1491: filename_extension (DONE:152ms)
279/1491: Method: check_expired_cookies
280/1491: 280/1491: check_expired_cookies (DONE:86ms)
280/1491: Method: registerHref
281/1491: 281/1491: registerHref (DONE:22ms)
281/1491: Method: Strsubstr
282/1491: 282/1491: Strsubstr (DONE:109ms)
282/1491: Method: Str_url_unquote
283/1491: 283/1491: Str_url_unquote (DONE:654ms)
283/1491: Method: romanNum2
284/1491: 284/1491: romanNum2 (DONE:888ms)
284/1491: Method: myExtCommand
285/1491: 285/1491: myExtCommand (DONE:174ms)
285/1491: Method: init_migemo
286/1491: 286/1491: init_migemo (DONE:26ms)
286/1491: Method: shiftvisualpos
287/1491: 287/1491: shiftvisualpos (DONE:89ms)
287/1491: Method: wc_map3_range_search
288/1491: 288/1491: wc_map3_range_search (DONE:13ms)
288/1491: Method: wc_ucs_to_iso2022w
289/1491: 289/1491: wc_ucs_to_iso2022w (DONE:140ms)
289/1491: Method: wc_ucs_to_iso2022
290/1491: 290/1491: wc_ucs_to_iso2022 (DONE:257ms)
290/1491: Method: wc_gb2312_or_gbk
291/1491: 291/1491: wc_gb2312_or_gbk (DONE:14ms)
291/1491: Method: wc_charset_to_ces
292/1491: 292/1491: wc_charset_to_ces (DONE:3497ms)
292/1491: Method: wc_guess_charset
293/1491: 293/1491: wc_guess_charset (DONE:20ms)
293/1491: Method: checkContentType
294/1491: 294/1491: checkContentType (DONE:225ms)
294/1491: Method: newFormList
295/1491: 295/1491: newFormList (DONE:126ms)
295/1491: Method: →read
296/1491: 296/1491: →read (DONE:5ms)
296/1491: Method: →symlink
297/1491: 297/1491: →symlink (DONE:5ms)
297/1491: Method: →ioctl
298/1491: 298/1491: →ioctl (DONE:5ms)
298/1491: Method: →fseek
299/1491: 299/1491: →fseek (DONE:5ms)
299/1491: Method: →isatty
300/1491: 300/1491: →isatty (DONE:4ms)
300/1491: Method: →dup
301/1491: 301/1491: →dup (DONE:4ms)
301/1491: Method: →mktime
302/1491: 302/1491: →mktime (DONE:4ms)
302/1491: Method: →alarm
303/1491: 303/1491: →alarm (DONE:4ms)
303/1491: Method: →freopen
304/1491: 304/1491: →freopen (DONE:5ms)
304/1491: Method: →sleep
305/1491: 305/1491: →sleep (DONE:4ms)
305/1491: Method: →strcat
306/1491: 306/1491: →strcat (DONE:4ms)
306/1491: Method: cleanupName
307/1491: 307/1491: cleanupName (DONE:399ms)
307/1491: Method: →log
308/1491: 308/1491: →log (DONE:5ms)
308/1491: Method: →puts
309/1491: 309/1491: →puts (DONE:4ms)
309/1491: Method: →_IO_putc
310/1491: 310/1491: →_IO_putc (DONE:5ms)
310/1491: Method: write1
311/1491: 311/1491: write1 (DONE:12ms)
311/1491: Method: getMenuN
312/1491: 312/1491: getMenuN (DONE:33ms)
312/1491: Method: newTab
313/1491: 313/1491: newTab (DONE:16ms)
313/1491: Method: newListItem
314/1491: 314/1491: newListItem (DONE:13ms)
314/1491: Method: pushValue
315/1491: 315/1491: pushValue (DONE:25ms)
315/1491: Method: pushdata
316/1491: 316/1491: pushdata (DONE:85ms)
316/1491: Method: pushHist
317/1491: 317/1491: pushHist (DONE:44ms)
317/1491: Method: make_domain_list
318/1491: 318/1491: make_domain_list (DONE:207ms)
318/1491: Method: record_err_message
319/1491: 319/1491: record_err_message (DONE:39ms)
319/1491: Method: putHash_iv
320/1491: 320/1491: putHash_iv (DONE:45ms)
320/1491: Method: newHash_sv
321/1491: 321/1491: newHash_sv (DONE:46ms)
321/1491: Method: get_auth_param
322/1491: 322/1491: get_auth_param (DONE:24ms)
322/1491: Method: chooseSelectOption
323/1491: 323/1491: chooseSelectOption (DONE:51ms)
323/1491: Method: form_write_data
324/1491: 324/1491: form_write_data (DONE:19ms)
324/1491: Method: getMetaRefreshParam
325/1491: 325/1491: getMetaRefreshParam (DONE:255ms)
325/1491: Method: lastFileName
326/1491: 326/1491: lastFileName (DONE:34ms)
326/1491: Method: add_auth_pass_entry
327/1491: 327/1491: add_auth_pass_entry (DONE:85ms)
327/1491: Method: Strcopy
328/1491: 328/1491: Strcopy (DONE:42ms)
328/1491: Method: Strdup
329/1491: 329/1491: Strdup (DONE:13ms)
329/1491: Method: unescape_spaces
330/1491: 330/1491: unescape_spaces (DONE:133ms)
330/1491: Method: cleanup_line
331/1491: 331/1491: cleanup_line (DONE:436ms)
331/1491: Method: escape_spaces
332/1491: 332/1491: escape_spaces (DONE:161ms)
332/1491: Method: wc_push_iso2022_esc
333/1491: 333/1491: wc_push_iso2022_esc (DONE:3372ms)
333/1491: Method: getAnchorText
334/1491: 334/1491: getAnchorText (DONE:322ms)
334/1491: Method: quote_mailcap
335/1491: 335/1491: quote_mailcap (DONE:248ms)
335/1491: Method: form2str
336/1491: 336/1491: form2str (DONE:101ms)
336/1491: Method: print_item
337/1491: 337/1491: print_item (DONE:224ms)
337/1491: Method: wc_ucs_to_fullwidth
338/1491: 338/1491: wc_ucs_to_fullwidth (DONE:20ms)
338/1491: Method: weight
339/1491: 339/1491: weight (DONE:24ms)
339/1491: Method: make_cookie
340/1491: 340/1491: make_cookie (DONE:34ms)
340/1491: Method: appendTextLine
341/1491: 341/1491: appendTextLine (DONE:37ms)
341/1491: Method: →inet_ntop
342/1491: 342/1491: →inet_ntop (DONE:6ms)
342/1491: Method: →localtime
343/1491: 343/1491: →localtime (DONE:4ms)
343/1491: Method: →getpass
344/1491: 344/1491: →getpass (DONE:4ms)
344/1491: Method: →ttyname
345/1491: 345/1491: →ttyname (DONE:5ms)
345/1491: Method: →execl
346/1491: 346/1491: →execl (DONE:5ms)
346/1491: Method: →chmod
347/1491: 347/1491: →chmod (DONE:4ms)
347/1491: Method: →readdir
348/1491: 348/1491: →readdir (DONE:4ms)
348/1491: Method: →strtol
349/1491: 349/1491: →strtol (DONE:6ms)
349/1491: Method: →opendir
350/1491: 350/1491: →opendir (DONE:4ms)
350/1491: Method: →strstr
351/1491: 351/1491: →strstr (DONE:4ms)
351/1491: Method: →Gpm_Close
352/1491: 352/1491: →Gpm_Close (DONE:4ms)
352/1491: Method: mouse_end
353/1491: 353/1491: mouse_end (DONE:21ms)
353/1491: Method: mouse_inactive
354/1491: 354/1491: mouse_inactive (DONE:11ms)
354/1491: Method: →tgetnum
355/1491: 355/1491: →tgetnum (DONE:4ms)
355/1491: Method: →gmtime
356/1491: 356/1491: →gmtime (DONE:5ms)
356/1491: Method: →fscanf
357/1491: 357/1491: →fscanf (DONE:5ms)
357/1491: Method: →pipe
358/1491: 358/1491: →pipe (DONE:5ms)
358/1491: Method: open_pipe_rw
359/1491: 359/1491: open_pipe_rw (DONE:171ms)
359/1491: Method: searchAnchor
360/1491: 360/1491: searchAnchor (DONE:69ms)
360/1491: Method: searchURLLabel
361/1491: 361/1491: searchURLLabel (DONE:11ms)
361/1491: Method: lookupHash_si
362/1491: 362/1491: lookupHash_si (DONE:37ms)
362/1491: Method: getHash_si
363/1491: 363/1491: getHash_si (DONE:17ms)
363/1491: Method: getFuncList
364/1491: 364/1491: getFuncList (DONE:9ms)
364/1491: Method: getescapechar
365/1491: 365/1491: getescapechar (DONE:594ms)
365/1491: Method: setMouseAction2
366/1491: 366/1491: setMouseAction2 (DONE:32ms)
366/1491: Method: putHash_si
367/1491: 367/1491: putHash_si (DONE:45ms)
367/1491: Method: lookupHash_ss
368/1491: 368/1491: lookupHash_ss (DONE:35ms)
368/1491: Method: lookupHash_sv
369/1491: 369/1491: lookupHash_sv (DONE:35ms)
369/1491: Method: putHash_sv
370/1491: 370/1491: putHash_sv (DONE:43ms)
370/1491: Method: getHash_sv
371/1491: 371/1491: getHash_sv (DONE:18ms)
371/1491: Method: getHashHist
372/1491: 372/1491: getHashHist (DONE:38ms)
372/1491: Method: pushHashHist
373/1491: 373/1491: pushHashHist (DONE:59ms)
373/1491: Method: save_buffer_position
374/1491: 374/1491: save_buffer_position (DONE:151ms)
374/1491: Method: addnewline2
375/1491: 375/1491: addnewline2 (DONE:80ms)
375/1491: Method: pushFrameTree
376/1491: 376/1491: pushFrameTree (DONE:94ms)
376/1491: Method: addSelectOption
377/1491: 377/1491: addSelectOption (DONE:36ms)
377/1491: Method: newHash_iv
378/1491: 378/1491: newHash_iv (DONE:47ms)
378/1491: Method: formtype
379/1491: 379/1491: formtype (DONE:30ms)
379/1491: Method: same_url_p
380/1491: 380/1491: same_url_p (DONE:59ms)
380/1491: Method: find_auth_pass_entry
381/1491: 381/1491: find_auth_pass_entry (DONE:105ms)
381/1491: Method: find_auth_user_passwd
382/1491: 382/1491: find_auth_user_passwd (DONE:52ms)
382/1491: Method: add_pre_form_item
383/1491: 383/1491: add_pre_form_item (DONE:69ms)
383/1491: Method: ul_type
384/1491: 384/1491: ul_type (DONE:33ms)
384/1491: Method: guessContentTypeFromTable
385/1491: 385/1491: guessContentTypeFromTable (DONE:106ms)
385/1491: Method: guessContentType
386/1491: 386/1491: guessContentType (DONE:57ms)
386/1491: Method: uncompressed_file_type
387/1491: 387/1491: uncompressed_file_type (DONE:142ms)
387/1491: Method: search_param
388/1491: 388/1491: search_param (DONE:211ms)
388/1491: Method: check_compression
389/1491: 389/1491: check_compression (DONE:75ms)
389/1491: Method: getURLScheme
390/1491: 390/1491: getURLScheme (DONE:135ms)
390/1491: Method: is_text_type
391/1491: 391/1491: is_text_type (DONE:26ms)
391/1491: Method: getKey2
392/1491: 392/1491: getKey2 (DONE:2564ms)
392/1491: Method: addMenuList
393/1491: 393/1491: addMenuList (DONE:68ms)
393/1491: Method: init_buffer
394/1491: 394/1491: init_buffer (DONE:21ms)
394/1491: Method: init_base_stream
395/1491: 395/1491: init_base_stream (DONE:10ms)
395/1491: Method: newEncodedStream
396/1491: 396/1491: newEncodedStream (DONE:57ms)
396/1491: Method: newFileStream
397/1491: 397/1491: newFileStream (DONE:30ms)
397/1491: Method: newInputStream
398/1491: 398/1491: newInputStream (DONE:22ms)
398/1491: Method: fversion
399/1491: 399/1491: fversion (DONE:12ms)
399/1491: Method: term_title
400/1491: 400/1491: term_title (DONE:19ms)
400/1491: Method: get_table_width
401/1491: 401/1491: get_table_width (DONE:2123ms)
401/1491: Method: deleteFrame
402/1491: 402/1491: deleteFrame (DONE:13ms)
402/1491: Method: nullBuffer
403/1491: 403/1491: nullBuffer (DONE:11ms)
403/1491: Method: get_spec_cell_width
404/1491: 404/1491: get_spec_cell_width (DONE:79ms)
404/1491: Method: setwidth0
405/1491: 405/1491: setwidth0 (DONE:187ms)
405/1491: Method: setwidth
406/1491: 406/1491: setwidth (DONE:64ms)
406/1491: Method: table_close_anchor0
407/1491: 407/1491: table_close_anchor0 (DONE:64ms)
407/1491: Method: clearcontentssize
408/1491: 408/1491: clearcontentssize (DONE:18ms)
408/1491: Method: close_tty
409/1491: 409/1491: close_tty (DONE:14ms)
409/1491: Method: readBufferCache
410/1491: 410/1491: readBufferCache (DONE:920ms)
410/1491: Method: copyBuffer
411/1491: 411/1491: copyBuffer (DONE:12ms)
411/1491: Method: _newT
412/1491: 412/1491: _newT (DONE:93ms)
412/1491: Method: registerName
413/1491: 413/1491: registerName (DONE:18ms)
413/1491: Method: registerImg
414/1491: 414/1491: registerImg (DONE:20ms)
414/1491: Method: Strinsert_char
415/1491: 415/1491: Strinsert_char (DONE:85ms)
415/1491: Method: insC
416/1491: 416/1491: insC (DONE:33ms)
416/1491: Method: qstr_unquote
417/1491: 417/1491: qstr_unquote (DONE:127ms)
417/1491: Method: get_day
418/1491: 418/1491: get_day (DONE:100ms)
418/1491: Method: get_year
419/1491: 419/1491: get_year (DONE:134ms)
419/1491: Method: make_portlist
420/1491: 420/1491: make_portlist (DONE:134ms)
420/1491: Method: romanAlphabet
421/1491: 421/1491: romanAlphabet (DONE:240ms)
421/1491: Method: get_month
422/1491: 422/1491: get_month (DONE:309ms)
422/1491: Method: get_time
423/1491: 423/1491: get_time (DONE:689ms)
423/1491: Method: extract_auth_val
424/1491: 424/1491: extract_auth_val (DONE:530ms)
424/1491: Method: extract_auth_param
425/1491: 425/1491: extract_auth_param (DONE:559ms)
425/1491: Method: encodeB
426/1491: 426/1491: encodeB (DONE:709ms)
426/1491: Method: textfieldrep
427/1491: 427/1491: textfieldrep (DONE:806ms)
427/1491: Method: setMouseAction0
428/1491: 428/1491: setMouseAction0 (DONE:287ms)
428/1491: Method: closeImgdisplay
429/1491: 429/1491: closeImgdisplay (DONE:23ms)
429/1491: Method: wc_get_ces_list
430/1491: 430/1491: wc_get_ces_list (DONE:201ms)
430/1491: Method: guess_filename
431/1491: 431/1491: guess_filename (DONE:77ms)
431/1491: Method: guess_save_name
432/1491: 432/1491: guess_save_name (DONE:180ms)
432/1491: Method: wc_ucs_to_johab
433/1491: 433/1491: wc_ucs_to_johab (DONE:73ms)
433/1491: Method: reseq_anchor
434/1491: 434/1491: reseq_anchor (DONE:938ms)
434/1491: Method: reAnchorPos
435/1491: 435/1491: reAnchorPos (DONE:316ms)
435/1491: Method: wc_is_ucs_combining
436/1491: 436/1491: wc_is_ucs_combining (DONE:26ms)
436/1491: Method: wc_is_ucs_hangul
437/1491: 437/1491: wc_is_ucs_hangul (DONE:16ms)
437/1491: Method: auxbinFile
438/1491: 438/1491: auxbinFile (DONE:13ms)
438/1491: Method: addDownloadList
439/1491: 439/1491: addDownloadList (DONE:66ms)
439/1491: Method: getCurWord
440/1491: 440/1491: getCurWord (DONE:168ms)
440/1491: Method: romanNumeral
441/1491: 441/1491: romanNumeral (DONE:235ms)
441/1491: Method: wc_gbk_or_gbk_ext
442/1491: 442/1491: wc_gbk_or_gbk_ext (DONE:14ms)
442/1491: Method: file_to_url
443/1491: 443/1491: file_to_url (DONE:104ms)
443/1491: Method: suspend_or_pushdata
444/1491: 444/1491: suspend_or_pushdata (DONE:38ms)
444/1491: Method: add_auth_user_passwd
445/1491: 445/1491: add_auth_user_passwd (DONE:25ms)
445/1491: Method: parsePasswd
446/1491: 446/1491: parsePasswd (DONE:556ms)
446/1491: Method: setlinescols
447/1491: 447/1491: setlinescols (DONE:117ms)
447/1491: Method: setMouseAction1
448/1491: 448/1491: setMouseAction1 (DONE:347ms)
448/1491: Method: begin_cell
449/1491: 449/1491: begin_cell (DONE:94ms)
449/1491: Method: check_rowcol
450/1491: 450/1491: check_rowcol (DONE:200ms)
450/1491: Method: feed_table_inline_tag
451/1491: 451/1491: feed_table_inline_tag (DONE:32ms)
451/1491: Method: feed_table_block_tag
452/1491: 452/1491: feed_table_block_tag (DONE:202ms)
452/1491: Method: findAuthentication
453/1491: 453/1491: findAuthentication (DONE:399ms)
453/1491: Method: syncImage
454/1491: 454/1491: syncImage (DONE:42ms)
454/1491: Method: wc_is_combining
455/1491: 455/1491: wc_is_combining (DONE:111ms)
455/1491: Method: GetWord
456/1491: 456/1491: GetWord (DONE:25ms)
456/1491: Method: clearImage
457/1491: 457/1491: clearImage (DONE:154ms)
457/1491: Method: __do_global_dtors_aux
458/1491: 458/1491: __do_global_dtors_aux (DONE:32ms)
458/1491: Method: frame_dummy
459/1491: 459/1491: frame_dummy (DONE:13ms)
459/1491: Method: checkBackBuffer
460/1491: 460/1491: checkBackBuffer (DONE:45ms)
460/1491: Method: calcTabPos
461/1491: 461/1491: calcTabPos (DONE:609ms)
461/1491: Method: compress_application_type
462/1491: 462/1491: compress_application_type (DONE:29ms)
462/1491: Method: is_period_char
463/1491: 463/1491: is_period_char (DONE:12ms)
463/1491: Method: is_beginning_char
464/1491: 464/1491: is_beginning_char (DONE:25ms)
464/1491: Method: is_combining_char
465/1491: 465/1491: is_combining_char (DONE:17ms)
465/1491: Method: is_boundary
466/1491: 466/1491: is_boundary (DONE:78ms)
466/1491: Method: clear_ignore_p_flag
467/1491: 467/1491: clear_ignore_p_flag (DONE:29ms)
467/1491: Method: need_flushline
468/1491: 468/1491: need_flushline (DONE:63ms)
468/1491: Method: _mvR
469/1491: 469/1491: _mvR (DONE:24ms)
469/1491: Method: Usolve
470/1491: 470/1491: Usolve (DONE:491ms)
470/1491: Method: Lsolve
471/1491: 471/1491: Lsolve (DONE:491ms)
471/1491: Method: LUsolve
472/1491: 472/1491: LUsolve (DONE:87ms)
472/1491: Method: bsearch_double
473/1491: 473/1491: bsearch_double (DONE:129ms)
473/1491: Method: floor_at_intervals
474/1491: 474/1491: floor_at_intervals (DONE:39ms)
474/1491: Method: minimum_cellspacing
475/1491: 475/1491: minimum_cellspacing (DONE:13ms)
475/1491: Method: visible_length_plain
476/1491: 476/1491: visible_length_plain (DONE:173ms)
476/1491: Method: check_maximum_width
477/1491: 477/1491: check_maximum_width (DONE:149ms)
477/1491: Method: correct_table_matrix3
478/1491: 478/1491: correct_table_matrix3 (DONE:396ms)
478/1491: Method: correct_table_matrix4
479/1491: 479/1491: correct_table_matrix4 (DONE:385ms)
479/1491: Method: nearestMapArea
480/1491: 480/1491: nearestMapArea (DONE:127ms)
480/1491: Method: guess_menu_xy
481/1491: 481/1491: guess_menu_xy (DONE:125ms)
481/1491: Method: mailcapMatch
482/1491: 482/1491: mailcapMatch (DONE:232ms)
482/1491: Method: schemeToProxy
483/1491: 483/1491: schemeToProxy (DONE:18ms)
483/1491: Method: c2e
484/1491: 484/1491: c2e (DONE:64ms)
484/1491: Method: decodeB
485/1491: 485/1491: decodeB (DONE:537ms)
485/1491: Method: match_range_longchar
486/1491: 486/1491: match_range_longchar (DONE:579ms)
486/1491: Method: matchWhich
487/1491: 487/1491: matchWhich (DONE:79ms)
487/1491: Method: regmatch1
488/1491: 488/1491: regmatch1 (DONE:95ms)
488/1491: Method: nth_cookie
489/1491: 489/1491: nth_cookie (DONE:31ms)
489/1491: Method: nextHist
490/1491: 490/1491: nextHist (DONE:21ms)
490/1491: Method: prevHist
491/1491: 491/1491: prevHist (DONE:20ms)
491/1491: Method: ISundogetc
492/1491: 492/1491: ISundogetc (DONE:15ms)
492/1491: Method: strcasematch
493/1491: 493/1491: strcasematch (DONE:83ms)
493/1491: Method: rpopValue
494/1491: 494/1491: rpopValue (DONE:22ms)
494/1491: Method: purgeline
495/1491: 495/1491: purgeline (DONE:64ms)
495/1491: Method: delValue
496/1491: 496/1491: delValue (DONE:19ms)
496/1491: Method: wc_ces_to_charset_desc
497/1491: 497/1491: wc_ces_to_charset_desc (DONE:14ms)
497/1491: Method: wc_guess_8bit_charset
498/1491: 498/1491: wc_guess_8bit_charset (DONE:27ms)
498/1491: Method: wc_create_gmap
499/1491: 499/1491: wc_create_gmap (DONE:670ms)
499/1491: Method: wc_jisx0212_or_jisx02132
500/1491: 500/1491: wc_jisx0212_or_jisx02132 (DONE:23ms)
500/1491: Method: wc_johab1_to_N
501/1491: 501/1491: wc_johab1_to_N (DONE:76ms)
501/1491: Method: wc_johab_to_cs128w
502/1491: 502/1491: wc_johab_to_cs128w (DONE:249ms)
502/1491: Method: wc_putc_clear_status
503/1491: 503/1491: wc_putc_clear_status (DONE:8ms)
503/1491: Method: wc_sjis_ext1_to_N
504/1491: 504/1491: wc_sjis_ext1_to_N (DONE:41ms)
504/1491: Method: wc_sjis_ext2_to_N
505/1491: 505/1491: wc_sjis_ext2_to_N (DONE:29ms)
505/1491: Method: wc_ces_has_ccs
506/1491: 506/1491: wc_ces_has_ccs (DONE:43ms)
506/1491: Method: wc_uhc_to_N
507/1491: 507/1491: wc_uhc_to_N (DONE:210ms)
507/1491: Method: wc_tcvn5712_precompose
508/1491: 508/1491: wc_tcvn5712_precompose (DONE:31ms)
508/1491: Method: wc_cp1258_precompose
509/1491: 509/1491: wc_cp1258_precompose (DONE:30ms)
509/1491: Method: wc_gbk_ext_to_cs128w
510/1491: 510/1491: wc_gbk_ext_to_cs128w (DONE:48ms)
510/1491: Method: wc_gbk_to_N
511/1491: 511/1491: wc_gbk_to_N (DONE:1129ms)
511/1491: Method: wc_hkscs_to_N
512/1491: 512/1491: wc_hkscs_to_N (DONE:55ms)
512/1491: Method: __moddi3
513/1491: 513/1491: __moddi3 (DONE:638ms)
513/1491: Method: __do_global_ctors_aux
514/1491: 514/1491: __do_global_ctors_aux (DONE:41ms)
514/1491: Method: effect_visited_start
515/1491: 515/1491: effect_visited_start (DONE:13ms)
515/1491: Method: effect_image_start
516/1491: 516/1491: effect_image_start (DONE:13ms)
516/1491: Method: effect_form_start
517/1491: 517/1491: effect_form_start (DONE:13ms)
517/1491: Method: clrtoeol
518/1491: 518/1491: clrtoeol (DONE:180ms)
518/1491: Method: touch_cursor
519/1491: 519/1491: touch_cursor (DONE:109ms)
519/1491: Method: effect_mark_start
520/1491: 520/1491: effect_mark_start (DONE:16ms)
520/1491: Method: w3m_lib_dir
521/1491: 521/1491: w3m_lib_dir (DONE:9ms)
521/1491: Method: w3m_etc_dir
522/1491: 522/1491: w3m_etc_dir (DONE:8ms)
522/1491: Method: w3m_conf_dir
523/1491: 523/1491: w3m_conf_dir (DONE:8ms)
523/1491: Method: confFile
524/1491: 524/1491: confFile (DONE:14ms)
524/1491: Method: effect_anchor_start
525/1491: 525/1491: effect_anchor_start (DONE:14ms)
525/1491: Method: _mvLw
526/1491: 526/1491: _mvLw (DONE:57ms)
526/1491: Method: _mvRw
527/1491: 527/1491: _mvRw (DONE:60ms)
527/1491: Method: wc_char_conv_init
528/1491: 528/1491: wc_char_conv_init (DONE:12ms)
528/1491: Method: columnLen
529/1491: 529/1491: columnLen (DONE:91ms)
529/1491: Method: addnewline
530/1491: 530/1491: addnewline (DONE:380ms)
530/1491: Method: getHash_iv
531/1491: 531/1491: getHash_iv (DONE:18ms)
531/1491: Method: getKeyData
532/1491: 532/1491: getKeyData (DONE:13ms)
532/1491: Method: searchKeyData
533/1491: 533/1491: searchKeyData (DONE:48ms)
533/1491: Method: searchKeyNum
534/1491: 534/1491: searchKeyNum (DONE:26ms)
534/1491: Method: escKeyProc
535/1491: 535/1491: escKeyProc (DONE:89ms)
535/1491: Method: wtf_init
536/1491: 536/1491: wtf_init (DONE:122ms)
536/1491: Method: wc_auto_detect
537/1491: 537/1491: wc_auto_detect (DONE:16069ms)
537/1491: Method: _bsw
538/1491: 538/1491: _bsw (DONE:38ms)
538/1491: Method: →abort
539/1491: 539/1491: →abort (DONE:4ms)
539/1491: Method: →sigemptyset
540/1491: 540/1491: →sigemptyset (DONE:5ms)
540/1491: Method: →connect
541/1491: 541/1491: →connect (DONE:6ms)
541/1491: Method: →getpid
542/1491: 542/1491: →getpid (DONE:4ms)
542/1491: Method: →mkdir
543/1491: 543/1491: →mkdir (DONE:4ms)
543/1491: Method: →srand48
544/1491: 544/1491: →srand48 (DONE:4ms)
544/1491: Method: →strerror
545/1491: 545/1491: →strerror (DONE:5ms)
545/1491: Method: →getsockname
546/1491: 546/1491: →getsockname (DONE:5ms)
546/1491: Method: →memcmp
547/1491: 547/1491: →memcmp (DONE:5ms)
547/1491: Method: wc_output_init
548/1491: 548/1491: wc_output_init (DONE:2145ms)
548/1491: Method: →inet_ntoa
549/1491: 549/1491: →inet_ntoa (DONE:5ms)
549/1491: Method: →tgetflag
550/1491: 550/1491: →tgetflag (DONE:5ms)
550/1491: Method: →__xstat
551/1491: 551/1491: →__xstat (DONE:6ms)
551/1491: Method: stat
552/1491: 552/1491: stat (DONE:19ms)
552/1491: Method: dir_exist
553/1491: 553/1491: dir_exist (DONE:29ms)
553/1491: Method: checkCopyFile
554/1491: 554/1491: checkCopyFile (DONE:40ms)
554/1491: Method: →__gmon_start__
555/1491: 555/1491: →__gmon_start__ (DONE:5ms)
555/1491: Method: →__lxstat
556/1491: 556/1491: →__lxstat (DONE:5ms)
556/1491: Method: lstat
557/1491: 557/1491: lstat (DONE:17ms)
557/1491: Method: checkDownloadList
558/1491: 558/1491: checkDownloadList (DONE:29ms)
558/1491: Method: →vsprintf
559/1491: 559/1491: →vsprintf (DONE:6ms)
559/1491: Method: Sprintf
560/1491: 560/1491: Sprintf (DONE:546ms)
560/1491: Method: tmpfname
561/1491: 561/1491: tmpfname (DONE:40ms)
561/1491: Method: ftp_command
562/1491: 562/1491: ftp_command (DONE:291ms)
562/1491: Method: push_symbol
563/1491: 563/1491: push_symbol (DONE:115ms)
563/1491: Method: news_command
564/1491: 564/1491: news_command (DONE:64ms)
564/1491: Method: convert_size
[W] Cannot set type ? on IR i32:FFFFFFFFh
[W] Cannot set type ? on IR i32:FFFFFFFFh
[W] Cannot set type ? on IR i32:FFFFFFFFh
[W] Cannot set type ? on IR i32:FFFFFFFFh
565/1491: 565/1491: convert_size (DONE:119ms)
565/1491: Method: parsedtag2str
566/1491: 566/1491: parsedtag2str (DONE:314ms)
566/1491: Method: convert_size2
[W] Cannot set type ? on IR i32:FFFFFFFFh
[W] Cannot set type ? on IR i32:FFFFFFFFh
[W] Cannot set type ? on IR i32:FFFFFFFFh
[W] Cannot set type ? on IR i32:FFFFFFFFh
567/1491: 567/1491: convert_size2 (DONE:194ms)
567/1491: Method: convert_size3
568/1491: 568/1491: convert_size3 (DONE:38ms)
568/1491: Method: portlist2str
569/1491: 569/1491: portlist2str (DONE:28ms)
569/1491: Method: myEditor
570/1491: 570/1491: myEditor (DONE:459ms)
570/1491: Method: print_sep
571/1491: 571/1491: print_sep (DONE:2807ms)
571/1491: Method: process_n_textarea
572/1491: 572/1491: process_n_textarea (DONE:196ms)
572/1491: Method: getImageSize
573/1491: 573/1491: getImageSize (DONE:1238ms)
573/1491: Method: getImage
574/1491: 574/1491: getImage (DONE:508ms)
574/1491: Method: process_option
575/1491: 575/1491: process_option (DONE:489ms)
575/1491: Method: _parsedURL2Str
576/1491: 576/1491: _parsedURL2Str (DONE:3412ms)
576/1491: Method: parsedURL2Str
577/1491: 577/1491: parsedURL2Str (DONE:9ms)
577/1491: Method: save_cookies
578/1491: 578/1491: save_cookies (DONE:244ms)
578/1491: Method: print_headers
579/1491: 579/1491: print_headers (DONE:77ms)
579/1491: Method: parseFrameSetLength
580/1491: 580/1491: parseFrameSetLength (DONE:227ms)
580/1491: Method: process_anchor
581/1491: 581/1491: process_anchor (DONE:46ms)
581/1491: Method: process_n_select
582/1491: 582/1491: process_n_select (DONE:60ms)
582/1491: Method: otherinfo
583/1491: 583/1491: otherinfo (DONE:497ms)
583/1491: Method: →strncpy
584/1491: 584/1491: →strncpy (DONE:6ms)
584/1491: Method: addmch
585/1491: 585/1491: addmch (DONE:14679ms)
585/1491: Method: addstr
586/1491: 586/1491: addstr (DONE:27ms)
586/1491: Method: addnstr_sup
587/1491: 587/1491: addnstr_sup (DONE:115ms)
587/1491: Method: draw_menu_item
588/1491: 588/1491: draw_menu_item (DONE:36ms)
588/1491: Method: draw_menu
589/1491: 589/1491: draw_menu (DONE:2138ms)
589/1491: Method: up_menu
590/1491: 590/1491: up_menu (DONE:27ms)
590/1491: Method: down_menu
591/1491: 591/1491: down_menu (DONE:50ms)
591/1491: Method: addnstr
592/1491: 592/1491: addnstr (DONE:76ms)
592/1491: Method: →rename
593/1491: 593/1491: →rename (DONE:6ms)
593/1491: Method: →__libc_start_main
594/1491: 594/1491: →__libc_start_main (DONE:4ms)
594/1491: Method: →_IO_getc
595/1491: 595/1491: →_IO_getc (DONE:4ms)
595/1491: Method: →strrchr
596/1491: 596/1491: →strrchr (DONE:5ms)
596/1491: Method: →GC_set_warn_proc
597/1491: 597/1491: →GC_set_warn_proc (DONE:4ms)
597/1491: Method: →bindtextdomain
598/1491: 598/1491: →bindtextdomain (DONE:5ms)
598/1491: Method: →strtoll
599/1491: 599/1491: →strtoll (DONE:6ms)
599/1491: Method: →ungetc
600/1491: 600/1491: →ungetc (DONE:5ms)
600/1491: Method: →tgetent
601/1491: 601/1491: →tgetent (DONE:4ms)
601/1491: Method: →sigaction
602/1491: 602/1491: →sigaction (DONE:6ms)
602/1491: Method: mySignal
603/1491: 603/1491: mySignal (DONE:28ms)
603/1491: Method: ISclose
604/1491: 604/1491: ISclose (DONE:29ms)
604/1491: Method: news_close
605/1491: 605/1491: news_close (DONE:34ms)
605/1491: Method: myExec
606/1491: 606/1491: myExec (DONE:29ms)
606/1491: Method: ftp_close
607/1491: 607/1491: ftp_close (DONE:44ms)
607/1491: Method: loadcmdout
608/1491: 608/1491: loadcmdout (DONE:48ms)
608/1491: Method: news_quit
609/1491: 609/1491: news_quit (DONE:13ms)
609/1491: Method: ftp_quit
610/1491: 610/1491: ftp_quit (DONE:15ms)
610/1491: Method: →socket
611/1491: 611/1491: →socket (DONE:6ms)
611/1491: Method: →execlp
612/1491: 612/1491: →execlp (DONE:6ms)
612/1491: Method: →utime
613/1491: 613/1491: →utime (DONE:5ms)
613/1491: Method: setModtime
614/1491: 614/1491: setModtime (DONE:22ms)
614/1491: Method: →getpwuid
615/1491: 615/1491: →getpwuid (DONE:6ms)
615/1491: Method: →setlocale
616/1491: 616/1491: →setlocale (DONE:5ms)
616/1491: Method: →waitpid
617/1491: 617/1491: →waitpid (DONE:6ms)
617/1491: Method: →strcpy
618/1491: 618/1491: →strcpy (DONE:5ms)
618/1491: Method: →getegid
619/1491: 619/1491: →getegid (DONE:4ms)
619/1491: Method: →chdir
620/1491: 620/1491: →chdir (DONE:6ms)
620/1491: Method: →ctime
621/1491: 621/1491: →ctime (DONE:5ms)
621/1491: Method: →tputs
622/1491: 622/1491: →tputs (DONE:5ms)
622/1491: Method: writestr
623/1491: 623/1491: writestr (DONE:9ms)
623/1491: Method: clear
624/1491: 624/1491: clear (DONE:73ms)
624/1491: Method: reset_tty
625/1491: 625/1491: reset_tty (DONE:44ms)
625/1491: Method: setupscreen
626/1491: 626/1491: setupscreen (DONE:302ms)
626/1491: Method: →getuid
627/1491: 627/1491: →getuid (DONE:5ms)
627/1491: Method: →lrand48
628/1491: 628/1491: →lrand48 (DONE:4ms)
628/1491: Method: →gethostbyaddr
629/1491: 629/1491: →gethostbyaddr (DONE:6ms)
629/1491: Method: →select
630/1491: 630/1491: →select (DONE:6ms)
630/1491: Method: →closedir
631/1491: 631/1491: →closedir (DONE:5ms)
631/1491: Method: →Gpm_Wgetch
632/1491: 632/1491: →Gpm_Wgetch (DONE:4ms)
632/1491: Method: →nl_langinfo
633/1491: 633/1491: →nl_langinfo (DONE:5ms)
633/1491: Method: →gethostname
634/1491: 634/1491: →gethostname (DONE:5ms)
634/1491: Method: localCookie
635/1491: 635/1491: localCookie (DONE:44ms)
635/1491: Method: →atan2
636/1491: 636/1491: →atan2 (DONE:6ms)
636/1491: Method: →readlink
637/1491: 637/1491: →readlink (DONE:5ms)
637/1491: Method: →getnameinfo
638/1491: 638/1491: →getnameinfo (DONE:7ms)
638/1491: Method: →getcwd
639/1491: 639/1491: →getcwd (DONE:6ms)
639/1491: Method: →setpgrp
640/1491: 640/1491: →setpgrp (DONE:5ms)
640/1491: Method: →textdomain
641/1491: 641/1491: →textdomain (DONE:5ms)
641/1491: Method: →strspn
642/1491: 642/1491: →strspn (DONE:6ms)
642/1491: Method: →__fxstat
643/1491: 643/1491: →__fxstat (DONE:6ms)
643/1491: Method: fstat
644/1491: 644/1491: fstat (DONE:18ms)
644/1491: Method: →Gpm_Open
645/1491: 645/1491: →Gpm_Open (DONE:6ms)
645/1491: Method: →strftime
646/1491: 646/1491: →strftime (DONE:6ms)
646/1491: Method: →strcspn
647/1491: 647/1491: →strcspn (DONE:5ms)
647/1491: Method: →strdup
648/1491: 648/1491: →strdup (DONE:5ms)
648/1491: Method: FQDN
649/1491: 649/1491: FQDN (DONE:158ms)
649/1491: Method: →getpeername
650/1491: 650/1491: →getpeername (DONE:6ms)
650/1491: Method: →setenv
651/1491: 651/1491: →setenv (DONE:6ms)
651/1491: Method: set_environ
652/1491: 652/1491: set_environ (DONE:15ms)
652/1491: Method: →ceil
653/1491: 653/1491: →ceil (DONE:5ms)
653/1491: Method: →geteuid
654/1491: 654/1491: →geteuid (DONE:5ms)
654/1491: Method: retrieveCurrentMap
655/1491: 655/1491: retrieveCurrentMap (DONE:37ms)
655/1491: Method: pushEvent
656/1491: 656/1491: pushEvent (DONE:19ms)
656/1491: Method: push_link
657/1491: 657/1491: push_link (DONE:16ms)
657/1491: Method: append_tags
658/1491: 658/1491: append_tags (DONE:234ms)
658/1491: Method: push_tag
659/1491: 659/1491: push_tag (DONE:50ms)
659/1491: Method: push_nchars
660/1491: 660/1491: push_nchars (DONE:45ms)
660/1491: Method: check_breakpoint
661/1491: 661/1491: check_breakpoint (DONE:43ms)
661/1491: Method: push_spaces
662/1491: 662/1491: push_spaces (DONE:114ms)
662/1491: Method: proc_mchar
663/1491: 663/1491: proc_mchar (DONE:77ms)
663/1491: Method: push_char
664/1491: 664/1491: push_char (DONE:82ms)
664/1491: Method: restore_fonteffect
665/1491: 665/1491: restore_fonteffect (DONE:108ms)
665/1491: Method: save_fonteffect
666/1491: 666/1491: save_fonteffect (DONE:99ms)
666/1491: Method: fillline
667/1491: 667/1491: fillline (DONE:23ms)
667/1491: Method: check_relative_width
668/1491: 668/1491: check_relative_width (DONE:6390ms)
668/1491: Method: newHash_si
669/1491: 669/1491: newHash_si (DONE:49ms)
669/1491: Method: tag_get_value
670/1491: 670/1491: tag_get_value (DONE:23ms)
670/1491: Method: wc_ucs_put_tag
671/1491: 671/1491: wc_ucs_put_tag (DONE:66ms)
671/1491: Method: get_cookie_info
672/1491: 672/1491: get_cookie_info (DONE:42ms)
672/1491: Method: setgraphchar
673/1491: 673/1491: setgraphchar (DONE:90ms)
673/1491: Method: domain_match
674/1491: 674/1491: domain_match (DONE:45ms)
674/1491: Method: str_to_color
675/1491: 675/1491: str_to_color (DONE:67ms)
675/1491: Method: addImage
676/1491: 676/1491: addImage (DONE:70ms)
676/1491: Method: newMapArea
677/1491: 677/1491: newMapArea (DONE:2149ms)
677/1491: Method: check_table_height
678/1491: 678/1491: check_table_height (DONE:2141ms)
678/1491: Method: process_title
679/1491: 679/1491: process_title (DONE:8ms)
679/1491: Method: show_column
680/1491: 680/1491: show_column (DONE:10ms)
680/1491: Method: back_to_breakpoint
681/1491: 681/1491: back_to_breakpoint (DONE:55ms)
681/1491: Method: buffer_read
682/1491: 682/1491: buffer_read (DONE:44ms)
682/1491: Method: ISread
683/1491: 683/1491: ISread (DONE:89ms)
683/1491: Method: copyFrame
684/1491: 684/1491: copyFrame (DONE:12ms)
684/1491: Method: form_update_line
685/1491: 685/1491: form_update_line (DONE:2392ms)
685/1491: Method: HTTPrequestMethod
686/1491: 686/1491: HTTPrequestMethod (DONE:32ms)
686/1491: Method: pushTable
687/1491: 687/1491: pushTable (DONE:402ms)
687/1491: Method: mydirname
688/1491: 688/1491: mydirname (DONE:137ms)
688/1491: Method: name_from_address
689/1491: 689/1491: name_from_address (DONE:480ms)
689/1491: Method: parse_ansi_color
690/1491: 690/1491: parse_ansi_color (DONE:452ms)
690/1491: Method: checkType
691/1491: 691/1491: checkType (DONE:6786ms)
691/1491: Method: DefaultFile
692/1491: 692/1491: DefaultFile (DONE:34ms)
692/1491: Method: parseURL
693/1491: 693/1491: parseURL (DONE:16318ms)
693/1491: Method: color_seq
694/1491: 694/1491: color_seq (DONE:15ms)
694/1491: Method: bcolor_seq
695/1491: 695/1491: bcolor_seq (DONE:13ms)
695/1491: Method: correlation_coefficient
696/1491: 696/1491: correlation_coefficient (DONE:73ms)
696/1491: Method: correlation_coefficient2
697/1491: 697/1491: correlation_coefficient2 (DONE:86ms)
697/1491: Method: recalc_width
698/1491: 698/1491: recalc_width (DONE:542ms)
698/1491: Method: check_compressible_cell
699/1491: 699/1491: check_compressible_cell (DONE:7702ms)
699/1491: Method: Strfree
700/1491: 700/1491: Strfree (DONE:11ms)
700/1491: Method: correct_irrtag
701/1491: 701/1491: correct_irrtag (DONE:66ms)
701/1491: Method: decodeU
702/1491: 702/1491: decodeU (DONE:354ms)
702/1491: Method: wc_push_to_hz_end
703/1491: 703/1491: wc_push_to_hz_end (DONE:58ms)
703/1491: Method: get_zone
704/1491: 704/1491: get_zone (DONE:437ms)
704/1491: Method: mymktime
705/1491: 705/1491: mymktime (DONE:1252ms)
705/1491: Method: decodeQP
706/1491: 706/1491: decodeQP (DONE:310ms)
706/1491: Method: decodeQ
707/1491: 707/1491: decodeQ (DONE:254ms)
707/1491: Method: html_quote_s
708/1491: 708/1491: html_quote_s (DONE:157ms)
708/1491: Method: add_news_message
709/1491: 709/1491: add_news_message (DONE:79ms)
709/1491: Method: process_n_title
710/1491: 710/1491: process_n_title (DONE:23ms)
710/1491: Method: newTable
711/1491: 711/1491: newTable (DONE:173ms)
711/1491: Method: make_optional_header_string
712/1491: 712/1491: make_optional_header_string (DONE:168ms)
712/1491: Method: stopDownload
713/1491: 713/1491: stopDownload (DONE:28ms)
713/1491: Method: addMultirowsForm
714/1491: 714/1491: addMultirowsForm (DONE:1506ms)
714/1491: Method: extractMailcapEntry
715/1491: 715/1491: extractMailcapEntry (DONE:1375ms)
715/1491: Method: wc_push_to_utf8_end
716/1491: 716/1491: wc_push_to_utf8_end (DONE:13ms)
716/1491: Method: close_all_fds_except
717/1491: 717/1491: close_all_fds_except (DONE:59ms)
717/1491: Method: create_option_search_table
718/1491: 718/1491: create_option_search_table (DONE:552ms)
718/1491: Method: wc_map3_search
719/1491: 719/1491: wc_map3_search (DONE:20ms)
719/1491: Method: wc_tcvn57123_to_tcvn5712
720/1491: 720/1491: wc_tcvn57123_to_tcvn5712 (DONE:51ms)
720/1491: Method: dump_source
721/1491: 721/1491: dump_source (DONE:37ms)
721/1491: Method: LUfactor
722/1491: 722/1491: LUfactor (DONE:3465ms)
722/1491: Method: wc_is_ucs_wide
723/1491: 723/1491: wc_is_ucs_wide (DONE:27ms)
723/1491: Method: wc_ucs_to_ccs
724/1491: 724/1491: wc_ucs_to_ccs (DONE:48ms)
724/1491: Method: write_from_file
725/1491: 725/1491: write_from_file (DONE:33ms)
725/1491: Method: set_column
726/1491: 726/1491: set_column (DONE:19ms)
726/1491: Method: Strfgetall
727/1491: 727/1491: Strfgetall (DONE:56ms)
727/1491: Method: readline
728/1491: 728/1491: readline (DONE:32ms)
728/1491: Method: expandName
729/1491: 729/1491: expandName (DONE:203ms)
729/1491: Method: parseURL2
730/1491: 730/1491: parseURL2 (DONE:6569ms)
730/1491: Method: set_buffer_environ
731/1491: 731/1491: set_buffer_environ (DONE:426ms)
731/1491: Method: cgistr2tagarg
732/1491: 732/1491: cgistr2tagarg (DONE:272ms)
732/1491: Method: wc_charset_short_to_ces
733/1491: 733/1491: wc_charset_short_to_ces (DONE:628ms)
733/1491: Method: wc_guess_charset_short
734/1491: 734/1491: wc_guess_charset_short (DONE:21ms)
734/1491: Method: set_param
735/1491: 735/1491: set_param (DONE:599ms)
735/1491: Method: interpret_rc
736/1491: 736/1491: interpret_rc (DONE:133ms)
736/1491: Method: set_param_option
737/1491: 737/1491: set_param_option (DONE:288ms)
737/1491: Method: check_charset
738/1491: 738/1491: check_charset (DONE:13ms)
738/1491: Method: check_accept_charset
739/1491: 739/1491: check_accept_charset (DONE:101ms)
739/1491: Method: process_form_int
740/1491: 740/1491: process_form_int (DONE:580ms)
740/1491: Method: process_form
741/1491: 741/1491: process_form (DONE:9ms)
741/1491: Method: loadURIMethods
742/1491: 742/1491: loadURIMethods (DONE:423ms)
742/1491: Method: initURIMethods
743/1491: 743/1491: initURIMethods (DONE:105ms)
743/1491: Method: loadMimeTypes
744/1491: 744/1491: loadMimeTypes (DONE:346ms)
744/1491: Method: initMimeTypes
745/1491: 745/1491: initMimeTypes (DONE:71ms)
745/1491: Method: bell
746/1491: 746/1491: bell (DONE:9ms)
746/1491: Method: unshiftHist
747/1491: 747/1491: unshiftHist (DONE:51ms)
747/1491: Method: split
748/1491: 748/1491: split (DONE:1240ms)
748/1491: Method: copyHist
749/1491: 749/1491: copyHist (DONE:23ms)
749/1491: Method: loadHistory
750/1491: 750/1491: loadHistory (DONE:62ms)
750/1491: Method: parse_cookie
751/1491: 751/1491: parse_cookie (DONE:21ms)
751/1491: Method: save_submit_formlist
752/1491: 752/1491: save_submit_formlist (DONE:286ms)
752/1491: Method: wc_push_to_iso2022_end
753/1491: 753/1491: wc_push_to_iso2022_end (DONE:31ms)
753/1491: Method: unquote_mailcap_loop
754/1491: 754/1491: unquote_mailcap_loop (DONE:1760ms)
754/1491: Method: unquote_mailcap
755/1491: 755/1491: unquote_mailcap (DONE:14ms)
755/1491: Method: searchMailcap
756/1491: 756/1491: searchMailcap (DONE:59ms)
756/1491: Method: searchExtViewer
757/1491: 757/1491: searchExtViewer (DONE:58ms)
757/1491: Method: is_dump_text_type
758/1491: 758/1491: is_dump_text_type (DONE:18ms)
758/1491: Method: is_plain_text_type
759/1491: 759/1491: is_plain_text_type (DONE:24ms)
759/1491: Method: ttyname_tty
760/1491: 760/1491: ttyname_tty (DONE:9ms)
760/1491: Method: set_tty
761/1491: 761/1491: set_tty (DONE:149ms)
761/1491: Method: gethtmlcmd
762/1491: 762/1491: gethtmlcmd (DONE:438ms)
762/1491: Method: passthrough
763/1491: 763/1491: passthrough (DONE:172ms)
763/1491: Method: close_effect0
764/1491: 764/1491: close_effect0 (DONE:97ms)
764/1491: Method: formList_addInput
765/1491: 765/1491: formList_addInput (DONE:1634ms)
765/1491: Method: invalidate_auth_user_passwd
766/1491: 766/1491: invalidate_auth_user_passwd (DONE:21ms)
766/1491: Method: getKey
767/1491: 767/1491: getKey (DONE:59ms)
767/1491: Method: setMenuItem
768/1491: 768/1491: setMenuItem (DONE:248ms)
768/1491: Method: init_str_stream
769/1491: 769/1491: init_str_stream (DONE:13ms)
769/1491: Method: newStrStream
770/1491: 770/1491: newStrStream (DONE:18ms)
770/1491: Method: end_table
771/1491: 771/1491: end_table (DONE:536ms)
771/1491: Method: addMultirowsImg
772/1491: 772/1491: addMultirowsImg (DONE:2821ms)
772/1491: Method: ins_char
773/1491: 773/1491: ins_char (DONE:153ms)
773/1491: Method: reAnchorWord
774/1491: 774/1491: reAnchorWord (DONE:18ms)
774/1491: Method: wtf_is_hangul
775/1491: 775/1491: wtf_is_hangul (DONE:526ms)
775/1491: Method: termImage
776/1491: 776/1491: termImage (DONE:23ms)
776/1491: Method: LUinverse
777/1491: 777/1491: LUinverse (DONE:174ms)
777/1491: Method: maximum_visible_length_plain
778/1491: 778/1491: maximum_visible_length_plain (DONE:10ms)
778/1491: Method: set_table_matrix0
[W] Cannot set type ? on IR s80:st7
[W] Cannot set type ? on IR s80:st7
[W] Cannot set type ? on IR s80:st7
[W] Cannot set type ? on IR s80:st7
[W] Cannot set type ? on IR s80:st7
[W] Cannot set type ? on IR s80:st7
779/1491: 779/1491: set_table_matrix0 (DONE:10777ms)
779/1491: Method: etcFile
780/1491: 780/1491: etcFile (DONE:14ms)
780/1491: Method: init_rc
781/1491: 781/1491: init_rc (DONE:441ms)
781/1491: Method: do_effects
782/1491: 782/1491: do_effects (DONE:313ms)
782/1491: Method: wc_putc_init
783/1491: 783/1491: wc_putc_init (DONE:15ms)
783/1491: Method: check_command
784/1491: 784/1491: check_command (DONE:122ms)
784/1491: Method: checkPath
785/1491: 785/1491: checkPath (DONE:163ms)
785/1491: Method: form_write_from_file
786/1491: 786/1491: form_write_from_file (DONE:79ms)
786/1491: Method: size_int2str
787/1491: 787/1491: size_int2str (DONE:134ms)
787/1491: Method: writeBufferCache
788/1491: 788/1491: writeBufferCache (DONE:636ms)
788/1491: Method: tmpClearBuffer
789/1491: 789/1491: tmpClearBuffer (DONE:17ms)
789/1491: Method: closeFTPdata
790/1491: 790/1491: closeFTPdata (DONE:21ms)
790/1491: Method: ftp_modtime
791/1491: 791/1491: ftp_modtime (DONE:151ms)
791/1491: Method: process_hr
792/1491: 792/1491: process_hr (DONE:171ms)
792/1491: Method: getAllImage
793/1491: 793/1491: getAllImage (DONE:89ms)
793/1491: Method: xface2xpm
794/1491: 794/1491: xface2xpm (DONE:138ms)
794/1491: Method: HTTPrequestURI
795/1491: 795/1491: HTTPrequestURI (DONE:114ms)
795/1491: Method: currentURL
796/1491: 796/1491: currentURL (DONE:22ms)
796/1491: Method: searchURIMethods
797/1491: 797/1491: searchURIMethods (DONE:246ms)
797/1491: Method: dump_extra
798/1491: 798/1491: dump_extra (DONE:32ms)
798/1491: Method: newFrameSet
799/1491: 799/1491: newFrameSet (DONE:68ms)
799/1491: Method: clrtoeol_with_bcolor
800/1491: 800/1491: clrtoeol_with_bcolor (DONE:45ms)
800/1491: Method: clrtoeolx
801/1491: 801/1491: clrtoeolx (DONE:7ms)
801/1491: Method: message
802/1491: 802/1491: message (DONE:32ms)
802/1491: Method: strtoclen
803/1491: 803/1491: strtoclen (DONE:10ms)
803/1491: Method: lessopen_stream
804/1491: 804/1491: lessopen_stream (DONE:76ms)
804/1491: Method: set_int
805/1491: 805/1491: set_int (DONE:25ms)
805/1491: Method: reset_signals
806/1491: 806/1491: reset_signals (DONE:29ms)
806/1491: Method: setup_child
807/1491: 807/1491: setup_child (DONE:24ms)
807/1491: Method: mySystem
808/1491: 808/1491: mySystem (DONE:23ms)
808/1491: Method: closeNews
809/1491: 809/1491: closeNews (DONE:8ms)
809/1491: Method: closeFTP
810/1491: 810/1491: closeFTP (DONE:8ms)
810/1491: Method: UFhalfclose
811/1491: 811/1491: UFhalfclose (DONE:32ms)
811/1491: Method: disconnectNews
812/1491: 812/1491: disconnectNews (DONE:7ms)
812/1491: Method: disconnectFTP
813/1491: 813/1491: disconnectFTP (DONE:9ms)
813/1491: Method: last_modified
814/1491: 814/1491: last_modified (DONE:57ms)
814/1491: Method: wc_locale_to_ces
815/1491: 815/1491: wc_locale_to_ces (DONE:341ms)
815/1491: Method: wc_guess_locale_charset
816/1491: 816/1491: wc_guess_locale_charset (DONE:21ms)
816/1491: Method: inMapArea
817/1491: 817/1491: inMapArea (DONE:3799ms)
817/1491: Method: searchMapArea
818/1491: 818/1491: searchMapArea (DONE:178ms)
818/1491: Method: currentdir
819/1491: 819/1491: currentdir (DONE:12ms)
819/1491: Method: mouse_init
820/1491: 820/1491: mouse_init (DONE:42ms)
820/1491: Method: mouse_active
821/1491: 821/1491: mouse_active (DONE:10ms)
821/1491: Method: writeLocalCookie
822/1491: 822/1491: writeLocalCookie (DONE:48ms)
822/1491: Method: set_cgi_environ
823/1491: 823/1491: set_cgi_environ (DONE:35ms)
823/1491: Method: set_integered_width
824/1491: 824/1491: set_integered_width (DONE:11061ms)
824/1491: Method: check_local_cgi
825/1491: 825/1491: check_local_cgi (DONE:63ms)
825/1491: Method: process_idattr
826/1491: 826/1491: process_idattr (DONE:59ms)
826/1491: Method: acceptableMimeTypes
827/1491: 827/1491: acceptableMimeTypes (DONE:234ms)
827/1491: Method: redrawLineImage
[W] Cannot set type ? on IR i32:00000000h
[W] Cannot set type ? on IR i32:00000000h
[W] Cannot set type ? on IR i16:0000h
[W] Cannot set type ? on IR i16:0000h
[W] Cannot set type ? on IR i16:0000h
[W] Cannot set type ? on IR i16:0000h
[W] Cannot set type ? on IR i32:00000000h
[W] Cannot set type ? on IR i32:00000000h
[W] Cannot set type ? on IR i16:0000h
[W] Cannot set type ? on IR i16:0000h
[W] Cannot set type ? on IR i32:00000000h
[W] Cannot set type ? on IR i32:00000000h
[W] Cannot set type ? on IR i16:0000h
[W] Cannot set type ? on IR i16:0000h
[W] Cannot set type ? on IR i16:0000h
[W] Cannot set type ? on IR i16:0000h
[W] Cannot set type ? on IR i32:00000000h
[W] Cannot set type ? on IR i32:00000000h
[W] Cannot set type ? on IR i16:0000h
[W] Cannot set type ? on IR i16:0000h
[W] Cannot set type ? on IR i32:00000000h
[W] Cannot set type ? on IR i32:00000000h
[W] Cannot set type ? on IR i16:0000h
[W] Cannot set type ? on IR i16:0000h
[W] Cannot set type ? on IR i16:0000h
[W] Cannot set type ? on IR i16:0000h
[W] Cannot set type ? on IR i32:00000000h
[W] Cannot set type ? on IR i32:00000000h
[W] Cannot set type ? on IR i16:0000h
[W] Cannot set type ? on IR i16:0000h
828/1491: 828/1491: redrawLineImage (DONE:3641ms)
828/1491: Method: load_cookies
829/1491: 829/1491: load_cookies (DONE:503ms)
829/1491: Method: initCookie
830/1491: 830/1491: initCookie (DONE:9ms)
830/1491: Method: parse_proxy
831/1491: 831/1491: parse_proxy (DONE:41ms)
831/1491: Method: check_table_width
832/1491: 832/1491: check_table_width (DONE:26492ms)
832/1491: Method: decodeWord
833/1491: 833/1491: decodeWord (DONE:348ms)
833/1491: Method: decodeMIME
834/1491: 834/1491: decodeMIME (DONE:290ms)
834/1491: Method: begin_table
835/1491: 835/1491: begin_table (DONE:664ms)
835/1491: Method: loadMailcap
836/1491: 836/1491: loadMailcap (DONE:323ms)
836/1491: Method: initMailcap
837/1491: 837/1491: initMailcap (DONE:69ms)
837/1491: Method: wc_ucs_precompose
838/1491: 838/1491: wc_ucs_precompose (DONE:42ms)
838/1491: Method: wtf_parse
839/1491: 839/1491: wtf_parse (DONE:913ms)
839/1491: Method: wc_ucs_to_gb18030
840/1491: 840/1491: wc_ucs_to_gb18030 (DONE:3465ms)
840/1491: Method: getCharSize
841/1491: 841/1491: getCharSize (DONE:200ms)
841/1491: Method: initImage
842/1491: 842/1491: initImage (DONE:14ms)
842/1491: Method: registerForm
843/1491: 843/1491: registerForm (DONE:36ms)
843/1491: Method: set_table_matrix
844/1491: 844/1491: set_table_matrix (DONE:2206ms)
844/1491: Method: acceptableEncoding
845/1491: 845/1491: acceptableEncoding (DONE:89ms)
845/1491: Method: cgi_filename
846/1491: 846/1491: cgi_filename (DONE:906ms)
846/1491: Method: localcgi_post
847/1491: 847/1491: localcgi_post (DONE:529ms)
847/1491: Method: ex_ftpdir_name_size_date
848/1491: 848/1491: ex_ftpdir_name_size_date (DONE:2859ms)
848/1491: Method: open_migemo
849/1491: 849/1491: open_migemo (DONE:26ms)
849/1491: Method: openImgdisplay
850/1491: 850/1491: openImgdisplay (DONE:48ms)
850/1491: Method: retrieveCurrentMapArea
851/1491: 851/1491: retrieveCurrentMapArea (DONE:143ms)
851/1491: Method: pcmap
852/1491: 852/1491: pcmap (DONE:2ms)
852/1491: Method: textlist_feed
853/1491: 853/1491: textlist_feed (DONE:13ms)
853/1491: Method: cursorHome
854/1491: 854/1491: cursorHome (DONE:7ms)
854/1491: Method: _enter
855/1491: 855/1491: _enter (DONE:3ms)
855/1491: Method: _quo
856/1491: 856/1491: _quo (DONE:3ms)
856/1491: Method: _mvB
857/1491: 857/1491: _mvB (DONE:3ms)
857/1491: Method: _mvE
858/1491: 858/1491: _mvE (DONE:3ms)
858/1491: Method: _inbrk
859/1491: 859/1491: _inbrk (DONE:3ms)
859/1491: Method: _tcompl
860/1491: 860/1491: _tcompl (DONE:9ms)
860/1491: Method: mNull
861/1491: 861/1491: mNull (DONE:7ms)
861/1491: Method: mOk
862/1491: 862/1491: mOk (DONE:22ms)
862/1491: Method: mCancel
863/1491: 863/1491: mCancel (DONE:7ms)
863/1491: Method: mClose
864/1491: 864/1491: mClose (DONE:6ms)
864/1491: Method: MatchedPosition
865/1491: 865/1491: MatchedPosition (DONE:6ms)
865/1491: Method: noConv
866/1491: 866/1491: noConv (DONE:3ms)
866/1491: Method: file_close
867/1491: 867/1491: file_close (DONE:10ms)
867/1491: Method: str_read
868/1491: 868/1491: str_read (DONE:2ms)
868/1491: Method: map_cmp
869/1491: 869/1491: map_cmp (DONE:9ms)
869/1491: Method: map3_cmp
870/1491: 870/1491: map3_cmp (DONE:13ms)
870/1491: Method: map_range_cmp
871/1491: 871/1491: map_range_cmp (DONE:26ms)
871/1491: Method: map2_range_cmp
872/1491: 872/1491: map2_range_cmp (DONE:27ms)
872/1491: Method: map3_range_cmp
873/1491: 873/1491: map3_range_cmp (DONE:24ms)
873/1491: Method: wc_sjis_to_jis
874/1491: 874/1491: wc_sjis_to_jis (DONE:155ms)
874/1491: Method: wc_jis_to_sjis
875/1491: 875/1491: wc_jis_to_sjis (DONE:143ms)
875/1491: Method: ucs_cs94_conv
876/1491: 876/1491: ucs_cs94_conv (DONE:12ms)
876/1491: Method: ucs_viet_conv
877/1491: 877/1491: ucs_viet_conv (DONE:47ms)
877/1491: Method: ucs_cp1258_conv
878/1491: 878/1491: ucs_cp1258_conv (DONE:17ms)
878/1491: Method: ucs_cns11643_conv
879/1491: 879/1491: ucs_cns11643_conv (DONE:19ms)
879/1491: Method: ucs_johab3_conv
880/1491: 880/1491: ucs_johab3_conv (DONE:49ms)
880/1491: Method: __libc_csu_fini
881/1491: 881/1491: __libc_csu_fini (DONE:2ms)
881/1491: Method: w3m_help_dir
882/1491: 882/1491: w3m_help_dir (DONE:8ms)
882/1491: Method: ISeos
883/1491: 883/1491: ISeos (DONE:26ms)
883/1491: Method: killn
884/1491: 884/1491: killn (DONE:10ms)
884/1491: Method: ucs_sjis_ext_conv
885/1491: 885/1491: ucs_sjis_ext_conv (DONE:21ms)
885/1491: Method: clrtobot
886/1491: 886/1491: clrtobot (DONE:8ms)
886/1491: Method: ucs_uhc_conv
887/1491: 887/1491: ucs_uhc_conv (DONE:20ms)
887/1491: Method: ucs_big5_conv
888/1491: 888/1491: ucs_big5_conv (DONE:19ms)
888/1491: Method: ucs_gbk_conv
889/1491: 889/1491: ucs_gbk_conv (DONE:22ms)
889/1491: Method: ucs_hkscs_conv
890/1491: 890/1491: ucs_hkscs_conv (DONE:20ms)
890/1491: Method: wtf_get_ccs
891/1491: 891/1491: wtf_get_ccs (DONE:13ms)
891/1491: Method: killb
892/1491: 892/1491: killb (DONE:11ms)
892/1491: Method: compare_table
893/1491: 893/1491: compare_table (DONE:12ms)
893/1491: Method: strCmp
894/1491: 894/1491: strCmp (DONE:10ms)
894/1491: Method: namedBuffer
895/1491: 895/1491: namedBuffer (DONE:29ms)
895/1491: Method: newHash_ss
896/1491: 896/1491: newHash_ss (DONE:46ms)
896/1491: Method: tag_exists
897/1491: 897/1491: tag_exists (DONE:21ms)
897/1491: Method: wc_ces_list_cmp
898/1491: 898/1491: wc_ces_list_cmp (DONE:10ms)
898/1491: Method: toVAlign
899/1491: 899/1491: toVAlign (DONE:32ms)
899/1491: Method: toAlign
900/1491: 900/1491: toAlign (DONE:48ms)
900/1491: Method: toLength
901/1491: 901/1491: toLength (DONE:52ms)
901/1491: Method: help
902/1491: 902/1491: help (DONE:41ms)
902/1491: Method: file_read
903/1491: 903/1491: file_read (DONE:12ms)
903/1491: Method: basic_close
904/1491: 904/1491: basic_close (DONE:9ms)
904/1491: Method: Strcopy_charp
905/1491: 905/1491: Strcopy_charp (DONE:43ms)
905/1491: Method: wc_push_to_raw
906/1491: 906/1491: wc_push_to_raw (DONE:37ms)
906/1491: Method: intTrap
907/1491: 907/1491: intTrap (DONE:17ms)
907/1491: Method: KeyAbort
908/1491: 908/1491: KeyAbort (DONE:16ms)
908/1491: Method: KeyAbort2
909/1491: 909/1491: KeyAbort2 (DONE:16ms)
909/1491: Method: KeyAbort3
910/1491: 910/1491: KeyAbort3 (DONE:16ms)
910/1491: Method: KeyAbort4
911/1491: 911/1491: KeyAbort4 (DONE:16ms)
911/1491: Method: KeyAbort5
912/1491: 912/1491: KeyAbort5 (DONE:17ms)
912/1491: Method: wc_map2_range_search
913/1491: 913/1491: wc_map2_range_search (DONE:13ms)
913/1491: Method: basic_read
914/1491: 914/1491: basic_read (DONE:11ms)
914/1491: Method: Stralign_right
915/1491: 915/1491: Stralign_right (DONE:64ms)
915/1491: Method: Stralign_center
916/1491: 916/1491: Stralign_center (DONE:179ms)
916/1491: Method: Stralign_left
917/1491: 917/1491: Stralign_left (DONE:61ms)
917/1491: Method: toNumber
918/1491: 918/1491: toNumber (DONE:21ms)
918/1491: Method: getHash_ss
919/1491: 919/1491: getHash_ss (DONE:19ms)
919/1491: Method: putHash_ss
920/1491: 920/1491: putHash_ss (DONE:43ms)
920/1491: Method: Strinsert_charp
921/1491: 921/1491: Strinsert_charp (DONE:29ms)
921/1491: Method: insertself
922/1491: 922/1491: insertself (DONE:34ms)
922/1491: Method: AuthBasicCred
923/1491: 923/1491: AuthBasicCred (DONE:42ms)
923/1491: Method: strcasemstr
924/1491: 924/1491: strcasemstr (DONE:67ms)
924/1491: Method: ucs_johab2_conv
925/1491: 925/1491: ucs_johab2_conv (DONE:19ms)
925/1491: Method: _start
926/1491: 926/1491: _start (DONE:13ms)
926/1491: Method: resize_hook
927/1491: 927/1491: resize_hook (DONE:11ms)
927/1491: Method: SigPipe
928/1491: 928/1491: SigPipe (DONE:12ms)
928/1491: Method: ens_close
929/1491: 929/1491: ens_close (DONE:9ms)
929/1491: Method: file_feed
930/1491: 930/1491: file_feed (DONE:21ms)
930/1491: Method: sig_chld
931/1491: 931/1491: sig_chld (DONE:20ms)
931/1491: Method: error_dump
932/1491: 932/1491: error_dump (DONE:21ms)
932/1491: Method: show
933/1491: 933/1491: show (DONE:96ms)
933/1491: Method: ens_read
934/1491: 934/1491: ens_read (DONE:284ms)
934/1491: Method: set
935/1491: 935/1491: set (DONE:102ms)
935/1491: Method: SigAlarm
936/1491: 936/1491: SigAlarm (DONE:89ms)
936/1491: Method: wc_Str_conv_strict
937/1491: 937/1491: wc_Str_conv_strict (DONE:25ms)
937/1491: Method: conv_form_encoding
938/1491: 938/1491: conv_form_encoding (DONE:32ms)
938/1491: Method: newFrame
939/1491: 939/1491: newFrame (DONE:111ms)
939/1491: Method: query_from_followform
940/1491: 940/1491: query_from_followform (DONE:4106ms)
940/1491: Method: form_fputs_decode
941/1491: 941/1491: form_fputs_decode (DONE:104ms)
941/1491: Method: addLink

=== Killed because of time limit
