Analyzing './from_boomerang/ifthen/ppc_elf_by_boomerang/subject.exe' as a PowerPC 32 ELF binary file.

0 Procs, 0 Labels, 0 Branches, 0 MB used, 0 / 0 kB covered
Elapsed time: 0 sec.
./from_boomerang/ifthen/ppc_elf_by_boomerang/subject.exe: 35 sections starting at 0x00000F00
./from_boomerang/ifthen/ppc_elf_by_boomerang/subject.exe: section string table at 0x00001400, 0x120 bytes
 Offset:  [ix]  Address    Size    Offset  Name
00000F00: [ 0] 00000000 00000000 00000000 
00000F28: [ 1] 10000154 0000000D 00000154 .interp
00000F50: [ 2] 10000164 00000020 00000164 .note.ABI-tag
00000F78: [ 3] 10000184 00000028 00000184 .hash
00000FA0: [ 4] 100001AC 00000050 000001AC .dynsym
00000FC8: [ 5] 100001FC 0000004C 000001FC .dynstr
00000FF0: [ 6] 10000248 0000000A 00000248 .gnu.version
00001018: [ 7] 10000254 00000020 00000254 .gnu.version_r
00001040: [ 8] 10000274 0000000C 00000274 .rela.dyn
00001068: [ 9] 10000280 00000018 00000280 .rela.plt
00001090: [10] 10000298 00000028 00000298 .init
000010B8: [11] 100002C0 0000057C 000002C0 .text
000010E0: [12] 1000083C 00000020 0000083C .fini
00001108: [13] 1000085C 00000034 0000085C .rodata
00001130: [14] 10000890 00000000 00000890 .sdata2
00001158: [15] 10000890 00000004 00000890 .eh_frame
00001180: [16] 10010894 00000008 00000894 .ctors
000011A8: [17] 1001089C 00000008 0000089C .dtors
000011D0: [18] 100108A4 00000004 000008A4 .jcr
000011F8: [19] 100108A8 00000010 000008A8 .got2
00001220: [20] 100108B8 000000C8 000008B8 .dynamic
00001248: [21] 10010980 00000008 00000980 .data
00001270: [22] 10010988 00000014 00000988 .got
00001298: [23] 1001099C 00000000 0000099C .sdata
000012C0: [24] 1001099C 00000000 0000099C .sbss
000012E8: [25] 1001099C 00000060 0000099C .plt
00001310: [26] 100109FC 00000004 0000099C .bss
00001338: [27] 00000000 0000017A 0000099C .comment
00001360: [28] 00000000 00000058 00000B18 .debug_aranges
00001388: [29] 00000000 00000138 00000B70 .debug_info
000013B0: [30] 00000000 00000020 00000CA8 .debug_abbrev
000013D8: [31] 00000000 00000117 00000CC8 .debug_line
00001400: [32] 00000000 00000120 00000DDF .shstrtab
00001428: [33] 00000000 00000E50 00001478 .symtab
00001450: [34] 00000000 00000973 000022C8 .strtab
Internal error: Dwarf-2 current offset: 0x894
Matching signatures...
0 Procs, 0 Labels, 0 Branches, 0 MB used, 0 / 2 kB covered
Elapsed time: 0 sec.
0 Procs, 0 Labels, 0 Branches, 0 MB used, 0 / 2 kB covered
Elapsed time: 0 sec.
Separating code and data...
0 Procs, 0 Labels, 0 Branches, 0 MB used, 0 / 2 kB covered
Elapsed time: 0 sec.
0 Procs, 7 Labels, 4 Branches, 0 MB used, 0 / 2 kB covered
Elapsed time: 0 sec.
0 Procs, 8 Labels, 4 Branches, 0 MB used, 0 / 2 kB covered
Elapsed time: 0 sec.
0 Procs, 8 Labels, 4 Branches, 0 MB used, 0 / 2 kB covered
Elapsed time: 0 sec.
0 Procs, 9 Labels, 4 Branches, 0 MB used, 0 / 2 kB covered
Elapsed time: 0 sec.
1 Procs, 9 Labels, 4 Branches, 0 MB used, 0 / 2 kB covered
Elapsed time: 0 sec.
1 Procs, 9 Labels, 4 Branches, 0 MB used, 0 / 2 kB covered
Elapsed time: 0 sec.
1 Procs, 9 Labels, 4 Branches, 0 MB used, 0 / 2 kB covered
Elapsed time: 0 sec.
1 Procs, 9 Labels, 4 Branches, 0 MB used, 0 / 2 kB covered
Elapsed time: 0 sec.
1 Procs, 9 Labels, 4 Branches, 0 MB used, 0 / 2 kB covered
Elapsed time: 0 sec.
1 Procs, 9 Labels, 4 Branches, 0 MB used, 0 / 2 kB covered
Elapsed time: 0 sec.
Resolving indirect jumps...
1 Procs, 9 Labels, 4 Branches, 0 MB used, 0 / 2 kB covered
Elapsed time: 0 sec.
1 Procs, 9 Labels, 4 Branches, 0 MB used, 0 / 2 kB covered
Elapsed time: 0 sec.
Resolving constants and strings...
1 Procs, 9 Labels, 4 Branches, 0 MB used, 0 / 2 kB covered
Elapsed time: 0 sec.
Discovering unreached functions...
1 Procs, 9 Labels, 4 Branches, 0 MB used, 0 / 2 kB covered
Elapsed time: 0 sec.
Computing call tree...
1 Procs, 9 Labels, 4 Branches, 0 MB used, 0 / 2 kB covered
Elapsed time: 0 sec.
Computing calling conventions...
1 Procs, 9 Labels, 4 Branches, 0 MB used, 0 / 2 kB covered
Elapsed time: 0 sec.
Computing Calling Convention: 1/1  0x10010988
Elapsed time: 0 sec.
File analysis complete.
1 Procs, 9 Labels, 4 Branches, 0 MB used, 0 / 2 kB covered
Elapsed time: 0 sec.

Decompiling 1/1: 0x10010988
Elapsed time: 0 sec.
Decompiling 1/1: 0x10010988
Elapsed time: 0 sec.
