Analyzing './from_holdec/dmi/dmic-a9/ia32_elf/subject.exe' as a x86 32 ELF binary file.

0 Procs, 0 Labels, 0 Branches, 0 / 0 kB covered
./from_holdec/dmi/dmic-a9/ia32_elf/subject.exe: no .debug_info section
./from_holdec/dmi/dmic-a9/ia32_elf/subject.exe: 31 sections starting at 0x000017CC
./from_holdec/dmi/dmic-a9/ia32_elf/subject.exe: section string table at 0x00001C2C, 0x10A bytes
 Offset:  [ix]  Address    Size    Offset  Name
000017CC: [ 0] 00000000 00000000 00000000 
000017F4: [ 1] 08048154 00000013 00000154 .interp
0000181C: [ 2] 08048168 00000020 00000168 .note.ABI-tag
00001844: [ 3] 08048188 00000024 00000188 .note.gnu.build-id
0000186C: [ 4] 080481AC 00000020 000001AC .gnu.hash
00001894: [ 5] 080481CC 00000050 000001CC .dynsym
000018BC: [ 6] 0804821C 0000004A 0000021C .dynstr
000018E4: [ 7] 08048266 0000000A 00000266 .gnu.version
0000190C: [ 8] 08048270 00000020 00000270 .gnu.version_r
00001934: [ 9] 08048290 00000008 00000290 .rel.dyn
0000195C: [10] 08048298 00000010 00000298 .rel.plt
00001984: [11] 080482A8 00000023 000002A8 .init
000019AC: [12] 080482D0 00000030 000002D0 .plt
000019D4: [13] 08048300 00000008 00000300 .plt.got
000019FC: [14] 08048310 00000192 00000310 .text
00001A24: [15] 080484A4 00000014 000004A4 .fini
00001A4C: [16] 080484B8 00000012 000004B8 .rodata
00001A74: [17] 080484CC 0000002C 000004CC .eh_frame_hdr
00001A9C: [18] 080484F8 000000D4 000004F8 .eh_frame
00001AC4: [19] 08049F08 00000004 00000F08 .init_array
00001AEC: [20] 08049F0C 00000004 00000F0C .fini_array
00001B14: [21] 08049F10 00000004 00000F10 .jcr
00001B3C: [22] 08049F14 000000E8 00000F14 .dynamic
00001B64: [23] 08049FFC 00000004 00000FFC .got
00001B8C: [24] 0804A000 00000014 00001000 .got.plt
00001BB4: [25] 0804A014 00000004 00001014 .data
00001BDC: [26] 0804A018 00000004 00001018 .bss
00001C04: [27] 00000000 0000002C 00001018 .comment
00001C2C: [28] 00000000 0000010A 000016C2 .shstrtab
00001C54: [29] 00000000 00000450 00001044 .symtab
00001C7C: [30] 00000000 0000022E 00001494 .strtab
Matching signatures...
0 Procs, 0 Labels, 0 Branches, 0 / 1 kB covered
0 Procs, 0 Labels, 0 Branches, 0 / 1 kB covered
Separating code and data...
0 Procs, 0 Labels, 0 Branches, 0 / 1 kB covered
0 Procs, 8 Labels, 6 Branches, 0 / 1 kB covered
0 Procs, 8 Labels, 6 Branches, 0 / 1 kB covered
0 Procs, 14 Labels, 10 Branches, 0 / 1 kB covered
0 Procs, 16 Labels, 12 Branches, 0 / 1 kB covered
0 Procs, 16 Labels, 12 Branches, 0 / 1 kB covered
0 Procs, 31 Labels, 25 Branches, 0 / 1 kB covered
0 Procs, 31 Labels, 25 Branches, 0 / 1 kB covered
0 Procs, 32 Labels, 25 Branches, 0 / 1 kB covered
0 Procs, 33 Labels, 25 Branches, 0 / 1 kB covered
0 Procs, 38 Labels, 31 Branches, 0 / 1 kB covered
0 Procs, 40 Labels, 33 Branches, 0 / 1 kB covered
0 Procs, 41 Labels, 33 Branches, 0 / 1 kB covered
14 Procs, 41 Labels, 33 Branches, 0 / 1 kB covered
14 Procs, 41 Labels, 33 Branches, 0 / 1 kB covered
14 Procs, 41 Labels, 33 Branches, 0 / 1 kB covered
14 Procs, 41 Labels, 33 Branches, 0 / 1 kB covered
14 Procs, 41 Labels, 33 Branches, 0 / 1 kB covered
14 Procs, 41 Labels, 33 Branches, 0 / 1 kB covered
14 Procs, 41 Labels, 33 Branches, 0 / 1 kB covered
14 Procs, 41 Labels, 33 Branches, 0 / 1 kB covered
14 Procs, 41 Labels, 33 Branches, 0 / 1 kB covered
14 Procs, 41 Labels, 33 Branches, 0 / 1 kB covered
14 Procs, 41 Labels, 33 Branches, 0 / 1 kB covered
14 Procs, 41 Labels, 33 Branches, 0 / 1 kB covered
14 Procs, 41 Labels, 33 Branches, 0 / 1 kB covered
14 Procs, 41 Labels, 33 Branches, 0 / 1 kB covered
14 Procs, 41 Labels, 33 Branches, 0 / 1 kB covered
14 Procs, 41 Labels, 33 Branches, 0 / 1 kB covered
Resolving indirect jumps...
14 Procs, 41 Labels, 33 Branches, 0 / 1 kB covered
14 Procs, 41 Labels, 33 Branches, 0 / 1 kB covered
Resolving constants and strings...
14 Procs, 41 Labels, 33 Branches, 0 / 1 kB covered
Discovering unreached functions...
14 Procs, 41 Labels, 33 Branches, 0 / 1 kB covered
Computing call tree...
14 Procs, 41 Labels, 33 Branches, 0 / 1 kB covered
Computing calling conventions...
14 Procs, 41 Labels, 33 Branches, 0 / 1 kB covered
Computing Calling Convention: 2/14  0x080482E0
Computing Calling Convention: 3/14  0x080482F0
Computing Calling Convention: 4/14  0x08048300
Computing Calling Convention: 5/14  0x08048310
Computing Calling Convention: 6/14  0x08048344
Computing Calling Convention: 7/14  0x08048370
Computing Calling Convention: 9/14  0x080483B0
Computing Calling Convention: 10/14  0x080483F0
Computing Calling Convention: 11/14  0x08048410
Computing Calling Convention: 13/14  0x080484A0
Computing Calling Convention: 14/14  0x080484A4
Computing Calling Convention: 1/3  0x080482A8
Computing Calling Convention: 3/3  0x08048440
Computing Calling Convention: xx/1  0x08048380
Computing label cross-references...
14 Procs, 41 Labels, 33 Branches, 0 / 1 kB covered
File analysis complete.
14 Procs, 41 Labels, 33 Branches, 0 / 1 kB covered

Decompiling 1/14: 0x080482A8
Decompiling 2/14: 0x080482E0
Decompiling 3/14: 0x080482F0
Decompiling 4/14: 0x08048300
Decompiling 5/14: 0x08048310
Decompiling 6/14: 0x08048344
Decompiling 7/14: 0x08048370
Decompiling 8/14: 0x08048380
Decompiling 9/14: 0x080483B0
Decompiling 10/14: 0x080483F0
Decompiling 11/14: 0x08048410
Decompiling 12/14: 0x08048440
Decompiling 13/14: 0x080484A0
Decompiling 14/14: 0x080484A4
Decompiling 14/14: 0x080484A4

