after removing matching assigns (t[WILDSTR]).
after removing matching assigns (%pc).
### WARNING: iteration limit exceeded for dfaTypeAnalysis of procedure main ###
in proc main adding addrExp r1{0} - 32 to local table
in proc main adding addrExp r1{0} - 4 to local table
in proc main adding addrExp r1{0} + 4 to local table
in proc main adding addrExp r1{0} - 24 to local table
in proc main adding addrExp r1{0} - 19 to local table
in proc main adding addrExp r1{0} - 19 to local table
in proc main adding addrExp r1{0} - 19 to local table
in proc main adding addrExp r1{0} - 20 to local table
### WARNING: iteration limit exceeded for dfaTypeAnalysis of procedure main ###
in proc main adding addrExp r1{0} - 32 to local table
in proc main adding addrExp r1{0} - 4 to local table
TYPE ERROR: at address 0xfffffffc, overlapping type __size32 does not resolve to compound or array
in proc main adding addrExp r1{0} + 4 to local table
in proc main adding addrExp r1{0} - 24 to local table
in proc main adding addrExp r1{0} - 19 to local table
in proc main adding addrExp r1{0} - 19 to local table
in proc main adding addrExp r1{0} - 19 to local table
in proc main adding addrExp r1{0} - 20 to local table
### WARNING: iteration limit exceeded for dfaTypeAnalysis of procedure main ###
in proc main adding addrExp r1{0} - 19 to local table
in proc main adding addrExp r1{0} - 19 to local table
in proc main adding addrExp r1{0} - 19 to local table
in proc main adding addrExp r1{0} - 20 to local table
local g3 has type char * that doesn't agree with type of define void of a library, why?
local g4 has type /*signed?*/int that doesn't agree with type of define __size32 of a library, why?
dest is not lib
call:   26 {*32* r5, *32* r6, *32* r7, *32* r8, *32* r9, *32* r10, *v* r11, *32* r12} := CALL printf(
                *c** g3 := "Result is %d
"
                *j32* g4 := (g0 rl 0) & 255
              )
              Reaching definitions: r0=(r0{17} rl 0) & 255,   r1=r1{0} - 32,   r3=0x10000834,   r4=(r0{17} rl 0) & 255,
                r5=r5{0},   r9=0x10000000,   r31=r1{0} - 32,   r65=0,   m[r1{0} + 4]=machine("%LR"),
                m[r1{0} - 4]=r31{0},   m[r1{0} - 19]=m[r1{0} - 19]{38},   m[r1{0} - 20]=m[r1{0} - 20]{16},
                m[r1{0} - 24]=r3{0},   m[r1{0} - 32]=r1{0},   tmp_mask=255,   %flags=SUBFLAGSNS( r3{0}, 1, 7 ),
                %ZF=7 = 0,   %CF=r3{0} <u 1
              Live variables:  in proc main
