openjdk version "18.0.1" 2022-04-19
OpenJDK Runtime Environment 22.3 (build 18.0.1+10)
OpenJDK 64-Bit Server VM 22.3 (build 18.0.1+10, mixed mode)
INFO  Using log config file: jar:file:GHIDRADIR/Ghidra/Framework/Generic/lib/Generic.jar!/generic.log4j.xml (LoggingInitialization)  
INFO  Using log file: HOME/.ghidra/.ghidra_10.3.2_PUBLIC/application.log (LoggingInitialization)  
INFO  Loading user preferences: HOME/.ghidra/.ghidra_10.3.2_PUBLIC/preferences (Preferences)  
INFO  Searching for classes... (ClassSearcher)  
INFO  Class search complete (some time) (ClassSearcher)  
INFO  Initializing SSL Context (SSLContextInitializer)  
INFO  Initializing Random Number Generator... (SecureRandomFactory)  
INFO  Random Number Generator initialization complete: NativePRNGNonBlocking (SecureRandomFactory)  
INFO  Trust manager disabled, cacerts have not been set (ApplicationTrustManagerFactory)  
INFO  HEADLESS Script Paths:
    GHIDRADIR/Ghidra/Features/Base/ghidra_scripts
    GHIDRADIR/Ghidra/Debug/Debugger-agent-dbgmodel-traceloader/ghidra_scripts
    GHIDRADIR/Ghidra/Debug/Debugger/ghidra_scripts
    GHIDRADIR/Ghidra/Features/FileFormats/ghidra_scripts
    GHIDRADIR/Ghidra/Features/GnuDemangler/ghidra_scripts
    GHIDRADIR/Ghidra/Features/BytePatterns/ghidra_scripts
    GHIDRADIR/Ghidra/Features/FunctionID/ghidra_scripts
    GHIDRADIR/Ghidra/Features/SystemEmulation/ghidra_scripts
    GHIDRADIR/Ghidra/Features/PDB/ghidra_scripts
    GHIDRADIR/Ghidra/Debug/Debugger-agent-frida/ghidra_scripts
    GHIDRADIR/Ghidra/Processors/Atmel/ghidra_scripts
    SUBJECTS/scripts
    HOME/ghidra_scripts
    GHIDRADIR/Ghidra/Features/MicrosoftCodeAnalyzer/ghidra_scripts
    GHIDRADIR/Ghidra/Processors/JVM/ghidra_scripts
    GHIDRADIR/Ghidra/Processors/PIC/ghidra_scripts
    GHIDRADIR/Ghidra/Features/VersionTracking/ghidra_scripts
    GHIDRADIR/Ghidra/Features/Decompiler/ghidra_scripts
    GHIDRADIR/Ghidra/Processors/8051/ghidra_scripts
    GHIDRADIR/Ghidra/Processors/DATA/ghidra_scripts
    GHIDRADIR/Ghidra/Features/Python/ghidra_scripts (HeadlessAnalyzer)  
INFO  HEADLESS: execution starts (HeadlessAnalyzer)  
INFO  Creating project: SUBJECTS/from_pouet.net/with_source_339/ia32_pe/project_loc/project_name (HeadlessAnalyzer)  
INFO  Creating project: SUBJECTS/from_pouet.net/with_source_339/ia32_pe/project_loc/project_name (DefaultProject)  
INFO  REPORT: Processing input files:  (HeadlessAnalyzer)  
INFO       project: SUBJECTS/from_pouet.net/with_source_339/ia32_pe/project_loc/project_name (HeadlessAnalyzer)  
INFO  IMPORTING: SUBJECTS/from_pouet.net/with_source_339/ia32_pe/subject.exe (HeadlessAnalyzer)  
WARN  Non-standard # of data directories: 2 (OptionalHeaderImpl)  
ERROR Invalid symbol table file index: 49538b44 (FileHeader)  
WARN  Non-standard optional header size: 120 bytes (FileHeader)  
WARN  DataDirectory RVA outside of image (RVA: 0x1122206a, Size: 0x7d828a03).  Could be a file-only data directory. (COMDescriptorDataDirectory)  
INFO  Using Loader: Portable Executable (PE) (AutoImporter)  
INFO  Using Language/Compiler: x86:LE:32:default:windows (AutoImporter)  
WARN  Non-standard # of data directories: 2 (OptionalHeaderImpl)  
ERROR Invalid symbol table file index: 49538b44 (FileHeader)  
WARN  Non-standard optional header size: 120 bytes (FileHeader)  
ERROR Invalid RVA 8d244bfe (ExportDataDirectory)  
ERROR REPORT: Invalid index: 827706 (HeadlessAnalyzer) java.io.IOException: Invalid index: 827706
	at ghidra.app.util.bin.FileByteProvider.ensureBounds(FileByteProvider.java:264)
	at ghidra.app.util.bin.FileByteProvider.readBytes(FileByteProvider.java:121)
	at ghidra.app.util.bin.BinaryReader.readInt(BinaryReader.java:923)
	at ghidra.app.util.bin.format.pe.ExportDataDirectory.parse(ExportDataDirectory.java:303)
	at ghidra.app.util.bin.format.pe.DataDirectory.processDataDirectory(DataDirectory.java:80)
	at ghidra.app.util.bin.format.pe.ExportDataDirectory.<init>(ExportDataDirectory.java:83)
	at ghidra.app.util.bin.format.pe.OptionalHeaderImpl.processDataDirectories(OptionalHeaderImpl.java:274)
	at ghidra.app.util.opinion.PeLoader.load(PeLoader.java:124)
	at ghidra.app.util.opinion.AbstractLibrarySupportLoader.doLoad(AbstractLibrarySupportLoader.java:811)
	at ghidra.app.util.opinion.AbstractLibrarySupportLoader.loadProgram(AbstractLibrarySupportLoader.java:100)
	at ghidra.app.util.opinion.AbstractProgramLoader.load(AbstractProgramLoader.java:131)
	at ghidra.app.util.importer.AutoImporter.importFresh(AutoImporter.java:502)
	at ghidra.app.util.importer.AutoImporter.importFresh(AutoImporter.java:414)
	at ghidra.app.util.importer.AutoImporter.importByUsingBestGuess(AutoImporter.java:86)
	at ghidra.app.util.headless.HeadlessAnalyzer.loadPrograms(HeadlessAnalyzer.java:1638)
	at ghidra.app.util.headless.HeadlessAnalyzer.processFileWithImport(HeadlessAnalyzer.java:1517)
	at ghidra.app.util.headless.HeadlessAnalyzer.processWithImport(HeadlessAnalyzer.java:1662)
	at ghidra.app.util.headless.HeadlessAnalyzer.processWithImport(HeadlessAnalyzer.java:1727)
	at ghidra.app.util.headless.HeadlessAnalyzer.processLocal(HeadlessAnalyzer.java:448)
	at ghidra.app.util.headless.AnalyzeHeadless.launch(AnalyzeHeadless.java:127)
	at ghidra.GhidraLauncher.launch(GhidraLauncher.java:77)
	at ghidra.Ghidra.main(Ghidra.java:54)
 
ERROR REPORT: Import failed for file: SUBJECTS/from_pouet.net/with_source_339/ia32_pe/subject.exe (HeadlessAnalyzer)  
