Database SUBJECTS/from_holdec/stress_int_x64/x64_elf_extensions_inst__10_vars__no_complex/subject.exe.i64 already exists.
Do you want to overwrite it? -> ~L~oad existing

  bytes   pages size description
--------- ----- ---- --------------------------------------------
   524288    64 8192 allocating memory for b-tree...
   917504   112 8192 allocating memory for virtual array...
   262144    32 8192 allocating memory for name pointers...
-----------------------------------------------------------------
  1703936            total memory allocated

Loading processor module IDADIR/procs/pc64.so for metapc...Initializing processor module metapc...OK
Loading type libraries...
Autoanalysis subsystem has been initialized.
Database for file 'subject.exe' has been loaded.
Hex-Rays Decompiler plugin has been loaded (v7.5.0.201028)
  The hotkeys are F5: decompile, Ctrl-F5: decompile all.
  Please check the Edit/Plugins menu for more informaton.
IDAPython Hex-Rays bindings initialized.
=== start of cleanup script -> OK
  function at 00401000  LIB  with name '.init_proc'
  function at 00401020       with name 'sub_401020'
  function at 00401030       with name '.__assert_fail'
  function at 00401040       with name 'main'
  function at 00402AA0  LIB  with name '_start'
  function at 00402AD0  LIB  with name '_dl_relocate_static_pie'
  function at 00402AE0  LIB  with name 'deregister_tm_clones'
  function at 00402B10  LIB  with name 'register_tm_clones'
  function at 00402B50  LIB  with name '__do_global_dtors_aux'
  function at 00402B80  LIB  with name 'frame_dummy'
  function at 00402B86       with name 'inst_0_values_var_0'
  function at 00402C86       with name 'inst_0_flags_var_0'
  function at 00402D8D       with name 'inst_0_values_var_1'
  function at 00402E8E       with name 'inst_0_flags_var_1'
  function at 00402F95       with name 'inst_0_values_var_2'
  function at 00403096       with name 'inst_0_flags_var_2'
  function at 0040319C       with name 'inst_0_values_var_3'
  function at 0040329D       with name 'inst_0_flags_var_3'
  function at 004033A4       with name 'inst_0_values_var_4'
  function at 004034A5       with name 'inst_0_flags_var_4'
  function at 004035AB       with name 'inst_0_values_var_5'
  function at 004036AC       with name 'inst_0_flags_var_5'
  function at 004037B3       with name 'inst_0_values_var_6'
  function at 004038B4       with name 'inst_0_flags_var_6'
  function at 004039BA       with name 'inst_0_values_var_7'
  function at 00403ABB       with name 'inst_0_flags_var_7'
  function at 00403BC2       with name 'inst_0_values_var_8'
  function at 00403CC3       with name 'inst_0_flags_var_8'
  function at 00403DCA       with name 'inst_0_values_var_9'
  function at 00403ECB       with name 'inst_0_flags_var_9'
  function at 00403FD1       with name 'inst_1_values_var_0'
  function at 004040D0       with name 'inst_1_flags_var_0'
  function at 004041D6       with name 'inst_1_values_var_1'
  function at 004042D6       with name 'inst_1_flags_var_1'
  function at 004043DC       with name 'inst_1_values_var_2'
  function at 004044DC       with name 'inst_1_flags_var_2'
  function at 004045E2       with name 'inst_1_values_var_3'
  function at 004046E2       with name 'inst_1_flags_var_3'
  function at 004047E8       with name 'inst_1_values_var_4'
  function at 004048E7       with name 'inst_1_flags_var_4'
  function at 004049ED       with name 'inst_1_values_var_5'
  function at 00404AED       with name 'inst_1_flags_var_5'
  function at 00404BF3       with name 'inst_1_values_var_6'
  function at 00404CF3       with name 'inst_1_flags_var_6'
  function at 00404DF8       with name 'inst_1_values_var_7'
  function at 00404EF8       with name 'inst_1_flags_var_7'
  function at 00404FFE       with name 'inst_1_values_var_8'
  function at 004050FE       with name 'inst_1_flags_var_8'
  function at 00405203       with name 'inst_1_values_var_9'
  function at 00405302       with name 'inst_1_flags_var_9'
  function at 00405407       with name 'inst_2_values_var_0'
  function at 00405507       with name 'inst_2_flags_var_0'
  function at 0040560D       with name 'inst_2_values_var_1'
  function at 0040570D       with name 'inst_2_flags_var_1'
  function at 00405813       with name 'inst_2_values_var_2'
  function at 00405913       with name 'inst_2_flags_var_2'
  function at 00405A19       with name 'inst_2_values_var_3'
  function at 00405B19       with name 'inst_2_flags_var_3'
  function at 00405C1F       with name 'inst_2_values_var_4'
  function at 00405D1F       with name 'inst_2_flags_var_4'
  function at 00405E25       with name 'inst_2_values_var_5'
  function at 00405F25       with name 'inst_2_flags_var_5'
  function at 0040602B       with name 'inst_2_values_var_6'
  function at 0040612B       with name 'inst_2_flags_var_6'
  function at 00406231       with name 'inst_2_values_var_7'
  function at 00406331       with name 'inst_2_flags_var_7'
  function at 00406437       with name 'inst_2_values_var_8'
  function at 00406537       with name 'inst_2_flags_var_8'
  function at 0040663D       with name 'inst_2_values_var_9'
  function at 0040673D       with name 'inst_2_flags_var_9'
  function at 00406843       with name 'inst_3_values_var_0'
  function at 00406943       with name 'inst_3_flags_var_0'
  function at 00406A59       with name 'inst_3_values_var_1'
  function at 00406B59       with name 'inst_3_flags_var_1'
  function at 00406C6F       with name 'inst_3_values_var_2'
  function at 00406D6F       with name 'inst_3_flags_var_2'
  function at 00406E85       with name 'inst_3_values_var_3'
  function at 00406F85       with name 'inst_3_flags_var_3'
  function at 0040709B       with name 'inst_3_values_var_4'
  function at 0040719B       with name 'inst_3_flags_var_4'
  function at 004072B1       with name 'inst_3_values_var_5'
  function at 004073B1       with name 'inst_3_flags_var_5'
  function at 004074C7       with name 'inst_3_values_var_6'
  function at 004075C7       with name 'inst_3_flags_var_6'
  function at 004076DD       with name 'inst_3_values_var_7'
  function at 004077DD       with name 'inst_3_flags_var_7'
  function at 004078F3       with name 'inst_3_values_var_8'
  function at 004079F3       with name 'inst_3_flags_var_8'
  function at 00407B09       with name 'inst_3_values_var_9'
  function at 00407C09       with name 'inst_3_flags_var_9'
  function at 00407D1F       with name 'inst_4_values_var_0'
  function at 00407E1F       with name 'inst_4_flags_var_0'
  function at 00407F35       with name 'inst_4_values_var_1'
  function at 00408035       with name 'inst_4_flags_var_1'
  function at 0040814B       with name 'inst_4_values_var_2'
  function at 0040824B       with name 'inst_4_flags_var_2'
  function at 00408361       with name 'inst_4_values_var_3'
  function at 00408461       with name 'inst_4_flags_var_3'
  function at 00408577       with name 'inst_4_values_var_4'
  function at 00408677       with name 'inst_4_flags_var_4'
  function at 0040878D       with name 'inst_4_values_var_5'
  function at 0040888D       with name 'inst_4_flags_var_5'
  function at 004089A3       with name 'inst_4_values_var_6'
  function at 00408AA3       with name 'inst_4_flags_var_6'
  function at 00408BB9       with name 'inst_4_values_var_7'
  function at 00408CB9       with name 'inst_4_flags_var_7'
  function at 00408DCF       with name 'inst_4_values_var_8'
  function at 00408ECF       with name 'inst_4_flags_var_8'
  function at 00408FE5       with name 'inst_4_values_var_9'
  function at 004090E5       with name 'inst_4_flags_var_9'
  function at 004091FB       with name 'inst_5_values_var_0'
  function at 004092FB       with name 'inst_5_flags_var_0'
  function at 00409411       with name 'inst_5_values_var_1'
  function at 00409511       with name 'inst_5_flags_var_1'
  function at 00409627       with name 'inst_5_values_var_2'
  function at 00409727       with name 'inst_5_flags_var_2'
  function at 0040983D       with name 'inst_5_values_var_3'
  function at 0040993D       with name 'inst_5_flags_var_3'
  function at 00409A53       with name 'inst_5_values_var_4'
  function at 00409B53       with name 'inst_5_flags_var_4'
  function at 00409C69       with name 'inst_5_values_var_5'
  function at 00409D69       with name 'inst_5_flags_var_5'
  function at 00409E7F       with name 'inst_5_values_var_6'
  function at 00409F7F       with name 'inst_5_flags_var_6'
  function at 0040A095       with name 'inst_5_values_var_7'
  function at 0040A195       with name 'inst_5_flags_var_7'
  function at 0040A2AB       with name 'inst_5_values_var_8'
  function at 0040A3AB       with name 'inst_5_flags_var_8'
  function at 0040A4C1       with name 'inst_5_values_var_9'
  function at 0040A5C1       with name 'inst_5_flags_var_9'
  function at 0040A6D7       with name 'inst_6_values_var_0'
  function at 0040A7D7       with name 'inst_6_flags_var_0'
  function at 0040A8ED       with name 'inst_6_values_var_1'
  function at 0040A9ED       with name 'inst_6_flags_var_1'
  function at 0040AB03       with name 'inst_6_values_var_2'
  function at 0040AC03       with name 'inst_6_flags_var_2'
  function at 0040AD19       with name 'inst_6_values_var_3'
  function at 0040AE19       with name 'inst_6_flags_var_3'
  function at 0040AF2F       with name 'inst_6_values_var_4'
  function at 0040B02F       with name 'inst_6_flags_var_4'
  function at 0040B145       with name 'inst_6_values_var_5'
  function at 0040B245       with name 'inst_6_flags_var_5'
  function at 0040B35B       with name 'inst_6_values_var_6'
  function at 0040B45B       with name 'inst_6_flags_var_6'
  function at 0040B571       with name 'inst_6_values_var_7'
  function at 0040B671       with name 'inst_6_flags_var_7'
  function at 0040B787       with name 'inst_6_values_var_8'
  function at 0040B887       with name 'inst_6_flags_var_8'
  function at 0040B99D       with name 'inst_6_values_var_9'
  function at 0040BA9D       with name 'inst_6_flags_var_9'
  function at 0040BBB3       with name 'inst_7_values_var_0'
  function at 0040BCB3       with name 'inst_7_flags_var_0'
  function at 0040BDC9       with name 'inst_7_values_var_1'
  function at 0040BEC9       with name 'inst_7_flags_var_1'
  function at 0040BFDF       with name 'inst_7_values_var_2'
  function at 0040C0DF       with name 'inst_7_flags_var_2'
  function at 0040C1F5       with name 'inst_7_values_var_3'
  function at 0040C2F5       with name 'inst_7_flags_var_3'
  function at 0040C40B       with name 'inst_7_values_var_4'
  function at 0040C50B       with name 'inst_7_flags_var_4'
  function at 0040C621       with name 'inst_7_values_var_5'
  function at 0040C721       with name 'inst_7_flags_var_5'
  function at 0040C837       with name 'inst_7_values_var_6'
  function at 0040C937       with name 'inst_7_flags_var_6'
  function at 0040CA4D       with name 'inst_7_values_var_7'
  function at 0040CB4D       with name 'inst_7_flags_var_7'
  function at 0040CC63       with name 'inst_7_values_var_8'
  function at 0040CD63       with name 'inst_7_flags_var_8'
  function at 0040CE79       with name 'inst_7_values_var_9'
  function at 0040CF79       with name 'inst_7_flags_var_9'
  function at 0040D08F       with name 'inst_8_values_var_0'
  function at 0040D18F       with name 'inst_8_flags_var_0'
  function at 0040D2A5       with name 'inst_8_values_var_1'
  function at 0040D3A5       with name 'inst_8_flags_var_1'
  function at 0040D4BB       with name 'inst_8_values_var_2'
  function at 0040D5BB       with name 'inst_8_flags_var_2'
  function at 0040D6D1       with name 'inst_8_values_var_3'
  function at 0040D7D1       with name 'inst_8_flags_var_3'
  function at 0040D8E7       with name 'inst_8_values_var_4'
  function at 0040D9E7       with name 'inst_8_flags_var_4'
  function at 0040DAFD       with name 'inst_8_values_var_5'
  function at 0040DBFD       with name 'inst_8_flags_var_5'
  function at 0040DD13       with name 'inst_8_values_var_6'
  function at 0040DE13       with name 'inst_8_flags_var_6'
  function at 0040DF29       with name 'inst_8_values_var_7'
  function at 0040E029       with name 'inst_8_flags_var_7'
  function at 0040E13F       with name 'inst_8_values_var_8'
  function at 0040E23F       with name 'inst_8_flags_var_8'
  function at 0040E355       with name 'inst_8_values_var_9'
  function at 0040E455       with name 'inst_8_flags_var_9'
  function at 0040E56B       with name 'inst_9_values_var_0'
  function at 0040E66B       with name 'inst_9_flags_var_0'
  function at 0040E781       with name 'inst_9_values_var_1'
  function at 0040E881       with name 'inst_9_flags_var_1'
  function at 0040E997       with name 'inst_9_values_var_2'
  function at 0040EA97       with name 'inst_9_flags_var_2'
  function at 0040EBAD       with name 'inst_9_values_var_3'
  function at 0040ECAD       with name 'inst_9_flags_var_3'
  function at 0040EDC3       with name 'inst_9_values_var_4'
  function at 0040EEC3       with name 'inst_9_flags_var_4'
  function at 0040EFD9       with name 'inst_9_values_var_5'
  function at 0040F0D9       with name 'inst_9_flags_var_5'
  function at 0040F1EF       with name 'inst_9_values_var_6'
  function at 0040F2EF       with name 'inst_9_flags_var_6'
  function at 0040F405       with name 'inst_9_values_var_7'
  function at 0040F505       with name 'inst_9_flags_var_7'
  function at 0040F61B       with name 'inst_9_values_var_8'
  function at 0040F71B       with name 'inst_9_flags_var_8'
  function at 0040F831       with name 'inst_9_values_var_9'
  function at 0040F931       with name 'inst_9_flags_var_9'
  function at 0040FA47       with name 'inst_10_values_var_0'
  function at 0040FB47       with name 'inst_10_flags_var_0'
  function at 0040FC5D       with name 'inst_10_values_var_1'
  function at 0040FD5D       with name 'inst_10_flags_var_1'
  function at 0040FE73       with name 'inst_10_values_var_2'
  function at 0040FF73       with name 'inst_10_flags_var_2'
  function at 00410089       with name 'inst_10_values_var_3'
  function at 00410189       with name 'inst_10_flags_var_3'
  function at 0041029F       with name 'inst_10_values_var_4'
  function at 0041039F       with name 'inst_10_flags_var_4'
  function at 004104B5       with name 'inst_10_values_var_5'
  function at 004105B5       with name 'inst_10_flags_var_5'
  function at 004106CB       with name 'inst_10_values_var_6'
  function at 004107CB       with name 'inst_10_flags_var_6'
  function at 004108E1       with name 'inst_10_values_var_7'
  function at 004109E1       with name 'inst_10_flags_var_7'
  function at 00410AF7       with name 'inst_10_values_var_8'
  function at 00410BF7       with name 'inst_10_flags_var_8'
  function at 00410D0D       with name 'inst_10_values_var_9'
  function at 00410E0D       with name 'inst_10_flags_var_9'
  function at 00410F23       with name 'inst_11_values_var_0'
  function at 00411023       with name 'inst_11_flags_var_0'
  function at 00411131       with name 'inst_11_values_var_1'
  function at 00411231       with name 'inst_11_flags_var_1'
  function at 0041133F       with name 'inst_11_values_var_2'
  function at 0041143F       with name 'inst_11_flags_var_2'
  function at 0041154D       with name 'inst_11_values_var_3'
  function at 0041164D       with name 'inst_11_flags_var_3'
  function at 0041175B       with name 'inst_11_values_var_4'
  function at 0041185B       with name 'inst_11_flags_var_4'
  function at 00411969       with name 'inst_11_values_var_5'
  function at 00411A69       with name 'inst_11_flags_var_5'
  function at 00411B77       with name 'inst_11_values_var_6'
  function at 00411C77       with name 'inst_11_flags_var_6'
  function at 00411D85       with name 'inst_11_values_var_7'
  function at 00411E85       with name 'inst_11_flags_var_7'
  function at 00411F93       with name 'inst_11_values_var_8'
  function at 00412093       with name 'inst_11_flags_var_8'
  function at 004121A1       with name 'inst_11_values_var_9'
  function at 004122A1       with name 'inst_11_flags_var_9'
  function at 004123AF       with name 'inst_12_values_var_0'
  function at 004124AF       with name 'inst_12_flags_var_0'
  function at 004125BD       with name 'inst_12_values_var_1'
  function at 004126BD       with name 'inst_12_flags_var_1'
  function at 004127CB       with name 'inst_12_values_var_2'
  function at 004128CB       with name 'inst_12_flags_var_2'
  function at 004129D9       with name 'inst_12_values_var_3'
  function at 00412AD9       with name 'inst_12_flags_var_3'
  function at 00412BE7       with name 'inst_12_values_var_4'
  function at 00412CE7       with name 'inst_12_flags_var_4'
  function at 00412DF5       with name 'inst_12_values_var_5'
  function at 00412EF5       with name 'inst_12_flags_var_5'
  function at 00413003       with name 'inst_12_values_var_6'
  function at 00413103       with name 'inst_12_flags_var_6'
  function at 00413211       with name 'inst_12_values_var_7'
  function at 00413311       with name 'inst_12_flags_var_7'
  function at 0041341F       with name 'inst_12_values_var_8'
  function at 0041351F       with name 'inst_12_flags_var_8'
  function at 0041362D       with name 'inst_12_values_var_9'
  function at 0041372D       with name 'inst_12_flags_var_9'
  function at 0041383B       with name 'inst_13_values_var_0'
  function at 0041393B       with name 'inst_13_flags_var_0'
  function at 00413A51       with name 'inst_13_values_var_1'
  function at 00413B51       with name 'inst_13_flags_var_1'
  function at 00413C67       with name 'inst_13_values_var_2'
  function at 00413D67       with name 'inst_13_flags_var_2'
  function at 00413E7D       with name 'inst_13_values_var_3'
  function at 00413F7D       with name 'inst_13_flags_var_3'
  function at 00414093       with name 'inst_13_values_var_4'
  function at 00414193       with name 'inst_13_flags_var_4'
  function at 004142A9       with name 'inst_13_values_var_5'
  function at 004143A9       with name 'inst_13_flags_var_5'
  function at 004144BF       with name 'inst_13_values_var_6'
  function at 004145BF       with name 'inst_13_flags_var_6'
  function at 004146D5       with name 'inst_13_values_var_7'
  function at 004147D5       with name 'inst_13_flags_var_7'
  function at 004148EB       with name 'inst_13_values_var_8'
  function at 004149EB       with name 'inst_13_flags_var_8'
  function at 00414B01       with name 'inst_13_values_var_9'
  function at 00414C01       with name 'inst_13_flags_var_9'
  function at 00414D17       with name 'inst_14_values_var_0'
  function at 00414E17       with name 'inst_14_flags_var_0'
  function at 00414F2D       with name 'inst_14_values_var_1'
  function at 0041502D       with name 'inst_14_flags_var_1'
  function at 00415143       with name 'inst_14_values_var_2'
  function at 00415243       with name 'inst_14_flags_var_2'
  function at 00415359       with name 'inst_14_values_var_3'
  function at 00415459       with name 'inst_14_flags_var_3'
  function at 0041556F       with name 'inst_14_values_var_4'
  function at 0041566F       with name 'inst_14_flags_var_4'
  function at 00415785       with name 'inst_14_values_var_5'
  function at 00415885       with name 'inst_14_flags_var_5'
  function at 0041599B       with name 'inst_14_values_var_6'
  function at 00415A9B       with name 'inst_14_flags_var_6'
  function at 00415BB1       with name 'inst_14_values_var_7'
  function at 00415CB1       with name 'inst_14_flags_var_7'
  function at 00415DC7       with name 'inst_14_values_var_8'
  function at 00415EC7       with name 'inst_14_flags_var_8'
  function at 00415FDD       with name 'inst_14_values_var_9'
  function at 004160DD       with name 'inst_14_flags_var_9'
  function at 004161F3       with name 'inst_15_values_var_0'
  function at 004162F3       with name 'inst_15_flags_var_0'
  function at 004163F1       with name 'inst_15_values_var_1'
  function at 004164F1       with name 'inst_15_flags_var_1'
  function at 004165EF       with name 'inst_15_values_var_2'
  function at 004166EF       with name 'inst_15_flags_var_2'
  function at 004167ED       with name 'inst_15_values_var_3'
  function at 004168ED       with name 'inst_15_flags_var_3'
  function at 004169EB       with name 'inst_15_values_var_4'
  function at 00416AEB       with name 'inst_15_flags_var_4'
  function at 00416BE9       with name 'inst_15_values_var_5'
  function at 00416CE9       with name 'inst_15_flags_var_5'
  function at 00416DE7       with name 'inst_15_values_var_6'
  function at 00416EE7       with name 'inst_15_flags_var_6'
  function at 00416FE5       with name 'inst_15_values_var_7'
  function at 004170E5       with name 'inst_15_flags_var_7'
  function at 004171E3       with name 'inst_15_values_var_8'
  function at 004172E3       with name 'inst_15_flags_var_8'
  function at 004173E1       with name 'inst_15_values_var_9'
  function at 004174E1       with name 'inst_15_flags_var_9'
  function at 004175DF       with name 'inst_16_values_var_0'
  function at 004176DF       with name 'inst_16_flags_var_0'
  function at 004177DD       with name 'inst_16_values_var_1'
  function at 004178DD       with name 'inst_16_flags_var_1'
  function at 004179DB       with name 'inst_16_values_var_2'
  function at 00417ADB       with name 'inst_16_flags_var_2'
  function at 00417BD9       with name 'inst_16_values_var_3'
  function at 00417CD9       with name 'inst_16_flags_var_3'
  function at 00417DD7       with name 'inst_16_values_var_4'
  function at 00417ED7       with name 'inst_16_flags_var_4'
  function at 00417FD5       with name 'inst_16_values_var_5'
  function at 004180D5       with name 'inst_16_flags_var_5'
  function at 004181D3       with name 'inst_16_values_var_6'
  function at 004182D3       with name 'inst_16_flags_var_6'
  function at 004183D1       with name 'inst_16_values_var_7'
  function at 004184D1       with name 'inst_16_flags_var_7'
  function at 004185CF       with name 'inst_16_values_var_8'
  function at 004186CF       with name 'inst_16_flags_var_8'
  function at 004187CD       with name 'inst_16_values_var_9'
  function at 004188CD       with name 'inst_16_flags_var_9'
  function at 004189CB       with name 'inst_17_values_var_0'
  function at 00418ACB       with name 'inst_17_flags_var_0'
  function at 00418BC9       with name 'inst_17_values_var_1'
  function at 00418CC9       with name 'inst_17_flags_var_1'
  function at 00418DC7       with name 'inst_17_values_var_2'
  function at 00418EC7       with name 'inst_17_flags_var_2'
  function at 00418FC5       with name 'inst_17_values_var_3'
  function at 004190C5       with name 'inst_17_flags_var_3'
  function at 004191C3       with name 'inst_17_values_var_4'
  function at 004192C3       with name 'inst_17_flags_var_4'
  function at 004193C1       with name 'inst_17_values_var_5'
  function at 004194C1       with name 'inst_17_flags_var_5'
  function at 004195BF       with name 'inst_17_values_var_6'
  function at 004196BF       with name 'inst_17_flags_var_6'
  function at 004197BD       with name 'inst_17_values_var_7'
  function at 004198BD       with name 'inst_17_flags_var_7'
  function at 004199BB       with name 'inst_17_values_var_8'
  function at 00419ABB       with name 'inst_17_flags_var_8'
  function at 00419BB9       with name 'inst_17_values_var_9'
  function at 00419CB9       with name 'inst_17_flags_var_9'
  function at 00419DB7       with name 'inst_18_values_var_0'
  function at 00419EB7       with name 'inst_18_flags_var_0'
  function at 00419FB5       with name 'inst_18_values_var_1'
  function at 0041A0B5       with name 'inst_18_flags_var_1'
  function at 0041A1B3       with name 'inst_18_values_var_2'
  function at 0041A2B3       with name 'inst_18_flags_var_2'
  function at 0041A3B1       with name 'inst_18_values_var_3'
  function at 0041A4B1       with name 'inst_18_flags_var_3'
  function at 0041A5AF       with name 'inst_18_values_var_4'
  function at 0041A6AF       with name 'inst_18_flags_var_4'
  function at 0041A7AD       with name 'inst_18_values_var_5'
  function at 0041A8AD       with name 'inst_18_flags_var_5'
  function at 0041A9AB       with name 'inst_18_values_var_6'
  function at 0041AAAB       with name 'inst_18_flags_var_6'
  function at 0041ABA9       with name 'inst_18_values_var_7'
  function at 0041ACA9       with name 'inst_18_flags_var_7'
  function at 0041ADA7       with name 'inst_18_values_var_8'
  function at 0041AEA7       with name 'inst_18_flags_var_8'
  function at 0041AFA5       with name 'inst_18_values_var_9'
  function at 0041B0A5       with name 'inst_18_flags_var_9'
  function at 0041B1A3       with name 'inst_19_values_var_0'
  function at 0041B2A3       with name 'inst_19_flags_var_0'
  function at 0041B3A1       with name 'inst_19_values_var_1'
  function at 0041B4A1       with name 'inst_19_flags_var_1'
  function at 0041B59F       with name 'inst_19_values_var_2'
  function at 0041B69F       with name 'inst_19_flags_var_2'
  function at 0041B79D       with name 'inst_19_values_var_3'
  function at 0041B89D       with name 'inst_19_flags_var_3'
  function at 0041B99B       with name 'inst_19_values_var_4'
  function at 0041BA9B       with name 'inst_19_flags_var_4'
  function at 0041BB99       with name 'inst_19_values_var_5'
  function at 0041BC99       with name 'inst_19_flags_var_5'
  function at 0041BD97       with name 'inst_19_values_var_6'
  function at 0041BE97       with name 'inst_19_flags_var_6'
  function at 0041BF95       with name 'inst_19_values_var_7'
  function at 0041C095       with name 'inst_19_flags_var_7'
  function at 0041C193       with name 'inst_19_values_var_8'
  function at 0041C293       with name 'inst_19_flags_var_8'
  function at 0041C391       with name 'inst_19_values_var_9'
  function at 0041C491       with name 'inst_19_flags_var_9'
  function at 0041C58F       with name 'inst_20_values_var_0'
  function at 0041C68F       with name 'inst_20_flags_var_0'
  function at 0041C78D       with name 'inst_20_values_var_1'
  function at 0041C88D       with name 'inst_20_flags_var_1'
  function at 0041C98B       with name 'inst_20_values_var_2'
  function at 0041CA8B       with name 'inst_20_flags_var_2'
  function at 0041CB89       with name 'inst_20_values_var_3'
  function at 0041CC89       with name 'inst_20_flags_var_3'
  function at 0041CD87       with name 'inst_20_values_var_4'
  function at 0041CE87       with name 'inst_20_flags_var_4'
  function at 0041CF85       with name 'inst_20_values_var_5'
  function at 0041D085       with name 'inst_20_flags_var_5'
  function at 0041D183       with name 'inst_20_values_var_6'
  function at 0041D283       with name 'inst_20_flags_var_6'
  function at 0041D381       with name 'inst_20_values_var_7'
  function at 0041D481       with name 'inst_20_flags_var_7'
  function at 0041D57F       with name 'inst_20_values_var_8'
  function at 0041D67F       with name 'inst_20_flags_var_8'
  function at 0041D77D       with name 'inst_20_values_var_9'
  function at 0041D87D       with name 'inst_20_flags_var_9'
  function at 0041D97B       with name 'inst_21_values_var_0'
  function at 0041DA7C       with name 'inst_21_flags_var_0'
  function at 0041DB7B       with name 'inst_21_values_var_1'
  function at 0041DC7C       with name 'inst_21_flags_var_1'
  function at 0041DD7B       with name 'inst_21_values_var_2'
  function at 0041DE7C       with name 'inst_21_flags_var_2'
  function at 0041DF7B       with name 'inst_21_values_var_3'
  function at 0041E07C       with name 'inst_21_flags_var_3'
  function at 0041E17B       with name 'inst_21_values_var_4'
  function at 0041E27C       with name 'inst_21_flags_var_4'
  function at 0041E37B       with name 'inst_21_values_var_5'
  function at 0041E47C       with name 'inst_21_flags_var_5'
  function at 0041E57B       with name 'inst_21_values_var_6'
  function at 0041E67C       with name 'inst_21_flags_var_6'
  function at 0041E77B       with name 'inst_21_values_var_7'
  function at 0041E87C       with name 'inst_21_flags_var_7'
  function at 0041E97B       with name 'inst_21_values_var_8'
  function at 0041EA7C       with name 'inst_21_flags_var_8'
  function at 0041EB7B       with name 'inst_21_values_var_9'
  function at 0041EC7C       with name 'inst_21_flags_var_9'
  function at 0041ED7B       with name 'inst_22_values_var_0'
  function at 0041EE7C       with name 'inst_22_flags_var_0'
  function at 0041EF7B       with name 'inst_22_values_var_1'
  function at 0041F07C       with name 'inst_22_flags_var_1'
  function at 0041F17B       with name 'inst_22_values_var_2'
  function at 0041F27C       with name 'inst_22_flags_var_2'
  function at 0041F37B       with name 'inst_22_values_var_3'
  function at 0041F47C       with name 'inst_22_flags_var_3'
  function at 0041F57B       with name 'inst_22_values_var_4'
  function at 0041F67C       with name 'inst_22_flags_var_4'
  function at 0041F77B       with name 'inst_22_values_var_5'
  function at 0041F87C       with name 'inst_22_flags_var_5'
  function at 0041F97B       with name 'inst_22_values_var_6'
  function at 0041FA7C       with name 'inst_22_flags_var_6'
  function at 0041FB7B       with name 'inst_22_values_var_7'
  function at 0041FC7C       with name 'inst_22_flags_var_7'
  function at 0041FD7B       with name 'inst_22_values_var_8'
  function at 0041FE7C       with name 'inst_22_flags_var_8'
  function at 0041FF7B       with name 'inst_22_values_var_9'
  function at 0042007C       with name 'inst_22_flags_var_9'
  function at 0042017B       with name 'inst_23_values_var_0'
  function at 0042027B       with name 'inst_23_flags_var_0'
  function at 00420379       with name 'inst_23_values_var_1'
  function at 00420479       with name 'inst_23_flags_var_1'
  function at 00420577       with name 'inst_23_values_var_2'
  function at 00420677       with name 'inst_23_flags_var_2'
  function at 00420775       with name 'inst_23_values_var_3'
  function at 00420875       with name 'inst_23_flags_var_3'
  function at 00420973       with name 'inst_23_values_var_4'
  function at 00420A73       with name 'inst_23_flags_var_4'
  function at 00420B71       with name 'inst_23_values_var_5'
  function at 00420C71       with name 'inst_23_flags_var_5'
  function at 00420D6F       with name 'inst_23_values_var_6'
  function at 00420E6F       with name 'inst_23_flags_var_6'
  function at 00420F6D       with name 'inst_23_values_var_7'
  function at 0042106D       with name 'inst_23_flags_var_7'
  function at 0042116B       with name 'inst_23_values_var_8'
  function at 0042126B       with name 'inst_23_flags_var_8'
  function at 00421369       with name 'inst_23_values_var_9'
  function at 00421469       with name 'inst_23_flags_var_9'
  function at 00421567       with name 'inst_24_values_var_0'
  function at 00421667       with name 'inst_24_flags_var_0'
  function at 00421765       with name 'inst_24_values_var_1'
  function at 00421865       with name 'inst_24_flags_var_1'
  function at 00421963       with name 'inst_24_values_var_2'
  function at 00421A63       with name 'inst_24_flags_var_2'
  function at 00421B61       with name 'inst_24_values_var_3'
  function at 00421C61       with name 'inst_24_flags_var_3'
  function at 00421D5F       with name 'inst_24_values_var_4'
  function at 00421E5F       with name 'inst_24_flags_var_4'
  function at 00421F5D       with name 'inst_24_values_var_5'
  function at 0042205D       with name 'inst_24_flags_var_5'
  function at 0042215B       with name 'inst_24_values_var_6'
  function at 0042225B       with name 'inst_24_flags_var_6'
  function at 00422359       with name 'inst_24_values_var_7'
  function at 00422459       with name 'inst_24_flags_var_7'
  function at 00422557       with name 'inst_24_values_var_8'
  function at 00422657       with name 'inst_24_flags_var_8'
  function at 00422755       with name 'inst_24_values_var_9'
  function at 00422855       with name 'inst_24_flags_var_9'
  function at 00422953       with name 'inst_25_values_var_0'
  function at 00422A53       with name 'inst_25_flags_var_0'
  function at 00422B51       with name 'inst_25_values_var_1'
  function at 00422C51       with name 'inst_25_flags_var_1'
  function at 00422D4F       with name 'inst_25_values_var_2'
  function at 00422E4F       with name 'inst_25_flags_var_2'
  function at 00422F4D       with name 'inst_25_values_var_3'
  function at 0042304D       with name 'inst_25_flags_var_3'
  function at 0042314B       with name 'inst_25_values_var_4'
  function at 0042324B       with name 'inst_25_flags_var_4'
  function at 00423349       with name 'inst_25_values_var_5'
  function at 00423449       with name 'inst_25_flags_var_5'
  function at 00423547       with name 'inst_25_values_var_6'
  function at 00423647       with name 'inst_25_flags_var_6'
  function at 00423745       with name 'inst_25_values_var_7'
  function at 00423845       with name 'inst_25_flags_var_7'
  function at 00423943       with name 'inst_25_values_var_8'
  function at 00423A43       with name 'inst_25_flags_var_8'
  function at 00423B41       with name 'inst_25_values_var_9'
  function at 00423C41       with name 'inst_25_flags_var_9'
  function at 00423D3F       with name 'inst_26_values_var_0'
  function at 00423E3F       with name 'inst_26_flags_var_0'
  function at 00423F3D       with name 'inst_26_values_var_1'
  function at 0042403D       with name 'inst_26_flags_var_1'
  function at 0042413B       with name 'inst_26_values_var_2'
  function at 0042423B       with name 'inst_26_flags_var_2'
  function at 00424339       with name 'inst_26_values_var_3'
  function at 00424439       with name 'inst_26_flags_var_3'
  function at 00424537       with name 'inst_26_values_var_4'
  function at 00424637       with name 'inst_26_flags_var_4'
  function at 00424735       with name 'inst_26_values_var_5'
  function at 00424835       with name 'inst_26_flags_var_5'
  function at 00424933       with name 'inst_26_values_var_6'
  function at 00424A33       with name 'inst_26_flags_var_6'
  function at 00424B31       with name 'inst_26_values_var_7'
  function at 00424C31       with name 'inst_26_flags_var_7'
  function at 00424D2F       with name 'inst_26_values_var_8'
  function at 00424E2F       with name 'inst_26_flags_var_8'
  function at 00424F2D       with name 'inst_26_values_var_9'
  function at 0042502D       with name 'inst_26_flags_var_9'
  function at 0042512B       with name 'inst_27_values_var_0'
  function at 0042522B       with name 'inst_27_flags_var_0'
  function at 00425329       with name 'inst_27_values_var_1'
  function at 00425429       with name 'inst_27_flags_var_1'
  function at 00425527       with name 'inst_27_values_var_2'
  function at 00425627       with name 'inst_27_flags_var_2'
  function at 00425725       with name 'inst_27_values_var_3'
  function at 00425825       with name 'inst_27_flags_var_3'
  function at 00425923       with name 'inst_27_values_var_4'
  function at 00425A23       with name 'inst_27_flags_var_4'
  function at 00425B21       with name 'inst_27_values_var_5'
  function at 00425C21       with name 'inst_27_flags_var_5'
  function at 00425D1F       with name 'inst_27_values_var_6'
  function at 00425E1F       with name 'inst_27_flags_var_6'
  function at 00425F1D       with name 'inst_27_values_var_7'
  function at 0042601D       with name 'inst_27_flags_var_7'
  function at 0042611B       with name 'inst_27_values_var_8'
  function at 0042621B       with name 'inst_27_flags_var_8'
  function at 00426319       with name 'inst_27_values_var_9'
  function at 00426419       with name 'inst_27_flags_var_9'
  function at 00426517       with name 'inst_28_values_var_0'
  function at 00426617       with name 'inst_28_flags_var_0'
  function at 00426715       with name 'inst_28_values_var_1'
  function at 00426815       with name 'inst_28_flags_var_1'
  function at 00426913       with name 'inst_28_values_var_2'
  function at 00426A13       with name 'inst_28_flags_var_2'
  function at 00426B11       with name 'inst_28_values_var_3'
  function at 00426C11       with name 'inst_28_flags_var_3'
  function at 00426D0F       with name 'inst_28_values_var_4'
  function at 00426E0F       with name 'inst_28_flags_var_4'
  function at 00426F0D       with name 'inst_28_values_var_5'
  function at 0042700D       with name 'inst_28_flags_var_5'
  function at 0042710B       with name 'inst_28_values_var_6'
  function at 0042720B       with name 'inst_28_flags_var_6'
  function at 00427309       with name 'inst_28_values_var_7'
  function at 00427409       with name 'inst_28_flags_var_7'
  function at 00427507       with name 'inst_28_values_var_8'
  function at 00427607       with name 'inst_28_flags_var_8'
  function at 00427705       with name 'inst_28_values_var_9'
  function at 00427805       with name 'inst_28_flags_var_9'
  function at 00427903       with name 'inst_29_values_var_0'
  function at 00427A03       with name 'inst_29_flags_var_0'
  function at 00427B0A       with name 'inst_29_values_var_1'
  function at 00427C0B       with name 'inst_29_flags_var_1'
  function at 00427D11       with name 'inst_29_values_var_2'
  function at 00427E12       with name 'inst_29_flags_var_2'
  function at 00427F19       with name 'inst_29_values_var_3'
  function at 00428019       with name 'inst_29_flags_var_3'
  function at 00428120       with name 'inst_29_values_var_4'
  function at 00428221       with name 'inst_29_flags_var_4'
  function at 00428327       with name 'inst_29_values_var_5'
  function at 00428428       with name 'inst_29_flags_var_5'
  function at 0042852F       with name 'inst_29_values_var_6'
  function at 00428630       with name 'inst_29_flags_var_6'
  function at 00428737       with name 'inst_29_values_var_7'
  function at 00428838       with name 'inst_29_flags_var_7'
  function at 0042893E       with name 'inst_29_values_var_8'
  function at 00428A3F       with name 'inst_29_flags_var_8'
  function at 00428B46       with name 'inst_29_values_var_9'
  function at 00428C47       with name 'inst_29_flags_var_9'
  function at 00428D4E       with name 'inst_30_values_var_0'
  function at 00428E4F       with name 'inst_30_flags_var_0'
  function at 00428F56       with name 'inst_30_values_var_1'
  function at 00429057       with name 'inst_30_flags_var_1'
  function at 0042915E       with name 'inst_30_values_var_2'
  function at 0042925F       with name 'inst_30_flags_var_2'
  function at 00429366       with name 'inst_30_values_var_3'
  function at 00429467       with name 'inst_30_flags_var_3'
  function at 0042956E       with name 'inst_30_values_var_4'
  function at 0042966F       with name 'inst_30_flags_var_4'
  function at 00429776       with name 'inst_30_values_var_5'
  function at 00429877       with name 'inst_30_flags_var_5'
  function at 0042997E       with name 'inst_30_values_var_6'
  function at 00429A7F       with name 'inst_30_flags_var_6'
  function at 00429B86       with name 'inst_30_values_var_7'
  function at 00429C87       with name 'inst_30_flags_var_7'
  function at 00429D8E       with name 'inst_30_values_var_8'
  function at 00429E8F       with name 'inst_30_flags_var_8'
  function at 00429F96       with name 'inst_30_values_var_9'
  function at 0042A097       with name 'inst_30_flags_var_9'
  function at 0042A19E       with name 'inst_31_values_var_0'
  function at 0042A29F       with name 'inst_31_flags_var_0'
  function at 0042A3A6       with name 'inst_31_values_var_1'
  function at 0042A4A7       with name 'inst_31_flags_var_1'
  function at 0042A5AE       with name 'inst_31_values_var_2'
  function at 0042A6AF       with name 'inst_31_flags_var_2'
  function at 0042A7B6       with name 'inst_31_values_var_3'
  function at 0042A8B7       with name 'inst_31_flags_var_3'
  function at 0042A9BE       with name 'inst_31_values_var_4'
  function at 0042AABF       with name 'inst_31_flags_var_4'
  function at 0042ABC6       with name 'inst_31_values_var_5'
  function at 0042ACC7       with name 'inst_31_flags_var_5'
  function at 0042ADCE       with name 'inst_31_values_var_6'
  function at 0042AECF       with name 'inst_31_flags_var_6'
  function at 0042AFD6       with name 'inst_31_values_var_7'
  function at 0042B0D7       with name 'inst_31_flags_var_7'
  function at 0042B1DD       with name 'inst_31_values_var_8'
  function at 0042B2DE       with name 'inst_31_flags_var_8'
  function at 0042B3E5       with name 'inst_31_values_var_9'
  function at 0042B4E6       with name 'inst_31_flags_var_9'
  function at 0042B5ED       with name 'inst_32_values_var_0'
  function at 0042B6EE       with name 'inst_32_flags_var_0'
  function at 0042B7F5       with name 'inst_32_values_var_1'
  function at 0042B8F6       with name 'inst_32_flags_var_1'
  function at 0042B9FD       with name 'inst_32_values_var_2'
  function at 0042BAFE       with name 'inst_32_flags_var_2'
  function at 0042BC05       with name 'inst_32_values_var_3'
  function at 0042BD06       with name 'inst_32_flags_var_3'
  function at 0042BE0D       with name 'inst_32_values_var_4'
  function at 0042BF0E       with name 'inst_32_flags_var_4'
  function at 0042C015       with name 'inst_32_values_var_5'
  function at 0042C116       with name 'inst_32_flags_var_5'
  function at 0042C21D       with name 'inst_32_values_var_6'
  function at 0042C31E       with name 'inst_32_flags_var_6'
  function at 0042C425       with name 'inst_32_values_var_7'
  function at 0042C526       with name 'inst_32_flags_var_7'
  function at 0042C62D       with name 'inst_32_values_var_8'
  function at 0042C72E       with name 'inst_32_flags_var_8'
  function at 0042C835       with name 'inst_32_values_var_9'
  function at 0042C936       with name 'inst_32_flags_var_9'
  function at 0042CA3D       with name 'inst_33_values_var_0'
  function at 0042CB3D       with name 'inst_33_flags_var_0'
  function at 0042CC3B       with name 'inst_33_values_var_1'
  function at 0042CD3B       with name 'inst_33_flags_var_1'
  function at 0042CE39       with name 'inst_33_values_var_2'
  function at 0042CF39       with name 'inst_33_flags_var_2'
  function at 0042D037       with name 'inst_33_values_var_3'
  function at 0042D137       with name 'inst_33_flags_var_3'
  function at 0042D235       with name 'inst_33_values_var_4'
  function at 0042D335       with name 'inst_33_flags_var_4'
  function at 0042D433       with name 'inst_33_values_var_5'
  function at 0042D533       with name 'inst_33_flags_var_5'
  function at 0042D631       with name 'inst_33_values_var_6'
  function at 0042D731       with name 'inst_33_flags_var_6'
  function at 0042D82F       with name 'inst_33_values_var_7'
  function at 0042D92F       with name 'inst_33_flags_var_7'
  function at 0042DA2D       with name 'inst_33_values_var_8'
  function at 0042DB2D       with name 'inst_33_flags_var_8'
  function at 0042DC2B       with name 'inst_33_values_var_9'
  function at 0042DD2B       with name 'inst_33_flags_var_9'
  function at 0042DE29       with name 'inst_34_values_var_0'
  function at 0042DF2A       with name 'inst_34_flags_var_0'
  function at 0042E029       with name 'inst_34_values_var_1'
  function at 0042E12A       with name 'inst_34_flags_var_1'
  function at 0042E229       with name 'inst_34_values_var_2'
  function at 0042E32A       with name 'inst_34_flags_var_2'
  function at 0042E429       with name 'inst_34_values_var_3'
  function at 0042E52A       with name 'inst_34_flags_var_3'
  function at 0042E629       with name 'inst_34_values_var_4'
  function at 0042E72A       with name 'inst_34_flags_var_4'
  function at 0042E829       with name 'inst_34_values_var_5'
  function at 0042E92A       with name 'inst_34_flags_var_5'
  function at 0042EA29       with name 'inst_34_values_var_6'
  function at 0042EB2A       with name 'inst_34_flags_var_6'
  function at 0042EC29       with name 'inst_34_values_var_7'
  function at 0042ED2A       with name 'inst_34_flags_var_7'
  function at 0042EE29       with name 'inst_34_values_var_8'
  function at 0042EF2A       with name 'inst_34_flags_var_8'
  function at 0042F028       with name 'inst_34_values_var_9'
  function at 0042F129       with name 'inst_34_flags_var_9'
  function at 0042F228       with name 'inst_35_values_var_0'
  function at 0042F329       with name 'inst_35_flags_var_0'
  function at 0042F428       with name 'inst_35_values_var_1'
  function at 0042F52A       with name 'inst_35_flags_var_1'
  function at 0042F62A       with name 'inst_35_values_var_2'
  function at 0042F72B       with name 'inst_35_flags_var_2'
  function at 0042F82B       with name 'inst_35_values_var_3'
  function at 0042F92D       with name 'inst_35_flags_var_3'
  function at 0042FA2C       with name 'inst_35_values_var_4'
  function at 0042FB2D       with name 'inst_35_flags_var_4'
  function at 0042FC2D       with name 'inst_35_values_var_5'
  function at 0042FD2F       with name 'inst_35_flags_var_5'
  function at 0042FE2F       with name 'inst_35_values_var_6'
  function at 0042FF31       with name 'inst_35_flags_var_6'
  function at 00430031       with name 'inst_35_values_var_7'
  function at 00430133       with name 'inst_35_flags_var_7'
  function at 00430232       with name 'inst_35_values_var_8'
  function at 00430334       with name 'inst_35_flags_var_8'
  function at 00430433       with name 'inst_35_values_var_9'
  function at 00430535       with name 'inst_35_flags_var_9'
  function at 00430635       with name 'inst_36_values_var_0'
  function at 00430736       with name 'inst_36_flags_var_0'
  function at 00430835       with name 'inst_36_values_var_1'
  function at 00430936       with name 'inst_36_flags_var_1'
  function at 00430A34       with name 'inst_36_values_var_2'
  function at 00430B35       with name 'inst_36_flags_var_2'
  function at 00430C34       with name 'inst_36_values_var_3'
  function at 00430D35       with name 'inst_36_flags_var_3'
  function at 00430E34       with name 'inst_36_values_var_4'
  function at 00430F35       with name 'inst_36_flags_var_4'
  function at 00431034       with name 'inst_36_values_var_5'
  function at 00431135       with name 'inst_36_flags_var_5'
  function at 00431233       with name 'inst_36_values_var_6'
  function at 00431333       with name 'inst_36_flags_var_6'
  function at 00431432       with name 'inst_36_values_var_7'
  function at 00431533       with name 'inst_36_flags_var_7'
  function at 00431632       with name 'inst_36_values_var_8'
  function at 00431733       with name 'inst_36_flags_var_8'
  function at 00431831       with name 'inst_36_values_var_9'
  function at 00431932       with name 'inst_36_flags_var_9'
  function at 00431A30       with name 'inst_37_values_var_0'
  function at 00431B31       with name 'inst_37_flags_var_0'
  function at 00431C30       with name 'inst_37_values_var_1'
  function at 00431D31       with name 'inst_37_flags_var_1'
  function at 00431E30       with name 'inst_37_values_var_2'
  function at 00431F31       with name 'inst_37_flags_var_2'
  function at 00432030       with name 'inst_37_values_var_3'
  function at 00432131       with name 'inst_37_flags_var_3'
  function at 00432230       with name 'inst_37_values_var_4'
  function at 00432331       with name 'inst_37_flags_var_4'
  function at 00432430       with name 'inst_37_values_var_5'
  function at 00432531       with name 'inst_37_flags_var_5'
  function at 00432630       with name 'inst_37_values_var_6'
  function at 00432731       with name 'inst_37_flags_var_6'
  function at 00432830       with name 'inst_37_values_var_7'
  function at 00432931       with name 'inst_37_flags_var_7'
  function at 00432A30       with name 'inst_37_values_var_8'
  function at 00432B31       with name 'inst_37_flags_var_8'
  function at 00432C30       with name 'inst_37_values_var_9'
  function at 00432D31       with name 'inst_37_flags_var_9'
  function at 00432E30       with name 'inst_38_values_var_0'
  function at 00432F31       with name 'inst_38_flags_var_0'
  function at 00433030       with name 'inst_38_values_var_1'
  function at 00433131       with name 'inst_38_flags_var_1'
  function at 00433230       with name 'inst_38_values_var_2'
  function at 00433331       with name 'inst_38_flags_var_2'
  function at 00433430       with name 'inst_38_values_var_3'
  function at 00433531       with name 'inst_38_flags_var_3'
  function at 00433630       with name 'inst_38_values_var_4'
  function at 00433731       with name 'inst_38_flags_var_4'
  function at 00433830       with name 'inst_38_values_var_5'
  function at 00433931       with name 'inst_38_flags_var_5'
  function at 00433A30       with name 'inst_38_values_var_6'
  function at 00433B31       with name 'inst_38_flags_var_6'
  function at 00433C30       with name 'inst_38_values_var_7'
  function at 00433D31       with name 'inst_38_flags_var_7'
  function at 00433E30       with name 'inst_38_values_var_8'
  function at 00433F31       with name 'inst_38_flags_var_8'
  function at 00434030       with name 'inst_38_values_var_9'
  function at 00434131       with name 'inst_38_flags_var_9'
  function at 00434230       with name 'inst_39_values_var_0'
  function at 00434331       with name 'inst_39_flags_var_0'
  function at 00434430       with name 'inst_39_values_var_1'
  function at 00434530       with name 'inst_39_flags_var_1'
  function at 0043462F       with name 'inst_39_values_var_2'
  function at 0043472F       with name 'inst_39_flags_var_2'
  function at 0043482E       with name 'inst_39_values_var_3'
  function at 0043492F       with name 'inst_39_flags_var_3'
  function at 00434A2E       with name 'inst_39_values_var_4'
  function at 00434B2E       with name 'inst_39_flags_var_4'
  function at 00434C2C       with name 'inst_39_values_var_5'
  function at 00434D2C       with name 'inst_39_flags_var_5'
  function at 00434E2B       with name 'inst_39_values_var_6'
  function at 00434F2B       with name 'inst_39_flags_var_6'
  function at 00435029       with name 'inst_39_values_var_7'
  function at 0043512A       with name 'inst_39_flags_var_7'
  function at 00435229       with name 'inst_39_values_var_8'
  function at 0043532A       with name 'inst_39_flags_var_8'
  function at 00435429       with name 'inst_39_values_var_9'
  function at 0043552A       with name 'inst_39_flags_var_9'
  function at 00435629       with name 'inst_40_values_var_0'
  function at 00435729       with name 'inst_40_flags_var_0'
  function at 00435827       with name 'inst_40_values_var_1'
  function at 00435927       with name 'inst_40_flags_var_1'
  function at 00435A25       with name 'inst_40_values_var_2'
  function at 00435B25       with name 'inst_40_flags_var_2'
  function at 00435C23       with name 'inst_40_values_var_3'
  function at 00435D23       with name 'inst_40_flags_var_3'
  function at 00435E21       with name 'inst_40_values_var_4'
  function at 00435F20       with name 'inst_40_flags_var_4'
  function at 0043601E       with name 'inst_40_values_var_5'
  function at 0043611E       with name 'inst_40_flags_var_5'
  function at 0043621C       with name 'inst_40_values_var_6'
  function at 0043631C       with name 'inst_40_flags_var_6'
  function at 0043641A       with name 'inst_40_values_var_7'
  function at 0043651A       with name 'inst_40_flags_var_7'
  function at 00436618       with name 'inst_40_values_var_8'
  function at 00436718       with name 'inst_40_flags_var_8'
  function at 00436816       with name 'inst_40_values_var_9'
  function at 00436916       with name 'inst_40_flags_var_9'
  function at 00436A14       with name 'inst_41_values_var_0'
  function at 00436B14       with name 'inst_41_flags_var_0'
  function at 00436C12       with name 'inst_41_values_var_1'
  function at 00436D12       with name 'inst_41_flags_var_1'
  function at 00436E10       with name 'inst_41_values_var_2'
  function at 00436F10       with name 'inst_41_flags_var_2'
  function at 0043700E       with name 'inst_41_values_var_3'
  function at 0043710E       with name 'inst_41_flags_var_3'
  function at 0043720C       with name 'inst_41_values_var_4'
  function at 0043730C       with name 'inst_41_flags_var_4'
  function at 0043740A       with name 'inst_41_values_var_5'
  function at 0043750A       with name 'inst_41_flags_var_5'
  function at 00437608       with name 'inst_41_values_var_6'
  function at 00437708       with name 'inst_41_flags_var_6'
  function at 00437806       with name 'inst_41_values_var_7'
  function at 00437906       with name 'inst_41_flags_var_7'
  function at 00437A04       with name 'inst_41_values_var_8'
  function at 00437B04       with name 'inst_41_flags_var_8'
  function at 00437C02       with name 'inst_41_values_var_9'
  function at 00437D02       with name 'inst_41_flags_var_9'
  function at 00437E00  LIB  with name '__libc_csu_init'
  function at 00437E70  LIB  with name '__libc_csu_fini'
  function at 00437E78  LIB  with name '.term_proc'
  function at 0043A030       with name '__assert_fail'
  function at 0043A038  LIB  with name '__libc_start_main'
  function at 0043A040       with name '__gmon_start__'
finished -> OK
TIMESTAMP decompiling 401020 size=000000000000000C times=0...
The decompiler assumes that the segment '.got.plt' is read-only because of its NAME.
All data references to the segment will be replaced by constant values.
This may lead to drastic changes in the decompiler output.
If the segment is not read-only, please change the segment NAME.

In general, the decompiler checks the segment permissions, class, and name
to determine if it is read-only.
 -> OK
TIMESTAMP decompiling 402B86 size=0000000000000100 times=0...
TIMESTAMP decompiling 402C86 size=0000000000000107 times=0...
TIMESTAMP decompiling 402D8D size=0000000000000101 times=0...
TIMESTAMP decompiling 402E8E size=0000000000000107 times=0...
TIMESTAMP decompiling 402F95 size=0000000000000101 times=0...
TIMESTAMP decompiling 403096 size=0000000000000106 times=0...
TIMESTAMP decompiling 40319C size=0000000000000101 times=0...
TIMESTAMP decompiling 40329D size=0000000000000107 times=0...
TIMESTAMP decompiling 4033A4 size=0000000000000101 times=0...
TIMESTAMP decompiling 4034A5 size=0000000000000106 times=0...
TIMESTAMP decompiling 4035AB size=0000000000000101 times=0...
TIMESTAMP decompiling 4036AC size=0000000000000107 times=0...
TIMESTAMP decompiling 4037B3 size=0000000000000101 times=0...
TIMESTAMP decompiling 4038B4 size=0000000000000106 times=0...
TIMESTAMP decompiling 4039BA size=0000000000000101 times=0...
TIMESTAMP decompiling 403ABB size=0000000000000107 times=0...
TIMESTAMP decompiling 403BC2 size=0000000000000101 times=0...
TIMESTAMP decompiling 403CC3 size=0000000000000107 times=0...
TIMESTAMP decompiling 403DCA size=0000000000000101 times=0...
TIMESTAMP decompiling 403ECB size=0000000000000106 times=0...
TIMESTAMP decompiling 403FD1 size=00000000000000FF times=0...
TIMESTAMP decompiling 4040D0 size=0000000000000106 times=0...
TIMESTAMP decompiling 4041D6 size=0000000000000100 times=0...
TIMESTAMP decompiling 4042D6 size=0000000000000106 times=0...
TIMESTAMP decompiling 4043DC size=0000000000000100 times=0...
TIMESTAMP decompiling 4044DC size=0000000000000106 times=0...
TIMESTAMP decompiling 4045E2 size=0000000000000100 times=0...
TIMESTAMP decompiling 4046E2 size=0000000000000106 times=0...
TIMESTAMP decompiling 4047E8 size=00000000000000FF times=0...
TIMESTAMP decompiling 4048E7 size=0000000000000106 times=0...
TIMESTAMP decompiling 4049ED size=0000000000000100 times=0...
TIMESTAMP decompiling 404AED size=0000000000000106 times=0...
TIMESTAMP decompiling 404BF3 size=0000000000000100 times=0...
TIMESTAMP decompiling 404CF3 size=0000000000000105 times=0...
TIMESTAMP decompiling 404DF8 size=0000000000000100 times=0...
TIMESTAMP decompiling 404EF8 size=0000000000000106 times=0...
TIMESTAMP decompiling 404FFE size=0000000000000100 times=0...
TIMESTAMP decompiling 4050FE size=0000000000000105 times=0...
TIMESTAMP decompiling 405203 size=00000000000000FF times=0...
TIMESTAMP decompiling 405302 size=0000000000000105 times=0...
TIMESTAMP decompiling 405407 size=0000000000000100 times=0...
TIMESTAMP decompiling 405507 size=0000000000000106 times=0...
TIMESTAMP decompiling 40560D size=0000000000000100 times=0...
TIMESTAMP decompiling 40570D size=0000000000000106 times=0...
TIMESTAMP decompiling 405813 size=0000000000000100 times=0...
TIMESTAMP decompiling 405913 size=0000000000000106 times=0...
TIMESTAMP decompiling 405A19 size=0000000000000100 times=0...
TIMESTAMP decompiling 405B19 size=0000000000000106 times=0...
TIMESTAMP decompiling 405C1F size=0000000000000100 times=0...
TIMESTAMP decompiling 405D1F size=0000000000000106 times=0...
TIMESTAMP decompiling 405E25 size=0000000000000100 times=0...
TIMESTAMP decompiling 405F25 size=0000000000000106 times=0...
TIMESTAMP decompiling 40602B size=0000000000000100 times=0...
TIMESTAMP decompiling 40612B size=0000000000000106 times=0...
TIMESTAMP decompiling 406231 size=0000000000000100 times=0...
TIMESTAMP decompiling 406331 size=0000000000000106 times=0...
TIMESTAMP decompiling 406437 size=0000000000000100 times=0...
TIMESTAMP decompiling 406537 size=0000000000000106 times=0...
TIMESTAMP decompiling 40663D size=0000000000000100 times=0...
TIMESTAMP decompiling 40673D size=0000000000000106 times=0...
TIMESTAMP decompiling 406843 size=0000000000000100 times=0...
TIMESTAMP decompiling 406943 size=0000000000000116 times=0...
TIMESTAMP decompiling 406A59 size=0000000000000100 times=0...
TIMESTAMP decompiling 406B59 size=0000000000000116 times=0...
TIMESTAMP decompiling 406C6F size=0000000000000100 times=0...
TIMESTAMP decompiling 406D6F size=0000000000000116 times=0...
TIMESTAMP decompiling 406E85 size=0000000000000100 times=0...
TIMESTAMP decompiling 406F85 size=0000000000000116 times=0...
TIMESTAMP decompiling 40709B size=0000000000000100 times=0...
TIMESTAMP decompiling 40719B size=0000000000000116 times=0...
TIMESTAMP decompiling 4072B1 size=0000000000000100 times=0...
TIMESTAMP decompiling 4073B1 size=0000000000000116 times=0...
TIMESTAMP decompiling 4074C7 size=0000000000000100 times=0...
TIMESTAMP decompiling 4075C7 size=0000000000000116 times=0...
TIMESTAMP decompiling 4076DD size=0000000000000100 times=0...
TIMESTAMP decompiling 4077DD size=0000000000000116 times=0...
TIMESTAMP decompiling 4078F3 size=0000000000000100 times=0...
TIMESTAMP decompiling 4079F3 size=0000000000000116 times=0...
TIMESTAMP decompiling 407B09 size=0000000000000100 times=0...
TIMESTAMP decompiling 407C09 size=0000000000000116 times=0...
TIMESTAMP decompiling 407D1F size=0000000000000100 times=0...
TIMESTAMP decompiling 407E1F size=0000000000000116 times=0...
TIMESTAMP decompiling 407F35 size=0000000000000100 times=0...
TIMESTAMP decompiling 408035 size=0000000000000116 times=0...
TIMESTAMP decompiling 40814B size=0000000000000100 times=0...
TIMESTAMP decompiling 40824B size=0000000000000116 times=0...
TIMESTAMP decompiling 408361 size=0000000000000100 times=0...
TIMESTAMP decompiling 408461 size=0000000000000116 times=0...
TIMESTAMP decompiling 408577 size=0000000000000100 times=0...
TIMESTAMP decompiling 408677 size=0000000000000116 times=0...
TIMESTAMP decompiling 40878D size=0000000000000100 times=0...
TIMESTAMP decompiling 40888D size=0000000000000116 times=0...
TIMESTAMP decompiling 4089A3 size=0000000000000100 times=0...
TIMESTAMP decompiling 408AA3 size=0000000000000116 times=0...
TIMESTAMP decompiling 408BB9 size=0000000000000100 times=0...
TIMESTAMP decompiling 408CB9 size=0000000000000116 times=0...
TIMESTAMP decompiling 408DCF size=0000000000000100 times=0...
TIMESTAMP decompiling 408ECF size=0000000000000116 times=0...
TIMESTAMP decompiling 408FE5 size=0000000000000100 times=0...
TIMESTAMP decompiling 4090E5 size=0000000000000116 times=0...
TIMESTAMP decompiling 4091FB size=0000000000000100 times=0...
TIMESTAMP decompiling 4092FB size=0000000000000116 times=0...
TIMESTAMP decompiling 409411 size=0000000000000100 times=0...
TIMESTAMP decompiling 409511 size=0000000000000116 times=0...
TIMESTAMP decompiling 409627 size=0000000000000100 times=0...
TIMESTAMP decompiling 409727 size=0000000000000116 times=0...
TIMESTAMP decompiling 40983D size=0000000000000100 times=0...
TIMESTAMP decompiling 40993D size=0000000000000116 times=0...
TIMESTAMP decompiling 409A53 size=0000000000000100 times=0...
TIMESTAMP decompiling 409B53 size=0000000000000116 times=0...
TIMESTAMP decompiling 409C69 size=0000000000000100 times=0...
TIMESTAMP decompiling 409D69 size=0000000000000116 times=0...
TIMESTAMP decompiling 409E7F size=0000000000000100 times=0...
TIMESTAMP decompiling 409F7F size=0000000000000116 times=0...
TIMESTAMP decompiling 40A095 size=0000000000000100 times=0...
TIMESTAMP decompiling 40A195 size=0000000000000116 times=0...
TIMESTAMP decompiling 40A2AB size=0000000000000100 times=0...
TIMESTAMP decompiling 40A3AB size=0000000000000116 times=0...
TIMESTAMP decompiling 40A4C1 size=0000000000000100 times=0...
TIMESTAMP decompiling 40A5C1 size=0000000000000116 times=0...
TIMESTAMP decompiling 40A6D7 size=0000000000000100 times=0...
TIMESTAMP decompiling 40A7D7 size=0000000000000116 times=0...
TIMESTAMP decompiling 40A8ED size=0000000000000100 times=0...
TIMESTAMP decompiling 40A9ED size=0000000000000116 times=0...
TIMESTAMP decompiling 40AB03 size=0000000000000100 times=0...
TIMESTAMP decompiling 40AC03 size=0000000000000116 times=0...
TIMESTAMP decompiling 40AD19 size=0000000000000100 times=0...
TIMESTAMP decompiling 40AE19 size=0000000000000116 times=0...
TIMESTAMP decompiling 40AF2F size=0000000000000100 times=0...
TIMESTAMP decompiling 40B02F size=0000000000000116 times=0...
TIMESTAMP decompiling 40B145 size=0000000000000100 times=0...
TIMESTAMP decompiling 40B245 size=0000000000000116 times=0...
TIMESTAMP decompiling 40B35B size=0000000000000100 times=0...
TIMESTAMP decompiling 40B45B size=0000000000000116 times=0...
TIMESTAMP decompiling 40B571 size=0000000000000100 times=0...
TIMESTAMP decompiling 40B671 size=0000000000000116 times=0...
TIMESTAMP decompiling 40B787 size=0000000000000100 times=0...
TIMESTAMP decompiling 40B887 size=0000000000000116 times=0...
TIMESTAMP decompiling 40B99D size=0000000000000100 times=0...
TIMESTAMP decompiling 40BA9D size=0000000000000116 times=0...
TIMESTAMP decompiling 40BBB3 size=0000000000000100 times=0...
TIMESTAMP decompiling 40BCB3 size=0000000000000116 times=0...
TIMESTAMP decompiling 40BDC9 size=0000000000000100 times=0...
TIMESTAMP decompiling 40BEC9 size=0000000000000116 times=0...
TIMESTAMP decompiling 40BFDF size=0000000000000100 times=0...
TIMESTAMP decompiling 40C0DF size=0000000000000116 times=0...
TIMESTAMP decompiling 40C1F5 size=0000000000000100 times=0...
TIMESTAMP decompiling 40C2F5 size=0000000000000116 times=0...
TIMESTAMP decompiling 40C40B size=0000000000000100 times=0...
TIMESTAMP decompiling 40C50B size=0000000000000116 times=0...
TIMESTAMP decompiling 40C621 size=0000000000000100 times=0...
TIMESTAMP decompiling 40C721 size=0000000000000116 times=0...
TIMESTAMP decompiling 40C837 size=0000000000000100 times=0...
TIMESTAMP decompiling 40C937 size=0000000000000116 times=0...
TIMESTAMP decompiling 40CA4D size=0000000000000100 times=0...
TIMESTAMP decompiling 40CB4D size=0000000000000116 times=0...
TIMESTAMP decompiling 40CC63 size=0000000000000100 times=0...
TIMESTAMP decompiling 40CD63 size=0000000000000116 times=0...
TIMESTAMP decompiling 40CE79 size=0000000000000100 times=0...
TIMESTAMP decompiling 40CF79 size=0000000000000116 times=0...
TIMESTAMP decompiling 40D08F size=0000000000000100 times=0...
TIMESTAMP decompiling 40D18F size=0000000000000116 times=0...
TIMESTAMP decompiling 40D2A5 size=0000000000000100 times=0...
TIMESTAMP decompiling 40D3A5 size=0000000000000116 times=0...
TIMESTAMP decompiling 40D4BB size=0000000000000100 times=0...
TIMESTAMP decompiling 40D5BB size=0000000000000116 times=0...
TIMESTAMP decompiling 40D6D1 size=0000000000000100 times=0...
TIMESTAMP decompiling 40D7D1 size=0000000000000116 times=0...
TIMESTAMP decompiling 40D8E7 size=0000000000000100 times=0...
TIMESTAMP decompiling 40D9E7 size=0000000000000116 times=0...
TIMESTAMP decompiling 40DAFD size=0000000000000100 times=0...
TIMESTAMP decompiling 40DBFD size=0000000000000116 times=0...
TIMESTAMP decompiling 40DD13 size=0000000000000100 times=0...
TIMESTAMP decompiling 40DE13 size=0000000000000116 times=0...
TIMESTAMP decompiling 40DF29 size=0000000000000100 times=0...
TIMESTAMP decompiling 40E029 size=0000000000000116 times=0...
TIMESTAMP decompiling 40E13F size=0000000000000100 times=0...
TIMESTAMP decompiling 40E23F size=0000000000000116 times=0...
TIMESTAMP decompiling 40E355 size=0000000000000100 times=0...
TIMESTAMP decompiling 40E455 size=0000000000000116 times=0...
TIMESTAMP decompiling 40E56B size=0000000000000100 times=0...
TIMESTAMP decompiling 40E66B size=0000000000000116 times=0...
TIMESTAMP decompiling 40E781 size=0000000000000100 times=0...
TIMESTAMP decompiling 40E881 size=0000000000000116 times=0...
TIMESTAMP decompiling 40E997 size=0000000000000100 times=0...
TIMESTAMP decompiling 40EA97 size=0000000000000116 times=0...
TIMESTAMP decompiling 40EBAD size=0000000000000100 times=0...
TIMESTAMP decompiling 40ECAD size=0000000000000116 times=0...
TIMESTAMP decompiling 40EDC3 size=0000000000000100 times=0...
TIMESTAMP decompiling 40EEC3 size=0000000000000116 times=0...
TIMESTAMP decompiling 40EFD9 size=0000000000000100 times=0...
TIMESTAMP decompiling 40F0D9 size=0000000000000116 times=0...
TIMESTAMP decompiling 40F1EF size=0000000000000100 times=0...
TIMESTAMP decompiling 40F2EF size=0000000000000116 times=0...
TIMESTAMP decompiling 40F405 size=0000000000000100 times=0...
TIMESTAMP decompiling 40F505 size=0000000000000116 times=0...
TIMESTAMP decompiling 40F61B size=0000000000000100 times=0...
TIMESTAMP decompiling 40F71B size=0000000000000116 times=0...
TIMESTAMP decompiling 40F831 size=0000000000000100 times=0...
TIMESTAMP decompiling 40F931 size=0000000000000116 times=0...
TIMESTAMP decompiling 40FA47 size=0000000000000100 times=0...
TIMESTAMP decompiling 40FB47 size=0000000000000116 times=0...
TIMESTAMP decompiling 40FC5D size=0000000000000100 times=0...
TIMESTAMP decompiling 40FD5D size=0000000000000116 times=0...
TIMESTAMP decompiling 40FE73 size=0000000000000100 times=0...
TIMESTAMP decompiling 40FF73 size=0000000000000116 times=0...
TIMESTAMP decompiling 410089 size=0000000000000100 times=0...
TIMESTAMP decompiling 410189 size=0000000000000116 times=0...
TIMESTAMP decompiling 41029F size=0000000000000100 times=0...
TIMESTAMP decompiling 41039F size=0000000000000116 times=0...
TIMESTAMP decompiling 4104B5 size=0000000000000100 times=0...
TIMESTAMP decompiling 4105B5 size=0000000000000116 times=0...
TIMESTAMP decompiling 4106CB size=0000000000000100 times=0...
TIMESTAMP decompiling 4107CB size=0000000000000116 times=0...
TIMESTAMP decompiling 4108E1 size=0000000000000100 times=0...
TIMESTAMP decompiling 4109E1 size=0000000000000116 times=0...
TIMESTAMP decompiling 410AF7 size=0000000000000100 times=0...
TIMESTAMP decompiling 410BF7 size=0000000000000116 times=0...
TIMESTAMP decompiling 410D0D size=0000000000000100 times=0...
TIMESTAMP decompiling 410E0D size=0000000000000116 times=0...
TIMESTAMP decompiling 410F23 size=0000000000000100 times=0...
TIMESTAMP decompiling 411023 size=000000000000010E times=0...
TIMESTAMP decompiling 411131 size=0000000000000100 times=0...
TIMESTAMP decompiling 411231 size=000000000000010E times=0...
TIMESTAMP decompiling 41133F size=0000000000000100 times=0...
TIMESTAMP decompiling 41143F size=000000000000010E times=0...
TIMESTAMP decompiling 41154D size=0000000000000100 times=0...
TIMESTAMP decompiling 41164D size=000000000000010E times=0...
TIMESTAMP decompiling 41175B size=0000000000000100 times=0...
TIMESTAMP decompiling 41185B size=000000000000010E times=0...
TIMESTAMP decompiling 411969 size=0000000000000100 times=0...
TIMESTAMP decompiling 411A69 size=000000000000010E times=0...
411A69: INTERR 51666
TIMESTAMP An internal error occurred during decompilation.
Flushing buffers, please wait...ok
Unloading IDP module IDADIR/procs/pc64.so...
