Using options:
080487C0: warning: Unable to resolve imported reference !__fpstart.
fde_insert: error: An error occurred while rewriting procedure to high-level language.
    Failure has occurred while loading a type.
      at Reko.Structure.StructureAnalysis.ProcessUnresolvedRegions () <0x40a6a380 + 0x00073> in <filename unknown>:0 
  at Reko.Structure.StructureAnalysis.Execute () <0x40a61380 + 0x00443> in <filename unknown>:0 
  at Reko.Structure.StructureAnalysis.Structure () <0x40a5fec0 + 0x00137> in <filename unknown>:0 
  at Reko.DecompilerDriver.StructureProgram () <0x40a5f9e0 + 0x00255> in <filename unknown>:0 
find_fde: error: An error occurred while rewriting procedure to high-level language.
    Failure has occurred while loading a type.
      at Reko.Structure.StructureAnalysis.ProcessUnresolvedRegions () <0x40a6a380 + 0x00073> in <filename unknown>:0 
  at Reko.Structure.StructureAnalysis.Execute () <0x40a61380 + 0x00443> in <filename unknown>:0 
  at Reko.Structure.StructureAnalysis.Structure () <0x40a5fec0 + 0x00137> in <filename unknown>:0 
  at Reko.DecompilerDriver.StructureProgram () <0x40a5f9e0 + 0x00255> in <filename unknown>:0 
extract_cie_info: error: An error occurred while rewriting procedure to high-level language.
    Failure has occurred while loading a type.
      at Reko.Structure.StructureAnalysis.ProcessUnresolvedRegions () <0x40a6a380 + 0x00073> in <filename unknown>:0 
  at Reko.Structure.StructureAnalysis.Execute () <0x40a61380 + 0x00443> in <filename unknown>:0 
  at Reko.Structure.StructureAnalysis.Structure () <0x40a5fec0 + 0x00137> in <filename unknown>:0 
  at Reko.DecompilerDriver.StructureProgram () <0x40a5f9e0 + 0x00255> in <filename unknown>:0 
__deregister_frame_info: error: An error occurred while rewriting procedure to high-level language.
    Failure has occurred while loading a type.
      at Reko.Structure.StructureAnalysis.ProcessUnresolvedRegions () <0x40a6a380 + 0x00073> in <filename unknown>:0 
  at Reko.Structure.StructureAnalysis.Execute () <0x40a61380 + 0x00443> in <filename unknown>:0 
  at Reko.Structure.StructureAnalysis.Structure () <0x40a5fec0 + 0x00137> in <filename unknown>:0 
  at Reko.DecompilerDriver.StructureProgram () <0x40a5f9e0 + 0x00255> in <filename unknown>:0 
__frame_state_for: error: An error occurred while rewriting procedure to high-level language.
    Failure has occurred while loading a type.
      at Reko.Structure.StructureAnalysis.ProcessUnresolvedRegions () <0x40a6a380 + 0x00073> in <filename unknown>:0 
  at Reko.Structure.StructureAnalysis.Execute () <0x40a61380 + 0x00443> in <filename unknown>:0 
  at Reko.Structure.StructureAnalysis.Structure () <0x40a5fec0 + 0x00137> in <filename unknown>:0 
  at Reko.DecompilerDriver.StructureProgram () <0x40a5f9e0 + 0x00255> in <filename unknown>:0 
08048F6C: warning: Expected sizes of arrays to have been determined by now
08048F6C: warning: Expected sizes of arrays to have been determined by now
Could not load signature of Reko.Structure.StructureAnalysis:DetermineFollowLatch due to: Failed for unknown reasons. assembly:mscorlib, Version=4.0.0.0, Culture=neutral, PublicKeyToken=b77a5c561934e089 type:System.ValueTuple`2 member:<none>
Could not load signature of Reko.Structure.StructureAnalysis:DetermineFollowLatch due to: Failed for unknown reasons. assembly:mscorlib, Version=4.0.0.0, Culture=neutral, PublicKeyToken=b77a5c561934e089 type:System.ValueTuple`2 member:<none>
Could not load signature of Reko.Structure.StructureAnalysis:DetermineFollowLatch due to: Failed for unknown reasons. assembly:mscorlib, Version=4.0.0.0, Culture=neutral, PublicKeyToken=b77a5c561934e089 type:System.ValueTuple`2 member:<none>
Could not load signature of Reko.Structure.StructureAnalysis:DetermineFollowLatch due to: Failed for unknown reasons. assembly:mscorlib, Version=4.0.0.0, Culture=neutral, PublicKeyToken=b77a5c561934e089 type:System.ValueTuple`2 member:<none>
Could not load signature of Reko.Structure.StructureAnalysis:DetermineFollowLatch due to: Failed for unknown reasons. assembly:mscorlib, Version=4.0.0.0, Culture=neutral, PublicKeyToken=b77a5c561934e089 type:System.ValueTuple`2 member:<none>
