Analyzing './from_boomerang/branch/ia32_elf_by_boomerang_sunos/subject.exe' as a x86 32 ELF binary file.

0 Procs, 0 Labels, 0 Branches, 0 / 0 kB covered
./from_boomerang/branch/ia32_elf_by_boomerang_sunos/subject.exe: no .debug_info section
./from_boomerang/branch/ia32_elf_by_boomerang_sunos/subject.exe: 28 sections starting at 0x00003C9C
./from_boomerang/branch/ia32_elf_by_boomerang_sunos/subject.exe: section string table at 0x000040AC, 0xE4 bytes
 Offset:  [ix]  Address    Size    Offset  Name
00003C9C: [ 0] 00000000 00000000 00000000 
00003CC4: [ 1] 080480D4 00000011 000000D4 .interp
00003CEC: [ 2] 080480E8 00000164 000000E8 .hash
00003D14: [ 3] 0804824C 00000380 0000024C .dynsym
00003D3C: [ 4] 080485CC 0000014C 000005CC .dynstr
00003D64: [ 5] 08048718 00000020 00000718 .SUNW_version
00003D8C: [ 6] 08048738 00000008 00000738 .rel.bss
00003DB4: [ 7] 08048740 00000050 00000740 .rel.plt
00003DDC: [ 8] 08048790 000000B0 00000790 .plt
00003E04: [ 9] 08048840 00000C95 00000840 .text
00003E2C: [10] 080494E0 00000023 000014E0 .init
00003E54: [11] 08049510 00000013 00001510 .fini
00003E7C: [12] 08049524 0000009C 00001524 .rodata
00003EA4: [13] 0804A5C0 00000034 000015C0 .got
00003ECC: [14] 0804A5F4 00000098 000015F4 .dynamic
00003EF4: [15] 0804A68C 00000004 0000168C .data
00003F1C: [16] 0804A690 00000008 00001690 .ctors
00003F44: [17] 0804A698 00000008 00001698 .dtors
00003F6C: [18] 0804A6A0 00000610 000016A0 .eh_frame
00003F94: [19] 0804ACB0 00000020 00001CB0 .bss
00003FBC: [20] 00000000 00000630 00001CB0 .symtab
00003FE4: [21] 00000000 0000033A 000022E0 .strtab
0000400C: [22] 00000000 000001FF 0000261A .comment
00004034: [23] 00000000 00000024 0000281C .stab.index
0000405C: [24] 00000000 000011EC 00002840 .debug
00004084: [25] 00000000 0000006C 00003A2C .debug_pubnames
000040AC: [26] 00000000 000000E4 00003A98 .shstrtab
000040D4: [27] 00000000 0000011D 00003B7C .stab.indexstr
Matching signatures...
0 Procs, 0 Labels, 0 Branches, 0 / 7 kB covered
0 Procs, 0 Labels, 0 Branches, 0 / 7 kB covered
Separating code and data...
0 Procs, 0 Labels, 0 Branches, 0 / 7 kB covered
0 Procs, 2 Labels, 1 Branches, 0 / 7 kB covered
0 Procs, 5 Labels, 3 Branches, 0 / 7 kB covered
0 Procs, 6 Labels, 4 Branches, 0 / 7 kB covered
0 Procs, 7 Labels, 5 Branches, 0 / 7 kB covered
0 Procs, 8 Labels, 6 Branches, 0 / 7 kB covered
0 Procs, 9 Labels, 7 Branches, 0 / 7 kB covered
0 Procs, 10 Labels, 8 Branches, 0 / 7 kB covered
0 Procs, 11 Labels, 9 Branches, 0 / 7 kB covered
0 Procs, 12 Labels, 10 Branches, 0 / 7 kB covered
0 Procs, 13 Labels, 11 Branches, 0 / 7 kB covered
0 Procs, 14 Labels, 12 Branches, 0 / 7 kB covered
0 Procs, 15 Labels, 13 Branches, 0 / 7 kB covered
0 Procs, 16 Labels, 14 Branches, 0 / 7 kB covered
0 Procs, 17 Labels, 15 Branches, 0 / 7 kB covered
0 Procs, 18 Labels, 16 Branches, 0 / 7 kB covered
0 Procs, 19 Labels, 17 Branches, 0 / 7 kB covered
0 Procs, 20 Labels, 18 Branches, 0 / 7 kB covered
0 Procs, 21 Labels, 19 Branches, 0 / 7 kB covered
0 Procs, 22 Labels, 20 Branches, 0 / 7 kB covered
0 Procs, 23 Labels, 21 Branches, 0 / 7 kB covered
0 Procs, 59 Labels, 72 Branches, 0 / 7 kB covered
0 Procs, 60 Labels, 72 Branches, 0 / 7 kB covered
0 Procs, 77 Labels, 87 Branches, 0 / 7 kB covered
0 Procs, 80 Labels, 89 Branches, 0 / 7 kB covered
0 Procs, 80 Labels, 89 Branches, 0 / 7 kB covered
0 Procs, 82 Labels, 91 Branches, 0 / 7 kB covered
0 Procs, 82 Labels, 91 Branches, 0 / 7 kB covered
0 Procs, 86 Labels, 94 Branches, 0 / 7 kB covered
0 Procs, 93 Labels, 98 Branches, 0 / 7 kB covered
0 Procs, 99 Labels, 102 Branches, 0 / 7 kB covered
0 Procs, 107 Labels, 107 Branches, 0 / 7 kB covered
0 Procs, 119 Labels, 116 Branches, 0 / 7 kB covered
0 Procs, 135 Labels, 131 Branches, 0 / 7 kB covered
0 Procs, 159 Labels, 147 Branches, 0 / 7 kB covered
0 Procs, 174 Labels, 159 Branches, 0 / 7 kB covered
0 Procs, 190 Labels, 171 Branches, 0 / 7 kB covered
0 Procs, 190 Labels, 171 Branches, 0 / 7 kB covered
0 Procs, 191 Labels, 173 Branches, 0 / 7 kB covered
0 Procs, 191 Labels, 173 Branches, 0 / 7 kB covered
0 Procs, 206 Labels, 189 Branches, 0 / 7 kB covered
0 Procs, 206 Labels, 189 Branches, 0 / 7 kB covered
0 Procs, 209 Labels, 191 Branches, 0 / 7 kB covered
0 Procs, 209 Labels, 191 Branches, 0 / 7 kB covered
0 Procs, 211 Labels, 193 Branches, 0 / 7 kB covered
59 Procs, 211 Labels, 193 Branches, 0 / 7 kB covered
59 Procs, 211 Labels, 193 Branches, 0 / 7 kB covered
59 Procs, 211 Labels, 193 Branches, 0 / 7 kB covered
59 Procs, 211 Labels, 193 Branches, 0 / 7 kB covered
59 Procs, 211 Labels, 193 Branches, 0 / 7 kB covered
59 Procs, 211 Labels, 193 Branches, 0 / 7 kB covered
59 Procs, 211 Labels, 193 Branches, 0 / 7 kB covered
59 Procs, 211 Labels, 193 Branches, 0 / 7 kB covered
59 Procs, 211 Labels, 193 Branches, 0 / 7 kB covered
59 Procs, 211 Labels, 193 Branches, 0 / 7 kB covered
59 Procs, 211 Labels, 193 Branches, 0 / 7 kB covered
59 Procs, 211 Labels, 193 Branches, 0 / 7 kB covered
59 Procs, 211 Labels, 193 Branches, 0 / 7 kB covered
59 Procs, 211 Labels, 193 Branches, 0 / 7 kB covered
59 Procs, 211 Labels, 193 Branches, 0 / 7 kB covered
59 Procs, 211 Labels, 193 Branches, 0 / 7 kB covered
59 Procs, 211 Labels, 193 Branches, 0 / 7 kB covered
59 Procs, 211 Labels, 193 Branches, 0 / 7 kB covered
59 Procs, 211 Labels, 193 Branches, 0 / 7 kB covered
59 Procs, 211 Labels, 193 Branches, 0 / 7 kB covered
59 Procs, 211 Labels, 193 Branches, 0 / 7 kB covered
59 Procs, 211 Labels, 193 Branches, 0 / 7 kB covered
59 Procs, 211 Labels, 193 Branches, 0 / 7 kB covered
59 Procs, 211 Labels, 193 Branches, 0 / 7 kB covered
59 Procs, 211 Labels, 193 Branches, 0 / 7 kB covered
59 Procs, 211 Labels, 193 Branches, 0 / 7 kB covered
59 Procs, 211 Labels, 193 Branches, 0 / 7 kB covered
59 Procs, 211 Labels, 193 Branches, 0 / 7 kB covered
59 Procs, 211 Labels, 193 Branches, 0 / 7 kB covered
59 Procs, 211 Labels, 193 Branches, 0 / 7 kB covered
59 Procs, 211 Labels, 193 Branches, 0 / 7 kB covered
59 Procs, 211 Labels, 193 Branches, 0 / 7 kB covered
59 Procs, 211 Labels, 193 Branches, 0 / 7 kB covered
59 Procs, 211 Labels, 193 Branches, 0 / 7 kB covered
59 Procs, 211 Labels, 193 Branches, 0 / 7 kB covered
59 Procs, 211 Labels, 193 Branches, 0 / 7 kB covered
59 Procs, 211 Labels, 193 Branches, 0 / 7 kB covered
59 Procs, 211 Labels, 193 Branches, 0 / 7 kB covered
59 Procs, 211 Labels, 193 Branches, 0 / 7 kB covered
59 Procs, 211 Labels, 193 Branches, 0 / 7 kB covered
59 Procs, 211 Labels, 193 Branches, 0 / 7 kB covered
59 Procs, 211 Labels, 193 Branches, 0 / 7 kB covered
59 Procs, 211 Labels, 193 Branches, 0 / 7 kB covered
59 Procs, 211 Labels, 193 Branches, 0 / 7 kB covered
59 Procs, 211 Labels, 193 Branches, 0 / 7 kB covered
59 Procs, 211 Labels, 193 Branches, 0 / 7 kB covered
59 Procs, 211 Labels, 193 Branches, 0 / 7 kB covered
59 Procs, 211 Labels, 193 Branches, 0 / 7 kB covered
59 Procs, 211 Labels, 193 Branches, 0 / 7 kB covered
59 Procs, 211 Labels, 193 Branches, 0 / 7 kB covered
59 Procs, 211 Labels, 193 Branches, 0 / 7 kB covered
59 Procs, 211 Labels, 193 Branches, 0 / 7 kB covered
59 Procs, 211 Labels, 193 Branches, 0 / 7 kB covered
59 Procs, 211 Labels, 193 Branches, 0 / 7 kB covered
59 Procs, 211 Labels, 193 Branches, 0 / 7 kB covered
59 Procs, 211 Labels, 193 Branches, 0 / 7 kB covered
59 Procs, 211 Labels, 193 Branches, 0 / 7 kB covered
59 Procs, 211 Labels, 193 Branches, 0 / 7 kB covered
59 Procs, 211 Labels, 193 Branches, 0 / 7 kB covered
59 Procs, 211 Labels, 193 Branches, 0 / 7 kB covered
59 Procs, 211 Labels, 193 Branches, 0 / 7 kB covered
Resolving indirect jumps...
59 Procs, 211 Labels, 193 Branches, 0 / 7 kB covered
59 Procs, 211 Labels, 193 Branches, 0 / 7 kB covered
Resolving constants and strings...
59 Procs, 211 Labels, 193 Branches, 0 / 7 kB covered
Discovering unreached functions...
59 Procs, 211 Labels, 193 Branches, 0 / 7 kB covered
Computing call tree...
59 Procs, 211 Labels, 193 Branches, 0 / 7 kB covered
Computing calling conventions...
59 Procs, 211 Labels, 193 Branches, 0 / 7 kB covered
Computing Calling Convention: 1/59  0x080487A0
Computing Calling Convention: 2/59  0x080487A6
Computing Calling Convention: 3/59  0x080487B0
Computing Calling Convention: 4/59  0x080487B6
Computing Calling Convention: 5/59  0x080487C0
Computing Calling Convention: 6/59  0x080487C6
Computing Calling Convention: 7/59  0x080487D0
Computing Calling Convention: 8/59  0x080487D6
Computing Calling Convention: 9/59  0x080487E0
Computing Calling Convention: 10/59  0x080487E6
Computing Calling Convention: 11/59  0x080487F0
Computing Calling Convention: 12/59  0x080487F6
Computing Calling Convention: 13/59  0x08048800
Computing Calling Convention: 14/59  0x08048806
Computing Calling Convention: 15/59  0x08048810
Computing Calling Convention: 16/59  0x08048816
Computing Calling Convention: 17/59  0x08048820
Computing Calling Convention: 18/59  0x08048826
Computing Calling Convention: 19/59  0x08048830
Computing Calling Convention: 20/59  0x08048836
Computing Calling Convention: 22/59  0x080488AF
Computing Calling Convention: 24/59  0x080488B9
Computing Calling Convention: 26/59  0x080488F9
Computing Calling Convention: 28/59  0x08048911
Computing Calling Convention: 30/59  0x08048939
Computing Calling Convention: 31/59  0x08048948
Computing Calling Convention: 32/59  0x08048A58
Computing Calling Convention: 33/59  0x08048A94
Computing Calling Convention: 34/59  0x08048AF0
Computing Calling Convention: 35/59  0x08048B48
Computing Calling Convention: 37/59  0x08048B86
Computing Calling Convention: 39/59  0x08048C16
Computing Calling Convention: 41/59  0x08048D02
Computing Calling Convention: 43/59  0x08048DA2
Computing Calling Convention: 45/59  0x08048EBA
Computing Calling Convention: 47/59  0x08049245
Computing Calling Convention: 49/59  0x0804928D
Computing Calling Convention: 51/59  0x080492D1
Computing Calling Convention: 53/59  0x08049331
Computing Calling Convention: 55/59  0x08049496
Computing Calling Convention: 57/59  0x080494C9
Computing Calling Convention: 3/18  0x080488F0
Computing Calling Convention: 5/18  0x08048930
Computing Calling Convention: 6/18  0x08048B78
Computing Calling Convention: 7/18  0x08048C08
Computing Calling Convention: 8/18  0x08048CF4
Computing Calling Convention: 9/18  0x08048D94
Computing Calling Convention: 10/18  0x08048EAC
Computing Calling Convention: 11/18  0x0804923C
Computing Calling Convention: 12/18  0x08049284
Computing Calling Convention: 13/18  0x080492C8
Computing Calling Convention: 14/18  0x08049320
Computing Calling Convention: 15/18  0x0804948C
Computing Calling Convention: 16/18  0x080494C0
Computing Calling Convention: 2/5  0x080488B0
Computing Calling Convention: 3/5  0x08048908
Computing Calling Convention: 4/5  0x080494E0
Computing Calling Convention: 5/5  0x08049510
Computing Calling Convention: 1/1  0x08048840
Computing label cross-references...
59 Procs, 211 Labels, 193 Branches, 0 / 7 kB covered
File analysis complete.
59 Procs, 211 Labels, 193 Branches, 0 / 7 kB covered

Decompiling 1/59: 0x080487A0
Decompiling 2/59: 0x080487A6
Decompiling 3/59: 0x080487B0
Decompiling 4/59: 0x080487B6
Decompiling 5/59: 0x080487C0
Decompiling 6/59: 0x080487C6
Decompiling 7/59: 0x080487D0
Decompiling 8/59: 0x080487D6
Decompiling 9/59: 0x080487E0
Decompiling 10/59: 0x080487E6
Decompiling 11/59: 0x080487F0
Decompiling 12/59: 0x080487F6
Decompiling 13/59: 0x08048800
Decompiling 14/59: 0x08048806
Decompiling 15/59: 0x08048810
Decompiling 16/59: 0x08048816
Decompiling 17/59: 0x08048820
Decompiling 18/59: 0x08048826
Decompiling 19/59: 0x08048830
Decompiling 20/59: 0x08048836
Decompiling 21/59: 0x08048840
Decompiling 22/59: 0x080488AF
Decompiling 23/59: 0x080488B0
Decompiling 24/59: 0x080488B9
Decompiling 25/59: 0x080488F0
Decompiling 26/59: 0x080488F9
Decompiling 27/59: 0x08048908
Decompiling 28/59: 0x08048911
Decompiling 29/59: 0x08048930
Decompiling 30/59: 0x08048939
Decompiling 31/59: 0x08048948
Decompiling 32/59: 0x08048A58
Decompiling 33/59: 0x08048A94
Decompiling 34/59: 0x08048AF0
Decompiling 35/59: 0x08048B48
Decompiling 36/59: 0x08048B78
Decompiling 37/59: 0x08048B86
Decompiling 38/59: 0x08048C08
Decompiling 39/59: 0x08048C16
Decompiling 40/59: 0x08048CF4
Decompiling 41/59: 0x08048D02
Decompiling 42/59: 0x08048D94
Decompiling 43/59: 0x08048DA2
Decompiling 44/59: 0x08048EAC
Decompiling 45/59: 0x08048EBA
Decompiling 46/59: 0x0804923C
Decompiling 47/59: 0x08049245
Decompiling 48/59: 0x08049284
Decompiling 49/59: 0x0804928D
Decompiling 50/59: 0x080492C8
Decompiling 51/59: 0x080492D1
Decompiling 52/59: 0x08049320
Decompiling 53/59: 0x08049331
Decompiling 54/59: 0x0804948C
Decompiling 55/59: 0x08049496
Decompiling 56/59: 0x080494C0
Decompiling 57/59: 0x080494C9
Decompiling 58/59: 0x080494E0
Decompiling 59/59: 0x08049510
Decompiling 59/59: 0x08049510

