JEB 4.0-beta.3.202103090424 (jeb-ce) is starting...
Current directory: SUBJECTS
Base directory: JEBDIR
Program directory: JEBDIR/bin
Java: Oracle Corporation 15.0.1
External plugin loaded: com.pnf.plugin.androidjnihelper.DynamicJNIDetectionPlugin
External plugin loaded: com.pnf.androsig.gen.AndroidSigGenPlugin
External plugin loaded: com.pnf.androsig.apply.andsig.AndroidSigApplyPlugin
External plugin loaded: com.pnf.plugin.oat.OATPlugin
External plugin loaded: com.pnf.plugin.pdf.PdfPlugin
External plugin loaded: com.pnf.diemvm.DiemIdentifier
External plugin loaded: com.pnf.diemvm.DiemDisassemblerPlugin
External plugin loaded: com.pnf.diemvm.DiemDecompilerPlugin
Initializing Jython, please wait...
Processing file: SUBJECTS/from_rec/hd2/x64_elf_from_rec_gcc4O/subject.exe...
{subject.exe > subject.exe > x86_64 image}: Compiler detected from file format analysis -> unknown (Linux)
{subject.exe > subject.exe > x86_64 image}: Initial native analysis styles: code gaps: LINEAR_SWEEP - data gaps: DEFAULT
{subject.exe > subject.exe > x86_64 image}: Itanium RTTI memory scanner: cannot find sections to scan
{subject.exe > subject.exe > x86_64 image}: No RTTI information recovered
{subject.exe > subject.exe > x86_64 image}: Initial analysis completed (29 internal methods created)
Output folder: jeb_output
  0/ 29: Method: sub_400540
  1/ 29: 1/29: sub_400540 (DONE:106ms)
  1/ 29: Method: call_gmon_start
  2/ 29: 2/29: call_gmon_start (DONE:141ms)
  2/ 29: Method: __do_global_dtors_aux
  3/ 29: 3/29: __do_global_dtors_aux (DONE:160ms)
  3/ 29: Method: frame_dummy
  4/ 29: 4/29: frame_dummy (DONE:77ms)
  4/ 29: Method: __do_global_ctors_aux
  5/ 29: 5/29: __do_global_ctors_aux (DONE:114ms)
  5/ 29: Method: sub_400556
  6/ 29: 6/29: sub_400556 (DONE:37ms)
  6/ 29: Method: sub_400566
  7/ 29: 7/29: sub_400566 (DONE:27ms)
  7/ 29: Method: sub_400576
  8/ 29: 8/29: sub_400576 (DONE:40ms)
  8/ 29: Method: sub_400586
  9/ 29: 9/29: sub_400586 (DONE:44ms)
  9/ 29: Method: sub_400596
 10/ 29: 10/29: sub_400596 (DONE:26ms)
 10/ 29: Method: sub_400590
 11/ 29: 11/29: sub_400590 (DONE:28ms)
 11/ 29: Method: sub_4005A6
 12/ 29: 12/29: sub_4005A6 (DONE:31ms)
 12/ 29: Method: sub_4005B6
 13/ 29: 13/29: sub_4005B6 (DONE:27ms)
 13/ 29: Method: sub_4005C6
 14/ 29: 14/29: sub_4005C6 (DONE:25ms)
 14/ 29: Method: sub_4005C0
 15/ 29: 15/29: sub_4005C0 (DONE:24ms)
 15/ 29: Method: initializer_0
 16/ 29: 16/29: initializer_0 (DONE:87ms)
 16/ 29: Method: sub_400550
 17/ 29: 17/29: sub_400550 (DONE:23ms)
 17/ 29: Method: sub_400560
 18/ 29: 18/29: sub_400560 (DONE:22ms)
 18/ 29: Method: sub_400570
 19/ 29: 19/29: sub_400570 (DONE:29ms)
 19/ 29: Method: sub_400580
 20/ 29: 20/29: sub_400580 (DONE:43ms)
 20/ 29: Method: sub_4005A0
 21/ 29: 21/29: sub_4005A0 (DONE:27ms)
 21/ 29: Method: sub_4005B0
 22/ 29: 22/29: sub_4005B0 (DONE:29ms)
 22/ 29: Method: dumpline
 23/ 29: 23/29: dumpline (DONE:1323ms)
 23/ 29: Method: hexdump
 24/ 29: 24/29: hexdump (DONE:378ms)
 24/ 29: Method: __libc_csu_fini
 25/ 29: 25/29: __libc_csu_fini (DONE:10ms)
 25/ 29: Method: finalizer_0
 26/ 29: 26/29: finalizer_0 (DONE:22ms)
 26/ 29: Method: __libc_csu_init
 27/ 29: 27/29: __libc_csu_init (DONE:92ms)
 27/ 29: Method: _start
 28/ 29: 28/29: _start (DONE:32ms)
 28/ 29: Method: main
 29/ 29: 29/29: main (DONE:120ms)
1/1 DECOMPILATION ERROR: METHOD __do_global_ctors_aux: java.lang.IllegalArgumentException: Entry point is an unknown address
	at com.pnfsoftware.jeb.core.units.code.asm.analyzer.BranchTarget.<init>(SourceFile:42)
	at com.pnfsoftware.jebglobal.WE.Vo(SourceFile:330)
	at com.pnfsoftware.jebglobal.WE.Vo(SourceFile:602)
	at com.pnfsoftware.jebglobal.WE.OQ(SourceFile:461)
	at com.pnfsoftware.jebglobal.Ye.XP(SourceFile:72)
	at com.pnfsoftware.jebglobal.NV.Vo(SourceFile:115)
	at com.pnfsoftware.jebglobal.HK.FJ(SourceFile:181)
	at com.pnfsoftware.jebglobal.HK.Vo(SourceFile:134)
	at com.pnfsoftware.jebglobal.HK.Vo(SourceFile:121)
	at com.pnfsoftware.jebglobal.Qp.Vo(SourceFile:544)
	at com.pnfsoftware.jebglobal.Qp.Vo(SourceFile:344)
	at com.pnfsoftware.jebglobal.Ue.Vo(SourceFile:1119)
	at com.pnfsoftware.jebglobal.Ue.Vo(SourceFile:597)
	at com.pnfsoftware.jebglobal.Ue.Vo(SourceFile:519)
	at com.pnfsoftware.jebglobal.Ue.Vo(SourceFile:505)
	at com.pnfsoftware.jebglobal.Ue.decompileMethod(SourceFile:861)
	at com.pnfsoftware.jebglobal.Ue.decompileMethods(SourceFile:978)
	at com.pnfsoftware.jeb.core.units.code.asm.decompiler.NativeDecompilerExporter.process(SourceFile:100)
	at com.pnfsoftware.jeb.core.units.code.DecompilerExporter.export(SourceFile:223)
	at java.base/jdk.internal.reflect.NativeMethodAccessorImpl.invoke0(Native Method)
	at java.base/jdk.internal.reflect.NativeMethodAccessorImpl.invoke(NativeMethodAccessorImpl.java:64)
	at java.base/jdk.internal.reflect.DelegatingMethodAccessorImpl.invoke(DelegatingMethodAccessorImpl.java:43)
	at java.base/java.lang.reflect.Method.invoke(Method.java:564)
	at org.python.core.PyReflectedFunction.__call__(PyReflectedFunction.java:190)
	at org.python.core.PyReflectedFunction.__call__(PyReflectedFunction.java:208)
	at org.python.core.PyObject.__call__(PyObject.java:461)
	at org.python.core.PyObject.__call__(PyObject.java:465)
	at org.python.core.PyMethod.__call__(PyMethod.java:126)
	at jeb_DecompileFile$py.decompileCodeUnit$3(SUBJECTS/scripts/jeb_DecompileFile.py:103)
	at jeb_DecompileFile$py.call_function(SUBJECTS/scripts/jeb_DecompileFile.py)
	at org.python.core.PyTableCode.call(PyTableCode.java:173)
	at org.python.core.PyBaseCode.call(PyBaseCode.java:150)
	at org.python.core.PyFunction.__call__(PyFunction.java:426)
	at org.python.core.PyMethod.__call__(PyMethod.java:141)
	at jeb_DecompileFile$py.run$2(SUBJECTS/scripts/jeb_DecompileFile.py:65)
	at jeb_DecompileFile$py.call_function(SUBJECTS/scripts/jeb_DecompileFile.py)
	at org.python.core.PyTableCode.call(PyTableCode.java:173)
	at org.python.core.PyBaseCode.call(PyBaseCode.java:306)
	at org.python.core.PyBaseCode.call(PyBaseCode.java:197)
	at org.python.core.PyFunction.__call__(PyFunction.java:485)
	at org.python.core.PyMethod.instancemethod___call__(PyMethod.java:237)
	at org.python.core.PyMethod.__call__(PyMethod.java:228)
	at org.python.core.PyMethod.__call__(PyMethod.java:218)
	at org.python.core.PyMethod.__call__(PyMethod.java:213)
	at org.python.core.PyObject._jcallexc(PyObject.java:3565)
	at org.python.core.PyObject._jcall(PyObject.java:3598)
	at org.python.proxies.jeb_DecompileFile$jeb_DecompileFile$0.run(Unknown Source)
	at com.pnfsoftware.jeb.client.script.ScriptLoader.execute(SourceFile:143)
	at com.pnfsoftware.jeb.cP.start(SourceFile:74)
	at com.pnfsoftware.jeb.Launcher.main(SourceFile:254)

Exectime: 5.262000 sec
Done.
