Analyzing './from_snowman/other-020_for_in_registers/x64_elf/subject.exe' as a x86_64 64 ELF binary file.

0 Procs, 0 Labels, 0 Branches, 0 / 0 kB covered
./from_snowman/other-020_for_in_registers/x64_elf/subject.exe: no .debug_info section
./from_snowman/other-020_for_in_registers/x64_elf/subject.exe: 6 sections starting at 0x00000138
./from_snowman/other-020_for_in_registers/x64_elf/subject.exe: section string table at 0x000001F8, 0x34 bytes
 Offset:  [ix]  Address    Size    Offset  Name
00000138: [ 0] 00000000 00000000 00000000 
00000178: [ 1] 004000B0 00000024 000000B0 .note.gnu.build-id
000001B8: [ 2] 004000D4 00000029 000000D4 .text
000001F8: [ 3] 00000000 00000034 000000FD .shstrtab
00000238: [ 4] 00000000 00000138 000002B8 .symtab
00000278: [ 5] 00000000 00000040 000003F0 .strtab
Matching signatures...
0 Procs, 0 Labels, 0 Branches, 0 / 0 kB covered
0 Procs, 0 Labels, 0 Branches, 0 / 0 kB covered
Separating code and data...
0 Procs, 0 Labels, 0 Branches, 0 / 0 kB covered
0 Procs, 0 Labels, 0 Branches, 0 / 0 kB covered
Resolving indirect jumps...
0 Procs, 0 Labels, 0 Branches, 0 / 0 kB covered
0 Procs, 0 Labels, 0 Branches, 0 / 0 kB covered
Resolving constants and strings...
0 Procs, 0 Labels, 0 Branches, 0 / 0 kB covered
Discovering unreached functions...
0 Procs, 0 Labels, 0 Branches, 0 / 0 kB covered
Computing call tree...
0 Procs, 0 Labels, 0 Branches, 0 / 0 kB covered
Computing calling conventions...
0 Procs, 0 Labels, 0 Branches, 0 / 0 kB covered
Computing label cross-references...
0 Procs, 0 Labels, 0 Branches, 0 / 0 kB covered
File analysis complete.
0 Procs, 0 Labels, 0 Branches, 0 / 0 kB covered


Binary file (standard input) matches
