[I] JEB 4.11.0.202201181921 (jeb-ce) is starting...
[I] Current directory: SUBJECTS
[I] Base directory: JEBDIR
[I] System: Mac OS X 12.2 (aarch64) de_DE
[I] Java: Homebrew 17.0.1
[I] Memory Usage: 36.0M used (228.0M free, 6.0G max)
[I] Initializing Jython, please wait...
Processing file: SUBJECTS/from_snowman/other-008-restarter/ia32_pe/subject.exe...
[I] {subject.exe > subject.exe > x86 image}: Detected compiler: Microsoft Visual Studio
[I] {subject.exe > subject.exe > x86 image}: Initial native analysis styles: code gaps: PROLOGUES_ONLY, data gaps: DEFAULT
[I] {subject.exe > subject.exe > x86 image}: Analysis completed (2s)
[I] {subject.exe > subject.exe > x86 image}: MSVC RTTI memory scanner: cannot find sections to scan
[I] {subject.exe > subject.exe > x86 image}: Initial analysis created 3 methods
Output folder: jeb_output
  0/  3: Method: sub_4010A0
  1/  3: 1/3: sub_4010A0 (DONE:321ms)
  1/  3: Method: sub_401000
  2/  3: 2/3: sub_401000 (DONE:307ms)
  2/  3: Method: start
  3/  3: 3/3: start (DONE:699ms)
Exectime: 4.670000 sec
[I] Done.
