=== Using options:--aggressive-branch-removal
08049F14: warning: Unable to resolve imported reference __gmon_start__.
0804A9BF: warning: Call target address 00000000 is invalid.
08049E94: warning: Unable to resolve imported reference getsockname.
08049F94: warning: Unable to resolve imported reference strtod.
0804A194: warning: Unable to resolve imported reference getservbyport.
0804A594: warning: Unable to resolve imported reference log10.
0806835A: warning: Unable to determine format string for call to 'fprintf'.
0804A444: warning: Unable to resolve imported reference sigdelset.
0804A7C4: warning: Unable to resolve imported reference setgid.
08049F54: warning: Unable to resolve imported reference __xstat64.
0804A354: warning: Unable to resolve imported reference readdir64.
08049F54: warning: Unable to resolve imported reference __xstat64.
08049F54: warning: Unable to resolve imported reference __xstat64.
0804A054: warning: Unable to resolve imported reference rename.
0804A4B4: warning: Unable to resolve imported reference chdir.
08049FE4: warning: Unable to resolve imported reference system.
08049F54: warning: Unable to resolve imported reference __xstat64.
0804A154: warning: Unable to resolve imported reference getrusage.
0804A414: warning: Unable to resolve imported reference getppid.
0804A844: warning: Unable to resolve imported reference lseek64.
0804A844: warning: Unable to resolve imported reference lseek64.
0804A844: warning: Unable to resolve imported reference lseek64.
0804A844: warning: Unable to resolve imported reference lseek64.
0804A844: warning: Unable to resolve imported reference lseek64.
08049F94: warning: Unable to resolve imported reference strtod.
08049F94: warning: Unable to resolve imported reference strtod.
0804A144: warning: Unable to resolve imported reference exp.
0804A0D4: warning: Unable to resolve imported reference floor.
08049DE4: warning: Unable to resolve imported reference fmod.
0804A554: warning: Unable to resolve imported reference frexp.
08049DC4: warning: Unable to resolve imported reference ldexp.
0804A6E4: warning: Unable to resolve imported reference log.
0804A594: warning: Unable to resolve imported reference log10.
0804A0E4: warning: Unable to resolve imported reference modf.
0804A254: warning: Unable to resolve imported reference sqrt.
0804A024: warning: Unable to resolve imported reference pow.
0804A7F4: warning: Unable to resolve imported reference sin.
08049F34: warning: Unable to resolve imported reference sinh.
0804A3C4: warning: Unable to resolve imported reference cos.
0804A7D4: warning: Unable to resolve imported reference cosh.
0804A7A4: warning: Unable to resolve imported reference tan.
0804A314: warning: Unable to resolve imported reference tanh.
08049ED4: warning: Unable to resolve imported reference asin.
0804A364: warning: Unable to resolve imported reference acos.
0804A1D4: warning: Unable to resolve imported reference atan.
0804A604: warning: Unable to resolve imported reference atan2.
0804A8E4: warning: Unable to resolve imported reference ceil.
0804A174: warning: Unable to resolve imported reference expm1.
08049EB4: warning: Unable to resolve imported reference log1p.
0804A1E4: warning: Unable to resolve imported reference __fpclassify.
080682F8: warning: Unable to determine format string for call to 'fprintf'.
080682B0: warning: Unable to determine format string for call to 'fprintf'.
080682CB: warning: Unable to determine format string for call to 'fprintf'.
0804A754: warning: Unable to resolve imported reference getrlimit64.
0804A134: warning: Unable to resolve imported reference sigaltstack.
0804A874: warning: Unable to resolve imported reference __sigsetjmp.
0804A434: warning: Unable to resolve imported reference waitpid.
0804A304: warning: Unable to resolve imported reference umask.
0804A224: warning: Unable to resolve imported reference truncate64.
0804A224: warning: Unable to resolve imported reference truncate64.
0804A154: warning: Unable to resolve imported reference getrusage.
0804A154: warning: Unable to resolve imported reference getrusage.
0804A0F4: warning: Unable to resolve imported reference tcgetattr.
0804A694: warning: Unable to resolve imported reference cfgetospeed.
08049F74: warning: Unable to resolve imported reference cfgetispeed.
0804A0F4: warning: Unable to resolve imported reference tcgetattr.
0804A384: warning: Unable to resolve imported reference cfsetospeed.
0804A8A4: warning: Unable to resolve imported reference cfsetispeed.
0804A814: warning: Unable to resolve imported reference tcsendbreak.
0804A124: warning: Unable to resolve imported reference tcdrain.
0804A294: warning: Unable to resolve imported reference tcflush.
08049E34: warning: Unable to resolve imported reference tcflow.
0804A2A4: warning: Unable to resolve imported reference symlink.
08049F54: warning: Unable to resolve imported reference __xstat64.
0804A1C4: warning: Unable to resolve imported reference __lxstat64.
0804A714: warning: Unable to resolve imported reference __fxstat64.
08049F54: warning: Unable to resolve imported reference __xstat64.
0804A1C4: warning: Unable to resolve imported reference __lxstat64.
0804A714: warning: Unable to resolve imported reference __fxstat64.
0804A7B4: warning: Unable to resolve imported reference getsockopt.
0804A724: warning: Unable to resolve imported reference setsockopt.
08049FA4: warning: Unable to resolve imported reference socketpair.
0804A4F4: warning: Unable to resolve imported reference sigpending.
0804A8C4: warning: Unable to resolve imported reference sigsuspend.
08049EE4: warning: Unable to resolve imported reference shutdown.
0804A324: warning: Unable to resolve imported reference setuid.
0804A094: warning: Unable to resolve imported reference setsid.
08049E54: warning: Unable to resolve imported reference setgroups.
08049FB4: warning: Unable to resolve imported reference recv.
0804A824: warning: Unable to resolve imported reference recvfrom.
0804A6C4: warning: Unable to resolve imported reference send.
0804A014: warning: Unable to resolve imported reference sendto.
0804A504: warning: Unable to resolve imported reference select.
0804A624: warning: Unable to resolve imported reference rmdir.
0804A544: warning: Unable to resolve imported reference rewinddir.
0804A054: warning: Unable to resolve imported reference rename.
0804A354: warning: Unable to resolve imported reference readdir64.
0804A4E4: warning: Unable to resolve imported reference putenv.
0804A404: warning: Unable to resolve imported reference nice.
0804A4A4: warning: Unable to resolve imported reference mkfifo.
0804A844: warning: Unable to resolve imported reference lseek64.
0804A844: warning: Unable to resolve imported reference lseek64.
0804A034: warning: Unable to resolve imported reference listen.
0804A7E4: warning: Unable to resolve imported reference kill.
0804A0E4: warning: Unable to resolve imported reference modf.
0804A8E4: warning: Unable to resolve imported reference ceil.
0804A084: warning: Unable to resolve imported reference setitimer.
0804A854: warning: Unable to resolve imported reference getitimer.
0804A564: warning: Unable to resolve imported reference initgroups.
0804A764: warning: Unable to resolve imported reference gmtime.
08049E94: warning: Unable to resolve imported reference getsockname.
0804A884: warning: Unable to resolve imported reference getservbyname.
0804A194: warning: Unable to resolve imported reference getservbyport.
0804A0A4: warning: Unable to resolve imported reference getprotobyname.
0804A1F4: warning: Unable to resolve imported reference getprotobynumber.
0804A414: warning: Unable to resolve imported reference getppid.
0804A804: warning: Unable to resolve imported reference getpeername.
0804A064: warning: Unable to resolve imported reference getlogin.
0804A5F4: warning: Unable to resolve imported reference gethostname.
0804A274: warning: Unable to resolve imported reference gethostbyaddr_r.
0804A454: warning: Unable to resolve imported reference __h_errno_location.
0804A6F4: warning: Unable to resolve imported reference gethostbyname_r.
0804A774: warning: Unable to resolve imported reference getgroups.
0804A484: warning: Unable to resolve imported reference getegid.
0804A5B4: warning: Unable to resolve imported reference ftruncate64.
0804A5B4: warning: Unable to resolve imported reference ftruncate64.
0804A704: warning: Unable to resolve imported reference fork.
08049FF4: warning: Unable to resolve imported reference fchown.
0804A8B4: warning: Unable to resolve imported reference fchmod.
0804A5A4: warning: Unable to resolve imported reference execve.
0804A2C4: warning: Unable to resolve imported reference dup2.
0804A474: warning: Unable to resolve imported reference chroot.
0804A5E4: warning: Unable to resolve imported reference chown.
0804A4B4: warning: Unable to resolve imported reference chdir.
0804A3D4: warning: Unable to resolve imported reference alarm.
08060DFA: warning: Unable to determine size of call or jump table; there may be more than 2 entries.
0805F58A: warning: Procedure camlCamlinternalOO__set_method_1195 previously had a return address of 4 bytes on the stack, but now seems to have a return address of 0 bytes on the stack.
080605E9: warning: Procedure camlCamlinternalOO__lookup_tables_1361 previously had a return address of 4 bytes on the stack, but now seems to have a return address of 0 bytes on the stack.
0806067F: warning: Procedure camlCamlinternalOO__lookup_tables_1361 previously had a return address of 4 bytes on the stack, but now seems to have a return address of 0 bytes on the stack.
0806069C: warning: Procedure camlCamlinternalOO__lookup_tables_1361 previously had a return address of 4 bytes on the stack, but now seems to have a return address of 0 bytes on the stack.
0805EDAC: warning: Procedure camlCamlinternalOO__lookup_keys_1353 previously had a return address of 4 bytes on the stack, but now seems to have a return address of 0 bytes on the stack.
08060498: warning: Procedure camlCamlinternalOO__run_initializers_1316 previously had a return address of 4 bytes on the stack, but now seems to have a return address of 0 bytes on the stack.
0805FFCD: warning: Procedure camlCamlinternalOO__create_table_1267 previously had a return address of 0 bytes on the stack, but now seems to have a return address of 4 bytes on the stack.
0806007A: warning: Procedure camlCamlinternalOO__init_class_1274 previously had a return address of 4 bytes on the stack, but now seems to have a return address of 0 bytes on the stack.
08054978: warning: Procedure camlList__iter2_1111 previously had a return address of 4 bytes on the stack, but now seems to have a return address of 0 bytes on the stack.
08054825: warning: Procedure camlList__fold_right_1084 previously had a return address of 0 bytes on the stack, but now seems to have a return address of 4 bytes on the stack.
080545E5: warning: Procedure camlList__tl_1039 previously had a return address of 4 bytes on the stack, but now seems to have a return address of 0 bytes on the stack.
08058D28: warning: Procedure camlMap__add_1108 previously had a return address of 4 bytes on the stack, but now seems to have a return address of 0 bytes on the stack.
08058E38: warning: Procedure camlMap__add_1108 previously had a return address of 4 bytes on the stack, but now seems to have a return address of 0 bytes on the stack.
08058E48: warning: Procedure camlMap__add_1108 previously had a return address of 4 bytes on the stack, but now seems to have a return address of 0 bytes on the stack.
08058D38: warning: Procedure camlMap__add_1108 previously had a return address of 4 bytes on the stack, but now seems to have a return address of 0 bytes on the stack.
0805F6EF: warning: Procedure camlCamlinternalOO__set_method_1195 previously had a return address of 4 bytes on the stack, but now seems to have a return address of 0 bytes on the stack.
0805F141: warning: Procedure camlCamlinternalOO__next_1533 previously had a return address of 4 bytes on the stack, but now seems to have a return address of 0 bytes on the stack.
0806064A: warning: Procedure camlCamlinternalOO__lookup_keys_1353 previously had a return address of 4 bytes on the stack, but now seems to have a return address of 0 bytes on the stack.
08055968: warning: Procedure camlString__sub_1046 previously had a return address of 4 bytes on the stack, but now seems to have a return address of 0 bytes on the stack.
0805D5C1: warning: Procedure camlPrintf__index_of_int_1037 previously had a return address of 4 bytes on the stack, but now seems to have a return address of 0 bytes on the stack.
0805BE01: warning: Unable to determine the upper bound of an indirect call or jump; there may be more than 2 entries.
0805BB59: warning: Procedure camlPrintf__scan_fmt_1144 previously had a return address of 4 bytes on the stack, but now seems to have a return address of 0 bytes on the stack.
0805BFC6: warning: Procedure camlPrintf__list_iter_i_1201 previously had a return address of 4 bytes on the stack, but now seems to have a return address of 0 bytes on the stack.
0805C0B8: warning: Procedure camlPrintf__mkprintf_1345 previously had a return address of 0 bytes on the stack, but now seems to have a return address of 4 bytes on the stack.
0805CA99: warning: Procedure camlPrintf__fun_1600 previously had a return address of 4 bytes on the stack, but now seems to have a return address of 0 bytes on the stack.
0805E227: warning: Procedure camlPrintf__fun_1600 previously had a return address of 4 bytes on the stack, but now seems to have a return address of 0 bytes on the stack.
0805E55C: warning: Procedure camlPrintf__get_buff_1402 previously had a return address of 4 bytes on the stack, but now seems to have a return address of 0 bytes on the stack.
0805B322: warning: Procedure camlPrintf__sub_fmt_1124 previously had a return address of 4 bytes on the stack, but now seems to have a return address of 0 bytes on the stack.
08055A25: warning: Procedure camlString__blit_1056 previously had a return address of 4 bytes on the stack, but now seems to have a return address of 0 bytes on the stack.
080545C5: warning: Procedure camlList__hd_1036 previously had a return address of 4 bytes on the stack, but now seems to have a return address of 0 bytes on the stack.
0805AC69: warning: Procedure camlBuffer__add_char_1072 previously had a return address of 4 bytes on the stack, but now seems to have a return address of 0 bytes on the stack.
0805DAD1: warning: Procedure camlPrintf__extract_format_float_1110 previously had a return address of 4 bytes on the stack, but now seems to have a return address of 0 bytes on the stack.
0805D799: warning: Procedure camlPrintf__parse_string_conversion_1067 previously had a return address of 0 bytes on the stack, but now seems to have a return address of 4 bytes on the stack.
0805D8C7: warning: Procedure camlPrintf__format_string_1080 previously had a return address of 4 bytes on the stack, but now seems to have a return address of 0 bytes on the stack.
0805CB11: warning: Procedure camlPrintf__get_arg_1288 previously had a return address of 4 bytes on the stack, but now seems to have a return address of 0 bytes on the stack.
0805DDCD: warning: Procedure camlPrintf__list_iter_i_1201 previously had a return address of 4 bytes on the stack, but now seems to have a return address of 0 bytes on the stack.
0805B4FB: warning: Unable to determine the upper bound of an indirect call or jump; there may be more than 2 entries.
0805B44B: warning: Procedure camlPrintf__fun_1565 previously had a return address of 4 bytes on the stack, but now seems to have a return address of 0 bytes on the stack.
0805BAC9: warning: Procedure camlPrintf__sub_fmt_1124 previously had a return address of 4 bytes on the stack, but now seems to have a return address of 0 bytes on the stack.
0805B94C: warning: Procedure camlPrintf__skip_positional_spec_1090 previously had a return address of 4 bytes on the stack, but now seems to have a return address of 0 bytes on the stack.
0805A90E: warning: Procedure camlBuffer__add_substitute_1122 previously had a return address of 4 bytes on the stack, but now seems to have a return address of 0 bytes on the stack.
0805A77D: warning: Procedure camlBuffer__advance_to_non_alpha_1108 previously had a return address of 4 bytes on the stack, but now seems to have a return address of 0 bytes on the stack.
0805A758: warning: Unable to determine the upper bound of an indirect call or jump; there may be more than 2 entries.
0805A69A: warning: Procedure camlBuffer__advance_to_closing_1098 previously had a return address of 0 bytes on the stack, but now seems to have a return address of 4 bytes on the stack.
0804FD15: warning: Procedure camlBuffer__output_buffer_1094 previously had a return address of 4 bytes on the stack, but now seems to have a return address of 0 bytes on the stack.
08052758: warning: Procedure camlArray__blit_1093 previously had a return address of 4 bytes on the stack, but now seems to have a return address of 0 bytes on the stack.
0804FEB0: warning: Procedure camlPervasives__really_input_1235 previously had a return address of 0 bytes on the stack, but now seems to have a return address of 4 bytes on the stack.
0805AA95: warning: Procedure camlBuffer__nth_1057 previously had a return address of 4 bytes on the stack, but now seems to have a return address of 0 bytes on the stack.
0805AA55: warning: Procedure camlBuffer__blit_1051 previously had a return address of 4 bytes on the stack, but now seems to have a return address of 0 bytes on the stack.
0805AA08: warning: Procedure camlBuffer__sub_1046 previously had a return address of 4 bytes on the stack, but now seems to have a return address of 0 bytes on the stack.
0805B124: warning: Procedure camlBuffer__add_substitute_1122 previously had a return address of 4 bytes on the stack, but now seems to have a return address of 0 bytes on the stack.
0805AF33: warning: Procedure camlBuffer__advance_to_non_alpha_1108 previously had a return address of 4 bytes on the stack, but now seems to have a return address of 0 bytes on the stack.
080598CE: warning: Procedure camlMap__join_1236 previously had a return address of 0 bytes on the stack, but now seems to have a return address of 4 bytes on the stack.
080598AC: warning: Procedure camlMap__join_1236 previously had a return address of 0 bytes on the stack, but now seems to have a return address of 4 bytes on the stack.
08059893: warning: Procedure camlMap__join_1236 previously had a return address of 0 bytes on the stack, but now seems to have a return address of 4 bytes on the stack.
08059C98: warning: Procedure camlMap__merge_1277 previously had a return address of 0 bytes on the stack, but now seems to have a return address of 4 bytes on the stack.
08059276: warning: Procedure camlMap__remove_min_binding_1147 previously had a return address of 0 bytes on the stack, but now seems to have a return address of 4 bytes on the stack.
08059955: warning: Procedure camlMap__merge_1277 previously had a return address of 0 bytes on the stack, but now seems to have a return address of 4 bytes on the stack.
08059943: warning: Procedure camlMap__merge_1277 previously had a return address of 0 bytes on the stack, but now seems to have a return address of 4 bytes on the stack.
08059785: warning: Procedure camlMap__partition_1225 previously had a return address of 4 bytes on the stack, but now seems to have a return address of 0 bytes on the stack.
08059725: warning: Procedure camlMap__filter_1216 previously had a return address of 4 bytes on the stack, but now seems to have a return address of 0 bytes on the stack.
080592D1: warning: Procedure camlMap__remove_1162 previously had a return address of 4 bytes on the stack, but now seems to have a return address of 0 bytes on the stack.
08059374: warning: Procedure camlMap__remove_1162 previously had a return address of 4 bytes on the stack, but now seems to have a return address of 0 bytes on the stack.
080593A1: warning: Procedure camlMap__remove_1162 previously had a return address of 4 bytes on the stack, but now seems to have a return address of 0 bytes on the stack.
0805934A: warning: Procedure camlMap__remove_1162 previously had a return address of 4 bytes on the stack, but now seems to have a return address of 0 bytes on the stack.
08058F88: warning: Procedure camlMap__add_1108 previously had a return address of 4 bytes on the stack, but now seems to have a return address of 0 bytes on the stack.
08058FB5: warning: Procedure camlMap__add_1108 previously had a return address of 4 bytes on the stack, but now seems to have a return address of 0 bytes on the stack.
08059F46: warning: Procedure camlMap__equal_1328 previously had a return address of 4 bytes on the stack, but now seems to have a return address of 0 bytes on the stack.
08059EB6: warning: Procedure camlMap__compare_1311 previously had a return address of 4 bytes on the stack, but now seems to have a return address of 0 bytes on the stack.
080584D5: warning: Procedure camlMarshal__data_size_1048 previously had a return address of 4 bytes on the stack, but now seems to have a return address of 0 bytes on the stack.
08058572: warning: Procedure camlMarshal__from_string_1054 previously had a return address of 0 bytes on the stack, but now seems to have a return address of 4 bytes on the stack.
08058495: warning: Procedure camlMarshal__to_buffer_1038 previously had a return address of 4 bytes on the stack, but now seems to have a return address of 0 bytes on the stack.
08057F67: warning: Procedure fn08057F00 previously had a return address of 4 bytes on the stack, but now seems to have a return address of 0 bytes on the stack.
08057EE8: warning: Procedure camlHashtbl__replace_1112 previously had a return address of 0 bytes on the stack, but now seems to have a return address of 4 bytes on the stack.
08057EF9: warning: Procedure camlHashtbl__replace_1112 previously had a return address of 0 bytes on the stack, but now seems to have a return address of 4 bytes on the stack.
08056ABA: warning: Procedure camlHashtbl__insert_bucket_1068 previously had a return address of 4 bytes on the stack, but now seems to have a return address of 0 bytes on the stack.
080578A3: warning: Procedure camlHashtbl__replace_1112 previously had a return address of 0 bytes on the stack, but now seems to have a return address of 4 bytes on the stack.
080578B8: warning: Procedure camlHashtbl__replace_1112 previously had a return address of 0 bytes on the stack, but now seems to have a return address of 4 bytes on the stack.
08057CF9: warning: Procedure camlHashtbl__find_1093 previously had a return address of 4 bytes on the stack, but now seems to have a return address of 0 bytes on the stack.
08057C4A: warning: Procedure camlHashtbl__find_1093 previously had a return address of 4 bytes on the stack, but now seems to have a return address of 0 bytes on the stack.
080579A8: warning: Procedure camlHashtbl__add_1074 previously had a return address of 0 bytes on the stack, but now seems to have a return address of 4 bytes on the stack.
080579BD: warning: Procedure camlHashtbl__add_1074 previously had a return address of 0 bytes on the stack, but now seems to have a return address of 4 bytes on the stack.
08057605: warning: Unable to determine the upper bound of an indirect call or jump; there may be more than 2 entries.
08057414: warning: Unable to determine the upper bound of an indirect call or jump; there may be more than 2 entries.
08057587: warning: Procedure fn08057520 previously had a return address of 4 bytes on the stack, but now seems to have a return address of 0 bytes on the stack.
08057508: warning: Procedure camlHashtbl__replace_1217 previously had a return address of 0 bytes on the stack, but now seems to have a return address of 4 bytes on the stack.
08057519: warning: Procedure camlHashtbl__replace_1217 previously had a return address of 0 bytes on the stack, but now seems to have a return address of 4 bytes on the stack.
08057335: warning: Unable to determine the upper bound of an indirect call or jump; there may be more than 2 entries.
080572C9: warning: Procedure camlHashtbl__find_1198 previously had a return address of 4 bytes on the stack, but now seems to have a return address of 0 bytes on the stack.
08057211: warning: Procedure camlHashtbl__find_1198 previously had a return address of 4 bytes on the stack, but now seems to have a return address of 0 bytes on the stack.
08056F98: warning: Unable to determine the upper bound of an indirect call or jump; there may be more than 2 entries.
08057029: warning: Procedure camlHashtbl__remove_1185 previously had a return address of 4 bytes on the stack, but now seems to have a return address of 0 bytes on the stack.
08056F18: warning: Procedure camlHashtbl__add_1179 previously had a return address of 0 bytes on the stack, but now seems to have a return address of 4 bytes on the stack.
08056F2D: warning: Procedure camlHashtbl__add_1179 previously had a return address of 0 bytes on the stack, but now seems to have a return address of 4 bytes on the stack.
08058004: warning: Procedure camlHashtbl__mem_1122 previously had a return address of 4 bytes on the stack, but now seems to have a return address of 0 bytes on the stack.
0805764E: warning: Procedure camlHashtbl__mem_1227 previously had a return address of 4 bytes on the stack, but now seems to have a return address of 0 bytes on the stack.
0805653F: warning: Procedure camlSys__catch_break_1082 previously had a return address of 4 bytes on the stack, but now seems to have a return address of 0 bytes on the stack.
0805655A: warning: Procedure camlSys__catch_break_1082 previously had a return address of 4 bytes on the stack, but now seems to have a return address of 0 bytes on the stack.
08056395: warning: Procedure camlString__rcontains_from_1140 previously had a return address of 4 bytes on the stack, but now seems to have a return address of 0 bytes on the stack.
08056305: warning: Procedure camlString__contains_1137 previously had a return address of 4 bytes on the stack, but now seems to have a return address of 0 bytes on the stack.
08056317: warning: Procedure camlString__contains_1137 previously had a return address of 4 bytes on the stack, but now seems to have a return address of 0 bytes on the stack.
08056275: warning: Procedure camlString__rindex_from_1128 previously had a return address of 4 bytes on the stack, but now seems to have a return address of 0 bytes on the stack.
080561B5: warning: Procedure camlString__index_from_1116 previously had a return address of 4 bytes on the stack, but now seems to have a return address of 0 bytes on the stack.
080560E7: warning: Procedure camlString__uncapitalize_1106 previously had a return address of 4 bytes on the stack, but now seems to have a return address of 0 bytes on the stack.
08056057: warning: Procedure camlString__lowercase_1098 previously had a return address of 4 bytes on the stack, but now seems to have a return address of 0 bytes on the stack.
08055D40: error: Parameter 'low' mustn't be larger than 'high'.
080559B5: warning: Procedure camlString__fill_1051 previously had a return address of 4 bytes on the stack, but now seems to have a return address of 0 bytes on the stack.
08055575: warning: Procedure camlChar__chr_1032 previously had a return address of 4 bytes on the stack, but now seems to have a return address of 0 bytes on the stack.
0805538A: warning: Procedure camlList__stable_sort_1248 previously had a return address of 4 bytes on the stack, but now seems to have a return address of 0 bytes on the stack.
08055138: warning: Procedure camlList__combine_1226 previously had a return address of 4 bytes on the stack, but now seems to have a return address of 0 bytes on the stack.
08054BB8: warning: Procedure camlList__exists2_1153 previously had a return address of 4 bytes on the stack, but now seems to have a return address of 0 bytes on the stack.
08054B48: warning: Procedure camlList__for_all2_1145 previously had a return address of 4 bytes on the stack, but now seems to have a return address of 0 bytes on the stack.
08054A2A: warning: Procedure camlList__fold_right2_1128 previously had a return address of 0 bytes on the stack, but now seems to have a return address of 4 bytes on the stack.
080549D8: warning: Procedure camlList__fold_left2_1119 previously had a return address of 4 bytes on the stack, but now seems to have a return address of 0 bytes on the stack.
08053838: warning: Procedure camlList__rev_map2_1099 previously had a return address of 4 bytes on the stack, but now seems to have a return address of 0 bytes on the stack.
080548B8: warning: Procedure camlList__map2_1090 previously had a return address of 4 bytes on the stack, but now seems to have a return address of 0 bytes on the stack.
0805468F: warning: Procedure camlList__flatten_1058 previously had a return address of 4 bytes on the stack, but now seems to have a return address of 0 bytes on the stack.
0805371F: warning: Procedure camlList__nth_1042 previously had a return address of 0 bytes on the stack, but now seems to have a return address of 4 bytes on the stack.
08054522: warning: Procedure camlList__sort_1271 previously had a return address of 4 bytes on the stack, but now seems to have a return address of 0 bytes on the stack.
08054062: warning: Procedure camlList__rev_sort_1272 previously had a return address of 4 bytes on the stack, but now seems to have a return address of 0 bytes on the stack.
08055014: warning: Procedure camlList__partition_1212 previously had a return address of 4 bytes on the stack, but now seems to have a return address of 0 bytes on the stack.
0805490D: warning: Procedure camlList__rev_map2_1099 previously had a return address of 4 bytes on the stack, but now seems to have a return address of 0 bytes on the stack.
0805475D: warning: Procedure camlList__rev_map_1067 previously had a return address of 4 bytes on the stack, but now seems to have a return address of 0 bytes on the stack.
0805090A: warning: Procedure camlArray__sortto_1217 previously had a return address of 0 bytes on the stack, but now seems to have a return address of 4 bytes on the stack.
08050A39: warning: Procedure camlArray__sortto_1217 previously had a return address of 0 bytes on the stack, but now seems to have a return address of 4 bytes on the stack.
080509FA: warning: Procedure camlArray__sortto_1217 previously had a return address of 0 bytes on the stack, but now seems to have a return address of 4 bytes on the stack.
080535D5: warning: Procedure camlArray__stable_sort_1188 previously had a return address of 4 bytes on the stack, but now seems to have a return address of 0 bytes on the stack.
08051CBD: warning: Procedure camlArray__stable_sort_1188 previously had a return address of 4 bytes on the stack, but now seems to have a return address of 0 bytes on the stack.
08050F77: warning: Procedure camlArray__maxson_1155 previously had a return address of 0 bytes on the stack, but now seems to have a return address of 4 bytes on the stack.
0805107E: warning: Procedure camlArray__maxson_1155 previously had a return address of 0 bytes on the stack, but now seems to have a return address of 4 bytes on the stack.
08051069: warning: Procedure camlArray__maxson_1155 previously had a return address of 0 bytes on the stack, but now seems to have a return address of 4 bytes on the stack.
0805130D: warning: Procedure camlArray__trickledown_1160 previously had a return address of 0 bytes on the stack, but now seems to have a return address of 4 bytes on the stack.
0805140C: warning: Procedure camlArray__trickle_1165 previously had a return address of 4 bytes on the stack, but now seems to have a return address of 0 bytes on the stack.
080517DD: warning: Procedure camlArray__trickleup_1178 previously had a return address of 0 bytes on the stack, but now seems to have a return address of 4 bytes on the stack.
0805177E: warning: Procedure camlArray__trickleup_1178 previously had a return address of 0 bytes on the stack, but now seems to have a return address of 4 bytes on the stack.
0805F7F0: warning: Procedure camlCamlinternalOO__to_list_1202 previously had a return address of 4 bytes on the stack, but now seems to have a return address of 0 bytes on the stack.
0805250B: warning: Procedure camlArray__fill_1087 previously had a return address of 0 bytes on the stack, but now seems to have a return address of 4 bytes on the stack.
08052320: warning: Procedure camlArray__sub_1081 previously had a return address of 0 bytes on the stack, but now seems to have a return address of 4 bytes on the stack.
08052440: warning: Procedure camlArray__sub_1081 previously had a return address of 0 bytes on the stack, but now seems to have a return address of 4 bytes on the stack.
0806020B: warning: Procedure camlCamlinternalOO__inherits_1276 previously had a return address of 4 bytes on the stack, but now seems to have a return address of 0 bytes on the stack.
080534D8: warning: Procedure camlArray__stable_sort_1188 previously had a return address of 4 bytes on the stack, but now seems to have a return address of 0 bytes on the stack.
08052CD6: warning: Procedure camlArray__of_list_1130 previously had a return address of 4 bytes on the stack, but now seems to have a return address of 0 bytes on the stack.
0804F4CA: warning: Procedure camlPervasives__string_of_float_1140 previously had a return address of 4 bytes on the stack, but now seems to have a return address of 0 bytes on the stack.
080501F8: warning: Procedure camlPervasives__read_line_1288 previously had a return address of 4 bytes on the stack, but now seems to have a return address of 0 bytes on the stack.
0804FE95: warning: Procedure camlPervasives__input_1224 previously had a return address of 4 bytes on the stack, but now seems to have a return address of 0 bytes on the stack.
0804FE3C: warning: Procedure camlPervasives__open_in_bin_1220 previously had a return address of 4 bytes on the stack, but now seems to have a return address of 0 bytes on the stack.
0805AE0A: warning: Procedure camlBuffer__output_buffer_1094 previously had a return address of 4 bytes on the stack, but now seems to have a return address of 0 bytes on the stack.
0804FC6C: warning: Procedure camlPervasives__open_out_bin_1181 previously had a return address of 4 bytes on the stack, but now seems to have a return address of 0 bytes on the stack.
0804FBB3: warning: Procedure camlPervasives__string_of_float_1140 previously had a return address of 4 bytes on the stack, but now seems to have a return address of 0 bytes on the stack.
0804FB15: warning: Procedure camlPervasives__bool_of_string_1129 previously had a return address of 0 bytes on the stack, but now seems to have a return address of 4 bytes on the stack.
0804FB05: warning: Procedure camlPervasives__bool_of_string_1129 previously had a return address of 0 bytes on the stack, but now seems to have a return address of 4 bytes on the stack.
0804FA95: warning: Procedure camlPervasives__char_of_int_1120 previously had a return address of 4 bytes on the stack, but now seems to have a return address of 0 bytes on the stack.
0804EAF5: warning: Procedure camlUnix__entry previously had a return address of 0 bytes on the stack, but now seems to have a return address of 4 bytes on the stack.
0804EB34: warning: Procedure fn0804EAFA previously had a return address of 4 bytes on the stack, but now seems to have a return address of 0 bytes on the stack.
0804EB34: warning: Procedure fn0804EAFA previously had a return address of 4 bytes on the stack, but now seems to have a return address of 0 bytes on the stack.
0804EB1E: warning: Procedure fn0804EAFA previously had a return address of 4 bytes on the stack, but now seems to have a return address of 0 bytes on the stack.
0804DCF5: warning: Procedure camlUnix__open_proc_full_1975 previously had a return address of 0 bytes on the stack, but now seems to have a return address of 4 bytes on the stack.
0804D901: warning: Procedure camlUnix__open_proc_1949 previously had a return address of 0 bytes on the stack, but now seems to have a return address of 4 bytes on the stack.
0804D3BD: warning: Procedure fn0804D300 previously had a return address of 0 bytes on the stack, but now seems to have a return address of 4 bytes on the stack.
0804D243: warning: Procedure camlUnix__getnameinfo_1781 previously had a return address of 4 bytes on the stack, but now seems to have a return address of 0 bytes on the stack.
0804D444: warning: Procedure camlUnix__getnameinfo_1781 previously had a return address of 4 bytes on the stack, but now seems to have a return address of 0 bytes on the stack.
0804CED6: warning: Procedure camlUnix__getaddrinfo_1751 previously had a return address of 4 bytes on the stack, but now seems to have a return address of 0 bytes on the stack.
0804CF24: warning: Procedure camlUnix__getaddrinfo_1751 previously had a return address of 4 bytes on the stack, but now seems to have a return address of 0 bytes on the stack.
0804CF5D: warning: Procedure camlUnix__getaddrinfo_1751 previously had a return address of 4 bytes on the stack, but now seems to have a return address of 0 bytes on the stack.
0804CF79: warning: Procedure camlUnix__getaddrinfo_1751 previously had a return address of 4 bytes on the stack, but now seems to have a return address of 0 bytes on the stack.
0804D009: warning: Procedure camlUnix__getaddrinfo_1751 previously had a return address of 4 bytes on the stack, but now seems to have a return address of 0 bytes on the stack.
0804D13C: warning: Procedure camlUnix__getaddrinfo_1751 previously had a return address of 4 bytes on the stack, but now seems to have a return address of 0 bytes on the stack.
0804CB38: warning: Procedure camlUnix__sendto_1576 previously had a return address of 4 bytes on the stack, but now seems to have a return address of 0 bytes on the stack.
0804CAD5: warning: Procedure camlUnix__send_1570 previously had a return address of 4 bytes on the stack, but now seems to have a return address of 0 bytes on the stack.
0804CA85: warning: Procedure camlUnix__recvfrom_1564 previously had a return address of 4 bytes on the stack, but now seems to have a return address of 0 bytes on the stack.
0804CA35: warning: Procedure camlUnix__recv_1558 previously had a return address of 4 bytes on the stack, but now seems to have a return address of 0 bytes on the stack.
0804C875: warning: Procedure camlUnix__single_write_1247 previously had a return address of 4 bytes on the stack, but now seems to have a return address of 0 bytes on the stack.
0804C825: warning: Procedure camlUnix__write_1242 previously had a return address of 4 bytes on the stack, but now seems to have a return address of 0 bytes on the stack.
0804C7D5: warning: Procedure camlUnix__read_1237 previously had a return address of 4 bytes on the stack, but now seems to have a return address of 0 bytes on the stack.
0804A8E4: warning: Unable to resolve imported reference ceil.
0804A8C4: warning: Unable to resolve imported reference sigsuspend.
0804A8B4: warning: Unable to resolve imported reference fchmod.
0804A8A4: warning: Unable to resolve imported reference cfsetispeed.
0804A884: warning: Unable to resolve imported reference getservbyname.
0804A874: warning: Unable to resolve imported reference __sigsetjmp.
0804A854: warning: Unable to resolve imported reference getitimer.
0804A844: warning: Unable to resolve imported reference lseek64.
0804A824: warning: Unable to resolve imported reference recvfrom.
0804A814: warning: Unable to resolve imported reference tcsendbreak.
0804A804: warning: Unable to resolve imported reference getpeername.
0804A7F4: warning: Unable to resolve imported reference sin.
0804A7E4: warning: Unable to resolve imported reference kill.
0804A7D4: warning: Unable to resolve imported reference cosh.
0804A7C4: warning: Unable to resolve imported reference setgid.
0804A7B4: warning: Unable to resolve imported reference getsockopt.
0804A7A4: warning: Unable to resolve imported reference tan.
0804A774: warning: Unable to resolve imported reference getgroups.
0804A764: warning: Unable to resolve imported reference gmtime.
0804A754: warning: Unable to resolve imported reference getrlimit64.
0804A724: warning: Unable to resolve imported reference setsockopt.
0804A714: warning: Unable to resolve imported reference __fxstat64.
0804A704: warning: Unable to resolve imported reference fork.
0804A6F4: warning: Unable to resolve imported reference gethostbyname_r.
0804A6E4: warning: Unable to resolve imported reference log.
0804A6C4: warning: Unable to resolve imported reference send.
0804A694: warning: Unable to resolve imported reference cfgetospeed.
0804A624: warning: Unable to resolve imported reference rmdir.
0804A604: warning: Unable to resolve imported reference atan2.
0804A5F4: warning: Unable to resolve imported reference gethostname.
0804A5E4: warning: Unable to resolve imported reference chown.
0804A5B4: warning: Unable to resolve imported reference ftruncate64.
0804A5A4: warning: Unable to resolve imported reference execve.
0804A564: warning: Unable to resolve imported reference initgroups.
0804A554: warning: Unable to resolve imported reference frexp.
0804A544: warning: Unable to resolve imported reference rewinddir.
0804A504: warning: Unable to resolve imported reference select.
0804A4F4: warning: Unable to resolve imported reference sigpending.
0804A4E4: warning: Unable to resolve imported reference putenv.
0804A4B4: warning: Unable to resolve imported reference chdir.
0804A4A4: warning: Unable to resolve imported reference mkfifo.
0804A484: warning: Unable to resolve imported reference getegid.
0804A474: warning: Unable to resolve imported reference chroot.
0804A454: warning: Unable to resolve imported reference __h_errno_location.
0804A444: warning: Unable to resolve imported reference sigdelset.
0804A434: warning: Unable to resolve imported reference waitpid.
0804A414: warning: Unable to resolve imported reference getppid.
0804A404: warning: Unable to resolve imported reference nice.
0804A3D4: warning: Unable to resolve imported reference alarm.
0804A3C4: warning: Unable to resolve imported reference cos.
0804A384: warning: Unable to resolve imported reference cfsetospeed.
0804A364: warning: Unable to resolve imported reference acos.
0804A354: warning: Unable to resolve imported reference readdir64.
0804A324: warning: Unable to resolve imported reference setuid.
0804A314: warning: Unable to resolve imported reference tanh.
0804A304: warning: Unable to resolve imported reference umask.
0804A2C4: warning: Unable to resolve imported reference dup2.
0804A2A4: warning: Unable to resolve imported reference symlink.
0804A294: warning: Unable to resolve imported reference tcflush.
0804A274: warning: Unable to resolve imported reference gethostbyaddr_r.
0804A254: warning: Unable to resolve imported reference sqrt.
0804A224: warning: Unable to resolve imported reference truncate64.
0804A1F4: warning: Unable to resolve imported reference getprotobynumber.
0804A1E4: warning: Unable to resolve imported reference __fpclassify.
0804A1D4: warning: Unable to resolve imported reference atan.
0804A1C4: warning: Unable to resolve imported reference __lxstat64.
0804A174: warning: Unable to resolve imported reference expm1.
0804A154: warning: Unable to resolve imported reference getrusage.
0804A144: warning: Unable to resolve imported reference exp.
0804A134: warning: Unable to resolve imported reference sigaltstack.
0804A124: warning: Unable to resolve imported reference tcdrain.
0804A0F4: warning: Unable to resolve imported reference tcgetattr.
0804A0E4: warning: Unable to resolve imported reference modf.
0804A0D4: warning: Unable to resolve imported reference floor.
0804A0A4: warning: Unable to resolve imported reference getprotobyname.
0804A094: warning: Unable to resolve imported reference setsid.
0804A084: warning: Unable to resolve imported reference setitimer.
0804A064: warning: Unable to resolve imported reference getlogin.
0804A054: warning: Unable to resolve imported reference rename.
0804A034: warning: Unable to resolve imported reference listen.
0804A024: warning: Unable to resolve imported reference pow.
0804A014: warning: Unable to resolve imported reference sendto.
08049FF4: warning: Unable to resolve imported reference fchown.
08049FE4: warning: Unable to resolve imported reference system.
08049FB4: warning: Unable to resolve imported reference recv.
08049FA4: warning: Unable to resolve imported reference socketpair.
08049F74: warning: Unable to resolve imported reference cfgetispeed.
08049F54: warning: Unable to resolve imported reference __xstat64.
08049F34: warning: Unable to resolve imported reference sinh.
08049F14: warning: Unable to resolve imported reference __gmon_start__.
08049EE4: warning: Unable to resolve imported reference shutdown.
08049ED4: warning: Unable to resolve imported reference asin.
08049EB4: warning: Unable to resolve imported reference log1p.
08049E54: warning: Unable to resolve imported reference setgroups.
08049E34: warning: Unable to resolve imported reference tcflow.
08049DE4: warning: Unable to resolve imported reference fmod.
08049DC4: warning: Unable to resolve imported reference ldexp.
Error: An error occurred during decompilation.
    Offsets not matching? SP(0)
       at Reko.Analysis.CallApplicationBuilder.VisitFpuStackStorage(FpuStackStorage fpu)
   at Reko.Analysis.CallApplicationBuilder.With(Dictionary`2 map, Storage stg)
   at Reko.Analysis.CallApplicationBuilder.WithUses(Storage stg)
   at Reko.Analysis.CallApplicationBuilder.Bind(Identifier id)
   at Reko.Core.ApplicationBuilder.BindArguments(Identifier[] parameters, Boolean isVariadic, ProcedureCharacteristics chr)
   at Reko.Core.ApplicationBuilder.CreateInstruction(FunctionType sigCallee, ProcedureCharacteristics chr)
   at Reko.Analysis.CallRewriter.RewriteCall(SsaState ssaCaller, Statement stm, CallInstruction call)
   at Reko.Analysis.CallRewriter.RewriteCalls(SsaState ssaCaller)
   at Reko.Analysis.CallRewriter.Rewrite(IPlatform platform, List`1 ssts, ProgramDataFlow summaries, DecompilerEventListener eventListener)
   at Reko.Analysis.DataFlowAnalysis.UntangleProcedures()
   at Reko.Decompiler.AnalyzeDataFlow()
   at Reko.CmdLine.CmdLineDriver.Decompile(Dictionary`2 pArgs)
