
Database SUBJECTS/from_internet/asmutils/factor/ia32_elf/subject.exe.idb already exists.
Do you want to overwrite it? -> ~L~oad existing

  bytes   pages size description
--------- ----- ---- --------------------------------------------
   524288    64 8192 allocating memory for b-tree...
    65536     8 8192 allocating memory for virtual array...
   262144    32 8192 allocating memory for name pointers...
-----------------------------------------------------------------
   851968            total memory allocated

Loading processor module IDADIR/procs/pc.so for metapc...Initializing processor module metapc...OK
Loading type libraries...
Autoanalysis subsystem has been initialized.
Database for file 'subject.exe' has been loaded.
Hex-Rays Decompiler plugin has been loaded (v7.6.0.210427)
  The hotkeys are F5: decompile, Ctrl-F5: decompile all.

  Please check the Edit/Plugins menu for more informaton.
=== start of cleanup script -> OK
  function at 0804804C       with name 'sub_804804C'
  function at 08048068       with name 'sub_8048068'
  function at 0804814F       with name 'sub_804814F'
  function at 08048151       with name 'sub_8048151'
  function at 08048195       with name 'start'
finished -> OK
TIMESTAMP decompiling 804804C size=0000001C times=0...
TIMESTAMP decompiling 8048151 size=00000044 times=0...
TIMESTAMP decompiling 8048068 size=000000E7 times=0...
TIMESTAMP decompiling 8048195 size=00000068 times=0...
TIMESTAMP The application has been completely decompiled.
Flushing buffers, please wait...ok
Unloading IDP module IDADIR/procs/pc.so...
