Using options:
0800:01E0: error: Rewriting x86 opcode 'illegal' is not supported yet.
0800:0641: warning: Possible stack underflow detected.
0800:0648: warning: Possible stack underflow detected.
0800:0710: warning: Procedure fn0800_06CD previously had a return address of 0 bytes on the stack, but now seems to have a return address of 4 bytes on the stack.
0D28:006F: error: Imports of segmented adddreses not supported yet.
0D28:0058: warning: Procedure fn0D28_0051 previously had a return address of 2 bytes on the stack, but now seems to have a return address of 0 bytes on the stack.
0D28:0058: warning: Procedure fn0D28_0051 previously had a return address of 2 bytes on the stack, but now seems to have a return address of 0 bytes on the stack.
0D28:0103: error: Address is outside of image.
Parameter name: addr
0BCA:001E: error: Imports of segmented adddreses not supported yet.
0BCA:000F: error: Imports of segmented adddreses not supported yet.
0BCA:001E: error: Imports of segmented adddreses not supported yet.
0800:020C: error: Rewriting x86 opcode 'illegal' is not supported yet.
l0800_0108_thunk_fn0800_010D: error: An error occurred while rewriting at linear address 0.
    The given key was not present in the dictionary.
       at System.Collections.Generic.Dictionary`2.get_Item(TKey key)
   at Decompiler.Analysis.ExpressionPropagator.GetStackDepthBeforeCall()
   at Decompiler.Analysis.ExpressionPropagator.VisitCallInstruction(CallInstruction ci)
   at Decompiler.Core.Code.CallInstruction.Accept[T](InstructionVisitor`1 visitor)
   at Decompiler.Analysis.TrashedRegisterFinder.RewriteBlock(Block block)
l0D28_0058_thunk_fn0D28_005A: error: An error occurred while rewriting at linear address 0.
    The given key was not present in the dictionary.
       at System.Collections.Generic.Dictionary`2.get_Item(TKey key)
   at Decompiler.Analysis.ExpressionPropagator.GetStackDepthBeforeCall()
   at Decompiler.Analysis.ExpressionPropagator.VisitCallInstruction(CallInstruction ci)
   at Decompiler.Core.Code.CallInstruction.Accept[T](InstructionVisitor`1 visitor)
   at Decompiler.Analysis.TrashedRegisterFinder.RewriteBlock(Block block)
fn0800_0000: error: An error occurred during data flow analysis.
    Index was outside the bounds of the array.
       at Decompiler.Analysis.SsaTransform.LocateDefinedVariables.MarkDefined(Identifier eDef)
   at Decompiler.Analysis.SsaTransform.LocateDefinedVariables.VisitAssignment(Assignment ass)
   at Decompiler.Core.Code.Assignment.Accept(InstructionVisitor v)
   at Decompiler.Analysis.SsaTransform.LocateDefinedVariables.LocateDefs(Block b)
   at Decompiler.Analysis.SsaTransform.LocateAllDefinedVariables(Dictionary`2[] defOrig)
   at Decompiler.Analysis.SsaTransform.PlacePhiFunctions()
   at Decompiler.Analysis.SsaTransform.Transform()
   at Decompiler.Analysis.SsaTransform..ctor(ProgramDataFlow programFlow, Procedure proc, DominatorGraph`1 gr)
   at Decompiler.Analysis.DataFlowAnalysis.BuildExpressionTrees()
: error: Error when reconstructing types.
    Invalid pointer size.
Parameter name: byteSize
       at Decompiler.Core.Types.Pointer..ctor(DataType pointee, Int32 byteSize)
   at Decompiler.Typing.DataTypeBuilder.MemoryAccessCommon(Expression tBase, Expression tStruct, Int32 offset, DataType tField, Int32 structPtrSize)
   at Decompiler.Typing.DataTypeBuilder.MemAccessTrait(Expression tBase, Expression tStruct, Int32 structPtrSize, Expression tField, Int32 offset)
   at Decompiler.Typing.TraitCollector.VisitDereference(Dereference deref)
   at Decompiler.Core.Expressions.Dereference.Accept[T](ExpressionVisitor`1 v)
   at Decompiler.Typing.TraitCollector.VisitStore(Store store)
   at Decompiler.Core.Code.Store.Accept[T](InstructionVisitor`1 visitor)
   at Decompiler.Typing.TraitCollector.CollectProgramTraits(Program prog)
   at Decompiler.Typing.TypeAnalyzer.RewriteProgram(Program prog)
   at Decompiler.DecompilerDriver.ReconstructTypes()
rewriting: void fn0800_0000(Register word16 si, Register selector es, Register selector ds)
fn0800_0000: error: An error occurred while rewriting procedure to high-level language.
    The given key was not present in the dictionary.
       at System.Collections.Generic.Dictionary`2.get_Item(TKey key)
   at Decompiler.Core.Lib.DominatorGraph`1.BuildDominanceFrontiers(DirectedGraph`1 graph, Dictionary`2 idoms)
   at Decompiler.Core.Lib.DominatorGraph`1..ctor(DirectedGraph`1 graph, T entryNode)
   at Decompiler.Structure.ProcedureStructureBuilder.AnalyzeGraph()
   at Decompiler.Structure.StructureAnalysis.BuildProcedureStructure()
   at Decompiler.Structure.StructureAnalysis.Structure()
   at Decompiler.DecompilerDriver.StructureProgram()
rewriting: void fn0800_010D(Register byte al, Stack byte bArg02)
rewriting: void fn0800_012F(Register byte al, Register selector ds)
rewriting: void fn0800_0172(Register byte al, Register selector ds)
rewriting: Register word16 fn0800_01A7(Register word16 cx, Register word16 dx, Register selector ds)
rewriting: void fn0800_01AF(Register word16 si)
fn0800_01AF: error: An error occurred while rewriting procedure to high-level language.
    The given key was not present in the dictionary.
       at System.Collections.Generic.Dictionary`2.get_Item(TKey key)
   at Decompiler.Core.Lib.DominatorGraph`1.BuildDominanceFrontiers(DirectedGraph`1 graph, Dictionary`2 idoms)
   at Decompiler.Core.Lib.DominatorGraph`1..ctor(DirectedGraph`1 graph, T entryNode)
   at Decompiler.Structure.ProcedureStructureBuilder.AnalyzeGraph()
   at Decompiler.Structure.StructureAnalysis.BuildProcedureStructure()
   at Decompiler.Structure.StructureAnalysis.Structure()
   at Decompiler.DecompilerDriver.StructureProgram()
rewriting: Register word16 fn0800_05CF(Register selector ds, Stack word16 wArg00, Stack word16 wArg02, Register out ptr16 dsOut)
rewriting: FlagGroup byte fn0800_065D(Register word16 ax, Register word16 cx, Register word16 dx, Register word16 bx, Register word16 si, Register word16 di, Register selector es, Register selector ds, Register out ptr16 axOut, Register out ptr16 cxOut, Register out ptr16 dxOut, Register out ptr16 bxOut, Register out ptr16 siOut, Register out ptr16 diOut)
rewriting: void fn0800_06CD(Register word16 si, Register selector ds)
rewriting: Register word16 fn0800_0711(Register word16 ax, Register word16 cx, Register word16 dx, Register word16 bx, Register out ptr16 dxOut)
rewriting: FlagGroup byte fn0800_076C(Register word16 ax, Register word16 cx, Register word16 dx, Register word16 bx)
rewriting: Register word16 fn087B_0004(Register selector ds)
fn087B_0004: error: An error occurred while rewriting procedure to high-level language.
    The given key was not present in the dictionary.
       at System.Collections.Generic.Dictionary`2.get_Item(TKey key)
   at Decompiler.Core.Lib.DominatorGraph`1.BuildDominanceFrontiers(DirectedGraph`1 graph, Dictionary`2 idoms)
   at Decompiler.Core.Lib.DominatorGraph`1..ctor(DirectedGraph`1 graph, T entryNode)
   at Decompiler.Structure.ProcedureStructureBuilder.AnalyzeGraph()
   at Decompiler.Structure.StructureAnalysis.BuildProcedureStructure()
   at Decompiler.Structure.StructureAnalysis.Structure()
   at Decompiler.DecompilerDriver.StructureProgram()
rewriting: void fn0BC6_0006(Register selector ds, Stack word16 wArg04)
rewriting: void fn0BCA_0002(Register selector ds)
fn0BCA_0002: error: An error occurred while rewriting procedure to high-level language.
    The given key was not present in the dictionary.
       at System.Collections.Generic.Dictionary`2.get_Item(TKey key)
   at Decompiler.Core.Lib.DominatorGraph`1.BuildDominanceFrontiers(DirectedGraph`1 graph, Dictionary`2 idoms)
   at Decompiler.Core.Lib.DominatorGraph`1..ctor(DirectedGraph`1 graph, T entryNode)
   at Decompiler.Structure.ProcedureStructureBuilder.AnalyzeGraph()
   at Decompiler.Structure.StructureAnalysis.BuildProcedureStructure()
   at Decompiler.Structure.StructureAnalysis.Structure()
   at Decompiler.DecompilerDriver.StructureProgram()
rewriting: Register word16 fn0BD0_0004(Register selector ds, Stack word16 wArg04, Register out ptr16 dxOut)
rewriting: void fn0BD0_0019(Register selector ds, Stack segptr32 ptrArg04, Stack word16 wArg06)
rewriting: Register word16 fn0BD0_0081(Register selector ds, Stack segptr32 ptrArg04, Stack word16 wArg06, Stack word16 wArg08, Stack word16 wArg0A, Register out ptr16 dxOut)
rewriting: Register word16 fn0BD0_0131(Register selector ds, Stack word16 wArg04, Stack word16 wArg06, Register out ptr16 dxOut)
rewriting: Register word16 fn0BD0_019F(Register selector ds, Stack word16 wArg04, Stack word16 wArg06, Register out ptr16 dxOut)
rewriting: Register word16 fn0BD0_0205(Register selector ds, Stack word16 wArg04, Stack word16 wArg06, Register out ptr16 dxOut)
rewriting: Register word16 fn0C01_0004(Register selector ds, Stack segptr32 ptrArg02, Stack word16 wArg04)
rewriting: Register word16 fn0C01_00DB(Register selector ds, Stack word16 wArg04, Stack word16 wArg06, Register out ptr16 dxOut)
rewriting: Register word16 fn0C17_000C(Register byte al, Register selector ds, Stack selector psegArg04, Stack word16 wArg06)
rewriting: Register word16 fn0CFE_0002(Register selector ds, Stack word16 wArg04, Stack word16 wArg06, Register out ptr16 siOut)
rewriting: Register word16 fn0D28_002B(Register selector ds, Stack segptr32 ptrArg08, Stack selector psegArg0A)
fn0D28_002B: error: An error occurred while rewriting procedure to high-level language.
    The given key was not present in the dictionary.
       at System.Collections.Generic.Dictionary`2.get_Item(TKey key)
   at Decompiler.Core.Lib.DominatorGraph`1.BuildDominanceFrontiers(DirectedGraph`1 graph, Dictionary`2 idoms)
   at Decompiler.Core.Lib.DominatorGraph`1..ctor(DirectedGraph`1 graph, T entryNode)
   at Decompiler.Structure.ProcedureStructureBuilder.AnalyzeGraph()
   at Decompiler.Structure.StructureAnalysis.BuildProcedureStructure()
   at Decompiler.Structure.StructureAnalysis.Structure()
   at Decompiler.DecompilerDriver.StructureProgram()
rewriting: Register word16 fn0D28_0051(Register word16 bp, Register word16 di, Register byte al)
fn0D28_0051: error: An error occurred while rewriting procedure to high-level language.
    Unable to cast object of type 'Decompiler.Core.Code.ReturnInstruction' to type 'Decompiler.Core.Code.Branch'.
       at Decompiler.Structure.AbsynCodeGenerator.BranchCondition(StructureNode node)
   at Decompiler.Structure.IfConditional.GenerateCode(AbsynCodeGenerator codeGen, StructureNode node, StructureNode latchNode, AbsynStatementEmitter emitter)
   at Decompiler.Structure.AbsynCodeGenerator.GenerateCode(StructureNode node, StructureNode latchNode, AbsynStatementEmitter emitter)
   at Decompiler.Structure.IfConditional.GenerateCode(AbsynCodeGenerator codeGen, StructureNode node, StructureNode latchNode, AbsynStatementEmitter emitter)
   at Decompiler.Structure.AbsynCodeGenerator.GenerateCode(StructureNode node, StructureNode latchNode, AbsynStatementEmitter emitter)
   at Decompiler.Structure.AbsynCodeGenerator.GenerateCode(StructureNode node, StructureNode latchNode, AbsynStatementEmitter emitter)
   at Decompiler.Structure.AbsynCodeGenerator.GenerateCode(ProcedureStructure proc, List`1 stms)
   at Decompiler.Structure.StructureAnalysis.GenerateStructuredCode()
   at Decompiler.Structure.StructureAnalysis.Structure()
   at Decompiler.DecompilerDriver.StructureProgram()
rewriting: void fn0D28_005A(Register word16 bp, Register word16 di)
rewriting: void fn0D28_0089()
from_dcc/dhamp/ia32_mz_from_dcc/subject.exe: error: An internal error occurred while decompiling.
    Unable to cast object of type 'Decompiler.Core.Types.StructureType' to type 'Decompiler.Core.Types.EquivalenceClass'.
       at Decompiler.Core.Output.GlobalDataWriter.WriteGlobals(Formatter formatter)
   at Decompiler.DecompilerDriver.WriteGlobals(Program program, TextWriter w)
   at Decompiler.DecompilerDriver.<>c__DisplayClass1b.<WriteDecompilerProducts>b__17(TextWriter w)
   at Decompiler.CmdLine.CmdLineHost.WriteGlobals(Program program, Action`1 writer)
   at Decompiler.DecompilerDriver.WriteDecompilerProducts()
   at Decompiler.DecompilerDriver.StructureProgram()
   at Decompiler.DecompilerDriver.Decompile(String filename)
