Boomerang alpha 0.3.1 09/Sep/2006
loading...
decoding entry point...
decoding anything undecoded...
finishing decode...
found 55 procs
decompiling...
decompiling entry point main
 considering main
  considering proc1
   considering proc6
    considering proc11
    decompiling proc11
    considering proc12
     considering proc28
      considering proc18
      decompiling proc18
      considering proc20
      decompiling proc20
rt      considering proc39
       considering proc43
        considering proc44
       considering proc10
        considering proc27
         considering proc33
          considering proc46
           considering proc54
           decompiling proc54
prt          decompiling proc46
rttt         decompiling proc33
p         considering proc35
         decompiling proc35
rrt         considering proc34
         decompiling proc34
rpt         considering proc36
         decompiling proc36
rrprtttt         considering proc37
         decompiling proc37
rrptt         considering proc38
         decompiling proc38
rrptttr        decompiling proc27
prrtt       decompiling proc10
t      considering proc14
      decompiling proc14
      considering proc40
       considering proc49
        considering proc51
        decompiling proc51
prttr        considering proc52
        decompiling proc52
prt       decompiling proc49
prprrrtttttttrp       considering proc48
       decompiling proc48
      decompiling proc40
rprt      considering proc13
       considering proc25
       decompiling proc25
       considering proc26
        considering proc30
        decompiling proc30
rrboomerang: db/basicblock.cpp:2349: bool BasicBlock::decodeIndirectJmp(UserProc*): Assertion `swi->iNumTable > 0' failed.
