Boomerang alpha 0.3.1 09/Sep/2006
loading...
decoding entry point...
decoding anything undecoded...
finishing decode...
found 52 procs
decompiling...
decompiling entry point main
 considering main
  considering register_action_action_list
   considering hid_register_actions
   decompiling hid_register_actions
  decompiling register_action_action_list
  considering register_rotate_action_list
  decompiling register_rotate_action_list
r  considering register_command_action_list
  decompiling register_command_action_list
  considering register_djopt_flag_list
   considering hid_register_flags
   decompiling hid_register_flags
p  decompiling register_djopt_flag_list
  considering register_djopt_action_list
  decompiling register_djopt_action_list
  considering register_flags_flag_list
  decompiling register_flags_flag_list
r  considering register_fontmode_action_list
  decompiling register_fontmode_action_list
  considering register_main_attribute_list
   considering hid_register_attributes
   decompiling hid_register_attributes
  decompiling register_main_attribute_list
  considering register_move_action_list
  decompiling register_move_action_list
  considering register_netlist_action_list
  decompiling register_netlist_action_list
  considering register_puller_action_list
  decompiling register_puller_action_list
r  considering register_report_action_list
  decompiling register_report_action_list
  considering register_vendor_action_list
  decompiling register_vendor_action_list
p  considering register_vendor_flag_list
  decompiling register_vendor_flag_list
  considering register_toporouter_action_list
  decompiling register_toporouter_action_list
  considering lrealpath
  decompiling lrealpath
  considering hid_init
   considering hid_gtk_init
    considering hid_register_hid
    decompiling hid_register_hid
rrtp    considering apply_default_hid
    decompiling apply_default_hid
r    considering register_ghid_main_action_list
    decompiling register_ghid_main_action_list
    considering register_ghid_main_flag_list
    decompiling register_ghid_main_flag_list
    considering register_ghid_netlist_action_list
    decompiling register_ghid_netlist_action_list
    considering register_ghid_attribute_list
    decompiling register_ghid_attribute_list
    considering register_gtk_topwindow_action_list
    decompiling register_gtk_topwindow_action_list
    considering register_pcbmenu_attr
    decompiling register_pcbmenu_attr
   decompiling hid_gtk_init
rt   considering hid_lpr_init
   decompiling hid_lpr_init
p   considering hid_bom_init
   decompiling hid_bom_init
   considering hid_gerber_init
   decompiling hid_gerber_init
   considering hid_nelma_init
   decompiling hid_nelma_init
   considering hid_png_init
   decompiling hid_png_init
t   considering hid_ps_init
    considering hid_eps_init
    decompiling hid_eps_init
    considering register_ps_attribute_list
    decompiling register_ps_attribute_list
   decompiling hid_ps_init
p   considering Concat
   decompiling Concat
rt   considering hid_load_dir
   decompiling hid_load_dir
rprrttt  decompiling hid_init
prrt  considering hid_load_settings
   considering hid_load_settings_1
rprrrprr