dcc: Definition not found for condition code usage at opcode 66
dcc: Definition not found for condition code usage at opcode 99
dcc: Definition not found for condition code usage at opcode 66
dcc: JX use, definition not supported at opcode #80
dcc: Definition not found for condition code usage at opcode 80
dcc: JX use, definition not supported at opcode #80
dcc: Definition not found for condition code usage at opcode 80
dcc: Definition not found for condition code usage at opcode 99
dcc: Failed to construct repeat..until() condition.
Main could not be located!
Model: x
Warning - compiler not recognised
Signature file: dccxxx.sig
Warning: cannot open signature file /root/dcc/sigs/dccxxx.sig
852bdcc: Writing C beta file from_pouet.net/with_source_341/ia32_com//subject.b

Statistics - Subroutine proc_1
Number of Icode instructions:
  Low-level :   12
  High-level:    4
  Percentage reduction: 66.67%

Statistics - Subroutine proc_2
Number of Icode instructions:
  Low-level :   59
  High-level:   27
  Percentage reduction: 54.24%

Statistics - Subroutine proc_4
Number of Icode instructions:
  Low-level :   24
  High-level:    5
  Percentage reduction: 79.17%

Statistics - Subroutine proc_3
Number of Icode instructions:
  Low-level :   18
  High-level:    8
  Percentage reduction: 55.56%

Statistics - Subroutine start
Number of Icode instructions:
  Low-level :  182
dcc: Finished writing C beta file

Call Graph:
start
    proc_1
    proc_2
    proc_3
        proc_4

Final Program Statistics
  Total number of low-level Icodes : 113
  Total number of high-level Icodes: 44
  Total reduction of instructions  : 61.06%
