Analyzing './from_boomerang/superstat/ppc_elf_by_boomerang_o4/subject.exe' as a PowerPC 32 ELF binary file.

0 Procs, 0 Labels, 0 Branches, 0 / 0 kB covered
./from_boomerang/superstat/ppc_elf_by_boomerang_o4/subject.exe: 35 sections starting at 0x00001050
./from_boomerang/superstat/ppc_elf_by_boomerang_o4/subject.exe: section string table at 0x00001550, 0x120 bytes
 Offset:  [ix]  Address    Size    Offset  Name
00001050: [ 0] 00000000 00000000 00000000 
00001078: [ 1] 10000154 0000000D 00000154 .interp
000010A0: [ 2] 10000164 00000020 00000164 .note.ABI-tag
000010C8: [ 3] 10000184 0000002C 00000184 .hash
000010F0: [ 4] 100001B0 00000060 000001B0 .dynsym
00001118: [ 5] 10000210 00000054 00000210 .dynstr
00001140: [ 6] 10000264 0000000C 00000264 .gnu.version
00001168: [ 7] 10000270 00000020 00000270 .gnu.version_r
00001190: [ 8] 10000290 0000000C 00000290 .rela.dyn
000011B8: [ 9] 1000029C 00000024 0000029C .rela.plt
000011E0: [10] 100002C0 00000028 000002C0 .init
00001208: [11] 100002E8 00000614 000002E8 .text
00001230: [12] 100008FC 00000020 000008FC .fini
00001258: [13] 1000091C 000000BF 0000091C .rodata
00001280: [14] 100009DC 00000000 000009DC .sdata2
000012A8: [15] 100009DC 00000004 000009DC .eh_frame
000012D0: [16] 100109E0 00000008 000009E0 .ctors
000012F8: [17] 100109E8 00000008 000009E8 .dtors
00001320: [18] 100109F0 00000004 000009F0 .jcr
00001348: [19] 100109F4 00000010 000009F4 .got2
00001370: [20] 10010A04 000000C8 00000A04 .dynamic
00001398: [21] 10010ACC 00000008 00000ACC .data
000013C0: [22] 10010AD4 00000014 00000AD4 .got
000013E8: [23] 10010AE8 00000000 00000AE8 .sdata
00001410: [24] 10010AE8 00000000 00000AE8 .sbss
00001438: [25] 10010AE8 0000006C 00000AE8 .plt
00001460: [26] 10010B54 00000004 00000AE8 .bss
00001488: [27] 00000000 0000017A 00000AE8 .comment
000014B0: [28] 00000000 00000058 00000C68 .debug_aranges
000014D8: [29] 00000000 00000138 00000CC0 .debug_info
00001500: [30] 00000000 00000020 00000DF8 .debug_abbrev
00001528: [31] 00000000 00000117 00000E18 .debug_line
00001550: [32] 00000000 00000120 00000F2F .shstrtab
00001578: [33] 00000000 00000E60 000015C8 .symtab
000015A0: [34] 00000000 00000989 00002428 .strtab
Matching signatures...
0 Procs, 0 Labels, 0 Branches, 0 / 2 kB covered
0 Procs, 0 Labels, 0 Branches, 0 / 2 kB covered
Separating code and data...
0 Procs, 0 Labels, 0 Branches, 0 / 2 kB covered
0 Procs, 17 Labels, 14 Branches, 0 / 2 kB covered
0 Procs, 18 Labels, 15 Branches, 0 / 2 kB covered
0 Procs, 18 Labels, 15 Branches, 0 / 2 kB covered
0 Procs, 23 Labels, 19 Branches, 0 / 2 kB covered
0 Procs, 23 Labels, 20 Branches, 0 / 2 kB covered
0 Procs, 23 Labels, 20 Branches, 0 / 2 kB covered
0 Procs, 24 Labels, 21 Branches, 0 / 2 kB covered
0 Procs, 27 Labels, 37 Branches, 0 / 2 kB covered
0 Procs, 36 Labels, 45 Branches, 0 / 2 kB covered
0 Procs, 42 Labels, 50 Branches, 0 / 2 kB covered
0 Procs, 43 Labels, 51 Branches, 0 / 2 kB covered
0 Procs, 44 Labels, 51 Branches, 0 / 2 kB covered
0 Procs, 45 Labels, 51 Branches, 0 / 2 kB covered
0 Procs, 46 Labels, 51 Branches, 0 / 2 kB covered
0 Procs, 47 Labels, 51 Branches, 0 / 2 kB covered
0 Procs, 48 Labels, 51 Branches, 0 / 2 kB covered
0 Procs, 49 Labels, 51 Branches, 0 / 2 kB covered
0 Procs, 50 Labels, 51 Branches, 0 / 2 kB covered
0 Procs, 51 Labels, 51 Branches, 0 / 2 kB covered
0 Procs, 52 Labels, 51 Branches, 0 / 2 kB covered
0 Procs, 53 Labels, 51 Branches, 0 / 2 kB covered
0 Procs, 54 Labels, 51 Branches, 0 / 2 kB covered
0 Procs, 55 Labels, 51 Branches, 0 / 2 kB covered
0 Procs, 56 Labels, 51 Branches, 0 / 2 kB covered
0 Procs, 57 Labels, 51 Branches, 0 / 2 kB covered
0 Procs, 58 Labels, 51 Branches, 0 / 2 kB covered
0 Procs, 59 Labels, 51 Branches, 0 / 2 kB covered
0 Procs, 60 Labels, 51 Branches, 0 / 2 kB covered
0 Procs, 61 Labels, 52 Branches, 0 / 2 kB covered
0 Procs, 62 Labels, 52 Branches, 0 / 2 kB covered
0 Procs, 63 Labels, 52 Branches, 0 / 2 kB covered
0 Procs, 64 Labels, 52 Branches, 0 / 2 kB covered
0 Procs, 65 Labels, 52 Branches, 0 / 2 kB covered
0 Procs, 66 Labels, 52 Branches, 0 / 2 kB covered
0 Procs, 67 Labels, 52 Branches, 0 / 2 kB covered
0 Procs, 68 Labels, 52 Branches, 0 / 2 kB covered
0 Procs, 69 Labels, 52 Branches, 0 / 2 kB covered
0 Procs, 70 Labels, 52 Branches, 0 / 2 kB covered
0 Procs, 71 Labels, 52 Branches, 0 / 2 kB covered
0 Procs, 72 Labels, 52 Branches, 0 / 2 kB covered
0 Procs, 73 Labels, 52 Branches, 0 / 2 kB covered
0 Procs, 74 Labels, 52 Branches, 0 / 2 kB covered
0 Procs, 75 Labels, 52 Branches, 0 / 2 kB covered
0 Procs, 76 Labels, 52 Branches, 0 / 2 kB covered
0 Procs, 77 Labels, 52 Branches, 0 / 2 kB covered
0 Procs, 78 Labels, 52 Branches, 0 / 2 kB covered
0 Procs, 79 Labels, 53 Branches, 0 / 2 kB covered
0 Procs, 80 Labels, 53 Branches, 0 / 2 kB covered
0 Procs, 81 Labels, 53 Branches, 0 / 2 kB covered
0 Procs, 82 Labels, 53 Branches, 0 / 2 kB covered
0 Procs, 83 Labels, 53 Branches, 0 / 2 kB covered
0 Procs, 84 Labels, 53 Branches, 0 / 2 kB covered
0 Procs, 85 Labels, 53 Branches, 0 / 2 kB covered
0 Procs, 86 Labels, 53 Branches, 0 / 2 kB covered
0 Procs, 87 Labels, 53 Branches, 0 / 2 kB covered
0 Procs, 88 Labels, 53 Branches, 0 / 2 kB covered
0 Procs, 89 Labels, 53 Branches, 0 / 2 kB covered
0 Procs, 90 Labels, 53 Branches, 0 / 2 kB covered
0 Procs, 91 Labels, 53 Branches, 0 / 2 kB covered
0 Procs, 92 Labels, 53 Branches, 0 / 2 kB covered
0 Procs, 93 Labels, 53 Branches, 0 / 2 kB covered
0 Procs, 94 Labels, 53 Branches, 0 / 2 kB covered
0 Procs, 95 Labels, 53 Branches, 0 / 2 kB covered
0 Procs, 96 Labels, 53 Branches, 0 / 2 kB covered
0 Procs, 97 Labels, 54 Branches, 0 / 2 kB covered
0 Procs, 98 Labels, 54 Branches, 0 / 2 kB covered
0 Procs, 99 Labels, 54 Branches, 0 / 2 kB covered
0 Procs, 100 Labels, 54 Branches, 0 / 2 kB covered
0 Procs, 101 Labels, 54 Branches, 0 / 2 kB covered
0 Procs, 102 Labels, 54 Branches, 0 / 2 kB covered
0 Procs, 103 Labels, 54 Branches, 0 / 2 kB covered
0 Procs, 104 Labels, 54 Branches, 0 / 2 kB covered
0 Procs, 105 Labels, 54 Branches, 0 / 2 kB covered
0 Procs, 106 Labels, 54 Branches, 0 / 2 kB covered
0 Procs, 107 Labels, 54 Branches, 0 / 2 kB covered
0 Procs, 108 Labels, 54 Branches, 0 / 2 kB covered
0 Procs, 109 Labels, 54 Branches, 0 / 2 kB covered
0 Procs, 110 Labels, 54 Branches, 0 / 2 kB covered
0 Procs, 111 Labels, 54 Branches, 0 / 2 kB covered
0 Procs, 112 Labels, 54 Branches, 0 / 2 kB covered
0 Procs, 113 Labels, 54 Branches, 0 / 2 kB covered
0 Procs, 114 Labels, 54 Branches, 0 / 2 kB covered
0 Procs, 115 Labels, 55 Branches, 0 / 2 kB covered
0 Procs, 116 Labels, 55 Branches, 0 / 2 kB covered
0 Procs, 117 Labels, 55 Branches, 0 / 2 kB covered
0 Procs, 118 Labels, 55 Branches, 0 / 2 kB covered
0 Procs, 119 Labels, 55 Branches, 0 / 2 kB covered
0 Procs, 120 Labels, 55 Branches, 0 / 2 kB covered
0 Procs, 121 Labels, 55 Branches, 0 / 2 kB covered
0 Procs, 122 Labels, 55 Branches, 0 / 2 kB covered
0 Procs, 123 Labels, 55 Branches, 0 / 2 kB covered
0 Procs, 124 Labels, 55 Branches, 0 / 2 kB covered
0 Procs, 125 Labels, 55 Branches, 0 / 2 kB covered
0 Procs, 126 Labels, 55 Branches, 0 / 2 kB covered
0 Procs, 127 Labels, 55 Branches, 0 / 2 kB covered
0 Procs, 128 Labels, 55 Branches, 0 / 2 kB covered
0 Procs, 129 Labels, 55 Branches, 0 / 2 kB covered
0 Procs, 130 Labels, 55 Branches, 0 / 2 kB covered
0 Procs, 131 Labels, 55 Branches, 0 / 2 kB covered
0 Procs, 132 Labels, 55 Branches, 0 / 2 kB covered
0 Procs, 132 Labels, 56 Branches, 0 / 2 kB covered
0 Procs, 133 Labels, 56 Branches, 0 / 2 kB covered
0 Procs, 134 Labels, 56 Branches, 0 / 2 kB covered
0 Procs, 135 Labels, 56 Branches, 0 / 2 kB covered
0 Procs, 136 Labels, 56 Branches, 0 / 2 kB covered
0 Procs, 137 Labels, 56 Branches, 0 / 2 kB covered
0 Procs, 138 Labels, 56 Branches, 0 / 2 kB covered
0 Procs, 139 Labels, 56 Branches, 0 / 2 kB covered
0 Procs, 140 Labels, 56 Branches, 0 / 2 kB covered
0 Procs, 141 Labels, 56 Branches, 0 / 2 kB covered
0 Procs, 142 Labels, 56 Branches, 0 / 2 kB covered
0 Procs, 143 Labels, 56 Branches, 0 / 2 kB covered
0 Procs, 144 Labels, 56 Branches, 0 / 2 kB covered
0 Procs, 145 Labels, 56 Branches, 0 / 2 kB covered
0 Procs, 146 Labels, 56 Branches, 0 / 2 kB covered
0 Procs, 147 Labels, 56 Branches, 0 / 2 kB covered
0 Procs, 148 Labels, 56 Branches, 0 / 2 kB covered
0 Procs, 149 Labels, 56 Branches, 0 / 2 kB covered
0 Procs, 149 Labels, 56 Branches, 0 / 2 kB covered
0 Procs, 149 Labels, 57 Branches, 0 / 2 kB covered
0 Procs, 149 Labels, 57 Branches, 0 / 2 kB covered
127 Procs, 149 Labels, 57 Branches, 0 / 2 kB covered
127 Procs, 149 Labels, 57 Branches, 0 / 2 kB covered
127 Procs, 149 Labels, 57 Branches, 0 / 2 kB covered
127 Procs, 149 Labels, 57 Branches, 0 / 2 kB covered
127 Procs, 149 Labels, 57 Branches, 0 / 2 kB covered
127 Procs, 149 Labels, 57 Branches, 0 / 2 kB covered
127 Procs, 149 Labels, 57 Branches, 0 / 2 kB covered
127 Procs, 149 Labels, 57 Branches, 0 / 2 kB covered
127 Procs, 149 Labels, 57 Branches, 0 / 2 kB covered
127 Procs, 149 Labels, 57 Branches, 0 / 2 kB covered
127 Procs, 149 Labels, 57 Branches, 0 / 2 kB covered
127 Procs, 149 Labels, 57 Branches, 0 / 2 kB covered
127 Procs, 149 Labels, 57 Branches, 0 / 2 kB covered
127 Procs, 149 Labels, 57 Branches, 0 / 2 kB covered
127 Procs, 149 Labels, 57 Branches, 0 / 2 kB covered
127 Procs, 149 Labels, 57 Branches, 0 / 2 kB covered
127 Procs, 149 Labels, 57 Branches, 0 / 2 kB covered
127 Procs, 149 Labels, 57 Branches, 0 / 2 kB covered
127 Procs, 149 Labels, 57 Branches, 0 / 2 kB covered
127 Procs, 149 Labels, 57 Branches, 0 / 2 kB covered
127 Procs, 149 Labels, 57 Branches, 0 / 2 kB covered
127 Procs, 149 Labels, 57 Branches, 0 / 2 kB covered
127 Procs, 149 Labels, 57 Branches, 0 / 2 kB covered
127 Procs, 149 Labels, 57 Branches, 0 / 2 kB covered
127 Procs, 149 Labels, 57 Branches, 0 / 2 kB covered
127 Procs, 149 Labels, 57 Branches, 0 / 2 kB covered
127 Procs, 149 Labels, 57 Branches, 0 / 2 kB covered
127 Procs, 149 Labels, 57 Branches, 0 / 2 kB covered
127 Procs, 149 Labels, 57 Branches, 0 / 2 kB covered
127 Procs, 149 Labels, 57 Branches, 0 / 2 kB covered
127 Procs, 149 Labels, 57 Branches, 0 / 2 kB covered
127 Procs, 149 Labels, 57 Branches, 0 / 2 kB covered
127 Procs, 149 Labels, 57 Branches, 0 / 2 kB covered
127 Procs, 149 Labels, 57 Branches, 0 / 2 kB covered
127 Procs, 149 Labels, 57 Branches, 0 / 2 kB covered
127 Procs, 149 Labels, 57 Branches, 0 / 2 kB covered
127 Procs, 149 Labels, 57 Branches, 0 / 2 kB covered
127 Procs, 149 Labels, 57 Branches, 0 / 2 kB covered
127 Procs, 149 Labels, 57 Branches, 0 / 2 kB covered
127 Procs, 149 Labels, 57 Branches, 0 / 2 kB covered
127 Procs, 149 Labels, 57 Branches, 0 / 2 kB covered
127 Procs, 149 Labels, 57 Branches, 0 / 2 kB covered
127 Procs, 149 Labels, 57 Branches, 0 / 2 kB covered
127 Procs, 149 Labels, 57 Branches, 0 / 2 kB covered
127 Procs, 149 Labels, 57 Branches, 0 / 2 kB covered
127 Procs, 149 Labels, 57 Branches, 0 / 2 kB covered
127 Procs, 149 Labels, 57 Branches, 0 / 2 kB covered
127 Procs, 149 Labels, 57 Branches, 0 / 2 kB covered
127 Procs, 149 Labels, 57 Branches, 0 / 2 kB covered
127 Procs, 149 Labels, 57 Branches, 0 / 2 kB covered
127 Procs, 149 Labels, 57 Branches, 0 / 2 kB covered
127 Procs, 149 Labels, 57 Branches, 0 / 2 kB covered
127 Procs, 149 Labels, 57 Branches, 0 / 2 kB covered
127 Procs, 149 Labels, 57 Branches, 0 / 2 kB covered
127 Procs, 149 Labels, 57 Branches, 0 / 2 kB covered
127 Procs, 149 Labels, 57 Branches, 0 / 2 kB covered
127 Procs, 149 Labels, 57 Branches, 0 / 2 kB covered
127 Procs, 149 Labels, 57 Branches, 0 / 2 kB covered
127 Procs, 149 Labels, 57 Branches, 0 / 2 kB covered
127 Procs, 149 Labels, 57 Branches, 0 / 2 kB covered
127 Procs, 149 Labels, 57 Branches, 0 / 2 kB covered
127 Procs, 149 Labels, 57 Branches, 0 / 2 kB covered
127 Procs, 149 Labels, 57 Branches, 0 / 2 kB covered
127 Procs, 149 Labels, 57 Branches, 0 / 2 kB covered
127 Procs, 149 Labels, 57 Branches, 0 / 2 kB covered
127 Procs, 149 Labels, 57 Branches, 0 / 2 kB covered
127 Procs, 149 Labels, 57 Branches, 0 / 2 kB covered
127 Procs, 149 Labels, 57 Branches, 0 / 2 kB covered
127 Procs, 149 Labels, 57 Branches, 0 / 2 kB covered
127 Procs, 149 Labels, 57 Branches, 0 / 2 kB covered
127 Procs, 149 Labels, 57 Branches, 0 / 2 kB covered
127 Procs, 149 Labels, 57 Branches, 0 / 2 kB covered
127 Procs, 149 Labels, 57 Branches, 0 / 2 kB covered
127 Procs, 149 Labels, 57 Branches, 0 / 2 kB covered
127 Procs, 149 Labels, 57 Branches, 0 / 2 kB covered
127 Procs, 149 Labels, 57 Branches, 0 / 2 kB covered
127 Procs, 149 Labels, 57 Branches, 0 / 2 kB covered
127 Procs, 149 Labels, 57 Branches, 0 / 2 kB covered
127 Procs, 149 Labels, 57 Branches, 0 / 2 kB covered
127 Procs, 149 Labels, 57 Branches, 0 / 2 kB covered
127 Procs, 149 Labels, 57 Branches, 0 / 2 kB covered
127 Procs, 149 Labels, 57 Branches, 0 / 2 kB covered
127 Procs, 149 Labels, 57 Branches, 0 / 2 kB covered
127 Procs, 149 Labels, 57 Branches, 0 / 2 kB covered
127 Procs, 149 Labels, 57 Branches, 0 / 2 kB covered
127 Procs, 149 Labels, 57 Branches, 0 / 2 kB covered
127 Procs, 149 Labels, 57 Branches, 0 / 2 kB covered
127 Procs, 149 Labels, 57 Branches, 0 / 2 kB covered
127 Procs, 149 Labels, 57 Branches, 0 / 2 kB covered
127 Procs, 149 Labels, 57 Branches, 0 / 2 kB covered
127 Procs, 149 Labels, 57 Branches, 0 / 2 kB covered
127 Procs, 149 Labels, 57 Branches, 0 / 2 kB covered
127 Procs, 149 Labels, 57 Branches, 0 / 2 kB covered
127 Procs, 149 Labels, 57 Branches, 0 / 2 kB covered
127 Procs, 149 Labels, 57 Branches, 0 / 2 kB covered
127 Procs, 149 Labels, 57 Branches, 0 / 2 kB covered
127 Procs, 149 Labels, 57 Branches, 0 / 2 kB covered
127 Procs, 149 Labels, 57 Branches, 0 / 2 kB covered
127 Procs, 149 Labels, 57 Branches, 0 / 2 kB covered
127 Procs, 149 Labels, 57 Branches, 0 / 2 kB covered
127 Procs, 149 Labels, 57 Branches, 0 / 2 kB covered
127 Procs, 149 Labels, 57 Branches, 0 / 2 kB covered
127 Procs, 149 Labels, 57 Branches, 0 / 2 kB covered
127 Procs, 149 Labels, 57 Branches, 0 / 2 kB covered
127 Procs, 149 Labels, 57 Branches, 0 / 2 kB covered
127 Procs, 149 Labels, 57 Branches, 0 / 2 kB covered
127 Procs, 149 Labels, 57 Branches, 0 / 2 kB covered
127 Procs, 149 Labels, 57 Branches, 0 / 2 kB covered
127 Procs, 149 Labels, 57 Branches, 0 / 2 kB covered
127 Procs, 149 Labels, 57 Branches, 0 / 2 kB covered
127 Procs, 149 Labels, 57 Branches, 0 / 2 kB covered
127 Procs, 149 Labels, 57 Branches, 0 / 2 kB covered
127 Procs, 149 Labels, 57 Branches, 0 / 2 kB covered
127 Procs, 149 Labels, 57 Branches, 0 / 2 kB covered
127 Procs, 149 Labels, 57 Branches, 0 / 2 kB covered
127 Procs, 149 Labels, 57 Branches, 0 / 2 kB covered
127 Procs, 149 Labels, 57 Branches, 0 / 2 kB covered
127 Procs, 149 Labels, 57 Branches, 0 / 2 kB covered
127 Procs, 149 Labels, 57 Branches, 0 / 2 kB covered
127 Procs, 149 Labels, 57 Branches, 0 / 2 kB covered
127 Procs, 149 Labels, 57 Branches, 0 / 2 kB covered
127 Procs, 149 Labels, 57 Branches, 0 / 2 kB covered
127 Procs, 149 Labels, 57 Branches, 0 / 2 kB covered
127 Procs, 149 Labels, 57 Branches, 0 / 2 kB covered
127 Procs, 149 Labels, 57 Branches, 0 / 2 kB covered
127 Procs, 149 Labels, 57 Branches, 0 / 2 kB covered
127 Procs, 149 Labels, 57 Branches, 0 / 2 kB covered
Resolving indirect jumps...
127 Procs, 149 Labels, 57 Branches, 0 / 2 kB covered
127 Procs, 149 Labels, 57 Branches, 0 / 2 kB covered
Resolving constants and strings...
127 Procs, 149 Labels, 57 Branches, 0 / 2 kB covered
Discovering unreached functions...
127 Procs, 149 Labels, 57 Branches, 0 / 2 kB covered
Computing call tree...
127 Procs, 149 Labels, 57 Branches, 0 / 2 kB covered
Computing calling conventions...
127 Procs, 149 Labels, 57 Branches, 0 / 2 kB covered
Computing Calling Convention: 1/127  0x10000000
Computing Calling Convention: 3/127  0x100002E8
Computing Calling Convention: 5/127  0x1000034C
Computing Calling Convention: 6/127  0x100003C4
Computing Calling Convention: 7/127  0x100003E0
Computing Calling Convention: 8/127  0x10000424
Computing Calling Convention: 11/127  0x100005A0
Computing Calling Convention: 13/127  0x10000630
Computing Calling Convention: 14/127  0x100006B0
Computing Calling Convention: 15/127  0x100006B4
Computing Calling Convention: 16/127  0x100006B8
Computing Calling Convention: 17/127  0x100006BC
Computing Calling Convention: 18/127  0x100006C0
Computing Calling Convention: 19/127  0x100006C4
Computing Calling Convention: 20/127  0x100006C8
Computing Calling Convention: 21/127  0x100006CC
Computing Calling Convention: 22/127  0x100006D0
Computing Calling Convention: 23/127  0x100006D4
Computing Calling Convention: 24/127  0x100006D8
Computing Calling Convention: 25/127  0x100006DC
Computing Calling Convention: 26/127  0x100006E0
Computing Calling Convention: 27/127  0x100006E4
Computing Calling Convention: 28/127  0x100006E8
Computing Calling Convention: 29/127  0x100006EC
Computing Calling Convention: 30/127  0x100006F0
Computing Calling Convention: 31/127  0x100006F4
Computing Calling Convention: 32/127  0x100006FC
Computing Calling Convention: 33/127  0x10000700
Computing Calling Convention: 34/127  0x10000704
Computing Calling Convention: 35/127  0x10000708
Computing Calling Convention: 36/127  0x1000070C
Computing Calling Convention: 37/127  0x10000710
Computing Calling Convention: 38/127  0x10000714
Computing Calling Convention: 39/127  0x10000718
Computing Calling Convention: 40/127  0x1000071C
Computing Calling Convention: 41/127  0x10000720
Computing Calling Convention: 42/127  0x10000724
Computing Calling Convention: 43/127  0x10000728
Computing Calling Convention: 44/127  0x1000072C
Computing Calling Convention: 45/127  0x10000730
Computing Calling Convention: 46/127  0x10000734
Computing Calling Convention: 47/127  0x10000738
Computing Calling Convention: 48/127  0x1000073C
Computing Calling Convention: 49/127  0x10000740
Computing Calling Convention: 50/127  0x10000748
Computing Calling Convention: 51/127  0x1000074C
Computing Calling Convention: 52/127  0x10000750
Computing Calling Convention: 53/127  0x10000754
Computing Calling Convention: 54/127  0x10000758
Computing Calling Convention: 55/127  0x1000075C
Computing Calling Convention: 56/127  0x10000760
Computing Calling Convention: 57/127  0x10000764
Computing Calling Convention: 58/127  0x10000768
Computing Calling Convention: 59/127  0x1000076C
Computing Calling Convention: 60/127  0x10000770
Computing Calling Convention: 61/127  0x10000774
Computing Calling Convention: 62/127  0x10000778
Computing Calling Convention: 63/127  0x1000077C
Computing Calling Convention: 64/127  0x10000780
Computing Calling Convention: 65/127  0x10000784
Computing Calling Convention: 66/127  0x10000788
Computing Calling Convention: 67/127  0x1000078C
Computing Calling Convention: 68/127  0x10000794
Computing Calling Convention: 69/127  0x10000798
Computing Calling Convention: 70/127  0x1000079C
Computing Calling Convention: 71/127  0x100007A0
Computing Calling Convention: 72/127  0x100007A4
Computing Calling Convention: 73/127  0x100007A8
Computing Calling Convention: 74/127  0x100007AC
Computing Calling Convention: 75/127  0x100007B0
Computing Calling Convention: 76/127  0x100007B4
Computing Calling Convention: 77/127  0x100007B8
Computing Calling Convention: 78/127  0x100007BC
Computing Calling Convention: 79/127  0x100007C0
Computing Calling Convention: 80/127  0x100007C4
Computing Calling Convention: 81/127  0x100007C8
Computing Calling Convention: 82/127  0x100007CC
Computing Calling Convention: 83/127  0x100007D0
Computing Calling Convention: 84/127  0x100007D4
Computing Calling Convention: 85/127  0x100007D8
Computing Calling Convention: 86/127  0x100007E0
Computing Calling Convention: 87/127  0x100007E4
Computing Calling Convention: 88/127  0x100007E8
Computing Calling Convention: 89/127  0x100007EC
Computing Calling Convention: 90/127  0x100007F0
Computing Calling Convention: 91/127  0x100007F4
Computing Calling Convention: 92/127  0x100007F8
Computing Calling Convention: 93/127  0x100007FC
Computing Calling Convention: 94/127  0x10000800
Computing Calling Convention: 95/127  0x10000804
Computing Calling Convention: 96/127  0x10000808
Computing Calling Convention: 97/127  0x1000080C
Computing Calling Convention: 98/127  0x10000810
Computing Calling Convention: 99/127  0x10000814
Computing Calling Convention: 100/127  0x10000818
Computing Calling Convention: 101/127  0x1000081C
Computing Calling Convention: 102/127  0x10000820
Computing Calling Convention: 103/127  0x10000824
Computing Calling Convention: 104/127  0x10000838
Computing Calling Convention: 105/127  0x1000083C
Computing Calling Convention: 106/127  0x10000840
Computing Calling Convention: 107/127  0x10000844
Computing Calling Convention: 108/127  0x10000848
Computing Calling Convention: 109/127  0x1000084C
Computing Calling Convention: 110/127  0x10000850
Computing Calling Convention: 111/127  0x10000854
Computing Calling Convention: 112/127  0x10000858
Computing Calling Convention: 113/127  0x1000085C
Computing Calling Convention: 114/127  0x10000860
Computing Calling Convention: 115/127  0x10000864
Computing Calling Convention: 116/127  0x10000868
Computing Calling Convention: 117/127  0x1000086C
Computing Calling Convention: 118/127  0x10000870
Computing Calling Convention: 119/127  0x10000874
Computing Calling Convention: 120/127  0x10000878
Computing Calling Convention: 121/127  0x1000087C
Computing Calling Convention: 122/127  0x10000890
Computing Calling Convention: 123/127  0x100008E0
Computing Calling Convention: 124/127  0x100008FC
Computing Calling Convention: 125/127  0x10010AD4
Computing Calling Convention: 126/127  0x10010B30
Computing Calling Convention: 127/127  0x10010B40
Computing Calling Convention: 2/5  0x1000030C
Computing Calling Convention: 3/5  0x10000440
Computing Calling Convention: 4/5  0x10000594
Computing Calling Convention: 1/2  0x100002C0
Computing Calling Convention: 2/2  0x10000624
Computing label cross-references...
127 Procs, 149 Labels, 57 Branches, 0 / 2 kB covered
File analysis complete.
127 Procs, 149 Labels, 57 Branches, 0 / 2 kB covered

Decompiling 1/127: 0x10000000
Decompiling 2/127: 0x100002C0
Decompiling 3/127: 0x100002E8
Decompiling 4/127: 0x1000030C
Decompiling 5/127: 0x1000034C
Decompiling 6/127: 0x100003C4
Decompiling 7/127: 0x100003E0
Decompiling 8/127: 0x10000424
Decompiling 9/127: 0x10000440
Decompiling 10/127: 0x10000594
Decompiling 11/127: 0x100005A0
Decompiling 12/127: 0x10000624
Decompiling 13/127: 0x10000630
Decompiling 14/127: 0x100006B0
Decompiling 15/127: 0x100006B4
Decompiling 16/127: 0x100006B8
Decompiling 17/127: 0x100006BC
Decompiling 18/127: 0x100006C0
Decompiling 19/127: 0x100006C4
Decompiling 20/127: 0x100006C8
Decompiling 21/127: 0x100006CC
Decompiling 22/127: 0x100006D0
Decompiling 23/127: 0x100006D4
Decompiling 24/127: 0x100006D8
Decompiling 25/127: 0x100006DC
Decompiling 26/127: 0x100006E0
Decompiling 27/127: 0x100006E4
Decompiling 28/127: 0x100006E8
Decompiling 29/127: 0x100006EC
Decompiling 30/127: 0x100006F0
Decompiling 31/127: 0x100006F4
Decompiling 32/127: 0x100006FC
Decompiling 33/127: 0x10000700
Decompiling 34/127: 0x10000704
Decompiling 35/127: 0x10000708
Decompiling 36/127: 0x1000070C
Decompiling 37/127: 0x10000710
Decompiling 38/127: 0x10000714
Decompiling 39/127: 0x10000718
Decompiling 40/127: 0x1000071C
Decompiling 41/127: 0x10000720
Decompiling 42/127: 0x10000724
Decompiling 43/127: 0x10000728
Decompiling 44/127: 0x1000072C
Decompiling 45/127: 0x10000730
Decompiling 46/127: 0x10000734
Decompiling 47/127: 0x10000738
Decompiling 48/127: 0x1000073C
Decompiling 49/127: 0x10000740
Decompiling 50/127: 0x10000748
Decompiling 51/127: 0x1000074C
Decompiling 52/127: 0x10000750
Decompiling 53/127: 0x10000754
Decompiling 54/127: 0x10000758
Decompiling 55/127: 0x1000075C
Decompiling 56/127: 0x10000760
Decompiling 57/127: 0x10000764
Decompiling 58/127: 0x10000768
Decompiling 59/127: 0x1000076C
Decompiling 60/127: 0x10000770
Decompiling 61/127: 0x10000774
Decompiling 62/127: 0x10000778
Decompiling 63/127: 0x1000077C
Decompiling 64/127: 0x10000780
Decompiling 65/127: 0x10000784
Decompiling 66/127: 0x10000788
Decompiling 67/127: 0x1000078C
Decompiling 68/127: 0x10000794
Decompiling 69/127: 0x10000798
Decompiling 70/127: 0x1000079C
Decompiling 71/127: 0x100007A0
Decompiling 72/127: 0x100007A4
Decompiling 73/127: 0x100007A8
Decompiling 74/127: 0x100007AC
Decompiling 75/127: 0x100007B0
Decompiling 76/127: 0x100007B4
Decompiling 77/127: 0x100007B8
Decompiling 78/127: 0x100007BC
Decompiling 79/127: 0x100007C0
Decompiling 80/127: 0x100007C4
Decompiling 81/127: 0x100007C8
Decompiling 82/127: 0x100007CC
Decompiling 83/127: 0x100007D0
Decompiling 84/127: 0x100007D4
Decompiling 85/127: 0x100007D8
Decompiling 86/127: 0x100007E0
Decompiling 87/127: 0x100007E4
Decompiling 88/127: 0x100007E8
Decompiling 89/127: 0x100007EC
Decompiling 90/127: 0x100007F0
Decompiling 91/127: 0x100007F4
Decompiling 92/127: 0x100007F8
Decompiling 93/127: 0x100007FC
Decompiling 94/127: 0x10000800
Decompiling 95/127: 0x10000804
Decompiling 96/127: 0x10000808
Decompiling 97/127: 0x1000080C
Decompiling 98/127: 0x10000810
Decompiling 99/127: 0x10000814
Decompiling 100/127: 0x10000818
Decompiling 101/127: 0x1000081C
Decompiling 102/127: 0x10000820
Decompiling 103/127: 0x10000824
Decompiling 104/127: 0x10000838
Decompiling 105/127: 0x1000083C
Decompiling 106/127: 0x10000840
Decompiling 107/127: 0x10000844
Decompiling 108/127: 0x10000848
Decompiling 109/127: 0x1000084C
Decompiling 110/127: 0x10000850
Decompiling 111/127: 0x10000854
Decompiling 112/127: 0x10000858
Decompiling 113/127: 0x1000085C
Decompiling 114/127: 0x10000860
Decompiling 115/127: 0x10000864
Decompiling 116/127: 0x10000868
Decompiling 117/127: 0x1000086C
Decompiling 118/127: 0x10000870
Decompiling 119/127: 0x10000874
Decompiling 120/127: 0x10000878
Decompiling 121/127: 0x1000087C
Decompiling 122/127: 0x10000890
Decompiling 123/127: 0x100008E0
Decompiling 124/127: 0x100008FC
Decompiling 125/127: 0x10010AD4
Decompiling 126/127: 0x10010B30
Decompiling 127/127: 0x10010B40
Decompiling 127/127: 0x10010B40

