Analyzing './from_snowman/other-014_calls/x64_elf/subject.exe' as a x86_64 64 ELF binary file.

0 Procs, 0 Labels, 0 Branches, 0 / 0 kB covered
./from_snowman/other-014_calls/x64_elf/subject.exe: no .debug_info section
./from_snowman/other-014_calls/x64_elf/subject.exe: 9 sections starting at 0x000002D0
./from_snowman/other-014_calls/x64_elf/subject.exe: section string table at 0x00000450, 0x55 bytes
 Offset:  [ix]  Address    Size    Offset  Name
000002D0: [ 0] 00000000 00000000 00000000 
00000310: [ 1] 00400120 00000024 00000120 .note.gnu.build-id
00000350: [ 2] 00400144 00000081 00000144 .text
00000390: [ 3] 004001C8 00000024 000001C8 .eh_frame_hdr
000003D0: [ 4] 004001F0 00000078 000001F0 .eh_frame
00000410: [ 5] 00000000 00000011 00000268 .comment
00000450: [ 6] 00000000 00000055 00000279 .shstrtab
00000490: [ 7] 00000000 00000168 00000510 .symtab
000004D0: [ 8] 00000000 00000032 00000678 .strtab
Matching signatures...
0 Procs, 0 Labels, 0 Branches, 0 / 0 kB covered
0 Procs, 0 Labels, 0 Branches, 0 / 0 kB covered
Separating code and data...
0 Procs, 0 Labels, 0 Branches, 0 / 0 kB covered
0 Procs, 2 Labels, 1 Branches, 0 / 0 kB covered
0 Procs, 2 Labels, 1 Branches, 0 / 0 kB covered
0 Procs, 2 Labels, 1 Branches, 0 / 0 kB covered
0 Procs, 2 Labels, 1 Branches, 0 / 0 kB covered
Resolving indirect jumps...
0 Procs, 2 Labels, 1 Branches, 0 / 0 kB covered
0 Procs, 2 Labels, 1 Branches, 0 / 0 kB covered
Resolving constants and strings...
0 Procs, 2 Labels, 1 Branches, 0 / 0 kB covered
Discovering unreached functions...
0 Procs, 2 Labels, 1 Branches, 0 / 0 kB covered
Computing call tree...
0 Procs, 2 Labels, 1 Branches, 0 / 0 kB covered
Computing calling conventions...
0 Procs, 2 Labels, 1 Branches, 0 / 0 kB covered
Computing label cross-references...
0 Procs, 2 Labels, 1 Branches, 0 / 0 kB covered
File analysis complete.
0 Procs, 2 Labels, 1 Branches, 0 / 0 kB covered


Binary file (standard input) matches
