Running phase: Unpacking ( some time )
No matching plugins found for 'GCC 8.2.1'
No matching plugins found for 'p7zip SFX'
Running phase: Initialization ( some time )
Running phase: Providers initialization ( some time )
Running phase: Input binary to LLVM IR decoding ( some time )
Running phase: LLVM ( some time )
Running phase: x86 address spaces optimization ( some time )
Running phase: x87 fpu register analysis ( some time )
Running phase: Main function identification optimization ( some time )
Running phase: Libgcc idioms optimization ( some time )
Running phase: LLVM instruction optimization ( some time )
Running phase: Conditional branch optimization ( some time )
Running phase: Syscalls optimization ( some time )
Running phase: Stack optimization ( some time )
Running phase: Constants optimization ( some time )
Running phase: Function parameters and returns optimization ( some time )
Running phase: LLVM instruction optimization using RDA ( some time )
Running phase: LLVM instruction optimization ( some time )
Running phase: Simple types recovery optimization ( some time )
Running phase: Disassembly generation ( some time )
Running phase: Assembly mapping instruction removal ( some time )
Running phase: C++ class hierarchy optimization ( some time )
Running phase: Selected functions optimization ( some time )
Running phase: Unreachable functions optimization ( some time )
Running phase: LLVM instruction optimization ( some time )
Running phase: Make all registers local ( some time )
Running phase: Value protection optimization ( some time )
Running phase: LLVM ( some time )
Running phase: LLVM instruction optimization ( some time )
Running phase: Simple types recovery optimization ( some time )
Running phase: Stack pointer operations optimization ( some time )
Running phase: Instruction idioms optimization ( some time )
Running phase: LLVM ( some time )
Running phase: LLVM instruction optimization ( some time )
Running phase: Instruction idioms optimization ( some time )
Running phase: Phi removal ( some time )
Running phase: LLVM ( some time )
Running phase: Value protection optimization ( some time )
Running phase: Generate the current LLVM IR ( some time )
Running phase: Generate the current bitcode ( some time )
Running phase: LLVM IR -> HLL ( some time )
Running phase: initialization ( some time )
 -> loading the input config ( some time )
 -> creating the used HLL writer [c] ( some time )
 -> creating the used alias analysis [simple] ( some time )
 -> creating the used call info obtainer [optim] ( some time )
 -> creating the used evaluator of arithmetical expressions [c] ( some time )
 -> creating the used variable names generator [fruit] ( some time )
 -> creating the used variable renamer [readable] ( some time )
 -> creating the used semantics [libc,gcc-general,win-api] ( some time )
Running phase: conversion of LLVM IR into BIR ( some time )
 -> converting global variables ( some time )
 -> converting function main ( some time )
 -> converting function var0000_0123456789 ( some time )
 -> converting function var0001_0123456789 ( some time )
 -> converting function var0002_0123456789 ( some time )
 -> converting function var0003_0123456789 ( some time )
 -> converting function var0004_0123456789 ( some time )
 -> converting function var0005_0123456789 ( some time )
 -> converting function var0006_0123456789 ( some time )
 -> converting function var0007_0123456789 ( some time )
 -> converting function var0008_0123456789 ( some time )
 -> converting function var0009_0123456789 ( some time )
 -> converting function var0010_0123456789 ( some time )
 -> converting function var0011_0123456789 ( some time )
 -> converting function var0012_0123456789 ( some time )
 -> converting function var0013_0123456789 ( some time )
 -> converting function var0014_0123456789 ( some time )
 -> converting function var0015_0123456789 ( some time )
 -> converting function var0016_0123456789 ( some time )
 -> converting function var0017_0123456789 ( some time )
 -> converting function var0018_0123456789 ( some time )
 -> converting function var0019_0123456789 ( some time )
 -> converting function var0020_0123456789 ( some time )
 -> converting function var0021_0123456789 ( some time )
 -> converting function var0022_0123456789 ( some time )
 -> converting function var0023_0123456789 ( some time )
 -> converting function var0024_0123456789 ( some time )
 -> converting function var0025_0123456789 ( some time )
 -> converting function var0026_0123456789 ( some time )
 -> converting function var0027_0123456789 ( some time )
 -> converting function var0028_0123456789 ( some time )
 -> converting function var0029_0123456789 ( some time )
 -> converting function var0030_0123456789 ( some time )
 -> converting function var0031_0123456789 ( some time )
 -> converting function var0032_0123456789 ( some time )
 -> converting function var0033_0123456789 ( some time )
 -> converting function var0034_0123456789 ( some time )
 -> converting function var0035_0123456789 ( some time )
 -> converting function var0036_0123456789 ( some time )
 -> converting function var0037_0123456789 ( some time )
 -> converting function var0038_0123456789 ( some time )
 -> converting function var0039_0123456789 ( some time )
 -> converting function var0040_0123456789 ( some time )
 -> converting function var0041_0123456789 ( some time )
 -> converting function var0042_0123456789 ( some time )
 -> converting function var0043_0123456789 ( some time )
 -> converting function var0044_0123456789 ( some time )
 -> converting function var0045_0123456789 ( some time )
 -> converting function var0046_0123456789 ( some time )
 -> converting function var0047_0123456789 ( some time )
 -> converting function var0048_0123456789 ( some time )
 -> converting function var0049_0123456789 ( some time )
 -> converting function var0050_0123456789 ( some time )
 -> converting function var0051_0123456789 ( some time )
 -> converting function var0052_0123456789 ( some time )
 -> converting function var0053_0123456789 ( some time )
 -> converting function var0054_0123456789 ( some time )
 -> converting function var0055_0123456789 ( some time )
 -> converting function var0056_0123456789 ( some time )
 -> converting function var0057_0123456789 ( some time )
 -> converting function var0058_0123456789 ( some time )
 -> converting function var0059_0123456789 ( some time )
 -> converting function var0060_0123456789 ( some time )
 -> converting function var0061_0123456789 ( some time )
 -> converting function var0062_0123456789 ( some time )
 -> converting function var0063_0123456789 ( some time )
 -> converting function var0064_0123456789 ( some time )
 -> converting function var0065_0123456789 ( some time )
 -> converting function var0066_9876543210 ( some time )
 -> converting function var0067_9876543210 ( some time )
 -> converting function var0068_9876543210 ( some time )
 -> converting function var0069_9876543210 ( some time )
 -> converting function var0070_9876543210 ( some time )
 -> converting function var0071_9876543210 ( some time )
 -> converting function var0072_9876543210 ( some time )
 -> converting function var0073_9876543210 ( some time )
 -> converting function var0074_9876543210 ( some time )
 -> converting function var0075_9876543210 ( some time )
 -> converting function var0076_9876543210 ( some time )
 -> converting function var0077_9876543210 ( some time )
 -> converting function var0078_9876543210 ( some time )
 -> converting function var0079_9876543210 ( some time )
 -> converting function var0080_9876543210 ( some time )
 -> converting function var0081_9876543210 ( some time )
 -> converting function var0082_9876543210 ( some time )
 -> converting function var0083_9876543210 ( some time )
 -> converting function var0084_9876543210 ( some time )
 -> converting function var0085_9876543210 ( some time )
 -> converting function var0086_9876543210 ( some time )
 -> converting function var0087_9876543210 ( some time )
 -> converting function var0088_9876543210 ( some time )
 -> converting function var0089_9876543210 ( some time )
 -> converting function var0090_9876543210 ( some time )
 -> converting function var0091_9876543210 ( some time )
 -> converting function var0092_9876543210 ( some time )
 -> converting function var0093_9876543210 ( some time )
 -> converting function var0094_9876543210 ( some time )
 -> converting function var0095_9876543210 ( some time )
 -> converting function var0096_9876543210 ( some time )
 -> converting function var0097_9876543210 ( some time )
 -> converting function var0098_9876543210 ( some time )
 -> converting function var0099_9876543210 ( some time )
 -> converting function var0100_9876543210 ( some time )
 -> converting function var0101_9876543210 ( some time )
 -> converting function var0102_9876543210 ( some time )
 -> converting function var0103_9876543210 ( some time )
 -> converting function var0104_9876543210 ( some time )
 -> converting function var0105_9876543210 ( some time )
 -> converting function var0106_9876543210 ( some time )
 -> converting function var0107_9876543210 ( some time )
 -> converting function var0108_9876543210 ( some time )
 -> converting function var0109_9876543210 ( some time )
 -> converting function var0110_9876543210 ( some time )
 -> converting function var0111_9876543210 ( some time )
 -> converting function var0112_9876543210 ( some time )
 -> converting function var0113_9876543210 ( some time )
 -> converting function var0114_0123456789 ( some time )
 -> converting function var0115_0123456789 ( some time )
 -> converting function var0116_0123456789 ( some time )
 -> converting function var0117_0123456789 ( some time )
 -> converting function var0118_0123456789 ( some time )
 -> converting function var0119_0123456789 ( some time )
 -> converting function var0120_0123456789 ( some time )
 -> converting function var0121_0123456789 ( some time )
 -> converting function var0122_0123456789 ( some time )
 -> converting function var0123_0123456789 ( some time )
 -> converting function var0124_0123456789 ( some time )
 -> converting function var0125_0123456789 ( some time )
 -> converting function var0126_0123456789 ( some time )
 -> converting function var0127_0123456789 ( some time )
 -> converting function var0128_0123456789 ( some time )
 -> converting function var0129_0123456789 ( some time )
 -> converting function var0130_0123456789 ( some time )
 -> converting function var0131_0123456789 ( some time )
 -> converting function var0132_0123456789 ( some time )
 -> converting function var0133_0123456789 ( some time )
 -> converting function var0134_0123456789 ( some time )
 -> converting function var0135_0123456789 ( some time )
 -> converting function var0136_0123456789 ( some time )
 -> converting function var0137_0123456789 ( some time )
 -> converting function var0138_0123456789 ( some time )
 -> converting function var0139_0123456789 ( some time )
 -> converting function var0140_0123456789 ( some time )
 -> converting function var0141_0123456789 ( some time )
 -> converting function var0142_0123456789 ( some time )
 -> converting function var0143_0123456789 ( some time )
 -> converting function var0144_0123456789 ( some time )
 -> converting function var0145_0123456789 ( some time )
 -> converting function var0146_0123456789 ( some time )
 -> converting function var0147_0123456789 ( some time )
 -> converting function var0148_0123456789 ( some time )
 -> converting function var0149_0123456789 ( some time )
 -> converting function var0150_0123456789 ( some time )
 -> converting function var0151_0123456789 ( some time )
 -> converting function var0152_0123456789 ( some time )
 -> converting function var0153_0123456789 ( some time )
 -> converting function var0154_0123456789 ( some time )
 -> converting function var0155_0123456789 ( some time )
 -> converting function var0156_0123456789 ( some time )
 -> converting function var0157_0123456789 ( some time )
 -> converting function var0158_0123456789 ( some time )
 -> converting function var0159_0123456789 ( some time )
 -> converting function var0160_0123456789 ( some time )
 -> converting function var0161_0123456789 ( some time )
 -> converting function var0162_0123456789 ( some time )
 -> converting function var0163_0123456789 ( some time )
 -> converting function var0164_0123456789 ( some time )
 -> converting function var0165_0123456789 ( some time )
 -> converting function var0166_0123456789 ( some time )
 -> converting function var0167_0123456789 ( some time )
 -> converting function var0168_0 ( some time )
 -> converting function var0169_0 ( some time )
 -> converting function var0170_0 ( some time )
 -> converting function var0171_0 ( some time )
 -> converting function var0172_0 ( some time )
 -> converting function var0173_0 ( some time )
 -> converting function var0174_0 ( some time )
 -> converting function var0175_0 ( some time )
 -> converting function var0176_0 ( some time )
 -> converting function var0177_0 ( some time )
 -> converting function var0178_0 ( some time )
 -> converting function var0179_0 ( some time )
 -> converting function var0180_0 ( some time )
 -> converting function var0181_0 ( some time )
 -> converting function var0182_0 ( some time )
 -> converting function var0183_0 ( some time )
 -> converting function var0184_0 ( some time )
 -> converting function var0185_0 ( some time )
 -> converting function var0186_0 ( some time )
 -> converting function var0187_0 ( some time )
 -> converting function var0188_0 ( some time )
 -> converting function var0189_0 ( some time )
 -> converting function var0190_0 ( some time )
 -> converting function var0191_0 ( some time )
 -> converting function var0192_0 ( some time )
 -> converting function var0193_0 ( some time )
 -> converting function var0194_0 ( some time )
 -> converting function var0195_0 ( some time )
 -> converting function var0196_0 ( some time )
 -> converting function var0197_0 ( some time )
 -> converting function var0198_0 ( some time )
 -> converting function var0199_0 ( some time )
 -> converting function var0200_0 ( some time )
 -> converting function var0201_0 ( some time )
 -> converting function var0202_0 ( some time )
 -> converting function var0203_0 ( some time )
 -> converting function var0204_0 ( some time )
 -> converting function var0205_0 ( some time )
 -> converting function var0206_0 ( some time )
 -> converting function var0207_0 ( some time )
 -> converting function var0208_0 ( some time )
 -> converting function var0209_0 ( some time )
 -> converting function var0210_0 ( some time )
 -> converting function var0211_0 ( some time )
 -> converting function var0212_0 ( some time )
 -> converting function var0213_0 ( some time )
 -> converting function var0214_0 ( some time )
 -> converting function var0215_0 ( some time )
 -> converting function var0216_0 ( some time )
 -> converting function var0217_0 ( some time )
 -> converting function var0218_0 ( some time )
 -> converting function var0219_0 ( some time )
 -> converting function var0220_0 ( some time )
 -> converting function var0221_0 ( some time )
 -> converting function var0222_0 ( some time )
 -> converting function var0223_0 ( some time )
 -> converting function var0224_0 ( some time )
 -> converting function var0225_0 ( some time )
 -> converting function var0226_0 ( some time )
 -> converting function var0227_0 ( some time )
 -> converting function var0228_0 ( some time )
 -> converting function var0229_0 ( some time )
 -> converting function var0230_0 ( some time )
 -> converting function var0231_0 ( some time )
 -> converting function var0232_0 ( some time )
 -> converting function var0233_0 ( some time )
 -> converting function var0234_9 ( some time )
 -> converting function var0235_9 ( some time )
 -> converting function var0236_9 ( some time )
 -> converting function var0237_9 ( some time )
 -> converting function var0238_9 ( some time )
 -> converting function var0239_9 ( some time )
 -> converting function var0240_9 ( some time )
 -> converting function var0241_9 ( some time )
 -> converting function var0242_9 ( some time )
 -> converting function var0243_9 ( some time )
 -> converting function var0244_9 ( some time )
 -> converting function var0245_9 ( some time )
 -> converting function var0246_9 ( some time )
 -> converting function var0247_9 ( some time )
 -> converting function var0248_9 ( some time )
 -> converting function var0249_9 ( some time )
 -> converting function var0250_9 ( some time )
 -> converting function var0251_9 ( some time )
 -> converting function var0252_9 ( some time )
 -> converting function var0253_9 ( some time )
 -> converting function var0254_9 ( some time )
 -> converting function var0255_9 ( some time )
 -> converting function var0256_9 ( some time )
 -> converting function var0257_9 ( some time )
 -> converting function var0258_9 ( some time )
 -> converting function var0259_9 ( some time )
 -> converting function var0260_9 ( some time )
 -> converting function var0261_9 ( some time )
 -> converting function var0262_9 ( some time )
 -> converting function var0263_9 ( some time )
 -> converting function var0264_9 ( some time )
 -> converting function var0265_9 ( some time )
 -> converting function var0266_9 ( some time )
 -> converting function var0267_9 ( some time )
 -> converting function var0268_9 ( some time )
 -> converting function var0269_9 ( some time )
 -> converting function var0270_9 ( some time )
 -> converting function var0271_9 ( some time )
 -> converting function var0272_9 ( some time )
 -> converting function var0273_9 ( some time )
 -> converting function var0274_9 ( some time )
 -> converting function var0275_9 ( some time )
 -> converting function var0276_9 ( some time )
 -> converting function var0277_9 ( some time )
 -> converting function var0278_9 ( some time )
 -> converting function var0279_9 ( some time )
 -> converting function var0280_9 ( some time )
 -> converting function var0281_9 ( some time )
 -> converting function var0282_0 ( some time )
 -> converting function var0283_0 ( some time )
 -> converting function var0284_0 ( some time )
 -> converting function var0285_0 ( some time )
 -> converting function var0286_0 ( some time )
 -> converting function var0287_0 ( some time )
 -> converting function var0288_0 ( some time )
 -> converting function var0289_0 ( some time )
 -> converting function var0290_0 ( some time )
 -> converting function var0291_0 ( some time )
 -> converting function var0292_0 ( some time )
 -> converting function var0293_0 ( some time )
 -> converting function var0294_0 ( some time )
 -> converting function var0295_0 ( some time )
 -> converting function var0296_0 ( some time )
 -> converting function var0297_0 ( some time )
 -> converting function var0298_0 ( some time )
 -> converting function var0299_0 ( some time )
 -> converting function var0300_0 ( some time )
 -> converting function var0301_0 ( some time )
 -> converting function var0302_0 ( some time )
 -> converting function var0303_0 ( some time )
 -> converting function var0304_0 ( some time )
 -> converting function var0305_0 ( some time )
 -> converting function var0306_0 ( some time )
 -> converting function var0307_0 ( some time )
 -> converting function var0308_0 ( some time )
 -> converting function var0309_0 ( some time )
 -> converting function var0310_0 ( some time )
 -> converting function var0311_0 ( some time )
 -> converting function var0312_0 ( some time )
 -> converting function var0313_0 ( some time )
 -> converting function var0314_0 ( some time )
 -> converting function var0315_0 ( some time )
 -> converting function var0316_0 ( some time )
 -> converting function var0317_0 ( some time )
 -> converting function var0318_0 ( some time )
 -> converting function var0319_0 ( some time )
 -> converting function var0320_0 ( some time )
 -> converting function var0321_0 ( some time )
 -> converting function var0322_0 ( some time )
 -> converting function var0323_0 ( some time )
 -> converting function var0324_0 ( some time )
 -> converting function var0325_0 ( some time )
 -> converting function var0326_0 ( some time )
 -> converting function var0327_0 ( some time )
 -> converting function var0328_0 ( some time )
 -> converting function var0329_0 ( some time )
 -> converting function var0330_0 ( some time )
 -> converting function var0331_0 ( some time )
 -> converting function var0332_0 ( some time )
 -> converting function var0333_0 ( some time )
 -> converting function var0334_0 ( some time )
 -> converting function var0335_0 ( some time )
 -> converting function var0336_empty ( some time )
 -> converting function var0337_empty ( some time )
 -> converting function var0338_empty ( some time )
 -> converting function var0339_empty ( some time )
 -> converting function var0340_empty ( some time )
 -> converting function var0341_empty ( some time )
 -> converting function var0342_empty ( some time )
 -> converting function var0343_empty ( some time )
 -> converting function var0344_empty ( some time )
 -> converting function var0345_empty ( some time )
 -> converting function var0346_empty ( some time )
 -> converting function var0347_empty ( some time )
 -> converting function var0348_empty ( some time )
 -> converting function var0349_empty ( some time )
 -> converting function var0350_empty ( some time )
 -> converting function var0351_empty ( some time )
 -> converting function var0352_empty ( some time )
 -> converting function var0353_empty ( some time )
 -> converting function var0354_empty ( some time )
 -> converting function var0355_empty ( some time )
 -> converting function var0356_empty ( some time )
 -> converting function var0357_empty ( some time )
 -> converting function var0358_empty ( some time )
 -> converting function var0359_empty ( some time )
 -> converting function var0360_empty ( some time )
 -> converting function var0361_empty ( some time )
 -> converting function var0362_empty ( some time )
 -> converting function var0363_empty ( some time )
 -> converting function var0364_empty ( some time )
 -> converting function var0365_empty ( some time )
 -> converting function var0366_empty ( some time )
 -> converting function var0367_empty ( some time )
 -> converting function var0368_empty ( some time )
 -> converting function var0369_empty ( some time )
 -> converting function var0370_empty ( some time )
 -> converting function var0371_empty ( some time )
 -> converting function var0372_empty ( some time )
 -> converting function var0373_empty ( some time )
 -> converting function var0374_empty ( some time )
 -> converting function var0375_empty ( some time )
 -> converting function var0376_empty ( some time )
 -> converting function var0377_empty ( some time )
 -> converting function var0378_empty ( some time )
 -> converting function var0379_empty ( some time )
 -> converting function var0380_empty ( some time )
 -> converting function var0381_empty ( some time )
 -> converting function var0382_empty ( some time )
 -> converting function var0383_empty ( some time )
 -> converting function var0384_empty ( some time )
 -> converting function var0385_empty ( some time )
 -> converting function var0386_empty ( some time )
 -> converting function var0387_empty ( some time )
 -> converting function var0388_empty ( some time )
 -> converting function var0389_empty ( some time )
 -> converting function var0390_empty ( some time )
 -> converting function var0391_empty ( some time )
 -> converting function var0392_empty ( some time )
 -> converting function var0393_empty ( some time )
 -> converting function var0394_empty ( some time )
 -> converting function var0395_empty ( some time )
 -> converting function var0396_empty ( some time )
 -> converting function var0397_empty ( some time )
 -> converting function var0398_empty ( some time )
 -> converting function var0399_empty ( some time )
 -> converting function var0400_empty ( some time )
 -> converting function var0401_empty ( some time )
 -> converting function var0402_empty ( some time )
 -> converting function var0403_empty ( some time )
 -> converting function var0404_empty ( some time )
 -> converting function var0405_empty ( some time )
 -> converting function var0406_empty ( some time )
 -> converting function var0407_empty ( some time )
 -> converting function var0408_empty ( some time )
 -> converting function var0409_empty ( some time )
 -> converting function var0410_empty ( some time )
 -> converting function var0411_empty ( some time )
 -> converting function var0412_empty ( some time )
 -> converting function var0413_empty ( some time )
 -> converting function var0414_empty ( some time )
 -> converting function var0415_empty ( some time )
 -> converting function var0416_empty ( some time )
 -> converting function var0417_empty ( some time )
 -> converting function var0418_empty ( some time )
 -> converting function var0419_empty ( some time )
 -> converting function var0420_0123456789 ( some time )
 -> converting function var0421_0123456789 ( some time )
 -> converting function var0422_0123456789 ( some time )
 -> converting function var0423_0123456789 ( some time )
 -> converting function var0424_0123456789 ( some time )
 -> converting function var0425_0123456789 ( some time )
 -> converting function var0426_0123456789 ( some time )
 -> converting function var0427_0123456789 ( some time )
 -> converting function var0428_0123456789 ( some time )
 -> converting function var0429_0123456789 ( some time )
 -> converting function var0430_0123456789 ( some time )
 -> converting function var0431_0123456789 ( some time )
 -> converting function var0432_0123456789 ( some time )
 -> converting function var0433_0123456789 ( some time )
 -> converting function var0434_0123456789 ( some time )
 -> converting function var0435_0123456789 ( some time )
 -> converting function var0436_0123456789 ( some time )
 -> converting function var0437_0123456789 ( some time )
 -> converting function var0438_0123456789 ( some time )
 -> converting function var0439_0123456789 ( some time )
 -> converting function var0440_0123456789 ( some time )
 -> converting function var0441_0123456789 ( some time )
 -> converting function var0442_0123456789 ( some time )
 -> converting function var0443_0123456789 ( some time )
 -> converting function var0444_0123456789 ( some time )
 -> converting function var0445_0123456789 ( some time )
 -> converting function var0446_0123456789 ( some time )
 -> converting function var0447_0123456789 ( some time )
 -> converting function var0448_0123456789 ( some time )
 -> converting function var0449_0123456789 ( some time )
 -> converting function var0450_0123456789 ( some time )
 -> converting function var0451_0123456789 ( some time )
 -> converting function var0452_0123456789 ( some time )
 -> converting function var0453_0123456789 ( some time )
 -> converting function var0454_0123456789 ( some time )
 -> converting function var0455_0123456789 ( some time )
 -> converting function var0456_0123456789 ( some time )
 -> converting function var0457_0123456789 ( some time )
 -> converting function var0458_0123456789 ( some time )
 -> converting function var0459_0123456789 ( some time )
 -> converting function var0460_0123456789 ( some time )
 -> converting function var0461_0123456789 ( some time )
 -> converting function var0462_0123456789 ( some time )
 -> converting function var0463_0123456789 ( some time )
 -> converting function var0464_0123456789 ( some time )
 -> converting function var0465_0123456789 ( some time )
 -> converting function var0466_0123456789 ( some time )
 -> converting function var0467_0123456789 ( some time )
 -> converting function var0468_0123456789 ( some time )
 -> converting function var0469_0123456789 ( some time )
 -> converting function var0470_0123456789 ( some time )
 -> converting function var0471_0123456789 ( some time )
 -> converting function var0472_0123456789 ( some time )
 -> converting function var0473_0123456789 ( some time )
 -> converting function var0474_0123456789 ( some time )
 -> converting function var0475_0123456789 ( some time )
 -> converting function var0476_0123456789 ( some time )
 -> converting function var0477_0123456789 ( some time )
 -> converting function var0478_0123456789 ( some time )
 -> converting function var0479_0123456789 ( some time )
 -> converting function var0480_0123456789 ( some time )
 -> converting function var0481_0123456789 ( some time )
 -> converting function var0482_9876543210 ( some time )
 -> converting function var0483_9876543210 ( some time )
 -> converting function var0484_9876543210 ( some time )
 -> converting function var0485_9876543210 ( some time )
 -> converting function var0486_9876543210 ( some time )
 -> converting function var0487_9876543210 ( some time )
 -> converting function var0488_9876543210 ( some time )
 -> converting function var0489_9876543210 ( some time )
 -> converting function var0490_9876543210 ( some time )
 -> converting function var0491_9876543210 ( some time )
 -> converting function var0492_9876543210 ( some time )
 -> converting function var0493_9876543210 ( some time )
 -> converting function var0494_9876543210 ( some time )
 -> converting function var0495_9876543210 ( some time )
 -> converting function var0496_9876543210 ( some time )
 -> converting function var0497_9876543210 ( some time )
 -> converting function var0498_9876543210 ( some time )
 -> converting function var0499_9876543210 ( some time )
 -> converting function var0500_9876543210 ( some time )
 -> converting function var0501_9876543210 ( some time )
 -> converting function var0502_9876543210 ( some time )
 -> converting function var0503_9876543210 ( some time )
 -> converting function var0504_9876543210 ( some time )
 -> converting function var0505_9876543210 ( some time )
 -> converting function var0506_9876543210 ( some time )
 -> converting function var0507_9876543210 ( some time )
 -> converting function var0508_9876543210 ( some time )
 -> converting function var0509_9876543210 ( some time )
 -> converting function var0510_9876543210 ( some time )
 -> converting function var0511_9876543210 ( some time )
 -> converting function var0512_9876543210 ( some time )
 -> converting function var0513_9876543210 ( some time )
 -> converting function var0514_9876543210 ( some time )
 -> converting function var0515_9876543210 ( some time )
 -> converting function var0516_9876543210 ( some time )
 -> converting function var0517_9876543210 ( some time )
 -> converting function var0518_9876543210 ( some time )
 -> converting function var0519_9876543210 ( some time )
 -> converting function var0520_9876543210 ( some time )
 -> converting function var0521_9876543210 ( some time )
 -> converting function var0522_9876543210 ( some time )
 -> converting function var0523_9876543210 ( some time )
 -> converting function var0524_9876543210 ( some time )
 -> converting function var0525_9876543210 ( some time )
 -> converting function var0526_9876543210 ( some time )
 -> converting function var0527_9876543210 ( some time )
 -> converting function var0528_9876543210 ( some time )
 -> converting function var0529_9876543210 ( some time )
 -> converting function var0530_0123456789 ( some time )
 -> converting function var0531_0123456789 ( some time )
 -> converting function var0532_0123456789 ( some time )
 -> converting function var0533_0123456789 ( some time )
 -> converting function var0534_0123456789 ( some time )
 -> converting function var0535_0123456789 ( some time )
 -> converting function var0536_0123456789 ( some time )
 -> converting function var0537_0123456789 ( some time )
 -> converting function var0538_0123456789 ( some time )
 -> converting function var0539_0123456789 ( some time )
 -> converting function var0540_0123456789 ( some time )
 -> converting function var0541_0123456789 ( some time )
 -> converting function var0542_0123456789 ( some time )
 -> converting function var0543_0123456789 ( some time )
 -> converting function var0544_0123456789 ( some time )
 -> converting function var0545_0123456789 ( some time )
 -> converting function var0546_0123456789 ( some time )
 -> converting function var0547_0123456789 ( some time )
 -> converting function var0548_0123456789 ( some time )
 -> converting function var0549_0123456789 ( some time )
 -> converting function var0550_0123456789 ( some time )
 -> converting function var0551_0123456789 ( some time )
 -> converting function var0552_0123456789 ( some time )
 -> converting function var0553_0123456789 ( some time )
 -> converting function var0554_0123456789 ( some time )
 -> converting function var0555_0123456789 ( some time )
 -> converting function var0556_0123456789 ( some time )
 -> converting function var0557_0123456789 ( some time )
 -> converting function var0558_0123456789 ( some time )
 -> converting function var0559_0123456789 ( some time )
 -> converting function var0560_0123456789 ( some time )
 -> converting function var0561_0123456789 ( some time )
 -> converting function var0562_0 ( some time )
 -> converting function var0563_0 ( some time )
 -> converting function var0564_0 ( some time )
 -> converting function var0565_0 ( some time )
 -> converting function var0566_0 ( some time )
 -> converting function var0567_0 ( some time )
 -> converting function var0568_0 ( some time )
 -> converting function var0569_0 ( some time )
 -> converting function var0570_0 ( some time )
 -> converting function var0571_0 ( some time )
 -> converting function var0572_0 ( some time )
 -> converting function var0573_0 ( some time )
 -> converting function var0574_0 ( some time )
 -> converting function var0575_0 ( some time )
 -> converting function var0576_0 ( some time )
 -> converting function var0577_0 ( some time )
 -> converting function var0578_0 ( some time )
 -> converting function var0579_0 ( some time )
 -> converting function var0580_0 ( some time )
 -> converting function var0581_0 ( some time )
 -> converting function var0582_0 ( some time )
 -> converting function var0583_0 ( some time )
 -> converting function var0584_0 ( some time )
 -> converting function var0585_0 ( some time )
 -> converting function var0586_0 ( some time )
 -> converting function var0587_0 ( some time )
 -> converting function var0588_0 ( some time )
 -> converting function var0589_0 ( some time )
 -> converting function var0590_0 ( some time )
 -> converting function var0591_0 ( some time )
 -> converting function var0592_0 ( some time )
 -> converting function var0593_0 ( some time )
 -> converting function var0594_0 ( some time )
 -> converting function var0595_0 ( some time )
 -> converting function var0596_0 ( some time )
 -> converting function var0597_0 ( some time )
 -> converting function var0598_0 ( some time )
 -> converting function var0599_0 ( some time )
 -> converting function var0600_0 ( some time )
 -> converting function var0601_0 ( some time )
 -> converting function var0602_0 ( some time )
 -> converting function var0603_0 ( some time )
 -> converting function var0604_0 ( some time )
 -> converting function var0605_0 ( some time )
 -> converting function var0606_0 ( some time )
 -> converting function var0607_0 ( some time )
 -> converting function var0608_0 ( some time )
 -> converting function var0609_0 ( some time )
 -> converting function var0610_0 ( some time )
 -> converting function var0611_0 ( some time )
 -> converting function var0612_0 ( some time )
 -> converting function var0613_0 ( some time )
 -> converting function var0614_0 ( some time )
 -> converting function var0615_0 ( some time )
 -> converting function var0616_0 ( some time )
 -> converting function var0617_0 ( some time )
 -> converting function var0618_0 ( some time )
 -> converting function var0619_0 ( some time )
 -> converting function var0620_0 ( some time )
 -> converting function var0621_0 ( some time )
 -> converting function var0622_0 ( some time )
 -> converting function var0623_0 ( some time )
 -> converting function var0624_9 ( some time )
 -> converting function var0625_9 ( some time )
 -> converting function var0626_9 ( some time )
 -> converting function var0627_9 ( some time )
 -> converting function var0628_9 ( some time )
 -> converting function var0629_9 ( some time )
 -> converting function var0630_9 ( some time )
 -> converting function var0631_9 ( some time )
 -> converting function var0632_9 ( some time )
 -> converting function var0633_9 ( some time )
 -> converting function var0634_9 ( some time )
 -> converting function var0635_9 ( some time )
 -> converting function var0636_9 ( some time )
 -> converting function var0637_9 ( some time )
 -> converting function var0638_9 ( some time )
 -> converting function var0639_9 ( some time )
 -> converting function var0640_9 ( some time )
 -> converting function var0641_9 ( some time )
 -> converting function var0642_9 ( some time )
 -> converting function var0643_9 ( some time )
 -> converting function var0644_9 ( some time )
 -> converting function var0645_9 ( some time )
 -> converting function var0646_9 ( some time )
 -> converting function var0647_9 ( some time )
 -> converting function var0648_9 ( some time )
 -> converting function var0649_9 ( some time )
 -> converting function var0650_9 ( some time )
 -> converting function var0651_9 ( some time )
 -> converting function var0652_9 ( some time )
 -> converting function var0653_9 ( some time )
 -> converting function var0654_9 ( some time )
 -> converting function var0655_9 ( some time )
 -> converting function var0656_9 ( some time )
 -> converting function var0657_9 ( some time )
 -> converting function var0658_9 ( some time )
 -> converting function var0659_9 ( some time )
 -> converting function var0660_9 ( some time )
 -> converting function var0661_9 ( some time )
 -> converting function var0662_9 ( some time )
 -> converting function var0663_9 ( some time )
 -> converting function var0664_9 ( some time )
 -> converting function var0665_9 ( some time )
 -> converting function var0666_9 ( some time )
 -> converting function var0667_9 ( some time )
 -> converting function var0668_9 ( some time )
 -> converting function var0669_9 ( some time )
 -> converting function var0670_9 ( some time )
 -> converting function var0671_9 ( some time )
 -> converting function var0672_0 ( some time )
 -> converting function var0673_0 ( some time )
 -> converting function var0674_0 ( some time )
 -> converting function var0675_0 ( some time )
 -> converting function var0676_0 ( some time )
 -> converting function var0677_0 ( some time )
 -> converting function var0678_0 ( some time )
 -> converting function var0679_0 ( some time )
 -> converting function var0680_0 ( some time )
 -> converting function var0681_0 ( some time )
 -> converting function var0682_0 ( some time )
 -> converting function var0683_0 ( some time )
 -> converting function var0684_0 ( some time )
 -> converting function var0685_0 ( some time )
 -> converting function var0686_0 ( some time )
 -> converting function var0687_0 ( some time )
 -> converting function var0688_0 ( some time )
 -> converting function var0689_0 ( some time )
 -> converting function var0690_0 ( some time )
 -> converting function var0691_0 ( some time )
 -> converting function var0692_0 ( some time )
 -> converting function var0693_0 ( some time )
 -> converting function var0694_0 ( some time )
 -> converting function var0695_0 ( some time )
 -> converting function var0696_0 ( some time )
 -> converting function var0697_0 ( some time )
 -> converting function var0698_0 ( some time )
 -> converting function var0699_0 ( some time )
 -> converting function var0700_0 ( some time )
 -> converting function var0701_0 ( some time )
 -> converting function var0702_0 ( some time )
 -> converting function var0703_0 ( some time )
 -> converting function var0704_empty ( some time )
 -> converting function var0705_empty ( some time )
 -> converting function var0706_empty ( some time )
 -> converting function var0707_empty ( some time )
 -> converting function var0708_empty ( some time )
 -> converting function var0709_empty ( some time )
 -> converting function var0710_empty ( some time )
 -> converting function var0711_empty ( some time )
 -> converting function var0712_empty ( some time )
 -> converting function var0713_empty ( some time )
 -> converting function var0714_empty ( some time )
 -> converting function var0715_empty ( some time )
 -> converting function var0716_empty ( some time )
 -> converting function var0717_empty ( some time )
 -> converting function var0718_empty ( some time )
 -> converting function var0719_empty ( some time )
 -> converting function var0720_empty ( some time )
 -> converting function var0721_empty ( some time )
 -> converting function var0722_empty ( some time )
 -> converting function var0723_empty ( some time )
 -> converting function var0724_empty ( some time )
 -> converting function var0725_empty ( some time )
 -> converting function var0726_empty ( some time )
 -> converting function var0727_empty ( some time )
 -> converting function var0728_empty ( some time )
 -> converting function var0729_empty ( some time )
 -> converting function var0730_empty ( some time )
 -> converting function var0731_empty ( some time )
 -> converting function var0732_empty ( some time )
 -> converting function var0733_empty ( some time )
 -> converting function var0734_empty ( some time )
 -> converting function var0735_empty ( some time )
 -> converting function var0736_empty ( some time )
 -> converting function var0737_empty ( some time )
 -> converting function var0738_empty ( some time )
 -> converting function var0739_empty ( some time )
 -> converting function var0740_empty ( some time )
 -> converting function var0741_empty ( some time )
 -> converting function var0742_empty ( some time )
 -> converting function var0743_empty ( some time )
 -> converting function var0744_empty ( some time )
 -> converting function var0745_empty ( some time )
 -> converting function var0746_empty ( some time )
 -> converting function var0747_empty ( some time )
 -> converting function var0748_empty ( some time )
 -> converting function var0749_empty ( some time )
 -> converting function var0750_empty ( some time )
 -> converting function var0751_empty ( some time )
 -> converting function var0752_empty ( some time )
 -> converting function var0753_empty ( some time )
 -> converting function var0754_empty ( some time )
 -> converting function var0755_empty ( some time )
 -> converting function var0756_empty ( some time )
 -> converting function var0757_empty ( some time )
 -> converting function var0758_empty ( some time )
 -> converting function var0759_empty ( some time )
 -> converting function var0760_empty ( some time )
 -> converting function var0761_empty ( some time )
 -> converting function var0762_empty ( some time )
 -> converting function var0763_empty ( some time )
 -> converting function var0764_empty ( some time )
 -> converting function var0765_empty ( some time )
 -> converting function var0766_empty ( some time )
 -> converting function var0767_empty ( some time )
 -> converting function var0768_empty ( some time )
 -> converting function call_all ( some time )
Running phase: removing functions from standard libraries ( some time )
Running phase: removing code that is not reachable in a CFG ( some time )
Running phase: signed/unsigned types fixing ( some time )
Running phase: converting LLVM intrinsic functions to standard functions ( some time )
Running phase: obtaining debug information ( some time )
Running phase: alias analysis [simple] ( some time )
Running phase: optimizations [normal] ( some time )
 -> running GotoStmtOptimizer ( some time )
 -> running RemoveUselessCastsOptimizer ( some time )
 -> running UnusedGlobalVarOptimizer ( some time )
 -> running DeadLocalAssignOptimizer ( some time )
 -> running SimpleCopyPropagationOptimizer ( some time )
 -> running CopyPropagationOptimizer ( some time )
 -> running SimplifyArithmExprOptimizer ( some time )
 -> running IfStructureOptimizer ( some time )
 -> running LoopLastContinueOptimizer ( some time )
 -> running PreWhileTrueLoopConvOptimizer ( some time )
 -> running WhileTrueToForLoopOptimizer ( some time )
 -> running WhileTrueToWhileCondOptimizer ( some time )
 -> running IfBeforeLoopOptimizer ( some time )
 -> running LLVMIntrinsicsOptimizer ( some time )
 -> running VoidReturnOptimizer ( some time )
 -> running BreakContinueReturnOptimizer ( some time )
 -> running BitShiftOptimizer ( some time )
 -> running DerefAddressOptimizer ( some time )
 -> running EmptyArrayToStringOptimizer ( some time )
 -> running BitOpToLogOpOptimizer ( some time )
 -> running SimplifyArithmExprOptimizer ( some time )
 -> running UnusedGlobalVarOptimizer ( some time )
 -> running DeadLocalAssignOptimizer ( some time )
 -> running SimpleCopyPropagationOptimizer ( some time )
 -> running CopyPropagationOptimizer ( some time )
 -> running SelfAssignOptimizer ( some time )
 -> running VarDefForLoopOptimizer ( some time )
 -> running VarDefStmtOptimizer ( some time )
 -> running EmptyStmtOptimizer ( some time )
 -> running GotoStmtOptimizer ( some time )
 -> running SimplifyArithmExprOptimizer ( some time )
 -> running DeadCodeOptimizer ( some time )
 -> running DerefToArrayIndexOptimizer ( some time )
 -> running IfToSwitchOptimizer ( some time )
 -> running CCastOptimizer ( some time )
 -> running CArrayArgOptimizer ( some time )
Running phase: variable renaming [readable] ( some time )
Running phase: converting constants to symbolic names ( some time )
Running phase: module validation ( some time )
 -> running BreakOutsideLoopValidator ( some time )
 -> running NoGlobalVarDefValidator ( some time )
 -> running ReturnValidator ( some time )
Running phase: emission of the target code [c] ( some time )
Running phase: finalization ( some time )
Running phase: cleanup ( some time )
