Analyzing './from_boomerang/funcptr/ppc_elf_by_boomerang_o4/subject.exe' as a PowerPC 32 ELF binary file.

0 Procs, 0 Labels, 0 Branches, 0 MB used, 0 / 0 kB covered
Elapsed time: 0 sec.
./from_boomerang/funcptr/ppc_elf_by_boomerang_o4/subject.exe: 35 sections starting at 0x00000ED8
./from_boomerang/funcptr/ppc_elf_by_boomerang_o4/subject.exe: section string table at 0x000013D8, 0x120 bytes
 Offset:  [ix]  Address    Size    Offset  Name
00000ED8: [ 0] 00000000 00000000 00000000 
00000F00: [ 1] 10000154 0000000D 00000154 .interp
00000F28: [ 2] 10000164 00000020 00000164 .note.ABI-tag
00000F50: [ 3] 10000184 0000002C 00000184 .hash
00000F78: [ 4] 100001B0 00000060 000001B0 .dynsym
00000FA0: [ 5] 10000210 00000051 00000210 .dynstr
00000FC8: [ 6] 10000262 0000000C 00000262 .gnu.version
00000FF0: [ 7] 10000270 00000020 00000270 .gnu.version_r
00001018: [ 8] 10000290 0000000C 00000290 .rela.dyn
00001040: [ 9] 1000029C 00000024 0000029C .rela.plt
00001068: [10] 100002C0 00000028 000002C0 .init
00001090: [11] 100002E8 0000053C 000002E8 .text
000010B8: [12] 10000824 00000020 00000824 .fini
000010E0: [13] 10000844 00000024 00000844 .rodata
00001108: [14] 10000868 00000000 00000868 .sdata2
00001130: [15] 10000868 00000004 00000868 .eh_frame
00001158: [16] 1001086C 00000008 0000086C .ctors
00001180: [17] 10010874 00000008 00000874 .dtors
000011A8: [18] 1001087C 00000004 0000087C .jcr
000011D0: [19] 10010880 00000010 00000880 .got2
000011F8: [20] 10010890 000000C8 00000890 .dynamic
00001220: [21] 10010958 00000008 00000958 .data
00001248: [22] 10010960 00000014 00000960 .got
00001270: [23] 10010974 00000000 00000974 .sdata
00001298: [24] 10010974 00000000 00000974 .sbss
000012C0: [25] 10010974 0000006C 00000974 .plt
000012E8: [26] 100109E0 00000004 00000974 .bss
00001310: [27] 00000000 0000017A 00000974 .comment
00001338: [28] 00000000 00000058 00000AF0 .debug_aranges
00001360: [29] 00000000 00000138 00000B48 .debug_info
00001388: [30] 00000000 00000020 00000C80 .debug_abbrev
000013B0: [31] 00000000 00000117 00000CA0 .debug_line
000013D8: [32] 00000000 00000120 00000DB7 .shstrtab
00001400: [33] 00000000 00000E80 00001450 .symtab
00001428: [34] 00000000 00000990 000022D0 .strtab
Internal error: Dwarf-2 current offset: 0x86C
Matching signatures...
0 Procs, 0 Labels, 0 Branches, 0 MB used, 0 / 2 kB covered
Elapsed time: 0 sec.
0 Procs, 0 Labels, 0 Branches, 0 MB used, 0 / 2 kB covered
Elapsed time: 0 sec.
Separating code and data...
0 Procs, 0 Labels, 0 Branches, 0 MB used, 0 / 2 kB covered
Elapsed time: 0 sec.
0 Procs, 7 Labels, 4 Branches, 0 MB used, 0 / 2 kB covered
Elapsed time: 0 sec.
0 Procs, 8 Labels, 4 Branches, 0 MB used, 0 / 2 kB covered
Elapsed time: 0 sec.
0 Procs, 9 Labels, 4 Branches, 0 MB used, 0 / 2 kB covered
Elapsed time: 0 sec.
0 Procs, 9 Labels, 4 Branches, 0 MB used, 0 / 2 kB covered
Elapsed time: 0 sec.
0 Procs, 10 Labels, 4 Branches, 0 MB used, 0 / 2 kB covered
Elapsed time: 0 sec.
1 Procs, 10 Labels, 4 Branches, 0 MB used, 0 / 2 kB covered
Elapsed time: 0 sec.
1 Procs, 10 Labels, 4 Branches, 0 MB used, 0 / 2 kB covered
Elapsed time: 0 sec.
1 Procs, 10 Labels, 4 Branches, 0 MB used, 0 / 2 kB covered
Elapsed time: 0 sec.
1 Procs, 10 Labels, 4 Branches, 0 MB used, 0 / 2 kB covered
Elapsed time: 0 sec.
1 Procs, 10 Labels, 4 Branches, 0 MB used, 0 / 2 kB covered
Elapsed time: 0 sec.
1 Procs, 10 Labels, 4 Branches, 0 MB used, 0 / 2 kB covered
Elapsed time: 0 sec.
1 Procs, 10 Labels, 4 Branches, 0 MB used, 0 / 2 kB covered
Elapsed time: 0 sec.
Resolving indirect jumps...
1 Procs, 10 Labels, 4 Branches, 0 MB used, 0 / 2 kB covered
Elapsed time: 0 sec.
1 Procs, 10 Labels, 4 Branches, 0 MB used, 0 / 2 kB covered
Elapsed time: 0 sec.
Resolving constants and strings...
1 Procs, 10 Labels, 4 Branches, 0 MB used, 0 / 2 kB covered
Elapsed time: 0 sec.
Discovering unreached functions...
1 Procs, 10 Labels, 4 Branches, 0 MB used, 0 / 2 kB covered
Elapsed time: 0 sec.
Computing call tree...
1 Procs, 10 Labels, 4 Branches, 0 MB used, 0 / 2 kB covered
Elapsed time: 0 sec.
Computing calling conventions...
1 Procs, 10 Labels, 4 Branches, 0 MB used, 0 / 2 kB covered
Elapsed time: 0 sec.
Computing Calling Convention: 1/1  0x10010960
Elapsed time: 0 sec.
File analysis complete.
1 Procs, 10 Labels, 4 Branches, 0 MB used, 0 / 2 kB covered
Elapsed time: 0 sec.

Decompiling 1/1: 0x10010960
Elapsed time: 0 sec.
Decompiling 1/1: 0x10010960
Elapsed time: 0 sec.
