
Database SUBJECTS/from_holdec/simple_float_ops/ia32_elf_clang_O0/subject.exe.idb already exists.
Do you want to overwrite it? -> ~L~oad existing

  bytes   pages size description
--------- ----- ---- --------------------------------------------
   524288    64 8192 allocating memory for b-tree...
    65536     8 8192 allocating memory for virtual array...
   262144    32 8192 allocating memory for name pointers...
-----------------------------------------------------------------
   851968            total memory allocated

Loading processor module IDADIR/procs/pc.so for metapc...Initializing processor module metapc...OK
Loading type libraries...
Autoanalysis subsystem has been initialized.
Database for file 'subject.exe' has been loaded.
Hex-Rays Decompiler plugin has been loaded (v7.6.0.210427)
  The hotkeys are F5: decompile, Ctrl-F5: decompile all.

  Please check the Edit/Plugins menu for more informaton.
=== start of cleanup script -> OK
  function at 080482AC  LIB  with name '.init_proc'
  function at 080482D0       with name 'sub_80482D0'
  function at 080482E0       with name '.printf'
  function at 080482F0  LIB  with name '.__libc_start_main'
  function at 08048300       with name '__gmon_start__'
  function at 08048310  LIB  with name '_start'
  function at 08048340  LIB  with name '__x86.get_pc_thunk.bx'
  function at 08048350  LIB  with name 'deregister_tm_clones'
  function at 08048380  LIB  with name 'register_tm_clones'
  function at 080483C0  LIB  with name '__do_global_dtors_aux'
  function at 080483E0  LIB  with name 'frame_dummy'
  function at 08048410       with name 'use'
  function at 08048450       with name 'use_int'
  function at 08048480       with name 'read_ints'
  function at 08048520       with name 'write_ints'
  function at 080485B0       with name 'read_floats'
  function at 08048620       with name 'write_floats'
  function at 08048660       with name 'converting_between_floats_f1'
  function at 08048680       with name 'converting_between_floats_f2'
  function at 080486A0       with name 'converting_between_floats_d1'
  function at 080486C0       with name 'converting_between_floats_d2'
  function at 080486F0       with name 'converting_between_floats_l1'
  function at 08048710       with name 'converting_between_floats_l2'
  function at 08048730       with name 'basic_operations'
  function at 08048800       with name 'compare_floats'
  function at 080488E0       with name 'constants'
  function at 08048970       with name 'main'
  function at 08048A30  LIB  with name '__libc_csu_init'
  function at 08048A90  LIB  with name '__libc_csu_fini'
  function at 08048A94  LIB  with name '.term_proc'
  function at 0804A05C       with name 'printf'
  function at 0804A060  LIB  with name '__libc_start_main'
  function at 0804A064       with name '__imp___gmon_start__'
finished -> OK
TIMESTAMP decompiling 80482D0 size=0000000C times=0...
The decompiler assumes that the segment '.got.plt' is read-only because of its NAME.
All data references to the segment will be replaced by constant values.
This may lead to drastic changes in the decompiler output.
If the segment is not read-only, please change the segment NAME.

In general, the decompiler checks the segment permissions, class, and name
to determine if it is read-only.
 -> OK
TIMESTAMP decompiling 8048410 size=00000031 times=0...
TIMESTAMP decompiling 8048450 size=00000029 times=0...
TIMESTAMP decompiling 8048520 size=00000088 times=0...
TIMESTAMP decompiling 8048620 size=00000037 times=0...
TIMESTAMP decompiling 8048660 size=00000015 times=0...
TIMESTAMP decompiling 8048680 size=0000001F times=0...
TIMESTAMP decompiling 80486A0 size=00000015 times=0...
TIMESTAMP decompiling 80486C0 size=00000021 times=0...
TIMESTAMP decompiling 80486F0 size=00000011 times=0...
TIMESTAMP decompiling 8048710 size=00000011 times=0...
TIMESTAMP decompiling 8048970 size=000000B4 times=0...
TIMESTAMP decompiling 8048480 size=00000092 times=0...
TIMESTAMP decompiling 80485B0 size=0000006E times=0...
TIMESTAMP decompiling 8048730 size=000000D0 times=0...
The decompiler assumes that the segment '.rodata' is read-only because of its NAME.
All data references to the segment will be replaced by constant values.
This may lead to drastic changes in the decompiler output.
If the segment is not read-only, please change the segment NAME.

In general, the decompiler checks the segment permissions, class, and name
to determine if it is read-only.
 -> OK
TIMESTAMP decompiling 8048800 size=000000D2 times=0...
TIMESTAMP decompiling 80488E0 size=0000008D times=0...
TIMESTAMP The application has been completely decompiled.
Flushing buffers, please wait...ok
Unloading IDP module IDADIR/procs/pc.so...
