[I] JEB 4.11.0.202201181921 (jeb-ce) is starting...
[I] Current directory: SUBJECTS
[I] Base directory: JEBDIR
[I] System: Mac OS X 12.2 (aarch64) de_DE
[I] Java: Homebrew 17.0.1
[I] Memory Usage: 39.2M used (224.8M free, 6.0G max)
[I] Initializing Jython, please wait...
Processing file: SUBJECTS/from_holdec/simple_float_ops/x64_elf_clang_O0/subject.exe...
[I] {subject.exe > subject.exe > x86_64 image}: Detected compiler: unknown (Linux)
[I] {subject.exe > subject.exe > x86_64 image}: Initial native analysis styles: code gaps: PROLOGUES_ONLY, data gaps: DEFAULT
[E] The routine at 0x4003E6 no longer exists!
[I] {subject.exe > subject.exe > x86_64 image}: Analysis completed (0s)
[I] {subject.exe > subject.exe > x86_64 image}: Initial analysis created 30 methods
Output folder: jeb_output
  0/ 30: Method: →printf
  1/ 30: 1/30: →printf (DONE:78ms)
  1/ 30: Method: use
  2/ 30: 2/30: use (DONE:116ms)
  2/ 30: Method: use_int
  3/ 30: 3/30: use_int (DONE:59ms)
  3/ 30: Method: register_tm_clones
  4/ 30: 4/30: register_tm_clones (DONE:51ms)
  4/ 30: Method: sub_4004CA
  5/ 30: 5/30: sub_4004CA (DONE:3ms)
  5/ 30: Method: sub_4004DB
  6/ 30: 6/30: sub_4004DB (DONE:13ms)
  6/ 30: Method: initializer_0
  7/ 30: 7/30: initializer_0 (DONE:37ms)
  7/ 30: Method: deregister_tm_clones
  8/ 30: 8/30: deregister_tm_clones (DONE:16ms)
  8/ 30: Method: sub_4004E0
  9/ 30: 9/30: sub_4004E0 (DONE:24ms)
  9/ 30: Method: sub_4004B9
 10/ 30: 10/30: sub_4004B9 (DONE:12ms)
 10/ 30: Method: initializer_1
 11/ 30: 11/30: initializer_1 (DONE:14ms)
 11/ 30: Method: write_ints
 12/ 30: 12/30: write_ints (DONE:28ms)
 12/ 30: Method: write_floats
 13/ 30: 13/30: write_floats (DONE:16ms)
 13/ 30: Method: converting_between_floats_f1
 14/ 30: 14/30: converting_between_floats_f1 (DONE:8ms)
 14/ 30: Method: converting_between_floats_f2
 15/ 30: 15/30: converting_between_floats_f2 (DONE:10ms)
 15/ 30: Method: converting_between_floats_d1
 16/ 30: 16/30: converting_between_floats_d1 (DONE:7ms)
 16/ 30: Method: converting_between_floats_d2
 17/ 30: 17/30: converting_between_floats_d2 (DONE:11ms)
 17/ 30: Method: converting_between_floats_l1
 18/ 30: 18/30: converting_between_floats_l1 (DONE:12ms)
 18/ 30: Method: converting_between_floats_l2
 19/ 30: 19/30: converting_between_floats_l2 (DONE:6ms)
 19/ 30: Method: __libc_csu_fini
 20/ 30: 20/30: __libc_csu_fini (DONE:3ms)
 20/ 30: Method: finalizer_0
 21/ 30: 21/30: finalizer_0 (DONE:13ms)
 21/ 30: Method: main
 22/ 30: 22/30: main (DONE:45ms)
 22/ 30: Method: read_ints
 23/ 30: 23/30: read_ints (DONE:80ms)
 23/ 30: Method: read_floats
 24/ 30: 24/30: read_floats (DONE:76ms)
 24/ 30: Method: constants
 25/ 30: 25/30: constants (DONE:80ms)
 25/ 30: Method: basic_operations
 26/ 30: 26/30: basic_operations (DONE:71ms)
 26/ 30: Method: compare_floats
 27/ 30: 27/30: compare_floats (DONE:355ms)
 27/ 30: Method: finalizer_1
 28/ 30: 28/30: finalizer_1 (DONE:7ms)
 28/ 30: Method: __libc_csu_init
 29/ 30: 29/30: __libc_csu_init (DONE:78ms)
 29/ 30: Method: _start
 30/ 30: 30/30: _start (DONE:21ms)
Exectime: 2.031000 sec
[I] Done.
