Possible file format: ELF64 for x86-64 (Executable) (IDADIR/loaders/elf64.so)

  bytes   pages size description
--------- ----- ---- --------------------------------------------
   524288    64 8192 allocating memory for b-tree...
    65536     8 8192 allocating memory for virtual array...
   262144    32 8192 allocating memory for name pointers...
-----------------------------------------------------------------
   851968            total memory allocated

Loading file 'SUBJECTS/from_snowman/other-038_compound_condition/x64_elf/subject.exe' into database...
Detected file format: ELF64 for x86-64 (Executable)
Loading processor module IDADIR/procs/pc64.so for metapc...Initializing processor module metapc...OK
Autoanalysis subsystem has been initialized.
  0. Creating a new segment  (0000000000400000-0000000000400278) ... ... OK
  1. Creating a new segment  (0000000000400144-00000000004001D8) ... ... OK
  2. Creating a new segment  (00000000004001D8-0000000000400278) ... ... OK
  3. Creating a new segment  (00000000004001D8-00000000004001FC) ... ... OK
     Deleting segment        (00000000004001FC-0000000000400278) ...
  3. Creating a new segment  (00000000004001FC-0000000000400278) ... ... OK
  4. Creating a new segment  (0000000000400200-0000000000400278) ... ... OK
Assuming __fastcall calling convention by default
Type library 'gnulnx_x64' loaded. Applying types...
Types applied to 0 names.
  5. Creating a new segment  (0000000000400278-0000000000400280) ... ... OK
  6. Creating a new segment  (0000000000400280-00000000004002A0) ... ... OK
DWARF: Looking for GNU DWARF file at "/usr/lib/debug/.build-id/90/86d888bba663940db9d85c0bd9d14a63d32154.debug"... no.
Marking typical code sequences...
Flushing buffers, please wait...ok
File 'SUBJECTS/from_snowman/other-038_compound_condition/x64_elf/subject.exe' has been successfully loaded into the database.
Hex-Rays Decompiler plugin has been loaded (v7.5.0.201028)
  The hotkeys are F5: decompile, Ctrl-F5: decompile all.
  Please check the Edit/Plugins menu for more informaton.
IDAPython Hex-Rays bindings initialized.
IDA is analysing the input file...
You may start to explore the input file right now.
Propagating type information...
Function argument information has been propagated
lumina: applied metadata to 0 functions.
The initial autoanalysis has been finished.
Flushing buffers, please wait...ok
TIMESTAMP decompiling 400144 size=0000000000000006 times=0...
TIMESTAMP decompiling 40014A size=0000000000000006 times=0...
TIMESTAMP decompiling 400150 size=0000000000000088 times=0...
TIMESTAMP The application has been completely decompiled.
Unloading IDP module IDADIR/procs/pc64.so...
