[I] JEB 4.11.0.202201181921 (jeb-ce) is starting...
[I] Current directory: SUBJECTS
[I] Base directory: JEBDIR
[I] System: Mac OS X 12.2 (aarch64) de_DE
[I] Java: Homebrew 17.0.1
[I] Memory Usage: 39.2M used (224.8M free, 6.0G max)
[I] Initializing Jython, please wait...
Processing file: SUBJECTS/from_holdec/seven/ia32_elf/subject.exe...
[I] {subject.exe > subject.exe > x86 image}: Detected compiler: unknown (Linux)
[I] {subject.exe > subject.exe > x86 image}: Initial native analysis styles: code gaps: PROLOGUES_ONLY, data gaps: DEFAULT
[I] {subject.exe > subject.exe > x86 image}: Analysis completed (0s)
[I] {subject.exe > subject.exe > x86 image}: Initial analysis created 26 methods
Output folder: jeb_output
  0/ 26: Method: __x86.get_pc_thunk.bx
  1/ 26: 1/26: __x86.get_pc_thunk.bx (DONE:40ms)
  1/ 26: Method: sub_80483F9
  2/ 26: 2/26: sub_80483F9 (DONE:5ms)
  2/ 26: Method: sub_8048433
  3/ 26: 3/26: sub_8048433 (DONE:5ms)
  3/ 26: Method: sub_804845C
  4/ 26: 4/26: sub_804845C (DONE:3ms)
  4/ 26: Method: sub_80482D6
  5/ 26: 5/26: sub_80482D6 (DONE:14ms)
  5/ 26: Method: sub_8048300
  6/ 26: 6/26: sub_8048300 (DONE:5ms)
  6/ 26: Method: test_1
  7/ 26: 7/26: test_1 (DONE:65ms)
  7/ 26: Method: test_2
  8/ 26: 8/26: test_2 (DONE:56ms)
  8/ 26: Method: test_3
  9/ 26: 9/26: test_3 (DONE:7ms)
  9/ 26: Method: sub_80483DF
 10/ 26: 10/26: sub_80483DF (DONE:17ms)
 10/ 26: Method: sub_8048418
 11/ 26: 11/26: sub_8048418 (DONE:14ms)
 11/ 26: Method: register_tm_clones
 12/ 26: 12/26: register_tm_clones (DONE:34ms)
 12/ 26: Method: sub_804846B
 13/ 26: 13/26: sub_804846B (DONE:9ms)
 13/ 26: Method: →printf
 14/ 26: 14/26: →printf (DONE:19ms)
 14/ 26: Method: →__libc_start_main
 15/ 26: 15/26: →__libc_start_main (DONE:8ms)
 15/ 26: Method: initializer_0
 16/ 26: 16/26: initializer_0 (DONE:51ms)
 16/ 26: Method: deregister_tm_clones
 17/ 26: 17/26: deregister_tm_clones (DONE:17ms)
 17/ 26: Method: sub_8048470
 18/ 26: 18/26: sub_8048470 (DONE:22ms)
 18/ 26: Method: sub_8048449
 19/ 26: 19/26: sub_8048449 (DONE:28ms)
 19/ 26: Method: initializer_1
 20/ 26: 20/26: initializer_1 (DONE:14ms)
 20/ 26: Method: __libc_csu_fini
 21/ 26: 21/26: __libc_csu_fini (DONE:6ms)
 21/ 26: Method: finalizer_0
 22/ 26: 22/26: finalizer_0 (DONE:22ms)
 22/ 26: Method: main
 23/ 26: 23/26: main (DONE:158ms)
 23/ 26: Method: _start
 24/ 26: 24/26: _start (DONE:19ms)
 24/ 26: Method: finalizer_1
 25/ 26: 25/26: finalizer_1 (DONE:8ms)
 25/ 26: Method: __libc_csu_init
 26/ 26: 26/26: __libc_csu_init (DONE:89ms)
Exectime: 1.476000 sec
[I] Done.
