Analyzing './from_snowman/other-010-try_catch/ia32_pe/subject.exe' as a x86 32 PECOFF binary file.

0 Procs, 0 Labels, 0 Branches, 0 / 0 kB covered
Matching signatures...
0 Procs, 0 Labels, 0 Branches, 0 / 11 kB covered
0 Procs, 0 Labels, 0 Branches, 0 / 11 kB covered
Separating code and data...
0 Procs, 0 Labels, 0 Branches, 0 / 11 kB covered
0 Procs, 75 Labels, 72 Branches, 0 / 11 kB covered
0 Procs, 75 Labels, 72 Branches, 0 / 11 kB covered
0 Procs, 75 Labels, 72 Branches, 0 / 11 kB covered
0 Procs, 75 Labels, 72 Branches, 0 / 11 kB covered
0 Procs, 75 Labels, 72 Branches, 0 / 11 kB covered
12 Procs, 75 Labels, 72 Branches, 0 / 11 kB covered
12 Procs, 75 Labels, 72 Branches, 0 / 11 kB covered
12 Procs, 75 Labels, 72 Branches, 0 / 11 kB covered
12 Procs, 75 Labels, 72 Branches, 0 / 11 kB covered
12 Procs, 75 Labels, 72 Branches, 0 / 11 kB covered
12 Procs, 75 Labels, 72 Branches, 0 / 11 kB covered
12 Procs, 75 Labels, 72 Branches, 0 / 11 kB covered
12 Procs, 75 Labels, 72 Branches, 0 / 11 kB covered
12 Procs, 75 Labels, 72 Branches, 0 / 11 kB covered
12 Procs, 75 Labels, 72 Branches, 0 / 11 kB covered
12 Procs, 75 Labels, 72 Branches, 0 / 11 kB covered
12 Procs, 75 Labels, 72 Branches, 0 / 11 kB covered
12 Procs, 75 Labels, 72 Branches, 0 / 11 kB covered
12 Procs, 75 Labels, 72 Branches, 0 / 11 kB covered
12 Procs, 75 Labels, 72 Branches, 0 / 11 kB covered
Resolving indirect jumps...
12 Procs, 75 Labels, 72 Branches, 0 / 11 kB covered
12 Procs, 75 Labels, 72 Branches, 0 / 11 kB covered
Resolving constants and strings...
12 Procs, 75 Labels, 72 Branches, 0 / 11 kB covered
Discovering unreached functions...
12 Procs, 75 Labels, 72 Branches, 0 / 11 kB covered
Computing call tree...
12 Procs, 75 Labels, 72 Branches, 0 / 11 kB covered
Computing calling conventions...
12 Procs, 75 Labels, 72 Branches, 0 / 11 kB covered
Computing Calling Convention: 2/12  0x004010B8
Computing Calling Convention: 3/12  0x00401630
Computing Calling Convention: 4/12  0x0040174C
Computing Calling Convention: 5/12  0x00401760
Computing Calling Convention: 6/12  0x004017A0
Computing Calling Convention: 7/12  0x004017F0
Computing Calling Convention: 8/12  0x004018AC
Computing Calling Convention: 9/12  0x004018B2
Computing Calling Convention: 10/12  0x004018C0
Computing Calling Convention: 11/12  0x00401905
Computing Calling Convention: 12/12  0x004019A0
Computing Calling Convention: 1/1  0x00401005
Separating code and data...
12 Procs, 75 Labels, 72 Branches, 0 / 11 kB covered
12 Procs, 75 Labels, 72 Branches, 0 / 11 kB covered
12 Procs, 75 Labels, 72 Branches, 0 / 11 kB covered
12 Procs, 75 Labels, 72 Branches, 0 / 11 kB covered
12 Procs, 75 Labels, 72 Branches, 0 / 11 kB covered
12 Procs, 81 Labels, 82 Branches, 0 / 11 kB covered
12 Procs, 81 Labels, 82 Branches, 0 / 11 kB covered
12 Procs, 81 Labels, 82 Branches, 0 / 11 kB covered
12 Procs, 81 Labels, 82 Branches, 0 / 11 kB covered
12 Procs, 81 Labels, 82 Branches, 0 / 11 kB covered
12 Procs, 81 Labels, 82 Branches, 0 / 11 kB covered
12 Procs, 81 Labels, 82 Branches, 0 / 11 kB covered
12 Procs, 81 Labels, 82 Branches, 0 / 11 kB covered
12 Procs, 81 Labels, 82 Branches, 0 / 11 kB covered
12 Procs, 81 Labels, 82 Branches, 0 / 11 kB covered
12 Procs, 81 Labels, 82 Branches, 0 / 11 kB covered
12 Procs, 81 Labels, 82 Branches, 0 / 11 kB covered
13 Procs, 81 Labels, 82 Branches, 0 / 11 kB covered
13 Procs, 81 Labels, 82 Branches, 0 / 11 kB covered
13 Procs, 81 Labels, 82 Branches, 0 / 11 kB covered
13 Procs, 81 Labels, 82 Branches, 0 / 11 kB covered
13 Procs, 81 Labels, 82 Branches, 0 / 11 kB covered
13 Procs, 81 Labels, 82 Branches, 0 / 11 kB covered
13 Procs, 81 Labels, 82 Branches, 0 / 11 kB covered
13 Procs, 81 Labels, 82 Branches, 0 / 11 kB covered
13 Procs, 81 Labels, 82 Branches, 0 / 11 kB covered
13 Procs, 81 Labels, 82 Branches, 0 / 11 kB covered
13 Procs, 81 Labels, 82 Branches, 0 / 11 kB covered
13 Procs, 81 Labels, 82 Branches, 0 / 11 kB covered
13 Procs, 81 Labels, 82 Branches, 0 / 11 kB covered
13 Procs, 81 Labels, 82 Branches, 0 / 11 kB covered
13 Procs, 81 Labels, 82 Branches, 0 / 11 kB covered
13 Procs, 81 Labels, 82 Branches, 0 / 11 kB covered
13 Procs, 81 Labels, 82 Branches, 0 / 11 kB covered
13 Procs, 81 Labels, 82 Branches, 0 / 11 kB covered
Resolving indirect jumps...
13 Procs, 81 Labels, 82 Branches, 0 / 11 kB covered
13 Procs, 81 Labels, 82 Branches, 0 / 11 kB covered
Resolving constants and strings...
13 Procs, 81 Labels, 82 Branches, 0 / 11 kB covered
Discovering unreached functions...
13 Procs, 81 Labels, 82 Branches, 0 / 11 kB covered
Computing call tree...
13 Procs, 81 Labels, 82 Branches, 0 / 11 kB covered
Computing calling conventions...
13 Procs, 81 Labels, 82 Branches, 0 / 11 kB covered
Computing Calling Convention: 2/13  0x004010B8
Computing Calling Convention: 3/13  0x00401630
Computing Calling Convention: 4/13  0x0040174C
Computing Calling Convention: 5/13  0x00401760
Computing Calling Convention: 6/13  0x004017A0
Computing Calling Convention: 7/13  0x004017F0
Computing Calling Convention: 8/13  0x004018AC
Computing Calling Convention: 9/13  0x004018B2
Computing Calling Convention: 10/13  0x004018C0
Computing Calling Convention: 11/13  0x00401905
Computing Calling Convention: 12/13  0x004019A0
Computing Calling Convention: 13/13  0x00401A3C
Computing Calling Convention: 1/1  0x00401005
Computing label cross-references...
13 Procs, 81 Labels, 82 Branches, 0 / 11 kB covered
File analysis complete.
13 Procs, 81 Labels, 82 Branches, 0 / 11 kB covered

Decompiling 1/13: 0x00401005
Decompiling 2/13: 0x004010B8
Decompiling 3/13: 0x00401630
Decompiling 4/13: 0x0040174C
Decompiling 5/13: 0x00401760
Decompiling 6/13: 0x004017A0
Decompiling 7/13: 0x004017F0
Decompiling 8/13: 0x004018AC
Decompiling 9/13: 0x004018B2
Decompiling 10/13: 0x004018C0
Decompiling 11/13: 0x00401905
Decompiling 12/13: 0x004019A0
Decompiling 13/13: 0x00401A3C
Decompiling 13/13: 0x00401A3C

