Using options:
rewriting: void fn08048278(Register (ptr (ptr code)) edx, Stack word32 dwArg00)
0804835D: error: Failed to write global variable g_ptr804835D.
    Drill into struct
       at Decompiler.Core.Output.GlobalDataWriter.VisitPointer(Pointer ptr)
   at Decompiler.Core.Types.Pointer.Accept[T](IDataTypeVisitor`1 v)
   at Decompiler.Core.Output.GlobalDataWriter.WriteGlobals(Formatter formatter)
08048390: error: Failed to write global variable g_ptr8048390.
    Drill into struct
       at Decompiler.Core.Output.GlobalDataWriter.VisitPointer(Pointer ptr)
   at Decompiler.Core.Types.Pointer.Accept[T](IDataTypeVisitor`1 v)
   at Decompiler.Core.Output.GlobalDataWriter.WriteGlobals(Formatter formatter)
080483C0: error: Failed to write global variable g_ptr80483C0.
    Drill into struct
       at Decompiler.Core.Output.GlobalDataWriter.VisitPointer(Pointer ptr)
   at Decompiler.Core.Types.Pointer.Accept[T](IDataTypeVisitor`1 v)
   at Decompiler.Core.Output.GlobalDataWriter.WriteGlobals(Formatter formatter)
0804835D: error: Failed to write global variable g_ptr804835D.
    Drill into struct
       at Decompiler.Core.Output.GlobalDataWriter.VisitPointer(Pointer ptr)
   at Decompiler.Core.Types.Pointer.Accept[T](IDataTypeVisitor`1 v)
   at Decompiler.Core.Output.GlobalDataWriter.WriteGlobals(Formatter formatter)
08048390: error: Failed to write global variable g_ptr8048390.
    Drill into struct
       at Decompiler.Core.Output.GlobalDataWriter.VisitPointer(Pointer ptr)
   at Decompiler.Core.Types.Pointer.Accept[T](IDataTypeVisitor`1 v)
   at Decompiler.Core.Output.GlobalDataWriter.WriteGlobals(Formatter formatter)
080483C0: error: Failed to write global variable g_ptr80483C0.
    Drill into struct
       at Decompiler.Core.Output.GlobalDataWriter.VisitPointer(Pointer ptr)
   at Decompiler.Core.Types.Pointer.Accept[T](IDataTypeVisitor`1 v)
   at Decompiler.Core.Output.GlobalDataWriter.WriteGlobals(Formatter formatter)
