Boomerang alpha 0.3.1 09/Sep/2006
loading...
warning: textDelta different for section .got (ignoring).
decoding entry point...
decoding anything undecoded...
finishing decode...
found 1 procs
decompiling...
decompiling entry point main
 considering main
 decompiling main
rtglobal type analysis for main
igenerating code...
WARNING: no out edge for this BB in main:
L11: Invalid BB:
in edges: 100004e4 
out edges: 
10010478

WARNING: no out edge for this BB in main:
L9: Invalid BB:
in edges: 10000464 
out edges: 
10010454

output written to _output/subject
completed in 0 secs.
