Database SUBJECTS/from_boomerang/asgngoto/ia32_elf_by_boomerang/subject.exe.idb already exists.
Do you want to overwrite it? -> ~L~oad existing

  bytes   pages size description
--------- ----- ---- --------------------------------------------
   524288    64 8192 allocating memory for b-tree...
    65536     8 8192 allocating memory for virtual array...
   262144    32 8192 allocating memory for name pointers...
-----------------------------------------------------------------
   851968            total memory allocated

Loading processor module IDADIR/procs/pc.so for metapc...Initializing processor module metapc...OK
Loading type libraries...
Autoanalysis subsystem has been initialized.
Database for file 'subject.exe' has been loaded.
Hex-Rays Decompiler plugin has been loaded (v7.5.0.201028)
  The hotkeys are F5: decompile, Ctrl-F5: decompile all.
  Please check the Edit/Plugins menu for more informaton.
IDAPython Hex-Rays bindings initialized.
=== start of cleanup script -> OK
  function at 0804853C  LIB  with name '.init_proc'
  function at 08048554       with name 'sub_8048554'
  function at 08048564       with name '.do_lio'
  function at 08048574       with name '.e_wsle'
  function at 08048584       with name '.f_exit'
  function at 08048594       with name '.s_rsle'
  function at 080485A4       with name '.__cxa_atexit'
  function at 080485B4       with name '.e_rsle'
  function at 080485C4  LIB  with name '.__libc_start_main'
  function at 080485D4       with name '.f_init'
  function at 080485E4       with name '.f_setsig'
  function at 080485F4       with name '.exit'
  function at 08048604       with name '.f_setarg'
  function at 08048614       with name '.s_wsle'
  function at 08048624  LIB  with name '_start'
  function at 08048648  LIB  with name 'call_gmon_start'
  function at 0804866C  LIB  with name '__do_global_dtors_aux'
  function at 080486A0  LIB  with name 'frame_dummy'
  function at 080486CC       with name 'MAIN__'
  function at 08048760       with name 'sub_8048760'
  function at 08048824       with name 'main'
  function at 0804886C  LIB  with name '__libc_csu_init'
  function at 080488C0  LIB  with name '__libc_csu_fini'
  function at 08048904       with name 'atexit'
  function at 08048934  LIB  with name '__do_global_ctors_aux'
  function at 08048958  LIB  with name '.term_proc'
  function at 08049B7C       with name 'do_lio'
  function at 08049B80       with name 'e_wsle'
  function at 08049B84       with name 'f_exit'
  function at 08049B88       with name 's_rsle'
  function at 08049B8C       with name '__cxa_atexit'
  function at 08049B90       with name 'e_rsle'
  function at 08049B94  LIB  with name '__libc_start_main'
  function at 08049B98       with name 'f_init'
  function at 08049B9C       with name 'f_setsig'
  function at 08049BA0       with name 'exit'
  function at 08049BA4       with name 'f_setarg'
  function at 08049BA8       with name 's_wsle'
finished -> OK
TIMESTAMP decompiling 8048554 size=0000000C times=0...
The decompiler assumes that the segment '.got.plt' is read-only because of its NAME.
All data references to the segment will be replaced by constant values.
This may lead to drastic changes in the decompiler output.
If the segment is not read-only, please change the segment NAME.

In general, the decompiler checks the segment permissions, class, and name
to determine if it is read-only.
 -> OK
TIMESTAMP decompiling 8048760 size=000000C3 times=0...
TIMESTAMP decompiling 8048904 size=0000002E times=0...
The decompiler assumes that the segment '.got' is read-only because of its NAME.
All data references to the segment will be replaced by constant values.
This may lead to drastic changes in the decompiler output.
If the segment is not read-only, please change the segment NAME.

In general, the decompiler checks the segment permissions, class, and name
to determine if it is read-only.
 -> OK
TIMESTAMP decompiling 80486CC size=00000094 times=0...
The decompiler assumes that the segment '.rodata' is read-only because of its NAME.
All data references to the segment will be replaced by constant values.
This may lead to drastic changes in the decompiler output.
If the segment is not read-only, please change the segment NAME.

In general, the decompiler checks the segment permissions, class, and name
to determine if it is read-only.
 -> OK
TIMESTAMP decompiling 8048824 size=00000045 times=0...
TIMESTAMP The application has been completely decompiled.
Flushing buffers, please wait...ok
Unloading IDP module IDADIR/procs/pc.so...
