JEB 4.0-beta.3.202103090424 (jeb-ce) is starting...
Current directory: SUBJECTS
Base directory: JEBDIR
Program directory: JEBDIR/bin
Java: Oracle Corporation 15.0.1
External plugin loaded: com.pnf.plugin.androidjnihelper.DynamicJNIDetectionPlugin
External plugin loaded: com.pnf.androsig.gen.AndroidSigGenPlugin
External plugin loaded: com.pnf.androsig.apply.andsig.AndroidSigApplyPlugin
External plugin loaded: com.pnf.plugin.oat.OATPlugin
External plugin loaded: com.pnf.plugin.pdf.PdfPlugin
External plugin loaded: com.pnf.diemvm.DiemIdentifier
External plugin loaded: com.pnf.diemvm.DiemDisassemblerPlugin
External plugin loaded: com.pnf.diemvm.DiemDecompilerPlugin
Initializing Jython, please wait...
Processing file: SUBJECTS/from_shootout/wc_ocaml/x64_elf/subject.exe...
{subject.exe > subject.exe > x86_64 image}: Compiler detected from file format analysis -> unknown (Linux)
{subject.exe > subject.exe > x86_64 image}: Initial native analysis styles: code gaps: LINEAR_SWEEP - data gaps: DEFAULT
{subject.exe > subject.exe > x86_64 image}: No RTTI information recovered
{subject.exe > subject.exe > x86_64 image}: Initial analysis completed (1715 internal methods created)
Output folder: jeb_output
  0/1715: Method: caml_c_call
  1/1715: 1/1715: caml_c_call (DONE:186ms)
  1/1715: Method: caml_call_gc
  2/1715: 2/1715: caml_call_gc (DONE:27ms)
  2/1715: Method: sub_408CE0
  3/1715: 3/1715: sub_408CE0 (DONE:24ms)
  3/1715: Method: caml_ml_array_bound_error
  4/1715: 4/1715: caml_ml_array_bound_error (DONE:36ms)
  4/1715: Method: caml_apply2
  5/1715: 5/1715: caml_apply2 (DONE:105ms)
  5/1715: Method: caml_apply3
  6/1715: 6/1715: caml_apply3 (DONE:145ms)
  6/1715: Method: caml_page_table_lookup
  7/1715: 7/1715: caml_page_table_lookup (DONE:211ms)
  7/1715: Method: caml_string_length
  8/1715: 8/1715: caml_string_length (DONE:51ms)
  8/1715: Method: camlPervasives__output_string_215
  9/1715: 9/1715: camlPervasives__output_string_215 (DONE:65ms)
  9/1715: Method: caml_convert_flag_list
 10/1715: 10/1715: caml_convert_flag_list (DONE:106ms)
 10/1715: Method: camlList__rev_append_79
 11/1715: 11/1715: camlList__rev_append_79 (DONE:166ms)
 11/1715: Method: camlPervasives__exit_350
 12/1715: 12/1715: camlPervasives__exit_350 (DONE:119ms)
 12/1715: Method: camlPervasives__string_of_int_154
 13/1715: 13/1715: camlPervasives__string_of_int_154 (DONE:61ms)
 13/1715: Method: camlList__iter_102
 14/1715: 14/1715: camlList__iter_102 (DONE:133ms)
 14/1715: Method: caml_iterate_global_roots
 15/1715: 15/1715: caml_iterate_global_roots (DONE:135ms)
 15/1715: Method: camlList__mem_189
 16/1715: 16/1715: camlList__mem_189 (DONE:99ms)
 16/1715: Method: cst_to_constr
 17/1715: 17/1715: cst_to_constr (DONE:107ms)
 17/1715: Method: caml_urge_major_slice
 18/1715: 18/1715: caml_urge_major_slice (DONE:18ms)
 18/1715: Method: allocate_block
 19/1715: 19/1715: allocate_block (DONE:200ms)
 19/1715: Method: caml_string_equal
 20/1715: 20/1715: caml_string_equal (DONE:68ms)
 20/1715: Method: caml_string_compare
 21/1715: 21/1715: caml_string_compare (DONE:158ms)
 21/1715: Method: caml_MD5Transform
 22/1715: 22/1715: caml_MD5Transform (DONE:119579ms)
Exception in thread "main" java.lang.OutOfMemoryError: Java heap space
	at com.pnfsoftware.jebglobal.xK.Vo(SourceFile:655)
	at com.pnfsoftware.jebglobal.xK.duplicate(SourceFile:53)
	at com.pnfsoftware.jebglobal.hG.Vo(SourceFile:225)
	at com.pnfsoftware.jebglobal.hG.duplicate(SourceFile:34)
	at com.pnfsoftware.jebglobal.xK.Vo(SourceFile:656)
	at com.pnfsoftware.jebglobal.xK.duplicate(SourceFile:53)
	at com.pnfsoftware.jebglobal.xK.Vo(SourceFile:656)
	at com.pnfsoftware.jebglobal.xK.duplicate(SourceFile:53)
	at com.pnfsoftware.jebglobal.xK.Vo(SourceFile:656)
	at com.pnfsoftware.jebglobal.xK.duplicate(SourceFile:53)
	at com.pnfsoftware.jebglobal.xK.Vo(SourceFile:656)
	at com.pnfsoftware.jebglobal.xK.duplicate(SourceFile:53)
	at com.pnfsoftware.jebglobal.xK.Vo(SourceFile:656)
	at com.pnfsoftware.jebglobal.xK.duplicate(SourceFile:53)
	at com.pnfsoftware.jebglobal.xK.Vo(SourceFile:656)
	at com.pnfsoftware.jebglobal.xK.duplicate(SourceFile:53)
	at com.pnfsoftware.jebglobal.xK.Vo(SourceFile:656)
	at com.pnfsoftware.jebglobal.xK.duplicate(SourceFile:53)
	at com.pnfsoftware.jebglobal.xK.Vo(SourceFile:656)
	at com.pnfsoftware.jebglobal.xK.duplicate(SourceFile:53)
	at com.pnfsoftware.jebglobal.xK.Vo(SourceFile:656)
	at com.pnfsoftware.jebglobal.xK.duplicate(SourceFile:53)
	at com.pnfsoftware.jebglobal.xK.Vo(SourceFile:656)
	at com.pnfsoftware.jebglobal.xK.duplicate(SourceFile:53)
	at com.pnfsoftware.jebglobal.QH.XP(SourceFile:253)
	at com.pnfsoftware.jebglobal.QH.duplicate(SourceFile:49)
	at com.pnfsoftware.jebglobal.xK.Vo(SourceFile:656)
	at com.pnfsoftware.jebglobal.xK.duplicate(SourceFile:53)
	at com.pnfsoftware.jebglobal.hG.Vo(SourceFile:225)
	at com.pnfsoftware.jebglobal.hG.duplicate(SourceFile:34)
	at com.pnfsoftware.jebglobal.xK.Vo(SourceFile:656)
	at com.pnfsoftware.jebglobal.xK.duplicate(SourceFile:53)
