Analyzing './from_boomerang/switch/ppc_elf_by_boomerang_o4/subject.exe' as a PowerPC 32 ELF binary file.

0 Procs, 0 Labels, 0 Branches, 0 MB used, 0 / 0 kB covered
./from_boomerang/switch/ppc_elf_by_boomerang_o4/subject.exe: 35 sections starting at 0x00000F90
./from_boomerang/switch/ppc_elf_by_boomerang_o4/subject.exe: section string table at 0x00001490, 0x120 bytes
 Offset:  [ix]  Address    Size    Offset  Name
00000F90: [ 0] 00000000 00000000 00000000 
00000FB8: [ 1] 10000154 0000000D 00000154 .interp
00000FE0: [ 2] 10000164 00000020 00000164 .note.ABI-tag
00001008: [ 3] 10000184 00000028 00000184 .hash
00001030: [ 4] 100001AC 00000050 000001AC .dynsym
00001058: [ 5] 100001FC 0000004A 000001FC .dynstr
00001080: [ 6] 10000246 0000000A 00000246 .gnu.version
000010A8: [ 7] 10000250 00000020 00000250 .gnu.version_r
000010D0: [ 8] 10000270 0000000C 00000270 .rela.dyn
000010F8: [ 9] 1000027C 00000018 0000027C .rela.plt
00001120: [10] 10000294 00000028 00000294 .init
00001148: [11] 100002BC 000005D4 000002BC .text
00001170: [12] 10000890 00000020 00000890 .fini
00001198: [13] 100008B0 0000006C 000008B0 .rodata
000011C0: [14] 1000091C 00000000 0000091C .sdata2
000011E8: [15] 1000091C 00000004 0000091C .eh_frame
00001210: [16] 10010920 00000008 00000920 .ctors
00001238: [17] 10010928 00000008 00000928 .dtors
00001260: [18] 10010930 00000004 00000930 .jcr
00001288: [19] 10010934 00000010 00000934 .got2
000012B0: [20] 10010944 000000C8 00000944 .dynamic
000012D8: [21] 10010A0C 00000008 00000A0C .data
00001300: [22] 10010A14 00000014 00000A14 .got
00001328: [23] 10010A28 00000000 00000A28 .sdata
00001350: [24] 10010A28 00000000 00000A28 .sbss
00001378: [25] 10010A28 00000060 00000A28 .plt
000013A0: [26] 10010A88 00000004 00000A28 .bss
000013C8: [27] 00000000 0000017A 00000A28 .comment
000013F0: [28] 00000000 00000058 00000BA8 .debug_aranges
00001418: [29] 00000000 00000138 00000C00 .debug_info
00001440: [30] 00000000 00000020 00000D38 .debug_abbrev
00001468: [31] 00000000 00000117 00000D58 .debug_line
00001490: [32] 00000000 00000120 00000E6F .shstrtab
000014B8: [33] 00000000 00000E50 00001508 .symtab
000014E0: [34] 00000000 00000971 00002358 .strtab
Internal error: Dwarf-2 current offset: 0x920
Matching signatures...
0 Procs, 0 Labels, 0 Branches, 0 MB used, 0 / 2 kB covered
0 Procs, 0 Labels, 0 Branches, 0 MB used, 0 / 2 kB covered
Separating code and data...
0 Procs, 0 Labels, 0 Branches, 0 MB used, 0 / 2 kB covered
0 Procs, 17 Labels, 14 Branches, 0 MB used, 1 / 2 kB covered
0 Procs, 18 Labels, 15 Branches, 0 MB used, 1 / 2 kB covered
0 Procs, 18 Labels, 15 Branches, 0 MB used, 1 / 2 kB covered
0 Procs, 23 Labels, 19 Branches, 0 MB used, 1 / 2 kB covered
0 Procs, 23 Labels, 20 Branches, 0 MB used, 1 / 2 kB covered
0 Procs, 23 Labels, 20 Branches, 0 MB used, 1 / 2 kB covered
0 Procs, 24 Labels, 21 Branches, 0 MB used, 1 / 2 kB covered
0 Procs, 28 Labels, 24 Branches, 0 MB used, 1 / 2 kB covered
0 Procs, 37 Labels, 32 Branches, 0 MB used, 1 / 2 kB covered
0 Procs, 43 Labels, 37 Branches, 0 MB used, 1 / 2 kB covered
0 Procs, 44 Labels, 38 Branches, 0 MB used, 1 / 2 kB covered
0 Procs, 45 Labels, 38 Branches, 0 MB used, 1 / 2 kB covered
0 Procs, 46 Labels, 38 Branches, 0 MB used, 1 / 2 kB covered
0 Procs, 47 Labels, 38 Branches, 0 MB used, 1 / 2 kB covered
0 Procs, 48 Labels, 38 Branches, 0 MB used, 1 / 2 kB covered
0 Procs, 49 Labels, 38 Branches, 0 MB used, 1 / 2 kB covered
0 Procs, 50 Labels, 38 Branches, 0 MB used, 1 / 2 kB covered
0 Procs, 51 Labels, 38 Branches, 0 MB used, 1 / 2 kB covered
0 Procs, 52 Labels, 38 Branches, 0 MB used, 1 / 2 kB covered
0 Procs, 53 Labels, 38 Branches, 0 MB used, 1 / 2 kB covered
0 Procs, 54 Labels, 38 Branches, 0 MB used, 1 / 2 kB covered
0 Procs, 55 Labels, 38 Branches, 0 MB used, 1 / 2 kB covered
0 Procs, 56 Labels, 38 Branches, 0 MB used, 1 / 2 kB covered
0 Procs, 57 Labels, 38 Branches, 0 MB used, 1 / 2 kB covered
0 Procs, 58 Labels, 38 Branches, 0 MB used, 1 / 2 kB covered
0 Procs, 59 Labels, 38 Branches, 0 MB used, 1 / 2 kB covered
0 Procs, 60 Labels, 38 Branches, 0 MB used, 1 / 2 kB covered
0 Procs, 61 Labels, 38 Branches, 0 MB used, 1 / 2 kB covered
0 Procs, 62 Labels, 39 Branches, 0 MB used, 1 / 2 kB covered
0 Procs, 63 Labels, 39 Branches, 0 MB used, 1 / 2 kB covered
0 Procs, 64 Labels, 39 Branches, 0 MB used, 1 / 2 kB covered
0 Procs, 65 Labels, 39 Branches, 0 MB used, 1 / 2 kB covered
0 Procs, 66 Labels, 39 Branches, 0 MB used, 1 / 2 kB covered
0 Procs, 67 Labels, 39 Branches, 0 MB used, 1 / 2 kB covered
0 Procs, 68 Labels, 39 Branches, 0 MB used, 1 / 2 kB covered
0 Procs, 69 Labels, 39 Branches, 0 MB used, 1 / 2 kB covered
0 Procs, 70 Labels, 39 Branches, 0 MB used, 1 / 2 kB covered
0 Procs, 71 Labels, 39 Branches, 0 MB used, 1 / 2 kB covered
0 Procs, 72 Labels, 39 Branches, 0 MB used, 1 / 2 kB covered
0 Procs, 73 Labels, 39 Branches, 0 MB used, 1 / 2 kB covered
0 Procs, 74 Labels, 39 Branches, 0 MB used, 1 / 2 kB covered
0 Procs, 75 Labels, 39 Branches, 0 MB used, 1 / 2 kB covered
0 Procs, 76 Labels, 39 Branches, 0 MB used, 1 / 2 kB covered
0 Procs, 77 Labels, 39 Branches, 0 MB used, 1 / 2 kB covered
0 Procs, 78 Labels, 39 Branches, 0 MB used, 1 / 2 kB covered
0 Procs, 79 Labels, 39 Branches, 0 MB used, 1 / 2 kB covered
0 Procs, 80 Labels, 40 Branches, 0 MB used, 1 / 2 kB covered
0 Procs, 81 Labels, 40 Branches, 0 MB used, 1 / 2 kB covered
0 Procs, 82 Labels, 40 Branches, 0 MB used, 1 / 2 kB covered
0 Procs, 83 Labels, 40 Branches, 0 MB used, 1 / 2 kB covered
0 Procs, 84 Labels, 40 Branches, 0 MB used, 1 / 2 kB covered
0 Procs, 85 Labels, 40 Branches, 0 MB used, 1 / 2 kB covered
0 Procs, 86 Labels, 40 Branches, 0 MB used, 1 / 2 kB covered
0 Procs, 87 Labels, 40 Branches, 0 MB used, 1 / 2 kB covered
0 Procs, 88 Labels, 40 Branches, 0 MB used, 1 / 2 kB covered
0 Procs, 89 Labels, 40 Branches, 0 MB used, 1 / 2 kB covered
0 Procs, 90 Labels, 40 Branches, 0 MB used, 1 / 2 kB covered
0 Procs, 91 Labels, 40 Branches, 0 MB used, 1 / 2 kB covered
0 Procs, 92 Labels, 40 Branches, 0 MB used, 1 / 2 kB covered
0 Procs, 93 Labels, 40 Branches, 0 MB used, 1 / 2 kB covered
0 Procs, 94 Labels, 40 Branches, 0 MB used, 1 / 2 kB covered
0 Procs, 95 Labels, 40 Branches, 0 MB used, 1 / 2 kB covered
0 Procs, 96 Labels, 40 Branches, 0 MB used, 1 / 2 kB covered
0 Procs, 97 Labels, 40 Branches, 0 MB used, 1 / 2 kB covered
0 Procs, 98 Labels, 41 Branches, 0 MB used, 1 / 2 kB covered
0 Procs, 99 Labels, 41 Branches, 0 MB used, 1 / 2 kB covered
0 Procs, 100 Labels, 41 Branches, 0 MB used, 1 / 2 kB covered
0 Procs, 101 Labels, 41 Branches, 0 MB used, 1 / 2 kB covered
0 Procs, 102 Labels, 41 Branches, 0 MB used, 1 / 2 kB covered
0 Procs, 103 Labels, 41 Branches, 0 MB used, 1 / 2 kB covered
0 Procs, 104 Labels, 41 Branches, 0 MB used, 1 / 2 kB covered
0 Procs, 105 Labels, 41 Branches, 0 MB used, 1 / 2 kB covered
0 Procs, 106 Labels, 41 Branches, 0 MB used, 1 / 2 kB covered
0 Procs, 107 Labels, 41 Branches, 0 MB used, 1 / 2 kB covered
0 Procs, 108 Labels, 41 Branches, 0 MB used, 1 / 2 kB covered
0 Procs, 109 Labels, 41 Branches, 0 MB used, 1 / 2 kB covered
0 Procs, 110 Labels, 41 Branches, 0 MB used, 1 / 2 kB covered
0 Procs, 111 Labels, 41 Branches, 0 MB used, 1 / 2 kB covered
0 Procs, 112 Labels, 41 Branches, 0 MB used, 1 / 2 kB covered
0 Procs, 113 Labels, 41 Branches, 0 MB used, 1 / 2 kB covered
0 Procs, 114 Labels, 41 Branches, 0 MB used, 1 / 2 kB covered
0 Procs, 115 Labels, 41 Branches, 0 MB used, 1 / 2 kB covered
0 Procs, 116 Labels, 42 Branches, 0 MB used, 1 / 2 kB covered
0 Procs, 117 Labels, 42 Branches, 0 MB used, 1 / 2 kB covered
0 Procs, 118 Labels, 42 Branches, 0 MB used, 1 / 2 kB covered
0 Procs, 119 Labels, 42 Branches, 0 MB used, 1 / 2 kB covered
0 Procs, 120 Labels, 42 Branches, 0 MB used, 1 / 2 kB covered
0 Procs, 121 Labels, 42 Branches, 0 MB used, 1 / 2 kB covered
0 Procs, 122 Labels, 42 Branches, 0 MB used, 1 / 2 kB covered
0 Procs, 123 Labels, 42 Branches, 0 MB used, 1 / 2 kB covered
0 Procs, 124 Labels, 42 Branches, 0 MB used, 1 / 2 kB covered
0 Procs, 125 Labels, 42 Branches, 0 MB used, 1 / 2 kB covered
0 Procs, 126 Labels, 42 Branches, 0 MB used, 1 / 2 kB covered
0 Procs, 127 Labels, 42 Branches, 0 MB used, 1 / 2 kB covered
0 Procs, 128 Labels, 42 Branches, 0 MB used, 1 / 2 kB covered
0 Procs, 129 Labels, 42 Branches, 0 MB used, 1 / 2 kB covered
0 Procs, 130 Labels, 42 Branches, 0 MB used, 1 / 2 kB covered
0 Procs, 131 Labels, 42 Branches, 0 MB used, 1 / 2 kB covered
0 Procs, 132 Labels, 42 Branches, 0 MB used, 1 / 2 kB covered
0 Procs, 133 Labels, 42 Branches, 0 MB used, 1 / 2 kB covered
0 Procs, 133 Labels, 43 Branches, 0 MB used, 2 / 2 kB covered
0 Procs, 134 Labels, 43 Branches, 0 MB used, 2 / 2 kB covered
0 Procs, 135 Labels, 43 Branches, 0 MB used, 2 / 2 kB covered
0 Procs, 136 Labels, 43 Branches, 0 MB used, 2 / 2 kB covered
0 Procs, 137 Labels, 43 Branches, 0 MB used, 2 / 2 kB covered
0 Procs, 138 Labels, 43 Branches, 0 MB used, 2 / 2 kB covered
0 Procs, 139 Labels, 43 Branches, 0 MB used, 2 / 2 kB covered
0 Procs, 140 Labels, 43 Branches, 0 MB used, 2 / 2 kB covered
0 Procs, 141 Labels, 43 Branches, 0 MB used, 2 / 2 kB covered
0 Procs, 142 Labels, 43 Branches, 0 MB used, 2 / 2 kB covered
0 Procs, 143 Labels, 43 Branches, 0 MB used, 2 / 2 kB covered
0 Procs, 144 Labels, 43 Branches, 0 MB used, 2 / 2 kB covered
0 Procs, 145 Labels, 43 Branches, 0 MB used, 2 / 2 kB covered
0 Procs, 146 Labels, 43 Branches, 0 MB used, 2 / 2 kB covered
0 Procs, 147 Labels, 43 Branches, 0 MB used, 2 / 2 kB covered
0 Procs, 148 Labels, 43 Branches, 0 MB used, 2 / 2 kB covered
0 Procs, 149 Labels, 43 Branches, 0 MB used, 2 / 2 kB covered
0 Procs, 150 Labels, 43 Branches, 0 MB used, 2 / 2 kB covered
0 Procs, 150 Labels, 43 Branches, 0 MB used, 2 / 2 kB covered
0 Procs, 150 Labels, 44 Branches, 0 MB used, 2 / 2 kB covered
0 Procs, 150 Labels, 44 Branches, 0 MB used, 2 / 2 kB covered
0 Procs, 151 Labels, 44 Branches, 0 MB used, 2 / 2 kB covered
0 Procs, 152 Labels, 44 Branches, 0 MB used, 2 / 2 kB covered
0 Procs, 153 Labels, 44 Branches, 0 MB used, 2 / 2 kB covered
0 Procs, 154 Labels, 44 Branches, 0 MB used, 2 / 2 kB covered
0 Procs, 155 Labels, 44 Branches, 0 MB used, 2 / 2 kB covered
0 Procs, 156 Labels, 44 Branches, 0 MB used, 2 / 2 kB covered
0 Procs, 157 Labels, 44 Branches, 0 MB used, 2 / 2 kB covered
0 Procs, 158 Labels, 44 Branches, 0 MB used, 2 / 2 kB covered
0 Procs, 159 Labels, 44 Branches, 0 MB used, 2 / 2 kB covered
0 Procs, 160 Labels, 44 Branches, 0 MB used, 2 / 2 kB covered
0 Procs, 161 Labels, 44 Branches, 0 MB used, 2 / 2 kB covered
0 Procs, 162 Labels, 44 Branches, 0 MB used, 2 / 2 kB covered
0 Procs, 162 Labels, 44 Branches, 0 MB used, 2 / 2 kB covered
0 Procs, 162 Labels, 44 Branches, 0 MB used, 2 / 2 kB covered
0 Procs, 163 Labels, 44 Branches, 0 MB used, 2 / 2 kB covered
127 Procs, 163 Labels, 44 Branches, 0 MB used, 2 / 2 kB covered
127 Procs, 163 Labels, 44 Branches, 0 MB used, 2 / 2 kB covered
127 Procs, 163 Labels, 44 Branches, 0 MB used, 2 / 2 kB covered
127 Procs, 163 Labels, 44 Branches, 0 MB used, 2 / 2 kB covered
127 Procs, 163 Labels, 44 Branches, 0 MB used, 2 / 2 kB covered
127 Procs, 163 Labels, 44 Branches, 0 MB used, 2 / 2 kB covered
127 Procs, 163 Labels, 44 Branches, 0 MB used, 2 / 2 kB covered
127 Procs, 163 Labels, 44 Branches, 0 MB used, 2 / 2 kB covered
127 Procs, 163 Labels, 44 Branches, 0 MB used, 2 / 2 kB covered
127 Procs, 163 Labels, 44 Branches, 0 MB used, 2 / 2 kB covered
127 Procs, 163 Labels, 44 Branches, 0 MB used, 2 / 2 kB covered
127 Procs, 163 Labels, 44 Branches, 0 MB used, 2 / 2 kB covered
127 Procs, 163 Labels, 44 Branches, 0 MB used, 2 / 2 kB covered
127 Procs, 163 Labels, 44 Branches, 0 MB used, 2 / 2 kB covered
127 Procs, 163 Labels, 44 Branches, 0 MB used, 2 / 2 kB covered
127 Procs, 163 Labels, 44 Branches, 0 MB used, 2 / 2 kB covered
127 Procs, 163 Labels, 44 Branches, 0 MB used, 2 / 2 kB covered
127 Procs, 163 Labels, 44 Branches, 0 MB used, 2 / 2 kB covered
127 Procs, 163 Labels, 44 Branches, 0 MB used, 2 / 2 kB covered
127 Procs, 163 Labels, 44 Branches, 0 MB used, 2 / 2 kB covered
127 Procs, 163 Labels, 44 Branches, 0 MB used, 2 / 2 kB covered
127 Procs, 163 Labels, 44 Branches, 0 MB used, 2 / 2 kB covered
127 Procs, 163 Labels, 44 Branches, 0 MB used, 2 / 2 kB covered
127 Procs, 163 Labels, 44 Branches, 0 MB used, 2 / 2 kB covered
127 Procs, 163 Labels, 44 Branches, 0 MB used, 2 / 2 kB covered
127 Procs, 163 Labels, 44 Branches, 0 MB used, 2 / 2 kB covered
127 Procs, 163 Labels, 44 Branches, 0 MB used, 2 / 2 kB covered
127 Procs, 163 Labels, 44 Branches, 0 MB used, 2 / 2 kB covered
127 Procs, 163 Labels, 44 Branches, 0 MB used, 2 / 2 kB covered
127 Procs, 163 Labels, 44 Branches, 0 MB used, 2 / 2 kB covered
127 Procs, 163 Labels, 44 Branches, 0 MB used, 2 / 2 kB covered
127 Procs, 163 Labels, 44 Branches, 0 MB used, 2 / 2 kB covered
127 Procs, 163 Labels, 44 Branches, 0 MB used, 2 / 2 kB covered
127 Procs, 163 Labels, 44 Branches, 0 MB used, 2 / 2 kB covered
127 Procs, 163 Labels, 44 Branches, 0 MB used, 2 / 2 kB covered
127 Procs, 163 Labels, 44 Branches, 0 MB used, 2 / 2 kB covered
127 Procs, 163 Labels, 44 Branches, 0 MB used, 2 / 2 kB covered
127 Procs, 163 Labels, 44 Branches, 0 MB used, 2 / 2 kB covered
127 Procs, 163 Labels, 44 Branches, 0 MB used, 2 / 2 kB covered
127 Procs, 163 Labels, 44 Branches, 0 MB used, 2 / 2 kB covered
127 Procs, 163 Labels, 44 Branches, 0 MB used, 2 / 2 kB covered
127 Procs, 163 Labels, 44 Branches, 0 MB used, 2 / 2 kB covered
127 Procs, 163 Labels, 44 Branches, 0 MB used, 2 / 2 kB covered
127 Procs, 163 Labels, 44 Branches, 0 MB used, 2 / 2 kB covered
127 Procs, 163 Labels, 44 Branches, 0 MB used, 2 / 2 kB covered
127 Procs, 163 Labels, 44 Branches, 0 MB used, 2 / 2 kB covered
127 Procs, 163 Labels, 44 Branches, 0 MB used, 2 / 2 kB covered
127 Procs, 163 Labels, 44 Branches, 0 MB used, 2 / 2 kB covered
127 Procs, 163 Labels, 44 Branches, 0 MB used, 2 / 2 kB covered
127 Procs, 163 Labels, 44 Branches, 0 MB used, 2 / 2 kB covered
127 Procs, 163 Labels, 44 Branches, 0 MB used, 2 / 2 kB covered
127 Procs, 163 Labels, 44 Branches, 0 MB used, 2 / 2 kB covered
127 Procs, 163 Labels, 44 Branches, 0 MB used, 2 / 2 kB covered
127 Procs, 163 Labels, 44 Branches, 0 MB used, 2 / 2 kB covered
127 Procs, 163 Labels, 44 Branches, 0 MB used, 2 / 2 kB covered
127 Procs, 163 Labels, 44 Branches, 0 MB used, 2 / 2 kB covered
127 Procs, 163 Labels, 44 Branches, 0 MB used, 2 / 2 kB covered
127 Procs, 163 Labels, 44 Branches, 0 MB used, 2 / 2 kB covered
127 Procs, 163 Labels, 44 Branches, 0 MB used, 2 / 2 kB covered
127 Procs, 163 Labels, 44 Branches, 0 MB used, 2 / 2 kB covered
127 Procs, 163 Labels, 44 Branches, 0 MB used, 2 / 2 kB covered
127 Procs, 163 Labels, 44 Branches, 0 MB used, 2 / 2 kB covered
127 Procs, 163 Labels, 44 Branches, 0 MB used, 2 / 2 kB covered
127 Procs, 163 Labels, 44 Branches, 0 MB used, 2 / 2 kB covered
127 Procs, 163 Labels, 44 Branches, 0 MB used, 2 / 2 kB covered
127 Procs, 163 Labels, 44 Branches, 0 MB used, 2 / 2 kB covered
127 Procs, 163 Labels, 44 Branches, 0 MB used, 2 / 2 kB covered
127 Procs, 163 Labels, 44 Branches, 0 MB used, 2 / 2 kB covered
127 Procs, 163 Labels, 44 Branches, 0 MB used, 2 / 2 kB covered
127 Procs, 163 Labels, 44 Branches, 0 MB used, 2 / 2 kB covered
127 Procs, 163 Labels, 44 Branches, 0 MB used, 2 / 2 kB covered
127 Procs, 163 Labels, 44 Branches, 0 MB used, 2 / 2 kB covered
127 Procs, 163 Labels, 44 Branches, 0 MB used, 2 / 2 kB covered
127 Procs, 163 Labels, 44 Branches, 0 MB used, 2 / 2 kB covered
127 Procs, 163 Labels, 44 Branches, 0 MB used, 2 / 2 kB covered
127 Procs, 163 Labels, 44 Branches, 0 MB used, 2 / 2 kB covered
127 Procs, 163 Labels, 44 Branches, 0 MB used, 2 / 2 kB covered
127 Procs, 163 Labels, 44 Branches, 0 MB used, 2 / 2 kB covered
127 Procs, 163 Labels, 44 Branches, 0 MB used, 2 / 2 kB covered
127 Procs, 163 Labels, 44 Branches, 0 MB used, 2 / 2 kB covered
127 Procs, 163 Labels, 44 Branches, 0 MB used, 2 / 2 kB covered
127 Procs, 163 Labels, 44 Branches, 0 MB used, 2 / 2 kB covered
127 Procs, 163 Labels, 44 Branches, 0 MB used, 2 / 2 kB covered
127 Procs, 163 Labels, 44 Branches, 0 MB used, 2 / 2 kB covered
127 Procs, 163 Labels, 44 Branches, 0 MB used, 2 / 2 kB covered
127 Procs, 163 Labels, 44 Branches, 0 MB used, 2 / 2 kB covered
127 Procs, 163 Labels, 44 Branches, 0 MB used, 2 / 2 kB covered
127 Procs, 163 Labels, 44 Branches, 0 MB used, 2 / 2 kB covered
127 Procs, 163 Labels, 44 Branches, 0 MB used, 2 / 2 kB covered
127 Procs, 163 Labels, 44 Branches, 0 MB used, 2 / 2 kB covered
127 Procs, 163 Labels, 44 Branches, 0 MB used, 2 / 2 kB covered
127 Procs, 163 Labels, 44 Branches, 0 MB used, 2 / 2 kB covered
127 Procs, 163 Labels, 44 Branches, 0 MB used, 2 / 2 kB covered
127 Procs, 163 Labels, 44 Branches, 0 MB used, 2 / 2 kB covered
127 Procs, 163 Labels, 44 Branches, 0 MB used, 2 / 2 kB covered
127 Procs, 163 Labels, 44 Branches, 0 MB used, 2 / 2 kB covered
127 Procs, 163 Labels, 44 Branches, 0 MB used, 2 / 2 kB covered
127 Procs, 163 Labels, 44 Branches, 0 MB used, 2 / 2 kB covered
127 Procs, 163 Labels, 44 Branches, 0 MB used, 2 / 2 kB covered
127 Procs, 163 Labels, 44 Branches, 0 MB used, 2 / 2 kB covered
127 Procs, 163 Labels, 44 Branches, 0 MB used, 2 / 2 kB covered
127 Procs, 163 Labels, 44 Branches, 0 MB used, 2 / 2 kB covered
127 Procs, 163 Labels, 44 Branches, 0 MB used, 2 / 2 kB covered
127 Procs, 163 Labels, 44 Branches, 0 MB used, 2 / 2 kB covered
127 Procs, 163 Labels, 44 Branches, 0 MB used, 2 / 2 kB covered
127 Procs, 163 Labels, 44 Branches, 0 MB used, 2 / 2 kB covered
127 Procs, 163 Labels, 44 Branches, 0 MB used, 2 / 2 kB covered
127 Procs, 163 Labels, 44 Branches, 0 MB used, 2 / 2 kB covered
127 Procs, 163 Labels, 44 Branches, 0 MB used, 2 / 2 kB covered
127 Procs, 163 Labels, 44 Branches, 0 MB used, 2 / 2 kB covered
127 Procs, 163 Labels, 44 Branches, 0 MB used, 2 / 2 kB covered
127 Procs, 163 Labels, 44 Branches, 0 MB used, 2 / 2 kB covered
127 Procs, 163 Labels, 44 Branches, 0 MB used, 2 / 2 kB covered
127 Procs, 163 Labels, 44 Branches, 0 MB used, 2 / 2 kB covered
127 Procs, 163 Labels, 44 Branches, 0 MB used, 2 / 2 kB covered
127 Procs, 163 Labels, 44 Branches, 0 MB used, 2 / 2 kB covered
127 Procs, 163 Labels, 44 Branches, 0 MB used, 2 / 2 kB covered
127 Procs, 163 Labels, 44 Branches, 0 MB used, 2 / 2 kB covered
127 Procs, 163 Labels, 44 Branches, 0 MB used, 2 / 2 kB covered
127 Procs, 163 Labels, 44 Branches, 0 MB used, 2 / 2 kB covered
127 Procs, 163 Labels, 44 Branches, 0 MB used, 2 / 2 kB covered
127 Procs, 163 Labels, 44 Branches, 0 MB used, 2 / 2 kB covered
127 Procs, 163 Labels, 44 Branches, 0 MB used, 2 / 2 kB covered
127 Procs, 163 Labels, 44 Branches, 0 MB used, 2 / 2 kB covered
127 Procs, 163 Labels, 44 Branches, 0 MB used, 2 / 2 kB covered
127 Procs, 163 Labels, 44 Branches, 0 MB used, 2 / 2 kB covered
127 Procs, 163 Labels, 44 Branches, 0 MB used, 2 / 2 kB covered
127 Procs, 163 Labels, 44 Branches, 0 MB used, 2 / 2 kB covered
127 Procs, 163 Labels, 44 Branches, 0 MB used, 2 / 2 kB covered
127 Procs, 163 Labels, 44 Branches, 0 MB used, 2 / 2 kB covered
127 Procs, 163 Labels, 44 Branches, 0 MB used, 2 / 2 kB covered
127 Procs, 163 Labels, 44 Branches, 0 MB used, 2 / 2 kB covered
127 Procs, 163 Labels, 44 Branches, 0 MB used, 2 / 2 kB covered
127 Procs, 163 Labels, 44 Branches, 0 MB used, 2 / 2 kB covered
127 Procs, 163 Labels, 44 Branches, 0 MB used, 2 / 2 kB covered
127 Procs, 163 Labels, 44 Branches, 0 MB used, 2 / 2 kB covered
127 Procs, 163 Labels, 44 Branches, 0 MB used, 2 / 2 kB covered
127 Procs, 163 Labels, 44 Branches, 0 MB used, 2 / 2 kB covered
Resolving indirect jumps...
127 Procs, 163 Labels, 44 Branches, 0 MB used, 2 / 2 kB covered
127 Procs, 163 Labels, 44 Branches, 0 MB used, 2 / 2 kB covered
Resolving constants and strings...
127 Procs, 163 Labels, 44 Branches, 0 MB used, 2 / 2 kB covered
Discovering unreached functions...
127 Procs, 163 Labels, 44 Branches, 0 MB used, 2 / 2 kB covered
Computing call tree...
127 Procs, 163 Labels, 44 Branches, 0 MB used, 2 / 2 kB covered
Computing calling conventions...
127 Procs, 163 Labels, 44 Branches, 0 MB used, 2 / 2 kB covered
Computing Calling Convention: 1/127  0x10000000
Computing Calling Convention: 3/127  0x100002BC
Computing Calling Convention: 5/127  0x10000320
Computing Calling Convention: 6/127  0x10000398
Computing Calling Convention: 7/127  0x100003B4
Computing Calling Convention: 8/127  0x100003F8
Computing Calling Convention: 14/127  0x10000644
Computing Calling Convention: 15/127  0x10000648
Computing Calling Convention: 16/127  0x1000064C
Computing Calling Convention: 17/127  0x10000650
Computing Calling Convention: 18/127  0x10000654
Computing Calling Convention: 19/127  0x10000658
Computing Calling Convention: 20/127  0x1000065C
Computing Calling Convention: 21/127  0x10000660
Computing Calling Convention: 22/127  0x10000664
Computing Calling Convention: 23/127  0x10000668
Computing Calling Convention: 24/127  0x1000066C
Computing Calling Convention: 25/127  0x10000670
Computing Calling Convention: 26/127  0x10000674
Computing Calling Convention: 27/127  0x10000678
Computing Calling Convention: 28/127  0x1000067C
Computing Calling Convention: 29/127  0x10000680
Computing Calling Convention: 30/127  0x10000684
Computing Calling Convention: 31/127  0x10000688
Computing Calling Convention: 32/127  0x10000690
Computing Calling Convention: 33/127  0x10000694
Computing Calling Convention: 34/127  0x10000698
Computing Calling Convention: 35/127  0x1000069C
Computing Calling Convention: 36/127  0x100006A0
Computing Calling Convention: 37/127  0x100006A4
Computing Calling Convention: 38/127  0x100006A8
Computing Calling Convention: 39/127  0x100006AC
Computing Calling Convention: 40/127  0x100006B0
Computing Calling Convention: 41/127  0x100006B4
Computing Calling Convention: 42/127  0x100006B8
Computing Calling Convention: 43/127  0x100006BC
Computing Calling Convention: 44/127  0x100006C0
Computing Calling Convention: 45/127  0x100006C4
Computing Calling Convention: 46/127  0x100006C8
Computing Calling Convention: 47/127  0x100006CC
Computing Calling Convention: 48/127  0x100006D0
Computing Calling Convention: 49/127  0x100006D4
Computing Calling Convention: 50/127  0x100006DC
Computing Calling Convention: 51/127  0x100006E0
Computing Calling Convention: 52/127  0x100006E4
Computing Calling Convention: 53/127  0x100006E8
Computing Calling Convention: 54/127  0x100006EC
Computing Calling Convention: 55/127  0x100006F0
Computing Calling Convention: 56/127  0x100006F4
Computing Calling Convention: 57/127  0x100006F8
Computing Calling Convention: 58/127  0x100006FC
Computing Calling Convention: 59/127  0x10000700
Computing Calling Convention: 60/127  0x10000704
Computing Calling Convention: 61/127  0x10000708
Computing Calling Convention: 62/127  0x1000070C
Computing Calling Convention: 63/127  0x10000710
Computing Calling Convention: 64/127  0x10000714
Computing Calling Convention: 65/127  0x10000718
Computing Calling Convention: 66/127  0x1000071C
Computing Calling Convention: 67/127  0x10000720
Computing Calling Convention: 68/127  0x10000728
Computing Calling Convention: 69/127  0x1000072C
Computing Calling Convention: 70/127  0x10000730
Computing Calling Convention: 71/127  0x10000734
Computing Calling Convention: 72/127  0x10000738
Computing Calling Convention: 73/127  0x1000073C
Computing Calling Convention: 74/127  0x10000740
Computing Calling Convention: 75/127  0x10000744
Computing Calling Convention: 76/127  0x10000748
Computing Calling Convention: 77/127  0x1000074C
Computing Calling Convention: 78/127  0x10000750
Computing Calling Convention: 79/127  0x10000754
Computing Calling Convention: 80/127  0x10000758
Computing Calling Convention: 81/127  0x1000075C
Computing Calling Convention: 82/127  0x10000760
Computing Calling Convention: 83/127  0x10000764
Computing Calling Convention: 84/127  0x10000768
Computing Calling Convention: 85/127  0x1000076C
Computing Calling Convention: 86/127  0x10000774
Computing Calling Convention: 87/127  0x10000778
Computing Calling Convention: 88/127  0x1000077C
Computing Calling Convention: 89/127  0x10000780
Computing Calling Convention: 90/127  0x10000784
Computing Calling Convention: 91/127  0x10000788
Computing Calling Convention: 92/127  0x1000078C
Computing Calling Convention: 93/127  0x10000790
Computing Calling Convention: 94/127  0x10000794
Computing Calling Convention: 95/127  0x10000798
Computing Calling Convention: 96/127  0x1000079C
Computing Calling Convention: 97/127  0x100007A0
Computing Calling Convention: 98/127  0x100007A4
Computing Calling Convention: 99/127  0x100007A8
Computing Calling Convention: 100/127  0x100007AC
Computing Calling Convention: 101/127  0x100007B0
Computing Calling Convention: 102/127  0x100007B4
Computing Calling Convention: 103/127  0x100007B8
Computing Calling Convention: 104/127  0x100007CC
Computing Calling Convention: 105/127  0x100007D0
Computing Calling Convention: 106/127  0x100007D4
Computing Calling Convention: 107/127  0x100007D8
Computing Calling Convention: 108/127  0x100007DC
Computing Calling Convention: 109/127  0x100007E0
Computing Calling Convention: 110/127  0x100007E4
Computing Calling Convention: 111/127  0x100007E8
Computing Calling Convention: 112/127  0x100007EC
Computing Calling Convention: 113/127  0x100007F0
Computing Calling Convention: 114/127  0x100007F4
Computing Calling Convention: 115/127  0x100007F8
Computing Calling Convention: 116/127  0x100007FC
Computing Calling Convention: 117/127  0x10000800
Computing Calling Convention: 118/127  0x10000804
Computing Calling Convention: 119/127  0x10000808
Computing Calling Convention: 120/127  0x1000080C
Computing Calling Convention: 121/127  0x10000810
Computing Calling Convention: 122/127  0x10000824
Computing Calling Convention: 123/127  0x10000874
Computing Calling Convention: 124/127  0x10000890
Computing Calling Convention: 125/127  0x10010A14
Computing Calling Convention: 126/127  0x10010A70
Computing Calling Convention: 127/127  0x10010A78
Computing Calling Convention: 2/7  0x100002E0
Computing Calling Convention: 3/7  0x10000414
Computing Calling Convention: 5/7  0x10000534
Computing Calling Convention: 1/4  0x10000294
Computing Calling Convention: 2/4  0x10000528
Computing Calling Convention: 4/4  0x100005C4
Computing Calling Convention: 1/1  0x100005B8
File analysis complete.
127 Procs, 163 Labels, 44 Branches, 0 MB used, 2 / 2 kB covered

Decompiling 1/127: 0x10000000
Decompiling 2/127: 0x10000294
Decompiling 3/127: 0x100002BC
Decompiling 4/127: 0x100002E0
Decompiling 5/127: 0x10000320
Decompiling 6/127: 0x10000398
Decompiling 7/127: 0x100003B4
Decompiling 8/127: 0x100003F8
Decompiling 9/127: 0x10000414
Decompiling 10/127: 0x10000528
Decompiling 11/127: 0x10000534
Decompiling 12/127: 0x100005B8
Decompiling 13/127: 0x100005C4
Decompiling 14/127: 0x10000644
Decompiling 15/127: 0x10000648
Decompiling 16/127: 0x1000064C
Decompiling 17/127: 0x10000650
Decompiling 18/127: 0x10000654
Decompiling 19/127: 0x10000658
Decompiling 20/127: 0x1000065C
Decompiling 21/127: 0x10000660
Decompiling 22/127: 0x10000664
Decompiling 23/127: 0x10000668
Decompiling 24/127: 0x1000066C
Decompiling 25/127: 0x10000670
Decompiling 26/127: 0x10000674
Decompiling 27/127: 0x10000678
Decompiling 28/127: 0x1000067C
Decompiling 29/127: 0x10000680
Decompiling 30/127: 0x10000684
Decompiling 31/127: 0x10000688
Decompiling 32/127: 0x10000690
Decompiling 33/127: 0x10000694
Decompiling 34/127: 0x10000698
Decompiling 35/127: 0x1000069C
Decompiling 36/127: 0x100006A0
Decompiling 37/127: 0x100006A4
Decompiling 38/127: 0x100006A8
Decompiling 39/127: 0x100006AC
Decompiling 40/127: 0x100006B0
Decompiling 41/127: 0x100006B4
Decompiling 42/127: 0x100006B8
Decompiling 43/127: 0x100006BC
Decompiling 44/127: 0x100006C0
Decompiling 45/127: 0x100006C4
Decompiling 46/127: 0x100006C8
Decompiling 47/127: 0x100006CC
Decompiling 48/127: 0x100006D0
Decompiling 49/127: 0x100006D4
Decompiling 50/127: 0x100006DC
Decompiling 51/127: 0x100006E0
Decompiling 52/127: 0x100006E4
Decompiling 53/127: 0x100006E8
Decompiling 54/127: 0x100006EC
Decompiling 55/127: 0x100006F0
Decompiling 56/127: 0x100006F4
Decompiling 57/127: 0x100006F8
Decompiling 58/127: 0x100006FC
Decompiling 59/127: 0x10000700
Decompiling 60/127: 0x10000704
Decompiling 61/127: 0x10000708
Decompiling 62/127: 0x1000070C
Decompiling 63/127: 0x10000710
Decompiling 64/127: 0x10000714
Decompiling 65/127: 0x10000718
Decompiling 66/127: 0x1000071C
Decompiling 67/127: 0x10000720
Decompiling 68/127: 0x10000728
Decompiling 69/127: 0x1000072C
Decompiling 70/127: 0x10000730
Decompiling 71/127: 0x10000734
Decompiling 72/127: 0x10000738
Decompiling 73/127: 0x1000073C
Decompiling 74/127: 0x10000740
Decompiling 75/127: 0x10000744
Decompiling 76/127: 0x10000748
Decompiling 77/127: 0x1000074C
Decompiling 78/127: 0x10000750
Decompiling 79/127: 0x10000754
Decompiling 80/127: 0x10000758
Decompiling 81/127: 0x1000075C
Decompiling 82/127: 0x10000760
Decompiling 83/127: 0x10000764
Decompiling 84/127: 0x10000768
Decompiling 85/127: 0x1000076C
Decompiling 86/127: 0x10000774
Decompiling 87/127: 0x10000778
Decompiling 88/127: 0x1000077C
Decompiling 89/127: 0x10000780
Decompiling 90/127: 0x10000784
Decompiling 91/127: 0x10000788
Decompiling 92/127: 0x1000078C
Decompiling 93/127: 0x10000790
Decompiling 94/127: 0x10000794
Decompiling 95/127: 0x10000798
Decompiling 96/127: 0x1000079C
Decompiling 97/127: 0x100007A0
Decompiling 98/127: 0x100007A4
Decompiling 99/127: 0x100007A8
Decompiling 100/127: 0x100007AC
Decompiling 101/127: 0x100007B0
Decompiling 102/127: 0x100007B4
Decompiling 103/127: 0x100007B8
Decompiling 104/127: 0x100007CC
Decompiling 105/127: 0x100007D0
Decompiling 106/127: 0x100007D4
Decompiling 107/127: 0x100007D8
Decompiling 108/127: 0x100007DC
Decompiling 109/127: 0x100007E0
Decompiling 110/127: 0x100007E4
Decompiling 111/127: 0x100007E8
Decompiling 112/127: 0x100007EC
Decompiling 113/127: 0x100007F0
Decompiling 114/127: 0x100007F4
Decompiling 115/127: 0x100007F8
Decompiling 116/127: 0x100007FC
Decompiling 117/127: 0x10000800
Decompiling 118/127: 0x10000804
Decompiling 119/127: 0x10000808
Decompiling 120/127: 0x1000080C
Decompiling 121/127: 0x10000810
Decompiling 122/127: 0x10000824
Decompiling 123/127: 0x10000874
Decompiling 124/127: 0x10000890
Decompiling 125/127: 0x10010A14
Decompiling 126/127: 0x10010A70
Decompiling 127/127: 0x10010A78
Decompiling 127/127: 0x10010A78
