[I] JEB 4.11.0.202201181921 (jeb-ce) is starting...
[I] Current directory: SUBJECTS
[I] Base directory: JEBDIR
[I] System: Mac OS X 12.2 (aarch64) de_DE
[I] Java: Homebrew 17.0.1
[I] Memory Usage: 39.2M used (224.8M free, 6.0G max)
[I] Initializing Jython, please wait...
Processing file: SUBJECTS/from_holdec/stress_int_ia32/ia32_elf_base_and_packedbcd_inst__1_var__no_complex/subject.exe...
[I] {subject.exe > subject.exe > x86 image}: Detected compiler: unknown (Linux)
[I] {subject.exe > subject.exe > x86 image}: Initial native analysis styles: code gaps: PROLOGUES_ONLY, data gaps: DEFAULT
[I] {subject.exe > subject.exe > x86 image}: Analysis completed (3s)
[I] {subject.exe > subject.exe > x86 image}: Initial analysis created 612 methods
Output folder: jeb_output
  0/612: Method: __x86.get_pc_thunk.bx
  1/612: 1/612: __x86.get_pc_thunk.bx (DONE:47ms)
  1/612: Method: sub_804A150
  2/612: 2/612: sub_804A150 (DONE:4ms)
  2/612: Method: sub_804A198
  3/612: 3/612: sub_804A198 (DONE:5ms)
  3/612: Method: sub_8049036
  4/612: 4/612: sub_8049036 (DONE:17ms)
  4/612: Method: sub_804A0F7
  5/612: 5/612: sub_804A0F7 (DONE:4ms)
  5/612: Method: sub_804A1C8
  6/612: 6/612: sub_804A1C8 (DONE:3ms)
  6/612: Method: inst_0_values_var_0
  7/612: 7/612: inst_0_values_var_0 (DONE:70ms)
  7/612: Method: inst_0_flags_var_0
  8/612: 8/612: inst_0_flags_var_0 (DONE:85ms)
  8/612: Method: inst_1_values_var_0
  9/612: 9/612: inst_1_values_var_0 (DONE:75ms)
  9/612: Method: inst_1_flags_var_0
 10/612: 10/612: inst_1_flags_var_0 (DONE:37ms)
 10/612: Method: inst_2_values_var_0
 11/612: 11/612: inst_2_values_var_0 (DONE:35ms)
 11/612: Method: inst_2_flags_var_0
 12/612: 12/612: inst_2_flags_var_0 (DONE:29ms)
 12/612: Method: inst_3_values_var_0
 13/612: 13/612: inst_3_values_var_0 (DONE:32ms)
 13/612: Method: inst_3_flags_var_0
 14/612: 14/612: inst_3_flags_var_0 (DONE:55ms)
 14/612: Method: inst_4_values_var_0
 15/612: 15/612: inst_4_values_var_0 (DONE:39ms)
 15/612: Method: inst_4_flags_var_0
 16/612: 16/612: inst_4_flags_var_0 (DONE:51ms)
 16/612: Method: inst_5_values_var_0
 17/612: 17/612: inst_5_values_var_0 (DONE:24ms)
 17/612: Method: inst_5_flags_var_0
 18/612: 18/612: inst_5_flags_var_0 (DONE:41ms)
 18/612: Method: inst_6_values_var_0
 19/612: 19/612: inst_6_values_var_0 (DONE:26ms)
 19/612: Method: inst_6_flags_var_0
 20/612: 20/612: inst_6_flags_var_0 (DONE:32ms)
 20/612: Method: inst_7_values_var_0
 21/612: 21/612: inst_7_values_var_0 (DONE:21ms)
 21/612: Method: inst_7_flags_var_0
 22/612: 22/612: inst_7_flags_var_0 (DONE:37ms)
 22/612: Method: inst_8_values_var_0
 23/612: 23/612: inst_8_values_var_0 (DONE:22ms)
 23/612: Method: inst_8_flags_var_0
 24/612: 24/612: inst_8_flags_var_0 (DONE:35ms)
 24/612: Method: inst_9_values_var_0
 25/612: 25/612: inst_9_values_var_0 (DONE:26ms)
 25/612: Method: inst_9_flags_var_0
 26/612: 26/612: inst_9_flags_var_0 (DONE:34ms)
 26/612: Method: inst_10_values_var_0
 27/612: 27/612: inst_10_values_var_0 (DONE:23ms)
 27/612: Method: inst_10_flags_var_0
 28/612: 28/612: inst_10_flags_var_0 (DONE:37ms)
 28/612: Method: inst_11_values_var_0
 29/612: 29/612: inst_11_values_var_0 (DONE:20ms)
 29/612: Method: inst_11_flags_var_0
 30/612: 30/612: inst_11_flags_var_0 (DONE:28ms)
 30/612: Method: inst_12_values_var_0
 31/612: 31/612: inst_12_values_var_0 (DONE:20ms)
 31/612: Method: inst_12_flags_var_0
 32/612: 32/612: inst_12_flags_var_0 (DONE:33ms)
 32/612: Method: inst_13_values_var_0
 33/612: 33/612: inst_13_values_var_0 (DONE:22ms)
 33/612: Method: inst_13_flags_var_0
 34/612: 34/612: inst_13_flags_var_0 (DONE:32ms)
 34/612: Method: inst_14_values_var_0
 35/612: 35/612: inst_14_values_var_0 (DONE:21ms)
 35/612: Method: inst_14_flags_var_0
 36/612: 36/612: inst_14_flags_var_0 (DONE:30ms)
 36/612: Method: inst_15_values_var_0
 37/612: 37/612: inst_15_values_var_0 (DONE:22ms)
 37/612: Method: inst_15_flags_var_0
 38/612: 38/612: inst_15_flags_var_0 (DONE:32ms)
 38/612: Method: inst_16_values_var_0
 39/612: 39/612: inst_16_values_var_0 (DONE:22ms)
 39/612: Method: inst_16_flags_var_0
 40/612: 40/612: inst_16_flags_var_0 (DONE:35ms)
 40/612: Method: inst_17_values_var_0
 41/612: 41/612: inst_17_values_var_0 (DONE:23ms)
 41/612: Method: inst_17_flags_var_0
 42/612: 42/612: inst_17_flags_var_0 (DONE:34ms)
 42/612: Method: inst_18_values_var_0
 43/612: 43/612: inst_18_values_var_0 (DONE:22ms)
 43/612: Method: inst_18_flags_var_0
 44/612: 44/612: inst_18_flags_var_0 (DONE:28ms)
 44/612: Method: inst_19_values_var_0
 45/612: 45/612: inst_19_values_var_0 (DONE:23ms)
 45/612: Method: inst_19_flags_var_0
 46/612: 46/612: inst_19_flags_var_0 (DONE:34ms)
 46/612: Method: inst_20_values_var_0
 47/612: 47/612: inst_20_values_var_0 (DONE:20ms)
 47/612: Method: inst_20_flags_var_0
 48/612: 48/612: inst_20_flags_var_0 (DONE:31ms)
 48/612: Method: inst_21_values_var_0
 49/612: 49/612: inst_21_values_var_0 (DONE:20ms)
 49/612: Method: inst_21_flags_var_0
 50/612: 50/612: inst_21_flags_var_0 (DONE:30ms)
 50/612: Method: inst_22_values_var_0
 51/612: 51/612: inst_22_values_var_0 (DONE:17ms)
 51/612: Method: inst_22_flags_var_0
 52/612: 52/612: inst_22_flags_var_0 (DONE:24ms)
 52/612: Method: inst_23_values_var_0
 53/612: 53/612: inst_23_values_var_0 (DONE:17ms)
 53/612: Method: inst_23_flags_var_0
 54/612: 54/612: inst_23_flags_var_0 (DONE:27ms)
 54/612: Method: inst_24_values_var_0
 55/612: 55/612: inst_24_values_var_0 (DONE:17ms)
 55/612: Method: inst_24_flags_var_0
 56/612: 56/612: inst_24_flags_var_0 (DONE:25ms)
 56/612: Method: inst_25_values_var_0
 57/612: 57/612: inst_25_values_var_0 (DONE:16ms)
 57/612: Method: inst_25_flags_var_0
 58/612: 58/612: inst_25_flags_var_0 (DONE:26ms)
 58/612: Method: inst_26_values_var_0
 59/612: 59/612: inst_26_values_var_0 (DONE:16ms)
 59/612: Method: inst_26_flags_var_0
 60/612: 60/612: inst_26_flags_var_0 (DONE:26ms)
 60/612: Method: inst_27_values_var_0
 61/612: 61/612: inst_27_values_var_0 (DONE:17ms)
 61/612: Method: inst_27_flags_var_0
 62/612: 62/612: inst_27_flags_var_0 (DONE:27ms)
 62/612: Method: inst_28_values_var_0
 63/612: 63/612: inst_28_values_var_0 (DONE:17ms)
 63/612: Method: inst_28_flags_var_0
 64/612: 64/612: inst_28_flags_var_0 (DONE:19ms)
 64/612: Method: inst_29_values_var_0
 65/612: 65/612: inst_29_values_var_0 (DONE:16ms)
 65/612: Method: inst_29_flags_var_0
 66/612: 66/612: inst_29_flags_var_0 (DONE:25ms)
 66/612: Method: inst_30_values_var_0
 67/612: 67/612: inst_30_values_var_0 (DONE:18ms)
 67/612: Method: inst_30_flags_var_0
 68/612: 68/612: inst_30_flags_var_0 (DONE:25ms)
 68/612: Method: inst_31_values_var_0
 69/612: 69/612: inst_31_values_var_0 (DONE:22ms)
 69/612: Method: inst_31_flags_var_0
 70/612: 70/612: inst_31_flags_var_0 (DONE:21ms)
 70/612: Method: inst_32_values_var_0
 71/612: 71/612: inst_32_values_var_0 (DONE:19ms)
 71/612: Method: inst_32_flags_var_0
 72/612: 72/612: inst_32_flags_var_0 (DONE:19ms)
 72/612: Method: inst_33_values_var_0
 73/612: 73/612: inst_33_values_var_0 (DONE:18ms)
 73/612: Method: inst_33_flags_var_0
 74/612: 74/612: inst_33_flags_var_0 (DONE:18ms)
 74/612: Method: inst_34_values_var_0
 75/612: 75/612: inst_34_values_var_0 (DONE:56ms)
 75/612: Method: inst_34_flags_var_0
 76/612: 76/612: inst_34_flags_var_0 (DONE:19ms)
 76/612: Method: inst_35_values_var_0
 77/612: 77/612: inst_35_values_var_0 (DONE:26ms)
 77/612: Method: inst_35_flags_var_0
 78/612: 78/612: inst_35_flags_var_0 (DONE:18ms)
 78/612: Method: inst_36_values_var_0
 79/612: 79/612: inst_36_values_var_0 (DONE:28ms)
 79/612: Method: inst_36_flags_var_0
 80/612: 80/612: inst_36_flags_var_0 (DONE:17ms)
 80/612: Method: inst_37_values_var_0
 81/612: 81/612: inst_37_values_var_0 (DONE:20ms)
 81/612: Method: inst_37_flags_var_0
 82/612: 82/612: inst_37_flags_var_0 (DONE:14ms)
 82/612: Method: inst_38_values_var_0
 83/612: 83/612: inst_38_values_var_0 (DONE:19ms)
 83/612: Method: inst_38_flags_var_0
 84/612: 84/612: inst_38_flags_var_0 (DONE:15ms)
 84/612: Method: inst_39_values_var_0
 85/612: 85/612: inst_39_values_var_0 (DONE:19ms)
 85/612: Method: inst_39_flags_var_0
 86/612: 86/612: inst_39_flags_var_0 (DONE:15ms)
 86/612: Method: inst_40_values_var_0
 87/612: 87/612: inst_40_values_var_0 (DONE:22ms)
 87/612: Method: inst_40_flags_var_0
 88/612: 88/612: inst_40_flags_var_0 (DONE:15ms)
 88/612: Method: inst_41_values_var_0
 89/612: 89/612: inst_41_values_var_0 (DONE:39ms)
 89/612: Method: inst_41_flags_var_0
 90/612: 90/612: inst_41_flags_var_0 (DONE:17ms)
 90/612: Method: inst_42_values_var_0
 91/612: 91/612: inst_42_values_var_0 (DONE:21ms)
 91/612: Method: inst_42_flags_var_0
 92/612: 92/612: inst_42_flags_var_0 (DONE:16ms)
 92/612: Method: inst_43_values_var_0
 93/612: 93/612: inst_43_values_var_0 (DONE:23ms)
 93/612: Method: inst_43_flags_var_0
 94/612: 94/612: inst_43_flags_var_0 (DONE:18ms)
 94/612: Method: inst_44_values_var_0
 95/612: 95/612: inst_44_values_var_0 (DONE:20ms)
 95/612: Method: inst_44_flags_var_0
 96/612: 96/612: inst_44_flags_var_0 (DONE:16ms)
 96/612: Method: inst_45_values_var_0
 97/612: 97/612: inst_45_values_var_0 (DONE:22ms)
 97/612: Method: inst_45_flags_var_0
 98/612: 98/612: inst_45_flags_var_0 (DONE:15ms)
 98/612: Method: inst_46_values_var_0
 99/612: 99/612: inst_46_values_var_0 (DONE:18ms)
 99/612: Method: inst_46_flags_var_0
100/612: 100/612: inst_46_flags_var_0 (DONE:16ms)
100/612: Method: inst_47_values_var_0
101/612: 101/612: inst_47_values_var_0 (DONE:20ms)
101/612: Method: inst_47_flags_var_0
102/612: 102/612: inst_47_flags_var_0 (DONE:17ms)
102/612: Method: inst_48_values_var_0
103/612: 103/612: inst_48_values_var_0 (DONE:24ms)
103/612: Method: inst_48_flags_var_0
104/612: 104/612: inst_48_flags_var_0 (DONE:17ms)
104/612: Method: inst_49_values_var_0
105/612: 105/612: inst_49_values_var_0 (DONE:20ms)
105/612: Method: inst_49_flags_var_0
106/612: 106/612: inst_49_flags_var_0 (DONE:16ms)
106/612: Method: inst_50_values_var_0
107/612: 107/612: inst_50_values_var_0 (DONE:24ms)
107/612: Method: inst_50_flags_var_0
108/612: 108/612: inst_50_flags_var_0 (DONE:15ms)
108/612: Method: inst_51_values_var_0
109/612: 109/612: inst_51_values_var_0 (DONE:21ms)
109/612: Method: inst_51_flags_var_0
110/612: 110/612: inst_51_flags_var_0 (DONE:15ms)
110/612: Method: inst_52_values_var_0
111/612: 111/612: inst_52_values_var_0 (DONE:18ms)
111/612: Method: inst_52_flags_var_0
112/612: 112/612: inst_52_flags_var_0 (DONE:14ms)
112/612: Method: inst_53_values_var_0
113/612: 113/612: inst_53_values_var_0 (DONE:19ms)
113/612: Method: inst_53_flags_var_0
114/612: 114/612: inst_53_flags_var_0 (DONE:12ms)
114/612: Method: inst_54_values_var_0
115/612: 115/612: inst_54_values_var_0 (DONE:18ms)
115/612: Method: inst_54_flags_var_0
116/612: 116/612: inst_54_flags_var_0 (DONE:12ms)
116/612: Method: inst_55_values_var_0
117/612: 117/612: inst_55_values_var_0 (DONE:21ms)
117/612: Method: inst_55_flags_var_0
118/612: 118/612: inst_55_flags_var_0 (DONE:13ms)
118/612: Method: inst_56_values_var_0
119/612: 119/612: inst_56_values_var_0 (DONE:21ms)
119/612: Method: inst_56_flags_var_0
120/612: 120/612: inst_56_flags_var_0 (DONE:12ms)
120/612: Method: inst_57_values_var_0
121/612: 121/612: inst_57_values_var_0 (DONE:19ms)
121/612: Method: inst_57_flags_var_0
122/612: 122/612: inst_57_flags_var_0 (DONE:13ms)
122/612: Method: inst_58_values_var_0
123/612: 123/612: inst_58_values_var_0 (DONE:17ms)
123/612: Method: inst_58_flags_var_0
124/612: 124/612: inst_58_flags_var_0 (DONE:13ms)
124/612: Method: inst_59_values_var_0
125/612: 125/612: inst_59_values_var_0 (DONE:20ms)
125/612: Method: inst_59_flags_var_0
126/612: 126/612: inst_59_flags_var_0 (DONE:13ms)
126/612: Method: inst_60_values_var_0
127/612: 127/612: inst_60_values_var_0 (DONE:23ms)
127/612: Method: inst_60_flags_var_0
128/612: 128/612: inst_60_flags_var_0 (DONE:12ms)
128/612: Method: inst_61_values_var_0
129/612: 129/612: inst_61_values_var_0 (DONE:20ms)
129/612: Method: inst_61_flags_var_0
130/612: 130/612: inst_61_flags_var_0 (DONE:12ms)
130/612: Method: inst_62_values_var_0
131/612: 131/612: inst_62_values_var_0 (DONE:21ms)
131/612: Method: inst_62_flags_var_0
132/612: 132/612: inst_62_flags_var_0 (DONE:11ms)
132/612: Method: inst_63_values_var_0
133/612: 133/612: inst_63_values_var_0 (DONE:18ms)
133/612: Method: inst_63_flags_var_0
134/612: 134/612: inst_63_flags_var_0 (DONE:12ms)
134/612: Method: inst_64_values_var_0
135/612: 135/612: inst_64_values_var_0 (DONE:18ms)
135/612: Method: inst_64_flags_var_0
136/612: 136/612: inst_64_flags_var_0 (DONE:11ms)
136/612: Method: inst_65_values_var_0
137/612: 137/612: inst_65_values_var_0 (DONE:21ms)
137/612: Method: inst_65_flags_var_0
138/612: 138/612: inst_65_flags_var_0 (DONE:11ms)
138/612: Method: inst_66_values_var_0
139/612: 139/612: inst_66_values_var_0 (DONE:18ms)
139/612: Method: inst_66_flags_var_0
140/612: 140/612: inst_66_flags_var_0 (DONE:11ms)
140/612: Method: inst_67_values_var_0
141/612: 141/612: inst_67_values_var_0 (DONE:18ms)
141/612: Method: inst_67_flags_var_0
142/612: 142/612: inst_67_flags_var_0 (DONE:12ms)
142/612: Method: inst_68_values_var_0
143/612: 143/612: inst_68_values_var_0 (DONE:19ms)
143/612: Method: inst_68_flags_var_0
144/612: 144/612: inst_68_flags_var_0 (DONE:10ms)
144/612: Method: inst_69_values_var_0
145/612: 145/612: inst_69_values_var_0 (DONE:17ms)
145/612: Method: inst_69_flags_var_0
146/612: 146/612: inst_69_flags_var_0 (DONE:11ms)
146/612: Method: inst_70_values_var_0
147/612: 147/612: inst_70_values_var_0 (DONE:18ms)
147/612: Method: inst_70_flags_var_0
148/612: 148/612: inst_70_flags_var_0 (DONE:14ms)
148/612: Method: inst_71_values_var_0
149/612: 149/612: inst_71_values_var_0 (DONE:21ms)
149/612: Method: inst_71_flags_var_0
150/612: 150/612: inst_71_flags_var_0 (DONE:13ms)
150/612: Method: inst_72_values_var_0
151/612: 151/612: inst_72_values_var_0 (DONE:19ms)
151/612: Method: inst_72_flags_var_0
152/612: 152/612: inst_72_flags_var_0 (DONE:12ms)
152/612: Method: inst_73_values_var_0
153/612: 153/612: inst_73_values_var_0 (DONE:18ms)
153/612: Method: inst_73_flags_var_0
154/612: 154/612: inst_73_flags_var_0 (DONE:13ms)
154/612: Method: inst_74_values_var_0
155/612: 155/612: inst_74_values_var_0 (DONE:17ms)
155/612: Method: inst_74_flags_var_0
156/612: 156/612: inst_74_flags_var_0 (DONE:11ms)
156/612: Method: inst_75_values_var_0
157/612: 157/612: inst_75_values_var_0 (DONE:18ms)
157/612: Method: inst_75_flags_var_0
158/612: 158/612: inst_75_flags_var_0 (DONE:12ms)
158/612: Method: inst_76_values_var_0
159/612: 159/612: inst_76_values_var_0 (DONE:22ms)
159/612: Method: inst_76_flags_var_0
160/612: 160/612: inst_76_flags_var_0 (DONE:12ms)
160/612: Method: inst_77_values_var_0
161/612: 161/612: inst_77_values_var_0 (DONE:19ms)
161/612: Method: inst_77_flags_var_0
162/612: 162/612: inst_77_flags_var_0 (DONE:12ms)
162/612: Method: inst_78_values_var_0
163/612: 163/612: inst_78_values_var_0 (DONE:19ms)
163/612: Method: inst_78_flags_var_0
164/612: 164/612: inst_78_flags_var_0 (DONE:12ms)
164/612: Method: inst_79_values_var_0
165/612: 165/612: inst_79_values_var_0 (DONE:19ms)
165/612: Method: inst_79_flags_var_0
166/612: 166/612: inst_79_flags_var_0 (DONE:13ms)
166/612: Method: inst_80_values_var_0
167/612: 167/612: inst_80_values_var_0 (DONE:18ms)
167/612: Method: inst_80_flags_var_0
168/612: 168/612: inst_80_flags_var_0 (DONE:12ms)
168/612: Method: inst_81_values_var_0
169/612: 169/612: inst_81_values_var_0 (DONE:20ms)
169/612: Method: inst_81_flags_var_0
170/612: 170/612: inst_81_flags_var_0 (DONE:13ms)
170/612: Method: inst_82_values_var_0
171/612: 171/612: inst_82_values_var_0 (DONE:19ms)
171/612: Method: inst_82_flags_var_0
172/612: 172/612: inst_82_flags_var_0 (DONE:12ms)
172/612: Method: inst_83_values_var_0
173/612: 173/612: inst_83_values_var_0 (DONE:19ms)
173/612: Method: inst_83_flags_var_0
174/612: 174/612: inst_83_flags_var_0 (DONE:12ms)
174/612: Method: inst_84_values_var_0
175/612: 175/612: inst_84_values_var_0 (DONE:18ms)
175/612: Method: inst_84_flags_var_0
176/612: 176/612: inst_84_flags_var_0 (DONE:12ms)
176/612: Method: inst_85_values_var_0
177/612: 177/612: inst_85_values_var_0 (DONE:19ms)
177/612: Method: inst_85_flags_var_0
178/612: 178/612: inst_85_flags_var_0 (DONE:12ms)
178/612: Method: inst_86_values_var_0
179/612: 179/612: inst_86_values_var_0 (DONE:21ms)
179/612: Method: inst_86_flags_var_0
180/612: 180/612: inst_86_flags_var_0 (DONE:12ms)
180/612: Method: inst_87_values_var_0
181/612: 181/612: inst_87_values_var_0 (DONE:18ms)
181/612: Method: inst_87_flags_var_0
182/612: 182/612: inst_87_flags_var_0 (DONE:13ms)
182/612: Method: inst_88_values_var_0
183/612: 183/612: inst_88_values_var_0 (DONE:19ms)
183/612: Method: inst_88_flags_var_0
184/612: 184/612: inst_88_flags_var_0 (DONE:11ms)
184/612: Method: inst_89_values_var_0
185/612: 185/612: inst_89_values_var_0 (DONE:18ms)
185/612: Method: inst_89_flags_var_0
186/612: 186/612: inst_89_flags_var_0 (DONE:12ms)
186/612: Method: inst_90_values_var_0
187/612: 187/612: inst_90_values_var_0 (DONE:19ms)
187/612: Method: inst_90_flags_var_0
188/612: 188/612: inst_90_flags_var_0 (DONE:12ms)
188/612: Method: inst_91_values_var_0
189/612: 189/612: inst_91_values_var_0 (DONE:16ms)
189/612: Method: inst_91_flags_var_0
190/612: 190/612: inst_91_flags_var_0 (DONE:23ms)
190/612: Method: inst_92_values_var_0
191/612: 191/612: inst_92_values_var_0 (DONE:16ms)
191/612: Method: inst_92_flags_var_0
192/612: 192/612: inst_92_flags_var_0 (DONE:24ms)
192/612: Method: inst_93_values_var_0
193/612: 193/612: inst_93_values_var_0 (DONE:16ms)
193/612: Method: inst_93_flags_var_0
194/612: 194/612: inst_93_flags_var_0 (DONE:20ms)
194/612: Method: inst_94_values_var_0
195/612: 195/612: inst_94_values_var_0 (DONE:15ms)
195/612: Method: inst_94_flags_var_0
196/612: 196/612: inst_94_flags_var_0 (DONE:22ms)
196/612: Method: inst_95_values_var_0
197/612: 197/612: inst_95_values_var_0 (DONE:16ms)
197/612: Method: inst_95_flags_var_0
198/612: 198/612: inst_95_flags_var_0 (DONE:21ms)
198/612: Method: inst_96_values_var_0
199/612: 199/612: inst_96_values_var_0 (DONE:15ms)
199/612: Method: inst_96_flags_var_0
200/612: 200/612: inst_96_flags_var_0 (DONE:20ms)
200/612: Method: inst_97_values_var_0
201/612: 201/612: inst_97_values_var_0 (DONE:27ms)
201/612: Method: inst_97_flags_var_0
202/612: 202/612: inst_97_flags_var_0 (DONE:26ms)
202/612: Method: inst_98_values_var_0
203/612: 203/612: inst_98_values_var_0 (DONE:23ms)
203/612: Method: inst_98_flags_var_0
204/612: 204/612: inst_98_flags_var_0 (DONE:24ms)
204/612: Method: inst_99_values_var_0
205/612: 205/612: inst_99_values_var_0 (DONE:24ms)
205/612: Method: inst_99_flags_var_0
206/612: 206/612: inst_99_flags_var_0 (DONE:25ms)
206/612: Method: inst_100_values_var_0
207/612: 207/612: inst_100_values_var_0 (DONE:21ms)
207/612: Method: inst_100_flags_var_0
208/612: 208/612: inst_100_flags_var_0 (DONE:24ms)
208/612: Method: inst_101_values_var_0
209/612: 209/612: inst_101_values_var_0 (DONE:25ms)
209/612: Method: inst_101_flags_var_0
210/612: 210/612: inst_101_flags_var_0 (DONE:25ms)
210/612: Method: inst_102_values_var_0
211/612: 211/612: inst_102_values_var_0 (DONE:18ms)
211/612: Method: inst_102_flags_var_0
212/612: 212/612: inst_102_flags_var_0 (DONE:29ms)
212/612: Method: inst_103_values_var_0
213/612: 213/612: inst_103_values_var_0 (DONE:18ms)
213/612: Method: inst_103_flags_var_0
214/612: 214/612: inst_103_flags_var_0 (DONE:25ms)
214/612: Method: inst_104_values_var_0
215/612: 215/612: inst_104_values_var_0 (DONE:19ms)
215/612: Method: inst_104_flags_var_0
216/612: 216/612: inst_104_flags_var_0 (DONE:23ms)
216/612: Method: inst_105_values_var_0
217/612: 217/612: inst_105_values_var_0 (DONE:19ms)
217/612: Method: inst_105_flags_var_0
218/612: 218/612: inst_105_flags_var_0 (DONE:23ms)
218/612: Method: inst_106_values_var_0
219/612: 219/612: inst_106_values_var_0 (DONE:20ms)
219/612: Method: inst_106_flags_var_0
220/612: 220/612: inst_106_flags_var_0 (DONE:23ms)
220/612: Method: inst_107_values_var_0
221/612: 221/612: inst_107_values_var_0 (DONE:17ms)
221/612: Method: inst_107_flags_var_0
222/612: 222/612: inst_107_flags_var_0 (DONE:23ms)
222/612: Method: inst_108_values_var_0
223/612: 223/612: inst_108_values_var_0 (DONE:28ms)
223/612: Method: inst_108_flags_var_0
224/612: 224/612: inst_108_flags_var_0 (DONE:14ms)
224/612: Method: inst_109_values_var_0
225/612: 225/612: inst_109_values_var_0 (DONE:23ms)
225/612: Method: inst_109_flags_var_0
226/612: 226/612: inst_109_flags_var_0 (DONE:15ms)
226/612: Method: inst_110_values_var_0
227/612: 227/612: inst_110_values_var_0 (DONE:32ms)
227/612: Method: inst_110_flags_var_0
228/612: 228/612: inst_110_flags_var_0 (DONE:14ms)
228/612: Method: inst_111_values_var_0
229/612: 229/612: inst_111_values_var_0 (DONE:22ms)
229/612: Method: inst_111_flags_var_0
230/612: 230/612: inst_111_flags_var_0 (DONE:19ms)
230/612: Method: inst_112_values_var_0
231/612: 231/612: inst_112_values_var_0 (DONE:18ms)
231/612: Method: inst_112_flags_var_0
232/612: 232/612: inst_112_flags_var_0 (DONE:20ms)
232/612: Method: inst_113_values_var_0
233/612: 233/612: inst_113_values_var_0 (DONE:45ms)
233/612: Method: inst_113_flags_var_0
234/612: 234/612: inst_113_flags_var_0 (DONE:18ms)
234/612: Method: inst_114_values_var_0
235/612: 235/612: inst_114_values_var_0 (DONE:15ms)
235/612: Method: inst_114_flags_var_0
236/612: 236/612: inst_114_flags_var_0 (DONE:16ms)
236/612: Method: inst_115_values_var_0
237/612: 237/612: inst_115_values_var_0 (DONE:16ms)
237/612: Method: inst_115_flags_var_0
238/612: 238/612: inst_115_flags_var_0 (DONE:22ms)
238/612: Method: inst_116_values_var_0
239/612: 239/612: inst_116_values_var_0 (DONE:16ms)
239/612: Method: inst_116_flags_var_0
240/612: 240/612: inst_116_flags_var_0 (DONE:16ms)
240/612: Method: inst_117_values_var_0
241/612: 241/612: inst_117_values_var_0 (DONE:16ms)
241/612: Method: inst_117_flags_var_0
242/612: 242/612: inst_117_flags_var_0 (DONE:19ms)
242/612: Method: inst_118_values_var_0
243/612: 243/612: inst_118_values_var_0 (DONE:17ms)
243/612: Method: inst_118_flags_var_0
244/612: 244/612: inst_118_flags_var_0 (DONE:18ms)
244/612: Method: inst_119_values_var_0
245/612: 245/612: inst_119_values_var_0 (DONE:19ms)
245/612: Method: inst_119_flags_var_0
246/612: 246/612: inst_119_flags_var_0 (DONE:20ms)
246/612: Method: inst_120_values_var_0
247/612: 247/612: inst_120_values_var_0 (DONE:20ms)
247/612: Method: inst_120_flags_var_0
248/612: 248/612: inst_120_flags_var_0 (DONE:19ms)
248/612: Method: inst_121_values_var_0
249/612: 249/612: inst_121_values_var_0 (DONE:20ms)
249/612: Method: inst_121_flags_var_0
250/612: 250/612: inst_121_flags_var_0 (DONE:12ms)
250/612: Method: inst_122_values_var_0
251/612: 251/612: inst_122_values_var_0 (DONE:17ms)
251/612: Method: inst_122_flags_var_0
252/612: 252/612: inst_122_flags_var_0 (DONE:11ms)
252/612: Method: inst_123_values_var_0
253/612: 253/612: inst_123_values_var_0 (DONE:18ms)
253/612: Method: inst_123_flags_var_0
254/612: 254/612: inst_123_flags_var_0 (DONE:12ms)
254/612: Method: inst_124_values_var_0
255/612: 255/612: inst_124_values_var_0 (DONE:18ms)
255/612: Method: inst_124_flags_var_0
256/612: 256/612: inst_124_flags_var_0 (DONE:12ms)
256/612: Method: inst_125_values_var_0
257/612: 257/612: inst_125_values_var_0 (DONE:21ms)
257/612: Method: inst_125_flags_var_0
258/612: 258/612: inst_125_flags_var_0 (DONE:11ms)
258/612: Method: inst_126_values_var_0
259/612: 259/612: inst_126_values_var_0 (DONE:17ms)
259/612: Method: inst_126_flags_var_0
260/612: 260/612: inst_126_flags_var_0 (DONE:11ms)
260/612: Method: inst_127_values_var_0
261/612: 261/612: inst_127_values_var_0 (DONE:17ms)
261/612: Method: inst_127_flags_var_0
262/612: 262/612: inst_127_flags_var_0 (DONE:11ms)
262/612: Method: inst_128_values_var_0
263/612: 263/612: inst_128_values_var_0 (DONE:18ms)
263/612: Method: inst_128_flags_var_0
264/612: 264/612: inst_128_flags_var_0 (DONE:10ms)
264/612: Method: inst_129_values_var_0
265/612: 265/612: inst_129_values_var_0 (DONE:17ms)
265/612: Method: inst_129_flags_var_0
266/612: 266/612: inst_129_flags_var_0 (DONE:10ms)
266/612: Method: inst_130_values_var_0
267/612: 267/612: inst_130_values_var_0 (DONE:19ms)
267/612: Method: inst_130_flags_var_0
268/612: 268/612: inst_130_flags_var_0 (DONE:11ms)
268/612: Method: inst_131_values_var_0
269/612: 269/612: inst_131_values_var_0 (DONE:17ms)
269/612: Method: inst_131_flags_var_0
270/612: 270/612: inst_131_flags_var_0 (DONE:11ms)
270/612: Method: inst_132_values_var_0
271/612: 271/612: inst_132_values_var_0 (DONE:18ms)
271/612: Method: inst_132_flags_var_0
272/612: 272/612: inst_132_flags_var_0 (DONE:11ms)
272/612: Method: inst_133_values_var_0
273/612: 273/612: inst_133_values_var_0 (DONE:18ms)
273/612: Method: inst_133_flags_var_0
274/612: 274/612: inst_133_flags_var_0 (DONE:12ms)
274/612: Method: inst_134_values_var_0
275/612: 275/612: inst_134_values_var_0 (DONE:17ms)
275/612: Method: inst_134_flags_var_0
276/612: 276/612: inst_134_flags_var_0 (DONE:10ms)
276/612: Method: inst_135_values_var_0
277/612: 277/612: inst_135_values_var_0 (DONE:17ms)
277/612: Method: inst_135_flags_var_0
278/612: 278/612: inst_135_flags_var_0 (DONE:11ms)
278/612: Method: inst_136_values_var_0
279/612: 279/612: inst_136_values_var_0 (DONE:18ms)
279/612: Method: inst_136_flags_var_0
280/612: 280/612: inst_136_flags_var_0 (DONE:24ms)
280/612: Method: inst_137_values_var_0
281/612: 281/612: inst_137_values_var_0 (DONE:15ms)
281/612: Method: inst_137_flags_var_0
282/612: 282/612: inst_137_flags_var_0 (DONE:22ms)
282/612: Method: inst_138_values_var_0
283/612: 283/612: inst_138_values_var_0 (DONE:17ms)
283/612: Method: inst_138_flags_var_0
284/612: 284/612: inst_138_flags_var_0 (DONE:26ms)
284/612: Method: inst_139_values_var_0
285/612: 285/612: inst_139_values_var_0 (DONE:17ms)
285/612: Method: inst_139_flags_var_0
286/612: 286/612: inst_139_flags_var_0 (DONE:11ms)
286/612: Method: inst_140_values_var_0
287/612: 287/612: inst_140_values_var_0 (DONE:19ms)
287/612: Method: inst_140_flags_var_0
288/612: 288/612: inst_140_flags_var_0 (DONE:10ms)
288/612: Method: inst_141_values_var_0
289/612: 289/612: inst_141_values_var_0 (DONE:18ms)
289/612: Method: inst_141_flags_var_0
290/612: 290/612: inst_141_flags_var_0 (DONE:11ms)
290/612: Method: inst_142_values_var_0
291/612: 291/612: inst_142_values_var_0 (DONE:17ms)
291/612: Method: inst_142_flags_var_0
292/612: 292/612: inst_142_flags_var_0 (DONE:11ms)
292/612: Method: inst_143_values_var_0
293/612: 293/612: inst_143_values_var_0 (DONE:16ms)
293/612: Method: inst_143_flags_var_0
294/612: 294/612: inst_143_flags_var_0 (DONE:18ms)
294/612: Method: inst_144_values_var_0
295/612: 295/612: inst_144_values_var_0 (DONE:16ms)
295/612: Method: inst_144_flags_var_0
296/612: 296/612: inst_144_flags_var_0 (DONE:19ms)
296/612: Method: inst_145_values_var_0
297/612: 297/612: inst_145_values_var_0 (DONE:25ms)
297/612: Method: inst_145_flags_var_0
298/612: 298/612: inst_145_flags_var_0 (DONE:19ms)
298/612: Method: inst_146_values_var_0
299/612: 299/612: inst_146_values_var_0 (DONE:17ms)
299/612: Method: inst_146_flags_var_0
300/612: 300/612: inst_146_flags_var_0 (DONE:17ms)
300/612: Method: inst_147_values_var_0
301/612: 301/612: inst_147_values_var_0 (DONE:15ms)
301/612: Method: inst_147_flags_var_0
302/612: 302/612: inst_147_flags_var_0 (DONE:17ms)
302/612: Method: inst_148_values_var_0
303/612: 303/612: inst_148_values_var_0 (DONE:15ms)
303/612: Method: inst_148_flags_var_0
304/612: 304/612: inst_148_flags_var_0 (DONE:17ms)
304/612: Method: inst_149_values_var_0
305/612: 305/612: inst_149_values_var_0 (DONE:19ms)
305/612: Method: inst_149_flags_var_0
306/612: 306/612: inst_149_flags_var_0 (DONE:20ms)
306/612: Method: inst_150_values_var_0
[E] An optimizer failed: dy: java.lang.RuntimeException: Illegal Slice with begin:8, end:9
307/612: 307/612: inst_150_values_var_0 (DONE:20ms)
307/612: Method: inst_150_flags_var_0
[E] An optimizer failed: dy: java.lang.RuntimeException: Illegal Slice with begin:8, end:9
[E] An optimizer failed: dy: java.lang.RuntimeException: Illegal Slice with begin:8, end:9
308/612: 308/612: inst_150_flags_var_0 (DONE:18ms)
308/612: Method: inst_151_values_var_0
309/612: 309/612: inst_151_values_var_0 (DONE:20ms)
309/612: Method: inst_151_flags_var_0
310/612: 310/612: inst_151_flags_var_0 (DONE:16ms)
310/612: Method: inst_152_values_var_0
311/612: 311/612: inst_152_values_var_0 (DONE:21ms)
311/612: Method: inst_152_flags_var_0
312/612: 312/612: inst_152_flags_var_0 (DONE:18ms)
312/612: Method: inst_153_values_var_0
313/612: 313/612: inst_153_values_var_0 (DONE:19ms)
313/612: Method: inst_153_flags_var_0
314/612: 314/612: inst_153_flags_var_0 (DONE:22ms)
314/612: Method: inst_154_values_var_0
315/612: 315/612: inst_154_values_var_0 (DONE:19ms)
315/612: Method: inst_154_flags_var_0
316/612: 316/612: inst_154_flags_var_0 (DONE:17ms)
316/612: Method: inst_155_values_var_0
[E] An optimizer failed: dy: java.lang.RuntimeException: Illegal Slice with begin:16, end:17
[E] An optimizer failed: dy: java.lang.RuntimeException: Illegal Slice with begin:16, end:17
317/612: 317/612: inst_155_values_var_0 (DONE:20ms)
317/612: Method: inst_155_flags_var_0
[E] An optimizer failed: dy: java.lang.RuntimeException: Illegal Slice with begin:16, end:17
318/612: 318/612: inst_155_flags_var_0 (DONE:18ms)
318/612: Method: inst_156_values_var_0
319/612: 319/612: inst_156_values_var_0 (DONE:19ms)
319/612: Method: inst_156_flags_var_0
320/612: 320/612: inst_156_flags_var_0 (DONE:17ms)
320/612: Method: inst_157_values_var_0
321/612: 321/612: inst_157_values_var_0 (DONE:19ms)
321/612: Method: inst_157_flags_var_0
322/612: 322/612: inst_157_flags_var_0 (DONE:19ms)
322/612: Method: inst_158_values_var_0
323/612: 323/612: inst_158_values_var_0 (DONE:22ms)
323/612: Method: inst_158_flags_var_0
324/612: 324/612: inst_158_flags_var_0 (DONE:19ms)
324/612: Method: inst_159_values_var_0
325/612: 325/612: inst_159_values_var_0 (DONE:18ms)
325/612: Method: inst_159_flags_var_0
326/612: 326/612: inst_159_flags_var_0 (DONE:17ms)
326/612: Method: inst_160_values_var_0
[E] An optimizer failed: dy: java.lang.RuntimeException: Illegal Slice with begin:32, end:33
327/612: 327/612: inst_160_values_var_0 (DONE:18ms)
327/612: Method: inst_160_flags_var_0
[E] An optimizer failed: dy: java.lang.RuntimeException: Illegal Slice with begin:32, end:33
328/612: 328/612: inst_160_flags_var_0 (DONE:17ms)
328/612: Method: inst_161_values_var_0
329/612: 329/612: inst_161_values_var_0 (DONE:21ms)
329/612: Method: inst_161_flags_var_0
330/612: 330/612: inst_161_flags_var_0 (DONE:16ms)
330/612: Method: inst_162_values_var_0
331/612: 331/612: inst_162_values_var_0 (DONE:21ms)
331/612: Method: inst_162_flags_var_0
332/612: 332/612: inst_162_flags_var_0 (DONE:16ms)
332/612: Method: inst_163_values_var_0
333/612: 333/612: inst_163_values_var_0 (DONE:19ms)
333/612: Method: inst_163_flags_var_0
334/612: 334/612: inst_163_flags_var_0 (DONE:15ms)
334/612: Method: inst_164_values_var_0
335/612: 335/612: inst_164_values_var_0 (DONE:18ms)
335/612: Method: inst_164_flags_var_0
336/612: 336/612: inst_164_flags_var_0 (DONE:12ms)
336/612: Method: inst_165_values_var_0
337/612: 337/612: inst_165_values_var_0 (DONE:18ms)
337/612: Method: inst_165_flags_var_0
338/612: 338/612: inst_165_flags_var_0 (DONE:13ms)
338/612: Method: inst_166_values_var_0
339/612: 339/612: inst_166_values_var_0 (DONE:20ms)
339/612: Method: inst_166_flags_var_0
340/612: 340/612: inst_166_flags_var_0 (DONE:14ms)
340/612: Method: inst_167_values_var_0
341/612: 341/612: inst_167_values_var_0 (DONE:21ms)
341/612: Method: inst_167_flags_var_0
342/612: 342/612: inst_167_flags_var_0 (DONE:14ms)
342/612: Method: inst_168_values_var_0
343/612: 343/612: inst_168_values_var_0 (DONE:19ms)
343/612: Method: inst_168_flags_var_0
344/612: 344/612: inst_168_flags_var_0 (DONE:13ms)
344/612: Method: inst_169_values_var_0
345/612: 345/612: inst_169_values_var_0 (DONE:18ms)
345/612: Method: inst_169_flags_var_0
346/612: 346/612: inst_169_flags_var_0 (DONE:12ms)
346/612: Method: inst_170_values_var_0
[E] An optimizer failed: dy: java.lang.RuntimeException: Illegal Slice with begin:8, end:9
347/612: 347/612: inst_170_values_var_0 (DONE:18ms)
347/612: Method: inst_170_flags_var_0
348/612: 348/612: inst_170_flags_var_0 (DONE:12ms)
348/612: Method: inst_171_values_var_0
349/612: 349/612: inst_171_values_var_0 (DONE:20ms)
349/612: Method: inst_171_flags_var_0
350/612: 350/612: inst_171_flags_var_0 (DONE:15ms)
350/612: Method: inst_172_values_var_0
351/612: 351/612: inst_172_values_var_0 (DONE:22ms)
351/612: Method: inst_172_flags_var_0
352/612: 352/612: inst_172_flags_var_0 (DONE:18ms)
352/612: Method: inst_173_values_var_0
353/612: 353/612: inst_173_values_var_0 (DONE:20ms)
353/612: Method: inst_173_flags_var_0
354/612: 354/612: inst_173_flags_var_0 (DONE:14ms)
354/612: Method: inst_174_values_var_0
355/612: 355/612: inst_174_values_var_0 (DONE:18ms)
355/612: Method: inst_174_flags_var_0
356/612: 356/612: inst_174_flags_var_0 (DONE:12ms)
356/612: Method: inst_175_values_var_0
357/612: 357/612: inst_175_values_var_0 (DONE:19ms)
357/612: Method: inst_175_flags_var_0
358/612: 358/612: inst_175_flags_var_0 (DONE:13ms)
358/612: Method: inst_176_values_var_0
359/612: 359/612: inst_176_values_var_0 (DONE:20ms)
359/612: Method: inst_176_flags_var_0
360/612: 360/612: inst_176_flags_var_0 (DONE:16ms)
360/612: Method: inst_177_values_var_0
361/612: 361/612: inst_177_values_var_0 (DONE:21ms)
361/612: Method: inst_177_flags_var_0
362/612: 362/612: inst_177_flags_var_0 (DONE:13ms)
362/612: Method: inst_178_values_var_0
363/612: 363/612: inst_178_values_var_0 (DONE:19ms)
363/612: Method: inst_178_flags_var_0
364/612: 364/612: inst_178_flags_var_0 (DONE:13ms)
364/612: Method: inst_179_values_var_0
365/612: 365/612: inst_179_values_var_0 (DONE:18ms)
365/612: Method: inst_179_flags_var_0
366/612: 366/612: inst_179_flags_var_0 (DONE:11ms)
366/612: Method: inst_180_values_var_0
[E] An optimizer failed: dy: java.lang.RuntimeException: Illegal Slice with begin:16, end:17
367/612: 367/612: inst_180_values_var_0 (DONE:18ms)
367/612: Method: inst_180_flags_var_0
368/612: 368/612: inst_180_flags_var_0 (DONE:12ms)
368/612: Method: inst_181_values_var_0
369/612: 369/612: inst_181_values_var_0 (DONE:21ms)
369/612: Method: inst_181_flags_var_0
370/612: 370/612: inst_181_flags_var_0 (DONE:13ms)
370/612: Method: inst_182_values_var_0
371/612: 371/612: inst_182_values_var_0 (DONE:19ms)
371/612: Method: inst_182_flags_var_0
372/612: 372/612: inst_182_flags_var_0 (DONE:14ms)
372/612: Method: inst_183_values_var_0
373/612: 373/612: inst_183_values_var_0 (DONE:19ms)
373/612: Method: inst_183_flags_var_0
374/612: 374/612: inst_183_flags_var_0 (DONE:13ms)
374/612: Method: inst_184_values_var_0
375/612: 375/612: inst_184_values_var_0 (DONE:18ms)
375/612: Method: inst_184_flags_var_0
376/612: 376/612: inst_184_flags_var_0 (DONE:13ms)
376/612: Method: inst_185_values_var_0
377/612: 377/612: inst_185_values_var_0 (DONE:18ms)
377/612: Method: inst_185_flags_var_0
378/612: 378/612: inst_185_flags_var_0 (DONE:12ms)
378/612: Method: inst_186_values_var_0
379/612: 379/612: inst_186_values_var_0 (DONE:21ms)
379/612: Method: inst_186_flags_var_0
380/612: 380/612: inst_186_flags_var_0 (DONE:13ms)
380/612: Method: inst_187_values_var_0
381/612: 381/612: inst_187_values_var_0 (DONE:20ms)
381/612: Method: inst_187_flags_var_0
382/612: 382/612: inst_187_flags_var_0 (DONE:13ms)
382/612: Method: inst_188_values_var_0
383/612: 383/612: inst_188_values_var_0 (DONE:19ms)
383/612: Method: inst_188_flags_var_0
384/612: 384/612: inst_188_flags_var_0 (DONE:14ms)
384/612: Method: inst_189_values_var_0
385/612: 385/612: inst_189_values_var_0 (DONE:19ms)
385/612: Method: inst_189_flags_var_0
386/612: 386/612: inst_189_flags_var_0 (DONE:12ms)
386/612: Method: inst_190_values_var_0
387/612: 387/612: inst_190_values_var_0 (DONE:19ms)
387/612: Method: inst_190_flags_var_0
388/612: 388/612: inst_190_flags_var_0 (DONE:12ms)
388/612: Method: inst_191_values_var_0
389/612: 389/612: inst_191_values_var_0 (DONE:22ms)
389/612: Method: inst_191_flags_var_0
390/612: 390/612: inst_191_flags_var_0 (DONE:14ms)
390/612: Method: inst_192_values_var_0
391/612: 391/612: inst_192_values_var_0 (DONE:20ms)
391/612: Method: inst_192_flags_var_0
392/612: 392/612: inst_192_flags_var_0 (DONE:14ms)
392/612: Method: inst_193_values_var_0
393/612: 393/612: inst_193_values_var_0 (DONE:20ms)
393/612: Method: inst_193_flags_var_0
394/612: 394/612: inst_193_flags_var_0 (DONE:13ms)
394/612: Method: inst_194_values_var_0
395/612: 395/612: inst_194_values_var_0 (DONE:23ms)
395/612: Method: inst_194_flags_var_0
396/612: 396/612: inst_194_flags_var_0 (DONE:21ms)
396/612: Method: inst_195_values_var_0
[E] An optimizer failed: dy: java.lang.RuntimeException: Illegal Slice with begin:8, end:9
[E] An optimizer failed: dy: java.lang.RuntimeException: Illegal Slice with begin:8, end:9
[E] An optimizer failed: dy: java.lang.RuntimeException: Illegal Slice with begin:8, end:9
397/612: 397/612: inst_195_values_var_0 (DONE:25ms)
397/612: Method: inst_195_flags_var_0
[E] An optimizer failed: dy: java.lang.RuntimeException: Illegal Slice with begin:8, end:9
[E] An optimizer failed: dy: java.lang.RuntimeException: Illegal Slice with begin:8, end:9
[E] An optimizer failed: dy: java.lang.RuntimeException: Illegal Slice with begin:8, end:9
398/612: 398/612: inst_195_flags_var_0 (DONE:24ms)
398/612: Method: inst_196_values_var_0
399/612: 399/612: inst_196_values_var_0 (DONE:24ms)
399/612: Method: inst_196_flags_var_0
400/612: 400/612: inst_196_flags_var_0 (DONE:20ms)
400/612: Method: inst_197_values_var_0
[E] An optimizer failed: dy: java.lang.RuntimeException: Illegal Slice with begin:16, end:17
[E] An optimizer failed: dy: java.lang.RuntimeException: Illegal Slice with begin:16, end:17
[E] An optimizer failed: dy: java.lang.RuntimeException: Illegal Slice with begin:16, end:17
401/612: 401/612: inst_197_values_var_0 (DONE:22ms)
401/612: Method: inst_197_flags_var_0
[E] An optimizer failed: dy: java.lang.RuntimeException: Illegal Slice with begin:16, end:17
[E] An optimizer failed: dy: java.lang.RuntimeException: Illegal Slice with begin:16, end:17
[E] An optimizer failed: dy: java.lang.RuntimeException: Illegal Slice with begin:16, end:17
402/612: 402/612: inst_197_flags_var_0 (DONE:23ms)
402/612: Method: inst_198_values_var_0
403/612: 403/612: inst_198_values_var_0 (DONE:22ms)
403/612: Method: inst_198_flags_var_0
404/612: 404/612: inst_198_flags_var_0 (DONE:23ms)
404/612: Method: inst_199_values_var_0
[E] An optimizer failed: dy: java.lang.RuntimeException: Illegal Slice with begin:32, end:33
[E] An optimizer failed: dy: java.lang.RuntimeException: Illegal Slice with begin:32, end:33
[E] An optimizer failed: dy: java.lang.RuntimeException: Illegal Slice with begin:32, end:33
405/612: 405/612: inst_199_values_var_0 (DONE:25ms)
405/612: Method: inst_199_flags_var_0
[E] An optimizer failed: dy: java.lang.RuntimeException: Illegal Slice with begin:32, end:33
[E] An optimizer failed: dy: java.lang.RuntimeException: Illegal Slice with begin:32, end:33
[E] An optimizer failed: dy: java.lang.RuntimeException: Illegal Slice with begin:32, end:33
406/612: 406/612: inst_199_flags_var_0 (DONE:18ms)
406/612: Method: inst_200_values_var_0
407/612: 407/612: inst_200_values_var_0 (DONE:18ms)
407/612: Method: inst_200_flags_var_0
408/612: 408/612: inst_200_flags_var_0 (DONE:19ms)
408/612: Method: inst_201_values_var_0
[E] An optimizer failed: dy: java.lang.RuntimeException: Illegal Slice with begin:8, end:9
[E] An optimizer failed: dy: java.lang.RuntimeException: Illegal Slice with begin:8, end:9
409/612: 409/612: inst_201_values_var_0 (DONE:19ms)
409/612: Method: inst_201_flags_var_0
[E] An optimizer failed: dy: java.lang.RuntimeException: Illegal Slice with begin:8, end:9
[E] An optimizer failed: dy: java.lang.RuntimeException: Illegal Slice with begin:8, end:9
[E] An optimizer failed: dy: java.lang.RuntimeException: Illegal Slice with begin:8, end:9
410/612: 410/612: inst_201_flags_var_0 (DONE:18ms)
410/612: Method: inst_202_values_var_0
411/612: 411/612: inst_202_values_var_0 (DONE:19ms)
411/612: Method: inst_202_flags_var_0
412/612: 412/612: inst_202_flags_var_0 (DONE:22ms)
412/612: Method: inst_203_values_var_0
[E] An optimizer failed: dy: java.lang.RuntimeException: Illegal Slice with begin:16, end:17
[E] An optimizer failed: dy: java.lang.RuntimeException: Illegal Slice with begin:16, end:17
413/612: 413/612: inst_203_values_var_0 (DONE:19ms)
413/612: Method: inst_203_flags_var_0
[E] An optimizer failed: dy: java.lang.RuntimeException: Illegal Slice with begin:16, end:17
[E] An optimizer failed: dy: java.lang.RuntimeException: Illegal Slice with begin:16, end:17
414/612: 414/612: inst_203_flags_var_0 (DONE:20ms)
414/612: Method: inst_204_values_var_0
415/612: 415/612: inst_204_values_var_0 (DONE:21ms)
415/612: Method: inst_204_flags_var_0
416/612: 416/612: inst_204_flags_var_0 (DONE:18ms)
416/612: Method: inst_205_values_var_0
[E] An optimizer failed: dy: java.lang.RuntimeException: Illegal Slice with begin:32, end:33
[E] An optimizer failed: dy: java.lang.RuntimeException: Illegal Slice with begin:32, end:33
417/612: 417/612: inst_205_values_var_0 (DONE:22ms)
417/612: Method: inst_205_flags_var_0
[E] An optimizer failed: dy: java.lang.RuntimeException: Illegal Slice with begin:32, end:33
[E] An optimizer failed: dy: java.lang.RuntimeException: Illegal Slice with begin:32, end:33
418/612: 418/612: inst_205_flags_var_0 (DONE:18ms)
418/612: Method: inst_206_values_var_0
419/612: 419/612: inst_206_values_var_0 (DONE:20ms)
419/612: Method: inst_206_flags_var_0
420/612: 420/612: inst_206_flags_var_0 (DONE:22ms)
420/612: Method: inst_207_values_var_0
[E] An optimizer failed: dy: java.lang.RuntimeException: Illegal Slice with begin:8, end:9
[E] An optimizer failed: dy: java.lang.RuntimeException: Illegal Slice with begin:8, end:9
[E] An optimizer failed: dy: java.lang.RuntimeException: Illegal Slice with begin:8, end:9
421/612: 421/612: inst_207_values_var_0 (DONE:23ms)
421/612: Method: inst_207_flags_var_0
[E] An optimizer failed: dy: java.lang.RuntimeException: Illegal Slice with begin:8, end:9
[E] An optimizer failed: dy: java.lang.RuntimeException: Illegal Slice with begin:8, end:9
422/612: 422/612: inst_207_flags_var_0 (DONE:18ms)
422/612: Method: inst_208_values_var_0
423/612: 423/612: inst_208_values_var_0 (DONE:19ms)
423/612: Method: inst_208_flags_var_0
424/612: 424/612: inst_208_flags_var_0 (DONE:21ms)
424/612: Method: inst_209_values_var_0
[E] An optimizer failed: dy: java.lang.RuntimeException: Illegal Slice with begin:16, end:17
[E] An optimizer failed: dy: java.lang.RuntimeException: Illegal Slice with begin:16, end:17
425/612: 425/612: inst_209_values_var_0 (DONE:19ms)
425/612: Method: inst_209_flags_var_0
[E] An optimizer failed: dy: java.lang.RuntimeException: Illegal Slice with begin:16, end:17
[E] An optimizer failed: dy: java.lang.RuntimeException: Illegal Slice with begin:16, end:17
426/612: 426/612: inst_209_flags_var_0 (DONE:20ms)
426/612: Method: inst_210_values_var_0
427/612: 427/612: inst_210_values_var_0 (DONE:19ms)
427/612: Method: inst_210_flags_var_0
428/612: 428/612: inst_210_flags_var_0 (DONE:19ms)
428/612: Method: inst_211_values_var_0
[E] An optimizer failed: dy: java.lang.RuntimeException: Illegal Slice with begin:32, end:33
[E] An optimizer failed: dy: java.lang.RuntimeException: Illegal Slice with begin:32, end:33
429/612: 429/612: inst_211_values_var_0 (DONE:19ms)
429/612: Method: inst_211_flags_var_0
[E] An optimizer failed: dy: java.lang.RuntimeException: Illegal Slice with begin:32, end:33
[E] An optimizer failed: dy: java.lang.RuntimeException: Illegal Slice with begin:32, end:33
430/612: 430/612: inst_211_flags_var_0 (DONE:17ms)
430/612: Method: inst_212_values_var_0
431/612: 431/612: inst_212_values_var_0 (DONE:21ms)
431/612: Method: inst_212_flags_var_0
432/612: 432/612: inst_212_flags_var_0 (DONE:13ms)
432/612: Method: inst_213_values_var_0
433/612: 433/612: inst_213_values_var_0 (DONE:18ms)
433/612: Method: inst_213_flags_var_0
434/612: 434/612: inst_213_flags_var_0 (DONE:13ms)
434/612: Method: inst_214_values_var_0
435/612: 435/612: inst_214_values_var_0 (DONE:20ms)
435/612: Method: inst_214_flags_var_0
436/612: 436/612: inst_214_flags_var_0 (DONE:14ms)
436/612: Method: inst_215_values_var_0
[E] An optimizer failed: dy: java.lang.RuntimeException: Illegal Slice with begin:8, end:9
[E] An optimizer failed: dy: java.lang.RuntimeException: Illegal Slice with begin:8, end:9
[E] An optimizer failed: dy: java.lang.RuntimeException: Illegal Slice with begin:8, end:9
437/612: 437/612: inst_215_values_var_0 (DONE:22ms)
437/612: Method: inst_215_flags_var_0
438/612: 438/612: inst_215_flags_var_0 (DONE:14ms)
438/612: Method: inst_216_values_var_0
439/612: 439/612: inst_216_values_var_0 (DONE:20ms)
439/612: Method: inst_216_flags_var_0
440/612: 440/612: inst_216_flags_var_0 (DONE:13ms)
440/612: Method: inst_217_values_var_0
441/612: 441/612: inst_217_values_var_0 (DONE:19ms)
441/612: Method: inst_217_flags_var_0
442/612: 442/612: inst_217_flags_var_0 (DONE:13ms)
442/612: Method: inst_218_values_var_0
443/612: 443/612: inst_218_values_var_0 (DONE:20ms)
443/612: Method: inst_218_flags_var_0
444/612: 444/612: inst_218_flags_var_0 (DONE:13ms)
444/612: Method: inst_219_values_var_0
445/612: 445/612: inst_219_values_var_0 (DONE:19ms)
445/612: Method: inst_219_flags_var_0
446/612: 446/612: inst_219_flags_var_0 (DONE:13ms)
446/612: Method: inst_220_values_var_0
447/612: 447/612: inst_220_values_var_0 (DONE:21ms)
447/612: Method: inst_220_flags_var_0
448/612: 448/612: inst_220_flags_var_0 (DONE:13ms)
448/612: Method: inst_221_values_var_0
449/612: 449/612: inst_221_values_var_0 (DONE:22ms)
449/612: Method: inst_221_flags_var_0
450/612: 450/612: inst_221_flags_var_0 (DONE:13ms)
450/612: Method: inst_222_values_var_0
451/612: 451/612: inst_222_values_var_0 (DONE:19ms)
451/612: Method: inst_222_flags_var_0
452/612: 452/612: inst_222_flags_var_0 (DONE:13ms)
452/612: Method: inst_223_values_var_0
453/612: 453/612: inst_223_values_var_0 (DONE:19ms)
453/612: Method: inst_223_flags_var_0
454/612: 454/612: inst_223_flags_var_0 (DONE:14ms)
454/612: Method: inst_224_values_var_0
455/612: 455/612: inst_224_values_var_0 (DONE:20ms)
455/612: Method: inst_224_flags_var_0
456/612: 456/612: inst_224_flags_var_0 (DONE:26ms)
456/612: Method: inst_225_values_var_0
457/612: 457/612: inst_225_values_var_0 (DONE:19ms)
457/612: Method: inst_225_flags_var_0
458/612: 458/612: inst_225_flags_var_0 (DONE:33ms)
458/612: Method: inst_226_values_var_0
459/612: 459/612: inst_226_values_var_0 (DONE:20ms)
459/612: Method: inst_226_flags_var_0
460/612: 460/612: inst_226_flags_var_0 (DONE:30ms)
460/612: Method: inst_227_values_var_0
461/612: 461/612: inst_227_values_var_0 (DONE:19ms)
461/612: Method: inst_227_flags_var_0
462/612: 462/612: inst_227_flags_var_0 (DONE:29ms)
462/612: Method: inst_228_values_var_0
463/612: 463/612: inst_228_values_var_0 (DONE:21ms)
463/612: Method: inst_228_flags_var_0
464/612: 464/612: inst_228_flags_var_0 (DONE:29ms)
464/612: Method: inst_229_values_var_0
465/612: 465/612: inst_229_values_var_0 (DONE:19ms)
465/612: Method: inst_229_flags_var_0
466/612: 466/612: inst_229_flags_var_0 (DONE:28ms)
466/612: Method: inst_230_values_var_0
467/612: 467/612: inst_230_values_var_0 (DONE:19ms)
467/612: Method: inst_230_flags_var_0
468/612: 468/612: inst_230_flags_var_0 (DONE:27ms)
468/612: Method: inst_231_values_var_0
469/612: 469/612: inst_231_values_var_0 (DONE:19ms)
469/612: Method: inst_231_flags_var_0
470/612: 470/612: inst_231_flags_var_0 (DONE:29ms)
470/612: Method: inst_232_values_var_0
471/612: 471/612: inst_232_values_var_0 (DONE:18ms)
471/612: Method: inst_232_flags_var_0
472/612: 472/612: inst_232_flags_var_0 (DONE:24ms)
472/612: Method: inst_233_values_var_0
473/612: 473/612: inst_233_values_var_0 (DONE:18ms)
473/612: Method: inst_233_flags_var_0
474/612: 474/612: inst_233_flags_var_0 (DONE:24ms)
474/612: Method: inst_234_values_var_0
475/612: 475/612: inst_234_values_var_0 (DONE:18ms)
475/612: Method: inst_234_flags_var_0
476/612: 476/612: inst_234_flags_var_0 (DONE:27ms)
476/612: Method: inst_235_values_var_0
477/612: 477/612: inst_235_values_var_0 (DONE:17ms)
477/612: Method: inst_235_flags_var_0
478/612: 478/612: inst_235_flags_var_0 (DONE:23ms)
478/612: Method: inst_236_values_var_0
479/612: 479/612: inst_236_values_var_0 (DONE:18ms)
479/612: Method: inst_236_flags_var_0
480/612: 480/612: inst_236_flags_var_0 (DONE:24ms)
480/612: Method: inst_237_values_var_0
481/612: 481/612: inst_237_values_var_0 (DONE:18ms)
481/612: Method: inst_237_flags_var_0
482/612: 482/612: inst_237_flags_var_0 (DONE:25ms)
482/612: Method: inst_238_values_var_0
483/612: 483/612: inst_238_values_var_0 (DONE:18ms)
483/612: Method: inst_238_flags_var_0
484/612: 484/612: inst_238_flags_var_0 (DONE:40ms)
484/612: Method: inst_239_values_var_0
485/612: 485/612: inst_239_values_var_0 (DONE:18ms)
485/612: Method: inst_239_flags_var_0
486/612: 486/612: inst_239_flags_var_0 (DONE:26ms)
486/612: Method: inst_240_values_var_0
487/612: 487/612: inst_240_values_var_0 (DONE:18ms)
487/612: Method: inst_240_flags_var_0
488/612: 488/612: inst_240_flags_var_0 (DONE:29ms)
488/612: Method: inst_241_values_var_0
489/612: 489/612: inst_241_values_var_0 (DONE:18ms)
489/612: Method: inst_241_flags_var_0
490/612: 490/612: inst_241_flags_var_0 (DONE:26ms)
490/612: Method: inst_242_values_var_0
491/612: 491/612: inst_242_values_var_0 (DONE:18ms)
491/612: Method: inst_242_flags_var_0
492/612: 492/612: inst_242_flags_var_0 (DONE:24ms)
492/612: Method: inst_243_values_var_0
493/612: 493/612: inst_243_values_var_0 (DONE:19ms)
493/612: Method: inst_243_flags_var_0
494/612: 494/612: inst_243_flags_var_0 (DONE:11ms)
494/612: Method: inst_244_values_var_0
495/612: 495/612: inst_244_values_var_0 (DONE:20ms)
495/612: Method: inst_244_flags_var_0
496/612: 496/612: inst_244_flags_var_0 (DONE:12ms)
496/612: Method: inst_245_values_var_0
497/612: 497/612: inst_245_values_var_0 (DONE:19ms)
497/612: Method: inst_245_flags_var_0
498/612: 498/612: inst_245_flags_var_0 (DONE:10ms)
498/612: Method: inst_246_values_var_0
499/612: 499/612: inst_246_values_var_0 (DONE:18ms)
499/612: Method: inst_246_flags_var_0
500/612: 500/612: inst_246_flags_var_0 (DONE:10ms)
500/612: Method: inst_247_values_var_0
501/612: 501/612: inst_247_values_var_0 (DONE:19ms)
501/612: Method: inst_247_flags_var_0
502/612: 502/612: inst_247_flags_var_0 (DONE:12ms)
502/612: Method: inst_248_values_var_0
503/612: 503/612: inst_248_values_var_0 (DONE:17ms)
503/612: Method: inst_248_flags_var_0
504/612: 504/612: inst_248_flags_var_0 (DONE:12ms)
504/612: Method: inst_249_values_var_0
505/612: 505/612: inst_249_values_var_0 (DONE:17ms)
505/612: Method: inst_249_flags_var_0
506/612: 506/612: inst_249_flags_var_0 (DONE:11ms)
506/612: Method: inst_250_values_var_0
507/612: 507/612: inst_250_values_var_0 (DONE:18ms)
507/612: Method: inst_250_flags_var_0
508/612: 508/612: inst_250_flags_var_0 (DONE:12ms)
508/612: Method: inst_251_values_var_0
509/612: 509/612: inst_251_values_var_0 (DONE:19ms)
509/612: Method: inst_251_flags_var_0
510/612: 510/612: inst_251_flags_var_0 (DONE:14ms)
510/612: Method: inst_252_values_var_0
511/612: 511/612: inst_252_values_var_0 (DONE:19ms)
511/612: Method: inst_252_flags_var_0
512/612: 512/612: inst_252_flags_var_0 (DONE:11ms)
512/612: Method: inst_253_values_var_0
513/612: 513/612: inst_253_values_var_0 (DONE:20ms)
513/612: Method: inst_253_flags_var_0
514/612: 514/612: inst_253_flags_var_0 (DONE:11ms)
514/612: Method: inst_254_values_var_0
515/612: 515/612: inst_254_values_var_0 (DONE:17ms)
515/612: Method: inst_254_flags_var_0
516/612: 516/612: inst_254_flags_var_0 (DONE:12ms)
516/612: Method: inst_255_values_var_0
517/612: 517/612: inst_255_values_var_0 (DONE:19ms)
517/612: Method: inst_255_flags_var_0
518/612: 518/612: inst_255_flags_var_0 (DONE:12ms)
518/612: Method: inst_256_values_var_0
519/612: 519/612: inst_256_values_var_0 (DONE:19ms)
519/612: Method: inst_256_flags_var_0
520/612: 520/612: inst_256_flags_var_0 (DONE:14ms)
520/612: Method: inst_257_values_var_0
521/612: 521/612: inst_257_values_var_0 (DONE:20ms)
521/612: Method: inst_257_flags_var_0
522/612: 522/612: inst_257_flags_var_0 (DONE:13ms)
522/612: Method: inst_258_values_var_0
523/612: 523/612: inst_258_values_var_0 (DONE:18ms)
523/612: Method: inst_258_flags_var_0
524/612: 524/612: inst_258_flags_var_0 (DONE:12ms)
524/612: Method: inst_259_values_var_0
525/612: 525/612: inst_259_values_var_0 (DONE:20ms)
525/612: Method: inst_259_flags_var_0
526/612: 526/612: inst_259_flags_var_0 (DONE:23ms)
526/612: Method: inst_260_values_var_0
527/612: 527/612: inst_260_values_var_0 (DONE:20ms)
527/612: Method: inst_260_flags_var_0
528/612: 528/612: inst_260_flags_var_0 (DONE:28ms)
528/612: Method: inst_261_values_var_0
529/612: 529/612: inst_261_values_var_0 (DONE:21ms)
529/612: Method: inst_261_flags_var_0
530/612: 530/612: inst_261_flags_var_0 (DONE:24ms)
530/612: Method: inst_262_values_var_0
531/612: 531/612: inst_262_values_var_0 (DONE:20ms)
531/612: Method: inst_262_flags_var_0
532/612: 532/612: inst_262_flags_var_0 (DONE:26ms)
532/612: Method: inst_263_values_var_0
533/612: 533/612: inst_263_values_var_0 (DONE:24ms)
533/612: Method: inst_263_flags_var_0
534/612: 534/612: inst_263_flags_var_0 (DONE:18ms)
534/612: Method: inst_264_values_var_0
535/612: 535/612: inst_264_values_var_0 (DONE:23ms)
535/612: Method: inst_264_flags_var_0
536/612: 536/612: inst_264_flags_var_0 (DONE:16ms)
536/612: Method: inst_265_values_var_0
537/612: 537/612: inst_265_values_var_0 (DONE:20ms)
537/612: Method: inst_265_flags_var_0
538/612: 538/612: inst_265_flags_var_0 (DONE:16ms)
538/612: Method: inst_266_values_var_0
539/612: 539/612: inst_266_values_var_0 (DONE:23ms)
539/612: Method: inst_266_flags_var_0
540/612: 540/612: inst_266_flags_var_0 (DONE:14ms)
540/612: Method: inst_267_values_var_0
541/612: 541/612: inst_267_values_var_0 (DONE:20ms)
541/612: Method: inst_267_flags_var_0
542/612: 542/612: inst_267_flags_var_0 (DONE:15ms)
542/612: Method: inst_268_values_var_0
543/612: 543/612: inst_268_values_var_0 (DONE:22ms)
543/612: Method: inst_268_flags_var_0
544/612: 544/612: inst_268_flags_var_0 (DONE:16ms)
544/612: Method: inst_269_values_var_0
545/612: 545/612: inst_269_values_var_0 (DONE:22ms)
545/612: Method: inst_269_flags_var_0
546/612: 546/612: inst_269_flags_var_0 (DONE:14ms)
546/612: Method: inst_270_values_var_0
547/612: 547/612: inst_270_values_var_0 (DONE:19ms)
547/612: Method: inst_270_flags_var_0
548/612: 548/612: inst_270_flags_var_0 (DONE:15ms)
548/612: Method: inst_271_values_var_0
549/612: 549/612: inst_271_values_var_0 (DONE:16ms)
549/612: Method: inst_271_flags_var_0
550/612: 550/612: inst_271_flags_var_0 (DONE:23ms)
550/612: Method: inst_272_values_var_0
551/612: 551/612: inst_272_values_var_0 (DONE:16ms)
551/612: Method: inst_272_flags_var_0
552/612: 552/612: inst_272_flags_var_0 (DONE:22ms)
552/612: Method: inst_273_values_var_0
553/612: 553/612: inst_273_values_var_0 (DONE:16ms)
553/612: Method: inst_273_flags_var_0
554/612: 554/612: inst_273_flags_var_0 (DONE:24ms)
554/612: Method: inst_274_values_var_0
555/612: 555/612: inst_274_values_var_0 (DONE:15ms)
555/612: Method: inst_274_flags_var_0
556/612: 556/612: inst_274_flags_var_0 (DONE:23ms)
556/612: Method: inst_275_values_var_0
557/612: 557/612: inst_275_values_var_0 (DONE:16ms)
557/612: Method: inst_275_flags_var_0
558/612: 558/612: inst_275_flags_var_0 (DONE:20ms)
558/612: Method: inst_276_values_var_0
559/612: 559/612: inst_276_values_var_0 (DONE:14ms)
559/612: Method: inst_276_flags_var_0
560/612: 560/612: inst_276_flags_var_0 (DONE:25ms)
560/612: Method: inst_277_values_var_0
561/612: 561/612: inst_277_values_var_0 (DONE:15ms)
561/612: Method: inst_277_flags_var_0
562/612: 562/612: inst_277_flags_var_0 (DONE:17ms)
562/612: Method: inst_278_values_var_0
563/612: 563/612: inst_278_values_var_0 (DONE:15ms)
563/612: Method: inst_278_flags_var_0
564/612: 564/612: inst_278_flags_var_0 (DONE:16ms)
564/612: Method: inst_279_values_var_0
565/612: 565/612: inst_279_values_var_0 (DONE:14ms)
565/612: Method: inst_279_flags_var_0
566/612: 566/612: inst_279_flags_var_0 (DONE:13ms)
566/612: Method: inst_280_values_var_0
567/612: 567/612: inst_280_values_var_0 (DONE:15ms)
567/612: Method: inst_280_flags_var_0
568/612: 568/612: inst_280_flags_var_0 (DONE:17ms)
568/612: Method: inst_281_values_var_0
569/612: 569/612: inst_281_values_var_0 (DONE:16ms)
569/612: Method: inst_281_flags_var_0
570/612: 570/612: inst_281_flags_var_0 (DONE:13ms)
570/612: Method: inst_282_values_var_0
571/612: 571/612: inst_282_values_var_0 (DONE:15ms)
571/612: Method: inst_282_flags_var_0
572/612: 572/612: inst_282_flags_var_0 (DONE:14ms)
572/612: Method: inst_283_values_var_0
573/612: 573/612: inst_283_values_var_0 (DONE:21ms)
573/612: Method: inst_283_flags_var_0
574/612: 574/612: inst_283_flags_var_0 (DONE:27ms)
574/612: Method: inst_284_values_var_0
575/612: 575/612: inst_284_values_var_0 (DONE:21ms)
575/612: Method: inst_284_flags_var_0
576/612: 576/612: inst_284_flags_var_0 (DONE:27ms)
576/612: Method: inst_285_values_var_0
577/612: 577/612: inst_285_values_var_0 (DONE:20ms)
577/612: Method: inst_285_flags_var_0
578/612: 578/612: inst_285_flags_var_0 (DONE:24ms)
578/612: Method: inst_286_values_var_0
579/612: 579/612: inst_286_values_var_0 (DONE:19ms)
579/612: Method: inst_286_flags_var_0
580/612: 580/612: inst_286_flags_var_0 (DONE:11ms)
580/612: Method: inst_287_values_var_0
581/612: 581/612: inst_287_values_var_0 (DONE:18ms)
581/612: Method: inst_287_flags_var_0
582/612: 582/612: inst_287_flags_var_0 (DONE:12ms)
582/612: Method: inst_288_values_var_0
583/612: 583/612: inst_288_values_var_0 (DONE:18ms)
583/612: Method: inst_288_flags_var_0
584/612: 584/612: inst_288_flags_var_0 (DONE:11ms)
584/612: Method: inst_289_values_var_0
585/612: 585/612: inst_289_values_var_0 (DONE:16ms)
585/612: Method: inst_289_flags_var_0
586/612: 586/612: inst_289_flags_var_0 (DONE:21ms)
586/612: Method: inst_290_values_var_0
587/612: 587/612: inst_290_values_var_0 (DONE:15ms)
587/612: Method: inst_290_flags_var_0
588/612: 588/612: inst_290_flags_var_0 (DONE:17ms)
588/612: Method: inst_291_values_var_0
589/612: 589/612: inst_291_values_var_0 (DONE:16ms)
589/612: Method: inst_291_flags_var_0
590/612: 590/612: inst_291_flags_var_0 (DONE:17ms)
590/612: Method: inst_292_values_var_0
591/612: 591/612: inst_292_values_var_0 (DONE:16ms)
591/612: Method: inst_292_flags_var_0
592/612: 592/612: inst_292_flags_var_0 (DONE:17ms)
592/612: Method: inst_293_values_var_0
593/612: 593/612: inst_293_values_var_0 (DONE:16ms)
593/612: Method: inst_293_flags_var_0
594/612: 594/612: inst_293_flags_var_0 (DONE:16ms)
594/612: Method: inst_294_values_var_0
595/612: 595/612: inst_294_values_var_0 (DONE:16ms)
595/612: Method: inst_294_flags_var_0
596/612: 596/612: inst_294_flags_var_0 (DONE:20ms)
596/612: Method: initializer_0
597/612: 597/612: initializer_0 (DONE:41ms)
597/612: Method: sub_804A12C
598/612: 598/612: sub_804A12C (DONE:17ms)
598/612: Method: sub_804A178
599/612: 599/612: sub_804A178 (DONE:15ms)
599/612: Method: __libc_start_main
600/612: 600/612: __libc_start_main (DONE:8ms)
600/612: Method: __assert_fail
601/612: 601/612: __assert_fail (DONE:9ms)
601/612: Method: deregister_tm_clones
602/612: 602/612: deregister_tm_clones (DONE:9ms)
602/612: Method: register_tm_clones
603/612: 603/612: register_tm_clones (DONE:19ms)
603/612: Method: sub_804A1AD
604/612: 604/612: sub_804A1AD (DONE:17ms)
604/612: Method: initializer_1
605/612: 605/612: initializer_1 (DONE:7ms)
605/612: Method: _dl_relocate_static_pie
606/612: 606/612: _dl_relocate_static_pie (DONE:2ms)
606/612: Method: __libc_csu_fini
607/612: 607/612: __libc_csu_fini (DONE:2ms)
607/612: Method: finalizer_0
608/612: 608/612: finalizer_0 (DONE:14ms)
608/612: Method: _start
609/612: 609/612: _start (DONE:57ms)
609/612: Method: main

=== Killed because of time limit
