in proc addem adding addrExp r1{0} - 48 to local table
in proc addem adding addrExp r1{0} - 4 to local table
in proc addem adding addrExp r1{0} - 40 to local table
in proc addem adding addrExp r1{0} - 36 to local table
in proc addem adding addrExp r1{0} - 32 to local table
in proc addem adding addrExp r1{0} - 28 to local table
finding final parameters for addem
potential param r1
found new parameter r1
potential param r3
found new parameter r3
potential param r4
found new parameter r4
potential param r5
found new parameter r5
potential param r6
found new parameter r6
after removing matching assigns (%pc).
in proc passem adding addrExp r1{0} - 48 to local table
in proc passem adding addrExp r1{0} - 4 to local table
in proc passem adding addrExp r1{0} + 4 to local table
in proc passem adding addrExp r1{0} - 40 to local table
in proc passem adding addrExp r1{0} - 36 to local table
in proc passem adding addrExp r1{0} - 32 to local table
in proc passem adding addrExp r1{0} - 28 to local table
finding final parameters for passem
potential param r1
found new parameter r1
potential param r3
found new parameter r3
potential param r4
found new parameter r4
potential param r5
found new parameter r5
potential param r6
found new parameter r6
after removing matching assigns (%pc).
in proc main adding addrExp r1{0} - 24 to local table
in proc main adding addrExp r1{0} - 32 to local table
in proc main adding addrExp r1{0} - 4 to local table
in proc main adding addrExp r1{0} + 4 to local table
### WARNING: iteration limit exceeded for dfaTypeAnalysis of procedure main ###
in proc main adding addrExp r1{0} - 24 to local table
in proc main adding addrExp r1{0} - 32 to local table
in proc main adding addrExp r1{0} - 4 to local table
TYPE ERROR: at address 0xfffffffc, overlapping type __size32 does not resolve to compound or array
in proc main adding addrExp r1{0} + 4 to local table
in proc main adding addrExp r1{0} - 24 to local table
finding final parameters for passem
potential param r3
found new parameter r3
potential param r4
found new parameter r4
potential param r5
found new parameter r5
potential param r6
found new parameter r6
finding final parameters for addem
potential param r3
found new parameter r3
potential param r4
found new parameter r4
potential param r5
found new parameter r5
potential param r6
found new parameter r6
finding final parameters for passem
potential param r3
found new parameter r3
potential param r4
found new parameter r4
potential param r5
found new parameter r5
potential param r6
found new parameter r6
local g3 has type __size32 that doesn't agree with type of define void of a library, why?
local g6 has type /*signed?*/int * that doesn't agree with type of define __size32 of a library, why?
dest is not lib
call:   13 {*32* r0, *32* r9, *32* r11} := CALL passem(
                *32* g3 := 5
                *32* g4 := 10
                *32* g5 := 40
                *j32** g6 := a[local0]
              )
              Reaching definitions: r0=machine("%LR"),   r1=r1{0} - 32,   r3=5,   r4=10,   r5=40,   r6=r1{0} - 24,
                r31=r1{0} - 32,   m[r1{0} + 4]=machine("%LR"),   m[r1{0} - 4]=r31{0},   m[r1{0} - 24]=m[r1{0} - 24]{0},
                m[r1{0} - 32]=r1{0}
              Live variables:  in proc main
dest is not lib
call:   20 {*32* r7, *32* r8, *32* r9, *32* r10, *v* r11, *32* r12} := CALL printf(
                *c** g3 := "Fifty five is %d
"
                *j32* g4 := local0
              )
              Reaching definitions: r0=r0{13},   r1=r1{0} - 32,   r3=0x100008ac,   r4=m[r1{0} - 24]{0},   r5=40,
                r6=r1{0} - 24,   r9=0x10000000,   r11=r11{13},   r31=r1{0} - 32,   r65=0,   m[r1{0} + 4]=machine("%LR")
                m[r1{0} - 4]=r31{0},   m[r1{0} - 24]=m[r1{0} - 24]{0},   m[r1{0} - 32]=r1{0}
              Live variables:  in proc main
dest is not lib
call:   17 {*32* r0, *32* r9, *32* r11} := CALL addem(
                *32* g3 := param1
                *32* g4 := param2
                *32* g5 := param3
                *32** g6 := param4
              )
              Reaching definitions: r0=machine("%LR"),   r1=r1{0} - 48,   r3=r3{0},   r4=r4{0},   r5=r5{0},   r6=r6{0},
                r31=r1{0} - 48,   m[r1{0} + 4]=machine("%LR"),   m[r1{0} - 4]=r31{0},   m[r1{0} - 28]=r6{0},
                m[r1{0} - 32]=r5{0},   m[r1{0} - 36]=r4{0},   m[r1{0} - 40]=r3{0},   m[r1{0} - 48]=r1{0}
              Live variables:  in proc passem
