after removing matching assigns (%pc).
WARNING: size 0x20 meet with double; allowing temporarily
WARNING: size 0x20 meet with double; allowing temporarily
WARNING: size 0x20 meet with double; allowing temporarily
WARNING: size 0x20 meet with double; allowing temporarily
WARNING: size 0x20 meet with double; allowing temporarily
WARNING: size 0x20 meet with double; allowing temporarily
WARNING: size 0x20 meet with double; allowing temporarily
WARNING: size 0x20 meet with double; allowing temporarily
WARNING: size 0x20 meet with double; allowing temporarily
WARNING: size 0x20 meet with double; allowing temporarily
WARNING: size 0x20 meet with double; allowing temporarily
WARNING: size 0x20 meet with double; allowing temporarily
WARNING: size 0x20 meet with double; allowing temporarily
WARNING: size 0x20 meet with double; allowing temporarily
### WARNING: iteration limit exceeded for dfaTypeAnalysis of procedure main ###
in proc main adding addrExp r1{0} - 20 to local table
in proc main adding addrExp r1{0} - 32 to local table
in proc main adding addrExp r1{0} - 4 to local table
in proc main adding addrExp r1{0} + 4 to local table
in proc main adding addrExp r1{0} - 24 to local table
### WARNING: iteration limit exceeded for dfaTypeAnalysis of procedure main ###
in proc main adding addrExp r1{0} - 20 to local table
in proc main adding addrExp r1{0} - 32 to local table
in proc main adding addrExp r1{0} - 4 to local table
TYPE ERROR: at address 0xfffffffc, overlapping type __size32 does not resolve to compound or array
in proc main adding addrExp r1{0} + 4 to local table
in proc main adding addrExp r1{0} - 24 to local table
### WARNING: iteration limit exceeded for dfaTypeAnalysis of procedure main ###
in proc main adding addrExp r1{0} - 20 to local table
local g3 has type char * that doesn't agree with type of define void of a library, why?
local g3 has type void that doesn't agree with type of define __size32 of a library, why?
local g4 has type float * that doesn't agree with type of define __size32 of a library, why?
dest is not lib
call:   16 {*f64* g4_1, *f64* g5, *v* r6, *v* r7, *v* r8, *v* r9, *v* r10, *v* r11, *v* r12} := CALL scanf(
                *c** g3 := "%f"
                *f32** g4 := a[local0]
              )
              Reaching definitions: r0=r1{0} - 20,   r1=r1{0} - 32,   r3=0x1000091c,   r4=r1{0} - 20,   r5=r5{0},
                r9=0x10000000,   r31=r1{0} - 32,   r65=0,   r71=r71{0},   m[r1{0} + 4]=machine("%LR"),
                m[r1{0} - 4]=r31{0},   m[r1{0} - 20]=m[r1{0} - 20]{0},   m[r1{0} - 24]=0x40a00000,
                m[r1{0} - 32]=r1{0}
              Live variables: g4_1,  g5 in proc main
result:    0 *f64* g4_1 := -
result:    0 *f64* g5 := -
dest is not lib
call:   27 {*32* r5, *32* r6, *32* r7, *32* r8, *32* r9, *32* r10, *v* r11, *32* r12} := CALL printf(
                *c** g3 := "a is %f, b is %f
"
                *f64* g4_1 := g4_1
                *f64* g5 := g5
              )
              Reaching definitions: r0=r1{0} - 20,   r1=r1{0} - 32,   r3=0x10000920,   r4=r4{16},   r5=r5{16},
                r6=r6{16},   r7=r7{16},   r8=r8{16},   r9=0x10000000,   r10=r10{16},   r11=r11{16},   r12=r12{16},
                r31=r1{0} - 32,   r32=r32{19},   r33=fsize(32,64,0x40a00000),   r34=r32{19},
                r45=fsize(32,64,0x40a00000),   r65=-1,   r71=r71{0},   m[r1{0} + 4]=machine("%LR"),
                m[r1{0} - 4]=r31{0},   m[r1{0} - 20]=m[r1{0} - 20]{0},   m[r1{0} - 24]=0x40a00000,
                m[r1{0} - 32]=r1{0}
              Live variables:  in proc main
dest is not lib
call:   37 {*32* r5, *32* r6, *32* r7, *32* r8, *32* r9, *32* r10, *v* r11, *32* r12} := CALL printf(
                *c** g3 := "Equal
"
              )
              Reaching definitions: r0=r1{0} - 20,   r1=r1{0} - 32,   r3=0x10000934,   r4=r4{27},   r5=r5{27},
                r6=r6{27},   r7=r7{27},   r8=r8{27},   r9=0x10000000,   r10=r10{27},   r11=r11{27},   r12=r12{27},
                r31=r1{0} - 32,   r32=r32{29},   r33=fsize(32,64,0x40a00000),   r34=r32{19},
                r45=fsize(32,64,0x40a00000),   r65=-1,   r71=r71{0},   m[r1{0} + 4]=machine("%LR"),
                m[r1{0} - 4]=r31{0},   m[r1{0} - 20]=m[r1{0} - 20]{0},   m[r1{0} - 24]=0x40a00000,
                m[r1{0} - 32]=r1{0},   %flags=SETFFLAGSN( fsize(32,64,0x40a00000), r32{29}, 7 ),
                %ZF=SETFFLAGSN( fsize(32,64,0x40a00000), r32{29}, 7 ),
                %CF=SETFFLAGSN( fsize(32,64,0x40a00000), r32{29}, 7 )
              Live variables:  in proc main
dest is not lib
call:   47 {*32* r5, *32* r6, *32* r7, *32* r8, *32* r9, *32* r10, *v* r11, *32* r12} := CALL printf(
                *c** g3 := "Not Equal
"
              )
              Reaching definitions: r0=r1{0} - 20,   r1=r1{0} - 32,   r3=0x1000093c,   r4=r4{98},   r5=r5{99},
                r6=r6{100},   r7=r7{101},   r8=r8{102},   r9=0x10000000,   r10=r10{104},   r11=r11{105},   r12=r12{106}
                r31=r1{0} - 32,   r32=fsize(32,64,0x40a00000),   r33=fsize(32,64,0x40a00000),   r34=r32{19},
                r45=r45{39},   r65=-1,   r71=r71{0},   m[r1{0} + 4]=machine("%LR"),   m[r1{0} - 4]=r31{0},
                m[r1{0} - 20]=m[r1{0} - 20]{0},   m[r1{0} - 24]=0x40a00000,   m[r1{0} - 32]=r1{0},
                %flags=SETFFLAGSN( fsize(32,64,0x40a00000), r45{39}, 7 ),
                %ZF=SETFFLAGSN( fsize(32,64,0x40a00000), r45{39}, 7 ),
                %CF=SETFFLAGSN( fsize(32,64,0x40a00000), r45{39}, 7 )
              Live variables:  in proc main
dest is not lib
call:   57 {*32* r5, *32* r6, *32* r7, *32* r8, *32* r9, *32* r10, *v* r11, *32* r12} := CALL printf(
                *c** g3 := "Greater
"
              )
              Reaching definitions: r0=r1{0} - 20,   r1=r1{0} - 32,   r3=0x10000948,   r4=r4{108},   r5=r5{109},
                r6=r6{110},   r7=r7{111},   r8=r8{112},   r9=0x10000000,   r10=r10{114},   r11=r11{115},   r12=r12{116}
                r31=r1{0} - 32,   r32=fsize(32,64,0x40a00000),   r33=fsize(32,64,0x40a00000),   r34=r32{19},
                r45=r45{49},   r65=-1,   r71=r71{0},   m[r1{0} + 4]=machine("%LR"),   m[r1{0} - 4]=r31{0},
                m[r1{0} - 20]=m[r1{0} - 20]{0},   m[r1{0} - 24]=0x40a00000,   m[r1{0} - 32]=r1{0},
                %flags=SETFFLAGSN( fsize(32,64,0x40a00000), r45{49}, 7 ),
                %ZF=SETFFLAGSN( fsize(32,64,0x40a00000), r45{49}, 7 ),
                %CF=SETFFLAGSN( fsize(32,64,0x40a00000), r45{49}, 7 )
              Live variables:  in proc main
dest is not lib
call:   68 {*32* r5, *32* r6, *32* r7, *32* r8, *32* r9, *32* r10, *v* r11, *32* r12} := CALL printf(
                *c** g3 := "Less or Equal
"
              )
              Reaching definitions: r0=r1{0} - 20,   r1=r1{0} - 32,   r3=0x10000954,   r4=r4{118},   r5=r5{119},
                r6=r6{120},   r7=r7{121},   r8=r8{122},   r9=0x10000000,   r10=r10{124},   r11=r11{125},   r12=r12{126}
                r31=r1{0} - 32,   r32=r32{59},   r33=fsize(32,64,0x40a00000),   r34=r32{19},
                r45=fsize(32,64,0x40a00000),   r65=-1,   r71=r71{61},   m[r1{0} + 4]=machine("%LR"),
                m[r1{0} - 4]=r31{0},   m[r1{0} - 20]=m[r1{0} - 20]{0},   m[r1{0} - 24]=0x40a00000,
                m[r1{0} - 32]=r1{0},   %flags=SETFFLAGSN( fsize(32,64,0x40a00000), r32{59}, 7 ),
                %ZF=SETFFLAGSN( fsize(32,64,0x40a00000), r32{59}, 7 ),
                %CF=SETFFLAGSN( fsize(32,64,0x40a00000), r32{59}, 7 )
              Live variables:  in proc main
dest is not lib
call:   79 {*32* r5, *32* r6, *32* r7, *32* r8, *32* r9, *32* r10, *v* r11, *32* r12} := CALL printf(
                *c** g3 := "Greater or Equal
"
              )
              Reaching definitions: r0=r1{0} - 20,   r1=r1{0} - 32,   r3=0x10000964,   r4=r4{128},   r5=r5{129},
                r6=r6{130},   r7=r7{131},   r8=r8{132},   r9=0x10000000,   r10=r10{134},   r11=r11{135},   r12=r12{136}
                r31=r1{0} - 32,   r32=r32{70},   r33=fsize(32,64,0x40a00000),   r34=r32{19},
                r45=fsize(32,64,0x40a00000),   r65=-1,   r71=(r71{61}@1:1) | (r71{61}@2:2),
                m[r1{0} + 4]=machine("%LR"),   m[r1{0} - 4]=r31{0},   m[r1{0} - 20]=m[r1{0} - 20]{0},
                m[r1{0} - 24]=0x40a00000,   m[r1{0} - 32]=r1{0},
                %flags=SETFFLAGSN( fsize(32,64,0x40a00000), r32{70}, 7 ),
                %ZF=SETFFLAGSN( fsize(32,64,0x40a00000), r32{70}, 7 ),
                %CF=SETFFLAGSN( fsize(32,64,0x40a00000), r32{70}, 7 )
              Live variables:  in proc main
dest is not lib
call:   89 {*32* r5, *32* r6, *32* r7, *32* r8, *32* r9, *32* r10, *v* r11, *32* r12} := CALL printf(
                *c** g3 := "Less
"
              )
              Reaching definitions: r0=r1{0} - 20,   r1=r1{0} - 32,   r3=0x10000978,   r4=r4{138},   r5=r5{139},
                r6=r6{140},   r7=r7{141},   r8=r8{142},   r9=0x10000000,   r10=r10{144},   r11=r11{145},   r12=r12{146}
                r31=r1{0} - 32,   r32=fsize(32,64,0x40a00000),   r33=fsize(32,64,0x40a00000),   r34=r32{19},
                r45=r45{81},   r65=-1,   r71=(r71{61}@1:1) | (r71{61}@2:2),   m[r1{0} + 4]=machine("%LR"),
                m[r1{0} - 4]=r31{0},   m[r1{0} - 20]=m[r1{0} - 20]{0},   m[r1{0} - 24]=0x40a00000,
                m[r1{0} - 32]=r1{0},   %flags=SETFFLAGSN( fsize(32,64,0x40a00000), r45{81}, 7 ),
                %ZF=SETFFLAGSN( fsize(32,64,0x40a00000), r45{81}, 7 ),
                %CF=SETFFLAGSN( fsize(32,64,0x40a00000), r45{81}, 7 )
              Live variables:  in proc main
