[I] JEB 4.11.0.202201181921 (jeb-ce) is starting...
[I] Current directory: SUBJECTS
[I] Base directory: JEBDIR
[I] System: Mac OS X 12.2 (aarch64) de_DE
[I] Java: Homebrew 17.0.1
[I] Memory Usage: 39.2M used (224.8M free, 6.0G max)
[I] Initializing Jython, please wait...
Processing file: SUBJECTS/from_internet/asmutils/leaves/ia32_elf/subject.exe...
[I] {subject.exe > subject.exe > x86 image}: Detected compiler: unknown (Linux)
[I] {subject.exe > subject.exe > x86 image}: Initial native analysis styles: code gaps: PROLOGUES_ONLY, data gaps: DEFAULT
[I] {subject.exe > subject.exe > x86 image}: Analysis completed (0s)
[I] {subject.exe > subject.exe > x86 image}: Initial analysis created 3 methods
Output folder: jeb_output
  0/  3: Method: sub_804804C
  1/  3: 1/3: sub_804804C (DONE:135ms)
  1/  3: Method: start
  2/  3: 2/3: start (DONE:23ms)
  2/  3: Method: sub_804805C
  3/  3: 3/3: sub_804805C (DONE:309ms)
Exectime: 0.888000 sec
[I] Done.
