Boomerang alpha 0.3.1 09/Sep/2006
loading...
warning: textDelta different for section .got (ignoring).
decoding entry point...
decoding anything undecoded...
finishing decode...
found 1 procs
decompiling...
decompiling entry point main
 considering main
 decompiling main
rglobal type analysis for main
generating code...
WARNING: no out edge for this BB in main:
L4: Invalid BB:
in edges: 10000428 
out edges: 
1001040c

WARNING: no out edge for this BB in main:
L5: Invalid BB:
in edges: 10000434 
out edges: 
10010404

WARNING: no out edge for this BB in main:
L6: Invalid BB:
in edges: 10000438 
out edges: 
10010414

output written to _output/subject
completed in some time
