=== Using options:--aggressive-branch-removal
08049DA1: warning: Unable to resolve imported reference __gmon_start__.
0804A9BF: warning: Call target address 00000000 is invalid.
08049E94: warning: Unable to resolve imported reference getsockname.
08049F94: warning: Unable to resolve imported reference strtod.
0804A194: warning: Unable to resolve imported reference getservbyport.
0804A594: warning: Unable to resolve imported reference log10.
08062DEA: warning: Unable to determine format string for call to 'fprintf'.
080627F7: warning: Unable to resolve imported reference sigdelset.
08070029: warning: Unable to resolve imported reference __xstat64.
0806FE45: warning: Unable to resolve imported reference readdir64.
0806FD65: warning: Unable to resolve imported reference __xstat64.
0806BCE2: warning: Unable to resolve imported reference __xstat64.
0806BC81: warning: Unable to resolve imported reference rename.
0806BC52: warning: Unable to resolve imported reference chdir.
0806BBB2: warning: Unable to resolve imported reference system.
0806B95C: warning: Unable to resolve imported reference __xstat64.
0806B8F0: warning: Unable to resolve imported reference getrusage.
0806B8B2: warning: Unable to resolve imported reference getppid.
080693E8: warning: Unable to resolve imported reference lseek64.
08069276: warning: Unable to resolve imported reference lseek64.
08068662: warning: Unable to resolve imported reference lseek64.
0806868B: warning: Unable to resolve imported reference lseek64.
080684E2: warning: Unable to resolve imported reference lseek64.
08067711: warning: Unable to resolve imported reference strtod.
08067644: warning: Unable to resolve imported reference strtod.
0806752B: warning: Unable to resolve imported reference exp.
0806750E: warning: Unable to resolve imported reference floor.
080674EB: warning: Unable to resolve imported reference fmod.
0806747A: warning: Unable to resolve imported reference frexp.
08067402: warning: Unable to resolve imported reference ldexp.
080673DC: warning: Unable to resolve imported reference log.
080673BF: warning: Unable to resolve imported reference log10.
08067367: warning: Unable to resolve imported reference modf.
080672DE: warning: Unable to resolve imported reference sqrt.
080672B1: warning: Unable to resolve imported reference pow.
0806728B: warning: Unable to resolve imported reference sin.
0806726E: warning: Unable to resolve imported reference sinh.
08067251: warning: Unable to resolve imported reference cos.
08067234: warning: Unable to resolve imported reference cosh.
08067217: warning: Unable to resolve imported reference tan.
080671FA: warning: Unable to resolve imported reference tanh.
080671DD: warning: Unable to resolve imported reference asin.
080671C0: warning: Unable to resolve imported reference acos.
080671A3: warning: Unable to resolve imported reference atan.
08067186: warning: Unable to resolve imported reference atan2.
08067160: warning: Unable to resolve imported reference ceil.
08066FA3: warning: Unable to resolve imported reference expm1.
08066F90: warning: Unable to resolve imported reference log1p.
08066F6A: warning: Unable to resolve imported reference __fpclassify.
08062D88: warning: Unable to determine format string for call to 'fprintf'.
08062D40: warning: Unable to determine format string for call to 'fprintf'.
08062D5B: warning: Unable to determine format string for call to 'fprintf'.
08062B5F: warning: Unable to resolve imported reference getrlimit64.
08062A68: warning: Unable to resolve imported reference sigaltstack.
080617DA: warning: Unable to resolve imported reference __sigsetjmp.
080614F1: warning: Unable to resolve imported reference __isoc99_sscanf.
08061509: warning: Unable to resolve imported reference __isoc99_sscanf.
08061151: warning: Unable to resolve imported reference waitpid.
08060D92: warning: Unable to resolve imported reference umask.
08060D4C: warning: Unable to resolve imported reference truncate64.
08060CF2: warning: Unable to resolve imported reference truncate64.
08060C5E: warning: Unable to resolve imported reference getrusage.
08060C8D: warning: Unable to resolve imported reference getrusage.
08060A57: warning: Unable to resolve imported reference tcgetattr.
08060B78: warning: Unable to resolve imported reference cfgetospeed.
08060B85: warning: Unable to resolve imported reference cfgetispeed.
08060829: warning: Unable to resolve imported reference tcgetattr.
0806095E: warning: Unable to resolve imported reference cfsetospeed.
08060978: warning: Unable to resolve imported reference cfsetispeed.
080607D2: warning: Unable to resolve imported reference tcsendbreak.
08060784: warning: Unable to resolve imported reference tcdrain.
0806073F: warning: Unable to resolve imported reference tcflush.
080606EA: warning: Unable to resolve imported reference tcflow.
08060688: warning: Unable to resolve imported reference symlink.
08060569: warning: Unable to resolve imported reference __xstat64.
080604D3: warning: Unable to resolve imported reference __lxstat64.
08060436: warning: Unable to resolve imported reference __fxstat64.
080603DA: warning: Unable to resolve imported reference __xstat64.
0806037B: warning: Unable to resolve imported reference __lxstat64.
0806031C: warning: Unable to resolve imported reference __fxstat64.
0805FFE3: warning: Unable to resolve imported reference getsockopt.
0805FEC5: warning: Unable to resolve imported reference setsockopt.
0805FD99: warning: Unable to resolve imported reference socketpair.
0805F8B2: warning: Unable to resolve imported reference sigpending.
0805F7AF: warning: Unable to resolve imported reference sigsuspend.
0805F6F6: warning: Unable to resolve imported reference shutdown.
0805F69E: warning: Unable to resolve imported reference setuid.
0805F672: warning: Unable to resolve imported reference setsid.
0805F625: warning: Unable to resolve imported reference setgroups.
0805F5A6: warning: Unable to resolve imported reference setgid.
0805F52A: warning: Unable to resolve imported reference recv.
0805F3F0: warning: Unable to resolve imported reference recvfrom.
0805F2F1: warning: Unable to resolve imported reference send.
0805F1EB: warning: Unable to resolve imported reference sendto.
0805F099: warning: Unable to resolve imported reference select.
0805EE01: warning: Unable to resolve imported reference rmdir.
0805EDD4: warning: Unable to resolve imported reference rewinddir.
0805ED6C: warning: Unable to resolve imported reference rename.
0805ECB8: warning: Unable to resolve imported reference readdir64.
0805EB73: warning: Unable to resolve imported reference putenv.
0805E910: warning: Unable to resolve imported reference nice.
0805E8B6: warning: Unable to resolve imported reference mkfifo.
0805E7CF: warning: Unable to resolve imported reference lseek64.
0805E740: warning: Unable to resolve imported reference lseek64.
0805E50F: warning: Unable to resolve imported reference listen.
0805E46F: warning: Unable to resolve imported reference kill.
0805E34C: warning: Unable to resolve imported reference modf.
0805E378: warning: Unable to resolve imported reference ceil.
0805E40D: warning: Unable to resolve imported reference setitimer.
0805E2F5: warning: Unable to resolve imported reference getitimer.
0805E219: warning: Unable to resolve imported reference initgroups.
0805E1C6: warning: Unable to resolve imported reference gmtime.
0805DF26: warning: Unable to resolve imported reference getsockname.
0805DEDA: warning: Unable to resolve imported reference getservbyname.
0805DE9F: warning: Unable to resolve imported reference getservbyport.
0805DBC5: warning: Unable to resolve imported reference getprotobyname.
0805DB94: warning: Unable to resolve imported reference getprotobynumber.
0805DAB6: warning: Unable to resolve imported reference getppid.
0805DA3A: warning: Unable to resolve imported reference getpeername.
0805D88A: warning: Unable to resolve imported reference getlogin.
0805D85D: warning: Unable to resolve imported reference gethostname.
0805D802: warning: Unable to resolve imported reference gethostbyaddr_r.
0805D6C9: warning: Unable to resolve imported reference __h_errno_location.
0805D6F5: warning: Unable to resolve imported reference gethostbyname_r.
0805D51C: warning: Unable to resolve imported reference getgroups.
0805D36A: warning: Unable to resolve imported reference getegid.
0805CEB6: warning: Unable to resolve imported reference ftruncate64.
0805CE5F: warning: Unable to resolve imported reference ftruncate64.
0805CDD7: warning: Unable to resolve imported reference fork.
0805CBA0: warning: Unable to resolve imported reference fchown.
0805CB47: warning: Unable to resolve imported reference fchmod.
0805CA2E: warning: Unable to resolve imported reference execve.
0805C907: warning: Unable to resolve imported reference dup2.
0805C751: warning: Unable to resolve imported reference chroot.
0805C707: warning: Unable to resolve imported reference chown.
0805C659: warning: Unable to resolve imported reference chdir.
0805C5B2: warning: Unable to resolve imported reference alarm.
08059821: warning: Unable to determine the upper bound of an indirect call or jump; there may be more than 2 entries.
08059579: warning: Procedure camlPrintf__scan_fmt_1144 previously had a return address of 4 bytes on the stack, but now seems to have a return address of 0 bytes on the stack.
080599E6: warning: Procedure camlPrintf__list_iter_i_1201 previously had a return address of 4 bytes on the stack, but now seems to have a return address of 0 bytes on the stack.
08059AD8: warning: Procedure camlPrintf__mkprintf_1345 previously had a return address of 0 bytes on the stack, but now seems to have a return address of 4 bytes on the stack.
0805A4B9: warning: Procedure camlPrintf__fun_1600 previously had a return address of 4 bytes on the stack, but now seems to have a return address of 0 bytes on the stack.
0805BC47: warning: Procedure camlPrintf__fun_1600 previously had a return address of 4 bytes on the stack, but now seems to have a return address of 0 bytes on the stack.
0805BF7C: warning: Procedure camlPrintf__get_buff_1402 previously had a return address of 4 bytes on the stack, but now seems to have a return address of 0 bytes on the stack.
08058D42: warning: Procedure camlPrintf__sub_fmt_1124 previously had a return address of 4 bytes on the stack, but now seems to have a return address of 0 bytes on the stack.
080555F5: warning: Procedure camlString__blit_1056 previously had a return address of 4 bytes on the stack, but now seems to have a return address of 0 bytes on the stack.
0805AFE1: warning: Procedure camlPrintf__index_of_int_1037 previously had a return address of 4 bytes on the stack, but now seems to have a return address of 0 bytes on the stack.
08058689: warning: Procedure camlBuffer__add_char_1072 previously had a return address of 4 bytes on the stack, but now seems to have a return address of 0 bytes on the stack.
0805B4F1: warning: Procedure camlPrintf__extract_format_float_1110 previously had a return address of 4 bytes on the stack, but now seems to have a return address of 0 bytes on the stack.
0805B1B9: warning: Procedure camlPrintf__parse_string_conversion_1067 previously had a return address of 0 bytes on the stack, but now seems to have a return address of 4 bytes on the stack.
0805B2E7: warning: Procedure camlPrintf__format_string_1080 previously had a return address of 4 bytes on the stack, but now seems to have a return address of 0 bytes on the stack.
0805A531: warning: Procedure camlPrintf__get_arg_1288 previously had a return address of 4 bytes on the stack, but now seems to have a return address of 0 bytes on the stack.
0805B7ED: warning: Procedure camlPrintf__list_iter_i_1201 previously had a return address of 4 bytes on the stack, but now seems to have a return address of 0 bytes on the stack.
08058F1B: warning: Unable to determine the upper bound of an indirect call or jump; there may be more than 2 entries.
08058E6B: warning: Procedure camlPrintf__fun_1565 previously had a return address of 4 bytes on the stack, but now seems to have a return address of 0 bytes on the stack.
080594E9: warning: Procedure camlPrintf__sub_fmt_1124 previously had a return address of 4 bytes on the stack, but now seems to have a return address of 0 bytes on the stack.
0805936C: warning: Procedure camlPrintf__skip_positional_spec_1090 previously had a return address of 4 bytes on the stack, but now seems to have a return address of 0 bytes on the stack.
0805832E: warning: Procedure camlBuffer__add_substitute_1122 previously had a return address of 4 bytes on the stack, but now seems to have a return address of 0 bytes on the stack.
0805819D: warning: Procedure camlBuffer__advance_to_non_alpha_1108 previously had a return address of 4 bytes on the stack, but now seems to have a return address of 0 bytes on the stack.
08058178: warning: Unable to determine the upper bound of an indirect call or jump; there may be more than 2 entries.
080580BA: warning: Procedure camlBuffer__advance_to_closing_1098 previously had a return address of 0 bytes on the stack, but now seems to have a return address of 4 bytes on the stack.
0804F8E5: warning: Procedure camlBuffer__output_buffer_1094 previously had a return address of 4 bytes on the stack, but now seems to have a return address of 0 bytes on the stack.
08055538: warning: Procedure camlString__sub_1046 previously had a return address of 4 bytes on the stack, but now seems to have a return address of 0 bytes on the stack.
0804FA80: warning: Procedure camlPervasives__really_input_1235 previously had a return address of 0 bytes on the stack, but now seems to have a return address of 4 bytes on the stack.
080584B5: warning: Procedure camlBuffer__nth_1057 previously had a return address of 4 bytes on the stack, but now seems to have a return address of 0 bytes on the stack.
08058475: warning: Procedure camlBuffer__blit_1051 previously had a return address of 4 bytes on the stack, but now seems to have a return address of 0 bytes on the stack.
08058428: warning: Procedure camlBuffer__sub_1046 previously had a return address of 4 bytes on the stack, but now seems to have a return address of 0 bytes on the stack.
08058B44: warning: Procedure camlBuffer__add_substitute_1122 previously had a return address of 4 bytes on the stack, but now seems to have a return address of 0 bytes on the stack.
08058953: warning: Procedure camlBuffer__advance_to_non_alpha_1108 previously had a return address of 4 bytes on the stack, but now seems to have a return address of 0 bytes on the stack.
08057B37: warning: Procedure fn08057AD0 previously had a return address of 4 bytes on the stack, but now seems to have a return address of 0 bytes on the stack.
08057AB8: warning: Procedure camlHashtbl__replace_1112 previously had a return address of 0 bytes on the stack, but now seems to have a return address of 4 bytes on the stack.
08057AC9: warning: Procedure camlHashtbl__replace_1112 previously had a return address of 0 bytes on the stack, but now seems to have a return address of 4 bytes on the stack.
0805668A: warning: Procedure camlHashtbl__insert_bucket_1068 previously had a return address of 4 bytes on the stack, but now seems to have a return address of 0 bytes on the stack.
08057473: warning: Procedure camlHashtbl__replace_1112 previously had a return address of 0 bytes on the stack, but now seems to have a return address of 4 bytes on the stack.
08057488: warning: Procedure camlHashtbl__replace_1112 previously had a return address of 0 bytes on the stack, but now seems to have a return address of 4 bytes on the stack.
080578C9: warning: Procedure camlHashtbl__find_1093 previously had a return address of 4 bytes on the stack, but now seems to have a return address of 0 bytes on the stack.
0805781A: warning: Procedure camlHashtbl__find_1093 previously had a return address of 4 bytes on the stack, but now seems to have a return address of 0 bytes on the stack.
08057578: warning: Procedure camlHashtbl__add_1074 previously had a return address of 0 bytes on the stack, but now seems to have a return address of 4 bytes on the stack.
0805758D: warning: Procedure camlHashtbl__add_1074 previously had a return address of 0 bytes on the stack, but now seems to have a return address of 4 bytes on the stack.
080571D5: warning: Unable to determine the upper bound of an indirect call or jump; there may be more than 2 entries.
08056FE4: warning: Unable to determine the upper bound of an indirect call or jump; there may be more than 2 entries.
08057157: warning: Procedure fn080570F0 previously had a return address of 4 bytes on the stack, but now seems to have a return address of 0 bytes on the stack.
080570D8: warning: Procedure camlHashtbl__replace_1217 previously had a return address of 0 bytes on the stack, but now seems to have a return address of 4 bytes on the stack.
080570E9: warning: Procedure camlHashtbl__replace_1217 previously had a return address of 0 bytes on the stack, but now seems to have a return address of 4 bytes on the stack.
08056F05: warning: Unable to determine the upper bound of an indirect call or jump; there may be more than 2 entries.
08056E99: warning: Procedure camlHashtbl__find_1198 previously had a return address of 4 bytes on the stack, but now seems to have a return address of 0 bytes on the stack.
08056DE1: warning: Procedure camlHashtbl__find_1198 previously had a return address of 4 bytes on the stack, but now seems to have a return address of 0 bytes on the stack.
08056B68: warning: Unable to determine the upper bound of an indirect call or jump; there may be more than 2 entries.
08056BF9: warning: Procedure camlHashtbl__remove_1185 previously had a return address of 4 bytes on the stack, but now seems to have a return address of 0 bytes on the stack.
08056AE8: warning: Procedure camlHashtbl__add_1179 previously had a return address of 0 bytes on the stack, but now seems to have a return address of 4 bytes on the stack.
08056AFD: warning: Procedure camlHashtbl__add_1179 previously had a return address of 0 bytes on the stack, but now seems to have a return address of 4 bytes on the stack.
08057BD4: warning: Procedure camlHashtbl__mem_1122 previously had a return address of 4 bytes on the stack, but now seems to have a return address of 0 bytes on the stack.
0805721E: warning: Procedure camlHashtbl__mem_1227 previously had a return address of 4 bytes on the stack, but now seems to have a return address of 0 bytes on the stack.
0805610F: warning: Procedure camlSys__catch_break_1082 previously had a return address of 4 bytes on the stack, but now seems to have a return address of 0 bytes on the stack.
0805612A: warning: Procedure camlSys__catch_break_1082 previously had a return address of 4 bytes on the stack, but now seems to have a return address of 0 bytes on the stack.
08055F65: warning: Procedure camlString__rcontains_from_1140 previously had a return address of 4 bytes on the stack, but now seems to have a return address of 0 bytes on the stack.
08055ED5: warning: Procedure camlString__contains_1137 previously had a return address of 4 bytes on the stack, but now seems to have a return address of 0 bytes on the stack.
08055EE7: warning: Procedure camlString__contains_1137 previously had a return address of 4 bytes on the stack, but now seems to have a return address of 0 bytes on the stack.
08055E45: warning: Procedure camlString__rindex_from_1128 previously had a return address of 4 bytes on the stack, but now seems to have a return address of 0 bytes on the stack.
08055D85: warning: Procedure camlString__index_from_1116 previously had a return address of 4 bytes on the stack, but now seems to have a return address of 0 bytes on the stack.
08055CB7: warning: Procedure camlString__uncapitalize_1106 previously had a return address of 4 bytes on the stack, but now seems to have a return address of 0 bytes on the stack.
08055C27: warning: Procedure camlString__lowercase_1098 previously had a return address of 4 bytes on the stack, but now seems to have a return address of 0 bytes on the stack.
08055910: error: Parameter 'low' mustn't be larger than 'high'.
08055585: warning: Procedure camlString__fill_1051 previously had a return address of 4 bytes on the stack, but now seems to have a return address of 0 bytes on the stack.
08055145: warning: Procedure camlChar__chr_1032 previously had a return address of 4 bytes on the stack, but now seems to have a return address of 0 bytes on the stack.
08054F5A: warning: Procedure camlList__stable_sort_1248 previously had a return address of 4 bytes on the stack, but now seems to have a return address of 0 bytes on the stack.
08054D08: warning: Procedure camlList__combine_1226 previously had a return address of 4 bytes on the stack, but now seems to have a return address of 0 bytes on the stack.
08054788: warning: Procedure camlList__exists2_1153 previously had a return address of 4 bytes on the stack, but now seems to have a return address of 0 bytes on the stack.
08054718: warning: Procedure camlList__for_all2_1145 previously had a return address of 4 bytes on the stack, but now seems to have a return address of 0 bytes on the stack.
080545FA: warning: Procedure camlList__fold_right2_1128 previously had a return address of 0 bytes on the stack, but now seems to have a return address of 4 bytes on the stack.
080545A8: warning: Procedure camlList__fold_left2_1119 previously had a return address of 4 bytes on the stack, but now seems to have a return address of 0 bytes on the stack.
08054548: warning: Procedure camlList__iter2_1111 previously had a return address of 4 bytes on the stack, but now seems to have a return address of 0 bytes on the stack.
08053408: warning: Procedure camlList__rev_map2_1099 previously had a return address of 4 bytes on the stack, but now seems to have a return address of 0 bytes on the stack.
08054488: warning: Procedure camlList__map2_1090 previously had a return address of 4 bytes on the stack, but now seems to have a return address of 0 bytes on the stack.
080543F5: warning: Procedure camlList__fold_right_1084 previously had a return address of 0 bytes on the stack, but now seems to have a return address of 4 bytes on the stack.
0805425F: warning: Procedure camlList__flatten_1058 previously had a return address of 4 bytes on the stack, but now seems to have a return address of 0 bytes on the stack.
080532EF: warning: Procedure camlList__nth_1042 previously had a return address of 0 bytes on the stack, but now seems to have a return address of 4 bytes on the stack.
080541B5: warning: Procedure camlList__tl_1039 previously had a return address of 4 bytes on the stack, but now seems to have a return address of 0 bytes on the stack.
08054195: warning: Procedure camlList__hd_1036 previously had a return address of 4 bytes on the stack, but now seems to have a return address of 0 bytes on the stack.
080540F2: warning: Procedure camlList__sort_1271 previously had a return address of 4 bytes on the stack, but now seems to have a return address of 0 bytes on the stack.
08053C32: warning: Procedure camlList__rev_sort_1272 previously had a return address of 4 bytes on the stack, but now seems to have a return address of 0 bytes on the stack.
08054BE4: warning: Procedure camlList__partition_1212 previously had a return address of 4 bytes on the stack, but now seems to have a return address of 0 bytes on the stack.
080544DD: warning: Procedure camlList__rev_map2_1099 previously had a return address of 4 bytes on the stack, but now seems to have a return address of 0 bytes on the stack.
0805432D: warning: Procedure camlList__rev_map_1067 previously had a return address of 4 bytes on the stack, but now seems to have a return address of 0 bytes on the stack.
08052244: warning: Procedure camlArray__sortto_1217 previously had a return address of 0 bytes on the stack, but now seems to have a return address of 4 bytes on the stack.
08052319: warning: Procedure camlArray__sortto_1217 previously had a return address of 0 bytes on the stack, but now seems to have a return address of 4 bytes on the stack.
080531A5: warning: Procedure camlArray__stable_sort_1188 previously had a return address of 4 bytes on the stack, but now seems to have a return address of 0 bytes on the stack.
0805188D: warning: Procedure camlArray__stable_sort_1188 previously had a return address of 4 bytes on the stack, but now seems to have a return address of 0 bytes on the stack.
08050B47: warning: Procedure camlArray__maxson_1155 previously had a return address of 0 bytes on the stack, but now seems to have a return address of 4 bytes on the stack.
08050C4E: warning: Procedure camlArray__maxson_1155 previously had a return address of 0 bytes on the stack, but now seems to have a return address of 4 bytes on the stack.
08050C39: warning: Procedure camlArray__maxson_1155 previously had a return address of 0 bytes on the stack, but now seems to have a return address of 4 bytes on the stack.
08050EDD: warning: Procedure camlArray__trickledown_1160 previously had a return address of 0 bytes on the stack, but now seems to have a return address of 4 bytes on the stack.
08050FDC: warning: Procedure camlArray__trickle_1165 previously had a return address of 4 bytes on the stack, but now seems to have a return address of 0 bytes on the stack.
080513AD: warning: Procedure camlArray__trickleup_1178 previously had a return address of 0 bytes on the stack, but now seems to have a return address of 4 bytes on the stack.
0805134E: warning: Procedure camlArray__trickleup_1178 previously had a return address of 0 bytes on the stack, but now seems to have a return address of 4 bytes on the stack.
080528B8: warning: Procedure camlArray__of_list_1130 previously had a return address of 0 bytes on the stack, but now seems to have a return address of 4 bytes on the stack.
080520DB: warning: Procedure camlArray__fill_1087 previously had a return address of 0 bytes on the stack, but now seems to have a return address of 4 bytes on the stack.
08051EF0: warning: Procedure camlArray__sub_1081 previously had a return address of 0 bytes on the stack, but now seems to have a return address of 4 bytes on the stack.
08052010: warning: Procedure camlArray__sub_1081 previously had a return address of 0 bytes on the stack, but now seems to have a return address of 4 bytes on the stack.
08050806: warning: Procedure camlArray__find_init_1077 previously had a return address of 4 bytes on the stack, but now seems to have a return address of 0 bytes on the stack.
080530A8: warning: Procedure camlArray__stable_sort_1188 previously had a return address of 4 bytes on the stack, but now seems to have a return address of 0 bytes on the stack.
0804F09A: warning: Procedure camlPervasives__string_of_float_1140 previously had a return address of 4 bytes on the stack, but now seems to have a return address of 0 bytes on the stack.
0804FDC8: warning: Procedure camlPervasives__read_line_1288 previously had a return address of 4 bytes on the stack, but now seems to have a return address of 0 bytes on the stack.
0804FA65: warning: Procedure camlPervasives__input_1224 previously had a return address of 4 bytes on the stack, but now seems to have a return address of 0 bytes on the stack.
0804FA0C: warning: Procedure camlPervasives__open_in_bin_1220 previously had a return address of 4 bytes on the stack, but now seems to have a return address of 0 bytes on the stack.
0805882A: warning: Procedure camlBuffer__output_buffer_1094 previously had a return address of 4 bytes on the stack, but now seems to have a return address of 0 bytes on the stack.
0804F83C: warning: Procedure camlPervasives__open_out_bin_1181 previously had a return address of 4 bytes on the stack, but now seems to have a return address of 0 bytes on the stack.
0804F783: warning: Procedure camlPervasives__string_of_float_1140 previously had a return address of 4 bytes on the stack, but now seems to have a return address of 0 bytes on the stack.
0804F6E5: warning: Procedure camlPervasives__bool_of_string_1129 previously had a return address of 0 bytes on the stack, but now seems to have a return address of 4 bytes on the stack.
0804F6D5: warning: Procedure camlPervasives__bool_of_string_1129 previously had a return address of 0 bytes on the stack, but now seems to have a return address of 4 bytes on the stack.
0804F665: warning: Procedure camlPervasives__char_of_int_1120 previously had a return address of 4 bytes on the stack, but now seems to have a return address of 0 bytes on the stack.
0804E6C5: warning: Procedure camlUnix__entry previously had a return address of 0 bytes on the stack, but now seems to have a return address of 4 bytes on the stack.
0804E704: warning: Procedure fn0804E6CA previously had a return address of 4 bytes on the stack, but now seems to have a return address of 0 bytes on the stack.
0804E704: warning: Procedure fn0804E6CA previously had a return address of 4 bytes on the stack, but now seems to have a return address of 0 bytes on the stack.
0804E6EE: warning: Procedure fn0804E6CA previously had a return address of 4 bytes on the stack, but now seems to have a return address of 0 bytes on the stack.
0804D8C5: warning: Procedure camlUnix__open_proc_full_1975 previously had a return address of 0 bytes on the stack, but now seems to have a return address of 4 bytes on the stack.
0804D4D1: warning: Procedure camlUnix__open_proc_1949 previously had a return address of 0 bytes on the stack, but now seems to have a return address of 4 bytes on the stack.
0804CF8D: warning: Procedure fn0804CED0 previously had a return address of 0 bytes on the stack, but now seems to have a return address of 4 bytes on the stack.
0804CE13: warning: Procedure camlUnix__getnameinfo_1781 previously had a return address of 4 bytes on the stack, but now seems to have a return address of 0 bytes on the stack.
0804D014: warning: Procedure camlUnix__getnameinfo_1781 previously had a return address of 4 bytes on the stack, but now seems to have a return address of 0 bytes on the stack.
0804CAA6: warning: Procedure camlUnix__getaddrinfo_1751 previously had a return address of 4 bytes on the stack, but now seems to have a return address of 0 bytes on the stack.
0804CAF4: warning: Procedure camlUnix__getaddrinfo_1751 previously had a return address of 4 bytes on the stack, but now seems to have a return address of 0 bytes on the stack.
0804CB2D: warning: Procedure camlUnix__getaddrinfo_1751 previously had a return address of 4 bytes on the stack, but now seems to have a return address of 0 bytes on the stack.
0804CB49: warning: Procedure camlUnix__getaddrinfo_1751 previously had a return address of 4 bytes on the stack, but now seems to have a return address of 0 bytes on the stack.
0804CBD9: warning: Procedure camlUnix__getaddrinfo_1751 previously had a return address of 4 bytes on the stack, but now seems to have a return address of 0 bytes on the stack.
0804CD0C: warning: Procedure camlUnix__getaddrinfo_1751 previously had a return address of 4 bytes on the stack, but now seems to have a return address of 0 bytes on the stack.
0804C708: warning: Procedure camlUnix__sendto_1576 previously had a return address of 4 bytes on the stack, but now seems to have a return address of 0 bytes on the stack.
0804C6A5: warning: Procedure camlUnix__send_1570 previously had a return address of 4 bytes on the stack, but now seems to have a return address of 0 bytes on the stack.
0804C655: warning: Procedure camlUnix__recvfrom_1564 previously had a return address of 4 bytes on the stack, but now seems to have a return address of 0 bytes on the stack.
0804C605: warning: Procedure camlUnix__recv_1558 previously had a return address of 4 bytes on the stack, but now seems to have a return address of 0 bytes on the stack.
0804C445: warning: Procedure camlUnix__single_write_1247 previously had a return address of 4 bytes on the stack, but now seems to have a return address of 0 bytes on the stack.
0804C3F5: warning: Procedure camlUnix__write_1242 previously had a return address of 4 bytes on the stack, but now seems to have a return address of 0 bytes on the stack.
0804C3A5: warning: Procedure camlUnix__read_1237 previously had a return address of 4 bytes on the stack, but now seems to have a return address of 0 bytes on the stack.
0804A8E4: warning: Unable to resolve imported reference ceil.
0804A8C4: warning: Unable to resolve imported reference sigsuspend.
0804A8B4: warning: Unable to resolve imported reference fchmod.
0804A8A4: warning: Unable to resolve imported reference cfsetispeed.
0804A884: warning: Unable to resolve imported reference getservbyname.
0804A874: warning: Unable to resolve imported reference __sigsetjmp.
0804A854: warning: Unable to resolve imported reference getitimer.
0804A844: warning: Unable to resolve imported reference lseek64.
0804A824: warning: Unable to resolve imported reference recvfrom.
0804A814: warning: Unable to resolve imported reference tcsendbreak.
0804A804: warning: Unable to resolve imported reference getpeername.
0804A7F4: warning: Unable to resolve imported reference sin.
0804A7E4: warning: Unable to resolve imported reference kill.
0804A7D4: warning: Unable to resolve imported reference cosh.
0804A7C4: warning: Unable to resolve imported reference setgid.
0804A7B4: warning: Unable to resolve imported reference getsockopt.
0804A7A4: warning: Unable to resolve imported reference tan.
0804A774: warning: Unable to resolve imported reference getgroups.
0804A764: warning: Unable to resolve imported reference gmtime.
0804A754: warning: Unable to resolve imported reference getrlimit64.
0804A724: warning: Unable to resolve imported reference setsockopt.
0804A714: warning: Unable to resolve imported reference __fxstat64.
0804A704: warning: Unable to resolve imported reference fork.
0804A6F4: warning: Unable to resolve imported reference gethostbyname_r.
0804A6E4: warning: Unable to resolve imported reference log.
0804A6C4: warning: Unable to resolve imported reference send.
0804A694: warning: Unable to resolve imported reference cfgetospeed.
0804A624: warning: Unable to resolve imported reference rmdir.
0804A604: warning: Unable to resolve imported reference atan2.
0804A5F4: warning: Unable to resolve imported reference gethostname.
0804A5E4: warning: Unable to resolve imported reference chown.
0804A5B4: warning: Unable to resolve imported reference ftruncate64.
0804A5A4: warning: Unable to resolve imported reference execve.
0804A564: warning: Unable to resolve imported reference initgroups.
0804A554: warning: Unable to resolve imported reference frexp.
0804A544: warning: Unable to resolve imported reference rewinddir.
0804A504: warning: Unable to resolve imported reference select.
0804A4F4: warning: Unable to resolve imported reference sigpending.
0804A4E4: warning: Unable to resolve imported reference putenv.
0804A4B4: warning: Unable to resolve imported reference chdir.
0804A4A4: warning: Unable to resolve imported reference mkfifo.
0804A484: warning: Unable to resolve imported reference getegid.
0804A474: warning: Unable to resolve imported reference chroot.
0804A454: warning: Unable to resolve imported reference __h_errno_location.
0804A444: warning: Unable to resolve imported reference sigdelset.
0804A434: warning: Unable to resolve imported reference waitpid.
0804A414: warning: Unable to resolve imported reference getppid.
0804A404: warning: Unable to resolve imported reference nice.
0804A3D4: warning: Unable to resolve imported reference alarm.
0804A3C4: warning: Unable to resolve imported reference cos.
0804A384: warning: Unable to resolve imported reference cfsetospeed.
0804A364: warning: Unable to resolve imported reference acos.
0804A354: warning: Unable to resolve imported reference readdir64.
0804A324: warning: Unable to resolve imported reference setuid.
0804A314: warning: Unable to resolve imported reference tanh.
0804A304: warning: Unable to resolve imported reference umask.
0804A2C4: warning: Unable to resolve imported reference dup2.
0804A2A4: warning: Unable to resolve imported reference symlink.
0804A294: warning: Unable to resolve imported reference tcflush.
0804A274: warning: Unable to resolve imported reference gethostbyaddr_r.
0804A254: warning: Unable to resolve imported reference sqrt.
0804A224: warning: Unable to resolve imported reference truncate64.
0804A1F4: warning: Unable to resolve imported reference getprotobynumber.
0804A1E4: warning: Unable to resolve imported reference __fpclassify.
0804A1D4: warning: Unable to resolve imported reference atan.
0804A1C4: warning: Unable to resolve imported reference __lxstat64.
0804A174: warning: Unable to resolve imported reference expm1.
0804A154: warning: Unable to resolve imported reference getrusage.
0804A144: warning: Unable to resolve imported reference exp.
0804A134: warning: Unable to resolve imported reference sigaltstack.
0804A124: warning: Unable to resolve imported reference tcdrain.
0804A0F4: warning: Unable to resolve imported reference tcgetattr.
0804A0E4: warning: Unable to resolve imported reference modf.
0804A0D4: warning: Unable to resolve imported reference floor.
0804A0A4: warning: Unable to resolve imported reference getprotobyname.
0804A094: warning: Unable to resolve imported reference setsid.
0804A084: warning: Unable to resolve imported reference setitimer.
0804A064: warning: Unable to resolve imported reference getlogin.
0804A054: warning: Unable to resolve imported reference rename.
0804A034: warning: Unable to resolve imported reference listen.
0804A024: warning: Unable to resolve imported reference pow.
0804A014: warning: Unable to resolve imported reference sendto.
08049FF4: warning: Unable to resolve imported reference fchown.
08049FE4: warning: Unable to resolve imported reference system.
08049FB4: warning: Unable to resolve imported reference recv.
08049FA4: warning: Unable to resolve imported reference socketpair.
08049F74: warning: Unable to resolve imported reference cfgetispeed.
08049F54: warning: Unable to resolve imported reference __xstat64.
08049F44: warning: Unable to resolve imported reference __isoc99_sscanf.
08049F34: warning: Unable to resolve imported reference sinh.
08049F14: warning: Unable to resolve imported reference __gmon_start__.
08049EE4: warning: Unable to resolve imported reference shutdown.
08049ED4: warning: Unable to resolve imported reference asin.
08049EB4: warning: Unable to resolve imported reference log1p.
08049E54: warning: Unable to resolve imported reference setgroups.
08049E34: warning: Unable to resolve imported reference tcflow.
08049DE4: warning: Unable to resolve imported reference fmod.
08049DC4: warning: Unable to resolve imported reference ldexp.
error: An error occurred during decompilation. System.NotImplementedException: Offsets not matching? SP(0)
  at Reko.Analysis.CallApplicationBuilder.VisitFpuStackStorage (Reko.Core.FpuStackStorage fpu) [0x00099] in <412f049f2cb248eca19ae8eb793a6a5b>:0 
  at Reko.Core.FpuStackStorage.Accept[T] (Reko.Core.StorageVisitor`1[T] visitor) [0x00001] in <b9cfb1f835ef496fb9812173153e1b7d>:0 
  at Reko.Analysis.CallApplicationBuilder.With (System.Collections.Generic.Dictionary`2[TKey,TValue] map, Reko.Core.Storage stg) [0x00007] in <412f049f2cb248eca19ae8eb793a6a5b>:0 
  at Reko.Analysis.CallApplicationBuilder.WithUses (Reko.Core.Storage stg) [0x00007] in <412f049f2cb248eca19ae8eb793a6a5b>:0 
  at Reko.Analysis.CallApplicationBuilder.Bind (Reko.Core.Expressions.Identifier id) [0x00007] in <412f049f2cb248eca19ae8eb793a6a5b>:0 
  at Reko.Core.ApplicationBuilder.BindArguments (Reko.Core.Expressions.Identifier[] parameters, System.Boolean isVariadic, Reko.Core.Serialization.ProcedureCharacteristics chr) [0x00039] in <b9cfb1f835ef496fb9812173153e1b7d>:0 
  at Reko.Core.ApplicationBuilder.CreateInstruction (Reko.Core.Types.FunctionType sigCallee, Reko.Core.Serialization.ProcedureCharacteristics chr) [0x00069] in <b9cfb1f835ef496fb9812173153e1b7d>:0 
  at Reko.Analysis.CallRewriter.RewriteCall (Reko.Analysis.SsaState ssaCaller, Reko.Core.Statement stm, Reko.Core.Code.CallInstruction call) [0x0004d] in <412f049f2cb248eca19ae8eb793a6a5b>:0 
  at Reko.Analysis.CallRewriter.RewriteCalls (Reko.Analysis.SsaState ssaCaller) [0x00031] in <412f049f2cb248eca19ae8eb793a6a5b>:0 
  at Reko.Analysis.CallRewriter.Rewrite (Reko.Core.IPlatform platform, System.Collections.Generic.List`1[T] ssts, Reko.Analysis.ProgramDataFlow summaries, Reko.Core.Services.DecompilerEventListener eventListener) [0x00092] in <412f049f2cb248eca19ae8eb793a6a5b>:0 
  at Reko.Analysis.DataFlowAnalysis.UntangleProcedures () [0x00103] in <412f049f2cb248eca19ae8eb793a6a5b>:0 
  at Reko.Decompiler.AnalyzeDataFlow () [0x00094] in <412f049f2cb248eca19ae8eb793a6a5b>:0 
  at Reko.CmdLine.CmdLineDriver.Decompile (System.Collections.Generic.Dictionary`2[TKey,TValue] pArgs) [0x00232] in <46a9a108998349f9975ff5dd656c4cb0>:0 
