
Database SUBJECTS/from_holdec/int_math_with_constants/x64_elf_gcc_O1/subject.exe.i64 already exists.
Do you want to overwrite it? -> ~L~oad existing
IDA has found an unpacked version of database: SUBJECTS/from_holdec/int_math_with_constants/x64_elf_gcc_O1/subject.exe.i64
on the disk.
It appears IDA did not close properly;
it is probably safer to restart your work from the packed database -> ~R~estore packed base

  bytes   pages size description
--------- ----- ---- --------------------------------------------
  6381568   779 8192 allocating memory for b-tree...
  4587520   560 8192 allocating memory for virtual array...
   262144    32 8192 allocating memory for name pointers...
-----------------------------------------------------------------
 11231232            total memory allocated

Loading processor module IDADIR/procs/pc64.so for metapc...Initializing processor module metapc...OK
Loading type libraries...
Autoanalysis subsystem has been initialized.
Database for file 'subject.exe' has been loaded.
Hex-Rays Decompiler plugin has been loaded (v7.6.0.210427)
  The hotkeys are F5: decompile, Ctrl-F5: decompile all.

  Please check the Edit/Plugins menu for more informaton.
=== start of cleanup script -> OK
  function at 00400390  LIB  with name '.init_proc'
  function at 004003B0  LIB  with name '_start'
  function at 004003E0  LIB  with name 'deregister_tm_clones'
  function at 00400420  LIB  with name 'register_tm_clones'
  function at 00400460  LIB  with name '__do_global_dtors_aux'
  function at 00400480  LIB  with name 'frame_dummy'
  function at 004004A6       with name 'signed_char_add'
  function at 0040449B       with name 'signed_char_mult'
  function at 0040961C       with name 'signed_char_div'
  function at 0041141C       with name 'signed_char_modulo'
  function at 0041BAE1       with name 'unsigned_char_add'
  function at 0041FAD6       with name 'unsigned_char_mult'
  function at 00424C57       with name 'unsigned_char_div'
  function at 00428F59       with name 'unsigned_char_modulo'
  function at 0042F4DC       with name 'signed_short_add'
  function at 00433C5E       with name 'signed_short_mult'
  function at 004386F1       with name 'signed_short_div'
  function at 00440E87       with name 'signed_short_modulo'
  function at 0044C251       with name 'unsigned_short_add'
  function at 004509D3       with name 'unsigned_short_mult'
  function at 00455466       with name 'unsigned_short_div'
  function at 0045BF1F       with name 'unsigned_short_modulo'
  function at 00465A15       with name 'signed_int_add'
  function at 00469D16       with name 'signed_int_mult'
  function at 0046DC67       with name 'signed_int_div'
  function at 0047538E       with name 'signed_int_modulo'
  function at 0047F322       with name 'unsigned_int_add'
  function at 00483623       with name 'unsigned_int_mult'
  function at 00487574       with name 'unsigned_int_div'
  function at 0048D591       with name 'unsigned_int_modulo'
  function at 00495D40       with name 'signed_long_int_add'
  function at 0049AC41       with name 'signed_long_int_mult'
  function at 0049FB37       with name 'signed_long_int_div'
  function at 004AA00B       with name 'signed_long_int_modulo'
  function at 004B7D15       with name 'unsigned_long_int_add'
  function at 004BCC16       with name 'unsigned_long_int_mult'
  function at 004C1B0C       with name 'unsigned_long_int_div'
  function at 004CA251       with name 'unsigned_long_int_modulo'
  function at 004D6234       with name 'signed_long_long_add'
  function at 004DB135       with name 'signed_long_long_mult'
  function at 004E002B       with name 'signed_long_long_div'
  function at 004EA4FF       with name 'signed_long_long_modulo'
  function at 004F8209       with name 'unsigned_long_long_add'
  function at 004FD10A       with name 'unsigned_long_long_mult'
  function at 00502000       with name 'unsigned_long_long_div'
  function at 0050A745       with name 'unsigned_long_long_modulo'
  function at 00516728       with name 'main'
  function at 005168C0  LIB  with name '__libc_csu_init'
  function at 00516930  LIB  with name '__libc_csu_fini'
  function at 00516934  LIB  with name '.term_proc'
  function at 0072F048  LIB  with name '__libc_start_main'
  function at 0072F050       with name '__gmon_start__'
finished -> OK
TIMESTAMP decompiling 4004A6 size=0000000000003FF5 times=0...
TIMESTAMP decompiling 40449B size=0000000000005181 times=0...
TIMESTAMP decompiling 40961C size=0000000000007E00 times=0...
TIMESTAMP decompiling 41141C size=000000000000A6C5 times=0...
TIMESTAMP decompiling 41BAE1 size=0000000000003FF5 times=0...
TIMESTAMP decompiling 41FAD6 size=0000000000005181 times=0...
TIMESTAMP decompiling 424C57 size=0000000000004302 times=0...
TIMESTAMP decompiling 428F59 size=0000000000006583 times=0...
TIMESTAMP decompiling 42F4DC size=0000000000004782 times=0...
TIMESTAMP decompiling 433C5E size=0000000000004A93 times=0...
TIMESTAMP decompiling 4386F1 size=0000000000008796 times=0...
TIMESTAMP decompiling 440E87 size=000000000000B3CA times=0...
TIMESTAMP decompiling 44C251 size=0000000000004782 times=0...
TIMESTAMP decompiling 4509D3 size=0000000000004A93 times=0...
TIMESTAMP decompiling 455466 size=0000000000006AB9 times=0...
TIMESTAMP decompiling 45BF1F size=0000000000009AF6 times=0...
TIMESTAMP decompiling 465A15 size=0000000000004301 times=0...
TIMESTAMP decompiling 469D16 size=0000000000003F51 times=0...
TIMESTAMP decompiling 46DC67 size=0000000000007727 times=0...
TIMESTAMP decompiling 47538E size=0000000000009F94 times=0...
TIMESTAMP decompiling 47F322 size=0000000000004301 times=0...
TIMESTAMP decompiling 483623 size=0000000000003F51 times=0...
TIMESTAMP decompiling 487574 size=000000000000601D times=0...
TIMESTAMP decompiling 48D591 size=00000000000087AF times=0...
TIMESTAMP decompiling 495D40 size=0000000000004F01 times=0...
TIMESTAMP decompiling 49AC41 size=0000000000004EF6 times=0...
TIMESTAMP decompiling 49FB37 size=000000000000A4D4 times=0...
TIMESTAMP decompiling 4AA00B size=000000000000DD0A times=0...
TIMESTAMP decompiling 4B7D15 size=0000000000004F01 times=0...
TIMESTAMP decompiling 4BCC16 size=0000000000004EF6 times=0...
TIMESTAMP decompiling 4C1B0C size=0000000000008745 times=0...
TIMESTAMP decompiling 4CA251 size=000000000000BFE3 times=0...
TIMESTAMP decompiling 4D6234 size=0000000000004F01 times=0...
TIMESTAMP decompiling 4DB135 size=0000000000004EF6 times=0...
TIMESTAMP decompiling 4E002B size=000000000000A4D4 times=0...
TIMESTAMP decompiling 4EA4FF size=000000000000DD0A times=0...
TIMESTAMP decompiling 4F8209 size=0000000000004F01 times=0...
TIMESTAMP decompiling 4FD10A size=0000000000004EF6 times=0...
