Using options:
00000000C0830031: error: The address 00000000C0830031 is invalid.
00000000004003A0: warning: Unable to resolve imported reference __gmon_start__.
000000000040048B: warning: Procedure frame_dummy previously had a return address of 8 bytes on the stack, but now seems to have a return address of 0 bytes on the stack.
00000000004004A1: warning: Procedure frame_dummy previously had a return address of 8 bytes on the stack, but now seems to have a return address of 0 bytes on the stack.
000000000048D8DA: error: An error occurred while processing the statement Mem408[0x00000000007260AC + 0x0000000000000000:word32] = (word32) (uint64) (ebp_395 - (word32) ((uint64) (SLICE((word32) ((uint64) ((word32) ((uint64) ((word32) ((uint64) ebp_395) >>u 0x00000002)))) *u 0x24924925, word32, 32) *s 0x0000001C))).
    Object reference not set to an instance of an object
      at Reko.Typing.ExpressionTypeDescender.VisitBinaryExpression (Reko.Core.Expressions.BinaryExpression binExp, Reko.Core.Types.TypeVariable tv) <0x41a78830 + 0x003b1> in <filename unknown>:0 
  at Reko.Core.Expressions.BinaryExpression.Accept[T,C] (ExpressionVisitor`2 v, Reko.Core.Expressions.C context) <0x41a78780 + 0x00031> in <filename unknown>:0 
  at Reko.Typing.ExpressionTypeDescender.VisitCast (Reko.Core.Expressions.Cast cast, Reko.Core.Types.TypeVariable tv) <0x41a7d4f0 + 0x00057> in <filename unknown>:0 
  at Reko.Core.Expressions.Cast.Accept[T,C] (ExpressionVisitor`2 v, Reko.Core.Expressions.C context) <0x41a7d4a0 + 0x00031> in <filename unknown>:0 
  at Reko.Typing.ExpressionTypeDescender.VisitCast (Reko.Core.Expressions.Cast cast, Reko.Core.Types.TypeVariable tv) <0x41a7d4f0 + 0x00057> in <filename unknown>:0 
  at Reko.Core.Expressions.Cast.Accept[T,C] (ExpressionVisitor`2 v, Reko.Core.Expressions.C context) <0x41a7d4a0 + 0x00031> in <filename unknown>:0 
  at Reko.Typing.ExpressionTypeDescender.VisitBinaryExpression (Reko.Core.Expressions.BinaryExpression binExp, Reko.Core.Types.TypeVariable tv) <0x41a78830 + 0x00c3d> in <filename unknown>:0 
  at Reko.Core.Expressions.BinaryExpression.Accept[T,C] (ExpressionVisitor`2 v, Reko.Core.Expressions.C context) <0x41a78780 + 0x00031> in <filename unknown>:0 
  at Reko.Typing.ExpressionTypeDescender.VisitCast (Reko.Core.Expressions.Cast cast, Reko.Core.Types.TypeVariable tv) <0x41a7d4f0 + 0x00057> in <filename unknown>:0 
  at Reko.Core.Expressions.Cast.Accept[T,C] (ExpressionVisitor`2 v, Reko.Core.Expressions.C context) <0x41a7d4a0 + 0x00031> in <filename unknown>:0 
  at Reko.Typing.ExpressionTypeDescender.VisitCast (Reko.Core.Expressions.Cast cast, Reko.Core.Types.TypeVariable tv) <0x41a7d4f0 + 0x00057> in <filename unknown>:0 
  at Reko.Core.Expressions.Cast.Accept[T,C] (ExpressionVisitor`2 v, Reko.Core.Expressions.C context) <0x41a7d4a0 + 0x00031> in <filename unknown>:0 
  at Reko.Typing.TypeCollector.VisitStore (Reko.Core.Code.Store store) <0x41a7d2c0 + 0x0007c> in <filename unknown>:0 
  at Reko.Core.Code.Store.Accept (InstructionVisitor v) <0x41a1fe30 + 0x0002a> in <filename unknown>:0 
  at Reko.Typing.TypeCollector.CollectTypes () <0x41a75b50 + 0x00289> in <filename unknown>:0 
000000000048DC3E: error: An error occurred while processing the statement Mem864[0x000000000072611C + 0x0000000000000000:word32] = (word32) (uint64) (ebx_851 - (word32) ((uint64) (SLICE((word32) ((uint64) ((word32) ((uint64) ((word32) ((uint64) ebx_851) >>u 0x00000003)))) *u 0x24924925, word32, 32) *s 0x00000038))).
    Object reference not set to an instance of an object
      at Reko.Typing.ExpressionTypeDescender.VisitBinaryExpression (Reko.Core.Expressions.BinaryExpression binExp, Reko.Core.Types.TypeVariable tv) <0x41a78830 + 0x003b1> in <filename unknown>:0 
  at Reko.Core.Expressions.BinaryExpression.Accept[T,C] (ExpressionVisitor`2 v, Reko.Core.Expressions.C context) <0x41a78780 + 0x00031> in <filename unknown>:0 
  at Reko.Typing.ExpressionTypeDescender.VisitCast (Reko.Core.Expressions.Cast cast, Reko.Core.Types.TypeVariable tv) <0x41a7d4f0 + 0x00057> in <filename unknown>:0 
  at Reko.Core.Expressions.Cast.Accept[T,C] (ExpressionVisitor`2 v, Reko.Core.Expressions.C context) <0x41a7d4a0 + 0x00031> in <filename unknown>:0 
  at Reko.Typing.ExpressionTypeDescender.VisitCast (Reko.Core.Expressions.Cast cast, Reko.Core.Types.TypeVariable tv) <0x41a7d4f0 + 0x00057> in <filename unknown>:0 
  at Reko.Core.Expressions.Cast.Accept[T,C] (ExpressionVisitor`2 v, Reko.Core.Expressions.C context) <0x41a7d4a0 + 0x00031> in <filename unknown>:0 
  at Reko.Typing.ExpressionTypeDescender.VisitBinaryExpression (Reko.Core.Expressions.BinaryExpression binExp, Reko.Core.Types.TypeVariable tv) <0x41a78830 + 0x00c3d> in <filename unknown>:0 
  at Reko.Core.Expressions.BinaryExpression.Accept[T,C] (ExpressionVisitor`2 v, Reko.Core.Expressions.C context) <0x41a78780 + 0x00031> in <filename unknown>:0 
  at Reko.Typing.ExpressionTypeDescender.VisitCast (Reko.Core.Expressions.Cast cast, Reko.Core.Types.TypeVariable tv) <0x41a7d4f0 + 0x00057> in <filename unknown>:0 
  at Reko.Core.Expressions.Cast.Accept[T,C] (ExpressionVisitor`2 v, Reko.Core.Expressions.C context) <0x41a7d4a0 + 0x00031> in <filename unknown>:0 
  at Reko.Typing.ExpressionTypeDescender.VisitCast (Reko.Core.Expressions.Cast cast, Reko.Core.Types.TypeVariable tv) <0x41a7d4f0 + 0x00057> in <filename unknown>:0 
  at Reko.Core.Expressions.Cast.Accept[T,C] (ExpressionVisitor`2 v, Reko.Core.Expressions.C context) <0x41a7d4a0 + 0x00031> in <filename unknown>:0 
  at Reko.Typing.TypeCollector.VisitStore (Reko.Core.Code.Store store) <0x41a7d2c0 + 0x0007c> in <filename unknown>:0 
  at Reko.Core.Code.Store.Accept (InstructionVisitor v) <0x41a1fe30 + 0x0002a> in <filename unknown>:0 
  at Reko.Typing.TypeCollector.CollectTypes () <0x41a75b50 + 0x00289> in <filename unknown>:0 
000000000048E36A: error: An error occurred while processing the statement Mem1822[0x00000000007261FC + 0x0000000000000000:word32] = (word32) (uint64) (esi_1807 - (word32) ((uint64) (SLICE((word32) ((uint64) ((word32) ((uint64) ((word32) ((uint64) esi_1807) >>u 0x00000004)))) *u 0x24924926, word32, 32) *s 0x00000070))).
    Object reference not set to an instance of an object
      at Reko.Typing.ExpressionTypeDescender.VisitBinaryExpression (Reko.Core.Expressions.BinaryExpression binExp, Reko.Core.Types.TypeVariable tv) <0x41a78830 + 0x003b1> in <filename unknown>:0 
  at Reko.Core.Expressions.BinaryExpression.Accept[T,C] (ExpressionVisitor`2 v, Reko.Core.Expressions.C context) <0x41a78780 + 0x00031> in <filename unknown>:0 
  at Reko.Typing.ExpressionTypeDescender.VisitCast (Reko.Core.Expressions.Cast cast, Reko.Core.Types.TypeVariable tv) <0x41a7d4f0 + 0x00057> in <filename unknown>:0 
  at Reko.Core.Expressions.Cast.Accept[T,C] (ExpressionVisitor`2 v, Reko.Core.Expressions.C context) <0x41a7d4a0 + 0x00031> in <filename unknown>:0 
  at Reko.Typing.ExpressionTypeDescender.VisitCast (Reko.Core.Expressions.Cast cast, Reko.Core.Types.TypeVariable tv) <0x41a7d4f0 + 0x00057> in <filename unknown>:0 
  at Reko.Core.Expressions.Cast.Accept[T,C] (ExpressionVisitor`2 v, Reko.Core.Expressions.C context) <0x41a7d4a0 + 0x00031> in <filename unknown>:0 
  at Reko.Typing.ExpressionTypeDescender.VisitBinaryExpression (Reko.Core.Expressions.BinaryExpression binExp, Reko.Core.Types.TypeVariable tv) <0x41a78830 + 0x00c3d> in <filename unknown>:0 
  at Reko.Core.Expressions.BinaryExpression.Accept[T,C] (ExpressionVisitor`2 v, Reko.Core.Expressions.C context) <0x41a78780 + 0x00031> in <filename unknown>:0 
  at Reko.Typing.ExpressionTypeDescender.VisitCast (Reko.Core.Expressions.Cast cast, Reko.Core.Types.TypeVariable tv) <0x41a7d4f0 + 0x00057> in <filename unknown>:0 
  at Reko.Core.Expressions.Cast.Accept[T,C] (ExpressionVisitor`2 v, Reko.Core.Expressions.C context) <0x41a7d4a0 + 0x00031> in <filename unknown>:0 
  at Reko.Typing.ExpressionTypeDescender.VisitCast (Reko.Core.Expressions.Cast cast, Reko.Core.Types.TypeVariable tv) <0x41a7d4f0 + 0x00057> in <filename unknown>:0 
  at Reko.Core.Expressions.Cast.Accept[T,C] (ExpressionVisitor`2 v, Reko.Core.Expressions.C context) <0x41a7d4a0 + 0x00031> in <filename unknown>:0 
  at Reko.Typing.TypeCollector.VisitStore (Reko.Core.Code.Store store) <0x41a7d2c0 + 0x0007c> in <filename unknown>:0 
  at Reko.Core.Code.Store.Accept (InstructionVisitor v) <0x41a1fe30 + 0x0002a> in <filename unknown>:0 
  at Reko.Typing.TypeCollector.CollectTypes () <0x41a75b50 + 0x00289> in <filename unknown>:0 
000000000048F100: error: An error occurred while processing the statement Mem3566[0x000000000072639C + 0x0000000000000000:word32] = (word32) (uint64) (ecx_3551 - (word32) ((uint64) (SLICE((word32) ((uint64) ((word32) ((uint64) ((word32) ((uint64) ecx_3551) >>u 0x00000003)))) *u 0x097B425F, word32, 32) *s 0x000000D8))).
    Object reference not set to an instance of an object
      at Reko.Typing.ExpressionTypeDescender.VisitBinaryExpression (Reko.Core.Expressions.BinaryExpression binExp, Reko.Core.Types.TypeVariable tv) <0x41a78830 + 0x003b1> in <filename unknown>:0 
  at Reko.Core.Expressions.BinaryExpression.Accept[T,C] (ExpressionVisitor`2 v, Reko.Core.Expressions.C context) <0x41a78780 + 0x00031> in <filename unknown>:0 
  at Reko.Typing.ExpressionTypeDescender.VisitCast (Reko.Core.Expressions.Cast cast, Reko.Core.Types.TypeVariable tv) <0x41a7d4f0 + 0x00057> in <filename unknown>:0 
  at Reko.Core.Expressions.Cast.Accept[T,C] (ExpressionVisitor`2 v, Reko.Core.Expressions.C context) <0x41a7d4a0 + 0x00031> in <filename unknown>:0 
  at Reko.Typing.ExpressionTypeDescender.VisitCast (Reko.Core.Expressions.Cast cast, Reko.Core.Types.TypeVariable tv) <0x41a7d4f0 + 0x00057> in <filename unknown>:0 
  at Reko.Core.Expressions.Cast.Accept[T,C] (ExpressionVisitor`2 v, Reko.Core.Expressions.C context) <0x41a7d4a0 + 0x00031> in <filename unknown>:0 
  at Reko.Typing.ExpressionTypeDescender.VisitBinaryExpression (Reko.Core.Expressions.BinaryExpression binExp, Reko.Core.Types.TypeVariable tv) <0x41a78830 + 0x00c3d> in <filename unknown>:0 
  at Reko.Core.Expressions.BinaryExpression.Accept[T,C] (ExpressionVisitor`2 v, Reko.Core.Expressions.C context) <0x41a78780 + 0x00031> in <filename unknown>:0 
  at Reko.Typing.ExpressionTypeDescender.VisitCast (Reko.Core.Expressions.Cast cast, Reko.Core.Types.TypeVariable tv) <0x41a7d4f0 + 0x00057> in <filename unknown>:0 
  at Reko.Core.Expressions.Cast.Accept[T,C] (ExpressionVisitor`2 v, Reko.Core.Expressions.C context) <0x41a7d4a0 + 0x00031> in <filename unknown>:0 
  at Reko.Typing.ExpressionTypeDescender.VisitCast (Reko.Core.Expressions.Cast cast, Reko.Core.Types.TypeVariable tv) <0x41a7d4f0 + 0x00057> in <filename unknown>:0 
  at Reko.Core.Expressions.Cast.Accept[T,C] (ExpressionVisitor`2 v, Reko.Core.Expressions.C context) <0x41a7d4a0 + 0x00031> in <filename unknown>:0 
  at Reko.Typing.TypeCollector.VisitStore (Reko.Core.Code.Store store) <0x41a7d2c0 + 0x0007c> in <filename unknown>:0 
  at Reko.Core.Code.Store.Accept (InstructionVisitor v) <0x41a1fe30 + 0x0002a> in <filename unknown>:0 
  at Reko.Typing.TypeCollector.CollectTypes () <0x41a75b50 + 0x00289> in <filename unknown>:0 
000000000048F22E: error: An error occurred while processing the statement Mem3732[0x00000000007263BC + 0x0000000000000000:word32] = (word32) (uint64) (ecx_3717 - (word32) ((uint64) (SLICE((word32) ((uint64) ((word32) ((uint64) ((word32) ((uint64) ecx_3717) >>u 0x00000005)))) *u 0x24924929, word32, 32) *s 0x000000E0))).
    Object reference not set to an instance of an object
      at Reko.Typing.ExpressionTypeDescender.VisitBinaryExpression (Reko.Core.Expressions.BinaryExpression binExp, Reko.Core.Types.TypeVariable tv) <0x41a78830 + 0x003b1> in <filename unknown>:0 
  at Reko.Core.Expressions.BinaryExpression.Accept[T,C] (ExpressionVisitor`2 v, Reko.Core.Expressions.C context) <0x41a78780 + 0x00031> in <filename unknown>:0 
  at Reko.Typing.ExpressionTypeDescender.VisitCast (Reko.Core.Expressions.Cast cast, Reko.Core.Types.TypeVariable tv) <0x41a7d4f0 + 0x00057> in <filename unknown>:0 
  at Reko.Core.Expressions.Cast.Accept[T,C] (ExpressionVisitor`2 v, Reko.Core.Expressions.C context) <0x41a7d4a0 + 0x00031> in <filename unknown>:0 
  at Reko.Typing.ExpressionTypeDescender.VisitCast (Reko.Core.Expressions.Cast cast, Reko.Core.Types.TypeVariable tv) <0x41a7d4f0 + 0x00057> in <filename unknown>:0 
  at Reko.Core.Expressions.Cast.Accept[T,C] (ExpressionVisitor`2 v, Reko.Core.Expressions.C context) <0x41a7d4a0 + 0x00031> in <filename unknown>:0 
  at Reko.Typing.ExpressionTypeDescender.VisitBinaryExpression (Reko.Core.Expressions.BinaryExpression binExp, Reko.Core.Types.TypeVariable tv) <0x41a78830 + 0x00c3d> in <filename unknown>:0 
  at Reko.Core.Expressions.BinaryExpression.Accept[T,C] (ExpressionVisitor`2 v, Reko.Core.Expressions.C context) <0x41a78780 + 0x00031> in <filename unknown>:0 
  at Reko.Typing.ExpressionTypeDescender.VisitCast (Reko.Core.Expressions.Cast cast, Reko.Core.Types.TypeVariable tv) <0x41a7d4f0 + 0x00057> in <filename unknown>:0 
  at Reko.Core.Expressions.Cast.Accept[T,C] (ExpressionVisitor`2 v, Reko.Core.Expressions.C context) <0x41a7d4a0 + 0x00031> in <filename unknown>:0 
  at Reko.Typing.ExpressionTypeDescender.VisitCast (Reko.Core.Expressions.Cast cast, Reko.Core.Types.TypeVariable tv) <0x41a7d4f0 + 0x00057> in <filename unknown>:0 
  at Reko.Core.Expressions.Cast.Accept[T,C] (ExpressionVisitor`2 v, Reko.Core.Expressions.C context) <0x41a7d4a0 + 0x00031> in <filename unknown>:0 
  at Reko.Typing.TypeCollector.VisitStore (Reko.Core.Code.Store store) <0x41a7d2c0 + 0x0007c> in <filename unknown>:0 
  at Reko.Core.Code.Store.Accept (InstructionVisitor v) <0x41a1fe30 + 0x0002a> in <filename unknown>:0 
  at Reko.Typing.TypeCollector.CollectTypes () <0x41a75b50 + 0x00289> in <filename unknown>:0 
000000000048FCB2: error: An error occurred while processing the statement Mem5051[0x00000000007264FC + 0x0000000000000000:word32] = (word32) (uint64) (ecx_5036 - (word32) ((uint64) (SLICE((word32) ((uint64) ((word32) ((uint64) ((word32) ((uint64) ecx_5036) >>u 0x00000004)))) *u 0x0D79435F, word32, 32) *s 0x00000130))).
    Object reference not set to an instance of an object
      at Reko.Typing.ExpressionTypeDescender.VisitBinaryExpression (Reko.Core.Expressions.BinaryExpression binExp, Reko.Core.Types.TypeVariable tv) <0x41a78830 + 0x003b1> in <filename unknown>:0 
  at Reko.Core.Expressions.BinaryExpression.Accept[T,C] (ExpressionVisitor`2 v, Reko.Core.Expressions.C context) <0x41a78780 + 0x00031> in <filename unknown>:0 
  at Reko.Typing.ExpressionTypeDescender.VisitCast (Reko.Core.Expressions.Cast cast, Reko.Core.Types.TypeVariable tv) <0x41a7d4f0 + 0x00057> in <filename unknown>:0 
  at Reko.Core.Expressions.Cast.Accept[T,C] (ExpressionVisitor`2 v, Reko.Core.Expressions.C context) <0x41a7d4a0 + 0x00031> in <filename unknown>:0 
  at Reko.Typing.ExpressionTypeDescender.VisitCast (Reko.Core.Expressions.Cast cast, Reko.Core.Types.TypeVariable tv) <0x41a7d4f0 + 0x00057> in <filename unknown>:0 
  at Reko.Core.Expressions.Cast.Accept[T,C] (ExpressionVisitor`2 v, Reko.Core.Expressions.C context) <0x41a7d4a0 + 0x00031> in <filename unknown>:0 
  at Reko.Typing.ExpressionTypeDescender.VisitBinaryExpression (Reko.Core.Expressions.BinaryExpression binExp, Reko.Core.Types.TypeVariable tv) <0x41a78830 + 0x00c3d> in <filename unknown>:0 
  at Reko.Core.Expressions.BinaryExpression.Accept[T,C] (ExpressionVisitor`2 v, Reko.Core.Expressions.C context) <0x41a78780 + 0x00031> in <filename unknown>:0 
  at Reko.Typing.ExpressionTypeDescender.VisitCast (Reko.Core.Expressions.Cast cast, Reko.Core.Types.TypeVariable tv) <0x41a7d4f0 + 0x00057> in <filename unknown>:0 
  at Reko.Core.Expressions.Cast.Accept[T,C] (ExpressionVisitor`2 v, Reko.Core.Expressions.C context) <0x41a7d4a0 + 0x00031> in <filename unknown>:0 
  at Reko.Typing.ExpressionTypeDescender.VisitCast (Reko.Core.Expressions.Cast cast, Reko.Core.Types.TypeVariable tv) <0x41a7d4f0 + 0x00057> in <filename unknown>:0 
  at Reko.Core.Expressions.Cast.Accept[T,C] (ExpressionVisitor`2 v, Reko.Core.Expressions.C context) <0x41a7d4a0 + 0x00031> in <filename unknown>:0 
  at Reko.Typing.TypeCollector.VisitStore (Reko.Core.Code.Store store) <0x41a7d2c0 + 0x0007c> in <filename unknown>:0 
  at Reko.Core.Code.Store.Accept (InstructionVisitor v) <0x41a1fe30 + 0x0002a> in <filename unknown>:0 
  at Reko.Typing.TypeCollector.CollectTypes () <0x41a75b50 + 0x00289> in <filename unknown>:0 
0000000000490E09: error: An error occurred while processing the statement Mem7298[0x00000000007266FC + 0x0000000000000000:word32] = (word32) (uint64) (ecx_7283 - (word32) ((uint64) (SLICE((word32) ((uint64) ((word32) ((uint64) ((word32) ((uint64) ecx_7283) >>u 0x00000004)))) *u 0x097B425F, word32, 32) *s 0x000001B0))).
    Object reference not set to an instance of an object
      at Reko.Typing.ExpressionTypeDescender.VisitBinaryExpression (Reko.Core.Expressions.BinaryExpression binExp, Reko.Core.Types.TypeVariable tv) <0x41a78830 + 0x003b1> in <filename unknown>:0 
  at Reko.Core.Expressions.BinaryExpression.Accept[T,C] (ExpressionVisitor`2 v, Reko.Core.Expressions.C context) <0x41a78780 + 0x00031> in <filename unknown>:0 
  at Reko.Typing.ExpressionTypeDescender.VisitCast (Reko.Core.Expressions.Cast cast, Reko.Core.Types.TypeVariable tv) <0x41a7d4f0 + 0x00057> in <filename unknown>:0 
  at Reko.Core.Expressions.Cast.Accept[T,C] (ExpressionVisitor`2 v, Reko.Core.Expressions.C context) <0x41a7d4a0 + 0x00031> in <filename unknown>:0 
  at Reko.Typing.ExpressionTypeDescender.VisitCast (Reko.Core.Expressions.Cast cast, Reko.Core.Types.TypeVariable tv) <0x41a7d4f0 + 0x00057> in <filename unknown>:0 
  at Reko.Core.Expressions.Cast.Accept[T,C] (ExpressionVisitor`2 v, Reko.Core.Expressions.C context) <0x41a7d4a0 + 0x00031> in <filename unknown>:0 
  at Reko.Typing.ExpressionTypeDescender.VisitBinaryExpression (Reko.Core.Expressions.BinaryExpression binExp, Reko.Core.Types.TypeVariable tv) <0x41a78830 + 0x00c3d> in <filename unknown>:0 
  at Reko.Core.Expressions.BinaryExpression.Accept[T,C] (ExpressionVisitor`2 v, Reko.Core.Expressions.C context) <0x41a78780 + 0x00031> in <filename unknown>:0 
  at Reko.Typing.ExpressionTypeDescender.VisitCast (Reko.Core.Expressions.Cast cast, Reko.Core.Types.TypeVariable tv) <0x41a7d4f0 + 0x00057> in <filename unknown>:0 
  at Reko.Core.Expressions.Cast.Accept[T,C] (ExpressionVisitor`2 v, Reko.Core.Expressions.C context) <0x41a7d4a0 + 0x00031> in <filename unknown>:0 
  at Reko.Typing.ExpressionTypeDescender.VisitCast (Reko.Core.Expressions.Cast cast, Reko.Core.Types.TypeVariable tv) <0x41a7d4f0 + 0x00057> in <filename unknown>:0 
  at Reko.Core.Expressions.Cast.Accept[T,C] (ExpressionVisitor`2 v, Reko.Core.Expressions.C context) <0x41a7d4a0 + 0x00031> in <filename unknown>:0 
  at Reko.Typing.TypeCollector.VisitStore (Reko.Core.Code.Store store) <0x41a7d2c0 + 0x0007c> in <filename unknown>:0 
  at Reko.Core.Code.Store.Accept (InstructionVisitor v) <0x41a1fe30 + 0x0002a> in <filename unknown>:0 
  at Reko.Typing.TypeCollector.CollectTypes () <0x41a75b50 + 0x00289> in <filename unknown>:0 
0000000000491031: error: An error occurred while processing the statement Mem7576[0x000000000072673C + 0x0000000000000000:word32] = (word32) (uint64) (ecx_7561 - (word32) ((uint64) (SLICE((word32) ((uint64) ((word32) ((uint64) ((word32) ((uint64) ecx_7561) >>u 0x00000006)))) *u 0x2492492D, word32, 32) *s 0x000001C0))).
    Object reference not set to an instance of an object
      at Reko.Typing.ExpressionTypeDescender.VisitBinaryExpression (Reko.Core.Expressions.BinaryExpression binExp, Reko.Core.Types.TypeVariable tv) <0x41a78830 + 0x003b1> in <filename unknown>:0 
  at Reko.Core.Expressions.BinaryExpression.Accept[T,C] (ExpressionVisitor`2 v, Reko.Core.Expressions.C context) <0x41a78780 + 0x00031> in <filename unknown>:0 
  at Reko.Typing.ExpressionTypeDescender.VisitCast (Reko.Core.Expressions.Cast cast, Reko.Core.Types.TypeVariable tv) <0x41a7d4f0 + 0x00057> in <filename unknown>:0 
  at Reko.Core.Expressions.Cast.Accept[T,C] (ExpressionVisitor`2 v, Reko.Core.Expressions.C context) <0x41a7d4a0 + 0x00031> in <filename unknown>:0 
  at Reko.Typing.ExpressionTypeDescender.VisitCast (Reko.Core.Expressions.Cast cast, Reko.Core.Types.TypeVariable tv) <0x41a7d4f0 + 0x00057> in <filename unknown>:0 
  at Reko.Core.Expressions.Cast.Accept[T,C] (ExpressionVisitor`2 v, Reko.Core.Expressions.C context) <0x41a7d4a0 + 0x00031> in <filename unknown>:0 
  at Reko.Typing.ExpressionTypeDescender.VisitBinaryExpression (Reko.Core.Expressions.BinaryExpression binExp, Reko.Core.Types.TypeVariable tv) <0x41a78830 + 0x00c3d> in <filename unknown>:0 
  at Reko.Core.Expressions.BinaryExpression.Accept[T,C] (ExpressionVisitor`2 v, Reko.Core.Expressions.C context) <0x41a78780 + 0x00031> in <filename unknown>:0 
  at Reko.Typing.ExpressionTypeDescender.VisitCast (Reko.Core.Expressions.Cast cast, Reko.Core.Types.TypeVariable tv) <0x41a7d4f0 + 0x00057> in <filename unknown>:0 
  at Reko.Core.Expressions.Cast.Accept[T,C] (ExpressionVisitor`2 v, Reko.Core.Expressions.C context) <0x41a7d4a0 + 0x00031> in <filename unknown>:0 
  at Reko.Typing.ExpressionTypeDescender.VisitCast (Reko.Core.Expressions.Cast cast, Reko.Core.Types.TypeVariable tv) <0x41a7d4f0 + 0x00057> in <filename unknown>:0 
  at Reko.Core.Expressions.Cast.Accept[T,C] (ExpressionVisitor`2 v, Reko.Core.Expressions.C context) <0x41a7d4a0 + 0x00031> in <filename unknown>:0 
  at Reko.Typing.TypeCollector.VisitStore (Reko.Core.Code.Store store) <0x41a7d2c0 + 0x0007c> in <filename unknown>:0 
  at Reko.Core.Code.Store.Accept (InstructionVisitor v) <0x41a1fe30 + 0x0002a> in <filename unknown>:0 
  at Reko.Typing.TypeCollector.CollectTypes () <0x41a75b50 + 0x00289> in <filename unknown>:0 
0000000000492531: error: An error occurred while processing the statement Mem10202[0x00000000007269BC + 0x0000000000000000:word32] = (word32) (uint64) (ecx_10187 - (word32) ((uint64) (SLICE((word32) ((uint64) ((word32) ((uint64) ((word32) ((uint64) ecx_10187) >>u 0x00000005)))) *u 0x0D794360, word32, 32) *s 0x00000260))).
    Object reference not set to an instance of an object
      at Reko.Typing.ExpressionTypeDescender.VisitBinaryExpression (Reko.Core.Expressions.BinaryExpression binExp, Reko.Core.Types.TypeVariable tv) <0x41a78830 + 0x003b1> in <filename unknown>:0 
  at Reko.Core.Expressions.BinaryExpression.Accept[T,C] (ExpressionVisitor`2 v, Reko.Core.Expressions.C context) <0x41a78780 + 0x00031> in <filename unknown>:0 
  at Reko.Typing.ExpressionTypeDescender.VisitCast (Reko.Core.Expressions.Cast cast, Reko.Core.Types.TypeVariable tv) <0x41a7d4f0 + 0x00057> in <filename unknown>:0 
  at Reko.Core.Expressions.Cast.Accept[T,C] (ExpressionVisitor`2 v, Reko.Core.Expressions.C context) <0x41a7d4a0 + 0x00031> in <filename unknown>:0 
  at Reko.Typing.ExpressionTypeDescender.VisitCast (Reko.Core.Expressions.Cast cast, Reko.Core.Types.TypeVariable tv) <0x41a7d4f0 + 0x00057> in <filename unknown>:0 
  at Reko.Core.Expressions.Cast.Accept[T,C] (ExpressionVisitor`2 v, Reko.Core.Expressions.C context) <0x41a7d4a0 + 0x00031> in <filename unknown>:0 
  at Reko.Typing.ExpressionTypeDescender.VisitBinaryExpression (Reko.Core.Expressions.BinaryExpression binExp, Reko.Core.Types.TypeVariable tv) <0x41a78830 + 0x00c3d> in <filename unknown>:0 
  at Reko.Core.Expressions.BinaryExpression.Accept[T,C] (ExpressionVisitor`2 v, Reko.Core.Expressions.C context) <0x41a78780 + 0x00031> in <filename unknown>:0 
  at Reko.Typing.ExpressionTypeDescender.VisitCast (Reko.Core.Expressions.Cast cast, Reko.Core.Types.TypeVariable tv) <0x41a7d4f0 + 0x00057> in <filename unknown>:0 
  at Reko.Core.Expressions.Cast.Accept[T,C] (ExpressionVisitor`2 v, Reko.Core.Expressions.C context) <0x41a7d4a0 + 0x00031> in <filename unknown>:0 
  at Reko.Typing.ExpressionTypeDescender.VisitCast (Reko.Core.Expressions.Cast cast, Reko.Core.Types.TypeVariable tv) <0x41a7d4f0 + 0x00057> in <filename unknown>:0 
  at Reko.Core.Expressions.Cast.Accept[T,C] (ExpressionVisitor`2 v, Reko.Core.Expressions.C context) <0x41a7d4a0 + 0x00031> in <filename unknown>:0 
  at Reko.Typing.TypeCollector.VisitStore (Reko.Core.Code.Store store) <0x41a7d2c0 + 0x0007c> in <filename unknown>:0 
  at Reko.Core.Code.Store.Accept (InstructionVisitor v) <0x41a1fe30 + 0x0002a> in <filename unknown>:0 
  at Reko.Typing.TypeCollector.CollectTypes () <0x41a75b50 + 0x00289> in <filename unknown>:0 
0000000000492970: error: An error occurred while processing the statement Mem10727[0x0000000000726A40 + 0x0000000000000000:word32] = (word32) (uint64) (ecx_10716 - (word32) ((uint64) (SLICE((word32) ((uint64) ecx_10716) *u 0x00663D81, word32, 32) *s 0x00000281))).
    Object reference not set to an instance of an object
      at Reko.Typing.ExpressionTypeDescender.VisitBinaryExpression (Reko.Core.Expressions.BinaryExpression binExp, Reko.Core.Types.TypeVariable tv) <0x41a78830 + 0x003b1> in <filename unknown>:0 
  at Reko.Core.Expressions.BinaryExpression.Accept[T,C] (ExpressionVisitor`2 v, Reko.Core.Expressions.C context) <0x41a78780 + 0x00031> in <filename unknown>:0 
  at Reko.Typing.ExpressionTypeDescender.VisitCast (Reko.Core.Expressions.Cast cast, Reko.Core.Types.TypeVariable tv) <0x41a7d4f0 + 0x00057> in <filename unknown>:0 
  at Reko.Core.Expressions.Cast.Accept[T,C] (ExpressionVisitor`2 v, Reko.Core.Expressions.C context) <0x41a7d4a0 + 0x00031> in <filename unknown>:0 
  at Reko.Typing.ExpressionTypeDescender.VisitCast (Reko.Core.Expressions.Cast cast, Reko.Core.Types.TypeVariable tv) <0x41a7d4f0 + 0x00057> in <filename unknown>:0 
  at Reko.Core.Expressions.Cast.Accept[T,C] (ExpressionVisitor`2 v, Reko.Core.Expressions.C context) <0x41a7d4a0 + 0x00031> in <filename unknown>:0 
  at Reko.Typing.ExpressionTypeDescender.VisitBinaryExpression (Reko.Core.Expressions.BinaryExpression binExp, Reko.Core.Types.TypeVariable tv) <0x41a78830 + 0x00c3d> in <filename unknown>:0 
  at Reko.Core.Expressions.BinaryExpression.Accept[T,C] (ExpressionVisitor`2 v, Reko.Core.Expressions.C context) <0x41a78780 + 0x00031> in <filename unknown>:0 
  at Reko.Typing.ExpressionTypeDescender.VisitCast (Reko.Core.Expressions.Cast cast, Reko.Core.Types.TypeVariable tv) <0x41a7d4f0 + 0x00057> in <filename unknown>:0 
  at Reko.Core.Expressions.Cast.Accept[T,C] (ExpressionVisitor`2 v, Reko.Core.Expressions.C context) <0x41a7d4a0 + 0x00031> in <filename unknown>:0 
  at Reko.Typing.ExpressionTypeDescender.VisitCast (Reko.Core.Expressions.Cast cast, Reko.Core.Types.TypeVariable tv) <0x41a7d4f0 + 0x00057> in <filename unknown>:0 
  at Reko.Core.Expressions.Cast.Accept[T,C] (ExpressionVisitor`2 v, Reko.Core.Expressions.C context) <0x41a7d4a0 + 0x00031> in <filename unknown>:0 
  at Reko.Typing.TypeCollector.VisitStore (Reko.Core.Code.Store store) <0x41a7d2c0 + 0x0007c> in <filename unknown>:0 
  at Reko.Core.Code.Store.Accept (InstructionVisitor v) <0x41a1fe30 + 0x0002a> in <filename unknown>:0 
  at Reko.Typing.TypeCollector.CollectTypes () <0x41a75b50 + 0x00289> in <filename unknown>:0 
0000000000492D96: error: An error occurred while processing the statement Mem11262[0x0000000000726ABC + 0x0000000000000000:word32] = (word32) (uint64) (ecx_11247 - (word32) ((uint64) (SLICE((word32) ((uint64) ((word32) ((uint64) ((word32) ((uint64) ecx_11247) >>u 0x00000005)))) *u 0x0C30C30D, word32, 32) *s 0x000002A0))).
    Object reference not set to an instance of an object
      at Reko.Typing.ExpressionTypeDescender.VisitBinaryExpression (Reko.Core.Expressions.BinaryExpression binExp, Reko.Core.Types.TypeVariable tv) <0x41a78830 + 0x003b1> in <filename unknown>:0 
  at Reko.Core.Expressions.BinaryExpression.Accept[T,C] (ExpressionVisitor`2 v, Reko.Core.Expressions.C context) <0x41a78780 + 0x00031> in <filename unknown>:0 
  at Reko.Typing.ExpressionTypeDescender.VisitCast (Reko.Core.Expressions.Cast cast, Reko.Core.Types.TypeVariable tv) <0x41a7d4f0 + 0x00057> in <filename unknown>:0 
  at Reko.Core.Expressions.Cast.Accept[T,C] (ExpressionVisitor`2 v, Reko.Core.Expressions.C context) <0x41a7d4a0 + 0x00031> in <filename unknown>:0 
  at Reko.Typing.ExpressionTypeDescender.VisitCast (Reko.Core.Expressions.Cast cast, Reko.Core.Types.TypeVariable tv) <0x41a7d4f0 + 0x00057> in <filename unknown>:0 
  at Reko.Core.Expressions.Cast.Accept[T,C] (ExpressionVisitor`2 v, Reko.Core.Expressions.C context) <0x41a7d4a0 + 0x00031> in <filename unknown>:0 
  at Reko.Typing.ExpressionTypeDescender.VisitBinaryExpression (Reko.Core.Expressions.BinaryExpression binExp, Reko.Core.Types.TypeVariable tv) <0x41a78830 + 0x00c3d> in <filename unknown>:0 
  at Reko.Core.Expressions.BinaryExpression.Accept[T,C] (ExpressionVisitor`2 v, Reko.Core.Expressions.C context) <0x41a78780 + 0x00031> in <filename unknown>:0 
  at Reko.Typing.ExpressionTypeDescender.VisitCast (Reko.Core.Expressions.Cast cast, Reko.Core.Types.TypeVariable tv) <0x41a7d4f0 + 0x00057> in <filename unknown>:0 
  at Reko.Core.Expressions.Cast.Accept[T,C] (ExpressionVisitor`2 v, Reko.Core.Expressions.C context) <0x41a7d4a0 + 0x00031> in <filename unknown>:0 
  at Reko.Typing.ExpressionTypeDescender.VisitCast (Reko.Core.Expressions.Cast cast, Reko.Core.Types.TypeVariable tv) <0x41a7d4f0 + 0x00057> in <filename unknown>:0 
  at Reko.Core.Expressions.Cast.Accept[T,C] (ExpressionVisitor`2 v, Reko.Core.Expressions.C context) <0x41a7d4a0 + 0x00031> in <filename unknown>:0 
  at Reko.Typing.TypeCollector.VisitStore (Reko.Core.Code.Store store) <0x41a7d2c0 + 0x0007c> in <filename unknown>:0 
  at Reko.Core.Code.Store.Accept (InstructionVisitor v) <0x41a1fe30 + 0x0002a> in <filename unknown>:0 
  at Reko.Typing.TypeCollector.CollectTypes () <0x41a75b50 + 0x00289> in <filename unknown>:0 
00000000004933F2: error: An error occurred while processing the statement Mem12060[0x0000000000726B7C + 0x0000000000000000:word32] = (word32) (uint64) (ecx_12045 - (word32) ((uint64) (SLICE((word32) ((uint64) ((word32) ((uint64) ((word32) ((uint64) ecx_12045) >>u 0x00000004)))) *u 0x05B05B06, word32, 32) *s 0x000002D0))).
    Object reference not set to an instance of an object
      at Reko.Typing.ExpressionTypeDescender.VisitBinaryExpression (Reko.Core.Expressions.BinaryExpression binExp, Reko.Core.Types.TypeVariable tv) <0x41a78830 + 0x003b1> in <filename unknown>:0 
  at Reko.Core.Expressions.BinaryExpression.Accept[T,C] (ExpressionVisitor`2 v, Reko.Core.Expressions.C context) <0x41a78780 + 0x00031> in <filename unknown>:0 
  at Reko.Typing.ExpressionTypeDescender.VisitCast (Reko.Core.Expressions.Cast cast, Reko.Core.Types.TypeVariable tv) <0x41a7d4f0 + 0x00057> in <filename unknown>:0 
  at Reko.Core.Expressions.Cast.Accept[T,C] (ExpressionVisitor`2 v, Reko.Core.Expressions.C context) <0x41a7d4a0 + 0x00031> in <filename unknown>:0 
  at Reko.Typing.ExpressionTypeDescender.VisitCast (Reko.Core.Expressions.Cast cast, Reko.Core.Types.TypeVariable tv) <0x41a7d4f0 + 0x00057> in <filename unknown>:0 
  at Reko.Core.Expressions.Cast.Accept[T,C] (ExpressionVisitor`2 v, Reko.Core.Expressions.C context) <0x41a7d4a0 + 0x00031> in <filename unknown>:0 
  at Reko.Typing.ExpressionTypeDescender.VisitBinaryExpression (Reko.Core.Expressions.BinaryExpression binExp, Reko.Core.Types.TypeVariable tv) <0x41a78830 + 0x00c3d> in <filename unknown>:0 
  at Reko.Core.Expressions.BinaryExpression.Accept[T,C] (ExpressionVisitor`2 v, Reko.Core.Expressions.C context) <0x41a78780 + 0x00031> in <filename unknown>:0 
  at Reko.Typing.ExpressionTypeDescender.VisitCast (Reko.Core.Expressions.Cast cast, Reko.Core.Types.TypeVariable tv) <0x41a7d4f0 + 0x00057> in <filename unknown>:0 
  at Reko.Core.Expressions.Cast.Accept[T,C] (ExpressionVisitor`2 v, Reko.Core.Expressions.C context) <0x41a7d4a0 + 0x00031> in <filename unknown>:0 
  at Reko.Typing.ExpressionTypeDescender.VisitCast (Reko.Core.Expressions.Cast cast, Reko.Core.Types.TypeVariable tv) <0x41a7d4f0 + 0x00057> in <filename unknown>:0 
  at Reko.Core.Expressions.Cast.Accept[T,C] (ExpressionVisitor`2 v, Reko.Core.Expressions.C context) <0x41a7d4a0 + 0x00031> in <filename unknown>:0 
  at Reko.Typing.TypeCollector.VisitStore (Reko.Core.Code.Store store) <0x41a7d2c0 + 0x0007c> in <filename unknown>:0 
  at Reko.Core.Code.Store.Accept (InstructionVisitor v) <0x41a1fe30 + 0x0002a> in <filename unknown>:0 
  at Reko.Typing.TypeCollector.CollectTypes () <0x41a75b50 + 0x00289> in <filename unknown>:0 
0000000000494539: error: An error occurred while processing the statement Mem14298[0x0000000000726D7C + 0x0000000000000000:word32] = (word32) (uint64) (ecx_14283 - (word32) ((uint64) (SLICE((word32) ((uint64) ((word32) ((uint64) ((word32) ((uint64) ecx_14283) >>u 0x00000004)))) *u 0x04D4873F, word32, 32) *s 0x00000350))).
    Object reference not set to an instance of an object
      at Reko.Typing.ExpressionTypeDescender.VisitBinaryExpression (Reko.Core.Expressions.BinaryExpression binExp, Reko.Core.Types.TypeVariable tv) <0x41a78830 + 0x003b1> in <filename unknown>:0 
  at Reko.Core.Expressions.BinaryExpression.Accept[T,C] (ExpressionVisitor`2 v, Reko.Core.Expressions.C context) <0x41a78780 + 0x00031> in <filename unknown>:0 
  at Reko.Typing.ExpressionTypeDescender.VisitCast (Reko.Core.Expressions.Cast cast, Reko.Core.Types.TypeVariable tv) <0x41a7d4f0 + 0x00057> in <filename unknown>:0 
  at Reko.Core.Expressions.Cast.Accept[T,C] (ExpressionVisitor`2 v, Reko.Core.Expressions.C context) <0x41a7d4a0 + 0x00031> in <filename unknown>:0 
  at Reko.Typing.ExpressionTypeDescender.VisitCast (Reko.Core.Expressions.Cast cast, Reko.Core.Types.TypeVariable tv) <0x41a7d4f0 + 0x00057> in <filename unknown>:0 
  at Reko.Core.Expressions.Cast.Accept[T,C] (ExpressionVisitor`2 v, Reko.Core.Expressions.C context) <0x41a7d4a0 + 0x00031> in <filename unknown>:0 
  at Reko.Typing.ExpressionTypeDescender.VisitBinaryExpression (Reko.Core.Expressions.BinaryExpression binExp, Reko.Core.Types.TypeVariable tv) <0x41a78830 + 0x00c3d> in <filename unknown>:0 
  at Reko.Core.Expressions.BinaryExpression.Accept[T,C] (ExpressionVisitor`2 v, Reko.Core.Expressions.C context) <0x41a78780 + 0x00031> in <filename unknown>:0 
  at Reko.Typing.ExpressionTypeDescender.VisitCast (Reko.Core.Expressions.Cast cast, Reko.Core.Types.TypeVariable tv) <0x41a7d4f0 + 0x00057> in <filename unknown>:0 
  at Reko.Core.Expressions.Cast.Accept[T,C] (ExpressionVisitor`2 v, Reko.Core.Expressions.C context) <0x41a7d4a0 + 0x00031> in <filename unknown>:0 
  at Reko.Typing.ExpressionTypeDescender.VisitCast (Reko.Core.Expressions.Cast cast, Reko.Core.Types.TypeVariable tv) <0x41a7d4f0 + 0x00057> in <filename unknown>:0 
  at Reko.Core.Expressions.Cast.Accept[T,C] (ExpressionVisitor`2 v, Reko.Core.Expressions.C context) <0x41a7d4a0 + 0x00031> in <filename unknown>:0 
  at Reko.Typing.TypeCollector.VisitStore (Reko.Core.Code.Store store) <0x41a7d2c0 + 0x0007c> in <filename unknown>:0 
  at Reko.Core.Code.Store.Accept (InstructionVisitor v) <0x41a1fe30 + 0x0002a> in <filename unknown>:0 
  at Reko.Typing.TypeCollector.CollectTypes () <0x41a75b50 + 0x00289> in <filename unknown>:0 
0000000000494768: error: An error occurred while processing the statement Mem14584[0x0000000000726DBC + 0x0000000000000000:word32] = (word32) (uint64) (ecx_14569 - (word32) ((uint64) (SLICE((word32) ((uint64) ((word32) ((uint64) ((word32) ((uint64) ecx_14569) >>u 0x00000005)))) *u 0x097B4260, word32, 32) *s 0x00000360))).
    Object reference not set to an instance of an object
      at Reko.Typing.ExpressionTypeDescender.VisitBinaryExpression (Reko.Core.Expressions.BinaryExpression binExp, Reko.Core.Types.TypeVariable tv) <0x41a78830 + 0x003b1> in <filename unknown>:0 
  at Reko.Core.Expressions.BinaryExpression.Accept[T,C] (ExpressionVisitor`2 v, Reko.Core.Expressions.C context) <0x41a78780 + 0x00031> in <filename unknown>:0 
  at Reko.Typing.ExpressionTypeDescender.VisitCast (Reko.Core.Expressions.Cast cast, Reko.Core.Types.TypeVariable tv) <0x41a7d4f0 + 0x00057> in <filename unknown>:0 
  at Reko.Core.Expressions.Cast.Accept[T,C] (ExpressionVisitor`2 v, Reko.Core.Expressions.C context) <0x41a7d4a0 + 0x00031> in <filename unknown>:0 
  at Reko.Typing.ExpressionTypeDescender.VisitCast (Reko.Core.Expressions.Cast cast, Reko.Core.Types.TypeVariable tv) <0x41a7d4f0 + 0x00057> in <filename unknown>:0 
  at Reko.Core.Expressions.Cast.Accept[T,C] (ExpressionVisitor`2 v, Reko.Core.Expressions.C context) <0x41a7d4a0 + 0x00031> in <filename unknown>:0 
  at Reko.Typing.ExpressionTypeDescender.VisitBinaryExpression (Reko.Core.Expressions.BinaryExpression binExp, Reko.Core.Types.TypeVariable tv) <0x41a78830 + 0x00c3d> in <filename unknown>:0 
  at Reko.Core.Expressions.BinaryExpression.Accept[T,C] (ExpressionVisitor`2 v, Reko.Core.Expressions.C context) <0x41a78780 + 0x00031> in <filename unknown>:0 
  at Reko.Typing.ExpressionTypeDescender.VisitCast (Reko.Core.Expressions.Cast cast, Reko.Core.Types.TypeVariable tv) <0x41a7d4f0 + 0x00057> in <filename unknown>:0 
  at Reko.Core.Expressions.Cast.Accept[T,C] (ExpressionVisitor`2 v, Reko.Core.Expressions.C context) <0x41a7d4a0 + 0x00031> in <filename unknown>:0 
  at Reko.Typing.ExpressionTypeDescender.VisitCast (Reko.Core.Expressions.Cast cast, Reko.Core.Types.TypeVariable tv) <0x41a7d4f0 + 0x00057> in <filename unknown>:0 
  at Reko.Core.Expressions.Cast.Accept[T,C] (ExpressionVisitor`2 v, Reko.Core.Expressions.C context) <0x41a7d4a0 + 0x00031> in <filename unknown>:0 
  at Reko.Typing.TypeCollector.VisitStore (Reko.Core.Code.Store store) <0x41a7d2c0 + 0x0007c> in <filename unknown>:0 
  at Reko.Core.Code.Store.Accept (InstructionVisitor v) <0x41a1fe30 + 0x0002a> in <filename unknown>:0 
  at Reko.Typing.TypeCollector.CollectTypes () <0x41a75b50 + 0x00289> in <filename unknown>:0 
0000000000494BB0: error: An error occurred while processing the statement Mem15130[0x0000000000726E3C + 0x0000000000000000:word32] = (word32) (uint64) (ecx_15115 - (word32) ((uint64) (SLICE((word32) ((uint64) ((word32) ((uint64) ((word32) ((uint64) ecx_15115) >>u 0x00000007)))) *u 0x24924936, word32, 32) *s 0x00000380))).
    Object reference not set to an instance of an object
      at Reko.Typing.ExpressionTypeDescender.VisitBinaryExpression (Reko.Core.Expressions.BinaryExpression binExp, Reko.Core.Types.TypeVariable tv) <0x41a78830 + 0x003b1> in <filename unknown>:0 
  at Reko.Core.Expressions.BinaryExpression.Accept[T,C] (ExpressionVisitor`2 v, Reko.Core.Expressions.C context) <0x41a78780 + 0x00031> in <filename unknown>:0 
  at Reko.Typing.ExpressionTypeDescender.VisitCast (Reko.Core.Expressions.Cast cast, Reko.Core.Types.TypeVariable tv) <0x41a7d4f0 + 0x00057> in <filename unknown>:0 
  at Reko.Core.Expressions.Cast.Accept[T,C] (ExpressionVisitor`2 v, Reko.Core.Expressions.C context) <0x41a7d4a0 + 0x00031> in <filename unknown>:0 
  at Reko.Typing.ExpressionTypeDescender.VisitCast (Reko.Core.Expressions.Cast cast, Reko.Core.Types.TypeVariable tv) <0x41a7d4f0 + 0x00057> in <filename unknown>:0 
  at Reko.Core.Expressions.Cast.Accept[T,C] (ExpressionVisitor`2 v, Reko.Core.Expressions.C context) <0x41a7d4a0 + 0x00031> in <filename unknown>:0 
  at Reko.Typing.ExpressionTypeDescender.VisitBinaryExpression (Reko.Core.Expressions.BinaryExpression binExp, Reko.Core.Types.TypeVariable tv) <0x41a78830 + 0x00c3d> in <filename unknown>:0 
  at Reko.Core.Expressions.BinaryExpression.Accept[T,C] (ExpressionVisitor`2 v, Reko.Core.Expressions.C context) <0x41a78780 + 0x00031> in <filename unknown>:0 
  at Reko.Typing.ExpressionTypeDescender.VisitCast (Reko.Core.Expressions.Cast cast, Reko.Core.Types.TypeVariable tv) <0x41a7d4f0 + 0x00057> in <filename unknown>:0 
  at Reko.Core.Expressions.Cast.Accept[T,C] (ExpressionVisitor`2 v, Reko.Core.Expressions.C context) <0x41a7d4a0 + 0x00031> in <filename unknown>:0 
  at Reko.Typing.ExpressionTypeDescender.VisitCast (Reko.Core.Expressions.Cast cast, Reko.Core.Types.TypeVariable tv) <0x41a7d4f0 + 0x00057> in <filename unknown>:0 
  at Reko.Core.Expressions.Cast.Accept[T,C] (ExpressionVisitor`2 v, Reko.Core.Expressions.C context) <0x41a7d4a0 + 0x00031> in <filename unknown>:0 
  at Reko.Typing.TypeCollector.VisitStore (Reko.Core.Code.Store store) <0x41a7d2c0 + 0x0007c> in <filename unknown>:0 
  at Reko.Core.Code.Store.Accept (InstructionVisitor v) <0x41a1fe30 + 0x0002a> in <filename unknown>:0 
  at Reko.Typing.TypeCollector.CollectTypes () <0x41a75b50 + 0x00289> in <filename unknown>:0 
00000000004958CA: error: An error occurred while processing the statement Mem16836[0x0000000000726FBC + 0x0000000000000000:word32] = (word32) (uint64) (ecx_16821 - (word32) ((uint64) (SLICE((word32) ((uint64) ((word32) ((uint64) ((word32) ((uint64) ecx_16821) >>u 0x00000005)))) *u 0x08421085, word32, 32) *s 0x000003E0))).
    Object reference not set to an instance of an object
      at Reko.Typing.ExpressionTypeDescender.VisitBinaryExpression (Reko.Core.Expressions.BinaryExpression binExp, Reko.Core.Types.TypeVariable tv) <0x41a78830 + 0x003b1> in <filename unknown>:0 
  at Reko.Core.Expressions.BinaryExpression.Accept[T,C] (ExpressionVisitor`2 v, Reko.Core.Expressions.C context) <0x41a78780 + 0x00031> in <filename unknown>:0 
  at Reko.Typing.ExpressionTypeDescender.VisitCast (Reko.Core.Expressions.Cast cast, Reko.Core.Types.TypeVariable tv) <0x41a7d4f0 + 0x00057> in <filename unknown>:0 
  at Reko.Core.Expressions.Cast.Accept[T,C] (ExpressionVisitor`2 v, Reko.Core.Expressions.C context) <0x41a7d4a0 + 0x00031> in <filename unknown>:0 
  at Reko.Typing.ExpressionTypeDescender.VisitCast (Reko.Core.Expressions.Cast cast, Reko.Core.Types.TypeVariable tv) <0x41a7d4f0 + 0x00057> in <filename unknown>:0 
  at Reko.Core.Expressions.Cast.Accept[T,C] (ExpressionVisitor`2 v, Reko.Core.Expressions.C context) <0x41a7d4a0 + 0x00031> in <filename unknown>:0 
  at Reko.Typing.ExpressionTypeDescender.VisitBinaryExpression (Reko.Core.Expressions.BinaryExpression binExp, Reko.Core.Types.TypeVariable tv) <0x41a78830 + 0x00c3d> in <filename unknown>:0 
  at Reko.Core.Expressions.BinaryExpression.Accept[T,C] (ExpressionVisitor`2 v, Reko.Core.Expressions.C context) <0x41a78780 + 0x00031> in <filename unknown>:0 
  at Reko.Typing.ExpressionTypeDescender.VisitCast (Reko.Core.Expressions.Cast cast, Reko.Core.Types.TypeVariable tv) <0x41a7d4f0 + 0x00057> in <filename unknown>:0 
  at Reko.Core.Expressions.Cast.Accept[T,C] (ExpressionVisitor`2 v, Reko.Core.Expressions.C context) <0x41a7d4a0 + 0x00031> in <filename unknown>:0 
  at Reko.Typing.ExpressionTypeDescender.VisitCast (Reko.Core.Expressions.Cast cast, Reko.Core.Types.TypeVariable tv) <0x41a7d4f0 + 0x00057> in <filename unknown>:0 
  at Reko.Core.Expressions.Cast.Accept[T,C] (ExpressionVisitor`2 v, Reko.Core.Expressions.C context) <0x41a7d4a0 + 0x00031> in <filename unknown>:0 
  at Reko.Typing.TypeCollector.VisitStore (Reko.Core.Code.Store store) <0x41a7d2c0 + 0x0007c> in <filename unknown>:0 
  at Reko.Core.Code.Store.Accept (InstructionVisitor v) <0x41a1fe30 + 0x0002a> in <filename unknown>:0 
  at Reko.Typing.TypeCollector.CollectTypes () <0x41a75b50 + 0x00289> in <filename unknown>:0 
