Possible file format: ELF64 for x86-64 (Executable) (IDADIR/loaders/elf64.so)

  bytes   pages size description
--------- ----- ---- --------------------------------------------
   524288    64 8192 allocating memory for b-tree...
    65536     8 8192 allocating memory for virtual array...
   262144    32 8192 allocating memory for name pointers...
-----------------------------------------------------------------
   851968            total memory allocated

Loading file 'SUBJECTS/from_snowman/other-047_int2bool/x64_elf/subject.exe' into database...
Detected file format: ELF64 for x86-64 (Executable)
Loading processor module IDADIR/procs/pc64.so for metapc...Initializing processor module metapc...OK
Autoanalysis subsystem has been initialized.
  0. Creating a new segment  (0000000000400000-00000000004007AC) ... ... OK
  1. Creating a new segment  (00000000006007B0-0000000000600A10) ... ... OK
Assuming __fastcall calling convention by default
Type library 'gnulnx_x64' loaded. Applying types...
Types applied to 0 names.
  2. Creating a new segment  (0000000000400430-000000000040044A) ... ... OK
  3. Creating a new segment  (000000000040044A-00000000004007AC) ... ... OK
  4. Creating a new segment  (0000000000400450-0000000000400480) ... ... OK
  5. Creating a new segment  (0000000000400480-00000000004007AC) ... ... OK
  6. Creating a new segment  (0000000000400480-0000000000400642) ... ... OK
     Deleting segment        (0000000000400642-00000000004007AC) ...
  6. Creating a new segment  (0000000000400642-00000000004007AC) ... ... OK
  7. Creating a new segment  (0000000000400644-000000000040064D) ... ... OK
  8. Creating a new segment  (000000000040064D-00000000004007AC) ... ... OK
  9. Creating a new segment  (0000000000400650-0000000000400654) ... ... OK
 10. Creating a new segment  (0000000000400654-00000000004007AC) ... ... OK
 11. Creating a new segment  (0000000000400654-0000000000400698) ... ... OK
     Deleting segment        (0000000000400698-00000000004007AC) ...
 11. Creating a new segment  (0000000000400698-00000000004007AC) ... ... OK
     Deleting segment        (0000000000400698-00000000004007AC) ...
 11. Creating a new segment  (0000000000400698-00000000004007AC) ... ... OK
 12. Creating a new segment  (00000000006007B0-00000000006007B8) ... ... OK
     Deleting segment        (00000000006007B8-0000000000600A10) ...
 12. Creating a new segment  (00000000006007B8-0000000000600A10) ... ... OK
 13. Creating a new segment  (00000000006007B8-00000000006007C0) ... ... OK
     Deleting segment        (00000000006007C0-0000000000600A10) ...
 13. Creating a new segment  (00000000006007C0-0000000000600A10) ... ... OK
 14. Creating a new segment  (00000000006007C0-00000000006007C8) ... ... OK
     Deleting segment        (00000000006007C8-0000000000600A10) ...
 14. Creating a new segment  (00000000006007C8-0000000000600A10) ... ... OK
 15. Creating a new segment  (00000000006009C8-00000000006009D0) ... ... OK
 16. Creating a new segment  (00000000006009D0-0000000000600A10) ... ... OK
 17. Creating a new segment  (00000000006009D0-00000000006009F8) ... ... OK
     Deleting segment        (00000000006009F8-0000000000600A10) ...
 17. Creating a new segment  (00000000006009F8-0000000000600A10) ... ... OK
 18. Creating a new segment  (00000000006009F8-0000000000600A08) ... ... OK
     Deleting segment        (0000000000600A08-0000000000600A10) ...
 18. Creating a new segment  (0000000000600A08-0000000000600A10) ... ... OK
     Deleting segment        (0000000000600A08-0000000000600A10) ...
 18. Creating a new segment  (0000000000600A08-0000000000600A10) ... ... OK
 19. Creating a new segment  (0000000000600A10-0000000000600A11) ... ... OK
 20. Creating a new segment  (0000000000600A18-0000000000600A40) ... ... OK
Processing relocations...
DWARF: Looking for GNU DWARF file at "/usr/lib/debug/.build-id/2f/29e8fce70b657a12eef8b0fbabf4b32c2f026c.debug"... no.
Marking typical code sequences...
Flushing buffers, please wait...ok
File 'SUBJECTS/from_snowman/other-047_int2bool/x64_elf/subject.exe' has been successfully loaded into the database.
Hex-Rays Decompiler plugin has been loaded (v7.5.0.201028)
  The hotkeys are F5: decompile, Ctrl-F5: decompile all.
  Please check the Edit/Plugins menu for more informaton.
IDAPython Hex-Rays bindings initialized.
IDA is analysing the input file...
You may start to explore the input file right now.
Propagating type information...
Function argument information has been propagated
lumina: applied metadata to 4 functions.
The initial autoanalysis has been finished.
Flushing buffers, please wait...ok
TIMESTAMP decompiling 400430 size=000000000000001A times=0...
The decompiler assumes that the segment '.got' is read-only because of its NAME.
All data references to the segment will be replaced by constant values.
This may lead to drastic changes in the decompiler output.
If the segment is not read-only, please change the segment NAME.

In general, the decompiler checks the segment permissions, class, and name
to determine if it is read-only.
 -> OK
TIMESTAMP decompiling 400450 size=000000000000000C times=0...
The decompiler assumes that the segment '.got.plt' is read-only because of its NAME.
All data references to the segment will be replaced by constant values.
This may lead to drastic changes in the decompiler output.
If the segment is not read-only, please change the segment NAME.

In general, the decompiler checks the segment permissions, class, and name
to determine if it is read-only.
 -> OK
TIMESTAMP decompiling 4004B0 size=0000000000000029 times=0...
TIMESTAMP decompiling 4004E0 size=0000000000000039 times=0...
TIMESTAMP decompiling 40056D size=000000000000000B times=0...
TIMESTAMP decompiling 400578 size=000000000000000B times=0...
TIMESTAMP decompiling 400644 size=0000000000000009 times=0...
TIMESTAMP decompiling 400583 size=000000000000001F times=0...
TIMESTAMP decompiling 400540 size=000000000000002D times=0...
TIMESTAMP decompiling 4004E0 size=0000000000000039 times=1;usedcpu 00:00:00 ...__int64(void)
TIMESTAMP decompiling 400540 size=000000000000002D times=1;usedcpu 00:00:00 ...__int64 __fastcall()
TIMESTAMP decompiling 4005B0 size=0000000000000089 times=0...
TIMESTAMP decompiling 400540 size=000000000000002D times=2;usedcpu 00:00:00 ...__int64 __fastcall(_QWORD, _QWORD, _QWORD)
TIMESTAMP decompiling 4005B0 size=0000000000000089 times=1;usedcpu 00:00:00 ...void __fastcall(unsigned int a1, __int64 a2, __int64 a3)
TIMESTAMP decompiling 400480 size=000000000000002A times=0...
TIMESTAMP decompiling 400520 size=000000000000001C times=0...
TIMESTAMP The application has been completely decompiled.
Unloading IDP module IDADIR/procs/pc64.so...
