after removing matching assigns (%pc).
in proc fib2 adding addrExp r1{0} - 32 to local table
in proc fib2 adding addrExp r1{0} - 4 to local table
in proc fib2 adding addrExp r1{0} - 12 to local table
in proc fib2 adding addrExp r1{0} + 4 to local table
in proc fib2 adding addrExp r1{0} + 4 to local table
TYPE ERROR: Existing type at address 0x4 is not structure or array type
in proc fib2 adding addrExp r1{0} - 4 to local table
TYPE ERROR: at address 0xfffffffc, overlapping type __size32 does not resolve to compound or array
in proc fib2 adding addrExp r1{0} - 12 to local table
in proc fib2 adding addrExp r1{0} - 32 to local table
finding final parameters for fib2
potential param r3
found new parameter r3
finding final parameters for fib2
potential param r3
found new parameter r3
after removing matching assigns (%pc).
in proc main adding addrExp r1{0} - 8 to local table
in proc main adding addrExp r1{0} - 16 to local table
in proc main adding addrExp r1{0} + 4 to local table
### WARNING: iteration limit exceeded for dfaTypeAnalysis of procedure main ###
in proc main adding addrExp r1{0} - 8 to local table
in proc main adding addrExp r1{0} - 16 to local table
in proc main adding addrExp r1{0} + 4 to local table
in proc main adding addrExp r1{0} - 8 to local table
finding final parameters for fib2
potential param r3
found new parameter r3
local g3 has type char * that doesn't agree with type of define void of a library, why?
local g4 has type int * that doesn't agree with type of define void of a library, why?
local g5 has type /*signed?*/int that doesn't agree with type of define void of a library, why?
local g5 has type void that doesn't agree with type of define __size32 of a library, why?
dest is not lib
call:    9 {*v* g3, *v* r6, *v* r7, *v* r8, *v* r9, *v* r10, *v* r11, *v* r12} := CALL printf(
                *c** g3 := "Input number: "
              )
              Reaching definitions: r1=r1{0} - 16,   r3=0x100008b8,   r4=r4{0},   r5=r5{0},   r6=0x10000000,
                m[r1{0} + 4]=machine("%LR"),   m[r1{0} - 8]=m[r1{0} - 8]{0},   m[r1{0} - 16]=r1{0}
              Live variables:  in proc main
dest is not lib
call:   16 {*v* g3, *v* r6, *v* r7, *v* r8, *v* r9, *v* r10, *v* r11, *v* r12} := CALL scanf(
                *c** g3 := "%d"
                *i32** g4 := a[local0]
              )
              Reaching definitions: r1=r1{0} - 16,   r3=0x100008c8,   r4=r1{0} - 8,   r5=0x10000000,   r6=r6{9},
                r7=r7{9},   r8=r8{9},   r9=r9{9},   r10=r10{9},   r11=r11{9},   r12=r12{9},   r65=0,
                m[r1{0} + 4]=machine("%LR"),   m[r1{0} - 8]=m[r1{0} - 8]{0},   m[r1{0} - 16]=r1{0}
              Live variables:  in proc main
dest is not lib
call:   20 *j32* g3 := CALL fib2(
                *i32* g3 := local0
              )
              Reaching definitions: r1=r1{0} - 16,   r3=m[r1{0} - 8]{0},   r4=r4{16},   r5=r5{16},   r6=r6{16},
                r7=r7{16},   r8=r8{16},   r9=r9{16},   r10=r10{16},   r11=r11{16},   r12=r12{16},   r65=0,
                m[r1{0} + 4]=machine("%LR"),   m[r1{0} - 8]=m[r1{0} - 8]{0},   m[r1{0} - 16]=r1{0}
              Live variables: g3 in proc main
result:    0 *j32* g3 := -
dest is not lib
call:   28 {*v* g3, *32* r6, *32* r7, *32* r8, *32* r9, *32* r10, *32* r11, *32* r12} := CALL printf(
                *c** g3 := "fibonacci(%d) = %d
"
                *i32* g4 := local0
                *j32* g5 := g3
              )
              Reaching definitions: r1=r1{0} - 16,   r3=0x100008cc,   r4=m[r1{0} - 8]{0},   r5=r3{20},   r6=r6{16},
                r7=r7{16},   r8=r8{16},   r9=r9{16},   r10=r10{16},   r11=r11{16},   r12=r12{16},   r65=0,
                m[r1{0} + 4]=machine("%LR"),   m[r1{0} - 8]=m[r1{0} - 8]{0},   m[r1{0} - 16]=r1{0}
              Live variables:  in proc main
dest is not lib
call:   21 {*32* g3_1, *32* g4, *32* r5} := CALL fib2(
                *i32* g3 := param1 - 1
              )
              Reaching definitions: r1=r1{0} - 32,   r3=r3{0} - 1,   r4=machine("%LR"),   r29=r3{0},   r31=r3{0},
                m[r1{0} + 4]=machine("%LR"),   m[r1{0} - 4]=r31{0},   m[r1{0} - 12]=r29{0},   m[r1{0} - 32]=r1{0},
                %flags=SUBFLAGSNS( r3{0}, 1, 0 ),   %ZF=0 = 0,   %CF=r3{0} <u 1
              Live variables: g3_1 in proc fib2
result:    0 *32* g3_1 := -
dest is not lib
call:   26 {*32* g3, *32* g4, *32* r5} := CALL fib2(
                *i32* g3 := param1 - 2
              )
              Reaching definitions: r1=r1{0} - 32,   r3=r3{0} - 2,   r4=r4{21},   r5=r5{21},   r29=r3{21},   r31=r3{0},
                m[r1{0} + 4]=machine("%LR"),   m[r1{0} - 4]=r31{0},   m[r1{0} - 12]=r29{0},   m[r1{0} - 32]=r1{0},
                <all>=<all>{21},   %flags=%flags{21},   %ZF=%ZF{21},   %CF=%CF{21}
              Live variables: g3,  g4 in proc fib2
result:    0 *32* g3 := -
result:    0 *32* g4 := -
