got filename twoproc.c for main
got filename twoproc.c for proc1
after removing matching assigns (t[WILDSTR]).
after removing matching assigns (%pc).
in proc proc1 adding addrExp r28{0} - 4 to local table
finding final parameters for proc1
potential param r28
found new parameter r28
potential param m[r28{0} + 8]
found new parameter m[r28{0} + 8]
potential param m[r28{0} + 4]
found new parameter m[r28{0} + 4]
after removing matching assigns (t[WILDSTR]).
after removing matching assigns (%pc).
in proc main adding addrExp r28{0} - 4 to local table
in proc main adding addrExp r28{0} - 40 to local table
in proc main adding addrExp r28{0} - 44 to local table
in proc main adding addrExp r28{0} - 48 to local table
in proc main adding addrExp r28{0} - 40 to local table
in proc main adding addrExp r28{0} - 44 to local table
in proc main adding addrExp r28{0} - 48 to local table
in proc main adding addrExp r28{0} - 4 to local table
TYPE ERROR: at address 0xfffffffc, overlapping type __size32 does not resolve to compound or array
in proc main adding addrExp r28{0} - 40 to local table
in proc main adding addrExp r28{0} - 44 to local table
in proc main adding addrExp r28{0} - 48 to local table
in proc main adding addrExp r28{0} - 40 to local table
in proc main adding addrExp r28{0} - 44 to local table
in proc main adding addrExp r28{0} - 48 to local table
could not set type for unknown parameter expression m[r28{0} + 4]
could not set type for unknown parameter expression m[r28{0} + 8]
could not set type for unknown parameter expression m[r28{0} + 12]
finding final parameters for proc1
potential param r28
found new parameter r28
potential param m[r28{0} + 8]
found new parameter m[r28{0} + 8]
potential param m[r28{0} + 4]
found new parameter m[r28{0} + 4]
local eax has type /*signed?*/int that doesn't agree with type of define __size32 of a library, why?
local esp has type __size32 that doesn't agree with type of define void of a library, why?
dest is not lib
call:   33 {*j32* eax, *32* r26} := CALL proc1(
                *32* local0 := 11
                *32* local1 := 4
              )
              Reaching definitions: r24=16,   r28=r28{0} - 48,   r29=r28{0} - 4,   m[r28{0} + 4]=m[r28{0} + 4]{0},
                m[r28{0} + 8]=m[r28{0} + 8]{0},   m[r28{0} + 12]=m[r28{0} + 12]{0},   m[r28{0} - 4]=r29{0},
                m[r28{0} - 40]=4,   m[r28{0} - 44]=11,   m[r28{0} - 48]=%pc,   tmp1=r28{0} - 28,
                %flags=SUBFLAGS32( r28{0} - 28, 8, r28{0} - 36 ),   %ZF=(r28{0} - 36) = 0,   %CF=(r28{0} - 28) <u 8
              Live variables: eax in proc main
result:    0 *j32* eax := -
dest is not lib
call:   44 {*32* eax, *32* r25, *32* r26} := CALL printf(
                *c** local0 := "%i
"
                *j32* local1 := eax
              )
              Reaching definitions: r24=r24{33},   r26=r26{33},   r28=r28{0} - 48,   r29=r28{0} - 4,
                m[r28{0} + 4]=m[r28{0} + 4]{0},   m[r28{0} + 8]=m[r28{0} + 8]{0},   m[r28{0} + 12]=m[r28{0} + 12]{0},
                m[r28{0} - 4]=r29{0},   m[r28{0} - 40]=r24{33},   m[r28{0} - 44]=0x8048490,   m[r28{0} - 48]=%pc,
                tmp1=(r28{0} - 48) + 4,   %flags=ADDFLAGS32( r28{0} - 44, 8, r28{0} - 36 ),
                %ZF=ADDFLAGS32( r28{0} - 44, 8, r28{0} - 36 ),   %CF=ADDFLAGS32( r28{0} - 44, 8, r28{0} - 36 )
              Live variables: eax in proc main
result:    0 *32* eax := -
