Using options:
080483E2: error: An error occurred while processing the statement branch 0x00000000 >=u 0x08049658 - 0x08049658 >> 0x00000002 l080483FA.
    Pulling difference ptr32 and ptr32
      at Reko.Core.Expressions.ExpressionTypeAscenderBase.PullDiffDataType (Reko.Core.Types.DataType dtLeft, Reko.Core.Types.DataType dtRight) <0x41e96e70 + 0x00147> in <filename unknown>:0 
  at Reko.Core.Expressions.ExpressionTypeAscenderBase.VisitBinaryExpression (Reko.Core.Expressions.BinaryExpression binExp) <0x41e967b0 + 0x000eb> in <filename unknown>:0 
  at Reko.Core.Expressions.BinaryExpression.Accept[T] (ExpressionVisitor`1 v) <0x41e2f6a0 + 0x00030> in <filename unknown>:0 
  at Reko.Core.Expressions.ExpressionTypeAscenderBase.VisitBinaryExpression (Reko.Core.Expressions.BinaryExpression binExp) <0x41e967b0 + 0x00044> in <filename unknown>:0 
  at Reko.Core.Expressions.BinaryExpression.Accept[T] (ExpressionVisitor`1 v) <0x41e2f6a0 + 0x00030> in <filename unknown>:0 
  at Reko.Core.Expressions.ExpressionTypeAscenderBase.VisitBinaryExpression (Reko.Core.Expressions.BinaryExpression binExp) <0x41e967b0 + 0x00065> in <filename unknown>:0 
  at Reko.Core.Expressions.BinaryExpression.Accept[T] (ExpressionVisitor`1 v) <0x41e2f6a0 + 0x00030> in <filename unknown>:0 
  at Reko.Typing.TypeCollector.VisitBranch (Reko.Core.Code.Branch branch) <0x41eb1810 + 0x00031> in <filename unknown>:0 
  at Reko.Core.Code.Branch.Accept (InstructionVisitor v) <0x41e58490 + 0x00027> in <filename unknown>:0 
  at Reko.Typing.TypeCollector.CollectTypes () <0x41eac500 + 0x00289> in <filename unknown>:0 
0804842A: error: An error occurred while processing the statement word32 esi_23 = (0x08049658 - 0x08049658 >> 0x00000002) - 0x00000001.
    Pulling difference ptr32 and ptr32
      at Reko.Core.Expressions.ExpressionTypeAscenderBase.PullDiffDataType (Reko.Core.Types.DataType dtLeft, Reko.Core.Types.DataType dtRight) <0x41e96e70 + 0x00147> in <filename unknown>:0 
  at Reko.Core.Expressions.ExpressionTypeAscenderBase.VisitBinaryExpression (Reko.Core.Expressions.BinaryExpression binExp) <0x41e967b0 + 0x000eb> in <filename unknown>:0 
  at Reko.Core.Expressions.BinaryExpression.Accept[T] (ExpressionVisitor`1 v) <0x41e2f6a0 + 0x00030> in <filename unknown>:0 
  at Reko.Core.Expressions.ExpressionTypeAscenderBase.VisitBinaryExpression (Reko.Core.Expressions.BinaryExpression binExp) <0x41e967b0 + 0x00044> in <filename unknown>:0 
  at Reko.Core.Expressions.BinaryExpression.Accept[T] (ExpressionVisitor`1 v) <0x41e2f6a0 + 0x00030> in <filename unknown>:0 
  at Reko.Core.Expressions.ExpressionTypeAscenderBase.VisitBinaryExpression (Reko.Core.Expressions.BinaryExpression binExp) <0x41e967b0 + 0x00044> in <filename unknown>:0 
  at Reko.Core.Expressions.BinaryExpression.Accept[T] (ExpressionVisitor`1 v) <0x41e2f6a0 + 0x00030> in <filename unknown>:0 
  at Reko.Typing.TypeCollector.VisitDeclaration (Reko.Core.Code.Declaration decl) <0x41eaf120 + 0x0004a> in <filename unknown>:0 
  at Reko.Core.Code.Declaration.Accept (InstructionVisitor v) <0x41ea23d0 + 0x00027> in <filename unknown>:0 
  at Reko.Typing.TypeCollector.CollectTypes () <0x41eac500 + 0x00289> in <filename unknown>:0 
