Database SUBJECTS/from_boomerang/minmax/ia32_elf_by_boomerang/subject.exe.idb already exists.
Do you want to overwrite it? -> ~L~oad existing

  bytes   pages size description
--------- ----- ---- --------------------------------------------
   524288    64 8192 allocating memory for b-tree...
    65536     8 8192 allocating memory for virtual array...
   262144    32 8192 allocating memory for name pointers...
-----------------------------------------------------------------
   851968            total memory allocated

Loading processor module IDADIR/procs/pc.so for metapc...Initializing processor module metapc...OK
Loading type libraries...
Autoanalysis subsystem has been initialized.
Database for file 'subject.exe' has been loaded.
Hex-Rays Decompiler plugin has been loaded (v7.5.0.201028)
  The hotkeys are F5: decompile, Ctrl-F5: decompile all.
  Please check the Edit/Plugins menu for more informaton.
IDAPython Hex-Rays bindings initialized.
=== start of cleanup script -> OK
  function at 08048794       with name '_PROCEDURE_LINKAGE_TABLE_'
  function at 080487A4       with name '.atexit'
  function at 080487B4       with name '.__fpstart'
  function at 080487C4       with name '.exit'
  function at 080487D4       with name '.printf'
  function at 080487E4  LIB  with name '_start'
  function at 08048848       with name '_mcount'
  function at 0804884C       with name '__fsr'
  function at 080488F0       with name 'main'
  function at 08048924  LIB  with name '.init_proc'
  function at 0804894C  LIB  with name '.term_proc'
  function at 08049B04       with name 'atexit'
  function at 08049B08       with name 'exit'
  function at 08049B0C       with name 'printf'
  function at 08049B10       with name '__fpstart'
finished -> OK
TIMESTAMP decompiling 8048794 size=0000000C times=0...
The decompiler assumes that the segment '.got' is read-only because of its NAME.
All data references to the segment will be replaced by constant values.
This may lead to drastic changes in the decompiler output.
If the segment is not read-only, please change the segment NAME.

In general, the decompiler checks the segment permissions, class, and name
to determine if it is read-only.
 -> OK
TIMESTAMP decompiling 804884C size=000000A3 times=0...
TIMESTAMP decompiling 80488F0 size=00000032 times=0...
TIMESTAMP The application has been completely decompiled.
Flushing buffers, please wait...ok
Unloading IDP module IDADIR/procs/pc.so...
