Using options:
0000120C: warning: Procedure fn00001198 previously had a return address of 0 bytes on the stack, but now seems to have a return address of 4 bytes on the stack.
000012B6: warning: Procedure fn0000120E previously had a return address of 0 bytes on the stack, but now seems to have a return address of 4 bytes on the stack.
000077C6: warning: Procedure fn00007622 previously had a return address of 0 bytes on the stack, but now seems to have a return address of 4 bytes on the stack.
00007EBC: warning: Procedure fn00007B46 previously had a return address of 0 bytes on the stack, but now seems to have a return address of 4 bytes on the stack.
000013B0: warning: Procedure fn0000138E previously had a return address of 0 bytes on the stack, but now seems to have a return address of 4 bytes on the stack.
000013F8: warning: Procedure fn000013D2 previously had a return address of 0 bytes on the stack, but now seems to have a return address of 4 bytes on the stack.
00006E78: warning: Procedure fn00006D74 previously had a return address of 0 bytes on the stack, but now seems to have a return address of 4 bytes on the stack.
000059F6: warning: Procedure fn00005954 previously had a return address of 0 bytes on the stack, but now seems to have a return address of 4 bytes on the stack.
000056B6: warning: Procedure fn00005640 previously had a return address of 0 bytes on the stack, but now seems to have a return address of 4 bytes on the stack.
0000584A: warning: Procedure fn000057E2 previously had a return address of 0 bytes on the stack, but now seems to have a return address of 4 bytes on the stack.
00007984: warning: Procedure fn00007848 previously had a return address of 0 bytes on the stack, but now seems to have a return address of 4 bytes on the stack.
000049E8: warning: Procedure fn000049AC previously had a return address of 4 bytes on the stack, but now seems to have a return address of 0 bytes on the stack.
0000551A: warning: Procedure fn000054DE previously had a return address of 0 bytes on the stack, but now seems to have a return address of 4 bytes on the stack.
00004788: warning: Procedure fn00004764 previously had a return address of 0 bytes on the stack, but now seems to have a return address of 4 bytes on the stack.
0000542C: warning: Procedure fn000053BE previously had a return address of 4 bytes on the stack, but now seems to have a return address of 0 bytes on the stack.
0000FF14: warning: Procedure fn0000FEF8 previously had a return address of 0 bytes on the stack, but now seems to have a return address of 4 bytes on the stack.
00005B4C: warning: Procedure fn00005AA0 previously had a return address of 0 bytes on the stack, but now seems to have a return address of 4 bytes on the stack.
00005C0A: warning: Procedure fn00005B6E previously had a return address of 4 bytes on the stack, but now seems to have a return address of 0 bytes on the stack.
00006B56: warning: Procedure fn00006B20 previously had a return address of 0 bytes on the stack, but now seems to have a return address of 4 bytes on the stack.
00005DF4: warning: Procedure fn00005CD2 previously had a return address of 4 bytes on the stack, but now seems to have a return address of 0 bytes on the stack.
fn0000136C: error: An error occurred while rewriting procedure to high-level language.
    Failure has occurred while loading a type.
      at Reko.Structure.StructureAnalysis.ProcessUnresolvedRegions () <0x41356c40 + 0x00073> in <filename unknown>:0 
  at Reko.Structure.StructureAnalysis.Execute () <0x4134ddc0 + 0x00443> in <filename unknown>:0 
  at Reko.Structure.StructureAnalysis.Structure () <0x4134cfc0 + 0x00137> in <filename unknown>:0 
  at Reko.DecompilerDriver.StructureProgram () <0x4134cae0 + 0x00255> in <filename unknown>:0 
fn00004764: error: An error occurred while rewriting procedure to high-level language.
    Failure has occurred while loading a type.
      at Reko.Structure.StructureAnalysis.ProcessUnresolvedRegions () <0x41356c40 + 0x00073> in <filename unknown>:0 
  at Reko.Structure.StructureAnalysis.Execute () <0x4134ddc0 + 0x00443> in <filename unknown>:0 
  at Reko.Structure.StructureAnalysis.Structure () <0x4134cfc0 + 0x00137> in <filename unknown>:0 
  at Reko.DecompilerDriver.StructureProgram () <0x4134cae0 + 0x00255> in <filename unknown>:0 
fn000048AE: error: An error occurred while rewriting procedure to high-level language.
    Failure has occurred while loading a type.
      at Reko.Structure.StructureAnalysis.ProcessUnresolvedRegions () <0x41356c40 + 0x00073> in <filename unknown>:0 
  at Reko.Structure.StructureAnalysis.Execute () <0x4134ddc0 + 0x00443> in <filename unknown>:0 
  at Reko.Structure.StructureAnalysis.Structure () <0x4134cfc0 + 0x00137> in <filename unknown>:0 
  at Reko.DecompilerDriver.StructureProgram () <0x4134cae0 + 0x00255> in <filename unknown>:0 
fn000049AC: error: An error occurred while rewriting procedure to high-level language.
    Failure has occurred while loading a type.
      at Reko.Structure.StructureAnalysis.ProcessUnresolvedRegions () <0x41356c40 + 0x00073> in <filename unknown>:0 
  at Reko.Structure.StructureAnalysis.Execute () <0x4134ddc0 + 0x00443> in <filename unknown>:0 
  at Reko.Structure.StructureAnalysis.Structure () <0x4134cfc0 + 0x00137> in <filename unknown>:0 
  at Reko.DecompilerDriver.StructureProgram () <0x4134cae0 + 0x00255> in <filename unknown>:0 
fn000053BE: error: An error occurred while rewriting procedure to high-level language.
    Failure has occurred while loading a type.
      at Reko.Structure.StructureAnalysis.ProcessUnresolvedRegions () <0x41356c40 + 0x00073> in <filename unknown>:0 
  at Reko.Structure.StructureAnalysis.Execute () <0x4134ddc0 + 0x00443> in <filename unknown>:0 
  at Reko.Structure.StructureAnalysis.Structure () <0x4134cfc0 + 0x00137> in <filename unknown>:0 
  at Reko.DecompilerDriver.StructureProgram () <0x4134cae0 + 0x00255> in <filename unknown>:0 
fn000054DE: error: An error occurred while rewriting procedure to high-level language.
    Failure has occurred while loading a type.
      at Reko.Structure.StructureAnalysis.ProcessUnresolvedRegions () <0x41356c40 + 0x00073> in <filename unknown>:0 
  at Reko.Structure.StructureAnalysis.Execute () <0x4134ddc0 + 0x00443> in <filename unknown>:0 
  at Reko.Structure.StructureAnalysis.Structure () <0x4134cfc0 + 0x00137> in <filename unknown>:0 
  at Reko.DecompilerDriver.StructureProgram () <0x4134cae0 + 0x00255> in <filename unknown>:0 
fn00005544: error: An error occurred while rewriting procedure to high-level language.
    Failure has occurred while loading a type.
      at Reko.Structure.StructureAnalysis.ProcessUnresolvedRegions () <0x41356c40 + 0x00073> in <filename unknown>:0 
  at Reko.Structure.StructureAnalysis.Execute () <0x4134ddc0 + 0x00443> in <filename unknown>:0 
  at Reko.Structure.StructureAnalysis.Structure () <0x4134cfc0 + 0x00137> in <filename unknown>:0 
  at Reko.DecompilerDriver.StructureProgram () <0x4134cae0 + 0x00255> in <filename unknown>:0 
fn000056B8: error: An error occurred while rewriting procedure to high-level language.
    Failure has occurred while loading a type.
      at Reko.Structure.StructureAnalysis.ProcessUnresolvedRegions () <0x41356c40 + 0x00073> in <filename unknown>:0 
  at Reko.Structure.StructureAnalysis.Execute () <0x4134ddc0 + 0x00443> in <filename unknown>:0 
  at Reko.Structure.StructureAnalysis.Structure () <0x4134cfc0 + 0x00137> in <filename unknown>:0 
  at Reko.DecompilerDriver.StructureProgram () <0x4134cae0 + 0x00255> in <filename unknown>:0 
fn000057E2: error: An error occurred while rewriting procedure to high-level language.
    Failure has occurred while loading a type.
      at Reko.Structure.StructureAnalysis.ProcessUnresolvedRegions () <0x41356c40 + 0x00073> in <filename unknown>:0 
  at Reko.Structure.StructureAnalysis.Execute () <0x4134ddc0 + 0x00443> in <filename unknown>:0 
  at Reko.Structure.StructureAnalysis.Structure () <0x4134cfc0 + 0x00137> in <filename unknown>:0 
  at Reko.DecompilerDriver.StructureProgram () <0x4134cae0 + 0x00255> in <filename unknown>:0 
fn00005AA0: error: An error occurred while rewriting procedure to high-level language.
    Failure has occurred while loading a type.
      at Reko.Structure.StructureAnalysis.ProcessUnresolvedRegions () <0x41356c40 + 0x00073> in <filename unknown>:0 
  at Reko.Structure.StructureAnalysis.Execute () <0x4134ddc0 + 0x00443> in <filename unknown>:0 
  at Reko.Structure.StructureAnalysis.Structure () <0x4134cfc0 + 0x00137> in <filename unknown>:0 
  at Reko.DecompilerDriver.StructureProgram () <0x4134cae0 + 0x00255> in <filename unknown>:0 
fn00005CD2: error: An error occurred while rewriting procedure to high-level language.
    Failure has occurred while loading a type.
      at Reko.Structure.StructureAnalysis.ProcessUnresolvedRegions () <0x41356c40 + 0x00073> in <filename unknown>:0 
  at Reko.Structure.StructureAnalysis.Execute () <0x4134ddc0 + 0x00443> in <filename unknown>:0 
  at Reko.Structure.StructureAnalysis.Structure () <0x4134cfc0 + 0x00137> in <filename unknown>:0 
  at Reko.DecompilerDriver.StructureProgram () <0x4134cae0 + 0x00255> in <filename unknown>:0 
fn00005FA4: error: An error occurred while rewriting procedure to high-level language.
    Failure has occurred while loading a type.
      at Reko.Structure.StructureAnalysis.ProcessUnresolvedRegions () <0x41356c40 + 0x00073> in <filename unknown>:0 
  at Reko.Structure.StructureAnalysis.Execute () <0x4134ddc0 + 0x00443> in <filename unknown>:0 
  at Reko.Structure.StructureAnalysis.Structure () <0x4134cfc0 + 0x00137> in <filename unknown>:0 
  at Reko.DecompilerDriver.StructureProgram () <0x4134cae0 + 0x00255> in <filename unknown>:0 
fn00006B20: error: An error occurred while rewriting procedure to high-level language.
    Failure has occurred while loading a type.
      at Reko.Structure.StructureAnalysis.ProcessUnresolvedRegions () <0x41356c40 + 0x00073> in <filename unknown>:0 
  at Reko.Structure.StructureAnalysis.Execute () <0x4134ddc0 + 0x00443> in <filename unknown>:0 
  at Reko.Structure.StructureAnalysis.Structure () <0x4134cfc0 + 0x00137> in <filename unknown>:0 
  at Reko.DecompilerDriver.StructureProgram () <0x4134cae0 + 0x00255> in <filename unknown>:0 
fn00007622: error: An error occurred while rewriting procedure to high-level language.
    Failure has occurred while loading a type.
      at Reko.Structure.StructureAnalysis.ProcessUnresolvedRegions () <0x41356c40 + 0x00073> in <filename unknown>:0 
  at Reko.Structure.StructureAnalysis.Execute () <0x4134ddc0 + 0x00443> in <filename unknown>:0 
  at Reko.Structure.StructureAnalysis.Structure () <0x4134cfc0 + 0x00137> in <filename unknown>:0 
  at Reko.DecompilerDriver.StructureProgram () <0x4134cae0 + 0x00255> in <filename unknown>:0 
fn00008206: error: An error occurred while rewriting procedure to high-level language.
    Failure has occurred while loading a type.
      at Reko.Structure.StructureAnalysis.ProcessUnresolvedRegions () <0x41356c40 + 0x00073> in <filename unknown>:0 
  at Reko.Structure.StructureAnalysis.Execute () <0x4134ddc0 + 0x00443> in <filename unknown>:0 
  at Reko.Structure.StructureAnalysis.Structure () <0x4134cfc0 + 0x00137> in <filename unknown>:0 
  at Reko.DecompilerDriver.StructureProgram () <0x4134cae0 + 0x00255> in <filename unknown>:0 
fn000087DC: error: An error occurred while rewriting procedure to high-level language.
    Failure has occurred while loading a type.
      at Reko.Structure.StructureAnalysis.ProcessUnresolvedRegions () <0x41356c40 + 0x00073> in <filename unknown>:0 
  at Reko.Structure.StructureAnalysis.Execute () <0x4134ddc0 + 0x00443> in <filename unknown>:0 
  at Reko.Structure.StructureAnalysis.Structure () <0x4134cfc0 + 0x00137> in <filename unknown>:0 
  at Reko.DecompilerDriver.StructureProgram () <0x4134cae0 + 0x00255> in <filename unknown>:0 
Could not load signature of Reko.Structure.StructureAnalysis:DetermineFollowLatch due to: Failed for unknown reasons. assembly:mscorlib, Version=4.0.0.0, Culture=neutral, PublicKeyToken=b77a5c561934e089 type:System.ValueTuple`2 member:<none>
Could not load signature of Reko.Structure.StructureAnalysis:DetermineFollowLatch due to: Failed for unknown reasons. assembly:mscorlib, Version=4.0.0.0, Culture=neutral, PublicKeyToken=b77a5c561934e089 type:System.ValueTuple`2 member:<none>
Could not load signature of Reko.Structure.StructureAnalysis:DetermineFollowLatch due to: Failed for unknown reasons. assembly:mscorlib, Version=4.0.0.0, Culture=neutral, PublicKeyToken=b77a5c561934e089 type:System.ValueTuple`2 member:<none>
Could not load signature of Reko.Structure.StructureAnalysis:DetermineFollowLatch due to: Failed for unknown reasons. assembly:mscorlib, Version=4.0.0.0, Culture=neutral, PublicKeyToken=b77a5c561934e089 type:System.ValueTuple`2 member:<none>
Could not load signature of Reko.Structure.StructureAnalysis:DetermineFollowLatch due to: Failed for unknown reasons. assembly:mscorlib, Version=4.0.0.0, Culture=neutral, PublicKeyToken=b77a5c561934e089 type:System.ValueTuple`2 member:<none>
Could not load signature of Reko.Structure.StructureAnalysis:DetermineFollowLatch due to: Failed for unknown reasons. assembly:mscorlib, Version=4.0.0.0, Culture=neutral, PublicKeyToken=b77a5c561934e089 type:System.ValueTuple`2 member:<none>
Could not load signature of Reko.Structure.StructureAnalysis:DetermineFollowLatch due to: Failed for unknown reasons. assembly:mscorlib, Version=4.0.0.0, Culture=neutral, PublicKeyToken=b77a5c561934e089 type:System.ValueTuple`2 member:<none>
Could not load signature of Reko.Structure.StructureAnalysis:DetermineFollowLatch due to: Failed for unknown reasons. assembly:mscorlib, Version=4.0.0.0, Culture=neutral, PublicKeyToken=b77a5c561934e089 type:System.ValueTuple`2 member:<none>
Could not load signature of Reko.Structure.StructureAnalysis:DetermineFollowLatch due to: Failed for unknown reasons. assembly:mscorlib, Version=4.0.0.0, Culture=neutral, PublicKeyToken=b77a5c561934e089 type:System.ValueTuple`2 member:<none>
Could not load signature of Reko.Structure.StructureAnalysis:DetermineFollowLatch due to: Failed for unknown reasons. assembly:mscorlib, Version=4.0.0.0, Culture=neutral, PublicKeyToken=b77a5c561934e089 type:System.ValueTuple`2 member:<none>
Could not load signature of Reko.Structure.StructureAnalysis:DetermineFollowLatch due to: Failed for unknown reasons. assembly:mscorlib, Version=4.0.0.0, Culture=neutral, PublicKeyToken=b77a5c561934e089 type:System.ValueTuple`2 member:<none>
Could not load signature of Reko.Structure.StructureAnalysis:DetermineFollowLatch due to: Failed for unknown reasons. assembly:mscorlib, Version=4.0.0.0, Culture=neutral, PublicKeyToken=b77a5c561934e089 type:System.ValueTuple`2 member:<none>
Could not load signature of Reko.Structure.StructureAnalysis:DetermineFollowLatch due to: Failed for unknown reasons. assembly:mscorlib, Version=4.0.0.0, Culture=neutral, PublicKeyToken=b77a5c561934e089 type:System.ValueTuple`2 member:<none>
Could not load signature of Reko.Structure.StructureAnalysis:DetermineFollowLatch due to: Failed for unknown reasons. assembly:mscorlib, Version=4.0.0.0, Culture=neutral, PublicKeyToken=b77a5c561934e089 type:System.ValueTuple`2 member:<none>
Could not load signature of Reko.Structure.StructureAnalysis:DetermineFollowLatch due to: Failed for unknown reasons. assembly:mscorlib, Version=4.0.0.0, Culture=neutral, PublicKeyToken=b77a5c561934e089 type:System.ValueTuple`2 member:<none>
Could not load signature of Reko.Structure.StructureAnalysis:DetermineFollowLatch due to: Failed for unknown reasons. assembly:mscorlib, Version=4.0.0.0, Culture=neutral, PublicKeyToken=b77a5c561934e089 type:System.ValueTuple`2 member:<none>
Could not load signature of Reko.Structure.StructureAnalysis:DetermineFollowLatch due to: Failed for unknown reasons. assembly:mscorlib, Version=4.0.0.0, Culture=neutral, PublicKeyToken=b77a5c561934e089 type:System.ValueTuplfn00008890: error: An error occurred while rewriting procedure to high-level language.
    Failure has occurred while loading a type.
      at Reko.Structure.StructureAnalysis.ProcessUnresolvedRegions () <0x41356c40 + 0x00073> in <filename unknown>:0 
  at Reko.Structure.StructureAnalysis.Execute () <0x4134ddc0 + 0x00443> in <filename unknown>:0 
  at Reko.Structure.StructureAnalysis.Structure () <0x4134cfc0 + 0x00137> in <filename unknown>:0 
  at Reko.DecompilerDriver.StructureProgram () <0x4134cae0 + 0x00255> in <filename unknown>:0 
fn000088BE: error: An error occurred while rewriting procedure to high-level language.
    Failure has occurred while loading a type.
      at Reko.Structure.StructureAnalysis.ProcessUnresolvedRegions () <0x41356c40 + 0x00073> in <filename unknown>:0 
  at Reko.Structure.StructureAnalysis.Execute () <0x4134ddc0 + 0x00443> in <filename unknown>:0 
  at Reko.Structure.StructureAnalysis.Structure () <0x4134cfc0 + 0x00137> in <filename unknown>:0 
  at Reko.DecompilerDriver.StructureProgram () <0x4134cae0 + 0x00255> in <filename unknown>:0 
fn000088FC: error: An error occurred while rewriting procedure to high-level language.
    Failure has occurred while loading a type.
      at Reko.Structure.StructureAnalysis.ProcessUnresolvedRegions () <0x41356c40 + 0x00073> in <filename unknown>:0 
  at Reko.Structure.StructureAnalysis.Execute () <0x4134ddc0 + 0x00443> in <filename unknown>:0 
  at Reko.Structure.StructureAnalysis.Structure () <0x4134cfc0 + 0x00137> in <filename unknown>:0 
  at Reko.DecompilerDriver.StructureProgram () <0x4134cae0 + 0x00255> in <filename unknown>:0 
fn000089C0: error: An error occurred while rewriting procedure to high-level language.
    Failure has occurred while loading a type.
      at Reko.Structure.StructureAnalysis.ProcessUnresolvedRegions () <0x41356c40 + 0x00073> in <filename unknown>:0 
  at Reko.Structure.StructureAnalysis.Execute () <0x4134ddc0 + 0x00443> in <filename unknown>:0 
  at Reko.Structure.StructureAnalysis.Structure () <0x4134cfc0 + 0x00137> in <filename unknown>:0 
  at Reko.DecompilerDriver.StructureProgram () <0x4134cae0 + 0x00255> in <filename unknown>:0 
fn00008A1C: error: An error occurred while rewriting procedure to high-level language.
    Failure has occurred while loading a type.
      at Reko.Structure.StructureAnalysis.ProcessUnresolvedRegions () <0x41356c40 + 0x00073> in <filename unknown>:0 
  at Reko.Structure.StructureAnalysis.Execute () <0x4134ddc0 + 0x00443> in <filename unknown>:0 
  at Reko.Structure.StructureAnalysis.Structure () <0x4134cfc0 + 0x00137> in <filename unknown>:0 
  at Reko.DecompilerDriver.StructureProgram () <0x4134cae0 + 0x00255> in <filename unknown>:0 
fn00008BBE: error: An error occurred while rewriting procedure to high-level language.
    Failure has occurred while loading a type.
      at Reko.Structure.StructureAnalysis.ProcessUnresolvedRegions () <0x41356c40 + 0x00073> in <filename unknown>:0 
  at Reko.Structure.StructureAnalysis.Execute () <0x4134ddc0 + 0x00443> in <filename unknown>:0 
  at Reko.Structure.StructureAnalysis.Structure () <0x4134cfc0 + 0x00137> in <filename unknown>:0 
  at Reko.DecompilerDriver.StructureProgram () <0x4134cae0 + 0x00255> in <filename unknown>:0 
fn00008C32: error: An error occurred while rewriting procedure to high-level language.
    Failure has occurred while loading a type.
      at Reko.Structure.StructureAnalysis.ProcessUnresolvedRegions () <0x41356c40 + 0x00073> in <filename unknown>:0 
  at Reko.Structure.StructureAnalysis.Execute () <0x4134ddc0 + 0x00443> in <filename unknown>:0 
  at Reko.Structure.StructureAnalysis.Structure () <0x4134cfc0 + 0x00137> in <filename unknown>:0 
  at Reko.DecompilerDriver.StructureProgram () <0x4134cae0 + 0x00255> in <filename unknown>:0 
fn0000916E: error: An error occurred while rewriting procedure to high-level language.
    Failure has occurred while loading a type.
      at Reko.Structure.StructureAnalysis.ProcessUnresolvedRegions () <0x41356c40 + 0x00073> in <filename unknown>:0 
  at Reko.Structure.StructureAnalysis.Execute () <0x4134ddc0 + 0x00443> in <filename unknown>:0 
  at Reko.Structure.StructureAnalysis.Structure () <0x4134cfc0 + 0x00137> in <filename unknown>:0 
  at Reko.DecompilerDriver.StructureProgram () <0x4134cae0 + 0x00255> in <filename unknown>:0 
fn00009236: error: An error occurred while rewriting procedure to high-level language.
    Failure has occurred while loading a type.
      at Reko.Structure.StructureAnalysis.ProcessUnresolvedRegions () <0x41356c40 + 0x00073> in <filename unknown>:0 
  at Reko.Structure.StructureAnalysis.Execute () <0x4134ddc0 + 0x00443> in <filename unknown>:0 
  at Reko.Structure.StructureAnalysis.Structure () <0x4134cfc0 + 0x00137> in <filename unknown>:0 
  at Reko.DecompilerDriver.StructureProgram () <0x4134cae0 + 0x00255> in <filename unknown>:0 
fn00009266: error: An error occurred while rewriting procedure to high-level language.
    Failure has occurred while loading a type.
      at Reko.Structure.StructureAnalysis.ProcessUnresolvedRegions () <0x41356c40 + 0x00073> in <filename unknown>:0 
  at Reko.Structure.StructureAnalysis.Execute () <0x4134ddc0 + 0x00443> in <filename unknown>:0 
  at Reko.Structure.StructureAnalysis.Structure () <0x4134cfc0 + 0x00137> in <filename unknown>:0 
  at Reko.DecompilerDriver.StructureProgram () <0x4134cae0 + 0x00255> in <filename unknown>:0 
fn00009344: error: An error occurred while rewriting procedure to high-level language.
    Failure has occurred while loading a type.
      at Reko.Structure.StructureAnalysis.ProcessUnresolvedRegions () <0x41356c40 + 0x00073> in <filename unknown>:0 
  at Reko.Structure.StructureAnalysis.Execute () <0x4134ddc0 + 0x00443> in <filename unknown>:0 
  at Reko.Structure.StructureAnalysis.Structure () <0x4134cfc0 + 0x00137> in <filename unknown>:0 
  at Reko.DecompilerDriver.StructureProgram () <0x4134cae0 + 0x00255> in <filename unknown>:0 
fn000093C2: error: An error occurred while rewriting procedure to high-level language.
    Failure has occurred while loading a type.
      at Reko.Structure.StructureAnalysis.ProcessUnresolvedRegions () <0x41356c40 + 0x00073> in <filename unknown>:0 
  at Reko.Structure.StructureAnalysis.Execute () <0x4134ddc0 + 0x00443> in <filename unknown>:0 
  at Reko.Structure.StructureAnalysis.Structure () <0x4134cfc0 + 0x00137> in <filename unknown>:0 
  at Reko.DecompilerDriver.StructureProgram () <0x4134cae0 + 0x00255> in <filename unknown>:0 
fn00009A6A: error: An error occurred while rewriting procedure to high-level language.
    Failure has occurred while loading a type.
      at Reko.Structure.StructureAnalysis.ProcessUnresolvedRegions () <0x41356c40 + 0x00073> in <filename unknown>:0 
  at Reko.Structure.StructureAnalysis.Execute () <0x4134ddc0 + 0x00443> in <filename unknown>:0 
  at Reko.Structure.StructureAnalysis.Structure () <0x4134cfc0 + 0x00137> in <filename unknown>:0 
  at Reko.DecompilerDriver.StructureProgram () <0x4134cae0 + 0x00255> in <filename unknown>:0 
fn0000A26A: error: An error occurred while rewriting procedure to high-level language.
    Failure has occurred while loading a type.
      at Reko.Structure.StructureAnalysis.ProcessUnresolvedRegions () <0x41356c40 + 0x00073> in <filename unknown>:0 
  at Reko.Structure.StructureAnalysis.Execute () <0x4134ddc0 + 0x00443> in <filename unknown>:0 
  at Reko.Structure.StructureAnalysis.Structure () <0x4134cfc0 + 0x00137> in <filename unknown>:0 
  at Reko.DecompilerDriver.StructureProgram () <0x4134cae0 + 0x00255> in <filename unknown>:0 
000013FC: warning: Expected sizes of arrays to have been determined by now
0000163C: warning: Expected sizes of arrays to have been determined by now
00014FCA: warning: Expected sizes of arrays to have been determined by now
00015222: warning: Expected sizes of arrays to have been determined by now
00015268: warning: Expected sizes of arrays to have been determined by now
0001565E: warning: Expected sizes of arrays to have been determined by now
00015674: warning: Expected sizes of arrays to have been determined by now
00015674: warning: Expected sizes of arrays to have been determined by now
00018336: warning: Expected sizes of arrays to have been determined by now
0002D854: warning: Expected sizes of arrays to have been determined by now
0002D856: warning: Expected sizes of arrays to have been determined by now
0002D876: warning: Expected sizes of arrays to have been determined by now
0002D896: warning: Expected sizes of arrays to have been determined by now
0002D8C6: warning: Expected sizes of arrays to have been determined by now
0003AAB4: warning: Expected sizes of arrays to have been determined by now
0003AC8A: warning: Expected sizes of arrays to have been determined by now
000013FC: warning: Expected sizes of arrays to have been determined by now
0000163C: warning: Expected sizes of arrays to have been determined by now
00014FCA: warning: Expected sizes of arrays to have been determined by now
00015222: warning: Expected sizes of arrays to have been determined by now
00015268: warning: Expected sizes of arrays to have been determined by now
0001565E: warning: Expected sizes of arrays to have been determined by now
00015674: warning: Expected sizes of arrays to have been determined by now
00015674: warning: Expected sizes of arrays to have been determined by now
00018336: warning: Expected sizes of arrays to have been determined by now
0002D854: warning: Expected sizes of arrays to have been determined by now
0002D856: warning: Expected sizes of arrays to have been determined by now
0002D876: warning: Expected sizes of arrays to have been determined by now
0002D896: warning: Expected sizes of arrays to have been determined by now
0002D8C6: warning: Expected sizes of arrays to have been determined by now
0003AAB4: warning: Expected sizes of arrays to have been determined by now
0003AC8A: warning: Expected sizes of arrays to have been determined by now
e`2 member:<none>
Could not load signature of Reko.Structure.StructureAnalysis:DetermineFollowLatch due to: Failed for unknown reasons. assembly:mscorlib, Version=4.0.0.0, Culture=neutral, PublicKeyToken=b77a5c561934e089 type:System.ValueTuple`2 member:<none>
Could not load signature of Reko.Structure.StructureAnalysis:DetermineFollowLatch due to: Failed for unknown reasons. assembly:mscorlib, Version=4.0.0.0, Culture=neutral, PublicKeyToken=b77a5c561934e089 type:System.ValueTuple`2 member:<none>
Could not load signature of Reko.Structure.StructureAnalysis:DetermineFollowLatch due to: Failed for unknown reasons. assembly:mscorlib, Version=4.0.0.0, Culture=neutral, PublicKeyToken=b77a5c561934e089 type:System.ValueTuple`2 member:<none>
Could not load signature of Reko.Structure.StructureAnalysis:DetermineFollowLatch due to: Failed for unknown reasons. assembly:mscorlib, Version=4.0.0.0, Culture=neutral, PublicKeyToken=b77a5c561934e089 type:System.ValueTuple`2 member:<none>
Could not load signature of Reko.Structure.StructureAnalysis:DetermineFollowLatch due to: Failed for unknown reasons. assembly:mscorlib, Version=4.0.0.0, Culture=neutral, PublicKeyToken=b77a5c561934e089 type:System.ValueTuple`2 member:<none>
Could not load signature of Reko.Structure.StructureAnalysis:DetermineFollowLatch due to: Failed for unknown reasons. assembly:mscorlib, Version=4.0.0.0, Culture=neutral, PublicKeyToken=b77a5c561934e089 type:System.ValueTuple`2 member:<none>
Could not load signature of Reko.Structure.StructureAnalysis:DetermineFollowLatch due to: Failed for unknown reasons. assembly:mscorlib, Version=4.0.0.0, Culture=neutral, PublicKeyToken=b77a5c561934e089 type:System.ValueTuple`2 member:<none>
Could not load signature of Reko.Structure.StructureAnalysis:DetermineFollowLatch due to: Failed for unknown reasons. assembly:mscorlib, Version=4.0.0.0, Culture=neutral, PublicKeyToken=b77a5c561934e089 type:System.ValueTuple`2 member:<none>
Could not load signature of Reko.Structure.StructureAnalysis:DetermineFollowLatch due to: Failed for unknown reasons. assembly:mscorlib, Version=4.0.0.0, Culture=neutral, PublicKeyToken=b77a5c561934e089 type:System.ValueTuple`2 member:<none>
Could not load signature of Reko.Structure.StructureAnalysis:DetermineFollowLatch due to: Failed for unknown reasons. assembly:mscorlib, Version=4.0.0.0, Culture=neutral, PublicKeyToken=b77a5c561934e089 type:System.ValueTuple`2 member:<none>
Could not load signature of Reko.Structure.StructureAnalysis:DetermineFollowLatch due to: Failed for unknown reasons. assembly:mscorlib, Version=4.0.0.0, Culture=neutral, PublicKeyToken=b77a5c561934e089 type:System.ValueTuple`2 member:<none>
Could not load signature of Reko.Structure.StructureAnalysis:DetermineFollowLatch due to: Failed for unknown reasons. assembly:mscorlib, Version=4.0.0.0, Culture=neutral, PublicKeyToken=b77a5c561934e089 type:System.ValueTuple`2 member:<none>
Could not load signature of Reko.Structure.StructureAnalysis:DetermineFollowLatch due to: Failed for unknown reasons. assembly:mscorlib, Version=4.0.0.0, Culture=neutral, PublicKeyToken=b77a5c561934e089 type:System.ValueTuple`2 member:<none>
