Using options:
0000000000000AA8: error: An AArch64 decoder for the instruction 9EAE0001 (ConversionBetweenFpAndInt sf:S=0b10 type=10) has not been implemented yet.
00000000000022C0: error: An AArch64 decoder for the instruction D53B4421 (System L:op0 = 0b111) has not been implemented yet.
00000000000022D0: error: An AArch64 decoder for the instruction D53B4421 (System L:op0 = 0b111) has not been implemented yet.
00000000000022E4: error: An AArch64 decoder for the instruction D53B4421 (System L:op0 = 0b111) has not been implemented yet.
00000000000022F8: error: An AArch64 decoder for the instruction D53B4421 (System L:op0 = 0b111) has not been implemented yet.
0000000000002308: error: An AArch64 decoder for the instruction D53B4420 (System L:op0 = 0b111) has not been implemented yet.
0000000000001F50: error: An AArch64 decoder for the instruction 9E660000 (ConversionBetweenFpAndInt sf:S=0b10 type=01) has not been implemented yet.
0000000000001C38: error: An AArch64 decoder for the instruction 9EAE0001 (ConversionBetweenFpAndInt sf:S=0b10 type=10) has not been implemented yet.
0000000000001B20: error: An AArch64 decoder for the instruction 9E660000 (ConversionBetweenFpAndInt sf:S=0b10 type=01) has not been implemented yet.
0000000000001A30: error: An AArch64 decoder for the instruction D53B4401 (System L:op0 = 0b111) has not been implemented yet.
0000000000000D88: error: An AArch64 decoder for the instruction 9E660022 (ConversionBetweenFpAndInt sf:S=0b10 type=01) has not been implemented yet.
0000000000000C5C: warning: AArch64 instruction fcmpe	d1,d0 is not supported yet.
0000000000000B5C: error: An AArch64 decoder for the instruction 9E660000 (ConversionBetweenFpAndInt sf:S=0b10 type=01) has not been implemented yet.
0000000000000AFC: error: An AArch64 decoder for the instruction 9E660000 (ConversionBetweenFpAndInt sf:S=0b10 type=01) has not been implemented yet.
0000000000000A34: error: An AArch64 decoder for the instruction 9E660000 (ConversionBetweenFpAndInt sf:S=0b10 type=01) has not been implemented yet.
00000000000009B4: error: An AArch64 decoder for the instruction 9E660000 (ConversionBetweenFpAndInt sf:S=0b10 type=01) has not been implemented yet.
0000000000000934: error: An AArch64 decoder for the instruction 1E780000 (ConversionBetweenFpAndInt sf:S=0b00 type=01) has not been implemented yet.
0000000000000888: error: An AArch64 decoder for the instruction 9E620000 (ConversionBetweenFpAndInt sf:S=0b10 type=01) has not been implemented yet.
00012DA8: warning: Expected sizes of arrays to have been determined by now
00013070: error: Failed to write global variable g_ow13070.
    Primitive type word128 not supported.
      at Reko.Core.MemoryArea.ReadLe (System.Byte[] abImage, System.Int64 imageOffset, Reko.Core.Types.PrimitiveType type) [0x000c1] in <2667e8a193974a868cfa5b2b3d3216ec>:0 
  at Reko.Core.MemoryArea.ReadLe (System.Int64 imageOffset, Reko.Core.Types.PrimitiveType type) [0x00027] in <2667e8a193974a868cfa5b2b3d3216ec>:0 
  at Reko.Core.ImageReader.ReadLe (Reko.Core.Types.PrimitiveType type) [0x00008] in <2667e8a193974a868cfa5b2b3d3216ec>:0 
  at Reko.Core.LeImageReader.Read (Reko.Core.Types.PrimitiveType dataType) [0x00000] in <2667e8a193974a868cfa5b2b3d3216ec>:0 
  at Reko.Core.Output.GlobalDataWriter.VisitPrimitive (Reko.Core.Types.PrimitiveType pt) [0x00000] in <2667e8a193974a868cfa5b2b3d3216ec>:0 
  at Reko.Core.Types.PrimitiveType.Accept[T] (Reko.Core.Types.IDataTypeVisitor`1[T] v) [0x00000] in <2667e8a193974a868cfa5b2b3d3216ec>:0 
  at Reko.Core.Output.GlobalDataWriter.WriteGlobalVariable (Reko.Core.Types.StructureField field) [0x0006a] in <2667e8a193974a868cfa5b2b3d3216ec>:0 
00012DA8: warning: Expected sizes of arrays to have been determined by now
00013070: error: Failed to write global variable g_ow13070.
    Primitive type word128 not supported.
      at Reko.Core.MemoryArea.ReadLe (System.Byte[] abImage, System.Int64 imageOffset, Reko.Core.Types.PrimitiveType type) [0x000c1] in <2667e8a193974a868cfa5b2b3d3216ec>:0 
  at Reko.Core.MemoryArea.ReadLe (System.Int64 imageOffset, Reko.Core.Types.PrimitiveType type) [0x00027] in <2667e8a193974a868cfa5b2b3d3216ec>:0 
  at Reko.Core.ImageReader.ReadLe (Reko.Core.Types.PrimitiveType type) [0x00008] in <2667e8a193974a868cfa5b2b3d3216ec>:0 
  at Reko.Core.LeImageReader.Read (Reko.Core.Types.PrimitiveType dataType) [0x00000] in <2667e8a193974a868cfa5b2b3d3216ec>:0 
  at Reko.Core.Output.GlobalDataWriter.VisitPrimitive (Reko.Core.Types.PrimitiveType pt) [0x00000] in <2667e8a193974a868cfa5b2b3d3216ec>:0 
  at Reko.Core.Types.PrimitiveType.Accept[T] (Reko.Core.Types.IDataTypeVisitor`1[T] v) [0x00000] in <2667e8a193974a868cfa5b2b3d3216ec>:0 
  at Reko.Core.Output.GlobalDataWriter.WriteGlobalVariable (Reko.Core.Types.StructureField field) [0x0006a] in <2667e8a193974a868cfa5b2b3d3216ec>:0 
