Level | File                                    | Message
====================================================================================================
Msg   | src/boomerang/util/log/Log.cpp          | This is Boomerang v0.3.99-alpha-1914-ged7a3e1
Msg   | src/boomerang/util/log/Log.cpp          | Log initialized.
Msg   | src/boomerang/core/Project.cpp          | Loading plugins...
Msg   | src/boomerang/core/Project.cpp          | Loaded plugins:
Msg   | src/boomerang/core/Project.cpp          |   DOS4GW loader plugin v0.3.99-alpha-1914-ged7a3e1 (by 'Boomerang developers')
Msg   | src/boomerang/core/Project.cpp          |   ELF32 loader plugin v0.3.99-alpha-1914-ged7a3e1 (by 'Boomerang developers')
Msg   | src/boomerang/core/Project.cpp          |   DOS Exe loader plugin v0.3.99-alpha-1914-ged7a3e1 (by 'Boomerang developers')
Msg   | src/boomerang/core/Project.cpp          |   HP SOM loader plugin v0.3.99-alpha-1914-ged7a3e1 (by 'Boomerang developers')
Msg   | src/boomerang/core/Project.cpp          |   Mach-O executable loader plugin v0.3.99-alpha-1914-ged7a3e1 (by 'Boomerang developers')
Msg   | src/boomerang/core/Project.cpp          |   Palm OS executable loader plugin v0.3.99-alpha-1914-ged7a3e1 (by 'Boomerang developers')
Msg   | src/boomerang/core/Project.cpp          |   Win32 PE loader plugin v0.3.99-alpha-1914-ged7a3e1 (by 'Boomerang developers')
Msg   | src/boomerang/core/Project.cpp          | Loading binary file 'from_boomerang/true/ia32_elf_from_fedora3/subject.exe'
Warn  | src/boomerang-loaders/elf/ElfBinaryLoad | Skipping symbol stdout with unknown location
Msg   | src/boomerang/ssl/RTLInstDict.cpp       | Loading machine specifications from 'BOOMERANGSRCDIR/build/out/share/boomerang/ssl/pentium.ssl'...
Msg   | src/boomerang/db/Prog.cpp               | Reading library signatures...
Msg   | src/boomerang/core/Project.cpp          | Decoding entry point...
Warn  | src/boomerang/db/Prog.cpp               | Unknown library function '__libc_start_main', please update signatures!
Msg   | src/boomerang/frontend/DefaultFrontEnd. | Starting decode at address 0x08048c4a
Msg   | src/boomerang/core/Project.cpp          | Decoding anything undecoded...
Msg   | src/boomerang/frontend/DefaultFrontEnd. | Looking for undecoded procedures to decode...
Warn  | src/boomerang/db/Prog.cpp               | Unknown library function '__overflow', please update signatures!
Msg   | src/boomerang/core/Project.cpp          | Found 6 procs
Msg   | src/boomerang-cli/CommandlineDriver.cpp | Decompiling...
Msg   | src/boomerang/decomp/ProgDecompiler.cpp | Decompiling entry point 'main'
Msg   | src/boomerang/decomp/ProcDecompiler.cpp | Visiting procedure 'main'
Msg   | src/boomerang/decomp/ProcDecompiler.cpp | Visiting procedure 'proc_0x08048d64'
Msg   | src/boomerang/decomp/ProcDecompiler.cpp | Decompiling procedure 'proc_0x08048d64'
Msg   | src/boomerang/decomp/ProcDecompiler.cpp | Finished decompile of 'proc_0x08048d64'
Msg   | src/boomerang/decomp/ProcDecompiler.cpp | Visiting procedure 'proc_0x0804a0a0'
Msg   | src/boomerang/decomp/ProcDecompiler.cpp | Decompiling procedure 'proc_0x0804a0a0'
Msg   | src/boomerang/decomp/ProcDecompiler.cpp | Finished decompile of 'proc_0x0804a0a0'
Msg   | src/boomerang/decomp/ProcDecompiler.cpp | Visiting procedure 'proc_0x08049ccd'
Msg   | src/boomerang/decomp/ProcDecompiler.cpp | Visiting procedure 'proc_0x08049ac0'
Msg   | src/boomerang/decomp/ProcDecompiler.cpp | Decompiling procedure 'proc_0x08049ac0'
Msg   | src/boomerang/decomp/ProcDecompiler.cpp | Finished decompile of 'proc_0x08049ac0'
Msg   | src/boomerang/decomp/ProcDecompiler.cpp | Decompiling procedure 'proc_0x08049ccd'
Msg   | src/boomerang/decomp/ProcDecompiler.cpp | Finished decompile of 'proc_0x08049ccd'
Msg   | src/boomerang/decomp/ProcDecompiler.cpp | Visiting procedure 'proc_0x08048b68'
Msg   | src/boomerang/decomp/ProcDecompiler.cpp | Decompiling procedure 'proc_0x08048b68'
Msg   | src/boomerang/decomp/ProcDecompiler.cpp | Finished decompile of 'proc_0x08048b68'
Msg   | src/boomerang/decomp/ProcDecompiler.cpp | Decompiling procedure 'main'
Msg   | src/boomerang/decomp/ProcDecompiler.cpp | Finished decompile of 'main'
Msg   | src/boomerang/decomp/ProgDecompiler.cpp | Performing global type analysis...
Msg   | src/boomerang/decomp/ProgDecompiler.cpp | Removing unused returns...
Msg   | src/boomerang/decomp/ProgDecompiler.cpp | Removing unused returns...
Msg   | src/boomerang/decomp/ProgDecompiler.cpp | Performing global type analysis...
Msg   | src/boomerang/decomp/ProgDecompiler.cpp | Transforming from SSA form...
Warn  | src/boomerang/visitor/stmtmodifier/Stmt | Forcing type of local 'eax' from 'union { __size32; char *[] *; }' to 'char *' due to library constraints
Warn  | src/boomerang/visitor/stmtmodifier/Stmt | Forcing type of local 'ecx' from '__size32' to 'void' due to library constraints
Warn  | src/boomerang/visitor/stmtmodifier/Stmt | Forcing type of local 'edx' from 'char *[]' to 'void' due to library constraints
Warn  | src/boomerang/visitor/stmtmodifier/Stmt | Forcing type of local 'esp' from '__size32' to 'void' due to library constraints
Warn  | src/boomerang/visitor/stmtmodifier/Stmt | Forcing type of local 'eax' from 'char *' to '__size32' due to library constraints
Warn  | src/boomerang/visitor/stmtmodifier/Stmt | Forcing type of local 'eax' from '__size32' to 'char *' due to library constraints
Error | src/boomerang/visitor/expmodifier/ExpSS | Could not find local or parameter for tmpb{29}!!
Error | src/boomerang/visitor/expmodifier/ExpSS | Could not find local or parameter for tmpb{29}!!
Error | src/boomerang/visitor/expmodifier/ExpSS | Could not find local or parameter for %flags{35}!!
Warn  | src/boomerang/visitor/stmtmodifier/Stmt | Forcing type of local 'eax' from '__size32' to 'int' due to library constraints
Error | src/boomerang/visitor/expmodifier/ExpSS | Could not find local or parameter for r25{8}!!
Warn  | src/boomerang/visitor/stmtmodifier/Stmt | Forcing type of local 'edx' from 'union { __size32; __size32 *; }' to 'void' due to library constraints
Warn  | src/boomerang/visitor/stmtmodifier/Stmt | Forcing type of local 'esp' from '__size32' to 'void' due to library constraints
Error | src/boomerang/visitor/expmodifier/ExpSS | Could not find local or parameter for r25{8}!!
Error | src/boomerang/visitor/expmodifier/ExpSS | Could not find local or parameter for r27{0}!!
Error | src/boomerang/visitor/expmodifier/ExpSS | Could not find local or parameter for r29{0}!!
Error | src/boomerang/visitor/expmodifier/ExpSS | Could not find local or parameter for r29{0}!!
Error | src/boomerang/visitor/expmodifier/ExpSS | Could not find local or parameter for r27{0}!!
Error | src/boomerang/visitor/expmodifier/ExpSS | Could not find local or parameter for r24{5}!!
Error | src/boomerang/visitor/expmodifier/ExpSS | Could not find local or parameter for r25{5}!!
Error | src/boomerang/visitor/expmodifier/ExpSS | Could not find local or parameter for r26{5}!!
Error | src/boomerang/visitor/expmodifier/ExpSS | Could not find local or parameter for r24{5}!!
Error | src/boomerang/visitor/expmodifier/ExpSS | Could not find local or parameter for r25{5}!!
Error | src/boomerang/visitor/expmodifier/ExpSS | Could not find local or parameter for r26{5}!!
Error | src/boomerang/visitor/expmodifier/ExpSS | Could not find local or parameter for r27{0}!!
Error | src/boomerang/visitor/expmodifier/ExpSS | Could not find local or parameter for r29{0}!!
Error | src/boomerang/visitor/expmodifier/ExpSS | Could not find local or parameter for m[esp + 12]{0}!!
Error | src/boomerang/visitor/expmodifier/ExpSS | Could not find local or parameter for m[esp + 16]{0}!!
Error | src/boomerang/visitor/expmodifier/ExpSS | Could not find local or parameter for r29{0}!!
Error | src/boomerang/visitor/expmodifier/ExpSS | Could not find local or parameter for r27{0}!!
Error | src/boomerang/visitor/expmodifier/ExpSS | Could not find local or parameter for m[esp + 16]{0}!!
Error | src/boomerang/visitor/expmodifier/ExpSS | Could not find local or parameter for m[esp + 12]{0}!!
Error | src/boomerang/visitor/expmodifier/ExpSS | Could not find local or parameter for r25{4}!!
Warn  | src/boomerang/visitor/stmtmodifier/Stmt | Forcing type of local 'edx' from 'union { __size32; FILE *; }' to 'void' due to library constraints
Warn  | src/boomerang/visitor/stmtmodifier/Stmt | Forcing type of local 'esp' from '__size32' to 'void' due to library constraints
Error | src/boomerang/visitor/expmodifier/ExpSS | Could not find local or parameter for r25{5}!!
Error | src/boomerang/visitor/expmodifier/ExpSS | Could not find local or parameter for r25{6}!!
Error | src/boomerang/visitor/expmodifier/ExpSS | Could not find local or parameter for r25{9}!!
Error | src/boomerang/visitor/expmodifier/ExpSS | Could not find local or parameter for r25{10}!!
Error | src/boomerang/visitor/expmodifier/ExpSS | Could not find local or parameter for r25{12}!!
Error | src/boomerang/visitor/expmodifier/ExpSS | Could not find local or parameter for r25{13}!!
Error | src/boomerang/visitor/expmodifier/ExpSS | Could not find local or parameter for r25{14}!!
Warn  | src/boomerang/visitor/stmtmodifier/Stmt | Forcing type of local 'eax' from 'char *' to '__size32' due to library constraints
Error | src/boomerang/visitor/expmodifier/ExpSS | Could not find local or parameter for r25{15}!!
Error | src/boomerang/visitor/expmodifier/ExpSS | Could not find local or parameter for r25{15}!!
Error | src/boomerang/visitor/expmodifier/ExpSS | Could not find local or parameter for r29{0}!!
Warn  | src/boomerang/visitor/stmtmodifier/Stmt | Forcing type of local 'eax' from '__size32' to 'int' due to library constraints
Error | src/boomerang/visitor/expmodifier/ExpSS | Could not find local or parameter for r25{19}!!
Warn  | src/boomerang/visitor/stmtmodifier/Stmt | Forcing type of local 'edx' from '__size32' to 'void' due to library constraints
Warn  | src/boomerang/visitor/stmtmodifier/Stmt | Forcing type of local 'esp' from '__size32' to 'void' due to library constraints
Error | src/boomerang/visitor/expmodifier/ExpSS | Could not find local or parameter for r24{22}!!
Error | src/boomerang/visitor/expmodifier/ExpSS | Could not find local or parameter for r25{22}!!
Error | src/boomerang/visitor/expmodifier/ExpSS | Could not find local or parameter for r24{22}!!
Error | src/boomerang/visitor/expmodifier/ExpSS | Could not find local or parameter for r24{22}!!
Error | src/boomerang/visitor/expmodifier/ExpSS | Could not find local or parameter for r25{23}!!
Error | src/boomerang/visitor/expmodifier/ExpSS | Could not find local or parameter for r25{30}!!
Error | src/boomerang/visitor/expmodifier/ExpSS | Could not find local or parameter for r24{35}!!
Error | src/boomerang/visitor/expmodifier/ExpSS | Could not find local or parameter for r25{35}!!
Error | src/boomerang/visitor/expmodifier/ExpSS | Could not find local or parameter for r24{35}!!
Error | src/boomerang/visitor/expmodifier/ExpSS | Could not find local or parameter for r24{35}!!
Error | src/boomerang/visitor/expmodifier/ExpSS | Could not find local or parameter for r25{36}!!
Error | src/boomerang/visitor/expmodifier/ExpSS | Could not find local or parameter for r25{36}!!
Error | src/boomerang/visitor/expmodifier/ExpSS | Could not find local or parameter for r29{0}!!
Error | src/boomerang/visitor/expmodifier/ExpSS | Could not find local or parameter for r31{0}!!
Error | src/boomerang/visitor/expmodifier/ExpSS | Could not find local or parameter for m[esp + 12]{0}!!
Error | src/boomerang/visitor/expmodifier/ExpSS | Could not find local or parameter for m[esp + 16]{0}!!
Error | src/boomerang/visitor/expmodifier/ExpSS | Could not find local or parameter for r29{0}!!
Error | src/boomerang/visitor/expmodifier/ExpSS | Could not find local or parameter for r31{0}!!
Error | src/boomerang/visitor/expmodifier/ExpSS | Could not find local or parameter for m[esp - 28]{0}!!
Error | src/boomerang/visitor/expmodifier/ExpSS | Could not find local or parameter for m[esp - 32]{0}!!
Error | src/boomerang/visitor/expmodifier/ExpSS | Could not find local or parameter for r24{35}!!
Error | src/boomerang/visitor/expmodifier/ExpSS | Could not find local or parameter for r25{38}!!
Warn  | src/boomerang/visitor/stmtmodifier/Stmt | Forcing type of local 'eax' from 'int' to '__size32' due to library constraints
Error | src/boomerang/visitor/expmodifier/ExpSS | Could not find local or parameter for r25{40}!!
Error | src/boomerang/visitor/expmodifier/ExpSS | Could not find local or parameter for r25{42}!!
Msg   | src/boomerang/decomp/ProgDecompiler.cpp | Removing unused global variables...
Msg   | src/boomerang/decomp/ProgDecompiler.cpp | Decompilation finished.
Msg   | src/boomerang/core/Project.cpp          | Generating code...
Warn  | src/boomerang/codegen/CCodeGenerator.cp | No out edge for BB at address 0x08048d4d, in proc main
Warn  | src/boomerang/codegen/CCodeGenerator.cp | No out edge for BB at address 0x08049b26, in proc proc_0x08049ac0
Msg   | src/boomerang-cli/CommandlineDriver.cpp | Output written to '_output'
Msg   | src/boomerang-cli/CommandlineDriver.cpp | Completed in some time
