[I] JEB 4.11.0.202201181921 (jeb-ce) is starting...
[I] Current directory: SUBJECTS
[I] Base directory: JEBDIR
[I] System: Mac OS X 12.2 (aarch64) de_DE
[I] Java: Homebrew 17.0.1
[I] Memory Usage: 36.0M used (228.0M free, 6.0G max)
[I] Initializing Jython, please wait...
Processing file: SUBJECTS/from_boomerang/true/ia32_elf_from_fedora3/subject.exe...
[I] {subject.exe > subject.exe > x86 image}: Detected compiler: unknown (Linux)
[I] {subject.exe > subject.exe > x86 image}: Initial native analysis styles: code gaps: PROLOGUES_ONLY, data gaps: DEFAULT
[I] {subject.exe > subject.exe > x86 image}: Analysis completed (0s)
[I] {subject.exe > subject.exe > x86 image}: Initial analysis created 68 methods
Output folder: jeb_output
  0/ 68: Method: sub_8048D64
  1/ 68: 1/68: sub_8048D64 (DONE:39ms)
  1/ 68: Method: sub_8049905
  2/ 68: 2/68: sub_8049905 (DONE:105ms)
  2/ 68: Method: sub_80488DA
  3/ 68: 3/68: sub_80488DA (DONE:13ms)
  3/ 68: Method: →dcgettext
  4/ 68: 4/68: →dcgettext (DONE:17ms)
  4/ 68: Method: →__errno_location
  5/ 68: 5/68: →__errno_location (DONE:8ms)
  5/ 68: Method: →fputs_unlocked
  6/ 68: 6/68: →fputs_unlocked (DONE:9ms)
  6/ 68: Method: →abort
  7/ 68: 7/68: →abort (DONE:7ms)
  7/ 68: Method: →error
  8/ 68: 8/68: →error (DONE:11ms)
  8/ 68: Method: sub_8049D10
  9/ 68: 9/68: sub_8049D10 (DONE:37ms)
  9/ 68: Method: →__overflow
 10/ 68: 10/68: →__overflow (DONE:8ms)
 10/ 68: Method: →fprintf
 11/ 68: 11/68: →fprintf (DONE:8ms)
 11/ 68: Method: →printf
 12/ 68: 12/68: →printf (DONE:8ms)
 12/ 68: Method: →exit
 13/ 68: 13/68: →exit (DONE:8ms)
 13/ 68: Method: →memset
 14/ 68: 14/68: →memset (DONE:13ms)
 14/ 68: Method: sub_8048FA3
 15/ 68: 15/68: sub_8048FA3 (DONE:98ms)
 15/ 68: Method: sub_8048B08
 16/ 68: 16/68: sub_8048B08 (DONE:70ms)
 16/ 68: Method: sub_8048B3C
 17/ 68: 17/68: sub_8048B3C (DONE:22ms)
 17/ 68: Method: sub_804A0D0
 18/ 68: 18/68: sub_804A0D0 (DONE:45ms)
 18/ 68: Method: sub_8048F36
 19/ 68: 19/68: sub_8048F36 (DONE:136ms)
 19/ 68: Method: →__fpending
 20/ 68: 20/68: →__fpending (DONE:8ms)
 20/ 68: Method: →getenv
 21/ 68: 21/68: →getenv (DONE:7ms)
 21/ 68: Method: →setlocale
 22/ 68: 22/68: →setlocale (DONE:8ms)
 22/ 68: Method: →__cxa_atexit
 23/ 68: 23/68: →__cxa_atexit (DONE:10ms)
 23/ 68: Method: →malloc
 24/ 68: 24/68: →malloc (DONE:10ms)
 24/ 68: Method: sub_8049DC5
 25/ 68: 25/68: sub_8049DC5 (DONE:70ms)
 25/ 68: Method: →vfprintf
 26/ 68: 26/68: →vfprintf (DONE:8ms)
 26/ 68: Method: →bindtextdomain
 27/ 68: 27/68: →bindtextdomain (DONE:10ms)
 27/ 68: Method: →mbrtowc
 28/ 68: 28/68: →mbrtowc (DONE:7ms)
 28/ 68: Method: →__libc_start_main
 29/ 68: 29/68: →__libc_start_main (DONE:6ms)
 29/ 68: Method: →realloc
 30/ 68: 30/68: →realloc (DONE:7ms)
 30/ 68: Method: sub_8049E3F
 31/ 68: 31/68: sub_8049E3F (DONE:60ms)
 31/ 68: Method: →textdomain
 32/ 68: 32/68: →textdomain (DONE:7ms)
 32/ 68: Method: →memcpy
 33/ 68: 33/68: →memcpy (DONE:6ms)
 33/ 68: Method: →fclose
 34/ 68: 34/68: →fclose (DONE:5ms)
 34/ 68: Method: →__ctype_get_mb_cur_max
 35/ 68: 35/68: →__ctype_get_mb_cur_max (DONE:5ms)
 35/ 68: Method: →iswprint
 36/ 68: 36/68: →iswprint (DONE:11ms)
 36/ 68: Method: →free
 37/ 68: 37/68: →free (DONE:6ms)
 37/ 68: Method: →mbsinit
 38/ 68: 38/68: →mbsinit (DONE:6ms)
 38/ 68: Method: →__ctype_b_loc
 39/ 68: 39/68: →__ctype_b_loc (DONE:7ms)
 39/ 68: Method: sub_8048B68
 40/ 68: 40/68: sub_8048B68 (DONE:115ms)
 40/ 68: Method: sub_8049AC0
 41/ 68: 41/68: sub_8049AC0 (DONE:280ms)
 41/ 68: Method: sub_8049FE0
 42/ 68: 42/68: sub_8049FE0 (DONE:22ms)
 42/ 68: Method: sub_8049CCD
 43/ 68: 43/68: sub_8049CCD (DONE:24ms)
 43/ 68: Method: →calloc
 44/ 68: 44/68: →calloc (DONE:6ms)
 44/ 68: Method: sub_8048E70
 45/ 68: 45/68: sub_8048E70 (DONE:46ms)
 45/ 68: Method: sub_8049F27
 46/ 68: 46/68: sub_8049F27 (DONE:19ms)
 46/ 68: Method: start
 47/ 68: 47/68: start (DONE:15ms)
 47/ 68: Method: sub_8049E75
 48/ 68: 48/68: sub_8049E75 (DONE:203ms)
 48/ 68: Method: sub_8049EE2
 49/ 68: 49/68: sub_8049EE2 (DONE:72ms)
 49/ 68: Method: sub_8049FA5
 50/ 68: 50/68: sub_8049FA5 (DONE:22ms)
 50/ 68: Method: sub_80496C3
 51/ 68: 51/68: sub_80496C3 (DONE:65ms)
 51/ 68: Method: sub_8049721
 52/ 68: 52/68: sub_8049721 (DONE:370ms)
 52/ 68: Method: sub_80498AE
 53/ 68: 53/68: sub_80498AE (DONE:11ms)
 53/ 68: Method: sub_804995F
 54/ 68: 54/68: sub_804995F (DONE:20ms)
 54/ 68: Method: sub_80499F0
 55/ 68: 55/68: sub_80499F0 (DONE:38ms)
 55/ 68: Method: sub_8049A8B
 56/ 68: 56/68: sub_8049A8B (DONE:16ms)
 56/ 68: Method: sub_804998F
 57/ 68: 57/68: sub_804998F (DONE:22ms)
 57/ 68: Method: sub_80498DA
 58/ 68: 58/68: sub_80498DA (DONE:15ms)
 58/ 68: Method: sub_80499BE
 59/ 68: 59/68: sub_80499BE (DONE:16ms)
[E] The routine close_stdout is not internal
 59/ 68: Method: sub_8048FF6
[E] An optimizer failed: BD: java.lang.IndexOutOfBoundsException: Index -1 out of bounds for length 0
 60/ 68: 60/68: sub_8048FF6 (DONE:6140ms)
 60/ 68: Method: sub_8048AE4
 61/ 68: 61/68: sub_8048AE4 (DONE:23ms)
 61/ 68: Method: initializer_0
 62/ 68: 62/68: initializer_0 (DONE:11ms)
 62/ 68: Method: finalizer_0
 63/ 68: 63/68: finalizer_0 (DONE:11ms)
 63/ 68: Method: sub_804A0A0
 64/ 68: 64/68: sub_804A0A0 (DONE:14ms)
 64/ 68: Method: sub_8048C4A
 65/ 68: 65/68: sub_8048C4A (DONE:261ms)
 65/ 68: Method: sub_804A008
 66/ 68: 66/68: sub_804A008 (DONE:57ms)
 66/ 68: Method: sub_804A05C
 67/ 68: 67/68: sub_804A05C (DONE:48ms)
Exectime: 9.956000 sec
[I] Done.
