=== Using options:--aggressive-branch-removal
fn08048FF6: error: An internal error occurred while building the expressions of fn08048FF6
    The given key 'esi_75' was not present in the dictionary.
       at Reko.Analysis.UnreachableBlockRemover.RemoveFromPhiFunctions(Block block, HashSet`1 deadBlocks) in /home/runner/work/reko/reko/src/Decompiler/Analysis/UnreachableBlockRemover.cs:line 147
   at Reko.Analysis.UnreachableBlockRemover.RemoveDeadBlocks(HashSet`1 deadBlocks) in /home/runner/work/reko/reko/src/Decompiler/Analysis/UnreachableBlockRemover.cs:line 137
   at Reko.Analysis.UnreachableBlockRemover.Transform() in /home/runner/work/reko/reko/src/Decompiler/Analysis/UnreachableBlockRemover.cs:line 73
   at Reko.Analysis.DataFlowAnalysis.BuildExpressionTrees(IReadOnlyCollection`1 ssts) in /home/runner/work/reko/reko/src/Decompiler/Analysis/DataFlowAnalysis.cs:line 235
l08049218: warning: Phi functions will be ignored by type analysis. This may be caused by a failure in a previous stage of the decompilation.
fn08048FF6: error: An error occurred while rewriting procedure to high-level language.
    The given key 'l08049243' was not present in the dictionary.
       at System.Collections.Generic.Dictionary`2.get_Item(TKey key)
   at Reko.Core.Graphs.DominatorGraph`1.BuildDominanceFrontiers(DirectedGraph`1 graph, Dictionary`2 idoms) in /home/runner/work/reko/reko/src/Core/Graphs/DominatorGraph.cs:line 193
   at Reko.Core.Graphs.DominatorGraph`1..ctor(DirectedGraph`1 graph, T entryNode) in /home/runner/work/reko/reko/src/Core/Graphs/DominatorGraph.cs:line 46
   at Reko.Structure.StructureAnalysis.Execute() in /home/runner/work/reko/reko/src/Decompiler/Structure/StructureAnalysis.cs:line 145
   at Reko.Structure.StructureAnalysis.Structure() in /home/runner/work/reko/reko/src/Decompiler/Structure/StructureAnalysis.cs:line 80
   at Reko.Decompiler.StructureProgram() in /home/runner/work/reko/reko/src/Decompiler/Decompiler.cs:line 551
0804A2CC: warning: Expected sizes of arrays to have been determined by now
0804A2E8: warning: Expected sizes of arrays to have been determined by now
0804A2CC: warning: Expected sizes of arrays to have been determined by now
0804A2E8: warning: Expected sizes of arrays to have been determined by now
