INFO  holdec.an - ### holdec 1.1 Copyright 2003-2012 Raimar Falke
INFO  holdec.an - Using ./from_dcc/intops/ia32_mz_from_dcc/subject.exe as executable
INFO  holdec.fG - Detected MZ (MS-DOS)
INFO  holdec.ks - wrote ./from_dcc/intops/ia32_mz_from_dcc/subject.exe.info
INFO  holdec.fG - disassembleAndWrite: start a new loop with 1 extra block starts
INFO  holdec.fG - disassembleAndWrite: running multiline
INFO  holdec.ks - wrote ./from_dcc/intops/ia32_mz_from_dcc/subject.exe.info
INFO  holdec.ks - wrote ./from_dcc/intops/ia32_mz_from_dcc/subject.exe.info
INFO  holdec.fG - disassembleAndWrite: found 48 new addresses
INFO  holdec.fG - disassembleAndWrite: start a new loop with 49 extra block starts
INFO  holdec.fG - disassembleAndWrite: running multiline
INFO  holdec.ks - wrote ./from_dcc/intops/ia32_mz_from_dcc/subject.exe.info
INFO  holdec.ks - wrote ./from_dcc/intops/ia32_mz_from_dcc/subject.exe.info
WARN  holdec.fE - Ignore overlapping address 00001440[4,0].3
WARN  holdec.fE - Ignore overlapping address 00001442[4,0].3
WARN  holdec.fE - Ignore overlapping address 00001444[4,0].3
WARN  holdec.fE - Ignore overlapping address 00001446[4,0].3
WARN  holdec.fE - Ignore overlapping address 00001448[4,0].3
WARN  holdec.fE - Ignore overlapping address 00001441[4,1].3
WARN  holdec.fE - Ignore overlapping address 00001443[4,1].3
WARN  holdec.fE - Ignore overlapping address 00001445[4,1].3
WARN  holdec.fE - Ignore overlapping address 0000145a[5,0].3
INFO  holdec.fG - disassembleAndWrite: found 16 new addresses
INFO  holdec.fG - disassembleAndWrite: start a new loop with 65 extra block starts
INFO  holdec.fG - disassembleAndWrite: running multiline
INFO  holdec.ks - wrote ./from_dcc/intops/ia32_mz_from_dcc/subject.exe.info
INFO  holdec.ks - wrote ./from_dcc/intops/ia32_mz_from_dcc/subject.exe.info
WARN  holdec.fE - Ignore overlapping address 00001440[4,0].3
WARN  holdec.fE - Ignore overlapping address 00001442[4,0].3
WARN  holdec.fE - Ignore overlapping address 00001444[4,0].3
WARN  holdec.fE - Ignore overlapping address 00001446[4,0].3
WARN  holdec.fE - Ignore overlapping address 00001448[4,0].3
WARN  holdec.fE - Ignore overlapping address 00001441[4,1].3
WARN  holdec.fE - Ignore overlapping address 00001443[4,1].3
WARN  holdec.fE - Ignore overlapping address 00001445[4,1].3
WARN  holdec.fE - Ignore overlapping address 0000145a[5,0].3
INFO  holdec.fG - disassembleAndWrite: found 1 new addresses
INFO  holdec.fG - disassembleAndWrite: start a new loop with 66 extra block starts
INFO  holdec.fG - disassembleAndWrite: running multiline
INFO  holdec.ks - wrote ./from_dcc/intops/ia32_mz_from_dcc/subject.exe.info
INFO  holdec.ks - wrote ./from_dcc/intops/ia32_mz_from_dcc/subject.exe.info
WARN  holdec.fE - Ignore overlapping address 00001440[4,0].3
WARN  holdec.fE - Ignore overlapping address 00001442[4,0].3
WARN  holdec.fE - Ignore overlapping address 00001444[4,0].3
WARN  holdec.fE - Ignore overlapping address 00001446[4,0].3
WARN  holdec.fE - Ignore overlapping address 00001448[4,0].3
WARN  holdec.fE - Ignore overlapping address 00001441[4,1].3
WARN  holdec.fE - Ignore overlapping address 00001443[4,1].3
WARN  holdec.fE - Ignore overlapping address 00001445[4,1].3
WARN  holdec.fE - Ignore overlapping address 0000145a[5,0].3
INFO  holdec.fG - disassembleAndWrite: found no new addresses. will stop now.
INFO  holdec.ks - wrote ./from_dcc/intops/ia32_mz_from_dcc/subject.exe.info
INFO  holdec.ks - wrote ./from_dcc/intops/ia32_mz_from_dcc/subject.exe.info
INFO  holdec.fG - reading all asm lines ...
INFO  holdec.fG - ... read 5299 asm lines
