Analyzing './from_decompile-it.com/lame/ia32_elf_from_website/subject.exe' as a x86 32 ELF binary file.

0 Procs, 0 Labels, 0 Branches, 0 MB used, 0 / 0 kB covered
./from_decompile-it.com/lame/ia32_elf_from_website/subject.exe: 38 sections starting at 0x0001DAF4
./from_decompile-it.com/lame/ia32_elf_from_website/subject.exe: section string table at 0x0001E06C, 0x164 bytes
 Offset:  [ix]  Address    Size    Offset  Name
0001DAF4: [ 0] 00000000 00000000 00000000 
0001DB1C: [ 1] 08048134 00000013 00000134 .interp
0001DB44: [ 2] 08048148 00000020 00000148 .note.ABI-tag
0001DB6C: [ 3] 08048168 00000024 00000168 .note.gnu.build-id
0001DB94: [ 4] 0804818C 0000004C 0000018C .gnu.hash
0001DBBC: [ 5] 080481D8 00000B40 000001D8 .dynsym
0001DBE4: [ 6] 08048D18 00000BA4 00000D18 .dynstr
0001DC0C: [ 7] 080498BC 00000168 000018BC .gnu.version
0001DC34: [ 8] 08049A24 00000080 00001A24 .gnu.version_r
0001DC5C: [ 9] 08049AA4 00000028 00001AA4 .rel.dyn
0001DC84: [10] 08049ACC 00000540 00001ACC .rel.plt
0001DCAC: [11] 0804A00C 00000030 0000200C .init
0001DCD4: [12] 0804A03C 00000A90 0000203C .plt
0001DCFC: [13] 0804AAD0 00009D6C 00002AD0 .text
0001DD24: [14] 0805483C 0000001C 0000C83C .fini
0001DD4C: [15] 08054858 00005400 0000C858 .rodata
0001DD74: [16] 08059C58 00000004 00011C58 .eh_frame
0001DD9C: [17] 0805AEFC 00000008 00011EFC .ctors
0001DDC4: [18] 0805AF04 00000008 00011F04 .dtors
0001DDEC: [19] 0805AF0C 00000004 00011F0C .jcr
0001DE14: [20] 0805AF10 000000E0 00011F10 .dynamic
0001DE3C: [21] 0805AFF0 00000004 00011FF0 .got
0001DE64: [22] 0805AFF4 000002AC 00011FF4 .got.plt
0001DE8C: [23] 0805B2A0 00000040 000122A0 .data
0001DEB4: [24] 0805B2E0 000012AC 000122E0 .bss
0001DEDC: [25] 00000000 0000002B 000122E0 .comment
0001DF04: [26] 00000000 00000100 0001230B .debug_aranges
0001DF2C: [27] 00000000 0000064D 0001240B .debug_pubnames
0001DF54: [28] 00000000 00005527 00012A58 .debug_info
0001DF7C: [29] 00000000 00000E4B 00017F7F .debug_abbrev
0001DFA4: [30] 00000000 0000152F 00018DCA .debug_line
0001DFCC: [31] 00000000 00000B90 0001A2FC .debug_frame
0001DFF4: [32] 00000000 00001724 0001AE8C .debug_str
0001E01C: [33] 00000000 00001398 0001C5B0 .debug_loc
0001E044: [34] 00000000 00000048 0001D948 .debug_ranges
0001E06C: [35] 00000000 00000164 0001D990 .shstrtab
0001E094: [36] 00000000 00001950 0001E0E4 .symtab
0001E0BC: [37] 00000000 0000183E 0001FA34 .strtab
Matching signatures...
0 Procs, 0 Labels, 0 Branches, 0 MB used, 0 / 71 kB covered
0 Procs, 0 Labels, 0 Branches, 0 MB used, 0 / 71 kB covered
Separating code and data...
0 Procs, 0 Labels, 0 Branches, 0 MB used, 0 / 71 kB covered
0 Procs, 17 Labels, 15 Branches, 0 MB used, 0 / 71 kB covered
0 Procs, 17 Labels, 15 Branches, 0 MB used, 0 / 71 kB covered
0 Procs, 26 Labels, 22 Branches, 0 MB used, 0 / 71 kB covered
0 Procs, 27 Labels, 22 Branches, 0 MB used, 0 / 71 kB covered
0 Procs, 27 Labels, 22 Branches, 0 MB used, 0 / 71 kB covered
0 Procs, 674 Labels, 919 Branches, 0 MB used, 13 / 71 kB covered
0 Procs, 1052 Labels, 1361 Branches, 0 MB used, 20 / 71 kB covered
0 Procs, 1293 Labels, 1619 Branches, 0 MB used, 25 / 71 kB covered
0 Procs, 1296 Labels, 1623 Branches, 0 MB used, 25 / 71 kB covered
0 Procs, 1325 Labels, 1658 Branches, 0 MB used, 25 / 71 kB covered
0 Procs, 1339 Labels, 1674 Branches, 0 MB used, 25 / 71 kB covered
0 Procs, 1619 Labels, 2025 Branches, 0 MB used, 32 / 71 kB covered
0 Procs, 1641 Labels, 2053 Branches, 0 MB used, 33 / 71 kB covered
0 Procs, 1673 Labels, 2093 Branches, 0 MB used, 34 / 71 kB covered
0 Procs, 1777 Labels, 2235 Branches, 0 MB used, 36 / 71 kB covered
0 Procs, 1777 Labels, 2235 Branches, 0 MB used, 36 / 71 kB covered
0 Procs, 1781 Labels, 2239 Branches, 0 MB used, 36 / 71 kB covered
0 Procs, 1784 Labels, 2243 Branches, 0 MB used, 36 / 71 kB covered
0 Procs, 1784 Labels, 2243 Branches, 0 MB used, 36 / 71 kB covered
0 Procs, 1784 Labels, 2243 Branches, 0 MB used, 36 / 71 kB covered
0 Procs, 1784 Labels, 2243 Branches, 0 MB used, 36 / 71 kB covered
0 Procs, 1784 Labels, 2243 Branches, 0 MB used, 36 / 71 kB covered
0 Procs, 1784 Labels, 2243 Branches, 0 MB used, 36 / 71 kB covered
0 Procs, 1785 Labels, 2245 Branches, 0 MB used, 36 / 71 kB covered
0 Procs, 1786 Labels, 2247 Branches, 0 MB used, 37 / 71 kB covered
0 Procs, 1786 Labels, 2249 Branches, 0 MB used, 37 / 71 kB covered
0 Procs, 1786 Labels, 2249 Branches, 0 MB used, 37 / 71 kB covered
0 Procs, 1786 Labels, 2249 Branches, 0 MB used, 37 / 71 kB covered
0 Procs, 1786 Labels, 2251 Branches, 0 MB used, 37 / 71 kB covered
0 Procs, 1786 Labels, 2251 Branches, 0 MB used, 37 / 71 kB covered
0 Procs, 1787 Labels, 2253 Branches, 0 MB used, 37 / 71 kB covered
0 Procs, 1787 Labels, 2255 Branches, 0 MB used, 37 / 71 kB covered
0 Procs, 1787 Labels, 2255 Branches, 0 MB used, 37 / 71 kB covered
0 Procs, 1791 Labels, 2262 Branches, 0 MB used, 37 / 71 kB covered
0 Procs, 1791 Labels, 2262 Branches, 0 MB used, 37 / 71 kB covered
0 Procs, 1791 Labels, 2263 Branches, 0 MB used, 37 / 71 kB covered
0 Procs, 1791 Labels, 2263 Branches, 0 MB used, 37 / 71 kB covered
0 Procs, 1791 Labels, 2263 Branches, 0 MB used, 37 / 71 kB covered
0 Procs, 1791 Labels, 2263 Branches, 0 MB used, 37 / 71 kB covered
0 Procs, 1791 Labels, 2263 Branches, 0 MB used, 37 / 71 kB covered
0 Procs, 1797 Labels, 2268 Branches, 0 MB used, 37 / 71 kB covered
0 Procs, 1797 Labels, 2268 Branches, 0 MB used, 37 / 71 kB covered
0 Procs, 1797 Labels, 2268 Branches, 0 MB used, 37 / 71 kB covered
0 Procs, 1797 Labels, 2268 Branches, 0 MB used, 37 / 71 kB covered
0 Procs, 1797 Labels, 2268 Branches, 0 MB used, 37 / 71 kB covered
0 Procs, 1797 Labels, 2268 Branches, 0 MB used, 37 / 71 kB covered
0 Procs, 1797 Labels, 2268 Branches, 0 MB used, 37 / 71 kB covered
0 Procs, 1797 Labels, 2268 Branches, 0 MB used, 37 / 71 kB covered
0 Procs, 1797 Labels, 2268 Branches, 0 MB used, 37 / 71 kB covered
0 Procs, 1797 Labels, 2268 Branches, 0 MB used, 37 / 71 kB covered
0 Procs, 1797 Labels, 2268 Branches, 0 MB used, 37 / 71 kB covered
0 Procs, 1797 Labels, 2268 Branches, 0 MB used, 37 / 71 kB covered
0 Procs, 1797 Labels, 2268 Branches, 0 MB used, 37 / 71 kB covered
0 Procs, 1797 Labels, 2268 Branches, 0 MB used, 37 / 71 kB covered
0 Procs, 1797 Labels, 2268 Branches, 0 MB used, 37 / 71 kB covered
0 Procs, 1797 Labels, 2268 Branches, 0 MB used, 37 / 71 kB covered
0 Procs, 1797 Labels, 2268 Branches, 0 MB used, 37 / 71 kB covered
0 Procs, 1797 Labels, 2268 Branches, 0 MB used, 37 / 71 kB covered
0 Procs, 1797 Labels, 2268 Branches, 0 MB used, 37 / 71 kB covered
0 Procs, 1797 Labels, 2268 Branches, 0 MB used, 37 / 71 kB covered
0 Procs, 1797 Labels, 2268 Branches, 0 MB used, 37 / 71 kB covered
0 Procs, 1797 Labels, 2268 Branches, 0 MB used, 37 / 71 kB covered
0 Procs, 1797 Labels, 2268 Branches, 0 MB used, 37 / 71 kB covered
0 Procs, 1797 Labels, 2268 Branches, 0 MB used, 37 / 71 kB covered
0 Procs, 1797 Labels, 2268 Branches, 0 MB used, 37 / 71 kB covered
0 Procs, 1797 Labels, 2268 Branches, 0 MB used, 37 / 71 kB covered
0 Procs, 1797 Labels, 2268 Branches, 0 MB used, 37 / 71 kB covered
0 Procs, 1797 Labels, 2268 Branches, 0 MB used, 37 / 71 kB covered
0 Procs, 1797 Labels, 2268 Branches, 0 MB used, 37 / 71 kB covered
0 Procs, 1797 Labels, 2268 Branches, 0 MB used, 37 / 71 kB covered
0 Procs, 1797 Labels, 2268 Branches, 0 MB used, 37 / 71 kB covered
0 Procs, 1797 Labels, 2268 Branches, 0 MB used, 37 / 71 kB covered
0 Procs, 1797 Labels, 2268 Branches, 0 MB used, 37 / 71 kB covered
0 Procs, 1797 Labels, 2268 Branches, 0 MB used, 37 / 71 kB covered
0 Procs, 1797 Labels, 2268 Branches, 0 MB used, 37 / 71 kB covered
0 Procs, 1797 Labels, 2268 Branches, 0 MB used, 37 / 71 kB covered
0 Procs, 1797 Labels, 2270 Branches, 0 MB used, 37 / 71 kB covered
0 Procs, 1797 Labels, 2270 Branches, 0 MB used, 37 / 71 kB covered
0 Procs, 1797 Labels, 2270 Branches, 0 MB used, 37 / 71 kB covered
0 Procs, 1797 Labels, 2270 Branches, 0 MB used, 37 / 71 kB covered
0 Procs, 1797 Labels, 2270 Branches, 0 MB used, 37 / 71 kB covered
0 Procs, 1797 Labels, 2270 Branches, 0 MB used, 37 / 71 kB covered
0 Procs, 1799 Labels, 2273 Branches, 0 MB used, 37 / 71 kB covered
0 Procs, 1799 Labels, 2273 Branches, 0 MB used, 37 / 71 kB covered
0 Procs, 1799 Labels, 2273 Branches, 0 MB used, 37 / 71 kB covered
0 Procs, 1799 Labels, 2275 Branches, 0 MB used, 37 / 71 kB covered
0 Procs, 1799 Labels, 2275 Branches, 0 MB used, 37 / 71 kB covered
0 Procs, 1800 Labels, 2278 Branches, 0 MB used, 37 / 71 kB covered
0 Procs, 1802 Labels, 2283 Branches, 0 MB used, 37 / 71 kB covered
0 Procs, 1802 Labels, 2283 Branches, 0 MB used, 37 / 71 kB covered
0 Procs, 1802 Labels, 2283 Branches, 0 MB used, 37 / 71 kB covered
0 Procs, 1802 Labels, 2286 Branches, 0 MB used, 37 / 71 kB covered
0 Procs, 1802 Labels, 2286 Branches, 0 MB used, 37 / 71 kB covered
0 Procs, 1802 Labels, 2289 Branches, 0 MB used, 37 / 71 kB covered
0 Procs, 1802 Labels, 2289 Branches, 0 MB used, 37 / 71 kB covered
0 Procs, 1809 Labels, 2296 Branches, 0 MB used, 37 / 71 kB covered
0 Procs, 1813 Labels, 2300 Branches, 0 MB used, 37 / 71 kB covered
0 Procs, 1816 Labels, 2304 Branches, 0 MB used, 37 / 71 kB covered
0 Procs, 1816 Labels, 2304 Branches, 0 MB used, 37 / 71 kB covered
0 Procs, 1816 Labels, 2304 Branches, 0 MB used, 37 / 71 kB covered
0 Procs, 1816 Labels, 2304 Branches, 0 MB used, 37 / 71 kB covered
0 Procs, 1816 Labels, 2304 Branches, 0 MB used, 37 / 71 kB covered
0 Procs, 1816 Labels, 2304 Branches, 0 MB used, 37 / 71 kB covered
0 Procs, 1816 Labels, 2304 Branches, 0 MB used, 37 / 71 kB covered
0 Procs, 1816 Labels, 2304 Branches, 0 MB used, 37 / 71 kB covered
0 Procs, 1816 Labels, 2304 Branches, 0 MB used, 37 / 71 kB covered
0 Procs, 1816 Labels, 2304 Branches, 0 MB used, 37 / 71 kB covered
0 Procs, 1816 Labels, 2304 Branches, 0 MB used, 37 / 71 kB covered
0 Procs, 1816 Labels, 2304 Branches, 0 MB used, 37 / 71 kB covered
0 Procs, 1816 Labels, 2304 Branches, 0 MB used, 37 / 71 kB covered
0 Procs, 1816 Labels, 2304 Branches, 0 MB used, 37 / 71 kB covered
0 Procs, 1816 Labels, 2304 Branches, 0 MB used, 37 / 71 kB covered
0 Procs, 1816 Labels, 2304 Branches, 0 MB used, 37 / 71 kB covered
0 Procs, 1816 Labels, 2304 Branches, 0 MB used, 37 / 71 kB covered
0 Procs, 1816 Labels, 2304 Branches, 0 MB used, 37 / 71 kB covered
0 Procs, 1816 Labels, 2304 Branches, 0 MB used, 37 / 71 kB covered
0 Procs, 1816 Labels, 2304 Branches, 0 MB used, 37 / 71 kB covered
0 Procs, 1816 Labels, 2304 Branches, 0 MB used, 37 / 71 kB covered
0 Procs, 1816 Labels, 2304 Branches, 0 MB used, 37 / 71 kB covered
0 Procs, 1818 Labels, 2305 Branches, 0 MB used, 37 / 71 kB covered
0 Procs, 1822 Labels, 2311 Branches, 0 MB used, 38 / 71 kB covered
0 Procs, 1822 Labels, 2311 Branches, 0 MB used, 38 / 71 kB covered
0 Procs, 1822 Labels, 2311 Branches, 0 MB used, 38 / 71 kB covered
0 Procs, 1822 Labels, 2311 Branches, 0 MB used, 38 / 71 kB covered
0 Procs, 1822 Labels, 2311 Branches, 0 MB used, 38 / 71 kB covered
0 Procs, 1825 Labels, 2314 Branches, 0 MB used, 38 / 71 kB covered
0 Procs, 6315 Labels, 4883 Branches, 0 MB used, 66 / 71 kB covered
0 Procs, 6316 Labels, 4883 Branches, 0 MB used, 66 / 71 kB covered
0 Procs, 6317 Labels, 4883 Branches, 0 MB used, 66 / 71 kB covered
0 Procs, 6318 Labels, 4883 Branches, 0 MB used, 66 / 71 kB covered
0 Procs, 6319 Labels, 4883 Branches, 0 MB used, 66 / 71 kB covered
0 Procs, 6319 Labels, 4883 Branches, 0 MB used, 66 / 71 kB covered
0 Procs, 6320 Labels, 4883 Branches, 0 MB used, 66 / 71 kB covered
0 Procs, 6321 Labels, 4883 Branches, 0 MB used, 66 / 71 kB covered
0 Procs, 6322 Labels, 4883 Branches, 0 MB used, 66 / 71 kB covered
0 Procs, 6323 Labels, 4883 Branches, 0 MB used, 66 / 71 kB covered
0 Procs, 6323 Labels, 4883 Branches, 0 MB used, 66 / 71 kB covered
0 Procs, 6324 Labels, 4883 Branches, 0 MB used, 66 / 71 kB covered
0 Procs, 6325 Labels, 4883 Branches, 0 MB used, 66 / 71 kB covered
0 Procs, 6326 Labels, 4883 Branches, 0 MB used, 66 / 71 kB covered
0 Procs, 6327 Labels, 4883 Branches, 0 MB used, 66 / 71 kB covered
0 Procs, 6328 Labels, 4883 Branches, 0 MB used, 66 / 71 kB covered
0 Procs, 6329 Labels, 4883 Branches, 0 MB used, 66 / 71 kB covered
0 Procs, 6330 Labels, 4883 Branches, 0 MB used, 66 / 71 kB covered
0 Procs, 6331 Labels, 4883 Branches, 0 MB used, 66 / 71 kB covered
0 Procs, 6332 Labels, 4883 Branches, 0 MB used, 66 / 71 kB covered
0 Procs, 6332 Labels, 4883 Branches, 0 MB used, 66 / 71 kB covered
0 Procs, 6332 Labels, 4883 Branches, 0 MB used, 66 / 71 kB covered
0 Procs, 6332 Labels, 4883 Branches, 0 MB used, 66 / 71 kB covered
0 Procs, 6332 Labels, 4883 Branches, 0 MB used, 66 / 71 kB covered
0 Procs, 6332 Labels, 4883 Branches, 0 MB used, 66 / 71 kB covered
0 Procs, 6332 Labels, 4883 Branches, 0 MB used, 66 / 71 kB covered
0 Procs, 6332 Labels, 4883 Branches, 0 MB used, 66 / 71 kB covered
0 Procs, 6332 Labels, 4883 Branches, 0 MB used, 66 / 71 kB covered
0 Procs, 6332 Labels, 4883 Branches, 0 MB used, 66 / 71 kB covered
0 Procs, 6332 Labels, 4883 Branches, 0 MB used, 66 / 71 kB covered
0 Procs, 6332 Labels, 4883 Branches, 0 MB used, 66 / 71 kB covered
0 Procs, 6332 Labels, 4883 Branches, 0 MB used, 66 / 71 kB covered
0 Procs, 6332 Labels, 4883 Branches, 0 MB used, 66 / 71 kB covered
0 Procs, 6332 Labels, 4883 Branches, 0 MB used, 66 / 71 kB covered
0 Procs, 6332 Labels, 4883 Branches, 0 MB used, 66 / 71 kB covered
0 Procs, 6332 Labels, 4883 Branches, 0 MB used, 66 / 71 kB covered
0 Procs, 6332 Labels, 4883 Branches, 0 MB used, 66 / 71 kB covered
0 Procs, 6332 Labels, 4883 Branches, 0 MB used, 66 / 71 kB covered
0 Procs, 6332 Labels, 4883 Branches, 0 MB used, 66 / 71 kB covered
0 Procs, 6332 Labels, 4883 Branches, 0 MB used, 66 / 71 kB covered
0 Procs, 6332 Labels, 4883 Branches, 0 MB used, 66 / 71 kB covered
0 Procs, 6332 Labels, 4883 Branches, 0 MB used, 66 / 71 kB covered
0 Procs, 6332 Labels, 4883 Branches, 0 MB used, 66 / 71 kB covered
0 Procs, 6332 Labels, 4883 Branches, 0 MB used, 66 / 71 kB covered
0 Procs, 6332 Labels, 4883 Branches, 0 MB used, 66 / 71 kB covered
0 Procs, 6332 Labels, 4883 Branches, 0 MB used, 66 / 71 kB covered
0 Procs, 6332 Labels, 4883 Branches, 0 MB used, 66 / 71 kB covered
0 Procs, 6332 Labels, 4883 Branches, 0 MB used, 66 / 71 kB covered
0 Procs, 6332 Labels, 4883 Branches, 0 MB used, 66 / 71 kB covered
0 Procs, 6332 Labels, 4883 Branches, 0 MB used, 66 / 71 kB covered
0 Procs, 6332 Labels, 4883 Branches, 0 MB used, 66 / 71 kB covered
0 Procs, 6332 Labels, 4883 Branches, 0 MB used, 66 / 71 kB covered
0 Procs, 6332 Labels, 4883 Branches, 0 MB used, 66 / 71 kB covered
0 Procs, 6332 Labels, 4883 Branches, 0 MB used, 66 / 71 kB covered
0 Procs, 6332 Labels, 4883 Branches, 0 MB used, 66 / 71 kB covered
0 Procs, 6332 Labels, 4883 Branches, 0 MB used, 66 / 71 kB covered
0 Procs, 6332 Labels, 4883 Branches, 0 MB used, 66 / 71 kB covered
0 Procs, 6332 Labels, 4883 Branches, 0 MB used, 66 / 71 kB covered
0 Procs, 6332 Labels, 4883 Branches, 0 MB used, 66 / 71 kB covered
273 Procs, 6332 Labels, 4883 Branches, 0 MB used, 66 / 71 kB covered
273 Procs, 6332 Labels, 4883 Branches, 0 MB used, 66 / 71 kB covered
273 Procs, 6332 Labels, 4883 Branches, 0 MB used, 66 / 71 kB covered
273 Procs, 6332 Labels, 4883 Branches, 0 MB used, 66 / 71 kB covered
273 Procs, 6332 Labels, 4883 Branches, 0 MB used, 66 / 71 kB covered
273 Procs, 6332 Labels, 4883 Branches, 0 MB used, 66 / 71 kB covered
273 Procs, 6332 Labels, 4883 Branches, 0 MB used, 66 / 71 kB covered
273 Procs, 6332 Labels, 4883 Branches, 0 MB used, 66 / 71 kB covered
273 Procs, 6332 Labels, 4883 Branches, 0 MB used, 66 / 71 kB covered
273 Procs, 6332 Labels, 4883 Branches, 0 MB used, 66 / 71 kB covered
273 Procs, 6332 Labels, 4883 Branches, 0 MB used, 66 / 71 kB covered
273 Procs, 6332 Labels, 4883 Branches, 0 MB used, 66 / 71 kB covered
273 Procs, 6332 Labels, 4883 Branches, 0 MB used, 66 / 71 kB covered
273 Procs, 6332 Labels, 4883 Branches, 0 MB used, 66 / 71 kB covered
273 Procs, 6332 Labels, 4883 Branches, 0 MB used, 66 / 71 kB covered
273 Procs, 6332 Labels, 4883 Branches, 0 MB used, 66 / 71 kB covered
273 Procs, 6332 Labels, 4883 Branches, 0 MB used, 66 / 71 kB covered
273 Procs, 6332 Labels, 4883 Branches, 0 MB used, 66 / 71 kB covered
273 Procs, 6332 Labels, 4883 Branches, 0 MB used, 66 / 71 kB covered
273 Procs, 6332 Labels, 4883 Branches, 0 MB used, 66 / 71 kB covered
273 Procs, 6332 Labels, 4883 Branches, 0 MB used, 66 / 71 kB covered
273 Procs, 6332 Labels, 4883 Branches, 0 MB used, 66 / 71 kB covered
273 Procs, 6332 Labels, 4883 Branches, 0 MB used, 66 / 71 kB covered
273 Procs, 6332 Labels, 4883 Branches, 0 MB used, 66 / 71 kB covered
273 Procs, 6332 Labels, 4883 Branches, 0 MB used, 66 / 71 kB covered
273 Procs, 6332 Labels, 4883 Branches, 0 MB used, 66 / 71 kB covered
273 Procs, 6332 Labels, 4883 Branches, 0 MB used, 66 / 71 kB covered
273 Procs, 6332 Labels, 4883 Branches, 0 MB used, 66 / 71 kB covered
273 Procs, 6332 Labels, 4883 Branches, 0 MB used, 66 / 71 kB covered
273 Procs, 6332 Labels, 4883 Branches, 0 MB used, 66 / 71 kB covered
273 Procs, 6332 Labels, 4883 Branches, 0 MB used, 66 / 71 kB covered
273 Procs, 6332 Labels, 4883 Branches, 0 MB used, 66 / 71 kB covered
273 Procs, 6332 Labels, 4883 Branches, 0 MB used, 66 / 71 kB covered
273 Procs, 6332 Labels, 4883 Branches, 0 MB used, 66 / 71 kB covered
273 Procs, 6332 Labels, 4883 Branches, 0 MB used, 66 / 71 kB covered
273 Procs, 6332 Labels, 4883 Branches, 0 MB used, 66 / 71 kB covered
273 Procs, 6332 Labels, 4883 Branches, 0 MB used, 66 / 71 kB covered
273 Procs, 6332 Labels, 4883 Branches, 0 MB used, 66 / 71 kB covered
273 Procs, 6332 Labels, 4883 Branches, 0 MB used, 66 / 71 kB covered
273 Procs, 6332 Labels, 4883 Branches, 0 MB used, 66 / 71 kB covered
273 Procs, 6332 Labels, 4883 Branches, 0 MB used, 66 / 71 kB covered
273 Procs, 6332 Labels, 4883 Branches, 0 MB used, 66 / 71 kB covered
273 Procs, 6332 Labels, 4883 Branches, 0 MB used, 66 / 71 kB covered
273 Procs, 6332 Labels, 4883 Branches, 0 MB used, 66 / 71 kB covered
273 Procs, 6332 Labels, 4883 Branches, 0 MB used, 66 / 71 kB covered
273 Procs, 6332 Labels, 4883 Branches, 0 MB used, 66 / 71 kB covered
273 Procs, 6332 Labels, 4883 Branches, 0 MB used, 66 / 71 kB covered
273 Procs, 6332 Labels, 4883 Branches, 0 MB used, 66 / 71 kB covered
273 Procs, 6332 Labels, 4883 Branches, 0 MB used, 66 / 71 kB covered
273 Procs, 6332 Labels, 4883 Branches, 0 MB used, 66 / 71 kB covered
273 Procs, 6332 Labels, 4883 Branches, 0 MB used, 66 / 71 kB covered
273 Procs, 6332 Labels, 4883 Branches, 0 MB used, 66 / 71 kB covered
273 Procs, 6332 Labels, 4883 Branches, 0 MB used, 66 / 71 kB covered
273 Procs, 6332 Labels, 4883 Branches, 0 MB used, 66 / 71 kB covered
273 Procs, 6332 Labels, 4883 Branches, 0 MB used, 66 / 71 kB covered
273 Procs, 6332 Labels, 4883 Branches, 0 MB used, 66 / 71 kB covered
273 Procs, 6332 Labels, 4883 Branches, 0 MB used, 66 / 71 kB covered
273 Procs, 6332 Labels, 4883 Branches, 0 MB used, 66 / 71 kB covered
273 Procs, 6332 Labels, 4883 Branches, 0 MB used, 66 / 71 kB covered
273 Procs, 6332 Labels, 4883 Branches, 0 MB used, 66 / 71 kB covered
273 Procs, 6332 Labels, 4883 Branches, 0 MB used, 66 / 71 kB covered
273 Procs, 6332 Labels, 4883 Branches, 0 MB used, 66 / 71 kB covered
273 Procs, 6332 Labels, 4883 Branches, 0 MB used, 66 / 71 kB covered
273 Procs, 6332 Labels, 4883 Branches, 0 MB used, 66 / 71 kB covered
273 Procs, 6332 Labels, 4883 Branches, 0 MB used, 66 / 71 kB covered
273 Procs, 6332 Labels, 4883 Branches, 0 MB used, 66 / 71 kB covered
273 Procs, 6332 Labels, 4883 Branches, 0 MB used, 66 / 71 kB covered
273 Procs, 6332 Labels, 4883 Branches, 0 MB used, 66 / 71 kB covered
273 Procs, 6332 Labels, 4883 Branches, 0 MB used, 66 / 71 kB covered
273 Procs, 6332 Labels, 4883 Branches, 0 MB used, 66 / 71 kB covered
273 Procs, 6332 Labels, 4883 Branches, 0 MB used, 66 / 71 kB covered
273 Procs, 6332 Labels, 4883 Branches, 0 MB used, 66 / 71 kB covered
273 Procs, 6332 Labels, 4883 Branches, 0 MB used, 66 / 71 kB covered
273 Procs, 6332 Labels, 4883 Branches, 0 MB used, 66 / 71 kB covered
273 Procs, 6332 Labels, 4883 Branches, 0 MB used, 66 / 71 kB covered
273 Procs, 6332 Labels, 4883 Branches, 0 MB used, 66 / 71 kB covered
273 Procs, 6332 Labels, 4883 Branches, 0 MB used, 66 / 71 kB covered
273 Procs, 6332 Labels, 4883 Branches, 0 MB used, 66 / 71 kB covered
273 Procs, 6332 Labels, 4883 Branches, 0 MB used, 66 / 71 kB covered
273 Procs, 6332 Labels, 4883 Branches, 0 MB used, 66 / 71 kB covered
273 Procs, 6332 Labels, 4883 Branches, 0 MB used, 66 / 71 kB covered
273 Procs, 6332 Labels, 4883 Branches, 0 MB used, 66 / 71 kB covered
273 Procs, 6332 Labels, 4883 Branches, 0 MB used, 66 / 71 kB covered
273 Procs, 6332 Labels, 4883 Branches, 0 MB used, 66 / 71 kB covered
273 Procs, 6332 Labels, 4883 Branches, 0 MB used, 66 / 71 kB covered
273 Procs, 6332 Labels, 4883 Branches, 0 MB used, 66 / 71 kB covered
273 Procs, 6332 Labels, 4883 Branches, 0 MB used, 66 / 71 kB covered
273 Procs, 6332 Labels, 4883 Branches, 0 MB used, 66 / 71 kB covered
273 Procs, 6332 Labels, 4883 Branches, 0 MB used, 66 / 71 kB covered
273 Procs, 6332 Labels, 4883 Branches, 0 MB used, 66 / 71 kB covered
273 Procs, 6332 Labels, 4883 Branches, 0 MB used, 66 / 71 kB covered
273 Procs, 6332 Labels, 4883 Branches, 0 MB used, 66 / 71 kB covered
273 Procs, 6332 Labels, 4883 Branches, 0 MB used, 66 / 71 kB covered
273 Procs, 6332 Labels, 4883 Branches, 0 MB used, 66 / 71 kB covered
273 Procs, 6332 Labels, 4883 Branches, 0 MB used, 66 / 71 kB covered
273 Procs, 6332 Labels, 4883 Branches, 0 MB used, 66 / 71 kB covered
273 Procs, 6332 Labels, 4883 Branches, 0 MB used, 66 / 71 kB covered
273 Procs, 6332 Labels, 4883 Branches, 0 MB used, 66 / 71 kB covered
273 Procs, 6332 Labels, 4883 Branches, 0 MB used, 66 / 71 kB covered
273 Procs, 6332 Labels, 4883 Branches, 0 MB used, 66 / 71 kB covered
273 Procs, 6332 Labels, 4883 Branches, 0 MB used, 66 / 71 kB covered
273 Procs, 6332 Labels, 4883 Branches, 0 MB used, 66 / 71 kB covered
273 Procs, 6332 Labels, 4883 Branches, 0 MB used, 66 / 71 kB covered
273 Procs, 6332 Labels, 4883 Branches, 0 MB used, 66 / 71 kB covered
273 Procs, 6332 Labels, 4883 Branches, 0 MB used, 66 / 71 kB covered
273 Procs, 6332 Labels, 4883 Branches, 0 MB used, 66 / 71 kB covered
273 Procs, 6332 Labels, 4883 Branches, 0 MB used, 66 / 71 kB covered
273 Procs, 6332 Labels, 4883 Branches, 0 MB used, 66 / 71 kB covered
273 Procs, 6332 Labels, 4883 Branches, 0 MB used, 66 / 71 kB covered
273 Procs, 6332 Labels, 4883 Branches, 0 MB used, 66 / 71 kB covered
273 Procs, 6332 Labels, 4883 Branches, 0 MB used, 66 / 71 kB covered
273 Procs, 6332 Labels, 4883 Branches, 0 MB used, 66 / 71 kB covered
273 Procs, 6332 Labels, 4883 Branches, 0 MB used, 66 / 71 kB covered
273 Procs, 6332 Labels, 4883 Branches, 0 MB used, 66 / 71 kB covered
273 Procs, 6332 Labels, 4883 Branches, 0 MB used, 66 / 71 kB covered
273 Procs, 6332 Labels, 4883 Branches, 0 MB used, 66 / 71 kB covered
273 Procs, 6332 Labels, 4883 Branches, 0 MB used, 66 / 71 kB covered
273 Procs, 6332 Labels, 4883 Branches, 0 MB used, 66 / 71 kB covered
273 Procs, 6332 Labels, 4883 Branches, 0 MB used, 66 / 71 kB covered
273 Procs, 6332 Labels, 4883 Branches, 0 MB used, 66 / 71 kB covered
273 Procs, 6332 Labels, 4883 Branches, 0 MB used, 66 / 71 kB covered
273 Procs, 6332 Labels, 4883 Branches, 0 MB used, 66 / 71 kB covered
273 Procs, 6332 Labels, 4883 Branches, 0 MB used, 66 / 71 kB covered
273 Procs, 6332 Labels, 4883 Branches, 0 MB used, 66 / 71 kB covered
273 Procs, 6332 Labels, 4883 Branches, 0 MB used, 66 / 71 kB covered
273 Procs, 6332 Labels, 4883 Branches, 0 MB used, 66 / 71 kB covered
273 Procs, 6332 Labels, 4883 Branches, 0 MB used, 66 / 71 kB covered
273 Procs, 6332 Labels, 4883 Branches, 0 MB used, 66 / 71 kB covered
273 Procs, 6332 Labels, 4883 Branches, 0 MB used, 66 / 71 kB covered
273 Procs, 6332 Labels, 4883 Branches, 0 MB used, 66 / 71 kB covered
273 Procs, 6332 Labels, 4883 Branches, 0 MB used, 66 / 71 kB covered
273 Procs, 6332 Labels, 4883 Branches, 0 MB used, 66 / 71 kB covered
273 Procs, 6332 Labels, 4883 Branches, 0 MB used, 66 / 71 kB covered
273 Procs, 6332 Labels, 4883 Branches, 0 MB used, 66 / 71 kB covered
273 Procs, 6332 Labels, 4883 Branches, 0 MB used, 66 / 71 kB covered
273 Procs, 6332 Labels, 4883 Branches, 0 MB used, 66 / 71 kB covered
273 Procs, 6332 Labels, 4883 Branches, 0 MB used, 66 / 71 kB covered
273 Procs, 6332 Labels, 4883 Branches, 0 MB used, 66 / 71 kB covered
273 Procs, 6332 Labels, 4883 Branches, 0 MB used, 66 / 71 kB covered
273 Procs, 6332 Labels, 4883 Branches, 0 MB used, 66 / 71 kB covered
273 Procs, 6332 Labels, 4883 Branches, 0 MB used, 66 / 71 kB covered
273 Procs, 6332 Labels, 4883 Branches, 0 MB used, 66 / 71 kB covered
273 Procs, 6332 Labels, 4883 Branches, 0 MB used, 66 / 71 kB covered
273 Procs, 6332 Labels, 4883 Branches, 0 MB used, 66 / 71 kB covered
273 Procs, 6332 Labels, 4883 Branches, 0 MB used, 66 / 71 kB covered
273 Procs, 6332 Labels, 4883 Branches, 0 MB used, 66 / 71 kB covered
273 Procs, 6332 Labels, 4883 Branches, 0 MB used, 66 / 71 kB covered
273 Procs, 6332 Labels, 4883 Branches, 0 MB used, 66 / 71 kB covered
273 Procs, 6332 Labels, 4883 Branches, 0 MB used, 66 / 71 kB covered
273 Procs, 6332 Labels, 4883 Branches, 0 MB used, 66 / 71 kB covered
273 Procs, 6332 Labels, 4883 Branches, 0 MB used, 66 / 71 kB covered
273 Procs, 6332 Labels, 4883 Branches, 0 MB used, 66 / 71 kB covered
273 Procs, 6332 Labels, 4883 Branches, 0 MB used, 66 / 71 kB covered
273 Procs, 6332 Labels, 4883 Branches, 0 MB used, 66 / 71 kB covered
273 Procs, 6332 Labels, 4883 Branches, 0 MB used, 66 / 71 kB covered
273 Procs, 6332 Labels, 4883 Branches, 0 MB used, 66 / 71 kB covered
273 Procs, 6332 Labels, 4883 Branches, 0 MB used, 66 / 71 kB covered
273 Procs, 6332 Labels, 4883 Branches, 0 MB used, 66 / 71 kB covered
273 Procs, 6332 Labels, 4883 Branches, 0 MB used, 66 / 71 kB covered
273 Procs, 6332 Labels, 4883 Branches, 0 MB used, 66 / 71 kB covered
273 Procs, 6332 Labels, 4883 Branches, 0 MB used, 66 / 71 kB covered
273 Procs, 6332 Labels, 4883 Branches, 0 MB used, 66 / 71 kB covered
273 Procs, 6332 Labels, 4883 Branches, 0 MB used, 66 / 71 kB covered
273 Procs, 6332 Labels, 4883 Branches, 0 MB used, 66 / 71 kB covered
273 Procs, 6332 Labels, 4883 Branches, 0 MB used, 66 / 71 kB covered
273 Procs, 6332 Labels, 4883 Branches, 0 MB used, 66 / 71 kB covered
273 Procs, 6332 Labels, 4883 Branches, 0 MB used, 66 / 71 kB covered
273 Procs, 6332 Labels, 4883 Branches, 0 MB used, 66 / 71 kB covered
273 Procs, 6332 Labels, 4883 Branches, 0 MB used, 66 / 71 kB covered
273 Procs, 6332 Labels, 4883 Branches, 0 MB used, 66 / 71 kB covered
273 Procs, 6332 Labels, 4883 Branches, 0 MB used, 66 / 71 kB covered
273 Procs, 6332 Labels, 4883 Branches, 0 MB used, 66 / 71 kB covered
273 Procs, 6332 Labels, 4883 Branches, 0 MB used, 66 / 71 kB covered
273 Procs, 6332 Labels, 4883 Branches, 0 MB used, 66 / 71 kB covered
273 Procs, 6332 Labels, 4883 Branches, 0 MB used, 66 / 71 kB covered
273 Procs, 6332 Labels, 4883 Branches, 0 MB used, 66 / 71 kB covered
273 Procs, 6332 Labels, 4883 Branches, 0 MB used, 66 / 71 kB covered
273 Procs, 6332 Labels, 4883 Branches, 0 MB used, 66 / 71 kB covered
273 Procs, 6332 Labels, 4883 Branches, 0 MB used, 66 / 71 kB covered
273 Procs, 6332 Labels, 4883 Branches, 0 MB used, 66 / 71 kB covered
273 Procs, 6332 Labels, 4883 Branches, 0 MB used, 66 / 71 kB covered
273 Procs, 6332 Labels, 4883 Branches, 0 MB used, 66 / 71 kB covered
273 Procs, 6332 Labels, 4883 Branches, 0 MB used, 66 / 71 kB covered
273 Procs, 6332 Labels, 4883 Branches, 0 MB used, 66 / 71 kB covered
273 Procs, 6332 Labels, 4883 Branches, 0 MB used, 66 / 71 kB covered
273 Procs, 6332 Labels, 4883 Branches, 0 MB used, 66 / 71 kB covered
273 Procs, 6332 Labels, 4883 Branches, 0 MB used, 66 / 71 kB covered
273 Procs, 6332 Labels, 4883 Branches, 0 MB used, 66 / 71 kB covered
273 Procs, 6332 Labels, 4883 Branches, 0 MB used, 66 / 71 kB covered
273 Procs, 6332 Labels, 4883 Branches, 0 MB used, 66 / 71 kB covered
273 Procs, 6332 Labels, 4883 Branches, 0 MB used, 66 / 71 kB covered
273 Procs, 6332 Labels, 4883 Branches, 0 MB used, 66 / 71 kB covered
273 Procs, 6332 Labels, 4883 Branches, 0 MB used, 66 / 71 kB covered
273 Procs, 6332 Labels, 4883 Branches, 0 MB used, 66 / 71 kB covered
273 Procs, 6332 Labels, 4883 Branches, 0 MB used, 66 / 71 kB covered
273 Procs, 6332 Labels, 4883 Branches, 0 MB used, 66 / 71 kB covered
273 Procs, 6332 Labels, 4883 Branches, 0 MB used, 66 / 71 kB covered
273 Procs, 6332 Labels, 4883 Branches, 0 MB used, 66 / 71 kB covered
273 Procs, 6332 Labels, 4883 Branches, 0 MB used, 66 / 71 kB covered
273 Procs, 6332 Labels, 4883 Branches, 0 MB used, 66 / 71 kB covered
273 Procs, 6332 Labels, 4883 Branches, 0 MB used, 66 / 71 kB covered
273 Procs, 6332 Labels, 4883 Branches, 0 MB used, 66 / 71 kB covered
273 Procs, 6332 Labels, 4883 Branches, 0 MB used, 66 / 71 kB covered
273 Procs, 6332 Labels, 4883 Branches, 0 MB used, 66 / 71 kB covered
273 Procs, 6332 Labels, 4883 Branches, 0 MB used, 66 / 71 kB covered
273 Procs, 6332 Labels, 4883 Branches, 0 MB used, 66 / 71 kB covered
273 Procs, 6332 Labels, 4883 Branches, 0 MB used, 66 / 71 kB covered
273 Procs, 6332 Labels, 4883 Branches, 0 MB used, 66 / 71 kB covered
273 Procs, 6332 Labels, 4883 Branches, 0 MB used, 66 / 71 kB covered
273 Procs, 6332 Labels, 4883 Branches, 0 MB used, 66 / 71 kB covered
273 Procs, 6332 Labels, 4883 Branches, 0 MB used, 66 / 71 kB covered
273 Procs, 6332 Labels, 4883 Branches, 0 MB used, 66 / 71 kB covered
273 Procs, 6332 Labels, 4883 Branches, 0 MB used, 66 / 71 kB covered
273 Procs, 6332 Labels, 4883 Branches, 0 MB used, 66 / 71 kB covered
273 Procs, 6332 Labels, 4883 Branches, 0 MB used, 66 / 71 kB covered
273 Procs, 6332 Labels, 4883 Branches, 0 MB used, 66 / 71 kB covered
273 Procs, 6332 Labels, 4883 Branches, 0 MB used, 66 / 71 kB covered
273 Procs, 6332 Labels, 4883 Branches, 0 MB used, 66 / 71 kB covered
273 Procs, 6332 Labels, 4883 Branches, 0 MB used, 66 / 71 kB covered
273 Procs, 6332 Labels, 4883 Branches, 0 MB used, 66 / 71 kB covered
273 Procs, 6332 Labels, 4883 Branches, 0 MB used, 66 / 71 kB covered
273 Procs, 6332 Labels, 4883 Branches, 0 MB used, 66 / 71 kB covered
273 Procs, 6332 Labels, 4883 Branches, 0 MB used, 66 / 71 kB covered
273 Procs, 6332 Labels, 4883 Branches, 0 MB used, 66 / 71 kB covered
273 Procs, 6332 Labels, 4883 Branches, 0 MB used, 66 / 71 kB covered
273 Procs, 6332 Labels, 4883 Branches, 0 MB used, 66 / 71 kB covered
273 Procs, 6332 Labels, 4883 Branches, 0 MB used, 66 / 71 kB covered
273 Procs, 6332 Labels, 4883 Branches, 0 MB used, 66 / 71 kB covered
273 Procs, 6332 Labels, 4883 Branches, 0 MB used, 66 / 71 kB covered
273 Procs, 6332 Labels, 4883 Branches, 0 MB used, 66 / 71 kB covered
273 Procs, 6332 Labels, 4883 Branches, 0 MB used, 66 / 71 kB covered
273 Procs, 6332 Labels, 4883 Branches, 0 MB used, 66 / 71 kB covered
273 Procs, 6332 Labels, 4883 Branches, 0 MB used, 66 / 71 kB covered
273 Procs, 6332 Labels, 4883 Branches, 0 MB used, 66 / 71 kB covered
273 Procs, 6332 Labels, 4883 Branches, 0 MB used, 66 / 71 kB covered
273 Procs, 6332 Labels, 4883 Branches, 0 MB used, 66 / 71 kB covered
273 Procs, 6332 Labels, 4883 Branches, 0 MB used, 66 / 71 kB covered
273 Procs, 6332 Labels, 4883 Branches, 0 MB used, 66 / 71 kB covered
273 Procs, 6332 Labels, 4883 Branches, 0 MB used, 66 / 71 kB covered
273 Procs, 6332 Labels, 4883 Branches, 0 MB used, 66 / 71 kB covered
273 Procs, 6332 Labels, 4883 Branches, 0 MB used, 66 / 71 kB covered
273 Procs, 6332 Labels, 4883 Branches, 0 MB used, 66 / 71 kB covered
273 Procs, 6332 Labels, 4883 Branches, 0 MB used, 66 / 71 kB covered
273 Procs, 6332 Labels, 4883 Branches, 0 MB used, 66 / 71 kB covered
273 Procs, 6332 Labels, 4883 Branches, 0 MB used, 66 / 71 kB covered
273 Procs, 6332 Labels, 4883 Branches, 0 MB used, 66 / 71 kB covered
273 Procs, 6332 Labels, 4883 Branches, 0 MB used, 66 / 71 kB covered
273 Procs, 6332 Labels, 4883 Branches, 0 MB used, 66 / 71 kB covered
273 Procs, 6332 Labels, 4883 Branches, 0 MB used, 66 / 71 kB covered
273 Procs, 6332 Labels, 4883 Branches, 0 MB used, 66 / 71 kB covered
273 Procs, 6332 Labels, 4883 Branches, 0 MB used, 66 / 71 kB covered
273 Procs, 6332 Labels, 4883 Branches, 0 MB used, 66 / 71 kB covered
273 Procs, 6332 Labels, 4883 Branches, 0 MB used, 66 / 71 kB covered
273 Procs, 6332 Labels, 4883 Branches, 0 MB used, 66 / 71 kB covered
273 Procs, 6332 Labels, 4883 Branches, 0 MB used, 66 / 71 kB covered
273 Procs, 6332 Labels, 4883 Branches, 0 MB used, 66 / 71 kB covered
273 Procs, 6332 Labels, 4883 Branches, 0 MB used, 66 / 71 kB covered
273 Procs, 6332 Labels, 4883 Branches, 0 MB used, 66 / 71 kB covered
273 Procs, 6332 Labels, 4883 Branches, 0 MB used, 66 / 71 kB covered
273 Procs, 6332 Labels, 4883 Branches, 0 MB used, 66 / 71 kB covered
273 Procs, 6332 Labels, 4883 Branches, 0 MB used, 66 / 71 kB covered
273 Procs, 6332 Labels, 4883 Branches, 0 MB used, 66 / 71 kB covered
273 Procs, 6332 Labels, 4883 Branches, 0 MB used, 66 / 71 kB covered
273 Procs, 6332 Labels, 4883 Branches, 0 MB used, 66 / 71 kB covered
273 Procs, 6332 Labels, 4883 Branches, 0 MB used, 66 / 71 kB covered
273 Procs, 6332 Labels, 4883 Branches, 0 MB used, 66 / 71 kB covered
273 Procs, 6332 Labels, 4883 Branches, 0 MB used, 66 / 71 kB covered
273 Procs, 6332 Labels, 4883 Branches, 0 MB used, 66 / 71 kB covered
273 Procs, 6332 Labels, 4883 Branches, 0 MB used, 66 / 71 kB covered
273 Procs, 6332 Labels, 4883 Branches, 0 MB used, 66 / 71 kB covered
273 Procs, 6332 Labels, 4883 Branches, 0 MB used, 66 / 71 kB covered
273 Procs, 6332 Labels, 4883 Branches, 0 MB used, 66 / 71 kB covered
273 Procs, 6332 Labels, 4883 Branches, 0 MB used, 66 / 71 kB covered
273 Procs, 6332 Labels, 4883 Branches, 0 MB used, 66 / 71 kB covered
273 Procs, 6332 Labels, 4883 Branches, 0 MB used, 66 / 71 kB covered
273 Procs, 6332 Labels, 4883 Branches, 0 MB used, 66 / 71 kB covered
273 Procs, 6332 Labels, 4883 Branches, 0 MB used, 66 / 71 kB covered
273 Procs, 6332 Labels, 4883 Branches, 0 MB used, 66 / 71 kB covered
273 Procs, 6332 Labels, 4883 Branches, 0 MB used, 66 / 71 kB covered
273 Procs, 6332 Labels, 4883 Branches, 0 MB used, 66 / 71 kB covered
273 Procs, 6332 Labels, 4883 Branches, 0 MB used, 66 / 71 kB covered
273 Procs, 6332 Labels, 4883 Branches, 0 MB used, 66 / 71 kB covered
273 Procs, 6332 Labels, 4883 Branches, 0 MB used, 66 / 71 kB covered
273 Procs, 6332 Labels, 4883 Branches, 0 MB used, 66 / 71 kB covered
273 Procs, 6332 Labels, 4883 Branches, 0 MB used, 66 / 71 kB covered
273 Procs, 6332 Labels, 4883 Branches, 0 MB used, 66 / 71 kB covered
273 Procs, 6332 Labels, 4883 Branches, 0 MB used, 66 / 71 kB covered
273 Procs, 6332 Labels, 4883 Branches, 0 MB used, 66 / 71 kB covered
273 Procs, 6332 Labels, 4883 Branches, 0 MB used, 66 / 71 kB covered
273 Procs, 6332 Labels, 4883 Branches, 0 MB used, 66 / 71 kB covered
273 Procs, 6332 Labels, 4883 Branches, 0 MB used, 66 / 71 kB covered
273 Procs, 6332 Labels, 4883 Branches, 0 MB used, 66 / 71 kB covered
273 Procs, 6332 Labels, 4883 Branches, 0 MB used, 66 / 71 kB covered
273 Procs, 6332 Labels, 4883 Branches, 0 MB used, 66 / 71 kB covered
273 Procs, 6332 Labels, 4883 Branches, 0 MB used, 66 / 71 kB covered
273 Procs, 6332 Labels, 4883 Branches, 0 MB used, 66 / 71 kB covered
273 Procs, 6332 Labels, 4883 Branches, 0 MB used, 66 / 71 kB covered
273 Procs, 6332 Labels, 4883 Branches, 0 MB used, 66 / 71 kB covered
273 Procs, 6332 Labels, 4883 Branches, 0 MB used, 66 / 71 kB covered
273 Procs, 6332 Labels, 4883 Branches, 0 MB used, 66 / 71 kB covered
273 Procs, 6332 Labels, 4883 Branches, 0 MB used, 66 / 71 kB covered
273 Procs, 6332 Labels, 4883 Branches, 0 MB used, 66 / 71 kB covered
273 Procs, 6332 Labels, 4883 Branches, 0 MB used, 66 / 71 kB covered
273 Procs, 6332 Labels, 4883 Branches, 0 MB used, 66 / 71 kB covered
273 Procs, 6332 Labels, 4883 Branches, 0 MB used, 66 / 71 kB covered
273 Procs, 6332 Labels, 4883 Branches, 0 MB used, 66 / 71 kB covered
273 Procs, 6332 Labels, 4883 Branches, 0 MB used, 66 / 71 kB covered
273 Procs, 6332 Labels, 4883 Branches, 0 MB used, 66 / 71 kB covered
273 Procs, 6332 Labels, 4883 Branches, 0 MB used, 66 / 71 kB covered
273 Procs, 6332 Labels, 4883 Branches, 0 MB used, 66 / 71 kB covered
273 Procs, 6332 Labels, 4883 Branches, 0 MB used, 66 / 71 kB covered
273 Procs, 6332 Labels, 4883 Branches, 0 MB used, 66 / 71 kB covered
273 Procs, 6332 Labels, 4883 Branches, 0 MB used, 66 / 71 kB covered
273 Procs, 6332 Labels, 4883 Branches, 0 MB used, 66 / 71 kB covered
273 Procs, 6332 Labels, 4883 Branches, 0 MB used, 66 / 71 kB covered
273 Procs, 6332 Labels, 4883 Branches, 0 MB used, 66 / 71 kB covered
273 Procs, 6332 Labels, 4883 Branches, 0 MB used, 66 / 71 kB covered
273 Procs, 6332 Labels, 4883 Branches, 0 MB used, 66 / 71 kB covered
273 Procs, 6332 Labels, 4883 Branches, 0 MB used, 66 / 71 kB covered
273 Procs, 6332 Labels, 4883 Branches, 0 MB used, 66 / 71 kB covered
273 Procs, 6332 Labels, 4883 Branches, 0 MB used, 66 / 71 kB covered
273 Procs, 6332 Labels, 4883 Branches, 0 MB used, 66 / 71 kB covered
273 Procs, 6332 Labels, 4883 Branches, 0 MB used, 66 / 71 kB covered
273 Procs, 6332 Labels, 4883 Branches, 0 MB used, 66 / 71 kB covered
273 Procs, 6332 Labels, 4883 Branches, 0 MB used, 66 / 71 kB covered
273 Procs, 6332 Labels, 4883 Branches, 0 MB used, 66 / 71 kB covered
273 Procs, 6332 Labels, 4883 Branches, 0 MB used, 66 / 71 kB covered
273 Procs, 6332 Labels, 4883 Branches, 0 MB used, 66 / 71 kB covered
273 Procs, 6332 Labels, 4883 Branches, 0 MB used, 66 / 71 kB covered
273 Procs, 6332 Labels, 4883 Branches, 0 MB used, 66 / 71 kB covered
273 Procs, 6332 Labels, 4883 Branches, 0 MB used, 66 / 71 kB covered
273 Procs, 6332 Labels, 4883 Branches, 0 MB used, 66 / 71 kB covered
Resolving indirect jumps...
273 Procs, 6332 Labels, 4883 Branches, 0 MB used, 66 / 71 kB covered
273 Procs, 6332 Labels, 4883 Branches, 0 MB used, 66 / 71 kB covered
Resolving constants and strings...
273 Procs, 6332 Labels, 4883 Branches, 0 MB used, 66 / 71 kB covered
Discovering unreached functions...
273 Procs, 6332 Labels, 4883 Branches, 0 MB used, 66 / 71 kB covered
Computing call tree...
273 Procs, 6332 Labels, 4883 Branches, 0 MB used, 66 / 71 kB covered
Computing calling conventions...
273 Procs, 6332 Labels, 4883 Branches, 1 MB used, 66 / 71 kB covered
Computing Calling Convention: 3/273  0x0804A04C
Computing Calling Convention: 4/273  0x0804A05C
Computing Calling Convention: 5/273  0x0804A06C
Computing Calling Convention: 6/273  0x0804A07C
Computing Calling Convention: 7/273  0x0804A08C
Computing Calling Convention: 8/273  0x0804A09C
Computing Calling Convention: 9/273  0x0804A0AC
Computing Calling Convention: 10/273  0x0804A0BC
Computing Calling Convention: 11/273  0x0804A0CC
Computing Calling Convention: 12/273  0x0804A0DC
Computing Calling Convention: 13/273  0x0804A0EC
Computing Calling Convention: 14/273  0x0804A0FC
Computing Calling Convention: 15/273  0x0804A10C
Computing Calling Convention: 16/273  0x0804A11C
Computing Calling Convention: 17/273  0x0804A12C
Computing Calling Convention: 18/273  0x0804A13C
Computing Calling Convention: 19/273  0x0804A14C
Computing Calling Convention: 20/273  0x0804A15C
Computing Calling Convention: 21/273  0x0804A16C
Computing Calling Convention: 22/273  0x0804A17C
Computing Calling Convention: 23/273  0x0804A18C
Computing Calling Convention: 24/273  0x0804A1AC
Computing Calling Convention: 25/273  0x0804A1BC
Computing Calling Convention: 26/273  0x0804A1CC
Computing Calling Convention: 27/273  0x0804A1DC
Computing Calling Convention: 28/273  0x0804A1EC
Computing Calling Convention: 29/273  0x0804A20C
Computing Calling Convention: 30/273  0x0804A21C
Computing Calling Convention: 31/273  0x0804A22C
Computing Calling Convention: 32/273  0x0804A23C
Computing Calling Convention: 33/273  0x0804A24C
Computing Calling Convention: 34/273  0x0804A25C
Computing Calling Convention: 35/273  0x0804A26C
Computing Calling Convention: 36/273  0x0804A27C
Computing Calling Convention: 37/273  0x0804A28C
Computing Calling Convention: 38/273  0x0804A29C
Computing Calling Convention: 39/273  0x0804A2AC
Computing Calling Convention: 40/273  0x0804A2BC
Computing Calling Convention: 41/273  0x0804A2DC
Computing Calling Convention: 42/273  0x0804A2EC
Computing Calling Convention: 43/273  0x0804A30C
Computing Calling Convention: 44/273  0x0804A31C
Computing Calling Convention: 45/273  0x0804A32C
Computing Calling Convention: 46/273  0x0804A33C
Computing Calling Convention: 47/273  0x0804A35C
Computing Calling Convention: 48/273  0x0804A36C
Computing Calling Convention: 49/273  0x0804A37C
Computing Calling Convention: 50/273  0x0804A39C
Computing Calling Convention: 51/273  0x0804A3AC
Computing Calling Convention: 52/273  0x0804A3BC
Computing Calling Convention: 53/273  0x0804A3CC
Computing Calling Convention: 54/273  0x0804A3DC
Computing Calling Convention: 55/273  0x0804A3EC
Computing Calling Convention: 56/273  0x0804A40C
Computing Calling Convention: 57/273  0x0804A42C
Computing Calling Convention: 58/273  0x0804A43C
Computing Calling Convention: 59/273  0x0804A44C
Computing Calling Convention: 60/273  0x0804A45C
Computing Calling Convention: 61/273  0x0804A46C
Computing Calling Convention: 62/273  0x0804A47C
Computing Calling Convention: 63/273  0x0804A48C
Computing Calling Convention: 64/273  0x0804A49C
Computing Calling Convention: 65/273  0x0804A4AC
Computing Calling Convention: 66/273  0x0804A4BC
Computing Calling Convention: 67/273  0x0804A4CC
Computing Calling Convention: 68/273  0x0804A4DC
Computing Calling Convention: 69/273  0x0804A4EC
Computing Calling Convention: 70/273  0x0804A4FC
Computing Calling Convention: 71/273  0x0804A50C
Computing Calling Convention: 72/273  0x0804A51C
Computing Calling Convention: 73/273  0x0804A52C
Computing Calling Convention: 74/273  0x0804A53C
Computing Calling Convention: 75/273  0x0804A54C
Computing Calling Convention: 76/273  0x0804A55C
Computing Calling Convention: 77/273  0x0804A56C
Computing Calling Convention: 78/273  0x0804A57C
Computing Calling Convention: 79/273  0x0804A58C
Computing Calling Convention: 80/273  0x0804A5AC
Computing Calling Convention: 81/273  0x0804A5CC
Computing Calling Convention: 82/273  0x0804A5DC
Computing Calling Convention: 83/273  0x0804A5EC
Computing Calling Convention: 84/273  0x0804A5FC
Computing Calling Convention: 85/273  0x0804A60C
Computing Calling Convention: 86/273  0x0804A62C
Computing Calling Convention: 87/273  0x0804A63C
Computing Calling Convention: 88/273  0x0804A64C
Computing Calling Convention: 89/273  0x0804A65C
Computing Calling Convention: 90/273  0x0804A66C
Computing Calling Convention: 91/273  0x0804A68C
Computing Calling Convention: 92/273  0x0804A69C
Computing Calling Convention: 93/273  0x0804A6AC
Computing Calling Convention: 94/273  0x0804A6BC
Computing Calling Convention: 95/273  0x0804A6EC
Computing Calling Convention: 96/273  0x0804A6FC
Computing Calling Convention: 97/273  0x0804A70C
Computing Calling Convention: 98/273  0x0804A71C
Computing Calling Convention: 99/273  0x0804A72C
Computing Calling Convention: 100/273  0x0804A73C
Computing Calling Convention: 101/273  0x0804A75C
Computing Calling Convention: 102/273  0x0804A76C
Computing Calling Convention: 103/273  0x0804A78C
Computing Calling Convention: 104/273  0x0804A79C
Computing Calling Convention: 105/273  0x0804A7AC
Computing Calling Convention: 106/273  0x0804A7BC
Computing Calling Convention: 107/273  0x0804A7CC
Computing Calling Convention: 108/273  0x0804A7DC
Computing Calling Convention: 109/273  0x0804A7EC
Computing Calling Convention: 110/273  0x0804A7FC
Computing Calling Convention: 111/273  0x0804A80C
Computing Calling Convention: 112/273  0x0804A81C
Computing Calling Convention: 113/273  0x0804A83C
Computing Calling Convention: 114/273  0x0804A84C
Computing Calling Convention: 115/273  0x0804A85C
Computing Calling Convention: 116/273  0x0804A87C
Computing Calling Convention: 117/273  0x0804A88C
Computing Calling Convention: 118/273  0x0804A89C
Computing Calling Convention: 119/273  0x0804A8BC
Computing Calling Convention: 120/273  0x0804A8CC
Computing Calling Convention: 121/273  0x0804A8DC
Computing Calling Convention: 122/273  0x0804A8EC
Computing Calling Convention: 123/273  0x0804A90C
Computing Calling Convention: 124/273  0x0804A91C
Computing Calling Convention: 125/273  0x0804A92C
Computing Calling Convention: 126/273  0x0804A93C
Computing Calling Convention: 127/273  0x0804A94C
Computing Calling Convention: 128/273  0x0804A95C
Computing Calling Convention: 129/273  0x0804A96C
Computing Calling Convention: 130/273  0x0804A97C
Computing Calling Convention: 131/273  0x0804A98C
Computing Calling Convention: 132/273  0x0804A99C
Computing Calling Convention: 133/273  0x0804A9AC
Computing Calling Convention: 134/273  0x0804A9BC
Computing Calling Convention: 135/273  0x0804A9CC
Computing Calling Convention: 136/273  0x0804A9DC
Computing Calling Convention: 137/273  0x0804A9EC
Computing Calling Convention: 138/273  0x0804AA0C
Computing Calling Convention: 139/273  0x0804AA1C
Computing Calling Convention: 140/273  0x0804AA2C
Computing Calling Convention: 141/273  0x0804AA3C
Computing Calling Convention: 142/273  0x0804AA5C
Computing Calling Convention: 143/273  0x0804AA6C
Computing Calling Convention: 144/273  0x0804AA7C
Computing Calling Convention: 145/273  0x0804AA8C
Computing Calling Convention: 146/273  0x0804AA9C
Computing Calling Convention: 147/273  0x0804AAAC
Computing Calling Convention: 148/273  0x0804AABC
Computing Calling Convention: 149/273  0x0804AAD0
Computing Calling Convention: 150/273  0x0804AB00
Computing Calling Convention: 151/273  0x0804AB60
Computing Calling Convention: 160/273  0x0804BCF1
Computing Calling Convention: 162/273  0x0804C6C0
Computing Calling Convention: 163/273  0x0804C6EE
Computing Calling Convention: 164/273  0x0804C71C
Computing Calling Convention: 165/273  0x0804C74A
Computing Calling Convention: 166/273  0x0804C978
Computing Calling Convention: 167/273  0x0804CA23
Computing Calling Convention: 168/273  0x0804CA9F
Computing Calling Convention: 169/273  0x0804CAB3
Computing Calling Convention: 170/273  0x0804CAC7
Computing Calling Convention: 171/273  0x0804CAEA
Computing Calling Convention: 172/273  0x0804CB0D
Computing Calling Convention: 173/273  0x0804CB30
Computing Calling Convention: 174/273  0x0804CB5F
Computing Calling Convention: 175/273  0x0804CB8E
Computing Calling Convention: 176/273  0x0804CBBD
Computing Calling Convention: 177/273  0x0804CBD2
Computing Calling Convention: 178/273  0x0804CBE7
Computing Calling Convention: 179/273  0x0804CBFC
Computing Calling Convention: 180/273  0x0804CC31
Computing Calling Convention: 181/273  0x0804CC8C
Computing Calling Convention: 182/273  0x0804CCA1
Computing Calling Convention: 187/273  0x0804CF6F
Computing Calling Convention: 193/273  0x0804D5A8
Computing Calling Convention: 194/273  0x0804D9AB
Computing Calling Convention: 196/273  0x0804DDD0
Computing Calling Convention: 197/273  0x0804DEB2
Computing Calling Convention: 200/273  0x0804E3E1
Computing Calling Convention: 202/273  0x0804E748
Computing Calling Convention: 203/273  0x0804E773
Computing Calling Convention: 205/273  0x0804EE68
Computing Calling Convention: 206/273  0x0804F04D
Computing Calling Convention: 207/273  0x0804F094
Computing Calling Convention: 208/273  0x0804F0AF
Computing Calling Convention: 209/273  0x0804F0E6
Computing Calling Convention: 211/273  0x0804F120
Computing Calling Convention: 212/273  0x0804F204
Computing Calling Convention: 213/273  0x0804F24B
Computing Calling Convention: 214/273  0x0804F3AB
Computing Calling Convention: 215/273  0x0804F49B
Computing Calling Convention: 216/273  0x0804F4EA
Computing Calling Convention: 217/273  0x0804F588
Computing Calling Convention: 219/273  0x0804F991
Computing Calling Convention: 220/273  0x0804FA50
Computing Calling Convention: 221/273  0x0804FAE4
Computing Calling Convention: 222/273  0x0804FC9C
Computing Calling Convention: 223/273  0x080500DE
Computing Calling Convention: 224/273  0x08050100
Computing Calling Convention: 225/273  0x08050158
Computing Calling Convention: 226/273  0x08050285
Computing Calling Convention: 227/273  0x08050341
Computing Calling Convention: 229/273  0x08052914
Computing Calling Convention: 230/273  0x08052945
Computing Calling Convention: 231/273  0x08052995
Computing Calling Convention: 232/273  0x080529E5
Computing Calling Convention: 233/273  0x08052A02
Computing Calling Convention: 234/273  0x08052A37
Computing Calling Convention: 235/273  0x08052A6C
Computing Calling Convention: 236/273  0x08052ADA
Computing Calling Convention: 237/273  0x08052B17
Computing Calling Convention: 238/273  0x08052B54
Computing Calling Convention: 239/273  0x08052B88
Computing Calling Convention: 240/273  0x08052BBC
Computing Calling Convention: 241/273  0x08052BF0
Computing Calling Convention: 242/273  0x08052C31
Computing Calling Convention: 243/273  0x08052C9E
Computing Calling Convention: 244/273  0x08052CD3
Computing Calling Convention: 245/273  0x08052D11
Computing Calling Convention: 246/273  0x08052E8B
Computing Calling Convention: 247/273  0x08052EDC
Computing Calling Convention: 248/273  0x08052F47
Computing Calling Convention: 249/273  0x0805303F
Computing Calling Convention: 250/273  0x08053376
Computing Calling Convention: 251/273  0x0805338A
Computing Calling Convention: 254/273  0x080538F2
Computing Calling Convention: 255/273  0x080539F8
Computing Calling Convention: 256/273  0x08053A0C
Computing Calling Convention: 257/273  0x08053A43
Computing Calling Convention: 258/273  0x08053B52
Computing Calling Convention: 259/273  0x08053BDA
Computing Calling Convention: 260/273  0x08053D7C
Computing Calling Convention: 261/273  0x0805409D
Computing Calling Convention: 262/273  0x080540E2
Computing Calling Convention: 263/273  0x0805411F
Computing Calling Convention: 264/273  0x08054399
Computing Calling Convention: 265/273  0x080546F4
Computing Calling Convention: 266/273  0x08054720
Computing Calling Convention: 268/273  0x0805478A
Computing Calling Convention: 269/273  0x08054790
Computing Calling Convention: 270/273  0x080547D0
Computing Calling Convention: 271/273  0x08054810
Computing Calling Convention: 273/273  0x08054848
Computing Calling Convention: 2/32  0x0804A018
Computing Calling Convention: 6/32  0x0804B4F0
Computing Calling Convention: 7/32  0x0804B513
Computing Calling Convention: 8/32  0x0804B68B
Computing Calling Convention: 10/32  0x0804BC85
Computing Calling Convention: 12/32  0x0804CCBE
Computing Calling Convention: 13/32  0x0804CE8D
Computing Calling Convention: 15/32  0x0804CF50
Computing Calling Convention: 19/32  0x0804D384
Computing Calling Convention: 20/32  0x0804D455
Computing Calling Convention: 21/32  0x0804DAE3
Computing Calling Convention: 22/32  0x0804DECC
Computing Calling Convention: 23/32  0x0804E2E4
Computing Calling Convention: 26/32  0x0804F0F0
Computing Calling Convention: 27/32  0x0804F5CE
Computing Calling Convention: 28/32  0x080504D7
Computing Calling Convention: 29/32  0x080537BE
Computing Calling Convention: 30/32  0x080538AF
Computing Calling Convention: 32/32  0x0805483C
Computing Calling Convention: 1/13  0x0804A00C
Computing Calling Convention: 2/13  0x0804AB84
Computing Calling Convention: 10/13  0x0804D035
Computing Calling Convention: 13/13  0x08054730
Computing Calling Convention: 6/9  0x0804CFF1
Computing Calling Convention: 7/9  0x0804D013
Computing Calling Convention: 2/7  0x0804AD3A
Computing Calling Convention: 3/7  0x0804B79A
Computing Calling Convention: xx/5  0x0804E961
Computing Calling Convention: 1/4  0x0804BFA5
Computing Calling Convention: xx/3  0x0804E961
Computing Calling Convention: xx/2  0x0804E961
Computing Calling Convention: xx/1  0x0804E961
File analysis complete.
273 Procs, 6332 Labels, 4883 Branches, 1 MB used, 66 / 71 kB covered

Decompiling 1/273: 0x0804A00C
Decompiling 2/273: 0x0804A018
Decompiling 3/273: 0x0804A04C
Decompiling 4/273: 0x0804A05C
Decompiling 5/273: 0x0804A06C
Decompiling 6/273: 0x0804A07C
Decompiling 7/273: 0x0804A08C
Decompiling 8/273: 0x0804A09C
Decompiling 9/273: 0x0804A0AC
Decompiling 10/273: 0x0804A0BC
Decompiling 11/273: 0x0804A0CC
Decompiling 12/273: 0x0804A0DC
Decompiling 13/273: 0x0804A0EC
Decompiling 14/273: 0x0804A0FC
Decompiling 15/273: 0x0804A10C
Decompiling 16/273: 0x0804A11C
Decompiling 17/273: 0x0804A12C
Decompiling 18/273: 0x0804A13C
Decompiling 19/273: 0x0804A14C
Decompiling 20/273: 0x0804A15C
Decompiling 21/273: 0x0804A16C
Decompiling 22/273: 0x0804A17C
Decompiling 23/273: 0x0804A18C
Decompiling 24/273: 0x0804A1AC
Decompiling 25/273: 0x0804A1BC
Decompiling 26/273: 0x0804A1CC
Decompiling 27/273: 0x0804A1DC
Decompiling 28/273: 0x0804A1EC
Decompiling 29/273: 0x0804A20C
Decompiling 30/273: 0x0804A21C
Decompiling 31/273: 0x0804A22C
Decompiling 32/273: 0x0804A23C
Decompiling 33/273: 0x0804A24C
Decompiling 34/273: 0x0804A25C
Decompiling 35/273: 0x0804A26C
Decompiling 36/273: 0x0804A27C
Decompiling 37/273: 0x0804A28C
Decompiling 38/273: 0x0804A29C
Decompiling 39/273: 0x0804A2AC
Decompiling 40/273: 0x0804A2BC
Decompiling 41/273: 0x0804A2DC
Decompiling 42/273: 0x0804A2EC
Decompiling 43/273: 0x0804A30C
Decompiling 44/273: 0x0804A31C
Decompiling 45/273: 0x0804A32C
Decompiling 46/273: 0x0804A33C
Decompiling 47/273: 0x0804A35C
Decompiling 48/273: 0x0804A36C
Decompiling 49/273: 0x0804A37C
Decompiling 50/273: 0x0804A39C
Decompiling 51/273: 0x0804A3AC
Decompiling 52/273: 0x0804A3BC
Decompiling 53/273: 0x0804A3CC
Decompiling 54/273: 0x0804A3DC
Decompiling 55/273: 0x0804A3EC
Decompiling 56/273: 0x0804A40C
Decompiling 57/273: 0x0804A42C
Decompiling 58/273: 0x0804A43C
Decompiling 59/273: 0x0804A44C
Decompiling 60/273: 0x0804A45C
Decompiling 61/273: 0x0804A46C
Decompiling 62/273: 0x0804A47C
Decompiling 63/273: 0x0804A48C
Decompiling 64/273: 0x0804A49C
Decompiling 65/273: 0x0804A4AC
Decompiling 66/273: 0x0804A4BC
Decompiling 67/273: 0x0804A4CC
Decompiling 68/273: 0x0804A4DC
Decompiling 69/273: 0x0804A4EC
Decompiling 70/273: 0x0804A4FC
Decompiling 71/273: 0x0804A50C
Decompiling 72/273: 0x0804A51C
Decompiling 73/273: 0x0804A52C
Decompiling 74/273: 0x0804A53C
Decompiling 75/273: 0x0804A54C
Decompiling 76/273: 0x0804A55C
Decompiling 77/273: 0x0804A56C
Decompiling 78/273: 0x0804A57C
Decompiling 79/273: 0x0804A58C
Decompiling 80/273: 0x0804A5AC
Decompiling 81/273: 0x0804A5CC
Decompiling 82/273: 0x0804A5DC
Decompiling 83/273: 0x0804A5EC
Decompiling 84/273: 0x0804A5FC
Decompiling 85/273: 0x0804A60C
Decompiling 86/273: 0x0804A62C
Decompiling 87/273: 0x0804A63C
Decompiling 88/273: 0x0804A64C
Decompiling 89/273: 0x0804A65C
Decompiling 90/273: 0x0804A66C
Decompiling 91/273: 0x0804A68C
Decompiling 92/273: 0x0804A69C
Decompiling 93/273: 0x0804A6AC
Decompiling 94/273: 0x0804A6BC
Decompiling 95/273: 0x0804A6EC
Decompiling 96/273: 0x0804A6FC
Decompiling 97/273: 0x0804A70C
Decompiling 98/273: 0x0804A71C
Decompiling 99/273: 0x0804A72C
Decompiling 100/273: 0x0804A73C
Decompiling 101/273: 0x0804A75C
Decompiling 102/273: 0x0804A76C
Decompiling 103/273: 0x0804A78C
Decompiling 104/273: 0x0804A79C
Decompiling 105/273: 0x0804A7AC
Decompiling 106/273: 0x0804A7BC
Decompiling 107/273: 0x0804A7CC
Decompiling 108/273: 0x0804A7DC
Decompiling 109/273: 0x0804A7EC
Decompiling 110/273: 0x0804A7FC
Decompiling 111/273: 0x0804A80C
Decompiling 112/273: 0x0804A81C
Decompiling 113/273: 0x0804A83C
Decompiling 114/273: 0x0804A84C
Decompiling 115/273: 0x0804A85C
Decompiling 116/273: 0x0804A87C
Decompiling 117/273: 0x0804A88C
Decompiling 118/273: 0x0804A89C
Decompiling 119/273: 0x0804A8BC
Decompiling 120/273: 0x0804A8CC
Decompiling 121/273: 0x0804A8DC
Decompiling 122/273: 0x0804A8EC
Decompiling 123/273: 0x0804A90C
Decompiling 124/273: 0x0804A91C
Decompiling 125/273: 0x0804A92C
Decompiling 126/273: 0x0804A93C
Decompiling 127/273: 0x0804A94C
Decompiling 128/273: 0x0804A95C
Decompiling 129/273: 0x0804A96C
Decompiling 130/273: 0x0804A97C
Decompiling 131/273: 0x0804A98C
Decompiling 132/273: 0x0804A99C
Decompiling 133/273: 0x0804A9AC
Decompiling 134/273: 0x0804A9BC
Decompiling 135/273: 0x0804A9CC
Decompiling 136/273: 0x0804A9DC
Decompiling 137/273: 0x0804A9EC
Decompiling 138/273: 0x0804AA0C
Decompiling 139/273: 0x0804AA1C
Decompiling 140/273: 0x0804AA2C
Decompiling 141/273: 0x0804AA3C
Decompiling 142/273: 0x0804AA5C
Decompiling 143/273: 0x0804AA6C
Decompiling 144/273: 0x0804AA7C
Decompiling 145/273: 0x0804AA8C
Decompiling 146/273: 0x0804AA9C
Decompiling 147/273: 0x0804AAAC
Decompiling 148/273: 0x0804AABC
Decompiling 149/273: 0x0804AAD0
Decompiling 150/273: 0x0804AB00
Decompiling 151/273: 0x0804AB60
Decompiling 152/273: 0x0804AB84
Decompiling 153/273: 0x0804AC92
Decompiling 154/273: 0x0804AD3A
Decompiling 155/273: 0x0804B4F0
Decompiling 156/273: 0x0804B513
Decompiling 157/273: 0x0804B68B
Decompiling 158/273: 0x0804B79A
Decompiling 159/273: 0x0804BC85
Decompiling 160/273: 0x0804BCF1
Decompiling 161/273: 0x0804BFA5
Decompiling 162/273: 0x0804C6C0
Decompiling 163/273: 0x0804C6EE
Decompiling 164/273: 0x0804C71C
Decompiling 165/273: 0x0804C74A
Decompiling 166/273: 0x0804C978
Decompiling 167/273: 0x0804CA23
Decompiling 168/273: 0x0804CA9F
Decompiling 169/273: 0x0804CAB3
Decompiling 170/273: 0x0804CAC7
Decompiling 171/273: 0x0804CAEA
Decompiling 172/273: 0x0804CB0D
Decompiling 173/273: 0x0804CB30
Decompiling 174/273: 0x0804CB5F
Decompiling 175/273: 0x0804CB8E
Decompiling 176/273: 0x0804CBBD
Decompiling 177/273: 0x0804CBD2
Decompiling 178/273: 0x0804CBE7
Decompiling 179/273: 0x0804CBFC
Decompiling 180/273: 0x0804CC31
Decompiling 181/273: 0x0804CC8C
Decompiling 182/273: 0x0804CCA1
Decompiling 183/273: 0x0804CCBE
Decompiling 184/273: 0x0804CE8D
Decompiling 185/273: 0x0804CEE8
Decompiling 186/273: 0x0804CF50
Decompiling 187/273: 0x0804CF6F
Decompiling 188/273: 0x0804CFF1
Decompiling 189/273: 0x0804D013
Decompiling 190/273: 0x0804D035
Decompiling 191/273: 0x0804D384
Decompiling 192/273: 0x0804D455
Decompiling 193/273: 0x0804D5A8
Decompiling 194/273: 0x0804D9AB
Decompiling 195/273: 0x0804DAE3
Decompiling 196/273: 0x0804DDD0
Decompiling 197/273: 0x0804DEB2
Decompiling 198/273: 0x0804DECC
Decompiling 199/273: 0x0804E2E4
Decompiling 200/273: 0x0804E3E1
Decompiling 201/273: 0x0804E41A
Decompiling 202/273: 0x0804E748
Decompiling 203/273: 0x0804E773
Decompiling 204/273: 0x0804E961
Decompiling 205/273: 0x0804EE68
Decompiling 206/273: 0x0804F04D
Decompiling 207/273: 0x0804F094
Decompiling 208/273: 0x0804F0AF
Decompiling 209/273: 0x0804F0E6
Decompiling 210/273: 0x0804F0F0
Decompiling 211/273: 0x0804F120
Decompiling 212/273: 0x0804F204
Decompiling 213/273: 0x0804F24B
Decompiling 214/273: 0x0804F3AB
Decompiling 215/273: 0x0804F49B
Decompiling 216/273: 0x0804F4EA
Decompiling 217/273: 0x0804F588
Decompiling 218/273: 0x0804F5CE
Decompiling 219/273: 0x0804F991
Decompiling 220/273: 0x0804FA50
Decompiling 221/273: 0x0804FAE4
Decompiling 222/273: 0x0804FC9C
Decompiling 223/273: 0x080500DE
Decompiling 224/273: 0x08050100
Decompiling 225/273: 0x08050158
Decompiling 226/273: 0x08050285
Decompiling 227/273: 0x08050341
Decompiling 228/273: 0x080504D7
Decompiling 229/273: 0x08052914
Decompiling 230/273: 0x08052945
Decompiling 231/273: 0x08052995
Decompiling 232/273: 0x080529E5
Decompiling 233/273: 0x08052A02
Decompiling 234/273: 0x08052A37
Decompiling 235/273: 0x08052A6C
Decompiling 236/273: 0x08052ADA
Decompiling 237/273: 0x08052B17
Decompiling 238/273: 0x08052B54
Decompiling 239/273: 0x08052B88
Decompiling 240/273: 0x08052BBC
Decompiling 241/273: 0x08052BF0
Decompiling 242/273: 0x08052C31
Decompiling 243/273: 0x08052C9E
Decompiling 244/273: 0x08052CD3
Decompiling 245/273: 0x08052D11
Decompiling 246/273: 0x08052E8B
Decompiling 247/273: 0x08052EDC
Decompiling 248/273: 0x08052F47
Decompiling 249/273: 0x0805303F
Decompiling 250/273: 0x08053376
Decompiling 251/273: 0x0805338A
Decompiling 252/273: 0x080537BE
Decompiling 253/273: 0x080538AF
Decompiling 254/273: 0x080538F2
Decompiling 255/273: 0x080539F8
Decompiling 256/273: 0x08053A0C
Decompiling 257/273: 0x08053A43
Decompiling 258/273: 0x08053B52
Decompiling 259/273: 0x08053BDA
Decompiling 260/273: 0x08053D7C
Decompiling 261/273: 0x0805409D
Decompiling 262/273: 0x080540E2
Decompiling 263/273: 0x0805411F
Decompiling 264/273: 0x08054399
Decompiling 265/273: 0x080546F4
Decompiling 266/273: 0x08054720
Decompiling 267/273: 0x08054730
Decompiling 268/273: 0x0805478A
Decompiling 269/273: 0x08054790
Decompiling 270/273: 0x080547D0
Decompiling 271/273: 0x08054810
Decompiling 272/273: 0x0805483C
Decompiling 273/273: 0x08054848
Decompiling 273/273: 0x08054848
