Using options:
rewriting: void fn080482E0(Register (ptr (ptr code)) edx, Stack word32 dwArg00)
08048390: error: Failed to write global variable g_ptr8048390.
    Drill into struct
       at Decompiler.Core.Output.GlobalDataWriter.VisitPointer(Pointer ptr)
   at Decompiler.Core.Types.Pointer.Accept[T](IDataTypeVisitor`1 v)
   at Decompiler.Core.Output.GlobalDataWriter.WriteGlobals(Formatter formatter)
0804856C: error: Failed to write global variable g_ptr804856C.
    Drill into struct
       at Decompiler.Core.Output.GlobalDataWriter.VisitPointer(Pointer ptr)
   at Decompiler.Core.Types.Pointer.Accept[T](IDataTypeVisitor`1 v)
   at Decompiler.Core.Output.GlobalDataWriter.WriteGlobals(Formatter formatter)
0804859C: error: Failed to write global variable g_ptr804859C.
    Drill into struct
       at Decompiler.Core.Output.GlobalDataWriter.VisitPointer(Pointer ptr)
   at Decompiler.Core.Types.Pointer.Accept[T](IDataTypeVisitor`1 v)
   at Decompiler.Core.Output.GlobalDataWriter.WriteGlobals(Formatter formatter)
08048390: error: Failed to write global variable g_ptr8048390.
    Drill into struct
       at Decompiler.Core.Output.GlobalDataWriter.VisitPointer(Pointer ptr)
   at Decompiler.Core.Types.Pointer.Accept[T](IDataTypeVisitor`1 v)
   at Decompiler.Core.Output.GlobalDataWriter.WriteGlobals(Formatter formatter)
0804856C: error: Failed to write global variable g_ptr804856C.
    Drill into struct
       at Decompiler.Core.Output.GlobalDataWriter.VisitPointer(Pointer ptr)
   at Decompiler.Core.Types.Pointer.Accept[T](IDataTypeVisitor`1 v)
   at Decompiler.Core.Output.GlobalDataWriter.WriteGlobals(Formatter formatter)
0804859C: error: Failed to write global variable g_ptr804859C.
    Drill into struct
       at Decompiler.Core.Output.GlobalDataWriter.VisitPointer(Pointer ptr)
   at Decompiler.Core.Types.Pointer.Accept[T](IDataTypeVisitor`1 v)
   at Decompiler.Core.Output.GlobalDataWriter.WriteGlobals(Formatter formatter)
