INFO  an - ### holdec 1.1 Copyright 2003-2012 Raimar Falke
INFO  an - Using ./from_boomerang/banner/ia32_elf_by_boomerang/subject.exe as executable
read image                              : ............................................................ [ done ]
INFO  fG - Detected ELF (Executable and Linkable Format)
INFO  ks - wrote ./from_boomerang/banner/ia32_elf_by_boomerang/subject.exe.info
INFO  fG - disassembleAndWrite: start a new loop with 1 extra block starts
Disassemble                             : ............................................................ [ done ]
INFO  fG - disassembleAndWrite: running multiline
INFO  ks - wrote ./from_boomerang/banner/ia32_elf_by_boomerang/subject.exe.info
Preprocessing 311 asm lines             : ............................................................ [ done ]
INFO  ks - wrote ./from_boomerang/banner/ia32_elf_by_boomerang/subject.exe.info
INFO  fG - disassembleAndWrite: found 1 new addresses
INFO  fG - disassembleAndWrite: start a new loop with 2 extra block starts
Disassemble                             : ............................................................ [ done ]
INFO  fG - disassembleAndWrite: running multiline
INFO  ks - wrote ./from_boomerang/banner/ia32_elf_by_boomerang/subject.exe.info
Preprocessing 311 asm lines             : ............................................................ [ done ]
INFO  ks - wrote ./from_boomerang/banner/ia32_elf_by_boomerang/subject.exe.info
INFO  fG - disassembleAndWrite: found no new addresses. will stop now.
INFO  ks - wrote ./from_boomerang/banner/ia32_elf_by_boomerang/subject.exe.info
Preprocessing 342 asm lines             : ............................................................ [ done ]
INFO  ks - wrote ./from_boomerang/banner/ia32_elf_by_boomerang/subject.exe.info
INFO  fG - reading all asm lines ...
INFO  fG - ... read 342 asm lines
WARN  w - Address 00000000.0 is excluded by the address filter. Maybe outside text section?
WARN  w - Address 080480f4.0 is excluded by the address filter. Maybe outside text section?
WARN  w - Address 08048620.0 is excluded by the address filter. Maybe outside text section?
create blocks                           : ..................WARN  ag - Referencing unknown line 00000000.0
.......................................... [ done ]
init blocks                             : ............................................................ [ done ]
Writing 16 methods to cache             : ............................................................ [ done ]
INFO  an - will decompile 6 functions
decompile puts                          : .... failed: Block L0 calls block L1 which isn't available
decompile malloc                        : .... failed: Block L0 calls block L1 which isn't available
decompile strlen                        : .... failed: Block L0 calls block L1 which isn't available
decompile F_0804830e                    : ............................................................ [ done ]
decompile main                          : .WARN  ag - Referencing unknown line 080482b0.0
WARN  ag - Referencing unknown line 080482c0.0
WARN  ag - Referencing unknown line 080482a0.0
WARN  ag - Referencing unknown line 080482a0.0
..INFO  fO - Skipping stack alignment: 08048399.0+3 l.and esp,0xfffffff0
.............. failed: A non-current expression of a variable is used in block L20 in if(CMP(LOAD(ADD(reg_a40, SEGMENT2ADDR(reg_pp24))), ==, 32)) goto L21: The current setter is reg_zj6 while [reg_pp24] was found. Related expressions are [reg_zj8, reg_zj7, reg_pp27, reg_pp11, reg_zj6, reg_zj5, reg_pp30, reg_zj2, reg_pp24]
decompile F_080485fe                    : .WARN  ag - Referencing unknown line 08048328.0
........................................................... [ done ]
