[I] JEB 4.11.0.202201181921 (jeb-ce) is starting...
[I] Current directory: SUBJECTS
[I] Base directory: JEBDIR
[I] System: Mac OS X 12.2 (aarch64) de_DE
[I] Java: Homebrew 17.0.1
[I] Memory Usage: 39.2M used (224.8M free, 6.0G max)
[I] Initializing Jython, please wait...
Processing file: SUBJECTS/from_boomerang/banner/ia32_elf_by_boomerang/subject.exe...
[I] {subject.exe > subject.exe > x86 image}: Detected compiler: unknown (Linux)
[I] {subject.exe > subject.exe > x86 image}: Initial native analysis styles: code gaps: PROLOGUES_ONLY, data gaps: DEFAULT
[I] {subject.exe > subject.exe > x86 image}: Analysis completed (0s)
[I] {subject.exe > subject.exe > x86 image}: Initial analysis created 15 methods
Output folder: jeb_output
  0/ 15: Method: →puts
  1/ 15: 1/15: →puts (DONE:44ms)
  1/ 15: Method: →malloc
  2/ 15: 2/15: →malloc (DONE:7ms)
  2/ 15: Method: →strlen
  3/ 15: 3/15: →strlen (DONE:5ms)
  3/ 15: Method: →__libc_start_main
  4/ 15: 4/15: →__libc_start_main (DONE:7ms)
  4/ 15: Method: __do_global_dtors_aux
  5/ 15: 5/15: __do_global_dtors_aux (DONE:141ms)
  5/ 15: Method: __do_global_ctors_aux
  6/ 15: 6/15: __do_global_ctors_aux (DONE:115ms)
  6/ 15: Method: sub_8048296
  7/ 15: 7/15: sub_8048296 (DONE:5ms)
  7/ 15: Method: main
[E] Prototype determination likely failed; too many parameters (126)
  8/ 15: 8/15: main (DONE:785ms)
  8/ 15: Method: _start
  9/ 15: 9/15: _start (DONE:44ms)
  9/ 15: Method: call_gmon_start
 10/ 15: 10/15: call_gmon_start (DONE:25ms)
 10/ 15: Method: frame_dummy
 11/ 15: 11/15: frame_dummy (DONE:21ms)
 11/ 15: Method: initializer_0
 12/ 15: 12/15: initializer_0 (DONE:16ms)
 12/ 15: Method: __libc_csu_init
 13/ 15: 13/15: __libc_csu_init (DONE:31ms)
 13/ 15: Method: finalizer_0
 14/ 15: 14/15: finalizer_0 (DONE:18ms)
 14/ 15: Method: __libc_csu_fini
 15/ 15: 15/15: __libc_csu_fini (DONE:16ms)
Exectime: 1.897000 sec
[I] Done.
