Using options:
error: Unable to load metadata file linux-syscalls-i386.xml. System.NullReferenceException: Object reference not set to an instance of an object
  at Reko.Core.Serialization.ProcedureSerializer.Deserialize (Reko.Core.Serialization.SerializedSignature ss, Reko.Core.Frame frame) [0x0013e] in <b2493f84bc1c4ae0a3abd1f5c5378f54>:0 
  at Reko.Core.Serialization.SerializedService.Build (Reko.Core.IPlatform platform, Reko.Core.TypeLibrary library) [0x00181] in <b2493f84bc1c4ae0a3abd1f5c5378f54>:0 
  at Reko.Core.TypeLibraryDeserializer.LoadService (Reko.Core.Serialization.SerializedService ssvc) [0x00000] in <b2493f84bc1c4ae0a3abd1f5c5378f54>:0 
  at Reko.Core.TypeLibraryDeserializer.LoadProcedures (Reko.Core.Serialization.SerializedLibrary serializedLibrary) [0x00037] in <b2493f84bc1c4ae0a3abd1f5c5378f54>:0 
  at Reko.Core.TypeLibraryDeserializer.Load (Reko.Core.Serialization.SerializedLibrary sLib) [0x0001f] in <b2493f84bc1c4ae0a3abd1f5c5378f54>:0 
  at Reko.Core.TypeLibraryLoader.Load (Reko.Core.IPlatform platform, Reko.Core.TypeLibrary dstLib) [0x0001e] in <b2493f84bc1c4ae0a3abd1f5c5378f54>:0 
  at Reko.Core.MetadataLoader.Load (Reko.Core.IPlatform platform, System.String moduleName, Reko.Core.TypeLibrary dstLib) [0x00000] in <b2493f84bc1c4ae0a3abd1f5c5378f54>:0 
  at Reko.Core.Services.TypeLibraryLoaderServiceImpl.LoadMetadataIntoLibrary (Reko.Core.IPlatform platform, Reko.Core.Configuration.ITypeLibraryElement tlElement, Reko.Core.TypeLibrary libDst) [0x0006f] in <b2493f84bc1c4ae0a3abd1f5c5378f54>:0 
08048384: warning: Call target address 00000000 is invalid.
080484E4: error: An error occurred while processing the statement Mem233[eax_196 - 0x00000070 + 0x00000000:byte] = Mem17[(edx_223 << 0x00000003) - edx_223 + dwLoc20_173 + 0x0804AB40[edx_210 * 0x00000004]:byte].
    Not handling (ptr32 (struct (0 T_239 t0000))) and (union (ui32 u0) (ptr32 u1)) yet
      at Reko.Typing.ExpressionTypeDescender.PushSubtrahendDataType (Reko.Core.Types.DataType dtDiff, Reko.Core.Types.DataType dtMin) [0x00057] in <6a264ef1b92c4115b517d6a392a986a9>:0 
  at Reko.Typing.ExpressionTypeDescender.VisitBinaryExpression (Reko.Core.Expressions.BinaryExpression binExp, Reko.Core.Types.TypeVariable tv) [0x000bf] in <6a264ef1b92c4115b517d6a392a986a9>:0 
  at Reko.Core.Expressions.BinaryExpression.Accept[T,C] (Reko.Core.Expressions.ExpressionVisitor`2[T,C] v, C context) [0x00000] in <b2493f84bc1c4ae0a3abd1f5c5378f54>:0 
  at Reko.Typing.ExpressionTypeDescender.VisitMemoryAccess (Reko.Core.Expressions.Expression basePointer, Reko.Core.Types.TypeVariable tvAccess, Reko.Core.Expressions.Expression effectiveAddress, Reko.Core.Expressions.Expression globals) [0x00191] in <6a264ef1b92c4115b517d6a392a986a9>:0 
  at Reko.Typing.ExpressionTypeDescender.VisitMemoryAccess (Reko.Core.Expressions.MemoryAccess access, Reko.Core.Types.TypeVariable tv) [0x00008] in <6a264ef1b92c4115b517d6a392a986a9>:0 
  at Reko.Core.Expressions.MemoryAccess.Accept[T,C] (Reko.Core.Expressions.ExpressionVisitor`2[T,C] v, C context) [0x00000] in <b2493f84bc1c4ae0a3abd1f5c5378f54>:0 
  at Reko.Typing.TypeCollector.VisitStore (Reko.Core.Code.Store store) [0x0007e] in <6a264ef1b92c4115b517d6a392a986a9>:0 
  at Reko.Core.Code.Store.Accept (Reko.Core.Code.InstructionVisitor v) [0x00000] in <b2493f84bc1c4ae0a3abd1f5c5378f54>:0 
  at Reko.Typing.TypeCollector.CollectTypes () [0x000d0] in <6a264ef1b92c4115b517d6a392a986a9>:0 
0804AB40: warning: Expected sizes of arrays to have been determined by now
0804AB40: warning: Expected sizes of arrays to have been determined by now
