after removing matching assigns (%pc).
in proc fib adding addrExp r1{0} - 32 to local table
in proc fib adding addrExp r1{0} - 4 to local table
in proc fib adding addrExp r1{0} - 12 to local table
in proc fib adding addrExp r1{0} + 4 to local table
in proc fib adding addrExp r1{0} + 4 to local table
TYPE ERROR: Existing type at address 0x4 is not structure or array type
in proc fib adding addrExp r1{0} - 4 to local table
TYPE ERROR: at address 0xfffffffc, overlapping type __size32 does not resolve to compound or array
in proc fib adding addrExp r1{0} - 12 to local table
in proc fib adding addrExp r1{0} - 32 to local table
finding final parameters for fib
potential param r3
found new parameter r3
finding final parameters for fib
potential param r3
found new parameter r3
after removing matching assigns (%pc).
size 0x20 meet with size 0x1!
size 0x1 meet with size 0x20!
size 0x1 meet with size 0x20!
size 0x20 meet with size 0x1!
size 0x1 meet with size 0x20!
in proc main adding addrExp r1{0} - 24 to local table
in proc main adding addrExp r1{0} - 32 to local table
in proc main adding addrExp r1{0} - 4 to local table
in proc main adding addrExp r1{0} - 12 to local table
in proc main adding addrExp r1{0} + 4 to local table
### WARNING: iteration limit exceeded for dfaTypeAnalysis of procedure main ###
in proc main adding addrExp r1{0} - 24 to local table
in proc main adding addrExp r1{0} - 32 to local table
in proc main adding addrExp r1{0} - 4 to local table
TYPE ERROR: at address 0xfffffffc, overlapping type __size32 does not resolve to compound or array
in proc main adding addrExp r1{0} - 12 to local table
in proc main adding addrExp r1{0} + 4 to local table
in proc main adding addrExp r1{0} - 24 to local table
finding final parameters for fib
potential param r3
found new parameter r3
local g3 has type char * that doesn't agree with type of define void of a library, why?
local g4 has type int * that doesn't agree with type of define void of a library, why?
local g5 has type int that doesn't agree with type of define void of a library, why?
local g4 has type void that doesn't agree with type of define __size32 of a library, why?
local g5 has type void that doesn't agree with type of define __size32 of a library, why?
dest is not lib
call:   11 {*v* g3, *v* r6, *v* r7, *v* r8, *v* r9, *v* r10, *v* r11, *v* r12} := CALL printf(
                *c** g3 := "Input number: "
              )
              Reaching definitions: r1=r1{0} - 32,   r3=0x10000914,   r4=r4{0},   r5=0x10000000,   r29=r29{0},
                r31=r31{0},   m[r1{0} + 4]=machine("%LR"),   m[r1{0} - 4]=r31{0},   m[r1{0} - 12]=r29{0},
                m[r1{0} - 24]=m[r1{0} - 24]{0},   m[r1{0} - 32]=r1{0}
              Live variables:  in proc main
dest is not lib
call:   18 {*v* g3, *v* r6, *v* r7, *v* r8, *v* r9, *v* r10, *v* r11, *v* r12} := CALL scanf(
                *c** g3 := "%d"
                *i32** g4 := a[local0]
              )
              Reaching definitions: r1=r1{0} - 32,   r3=0x10000924,   r4=r1{0} - 24,   r5=r5{11},   r6=r6{11},
                r7=r7{11},   r8=r8{11},   r9=r9{11},   r10=r10{11},   r11=r11{11},   r12=r12{11},   r29=r29{0},
                r31=r31{0},   r65=0,   m[r1{0} + 4]=machine("%LR"),   m[r1{0} - 4]=r31{0},   m[r1{0} - 12]=r29{0},
                m[r1{0} - 24]=m[r1{0} - 24]{0},   m[r1{0} - 32]=r1{0}
              Live variables:  in proc main
dest is not lib
call:   40 *32* g3_2 := CALL fib(
                *i32* g3 := local0 - 1
              )
              Reaching definitions: r1=r1{0} - 32,   r3=m[r1{0} - 24]{0} - 1,   r4=r4{18},   r5=m[r1{0} - 24]{0},
                r6=r6{18},   r7=r7{18},   r8=r8{18},   r9=r9{18},   r10=r10{18},   r11=r11{18},   r12=r12{18},
                r29=r29{0},   r31=m[r1{0} - 24]{0},   r65=0,   m[r1{0} + 4]=machine("%LR"),   m[r1{0} - 4]=r31{0},
                m[r1{0} - 12]=r29{0},   m[r1{0} - 24]=m[r1{0} - 24]{0},   m[r1{0} - 32]=r1{0},
                %flags=SUBFLAGSNS( m[r1{0} - 24]{0}, 1, 0 ),   %ZF=0 = 0,   %CF=m[r1{0} - 24]{0} <u 1
              Live variables: g3_2 in proc main
result:    0 *32* g3_2 := -
dest is not lib
call:   45 *32* g3 := CALL fib(
                *i32* g3 := local0 - 2
              )
              Reaching definitions: r1=r1{0} - 32,   r3=m[r1{0} - 24]{0} - 2,   r4=r4{40},   r5=r5{40},   r6=r6{18},
                r7=r7{18},   r8=r8{18},   r9=r9{18},   r10=r10{18},   r11=r11{18},   r12=r12{18},   r29=r3{40},
                r31=m[r1{0} - 24]{0},   r65=0,   m[r1{0} + 4]=machine("%LR"),   m[r1{0} - 4]=r31{0},
                m[r1{0} - 12]=r29{0},   m[r1{0} - 24]=m[r1{0} - 24]{0},   m[r1{0} - 32]=r1{0},
                %flags=SUBFLAGSNS( m[r1{0} - 24]{0}, 1, 0 ),   %ZF=0 = 0,   %CF=m[r1{0} - 24]{0} <u 1
              Live variables: g3 in proc main
result:    0 *32* g3 := -
dest is not lib
call:   54 {*v* g3, *v* r6, *32* r7, *32* r8, *32* r9, *32* r10, *32* r11, *32* r12} := CALL printf(
                *c** g3 := "fibonacci(%d) = %d
"
                *i32* g4 := local0
                *j32* g5 := g3_2 + g3
              )
              Reaching definitions: r1=r1{0} - 32,   r3=0x10000928,   r4=m[r1{0} - 24]{0},   r5=r3{40} + r3{45},
                r6=r6{18},   r7=0x10000000,   r8=r8{18},   r9=r9{18},   r10=r10{18},   r11=r11{18},   r12=r12{18},
                r29=r3{40},   r31=m[r1{0} - 24]{0},   r65=0,   m[r1{0} + 4]=machine("%LR"),   m[r1{0} - 4]=r31{0},
                m[r1{0} - 12]=r29{0},   m[r1{0} - 24]=m[r1{0} - 24]{0},   m[r1{0} - 32]=r1{0},
                %flags=SUBFLAGSNS( m[r1{0} - 24]{0}, 1, 0 ),   %ZF=0 = 0,   %CF=m[r1{0} - 24]{0} <u 1
              Live variables:  in proc main
dest is not lib
call:   30 {*v* g3, *v* r6, *32* r7, *32* r8, *32* r9, *32* r10, *32* r11, *32* r12} := CALL printf(
                *c** g3 := "fibonacci(%d) = %d
"
                *i32* g4 := local0
                *i32* g5 := local0
              )
              Reaching definitions: r1=r1{0} - 32,   r3=0x10000928,   r4=m[r1{0} - 24]{0},   r5=m[r1{0} - 24]{0},
                r6=r6{18},   r7=0x10000000,   r8=r8{18},   r9=r9{18},   r10=r10{18},   r11=r11{18},   r12=r12{18},
                r29=r29{0},   r31=m[r1{0} - 24]{0},   r65=0,   m[r1{0} + 4]=machine("%LR"),   m[r1{0} - 4]=r31{0},
                m[r1{0} - 12]=r29{0},   m[r1{0} - 24]=m[r1{0} - 24]{0},   m[r1{0} - 32]=r1{0},
                %flags=SUBFLAGSNS( m[r1{0} - 24]{0}, 1, 0 ),   %ZF=0 = 0,   %CF=m[r1{0} - 24]{0} <u 1
              Live variables:  in proc main
dest is not lib
call:   21 {*32* g3_1, *32* g4, *32* r5} := CALL fib(
                *i32* g3 := param1 - 1
              )
              Reaching definitions: r1=r1{0} - 32,   r3=r3{0} - 1,   r4=machine("%LR"),   r29=r3{0},   r31=r3{0},
                m[r1{0} + 4]=machine("%LR"),   m[r1{0} - 4]=r31{0},   m[r1{0} - 12]=r29{0},   m[r1{0} - 32]=r1{0},
                %flags=SUBFLAGSNS( r3{0}, 1, 0 ),   %ZF=0 = 0,   %CF=r3{0} <u 1
              Live variables: g3_1 in proc fib
result:    0 *32* g3_1 := -
dest is not lib
call:   26 {*32* g3, *32* g4, *32* r5} := CALL fib(
                *i32* g3 := param1 - 2
              )
              Reaching definitions: r1=r1{0} - 32,   r3=r3{0} - 2,   r4=r4{21},   r5=r5{21},   r29=r3{21},   r31=r3{0},
                m[r1{0} + 4]=machine("%LR"),   m[r1{0} - 4]=r31{0},   m[r1{0} - 12]=r29{0},   m[r1{0} - 32]=r1{0},
                <all>=<all>{21},   %flags=%flags{21},   %ZF=%ZF{21},   %CF=%CF{21}
              Live variables: g3,  g4 in proc fib
result:    0 *32* g3 := -
result:    0 *32* g4 := -
