Analyzing './from_holdec/dmi/dmic-a11/ia32_elf/subject.exe' as a x86_64 64 ELF binary file.

0 Procs, 0 Labels, 0 Branches, 0 / 0 kB covered
./from_holdec/dmi/dmic-a11/ia32_elf/subject.exe: no .debug_info section
./from_holdec/dmi/dmic-a11/ia32_elf/subject.exe: 28 sections starting at 0x00001938
./from_holdec/dmi/dmic-a11/ia32_elf/subject.exe: section string table at 0x00001F78, 0xFE bytes
 Offset:  [ix]  Address    Size    Offset  Name
00001938: [ 0] 00000000 00000000 00000000 
00001978: [ 1] 00400238 0000001C 00000238 .interp
000019B8: [ 2] 00400254 00000020 00000254 .note.ABI-tag
000019F8: [ 3] 00400274 00000024 00000274 .note.gnu.build-id
00001A38: [ 4] 00400298 0000001C 00000298 .gnu.hash
00001A78: [ 5] 004002B8 00000048 000002B8 .dynsym
00001AB8: [ 6] 00400300 00000038 00000300 .dynstr
00001AF8: [ 7] 00400338 00000006 00000338 .gnu.version
00001B38: [ 8] 00400340 00000020 00000340 .gnu.version_r
00001B78: [ 9] 00400360 00000030 00000360 .rela.dyn
00001BB8: [10] 00400390 00000017 00000390 .init
00001BF8: [11] 004003B0 00000192 000003B0 .text
00001C38: [12] 00400544 00000009 00000544 .fini
00001C78: [13] 00400550 00000010 00000550 .rodata
00001CB8: [14] 00400560 0000002C 00000560 .eh_frame_hdr
00001CF8: [15] 00400590 000000C4 00000590 .eh_frame
00001D38: [16] 00600E48 00000008 00000E48 .init_array
00001D78: [17] 00600E50 00000008 00000E50 .fini_array
00001DB8: [18] 00600E58 00000008 00000E58 .jcr
00001DF8: [19] 00600E60 00000190 00000E60 .dynamic
00001E38: [20] 00600FF0 00000010 00000FF0 .got
00001E78: [21] 00601000 00000018 00001000 .got.plt
00001EB8: [22] 00601018 00000004 00001018 .data
00001EF8: [23] 0060101C 00000004 0000101C .bss
00001F38: [24] 00000000 0000002C 0000101C .comment
00001F78: [25] 00000000 000000FE 00001833 .shstrtab
00001FB8: [26] 00000000 000005E8 00001048 .symtab
00001FF8: [27] 00000000 00000203 00001630 .strtab
Matching signatures...
0 Procs, 0 Labels, 0 Branches, 0 / 1 kB covered
0 Procs, 0 Labels, 0 Branches, 0 / 1 kB covered
Separating code and data...
0 Procs, 0 Labels, 0 Branches, 0 / 1 kB covered
0 Procs, 4 Labels, 3 Branches, 0 / 1 kB covered
0 Procs, 8 Labels, 5 Branches, 0 / 1 kB covered
0 Procs, 14 Labels, 10 Branches, 0 / 1 kB covered
0 Procs, 15 Labels, 10 Branches, 0 / 1 kB covered
0 Procs, 21 Labels, 14 Branches, 0 / 1 kB covered
0 Procs, 29 Labels, 21 Branches, 0 / 1 kB covered
0 Procs, 30 Labels, 21 Branches, 0 / 1 kB covered
0 Procs, 35 Labels, 26 Branches, 0 / 1 kB covered
0 Procs, 37 Labels, 27 Branches, 0 / 1 kB covered
0 Procs, 38 Labels, 27 Branches, 0 / 1 kB covered
10 Procs, 38 Labels, 27 Branches, 0 / 1 kB covered
10 Procs, 38 Labels, 27 Branches, 0 / 1 kB covered
10 Procs, 38 Labels, 27 Branches, 0 / 1 kB covered
10 Procs, 38 Labels, 27 Branches, 0 / 1 kB covered
10 Procs, 38 Labels, 27 Branches, 0 / 1 kB covered
10 Procs, 38 Labels, 27 Branches, 0 / 1 kB covered
10 Procs, 38 Labels, 27 Branches, 0 / 1 kB covered
10 Procs, 38 Labels, 27 Branches, 0 / 1 kB covered
10 Procs, 38 Labels, 27 Branches, 0 / 1 kB covered
10 Procs, 38 Labels, 27 Branches, 0 / 1 kB covered
10 Procs, 38 Labels, 27 Branches, 0 / 1 kB covered
10 Procs, 38 Labels, 27 Branches, 0 / 1 kB covered
Resolving indirect jumps...
10 Procs, 38 Labels, 27 Branches, 0 / 1 kB covered
10 Procs, 38 Labels, 27 Branches, 0 / 1 kB covered
Resolving constants and strings...
10 Procs, 38 Labels, 27 Branches, 0 / 1 kB covered
Discovering unreached functions...
10 Procs, 38 Labels, 27 Branches, 0 / 1 kB covered
Computing call tree...
10 Procs, 38 Labels, 27 Branches, 0 / 1 kB covered
Computing calling conventions...
10 Procs, 38 Labels, 27 Branches, 0 / 1 kB covered
Computing Calling Convention: 1/10  0x00400390
Computing Calling Convention: 2/10  0x004003B0
Computing Calling Convention: 3/10  0x004003D0
Computing Calling Convention: 4/10  0x00400400
Computing Calling Convention: 5/10  0x00400440
Computing Calling Convention: 6/10  0x00400480
Computing Calling Convention: 7/10  0x004004A0
Computing Calling Convention: 8/10  0x004004D0
Computing Calling Convention: 9/10  0x00400540
Computing Calling Convention: 10/10  0x00400544
Computing label cross-references...
10 Procs, 38 Labels, 27 Branches, 0 / 1 kB covered
File analysis complete.
10 Procs, 38 Labels, 27 Branches, 0 / 1 kB covered

Decompiling 1/10: 0x00400390
Decompiling 2/10: 0x004003B0
Decompiling 3/10: 0x004003D0
Decompiling 4/10: 0x00400400
Decompiling 5/10: 0x00400440
Decompiling 6/10: 0x00400480
Decompiling 7/10: 0x004004A0
Decompiling 8/10: 0x004004D0
Decompiling 9/10: 0x00400540
Decompiling 10/10: 0x00400544
Decompiling 10/10: 0x00400544

