Level | File                                    | Message
====================================================================================================
Msg   | src/boomerang/util/log/Log.cpp          | This is Boomerang v0.3.99-alpha-1914-ged7a3e1
Msg   | src/boomerang/util/log/Log.cpp          | Log initialized.
Msg   | src/boomerang/core/Project.cpp          | Loading plugins...
Msg   | src/boomerang/core/Project.cpp          | Loaded plugins:
Msg   | src/boomerang/core/Project.cpp          |   DOS4GW loader plugin v0.3.99-alpha-1914-ged7a3e1 (by 'Boomerang developers')
Msg   | src/boomerang/core/Project.cpp          |   ELF32 loader plugin v0.3.99-alpha-1914-ged7a3e1 (by 'Boomerang developers')
Msg   | src/boomerang/core/Project.cpp          |   DOS Exe loader plugin v0.3.99-alpha-1914-ged7a3e1 (by 'Boomerang developers')
Msg   | src/boomerang/core/Project.cpp          |   HP SOM loader plugin v0.3.99-alpha-1914-ged7a3e1 (by 'Boomerang developers')
Msg   | src/boomerang/core/Project.cpp          |   Mach-O executable loader plugin v0.3.99-alpha-1914-ged7a3e1 (by 'Boomerang developers')
Msg   | src/boomerang/core/Project.cpp          |   Palm OS executable loader plugin v0.3.99-alpha-1914-ged7a3e1 (by 'Boomerang developers')
Msg   | src/boomerang/core/Project.cpp          |   Win32 PE loader plugin v0.3.99-alpha-1914-ged7a3e1 (by 'Boomerang developers')
Msg   | src/boomerang/core/Project.cpp          | Loading binary file 'from_pouet.net/with_source_358/ia32_pe/subject.exe'
Msg   | src/boomerang/ssl/RTLInstDict.cpp       | Loading machine specifications from 'BOOMERANGSRCDIR/build/out/share/boomerang/ssl/pentium.ssl'...
Msg   | src/boomerang/db/Prog.cpp               | Reading library signatures...
Msg   | src/boomerang/core/Project.cpp          | Decoding entry point...
Warn  | src/boomerang/frontend/pentium/PentiumF | main function not found, falling back to entry point
Msg   | src/boomerang/frontend/DefaultFrontEnd. | Starting decode at address 0x00401000
Warn  | src/boomerang/db/Prog.cpp               | Unknown library function 'CreateFileA', please update signatures!
Warn  | src/boomerang/frontend/pentium/PentiumF | main function not found, falling back to entry point
Msg   | src/boomerang/core/Project.cpp          | Decoding anything undecoded...
Msg   | src/boomerang/frontend/DefaultFrontEnd. | Looking for undecoded procedures to decode...
Msg   | src/boomerang/core/Project.cpp          | Found 7 procs
Msg   | src/boomerang-cli/CommandlineDriver.cpp | Decompiling...
Msg   | src/boomerang/decomp/ProgDecompiler.cpp | Decompiling entry point '_start'
Msg   | src/boomerang/decomp/ProcDecompiler.cpp | Visiting procedure '_start'
Msg   | src/boomerang/decomp/ProcDecompiler.cpp | Decompiling procedure '_start'
Msg   | src/boomerang/decomp/ProcDecompiler.cpp | Finished decompile of '_start'
Msg   | src/boomerang/decomp/ProcDecompiler.cpp | Visiting procedure '__imp_LoadLibraryA'
Msg   | src/boomerang/decomp/ProcDecompiler.cpp | Decompiling procedure '__imp_LoadLibraryA'
Msg   | src/boomerang/decomp/ProcDecompiler.cpp | Finished decompile of '__imp_LoadLibraryA'
Msg   | src/boomerang/decomp/ProcDecompiler.cpp | Visiting procedure '__imp_GetProcAddress'
Msg   | src/boomerang/decomp/ProcDecompiler.cpp | Decompiling procedure '__imp_GetProcAddress'
Msg   | src/boomerang/decomp/ProcDecompiler.cpp | Finished decompile of '__imp_GetProcAddress'
Msg   | src/boomerang/decomp/ProcDecompiler.cpp | Visiting procedure '__imp_CreateFileA'
Msg   | src/boomerang/decomp/ProcDecompiler.cpp | Decompiling procedure '__imp_CreateFileA'
Msg   | src/boomerang/decomp/ProcDecompiler.cpp | Finished decompile of '__imp_CreateFileA'
Msg   | src/boomerang/decomp/ProcDecompiler.cpp | Visiting procedure '__imp_SetFilePointer'
Msg   | src/boomerang/decomp/ProcDecompiler.cpp | Decompiling procedure '__imp_SetFilePointer'
Msg   | src/boomerang/decomp/ProcDecompiler.cpp | Finished decompile of '__imp_SetFilePointer'
Msg   | src/boomerang/decomp/ProcDecompiler.cpp | Visiting procedure '__imp_WriteFile'
Msg   | src/boomerang/decomp/ProcDecompiler.cpp | Decompiling procedure '__imp_WriteFile'
Msg   | src/boomerang/decomp/ProcDecompiler.cpp | Finished decompile of '__imp_WriteFile'
Msg   | src/boomerang/decomp/ProcDecompiler.cpp | Visiting procedure '__imp_CloseHandle'
Msg   | src/boomerang/decomp/ProcDecompiler.cpp | Decompiling procedure '__imp_CloseHandle'
Msg   | src/boomerang/decomp/ProcDecompiler.cpp | Finished decompile of '__imp_CloseHandle'
Msg   | src/boomerang/decomp/ProgDecompiler.cpp | Performing global type analysis...
Msg   | src/boomerang/decomp/ProgDecompiler.cpp | Removing unused returns...
Msg   | src/boomerang/decomp/ProgDecompiler.cpp | Removing unused returns...
Msg   | src/boomerang/decomp/ProgDecompiler.cpp | Performing global type analysis...
Msg   | src/boomerang/decomp/ProgDecompiler.cpp | Transforming from SSA form...
Error | src/boomerang/visitor/expmodifier/ExpSS | Could not find local or parameter for r25{2}!!
Error | src/boomerang/visitor/expmodifier/ExpSS | Could not find local or parameter for r26{2}!!
Error | src/boomerang/visitor/expmodifier/ExpSS | Could not find local or parameter for r25{5}!!
Error | src/boomerang/visitor/expmodifier/ExpSS | Could not find local or parameter for r26{5}!!
Error | src/boomerang/visitor/expmodifier/ExpSS | Could not find local or parameter for r25{8}!!
Error | src/boomerang/visitor/expmodifier/ExpSS | Could not find local or parameter for r26{8}!!
Error | src/boomerang/visitor/expmodifier/ExpSS | Could not find local or parameter for r25{12}!!
Error | src/boomerang/visitor/expmodifier/ExpSS | Could not find local or parameter for r26{12}!!
Error | src/boomerang/visitor/expmodifier/ExpSS | Could not find local or parameter for r25{16}!!
Error | src/boomerang/visitor/expmodifier/ExpSS | Could not find local or parameter for r26{16}!!
Error | src/boomerang/visitor/expmodifier/ExpSS | Could not find local or parameter for r25{20}!!
Error | src/boomerang/visitor/expmodifier/ExpSS | Could not find local or parameter for r26{20}!!
Error | src/boomerang/visitor/expmodifier/ExpSS | Could not find local or parameter for r25{24}!!
Error | src/boomerang/visitor/expmodifier/ExpSS | Could not find local or parameter for r26{24}!!
Warn  | src/boomerang/visitor/stmtmodifier/Stmt | Forcing type of local 'eax' from 'HMODULE' to '__size32' due to library constraints
Error | src/boomerang/visitor/expmodifier/ExpSS | Could not find local or parameter for r25{27}!!
Error | src/boomerang/visitor/expmodifier/ExpSS | Could not find local or parameter for r26{27}!!
Warn  | src/boomerang/visitor/stmtmodifier/Stmt | Forcing type of local 'eax' from '__size32' to 'DWORD' due to library constraints
Error | src/boomerang/visitor/expmodifier/ExpSS | Could not find local or parameter for r25{31}!!
Error | src/boomerang/visitor/expmodifier/ExpSS | Could not find local or parameter for r26{31}!!
Warn  | src/boomerang/visitor/stmtmodifier/Stmt | Forcing type of local 'esp' from '__size32' to 'void' due to library constraints
Warn  | src/boomerang/visitor/stmtmodifier/Stmt | Forcing type of local 'eax' from 'DWORD' to 'BOOL' due to library constraints
Error | src/boomerang/visitor/expmodifier/ExpSS | Could not find local or parameter for r25{33}!!
Error | src/boomerang/visitor/expmodifier/ExpSS | Could not find local or parameter for r26{33}!!
Warn  | src/boomerang/visitor/stmtmodifier/Stmt | Forcing type of local 'eax' from 'BOOL' to 'DWORD' due to library constraints
Error | src/boomerang/visitor/expmodifier/ExpSS | Could not find local or parameter for r25{35}!!
Error | src/boomerang/visitor/expmodifier/ExpSS | Could not find local or parameter for r26{35}!!
Warn  | src/boomerang/visitor/stmtmodifier/Stmt | Forcing type of local 'eax' from 'DWORD' to 'BOOL' due to library constraints
Error | src/boomerang/visitor/expmodifier/ExpSS | Could not find local or parameter for r25{37}!!
Error | src/boomerang/visitor/expmodifier/ExpSS | Could not find local or parameter for r26{37}!!
Warn  | src/boomerang/visitor/stmtmodifier/Stmt | Forcing type of local 'eax' from 'BOOL' to 'DWORD' due to library constraints
Error | src/boomerang/visitor/expmodifier/ExpSS | Could not find local or parameter for r25{39}!!
Error | src/boomerang/visitor/expmodifier/ExpSS | Could not find local or parameter for r26{39}!!
Warn  | src/boomerang/visitor/stmtmodifier/Stmt | Forcing type of local 'eax' from 'DWORD' to 'BOOL' due to library constraints
Error | src/boomerang/visitor/expmodifier/ExpSS | Could not find local or parameter for r25{41}!!
Error | src/boomerang/visitor/expmodifier/ExpSS | Could not find local or parameter for r26{41}!!
Warn  | src/boomerang/visitor/stmtmodifier/Stmt | Forcing type of local 'eax' from 'BOOL' to 'DWORD' due to library constraints
Error | src/boomerang/visitor/expmodifier/ExpSS | Could not find local or parameter for r25{43}!!
Error | src/boomerang/visitor/expmodifier/ExpSS | Could not find local or parameter for r26{43}!!
Warn  | src/boomerang/visitor/stmtmodifier/Stmt | Forcing type of local 'eax' from 'DWORD' to 'BOOL' due to library constraints
Error | src/boomerang/visitor/expmodifier/ExpSS | Could not find local or parameter for r25{45}!!
Error | src/boomerang/visitor/expmodifier/ExpSS | Could not find local or parameter for r26{45}!!
Error | src/boomerang/visitor/expmodifier/ExpSS | Could not find local or parameter for r25{47}!!
Error | src/boomerang/visitor/expmodifier/ExpSS | Could not find local or parameter for r26{47}!!
Warn  | src/boomerang/visitor/stmtmodifier/Stmt | Forcing type of local 'eax' from 'BOOL' to 'int' due to library constraints
Error | src/boomerang/visitor/expmodifier/ExpSS | Could not find local or parameter for r25{55}!!
Error | src/boomerang/visitor/expmodifier/ExpSS | Could not find local or parameter for r26{55}!!
Warn  | src/boomerang/visitor/stmtmodifier/Stmt | Forcing type of local 'esp' from 'void' to 'void *' due to library constraints
Error | src/boomerang/visitor/expmodifier/ExpSS | Could not find local or parameter for r25{57}!!
Error | src/boomerang/visitor/expmodifier/ExpSS | Could not find local or parameter for r26{57}!!
Error | src/boomerang/visitor/expmodifier/ExpSS | Could not find local or parameter for r25{61}!!
Error | src/boomerang/visitor/expmodifier/ExpSS | Could not find local or parameter for r26{61}!!
Warn  | src/boomerang/visitor/stmtmodifier/Stmt | Forcing type of local 'esp' from 'void *' to 'void' due to library constraints
Error | src/boomerang/visitor/expmodifier/ExpSS | Could not find local or parameter for r25{64}!!
Error | src/boomerang/visitor/expmodifier/ExpSS | Could not find local or parameter for r26{64}!!
Error | src/boomerang/visitor/expmodifier/ExpSS | Could not find local or parameter for r25{67}!!
Error | src/boomerang/visitor/expmodifier/ExpSS | Could not find local or parameter for r26{67}!!
Warn  | src/boomerang/visitor/stmtmodifier/Stmt | Forcing type of local 'eax' from 'int' to '__size32' due to library constraints
Error | src/boomerang/visitor/expmodifier/ExpSS | Could not find local or parameter for r25{70}!!
Error | src/boomerang/visitor/expmodifier/ExpSS | Could not find local or parameter for r26{70}!!
Error | src/boomerang/visitor/expmodifier/ExpSS | Could not find local or parameter for r25{70}!!
Error | src/boomerang/visitor/expmodifier/ExpSS | Could not find local or parameter for r26{70}!!
Error | src/boomerang/visitor/expmodifier/ExpSS | Could not find local or parameter for m[esp - 12]{0}!!
Error | src/boomerang/visitor/expmodifier/ExpSS | Could not find local or parameter for m[esp - 16]{0}!!
Error | src/boomerang/visitor/expmodifier/ExpSS | Could not find local or parameter for m[esp - 20]{0}!!
Error | src/boomerang/visitor/expmodifier/ExpSS | Could not find local or parameter for m[esp - 24]{0}!!
Error | src/boomerang/visitor/expmodifier/ExpSS | Could not find local or parameter for m[esp - 28]{0}!!
Error | src/boomerang/visitor/expmodifier/ExpSS | Could not find local or parameter for m[esp - 52]{0}!!
Error | src/boomerang/visitor/expmodifier/ExpSS | Could not find local or parameter for tmp1{0}!!
Error | src/boomerang/visitor/expmodifier/ExpSS | Could not find local or parameter for %flags{0}!!
Error | src/boomerang/visitor/expmodifier/ExpSS | Could not find local or parameter for %ZF{0}!!
Error | src/boomerang/visitor/expmodifier/ExpSS | Could not find local or parameter for %CF{0}!!
Error | src/boomerang/visitor/expmodifier/ExpSS | Could not find local or parameter for r24{3}!!
Error | src/boomerang/visitor/expmodifier/ExpSS | Could not find local or parameter for r25{3}!!
Error | src/boomerang/visitor/expmodifier/ExpSS | Could not find local or parameter for r26{3}!!
Error | src/boomerang/visitor/expmodifier/ExpSS | Could not find local or parameter for r24{3}!!
Error | src/boomerang/visitor/expmodifier/ExpSS | Could not find local or parameter for r25{3}!!
Error | src/boomerang/visitor/expmodifier/ExpSS | Could not find local or parameter for r26{3}!!
Error | src/boomerang/visitor/expmodifier/ExpSS | Could not find local or parameter for r24{4}!!
Error | src/boomerang/visitor/expmodifier/ExpSS | Could not find local or parameter for r25{4}!!
Error | src/boomerang/visitor/expmodifier/ExpSS | Could not find local or parameter for r26{4}!!
Error | src/boomerang/visitor/expmodifier/ExpSS | Could not find local or parameter for r24{4}!!
Error | src/boomerang/visitor/expmodifier/ExpSS | Could not find local or parameter for r25{4}!!
Error | src/boomerang/visitor/expmodifier/ExpSS | Could not find local or parameter for r26{4}!!
Error | src/boomerang/visitor/expmodifier/ExpSS | Could not find local or parameter for r24{1}!!
Error | src/boomerang/visitor/expmodifier/ExpSS | Could not find local or parameter for r25{1}!!
Error | src/boomerang/visitor/expmodifier/ExpSS | Could not find local or parameter for r26{1}!!
Error | src/boomerang/visitor/expmodifier/ExpSS | Could not find local or parameter for r28{1}!!
Error | src/boomerang/visitor/expmodifier/ExpSS | Could not find local or parameter for r24{1}!!
Error | src/boomerang/visitor/expmodifier/ExpSS | Could not find local or parameter for r25{1}!!
Error | src/boomerang/visitor/expmodifier/ExpSS | Could not find local or parameter for r26{1}!!
Error | src/boomerang/visitor/expmodifier/ExpSS | Could not find local or parameter for r28{1}!!
Error | src/boomerang/visitor/expmodifier/ExpSS | Could not find local or parameter for r24{6}!!
Error | src/boomerang/visitor/expmodifier/ExpSS | Could not find local or parameter for r25{6}!!
Error | src/boomerang/visitor/expmodifier/ExpSS | Could not find local or parameter for r26{6}!!
Error | src/boomerang/visitor/expmodifier/ExpSS | Could not find local or parameter for r24{6}!!
Error | src/boomerang/visitor/expmodifier/ExpSS | Could not find local or parameter for r25{6}!!
Error | src/boomerang/visitor/expmodifier/ExpSS | Could not find local or parameter for r26{6}!!
Error | src/boomerang/visitor/expmodifier/ExpSS | Could not find local or parameter for r24{7}!!
Error | src/boomerang/visitor/expmodifier/ExpSS | Could not find local or parameter for r25{7}!!
Error | src/boomerang/visitor/expmodifier/ExpSS | Could not find local or parameter for r26{7}!!
Error | src/boomerang/visitor/expmodifier/ExpSS | Could not find local or parameter for r24{7}!!
Error | src/boomerang/visitor/expmodifier/ExpSS | Could not find local or parameter for r25{7}!!
Error | src/boomerang/visitor/expmodifier/ExpSS | Could not find local or parameter for r26{7}!!
Error | src/boomerang/visitor/expmodifier/ExpSS | Could not find local or parameter for r24{3}!!
Error | src/boomerang/visitor/expmodifier/ExpSS | Could not find local or parameter for r25{3}!!
Error | src/boomerang/visitor/expmodifier/ExpSS | Could not find local or parameter for r26{3}!!
Error | src/boomerang/visitor/expmodifier/ExpSS | Could not find local or parameter for r24{3}!!
Error | src/boomerang/visitor/expmodifier/ExpSS | Could not find local or parameter for r25{3}!!
Error | src/boomerang/visitor/expmodifier/ExpSS | Could not find local or parameter for r26{3}!!
Msg   | src/boomerang/decomp/ProgDecompiler.cpp | Removing unused global variables...
Msg   | src/boomerang/decomp/ProgDecompiler.cpp | Decompilation finished.
Msg   | src/boomerang/core/Project.cpp          | Generating code...
Msg   | src/boomerang-cli/CommandlineDriver.cpp | Output written to '_output'
Msg   | src/boomerang-cli/CommandlineDriver.cpp | Completed in some time
