Using options:
rewriting: void fn00401000()
fn00401000: error: An error occurred while rewriting procedure to high-level language.
    The given key was not present in the dictionary.
       at System.Collections.Generic.Dictionary`2.get_Item(TKey key)
   at Decompiler.Core.Lib.DominatorGraph`1.BuildDominanceFrontiers(DirectedGraph`1 graph, Dictionary`2 idoms)
   at Decompiler.Core.Lib.DominatorGraph`1..ctor(DirectedGraph`1 graph, T entryNode)
   at Decompiler.Structure.ProcedureStructureBuilder.AnalyzeGraph()
   at Decompiler.Structure.StructureAnalysis.BuildProcedureStructure()
   at Decompiler.Structure.StructureAnalysis.Structure()
   at Decompiler.DecompilerDriver.StructureProgram()
00403016: error: Failed to write global variable g_t403016.
    The method or operation is not implemented.
       at Decompiler.Core.Output.GlobalDataWriter.VisitUnion(UnionType ut)
   at Decompiler.Core.Types.UnionType.Accept[T](IDataTypeVisitor`1 v)
   at Decompiler.Core.Output.GlobalDataWriter.VisitEquivalenceClass(EquivalenceClass eq)
   at Decompiler.Core.Types.EquivalenceClass.Accept[T](IDataTypeVisitor`1 v)
   at Decompiler.Core.Output.GlobalDataWriter.WriteGlobals(Formatter formatter)
0040301A: error: Failed to write global variable g_t40301A.
    The method or operation is not implemented.
       at Decompiler.Core.Output.GlobalDataWriter.VisitUnion(UnionType ut)
   at Decompiler.Core.Types.UnionType.Accept[T](IDataTypeVisitor`1 v)
   at Decompiler.Core.Output.GlobalDataWriter.VisitEquivalenceClass(EquivalenceClass eq)
   at Decompiler.Core.Types.EquivalenceClass.Accept[T](IDataTypeVisitor`1 v)
   at Decompiler.Core.Output.GlobalDataWriter.WriteGlobals(Formatter formatter)
0040301E: error: Failed to write global variable g_t40301E.
    The method or operation is not implemented.
       at Decompiler.Core.Output.GlobalDataWriter.VisitUnion(UnionType ut)
   at Decompiler.Core.Types.UnionType.Accept[T](IDataTypeVisitor`1 v)
   at Decompiler.Core.Output.GlobalDataWriter.VisitEquivalenceClass(EquivalenceClass eq)
   at Decompiler.Core.Types.EquivalenceClass.Accept[T](IDataTypeVisitor`1 v)
   at Decompiler.Core.Output.GlobalDataWriter.WriteGlobals(Formatter formatter)
0040308D: error: Failed to write global variable g_t40308D.
    The method or operation is not implemented.
       at Decompiler.Core.Output.GlobalDataWriter.VisitUnion(UnionType ut)
   at Decompiler.Core.Types.UnionType.Accept[T](IDataTypeVisitor`1 v)
   at Decompiler.Core.Output.GlobalDataWriter.VisitEquivalenceClass(EquivalenceClass eq)
   at Decompiler.Core.Types.EquivalenceClass.Accept[T](IDataTypeVisitor`1 v)
   at Decompiler.Core.Output.GlobalDataWriter.WriteGlobals(Formatter formatter)
00403016: error: Failed to write global variable g_t403016.
    The method or operation is not implemented.
       at Decompiler.Core.Output.GlobalDataWriter.VisitUnion(UnionType ut)
   at Decompiler.Core.Types.UnionType.Accept[T](IDataTypeVisitor`1 v)
   at Decompiler.Core.Output.GlobalDataWriter.VisitEquivalenceClass(EquivalenceClass eq)
   at Decompiler.Core.Types.EquivalenceClass.Accept[T](IDataTypeVisitor`1 v)
   at Decompiler.Core.Output.GlobalDataWriter.WriteGlobals(Formatter formatter)
0040301A: error: Failed to write global variable g_t40301A.
    The method or operation is not implemented.
       at Decompiler.Core.Output.GlobalDataWriter.VisitUnion(UnionType ut)
   at Decompiler.Core.Types.UnionType.Accept[T](IDataTypeVisitor`1 v)
   at Decompiler.Core.Output.GlobalDataWriter.VisitEquivalenceClass(EquivalenceClass eq)
   at Decompiler.Core.Types.EquivalenceClass.Accept[T](IDataTypeVisitor`1 v)
   at Decompiler.Core.Output.GlobalDataWriter.WriteGlobals(Formatter formatter)
0040301E: error: Failed to write global variable g_t40301E.
    The method or operation is not implemented.
       at Decompiler.Core.Output.GlobalDataWriter.VisitUnion(UnionType ut)
   at Decompiler.Core.Types.UnionType.Accept[T](IDataTypeVisitor`1 v)
   at Decompiler.Core.Output.GlobalDataWriter.VisitEquivalenceClass(EquivalenceClass eq)
   at Decompiler.Core.Types.EquivalenceClass.Accept[T](IDataTypeVisitor`1 v)
   at Decompiler.Core.Output.GlobalDataWriter.WriteGlobals(Formatter formatter)
0040308D: error: Failed to write global variable g_t40308D.
    The method or operation is not implemented.
       at Decompiler.Core.Output.GlobalDataWriter.VisitUnion(UnionType ut)
   at Decompiler.Core.Types.UnionType.Accept[T](IDataTypeVisitor`1 v)
   at Decompiler.Core.Output.GlobalDataWriter.VisitEquivalenceClass(EquivalenceClass eq)
   at Decompiler.Core.Types.EquivalenceClass.Accept[T](IDataTypeVisitor`1 v)
   at Decompiler.Core.Output.GlobalDataWriter.WriteGlobals(Formatter formatter)
