=== Using options:--aggressive-branch-removal
0000000000401008: warning: Unable to resolve imported reference __gmon_start__.
00000000004060FA: warning: Call target address 00000000461E170E is invalid.
0000000000401190: warning: Procedure frame_dummy previously had a return address of 8 bytes on the stack, but now seems to have a return address of 0 bytes on the stack.
Error: An error occurred during decompilation.
    Sequence contains no elements
      at System.Linq.Enumerable.Min (System.Collections.Generic.IEnumerable`1[T] source) [0x00022] in <ed18e3fe06fa44609760033a111cc5d9>:0 
  at Reko.Analysis.LongAddRewriter.FindInsertPosition (Reko.Analysis.AddSubCandidate loCandidate, Reko.Analysis.AddSubCandidate hiCandidate, Reko.Core.StatementList stmts) [0x00079] in <62ed3d63dee24beda7d0b52a6cb1d5f0>:0 
  at Reko.Analysis.LongAddRewriter.CreateLongInstruction (Reko.Analysis.AddSubCandidate loCandidate, Reko.Analysis.AddSubCandidate hiCandidate) [0x00088] in <62ed3d63dee24beda7d0b52a6cb1d5f0>:0 
  at Reko.Analysis.LongAddRewriter.ReplaceLongAdditions (Reko.Core.Block block) [0x00059] in <62ed3d63dee24beda7d0b52a6cb1d5f0>:0 
  at Reko.Analysis.LongAddRewriter.Transform () [0x00033] in <62ed3d63dee24beda7d0b52a6cb1d5f0>:0 
  at Reko.Analysis.DataFlowAnalysis.ConvertToSsa (Reko.Core.Procedure proc) [0x0007c] in <62ed3d63dee24beda7d0b52a6cb1d5f0>:0 
  at System.Linq.Enumerable+SelectListIterator`2[TSource,TResult].ToArray () [0x00034] in <ed18e3fe06fa44609760033a111cc5d9>:0 
  at System.Linq.Enumerable.ToArray[TSource] (System.Collections.Generic.IEnumerable`1[T] source) [0x0001f] in <ed18e3fe06fa44609760033a111cc5d9>:0 
  at Reko.Analysis.DataFlowAnalysis.UntangleProcedureScc (System.Collections.Generic.IList`1[T] procs) [0x00038] in <62ed3d63dee24beda7d0b52a6cb1d5f0>:0 
  at Reko.Core.Lib.SccFinder`1[TNode].Dfs (Reko.Core.Lib.SccFinder`1+Node[TNode] node) [0x000fd] in <cd051146ce7c48f3b084052aca86a082>:0 
  at Reko.Core.Lib.SccFinder`1[TNode].Dfs (Reko.Core.Lib.SccFinder`1+Node[TNode] node) [0x00065] in <cd051146ce7c48f3b084052aca86a082>:0 
  at Reko.Core.Lib.SccFinder`1[TNode].FindAll () [0x00030] in <cd051146ce7c48f3b084052aca86a082>:0 
  at Reko.Analysis.DataFlowAnalysis.RewriteProceduresToSsa () [0x00027] in <62ed3d63dee24beda7d0b52a6cb1d5f0>:0 
  at Reko.Analysis.DataFlowAnalysis.UntangleProcedures () [0x00067] in <62ed3d63dee24beda7d0b52a6cb1d5f0>:0 
  at Reko.Decompiler.AnalyzeDataFlow () [0x00094] in <62ed3d63dee24beda7d0b52a6cb1d5f0>:0 
  at Reko.CmdLine.CmdLineDriver.Decompile (System.Collections.Generic.Dictionary`2[TKey,TValue] pArgs) [0x00232] in <87a2af438fdd49d6a6ebaec490acefa6>:0 
