
Database SUBJECTS/from_holdec/simple_float_ops/ia32_elf_clang_Os/subject.exe.idb already exists.
Do you want to overwrite it? -> ~L~oad existing

  bytes   pages size description
--------- ----- ---- --------------------------------------------
   524288    64 8192 allocating memory for b-tree...
    65536     8 8192 allocating memory for virtual array...
   262144    32 8192 allocating memory for name pointers...
-----------------------------------------------------------------
   851968            total memory allocated

Loading processor module IDADIR/procs/pc.so for metapc...Initializing processor module metapc...OK
Loading type libraries...
Autoanalysis subsystem has been initialized.
Database for file 'subject.exe' has been loaded.
Hex-Rays Decompiler plugin has been loaded (v7.6.0.210427)
  The hotkeys are F5: decompile, Ctrl-F5: decompile all.

  Please check the Edit/Plugins menu for more informaton.
=== start of cleanup script -> OK
  function at 080482AC  LIB  with name '.init_proc'
  function at 080482D0       with name 'sub_80482D0'
  function at 080482E0       with name '.printf'
  function at 080482F0  LIB  with name '.__libc_start_main'
  function at 08048300       with name '__gmon_start__'
  function at 08048310  LIB  with name '_start'
  function at 08048340  LIB  with name '__x86.get_pc_thunk.bx'
  function at 08048350  LIB  with name 'deregister_tm_clones'
  function at 08048380  LIB  with name 'register_tm_clones'
  function at 080483C0  LIB  with name '__do_global_dtors_aux'
  function at 080483E0  LIB  with name 'frame_dummy'
  function at 0804840C       with name 'use'
  function at 0804842B       with name 'use_int'
  function at 08048443       with name 'read_ints'
  function at 080484A3       with name 'write_ints'
  function at 0804850C       with name 'read_floats'
  function at 08048550       with name 'write_floats'
  function at 0804857F       with name 'converting_between_floats_f1'
  function at 08048590       with name 'converting_between_floats_f2'
  function at 0804859D       with name 'converting_between_floats_d1'
  function at 080485AE       with name 'converting_between_floats_d2'
  function at 080485BB       with name 'converting_between_floats_l1'
  function at 080485C8       with name 'converting_between_floats_l2'
  function at 080485D5       with name 'basic_operations'
  function at 080486BD       with name 'compare_floats'
  function at 0804877F       with name 'constants'
  function at 08048827       with name 'main'
  function at 08048870  LIB  with name '__libc_csu_init'
  function at 080488D0  LIB  with name '__libc_csu_fini'
  function at 080488D4  LIB  with name '.term_proc'
  function at 0804A05C       with name 'printf'
  function at 0804A060  LIB  with name '__libc_start_main'
  function at 0804A064       with name '__imp___gmon_start__'
finished -> OK
TIMESTAMP decompiling 80482D0 size=0000000C times=0...
The decompiler assumes that the segment '.got.plt' is read-only because of its NAME.
All data references to the segment will be replaced by constant values.
This may lead to drastic changes in the decompiler output.
If the segment is not read-only, please change the segment NAME.

In general, the decompiler checks the segment permissions, class, and name
to determine if it is read-only.
 -> OK
TIMESTAMP decompiling 804840C size=0000001F times=0...
TIMESTAMP decompiling 804842B size=00000018 times=0...
TIMESTAMP decompiling 8048443 size=00000060 times=0...
TIMESTAMP decompiling 80484A3 size=00000069 times=0...
TIMESTAMP decompiling 804850C size=00000044 times=0...
TIMESTAMP decompiling 8048550 size=0000002F times=0...
TIMESTAMP decompiling 804857F size=00000011 times=0...
TIMESTAMP decompiling 8048590 size=0000000D times=0...
TIMESTAMP decompiling 804859D size=00000011 times=0...
TIMESTAMP decompiling 80485AE size=0000000D times=0...
TIMESTAMP decompiling 80485BB size=0000000D times=0...
TIMESTAMP decompiling 80485C8 size=0000000D times=0...
TIMESTAMP decompiling 80485D5 size=000000E8 times=0...
The decompiler assumes that the segment '.rodata' is read-only because of its NAME.
All data references to the segment will be replaced by constant values.
This may lead to drastic changes in the decompiler output.
If the segment is not read-only, please change the segment NAME.

In general, the decompiler checks the segment permissions, class, and name
to determine if it is read-only.
 -> OK
TIMESTAMP decompiling 80486BD size=000000C2 times=0...
TIMESTAMP decompiling 804877F size=000000A8 times=0...
TIMESTAMP decompiling 8048827 size=0000003D times=0...
TIMESTAMP The application has been completely decompiled.
Flushing buffers, please wait...ok
Unloading IDP module IDADIR/procs/pc.so...
