
Database SUBJECTS/from_internet/asmutils/mv/ia32_elf/subject.exe.idb already exists.
Do you want to overwrite it? -> ~L~oad existing

  bytes   pages size description
--------- ----- ---- --------------------------------------------
   524288    64 8192 allocating memory for b-tree...
    65536     8 8192 allocating memory for virtual array...
   262144    32 8192 allocating memory for name pointers...
-----------------------------------------------------------------
   851968            total memory allocated

Loading processor module IDADIR/procs/pc.so for metapc...Initializing processor module metapc...OK
Loading type libraries...
Autoanalysis subsystem has been initialized.
Database for file 'subject.exe' has been loaded.
Hex-Rays Decompiler plugin has been loaded (v7.6.0.210427)
  The hotkeys are F5: decompile, Ctrl-F5: decompile all.

  Please check the Edit/Plugins menu for more informaton.
=== start of cleanup script -> OK
  function at 0804804C       with name 'start'
  function at 08048071       with name 'sub_8048071'
  function at 080480B8       with name 'sub_80480B8'
  function at 080480CC       with name 'sub_80480CC'
  function at 080480E7       with name 'sub_80480E7'
  function at 0804810E       with name 'sub_804810E'
  function at 0804811F       with name 'sub_804811F'
  function at 0804812C       with name 'sub_804812C'
finished -> OK
TIMESTAMP decompiling 80480E7 size=00000027 times=0...
TIMESTAMP decompiling 804810E size=00000011 times=0...
TIMESTAMP decompiling 80480CC size=0000001B times=0...
TIMESTAMP decompiling 804811F size=0000000D times=0...
TIMESTAMP decompiling 804812C size=00000018 times=0...
TIMESTAMP decompiling 80480B8 size=00000014 times=0...
TIMESTAMP decompiling 8048071 size=00000047 times=0...
TIMESTAMP decompiling 804804C size=00000025 times=0...
TIMESTAMP The application has been completely decompiled.
Flushing buffers, please wait...ok
Unloading IDP module IDADIR/procs/pc.so...
