
Database SUBJECTS/from_internet/asmutils/idea/ia32_elf/subject.exe.idb already exists.
Do you want to overwrite it? -> ~L~oad existing

  bytes   pages size description
--------- ----- ---- --------------------------------------------
   524288    64 8192 allocating memory for b-tree...
    65536     8 8192 allocating memory for virtual array...
   262144    32 8192 allocating memory for name pointers...
-----------------------------------------------------------------
   851968            total memory allocated

Loading processor module IDADIR/procs/pc.so for metapc...Initializing processor module metapc...OK
Loading type libraries...
Autoanalysis subsystem has been initialized.
Database for file 'subject.exe' has been loaded.
Hex-Rays Decompiler plugin has been loaded (v7.6.0.210427)
  The hotkeys are F5: decompile, Ctrl-F5: decompile all.

  Please check the Edit/Plugins menu for more informaton.
=== start of cleanup script -> OK
  function at 0804804C       with name 'sub_804804C'
  function at 08048077       with name 'sub_8048077'
  function at 0804809C       with name 'sub_804809C'
  function at 080480E3       with name 'sub_80480E3'
  function at 0804816C       with name 'sub_804816C'
  function at 0804820A       with name 'sub_804820A'
  function at 0804824E       with name 'start'
finished -> OK
TIMESTAMP decompiling 804804C size=0000002B times=0...
TIMESTAMP decompiling 8048077 size=00000025 times=0...
TIMESTAMP decompiling 804809C size=00000047 times=0...
TIMESTAMP decompiling 80480E3 size=00000089 times=0...
TIMESTAMP decompiling 804816C size=0000009E times=0...
TIMESTAMP decompiling 804820A size=00000044 times=0...
TIMESTAMP decompiling 804824E size=00000088 times=0...
TIMESTAMP The application has been completely decompiled.
Flushing buffers, please wait...ok
Unloading IDP module IDADIR/procs/pc.so...
