=== Using options:--aggressive-branch-removal
00000000004005C4: warning: Unable to resolve imported reference __gmon_start__.
000000000040073B: warning: Unable to resolve imported reference _Znwm.
000000000040074B: error: An error occurred while processing the statement word64 rax_235 = rsi - rsi_156.
    Pulling difference int64 and (ptr64 void)
      at Reko.Core.Expressions.ExpressionTypeAscenderBase.PullDiffDataType (Reko.Core.Types.DataType dtLeft, Reko.Core.Types.DataType dtRight) [0x00130] in <b9cfb1f835ef496fb9812173153e1b7d>:0 
  at Reko.Core.Expressions.ExpressionTypeAscenderBase.VisitBinaryExpression (Reko.Core.Expressions.BinaryExpression binExp) [0x00074] in <b9cfb1f835ef496fb9812173153e1b7d>:0 
  at Reko.Core.Expressions.BinaryExpression.Accept[T] (Reko.Core.Expressions.ExpressionVisitor`1[T] v) [0x00001] in <b9cfb1f835ef496fb9812173153e1b7d>:0 
  at Reko.Typing.TypeCollector.VisitDeclaration (Reko.Core.Code.Declaration decl) [0x00010] in <412f049f2cb248eca19ae8eb793a6a5b>:0 
  at Reko.Core.Code.Declaration.Accept (Reko.Core.Code.InstructionVisitor v) [0x00001] in <b9cfb1f835ef496fb9812173153e1b7d>:0 
  at Reko.Typing.TypeCollector.CollectTypes () [0x000d7] in <412f049f2cb248eca19ae8eb793a6a5b>:0 
0000000000400962: error: An error occurred while processing the statement word64 r9_81 = r9_41 - rdx.
    Pulling difference (union ((ptr64 void) u1) (ptr64 u0)) and (ptr64 void)
      at Reko.Core.Expressions.ExpressionTypeAscenderBase.PullDiffDataType (Reko.Core.Types.DataType dtLeft, Reko.Core.Types.DataType dtRight) [0x00130] in <b9cfb1f835ef496fb9812173153e1b7d>:0 
  at Reko.Core.Expressions.ExpressionTypeAscenderBase.VisitBinaryExpression (Reko.Core.Expressions.BinaryExpression binExp) [0x00074] in <b9cfb1f835ef496fb9812173153e1b7d>:0 
  at Reko.Core.Expressions.BinaryExpression.Accept[T] (Reko.Core.Expressions.ExpressionVisitor`1[T] v) [0x00001] in <b9cfb1f835ef496fb9812173153e1b7d>:0 
  at Reko.Typing.TypeCollector.VisitDeclaration (Reko.Core.Code.Declaration decl) [0x00010] in <412f049f2cb248eca19ae8eb793a6a5b>:0 
  at Reko.Core.Code.Declaration.Accept (Reko.Core.Code.InstructionVisitor v) [0x00001] in <b9cfb1f835ef496fb9812173153e1b7d>:0 
  at Reko.Typing.TypeCollector.CollectTypes () [0x000d7] in <412f049f2cb248eca19ae8eb793a6a5b>:0 
00600BE0: warning: Expected sizes of arrays to have been determined by now
00600BE0: warning: Expected sizes of arrays to have been determined by now
