Analyzing './from_snowman/other-025_vector/x64_elf/subject.exe' as a x86_64 64 ELF binary file.

0 Procs, 0 Labels, 0 Branches, 0 / 0 kB covered
./from_snowman/other-025_vector/x64_elf/subject.exe: no .debug_info section
./from_snowman/other-025_vector/x64_elf/subject.exe: 31 sections starting at 0x00000F58
./from_snowman/other-025_vector/x64_elf/subject.exe: section string table at 0x00001658, 0xFE bytes
 Offset:  [ix]  Address    Size    Offset  Name
00000F58: [ 0] 00000000 00000000 00000000 
00000F98: [ 1] 00400200 0000001C 00000200 .interp
00000FD8: [ 2] 0040021C 00000020 0000021C .note.ABI-tag
00001018: [ 3] 0040023C 00000024 0000023C .note.gnu.build-id
00001058: [ 4] 00400260 00000034 00000260 .hash
00001098: [ 5] 00400298 0000001C 00000298 .gnu.hash
000010D8: [ 6] 004002B8 000000C0 000002B8 .dynsym
00001118: [ 7] 00400378 000000B2 00000378 .dynstr
00001158: [ 8] 0040042A 00000010 0000042A .gnu.version
00001198: [ 9] 00400440 00000040 00000440 .gnu.version_r
000011D8: [10] 00400480 00000018 00000480 .rela.dyn
00001218: [11] 00400498 00000078 00000498 .rela.plt
00001258: [12] 00400510 00000018 00000510 .init
00001298: [13] 00400530 00000060 00000530 .plt
000012D8: [14] 00400590 000004E8 00000590 .text
00001318: [15] 00400A78 0000000E 00000A78 .fini
00001358: [16] 00400A88 0000001C 00000A88 .rodata
00001398: [17] 00400AA4 0000003C 00000AA4 .eh_frame_hdr
000013D8: [18] 00400AE0 000000EC 00000AE0 .eh_frame
00001418: [19] 00600BD0 00000010 00000BD0 .ctors
00001458: [20] 00600BE0 00000010 00000BE0 .dtors
00001498: [21] 00600BF0 00000008 00000BF0 .jcr
000014D8: [22] 00600BF8 000001D0 00000BF8 .dynamic
00001518: [23] 00600DC8 00000008 00000DC8 .got
00001558: [24] 00600DD0 00000040 00000DD0 .got.plt
00001598: [25] 00600E10 00000010 00000E10 .data
000015D8: [26] 00600E20 00000010 00000E20 .bss
00001618: [27] 00000000 0000003A 00000E20 .comment
00001658: [28] 00000000 000000FE 00000E5A .shstrtab
00001698: [29] 00000000 00000690 00001718 .symtab
000016D8: [30] 00000000 000002D7 00001DA8 .strtab
Matching signatures...
0 Procs, 0 Labels, 0 Branches, 0 / 2 kB covered
0 Procs, 0 Labels, 0 Branches, 0 / 2 kB covered
Separating code and data...
0 Procs, 0 Labels, 0 Branches, 0 / 2 kB covered
0 Procs, 16 Labels, 15 Branches, 0 / 2 kB covered
0 Procs, 18 Labels, 16 Branches, 0 / 2 kB covered
0 Procs, 21 Labels, 18 Branches, 0 / 2 kB covered
0 Procs, 21 Labels, 18 Branches, 0 / 2 kB covered
0 Procs, 28 Labels, 23 Branches, 0 / 2 kB covered
0 Procs, 28 Labels, 23 Branches, 0 / 2 kB covered
0 Procs, 78 Labels, 64 Branches, 0 / 2 kB covered
0 Procs, 78 Labels, 64 Branches, 0 / 2 kB covered
0 Procs, 83 Labels, 69 Branches, 0 / 2 kB covered
0 Procs, 84 Labels, 69 Branches, 0 / 2 kB covered
0 Procs, 84 Labels, 69 Branches, 0 / 2 kB covered
0 Procs, 86 Labels, 71 Branches, 0 / 2 kB covered
17 Procs, 86 Labels, 71 Branches, 0 / 2 kB covered
17 Procs, 86 Labels, 71 Branches, 0 / 2 kB covered
17 Procs, 86 Labels, 71 Branches, 0 / 2 kB covered
17 Procs, 86 Labels, 71 Branches, 0 / 2 kB covered
17 Procs, 86 Labels, 71 Branches, 0 / 2 kB covered
17 Procs, 86 Labels, 71 Branches, 0 / 2 kB covered
17 Procs, 86 Labels, 71 Branches, 0 / 2 kB covered
17 Procs, 86 Labels, 71 Branches, 0 / 2 kB covered
17 Procs, 86 Labels, 71 Branches, 0 / 2 kB covered
17 Procs, 86 Labels, 71 Branches, 0 / 2 kB covered
17 Procs, 86 Labels, 71 Branches, 0 / 2 kB covered
17 Procs, 86 Labels, 71 Branches, 0 / 2 kB covered
17 Procs, 86 Labels, 71 Branches, 0 / 2 kB covered
17 Procs, 86 Labels, 71 Branches, 0 / 2 kB covered
17 Procs, 86 Labels, 71 Branches, 0 / 2 kB covered
17 Procs, 86 Labels, 71 Branches, 0 / 2 kB covered
17 Procs, 86 Labels, 71 Branches, 0 / 2 kB covered
17 Procs, 86 Labels, 71 Branches, 0 / 2 kB covered
17 Procs, 86 Labels, 71 Branches, 0 / 2 kB covered
Resolving indirect jumps...
17 Procs, 86 Labels, 71 Branches, 0 / 2 kB covered
17 Procs, 86 Labels, 71 Branches, 0 / 2 kB covered
Resolving constants and strings...
17 Procs, 86 Labels, 71 Branches, 0 / 2 kB covered
Discovering unreached functions...
17 Procs, 86 Labels, 71 Branches, 0 / 2 kB covered
Computing call tree...
17 Procs, 86 Labels, 71 Branches, 0 / 2 kB covered
Computing calling conventions...
17 Procs, 86 Labels, 71 Branches, 0 / 2 kB covered
Computing Calling Convention: 2/17  0x00400540
Computing Calling Convention: 3/17  0x00400550
Computing Calling Convention: 4/17  0x00400560
Computing Calling Convention: 5/17  0x00400570
Computing Calling Convention: 6/17  0x00400580
Computing Calling Convention: 7/17  0x00400590
Computing Calling Convention: 8/17  0x00400594
Computing Calling Convention: 9/17  0x004005C0
Computing Calling Convention: 10/17  0x004005E0
Computing Calling Convention: 11/17  0x00400650
Computing Calling Convention: 13/17  0x004006A0
Computing Calling Convention: 14/17  0x004009A0
Computing Calling Convention: 16/17  0x00400A40
Computing Calling Convention: 17/17  0x00400A78
Computing Calling Convention: 1/3  0x00400510
Computing Calling Convention: 2/3  0x00400680
Computing Calling Convention: 3/3  0x004009B0
Computing label cross-references...
17 Procs, 86 Labels, 71 Branches, 0 / 2 kB covered
File analysis complete.
17 Procs, 86 Labels, 71 Branches, 0 / 2 kB covered

Decompiling 1/17: 0x00400510
Decompiling 2/17: 0x00400540
Decompiling 3/17: 0x00400550
Decompiling 4/17: 0x00400560
Decompiling 5/17: 0x00400570
Decompiling 6/17: 0x00400580
Decompiling 7/17: 0x00400590
Decompiling 8/17: 0x00400594
Decompiling 9/17: 0x004005C0
Decompiling 10/17: 0x004005E0
Decompiling 11/17: 0x00400650
Decompiling 12/17: 0x00400680
Decompiling 13/17: 0x004006A0
Decompiling 14/17: 0x004009A0
Decompiling 15/17: 0x004009B0
Decompiling 16/17: 0x00400A40
Decompiling 17/17: 0x00400A78
Decompiling 17/17: 0x00400A78

