Database SUBJECTS/from_holdec/variable_stack_usage/ia32_elf_clang_O0/subject.exe.idb already exists.
Do you want to overwrite it? -> ~L~oad existing

  bytes   pages size description
--------- ----- ---- --------------------------------------------
   524288    64 8192 allocating memory for b-tree...
    65536     8 8192 allocating memory for virtual array...
   262144    32 8192 allocating memory for name pointers...
-----------------------------------------------------------------
   851968            total memory allocated

Loading processor module IDADIR/procs/pc.so for metapc...Initializing processor module metapc...OK
Loading type libraries...
Autoanalysis subsystem has been initialized.
Database for file 'subject.exe' has been loaded.
Hex-Rays Decompiler plugin has been loaded (v7.5.0.201028)
  The hotkeys are F5: decompile, Ctrl-F5: decompile all.
  Please check the Edit/Plugins menu for more informaton.
IDAPython Hex-Rays bindings initialized.
=== start of cleanup script -> OK
  function at 080482AC  LIB  with name '.init_proc'
  function at 080482D0       with name 'sub_80482D0'
  function at 080482E0  LIB  with name '.__libc_start_main'
  function at 080482F0       with name '.memset'
  function at 08048300       with name '__gmon_start__'
  function at 08048310  LIB  with name '_start'
  function at 08048340  LIB  with name '__x86.get_pc_thunk.bx'
  function at 08048350  LIB  with name 'deregister_tm_clones'
  function at 08048380  LIB  with name 'register_tm_clones'
  function at 080483C0  LIB  with name '__do_global_dtors_aux'
  function at 080483E0  LIB  with name 'frame_dummy'
  function at 08048410       with name 'use'
  function at 08048430       with name 'fill'
  function at 08048470       with name 'with_array'
  function at 080484F0       with name 'with_alloca'
  function at 08048570       with name 'main'
  function at 080485B0  LIB  with name '__libc_csu_init'
  function at 08048610  LIB  with name '__libc_csu_fini'
  function at 08048614  LIB  with name '.term_proc'
  function at 0804A024  LIB  with name '__libc_start_main'
  function at 0804A028       with name 'memset'
  function at 0804A02C       with name '__imp___gmon_start__'
finished -> OK
TIMESTAMP decompiling 80482D0 size=0000000C times=0...
The decompiler assumes that the segment '.got.plt' is read-only because of its NAME.
All data references to the segment will be replaced by constant values.
This may lead to drastic changes in the decompiler output.
If the segment is not read-only, please change the segment NAME.

In general, the decompiler checks the segment permissions, class, and name
to determine if it is read-only.
 -> OK
TIMESTAMP decompiling 8048410 size=0000001F times=0...
TIMESTAMP decompiling 8048430 size=0000003C times=0...
TIMESTAMP decompiling 8048470 size=00000080 times=0...
TIMESTAMP decompiling 80484F0 size=0000007C times=0...
TIMESTAMP decompiling 8048570 size=00000036 times=0...
TIMESTAMP The application has been completely decompiled.
Flushing buffers, please wait...ok
Unloading IDP module IDADIR/procs/pc.so...
