INFO  an - ### holdec 1.1 Copyright 2003-2012 Raimar Falke
INFO  an - Using ./from_boomerang/paramchain/ia32_elf_by_boomerang/subject.exe as executable
read image                              : ............................................................ [ done ]
INFO  fG - Detected ELF (Executable and Linkable Format)
INFO  ks - reading info from ./from_boomerang/paramchain/ia32_elf_by_boomerang/input.info
INFO  ks - wrote ./from_boomerang/paramchain/ia32_elf_by_boomerang/input.info.canonFormat
INFO  fG - disassembleAndWrite: start a new loop with 1 extra block starts
Disassemble                             : ............................................................ [ done ]
INFO  fG - disassembleAndWrite: running multiline
INFO  ks - wrote ./from_boomerang/paramchain/ia32_elf_by_boomerang/input.info
Preprocessing 171 asm lines             : ............................................................ [ done ]
INFO  ks - wrote ./from_boomerang/paramchain/ia32_elf_by_boomerang/input.info
INFO  fG - disassembleAndWrite: found 1 new addresses
INFO  fG - disassembleAndWrite: start a new loop with 2 extra block starts
Disassemble                             : ............................................................ [ done ]
INFO  fG - disassembleAndWrite: running multiline
INFO  ks - wrote ./from_boomerang/paramchain/ia32_elf_by_boomerang/input.info
Preprocessing 175 asm lines             : ............................................................ [ done ]
INFO  ks - wrote ./from_boomerang/paramchain/ia32_elf_by_boomerang/input.info
INFO  fG - disassembleAndWrite: found no new addresses. will stop now.
INFO  ks - wrote ./from_boomerang/paramchain/ia32_elf_by_boomerang/input.info
Preprocessing 198 asm lines             : ............................................................ [ done ]
INFO  ks - wrote ./from_boomerang/paramchain/ia32_elf_by_boomerang/input.info
INFO  fG - reading all asm lines ...
INFO  fG - ... read 198 asm lines
WARN  w - Address 080480d4.0 is excluded by the address filter. Maybe outside text section?
WARN  w - Address 080489d0.0 is excluded by the address filter. Maybe outside text section?
create blocks                           : ............................................................ [ done ]
init blocks                             : ............................................................ [ done ]
Writing 14 methods to cache             : ............................................................ [ done ]
INFO  an - will decompile 3 functions
decompile addem                         : ............................................................ [ done ]
decompile passem                        : .WARN  ag - Referencing unknown line 08048924.0
........................................................... [ done ]
decompile main                          : .WARN  ag - Referencing unknown line 08048938.0
WARN  ag - Referencing unknown line 08048808.0
........................................................... [ done ]
