Analyzing './from_boomerang/fibo2/sparc_elf_from_boomerang/subject.exe' as a Sparc 32 ELF binary file.

0 Procs, 0 Labels, 0 Branches, 0 / 0 kB covered
./from_boomerang/fibo2/sparc_elf_from_boomerang/subject.exe: no .debug_info section
./from_boomerang/fibo2/sparc_elf_from_boomerang/subject.exe: 29 sections starting at 0x00001548
./from_boomerang/fibo2/sparc_elf_from_boomerang/subject.exe: section string table at 0x00001980, 0xEE bytes
 Offset:  [ix]  Address    Size    Offset  Name
00001548: [ 0] 00000000 00000000 00000000 
00001570: [ 1] 000100D4 00000011 000000D4 .interp
00001598: [ 2] 000100E8 000000E0 000000E8 .hash
000015C0: [ 3] 000101C8 00000190 000001C8 .dynsym
000015E8: [ 4] 00010358 0000011B 00000358 .dynstr
00001610: [ 5] 00010474 00000020 00000474 .SUNW_version
00001638: [ 6] 00010494 00000024 00000494 .rela.got
00001660: [ 7] 000104B8 0000000C 000004B8 .rela.bss
00001688: [ 8] 000104C4 00000060 000004C4 .rela.plt
000016B0: [ 9] 00010524 000002C8 00000524 .text
000016D8: [10] 000107EC 0000001C 000007EC .init
00001700: [11] 00010808 00000014 00000808 .fini
00001728: [12] 00010820 00000034 00000820 .rodata
00001750: [13] 00020854 00000028 00000854 .got
00001778: [14] 0002087C 00000094 0000087C .plt
000017A0: [15] 00020910 000000B8 00000910 .dynamic
000017C8: [16] 000209C8 0000000C 000009C8 .data
000017F0: [17] 000209D4 00000008 000009D4 .ctors
00001818: [18] 000209DC 00000008 000009DC .dtors
00001840: [19] 000209E4 00000004 000009E4 .eh_frame
00001868: [20] 000209E8 00000004 000009E8 .jcr
00001890: [21] 000209EC 00000004 000009EC .data.rel.local
000018B8: [22] 000209F0 00000020 000009F0 .bss
000018E0: [23] 00000000 00000510 000009F0 .symtab
00001908: [24] 00000000 00000276 00000F00 .strtab
00001930: [25] 00000000 0000014A 00001176 .comment
00001958: [26] 00000000 00000024 000012C0 .stab.index
00001980: [27] 00000000 000000EE 000012E4 .shstrtab
000019A8: [28] 00000000 00000176 000013D2 .stab.indexstr
Matching signatures...
0 Procs, 0 Labels, 0 Branches, 0 / 2 kB covered
0 Procs, 0 Labels, 0 Branches, 0 / 2 kB covered
Separating code and data...
0 Procs, 0 Labels, 0 Branches, 0 / 2 kB covered
0 Procs, 50 Labels, 45 Branches, 0 / 2 kB covered
0 Procs, 51 Labels, 45 Branches, 0 / 2 kB covered
0 Procs, 51 Labels, 46 Branches, 0 / 2 kB covered
0 Procs, 51 Labels, 46 Branches, 0 / 2 kB covered
0 Procs, 51 Labels, 47 Branches, 0 / 2 kB covered
0 Procs, 51 Labels, 47 Branches, 0 / 2 kB covered
0 Procs, 52 Labels, 47 Branches, 0 / 2 kB covered
0 Procs, 52 Labels, 47 Branches, 0 / 2 kB covered
0 Procs, 52 Labels, 47 Branches, 0 / 2 kB covered
0 Procs, 52 Labels, 48 Branches, 0 / 2 kB covered
0 Procs, 52 Labels, 48 Branches, 0 / 2 kB covered
0 Procs, 53 Labels, 50 Branches, 0 / 2 kB covered
22 Procs, 53 Labels, 50 Branches, 0 / 2 kB covered
22 Procs, 53 Labels, 50 Branches, 0 / 2 kB covered
22 Procs, 53 Labels, 50 Branches, 0 / 2 kB covered
22 Procs, 53 Labels, 50 Branches, 0 / 2 kB covered
22 Procs, 53 Labels, 50 Branches, 0 / 2 kB covered
22 Procs, 53 Labels, 50 Branches, 0 / 2 kB covered
22 Procs, 53 Labels, 50 Branches, 0 / 2 kB covered
22 Procs, 53 Labels, 50 Branches, 0 / 2 kB covered
22 Procs, 53 Labels, 50 Branches, 0 / 2 kB covered
22 Procs, 53 Labels, 50 Branches, 0 / 2 kB covered
22 Procs, 53 Labels, 50 Branches, 0 / 2 kB covered
22 Procs, 53 Labels, 50 Branches, 0 / 2 kB covered
22 Procs, 53 Labels, 50 Branches, 0 / 2 kB covered
22 Procs, 53 Labels, 50 Branches, 0 / 2 kB covered
22 Procs, 53 Labels, 50 Branches, 0 / 2 kB covered
22 Procs, 53 Labels, 50 Branches, 0 / 2 kB covered
Resolving indirect jumps...
22 Procs, 53 Labels, 50 Branches, 0 / 2 kB covered
22 Procs, 53 Labels, 50 Branches, 0 / 2 kB covered
Resolving constants and strings...
22 Procs, 53 Labels, 50 Branches, 0 / 2 kB covered
Discovering unreached functions...
22 Procs, 53 Labels, 50 Branches, 0 / 2 kB covered
Computing call tree...
22 Procs, 53 Labels, 50 Branches, 0 / 2 kB covered
Computing calling conventions...
22 Procs, 53 Labels, 50 Branches, 0 / 2 kB covered
Computing Calling Convention: 2/22  0x00010598
Computing Calling Convention: 3/22  0x000105A0
Computing Calling Convention: 4/22  0x00010650
Computing Calling Convention: 6/22  0x000106E4
Computing Calling Convention: 7/22  0x000106F4
Computing Calling Convention: 8/22  0x00010704
Computing Calling Convention: 10/22  0x00010784
Computing Calling Convention: 11/22  0x0001078C
Computing Calling Convention: 12/22  0x000107DC
Computing Calling Convention: 14/22  0x00010808
Computing Calling Convention: 15/22  0x000208AC
Computing Calling Convention: 16/22  0x000208B8
Computing Calling Convention: 17/22  0x000208C4
Computing Calling Convention: 18/22  0x000208D0
Computing Calling Convention: 19/22  0x000208DC
Computing Calling Convention: 20/22  0x000208E8
Computing Calling Convention: 21/22  0x000208F4
Computing Calling Convention: 22/22  0x00020900
Computing Calling Convention: 2/4  0x00010660
Computing Calling Convention: 3/4  0x00010738
Computing Calling Convention: 4/4  0x000107EC
Computing Calling Convention: 1/1  0x00010524
Computing label cross-references...
22 Procs, 53 Labels, 50 Branches, 0 / 2 kB covered
File analysis complete.
22 Procs, 53 Labels, 50 Branches, 0 / 2 kB covered

Decompiling 1/22: 0x00010524
Decompiling 2/22: 0x00010598
Decompiling 3/22: 0x000105A0
Decompiling 4/22: 0x00010650
Decompiling 5/22: 0x00010660
Decompiling 6/22: 0x000106E4
Decompiling 7/22: 0x000106F4
Decompiling 8/22: 0x00010704
Decompiling 9/22: 0x00010738
Decompiling 10/22: 0x00010784
Decompiling 11/22: 0x0001078C
Decompiling 12/22: 0x000107DC
Decompiling 13/22: 0x000107EC
Decompiling 14/22: 0x00010808
Decompiling 15/22: 0x000208AC
Decompiling 16/22: 0x000208B8
Decompiling 17/22: 0x000208C4
Decompiling 18/22: 0x000208D0
Decompiling 19/22: 0x000208DC
Decompiling 20/22: 0x000208E8
Decompiling 21/22: 0x000208F4
Decompiling 22/22: 0x00020900
Decompiling 22/22: 0x00020900

