INFO  07:03:09 kN - ### holdec 1.0 Copyright 2003-2012 Raimar Falke
read image                              : ............................................................ [  0.01s]
INFO  07:03:09 ke - wrote ./from_boomerang/funcptr/ia32_elf_by_boomerang/subject.exe.info
INFO  07:03:09 fA - disassembleAndWrite: start a new loop with 1 extra block starts
Disassemble                             : ............................................................ [  0.04s]
INFO  07:03:09 fA - disassembleAndWrite: running multiline
INFO  07:03:09 ke - wrote ./from_boomerang/funcptr/ia32_elf_by_boomerang/subject.exe.info
Preprocess gi                           : ............................................................ [  0.01s]
Preprocess gk                           : ............................................................ [  0.00s]
Preprocess gc                           : ............................................................ [  0.00s]
Preprocess fK                           : ............................................................ [  0.00s]
Preprocess fS                           : ............................................................ [  0.00s]
Preprocess fR                           : ............................................................ [  0.00s]
Preprocess fQ                           : ............................................................ [  0.00s]
Preprocess gj                           : ............................................................ [  0.00s]
Preprocess fU                           : ............................................................ [  0.00s]
Preprocess gb                           : ............................................................ [  0.00s]
Preprocess gh                           : ............................................................ [  0.00s]
Preprocess gl                           : ............................................................ [  0.00s]
Preprocess fW                           : ............................................................ [  0.00s]
Preprocess fI                           : ............................................................ [  0.00s]
Preprocess fT                           : ............................................................ [  0.00s]
Preprocess ge                           : ............................................................ [  0.00s]
Preprocess fL                           : ............................................................ [  0.00s]
Preprocess gg                           : ............................................................ [  0.00s]
Preprocess fJ                           : ............................................................ [  0.00s]
Preprocess fZ                           : ............................................................ [  0.01s]
Preprocess gd                           : ............................................................ [  0.00s]
Preprocess ga                           : ............................................................ [  0.00s]
Preprocess fO                           : ............................................................ [  0.00s]
Preprocess gf                           : ............................................................ [  0.00s]
Preprocess fY                           : ............................................................ [  0.00s]
Preprocess fM                           : ............................................................ [  0.00s]
Preprocess fN                           : ............................................................ [  0.00s]
Preprocess fX                           : ............................................................ [  0.01s]
Preprocess fV                           : ............................................................ [  0.00s]
INFO  07:03:09 ke - wrote ./from_boomerang/funcptr/ia32_elf_by_boomerang/subject.exe.info
INFO  07:03:09 fA - disassembleAndWrite: found 1 new addresses
INFO  07:03:09 fA - disassembleAndWrite: start a new loop with 2 extra block starts
Disassemble                             : ............................................................ [  0.02s]
INFO  07:03:09 fA - disassembleAndWrite: running multiline
INFO  07:03:09 ke - wrote ./from_boomerang/funcptr/ia32_elf_by_boomerang/subject.exe.info
Preprocess gi                           : ............................................................ [  0.00s]
Preprocess gk                           : ............................................................ [  0.00s]
Preprocess gc                           : ............................................................ [  0.00s]
Preprocess fK                           : ............................................................ [  0.00s]
Preprocess fS                           : ............................................................ [  0.00s]
Preprocess fR                           : ............................................................ [  0.00s]
Preprocess fQ                           : ............................................................ [  0.01s]
Preprocess gj                           : ............................................................ [  0.00s]
Preprocess fU                           : ............................................................ [  0.00s]
Preprocess gb                           : ............................................................ [  0.00s]
Preprocess gh                           : ............................................................ [  0.00s]
Preprocess gl                           : ............................................................ [  0.00s]
Preprocess fW                           : ............................................................ [  0.00s]
Preprocess fI                           : ............................................................ [  0.00s]
Preprocess fT                           : ............................................................ [  0.00s]
Preprocess ge                           : ............................................................ [  0.00s]
Preprocess fL                           : ............................................................ [  0.00s]
Preprocess gg                           : ............................................................ [  0.00s]
Preprocess fJ                           : ............................................................ [  0.00s]
Preprocess fZ                           : ............................................................ [  0.01s]
Preprocess gd                           : ............................................................ [  0.00s]
Preprocess ga                           : ............................................................ [  0.00s]
Preprocess fO                           : ............................................................ [  0.00s]
Preprocess gf                           : ............................................................ [  0.00s]
Preprocess fY                           : ............................................................ [  0.00s]
Preprocess fM                           : ............................................................ [  0.00s]
Preprocess fN                           : ............................................................ [  0.01s]
Preprocess fX                           : ............................................................ [  0.00s]
Preprocess fV                           : ............................................................ [  0.00s]
INFO  07:03:10 ke - wrote ./from_boomerang/funcptr/ia32_elf_by_boomerang/subject.exe.info
INFO  07:03:10 fA - disassembleAndWrite: found no new addresses. will stop now.
INFO  07:03:10 ke - wrote ./from_boomerang/funcptr/ia32_elf_by_boomerang/subject.exe.info
Preprocess gi                           : ............................................................ [  0.00s]
Preprocess gk                           : ............................................................ [  0.00s]
Preprocess gc                           : ............................................................ [  0.00s]
Preprocess fK                           : ............................................................ [  0.00s]
Preprocess fS                           : ............................................................ [  0.00s]
Preprocess fR                           : ............................................................ [  0.00s]
Preprocess fQ                           : ............................................................ [  0.00s]
Preprocess gj                           : ............................................................ [  0.00s]
Preprocess fU                           : ............................................................ [  0.00s]
Preprocess gb                           : ............................................................ [  0.00s]
Preprocess gh                           : ............................................................ [  0.00s]
Preprocess gl                           : ............................................................ [  0.00s]
Preprocess fW                           : ............................................................ [  0.00s]
Preprocess fI                           : ............................................................ [  0.01s]
Preprocess fT                           : ............................................................ [  0.00s]
Preprocess ge                           : ............................................................ [  0.00s]
Preprocess fL                           : ............................................................ [  0.00s]
Preprocess gg                           : ............................................................ [  0.00s]
Preprocess fJ                           : ............................................................ [  0.00s]
Preprocess fZ                           : ............................................................ [  0.00s]
Preprocess gd                           : ............................................................ [  0.00s]
Preprocess ga                           : ............................................................ [  0.00s]
Preprocess fO                           : ............................................................ [  0.00s]
Preprocess gf                           : ............................................................ [  0.00s]
Preprocess fY                           : ............................................................ [  0.00s]
Preprocess fM                           : ............................................................ [  0.00s]
Preprocess fN                           : ............................................................ [  0.00s]
Preprocess fX                           : ............................................................ [  0.00s]
Preprocess fV                           : ............................................................ [  0.00s]
INFO  07:03:10 ke - wrote ./from_boomerang/funcptr/ia32_elf_by_boomerang/subject.exe.info
INFO  07:03:10 fA - reading all asm lines ...
INFO  07:03:10 fA - ... read 189 asm lines
WARN  07:03:10 w - Address 00000000.0 is excluded by the address filter. Maybe outside text section?
WARN  07:03:10 w - Address 080480f4.0 is excluded by the address filter. Maybe outside text section?
WARN  07:03:10 w - Address 080483c8.0 is excluded by the address filter. Maybe outside text section?
create blocks                           : ............................................................ [  0.00s]
init blocks                             : ............................................................ [  0.00s]
Writing 14 methods to cache             : ............................................................ [  0.00s]
INFO  07:03:10 am - will decompile 14 functions
decompile _init                         : ............................................................ [  0.08s]
decompile __libc_start_main             : ... failed: There is no target block for index 0
decompile printf                        : ... failed: There is no target block for index 0
decompile _start                        : ...INFO  07:03:10 fG - Skipping stack alignment: 0804827d.0+3 l.and esp,0xfffffff0
......................................................... [  0.17s]
decompile call_gmon_start               : ............................................................ [  0.07s]
decompile F_080482a6                    : ............................................................ [  0.06s]
decompile __do_global_dtors_aux         : ...................................................WARN  07:03:10 o -   load size differs from loaded size for g_0x080494e4 vs. LOAD(ADDR(g_0x080494e4))
......... [  0.20s]
decompile frame_dummy                   : ............................................................ [  0.07s]
decompile hello                         : ............................................................ [  0.04s]
decompile world                         : ............................................................ [  0.06s]
decompile main                          : ...INFO  07:03:10 fG - Skipping stack alignment: 0804835e.0+3 l.and esp,0xfffffff0
......................................................... [  0.03s]
decompile __do_global_ctors_aux         : ............................................................ [  0.10s]
decompile _fini                         : ............................................................ [  0.04s]
decompile F_080483b6                    : ............................................................ [  0.07s]
