Database SUBJECTS/from_holdec/stress_int_ia32/ia32_elf_complex_with_base_10_funcs_of_size_128/subject.exe.idb already exists.
Do you want to overwrite it? -> ~L~oad existing

  bytes   pages size description
--------- ----- ---- --------------------------------------------
   524288    64 8192 allocating memory for b-tree...
    65536     8 8192 allocating memory for virtual array...
   262144    32 8192 allocating memory for name pointers...
-----------------------------------------------------------------
   851968            total memory allocated

Loading processor module IDADIR/procs/pc.so for metapc...Initializing processor module metapc...OK
Loading type libraries...
Autoanalysis subsystem has been initialized.
Database for file 'subject.exe' has been loaded.
Hex-Rays Decompiler plugin has been loaded (v7.5.0.201028)
  The hotkeys are F5: decompile, Ctrl-F5: decompile all.
  Please check the Edit/Plugins menu for more informaton.
IDAPython Hex-Rays bindings initialized.
=== start of cleanup script -> OK
  function at 08049000  LIB  with name '.init_proc'
  function at 08049030       with name 'sub_8049030'
  function at 08049040  LIB  with name '.__libc_start_main'
  function at 08049050       with name '.__assert_fail'
  function at 08049060       with name 'main'
  function at 080490E0  LIB  with name '_start'
  function at 08049117       with name 'sub_8049117'
  function at 08049120  LIB  with name '_dl_relocate_static_pie'
  function at 08049130  LIB  with name '__x86.get_pc_thunk.bx'
  function at 08049140  LIB  with name 'deregister_tm_clones'
  function at 08049180  LIB  with name 'register_tm_clones'
  function at 080491C0  LIB  with name '__do_global_dtors_aux'
  function at 080491F0  LIB  with name 'frame_dummy'
  function at 080491F6       with name 'log_size_7_var_000'
  function at 080493D3       with name 'log_size_7_var_001'
  function at 08049582       with name 'log_size_7_var_002'
  function at 0804974E       with name 'log_size_7_var_003'
  function at 08049907       with name 'log_size_7_var_004'
  function at 08049AAA       with name 'log_size_7_var_005'
  function at 08049C61       with name 'log_size_7_var_006'
  function at 08049E1F       with name 'log_size_7_var_007'
  function at 08049FD0       with name 'log_size_7_var_008'
  function at 0804A196       with name 'log_size_7_var_009'
  function at 0804A340  LIB  with name '__libc_csu_init'
  function at 0804A3A0  LIB  with name '__libc_csu_fini'
  function at 0804A3A8  LIB  with name '.term_proc'
  function at 0804D020  LIB  with name '__libc_start_main'
  function at 0804D024       with name '__assert_fail'
finished -> OK
TIMESTAMP decompiling 8049030 size=0000000C times=0...
The decompiler assumes that the segment '.got.plt' is read-only because of its NAME.
All data references to the segment will be replaced by constant values.
This may lead to drastic changes in the decompiler output.
If the segment is not read-only, please change the segment NAME.

In general, the decompiler checks the segment permissions, class, and name
to determine if it is read-only.
 -> OK
TIMESTAMP decompiling 8049117 size=00000004 times=0...
TIMESTAMP decompiling 80491F6 size=000001DD times=0...
TIMESTAMP decompiling 80493D3 size=000001AF times=0...
TIMESTAMP decompiling 8049582 size=000001CC times=0...
TIMESTAMP decompiling 804974E size=000001B9 times=0...
TIMESTAMP decompiling 8049907 size=000001A3 times=0...
TIMESTAMP decompiling 8049AAA size=000001B7 times=0...
TIMESTAMP decompiling 8049C61 size=000001BE times=0...
TIMESTAMP decompiling 8049E1F size=000001B1 times=0...
TIMESTAMP decompiling 8049FD0 size=000001C6 times=0...
TIMESTAMP decompiling 804A196 size=000001A1 times=0...
TIMESTAMP decompiling 8049060 size=00000079 times=0...
TIMESTAMP The application has been completely decompiled.
Flushing buffers, please wait...ok
Unloading IDP module IDADIR/procs/pc.so...
