[I] JEB 4.11.0.202201181921 (jeb-ce) is starting...
[I] Current directory: SUBJECTS
[I] Base directory: JEBDIR
[I] System: Mac OS X 12.2 (aarch64) de_DE
[I] Java: Homebrew 17.0.1
[I] Memory Usage: 39.2M used (224.8M free, 6.0G max)
[I] Initializing Jython, please wait...
Processing file: SUBJECTS/from_boomerang/hello/ia32_elf_by_boomerang/subject.exe...
[I] {subject.exe > subject.exe > x86 image}: Detected compiler: unknown (Linux)
[I] {subject.exe > subject.exe > x86 image}: Initial native analysis styles: code gaps: PROLOGUES_ONLY, data gaps: DEFAULT
[I] {subject.exe > subject.exe > x86 image}: Analysis completed (0s)
[I] {subject.exe > subject.exe > x86 image}: Initial analysis created 13 methods
Output folder: jeb_output
  0/ 13: Method: →__libc_start_main
  1/ 13: 1/13: →__libc_start_main (DONE:52ms)
  1/ 13: Method: →printf
  2/ 13: 2/13: →printf (DONE:12ms)
  2/ 13: Method: __do_global_dtors_aux
  3/ 13: 3/13: __do_global_dtors_aux (DONE:143ms)
  3/ 13: Method: __do_global_ctors_aux
  4/ 13: 4/13: __do_global_ctors_aux (DONE:89ms)
  4/ 13: Method: sub_804824E
  5/ 13: 5/13: sub_804824E (DONE:5ms)
  5/ 13: Method: _start
  6/ 13: 6/13: _start (DONE:39ms)
  6/ 13: Method: main
  7/ 13: 7/13: main (DONE:44ms)
  7/ 13: Method: call_gmon_start
  8/ 13: 8/13: call_gmon_start (DONE:41ms)
  8/ 13: Method: frame_dummy
  9/ 13: 9/13: frame_dummy (DONE:26ms)
  9/ 13: Method: initializer_0
 10/ 13: 10/13: initializer_0 (DONE:20ms)
 10/ 13: Method: __libc_csu_init
 11/ 13: 11/13: __libc_csu_init (DONE:32ms)
 11/ 13: Method: finalizer_0
 12/ 13: 12/13: finalizer_0 (DONE:21ms)
 12/ 13: Method: __libc_csu_fini
 13/ 13: 13/13: __libc_csu_fini (DONE:21ms)
Exectime: 0.987000 sec
[I] Done.
