[I] JEB 4.11.0.202201181921 (jeb-ce) is starting...
[I] Current directory: SUBJECTS
[I] Base directory: JEBDIR
[I] System: Mac OS X 12.2 (aarch64) de_DE
[I] Java: Homebrew 17.0.1
[I] Memory Usage: 39.2M used (224.8M free, 6.0G max)
[I] Initializing Jython, please wait...
Processing file: SUBJECTS/from_holdec/pic/x64_elf_gcc_O0_unlimited-pie/subject.exe...
[W] {subject.exe > subject.exe}: The notes section ".gnu.build.attributes" was not processed
[I] {subject.exe > subject.exe > x86_64 image}: Detected compiler: unknown (Linux)
[I] {subject.exe > subject.exe > x86_64 image}: Initial native analysis styles: code gaps: PROLOGUES_ONLY, data gaps: DEFAULT
[E] The routine at 0x401026 no longer exists!
[I] {subject.exe > subject.exe > x86_64 image}: Analysis completed (0s)
[I] {subject.exe > subject.exe > x86_64 image}: Initial analysis created 19 methods
Output folder: jeb_output
  0/ 19: Method: →printf
  1/ 19: 1/19: →printf (DONE:88ms)
  1/ 19: Method: sub_4010A0
  2/ 19: 2/19: sub_4010A0 (DONE:7ms)
  2/ 19: Method: sub_4010E0
  3/ 19: 3/19: sub_4010E0 (DONE:8ms)
  3/ 19: Method: initializer_0
  4/ 19: 4/19: initializer_0 (DONE:70ms)
  4/ 19: Method: sub_401110
  5/ 19: 5/19: sub_401110 (DONE:4ms)
  5/ 19: Method: a_func
  6/ 19: 6/19: a_func (DONE:26ms)
  6/ 19: Method: sub_40108D
  7/ 19: 7/19: sub_40108D (DONE:19ms)
  7/ 19: Method: sub_4010CF
  8/ 19: 8/19: sub_4010CF (DONE:15ms)
  8/ 19: Method: deregister_tm_clones
  9/ 19: 9/19: deregister_tm_clones (DONE:13ms)
  9/ 19: Method: register_tm_clones
 10/ 19: 10/19: register_tm_clones (DONE:57ms)
 10/ 19: Method: sub_4010FD
 11/ 19: 11/19: sub_4010FD (DONE:16ms)
 11/ 19: Method: initializer_1
 12/ 19: 12/19: initializer_1 (DONE:10ms)
 12/ 19: Method: _dl_relocate_static_pie
 13/ 19: 13/19: _dl_relocate_static_pie (DONE:4ms)
 13/ 19: Method: __libc_csu_fini
 14/ 19: 14/19: __libc_csu_fini (DONE:3ms)
 14/ 19: Method: finalizer_0
 15/ 19: 15/19: finalizer_0 (DONE:9ms)
 15/ 19: Method: main
 16/ 19: 16/19: main (DONE:46ms)
 16/ 19: Method: finalizer_1
 17/ 19: 17/19: finalizer_1 (DONE:14ms)
 17/ 19: Method: __libc_csu_init
 18/ 19: 18/19: __libc_csu_init (DONE:113ms)
 18/ 19: Method: _start
 19/ 19: 19/19: _start (DONE:27ms)
Exectime: 1.042000 sec
[I] Done.
