[I] JEB 4.11.0.202201181921 (jeb-ce) is starting...
[I] Current directory: SUBJECTS
[I] Base directory: JEBDIR
[I] System: Mac OS X 12.2 (aarch64) de_DE
[I] Java: Homebrew 17.0.1
[I] Memory Usage: 39.2M used (224.8M free, 6.0G max)
[I] Initializing Jython, please wait...
Processing file: SUBJECTS/from_holdec/variable_stack_usage/x64_elf_clang_O0/subject.exe...
[I] {subject.exe > subject.exe > x86_64 image}: Detected compiler: unknown (Linux)
[I] {subject.exe > subject.exe > x86_64 image}: Initial native analysis styles: code gaps: PROLOGUES_ONLY, data gaps: DEFAULT
[E] The routine at 0x4003E6 no longer exists!
[I] {subject.exe > subject.exe > x86_64 image}: Analysis completed (0s)
[I] {subject.exe > subject.exe > x86_64 image}: Initial analysis created 19 methods
Output folder: jeb_output
  0/ 19: Method: use
  1/ 19: 1/19: use (DONE:119ms)
  1/ 19: Method: register_tm_clones
  2/ 19: 2/19: register_tm_clones (DONE:83ms)
  2/ 19: Method: sub_4004CA
  3/ 19: 3/19: sub_4004CA (DONE:4ms)
  3/ 19: Method: sub_4004DB
  4/ 19: 4/19: sub_4004DB (DONE:15ms)
  4/ 19: Method: initializer_0
  5/ 19: 5/19: initializer_0 (DONE:42ms)
  5/ 19: Method: →memset
  6/ 19: 6/19: →memset (DONE:23ms)
  6/ 19: Method: fill
  7/ 19: 7/19: fill (DONE:82ms)
  7/ 19: Method: deregister_tm_clones
  8/ 19: 8/19: deregister_tm_clones (DONE:13ms)
  8/ 19: Method: sub_4004E0
  9/ 19: 9/19: sub_4004E0 (DONE:25ms)
  9/ 19: Method: with_array
 10/ 19: 10/19: with_array (DONE:83ms)
 10/ 19: Method: with_alloca
 11/ 19: 11/19: with_alloca (DONE:68ms)
 11/ 19: Method: sub_4004B9
 12/ 19: 12/19: sub_4004B9 (DONE:13ms)
 12/ 19: Method: initializer_1
 13/ 19: 13/19: initializer_1 (DONE:10ms)
 13/ 19: Method: __libc_csu_fini
 14/ 19: 14/19: __libc_csu_fini (DONE:3ms)
 14/ 19: Method: finalizer_0
 15/ 19: 15/19: finalizer_0 (DONE:8ms)
 15/ 19: Method: main
 16/ 19: 16/19: main (DONE:50ms)
 16/ 19: Method: finalizer_1
 17/ 19: 17/19: finalizer_1 (DONE:7ms)
 17/ 19: Method: __libc_csu_init
 18/ 19: 18/19: __libc_csu_init (DONE:130ms)
 18/ 19: Method: _start
 19/ 19: 19/19: _start (DONE:30ms)
Exectime: 1.412000 sec
[I] Done.
