[I] JEB 4.11.0.202201181921 (jeb-ce) is starting...
[I] Current directory: SUBJECTS
[I] Base directory: JEBDIR
[I] System: Mac OS X 12.2 (aarch64) de_DE
[I] Java: Homebrew 17.0.1
[I] Memory Usage: 36.0M used (228.0M free, 6.0G max)
[I] Initializing Jython, please wait...
Processing file: SUBJECTS/from_decompile-it.com/mathomatic/ia32_elf_from_website/subject.exe...
[I] {subject.exe > subject.exe > x86 image}: Detected compiler: unknown (Linux)
[I] {subject.exe > subject.exe > x86 image}: Initial native analysis styles: code gaps: PROLOGUES_ONLY, data gaps: DEFAULT
[I] {subject.exe > subject.exe > x86 image}: Analysis completed (5s)
[I] {subject.exe > subject.exe > x86 image}: Initial analysis created 368 methods
Output folder: jeb_output
  0/368: Method: →strncasecmp
  1/368: 1/368: →strncasecmp (DONE:65ms)
  1/368: Method: min_level
  2/368: 2/368: min_level (DONE:100ms)
  2/368: Method: found_var
  3/368: 3/368: found_var (DONE:99ms)
  3/368: Method: solved_equation
  4/368: 4/368: solved_equation (DONE:95ms)
  4/368: Method: var_count
  5/368: 5/368: var_count (DONE:34ms)
  5/368: Method: →strcmp
  6/368: 6/368: →strcmp (DONE:3ms)
  6/368: Method: no_vars
  7/368: 7/368: no_vars (DONE:128ms)
  7/368: Method: init_gvars
  8/368: 8/368: init_gvars (DONE:15ms)
  8/368: Method: multiply_out_unique
  9/368: 9/368: multiply_out_unique (DONE:38ms)
  9/368: Method: poly_in_v
 10/368: 10/368: poly_in_v (DONE:403ms)
 10/368: Method: var_in_equation
 11/368: 11/368: var_in_equation (DONE:57ms)
 11/368: Method: next_sign
 12/368: 12/368: next_sign (DONE:37ms)
 12/368: Method: var_is_const
 13/368: 13/368: var_is_const (DONE:28ms)
 13/368: Method: subst_constants
 14/368: 14/368: subst_constants (DONE:73ms)
 14/368: Method: complex_fixup
 15/368: 15/368: complex_fixup (DONE:34ms)
 15/368: Method: complex_mult
 16/368: 16/368: complex_mult (DONE:16ms)
 16/368: Method: is_prime
 17/368: 17/368: is_prime (DONE:30ms)
 17/368: Method: →strcasecmp
 18/368: 18/368: →strcasecmp (DONE:3ms)
 18/368: Method: org_up_level
 19/368: 19/368: org_up_level (DONE:82ms)
 19/368: Method: term_value
 20/368: 20/368: term_value (DONE:1083ms)
 20/368: Method: var_name
 21/368: 21/368: var_name (DONE:15ms)
 21/368: Method: trim_zeros
 22/368: 22/368: trim_zeros (DONE:55ms)
 22/368: Method: basic_size
 23/368: 23/368: basic_size (DONE:118ms)
 23/368: Method: complex_div
 24/368: 24/368: complex_div (DONE:42ms)
 24/368: Method: sub_8048E8A
 25/368: 25/368: sub_8048E8A (DONE:6ms)
 25/368: Method: →__fprintf_chk
 26/368: 26/368: →__fprintf_chk (DONE:4ms)
 26/368: Method: →memmove
 27/368: 27/368: →memmove (DONE:6ms)
 27/368: Method: →__printf_chk
 28/368: 28/368: →__printf_chk (DONE:4ms)
 28/368: Method: →fmod
 29/368: 29/368: →fmod (DONE:5ms)
 29/368: Method: →__snprintf_chk
 30/368: 30/368: →__snprintf_chk (DONE:4ms)
 30/368: Method: →__stack_chk_fail
 31/368: 31/368: →__stack_chk_fail (DONE:5ms)
 31/368: Method: my_strlcpy
 32/368: 32/368: my_strlcpy (DONE:52ms)
 32/368: Method: →__ctype_b_loc
 33/368: 33/368: →__ctype_b_loc (DONE:5ms)
 33/368: Method: skip_space
 34/368: 34/368: skip_space (DONE:40ms)
 34/368: Method: list_var
 35/368: 35/368: list_var (DONE:358ms)
 35/368: Method: find_greatest_power
 36/368: 36/368: find_greatest_power (DONE:3092ms)
 36/368: Method: set_color
 37/368: 37/368: set_color (DONE:167ms)
 37/368: Method: →__longjmp_chk
 38/368: 38/368: →__longjmp_chk (DONE:5ms)
 38/368: Method: error_huge
 39/368: 39/368: error_huge (DONE:19ms)
 39/368: Method: subst_var_with_exp
 40/368: 40/368: subst_var_with_exp (DONE:217ms)
 40/368: Method: →__finite
 41/368: 41/368: →__finite (DONE:5ms)
 41/368: Method: →strtod
 42/368: 42/368: →strtod (DONE:6ms)
 42/368: Method: →malloc
 43/368: 43/368: →malloc (DONE:5ms)
 43/368: Method: →__memmove_chk
 44/368: 44/368: →__memmove_chk (DONE:4ms)
 44/368: Method: →__errno_location
 45/368: 45/368: →__errno_location (DONE:4ms)
 45/368: Method: →fclose
 46/368: 46/368: →fclose (DONE:4ms)
 46/368: Method: →free
 47/368: 47/368: →free (DONE:4ms)
 47/368: Method: →_setjmp
 48/368: 48/368: →_setjmp (DONE:4ms)
 48/368: Method: →fopen
 49/368: 49/368: →fopen (DONE:6ms)
 49/368: Method: →signal
 50/368: 50/368: →signal (DONE:5ms)
 50/368: Method: →modf
 51/368: 51/368: →modf (DONE:5ms)
 51/368: Method: try_factor
 52/368: 52/368: try_factor (DONE:116ms)
 52/368: Method: default_color
 53/368: 53/368: default_color (DONE:9ms)
 53/368: Method: error
 54/368: 54/368: error (DONE:17ms)
 54/368: Method: warning
 55/368: 55/368: warning (DONE:27ms)
 55/368: Method: extra_characters
 56/368: 56/368: extra_characters (DONE:21ms)
 56/368: Method: current_not_defined
 57/368: 57/368: current_not_defined (DONE:28ms)
 57/368: Method: error_bug
 58/368: 58/368: error_bug (DONE:32ms)
 58/368: Method: binary_parenthesize
 59/368: 59/368: binary_parenthesize (DONE:286ms)
 59/368: Method: exp_contains_infinity
 60/368: 60/368: exp_contains_infinity (DONE:47ms)
 60/368: Method: →getenv
 61/368: 61/368: →getenv (DONE:5ms)
 61/368: Method: →strcpy
 62/368: 62/368: →strcpy (DONE:4ms)
 62/368: Method: unsimp_power
 63/368: 63/368: unsimp_power (DONE:344ms)
 63/368: Method: check_err
 64/368: 64/368: check_err (DONE:33ms)
 64/368: Method: check_divide_by_zero
 65/368: 65/368: check_divide_by_zero (DONE:14ms)
 65/368: Method: factor_one
 66/368: 66/368: factor_one (DONE:181ms)
 66/368: Method: →pow
 67/368: 67/368: →pow (DONE:5ms)
 67/368: Method: →strtol
 68/368: 68/368: →strtol (DONE:5ms)
 68/368: Method: decstrtol
 69/368: 69/368: decstrtol (DONE:25ms)
 69/368: Method: →access
 70/368: 70/368: →access (DONE:4ms)
 70/368: Method: →exit
 71/368: 71/368: →exit (DONE:4ms)
 71/368: Method: copy_espace
 72/368: 72/368: copy_espace (DONE:37ms)
 72/368: Method: isdelimiter
 73/368: 73/368: isdelimiter (DONE:33ms)
 73/368: Method: strcmp_tospace
 74/368: 74/368: strcmp_tospace (DONE:72ms)
 74/368: Method: skip_param
 75/368: 75/368: skip_param (DONE:52ms)
 75/368: Method: is_all
 76/368: 76/368: is_all (DONE:14ms)
 76/368: Method: save_factors
 77/368: 77/368: save_factors (DONE:170ms)
 77/368: Method: gcd
 78/368: 78/368: gcd (DONE:73ms)
 78/368: Method: clean_up
 79/368: 79/368: clean_up (DONE:65ms)
 79/368: Method: not_defined
 80/368: 80/368: not_defined (DONE:32ms)
 80/368: Method: get_range
 81/368: 81/368: get_range (DONE:380ms)
 81/368: Method: get_range_eol
 82/368: 82/368: get_range_eol (DONE:30ms)
 82/368: Method: gcd_verified
 83/368: 83/368: gcd_verified (DONE:49ms)
 83/368: Method: →qsort
 84/368: 84/368: →qsort (DONE:5ms)
 84/368: Method: →fgets
 85/368: 85/368: →fgets (DONE:5ms)
 85/368: Method: display_unique
 86/368: 86/368: display_unique (DONE:66ms)
 86/368: Method: remove_trailing_spaces
 87/368: 87/368: remove_trailing_spaces (DONE:52ms)
 87/368: Method: simp2_power
 88/368: 88/368: simp2_power (DONE:972ms)
 88/368: Method: clear_all
 89/368: 89/368: clear_all (DONE:83ms)
 89/368: Method: my_round
 90/368: 90/368: my_round (DONE:28ms)
 90/368: Method: f_to_fraction
 91/368: 91/368: f_to_fraction (DONE:317ms)
 91/368: Method: make_fractions
 92/368: 92/368: make_fractions (DONE:1652ms)
 92/368: Method: factor_int
 93/368: 93/368: factor_int (DONE:690ms)
 93/368: Method: elim_sign
 94/368: 94/368: elim_sign (DONE:2370ms)
 94/368: Method: →__isinf
 95/368: 95/368: →__isinf (DONE:4ms)
 95/368: Method: elim_k
 96/368: 96/368: elim_k (DONE:6717ms)
 96/368: Method: →strchr
 97/368: 97/368: →strchr (DONE:5ms)
 97/368: Method: isvarchar
 98/368: 98/368: isvarchar (DONE:35ms)
 98/368: Method: parse_var
 99/368: 99/368: parse_var (DONE:1111ms)
 99/368: Method: parse_var2
100/368: 100/368: parse_var2 (DONE:20ms)
100/368: Method: →perror
101/368: 101/368: →perror (DONE:5ms)
101/368: Method: →exp
102/368: 102/368: →exp (DONE:4ms)
102/368: Method: →isatty
103/368: 103/368: →isatty (DONE:4ms)
103/368: Method: put_up_arrow
104/368: 104/368: put_up_arrow (DONE:55ms)
104/368: Method: →unlink
105/368: 105/368: →unlink (DONE:4ms)
105/368: Method: →atan2
106/368: 106/368: →atan2 (DONE:4ms)
106/368: Method: →add_history
107/368: 107/368: →add_history (DONE:4ms)
107/368: Method: display_command
108/368: 108/368: display_command (DONE:55ms)
108/368: Method: version_report
109/368: 109/368: version_report (DONE:70ms)
109/368: Method: output_options
110/368: 110/368: output_options (DONE:148ms)
110/368: Method: int_expr
111/368: 111/368: int_expr (DONE:78ms)
111/368: Method: list_code
112/368: 112/368: list_code (DONE:1918ms)
112/368: Method: simp_constant_power
113/368: 113/368: simp_constant_power (DONE:241ms)
113/368: Method: flip
114/368: 114/368: flip (DONE:199ms)
114/368: Method: big_fplus
115/368: 115/368: big_fplus (DONE:3024ms)
115/368: Method: list_string_sub
116/368: 116/368: list_string_sub (DONE:2312ms)
116/368: Method: list_proc
117/368: 117/368: list_proc (DONE:14ms)
117/368: Method: list_debug
118/368: 118/368: list_debug (DONE:37ms)
118/368: Method: list_string
119/368: 119/368: list_string (DONE:12ms)
119/368: Method: list_factor
120/368: 120/368: list_factor (DONE:25ms)
120/368: Method: list1_sub
121/368: 121/368: list1_sub (DONE:81ms)
121/368: Method: display_fraction
122/368: 122/368: display_fraction (DONE:44ms)
122/368: Method: simp_pp
123/368: 123/368: simp_pp (DONE:1426ms)
123/368: Method: factor_int_sub
124/368: 124/368: factor_int_sub (DONE:32ms)
124/368: Method: list_expression
125/368: 125/368: list_expression (DONE:36ms)
125/368: Method: list_cmd
126/368: 126/368: list_cmd (DONE:129ms)
126/368: Method: →strncmp
127/368: 127/368: →strncmp (DONE:3ms)
127/368: Method: __do_global_dtors_aux
128/368: 128/368: __do_global_dtors_aux (DONE:34ms)
128/368: Method: frame_dummy
129/368: 129/368: frame_dummy (DONE:12ms)
129/368: Method: level_plus_count
130/368: 130/368: level_plus_count (DONE:36ms)
130/368: Method: level1_plus_count
131/368: 131/368: level1_plus_count (DONE:14ms)
131/368: Method: exp_is_numeric
132/368: 132/368: exp_is_numeric (DONE:24ms)
132/368: Method: set_sign_array
133/368: 133/368: set_sign_array (DONE:184ms)
133/368: Method: get_term
134/368: 134/368: get_term (DONE:62ms)
134/368: Method: __i686.get_pc_thunk.bx
135/368: 135/368: __i686.get_pc_thunk.bx (DONE:3ms)
135/368: Method: __do_global_ctors_aux
136/368: 136/368: __do_global_ctors_aux (DONE:51ms)
136/368: Method: →rl_initialize
137/368: 137/368: →rl_initialize (DONE:3ms)
137/368: Method: →write_history
138/368: 138/368: →write_history (DONE:3ms)
138/368: Method: →__gmon_start__
139/368: 139/368: →__gmon_start__ (DONE:3ms)
139/368: Method: →read_history
140/368: 140/368: →read_history (DONE:4ms)
140/368: Method: →system
141/368: 141/368: →system (DONE:4ms)
141/368: Method: →__libc_start_main
142/368: 142/368: →__libc_start_main (DONE:4ms)
142/368: Method: →tigetnum
143/368: 143/368: →tigetnum (DONE:4ms)
143/368: Method: →fdopen
144/368: 144/368: →fdopen (DONE:4ms)
144/368: Method: →fflush
145/368: 145/368: →fflush (DONE:4ms)
145/368: Method: reset_attr
146/368: 146/368: reset_attr (DONE:26ms)
146/368: Method: exit_program
147/368: 147/368: exit_program (DONE:88ms)
147/368: Method: shell_out
148/368: 148/368: shell_out (DONE:30ms)
148/368: Method: →mkstemp
149/368: 149/368: →mkstemp (DONE:4ms)
149/368: Method: →ioctl
150/368: 150/368: →ioctl (DONE:5ms)
150/368: Method: get_screen_size
151/368: 151/368: get_screen_size (DONE:49ms)
151/368: Method: →getopt
152/368: 152/368: →getopt (DONE:8ms)
152/368: Method: →cos
153/368: 153/368: →cos (DONE:6ms)
153/368: Method: →chdir
154/368: 154/368: →chdir (DONE:6ms)
154/368: Method: →lgamma
155/368: 155/368: →lgamma (DONE:7ms)
155/368: Method: calc
156/368: 156/368: calc (DONE:1261ms)
156/368: Method: →stifle_history
157/368: 157/368: →stifle_history (DONE:4ms)
157/368: Method: →readline
158/368: 158/368: →readline (DONE:4ms)
158/368: Method: →__isnan
159/368: 159/368: →__isnan (DONE:4ms)
159/368: Method: exp_contains_nan
160/368: 160/368: exp_contains_nan (DONE:46ms)
160/368: Method: →__ctype_tolower_loc
161/368: 161/368: →__ctype_tolower_loc (DONE:4ms)
161/368: Method: str_tolower
162/368: 162/368: str_tolower (DONE:40ms)
162/368: Method: →getcwd
163/368: 163/368: →getcwd (DONE:4ms)
163/368: Method: output_current_directory
164/368: 164/368: output_current_directory (DONE:47ms)
164/368: Method: →log
165/368: 165/368: →log (DONE:4ms)
165/368: Method: complex_log
166/368: 166/368: complex_log (DONE:38ms)
166/368: Method: →using_history
167/368: 167/368: →using_history (DONE:4ms)
167/368: Method: →strpbrk
168/368: 168/368: →strpbrk (DONE:5ms)
168/368: Method: set_error_level
169/368: 169/368: set_error_level (DONE:44ms)
169/368: Method: get_string
170/368: 170/368: get_string (DONE:228ms)
170/368: Method: prompt_var
171/368: 171/368: prompt_var (DONE:63ms)
171/368: Method: pause_cmd
172/368: 172/368: pause_cmd (DONE:91ms)
172/368: Method: →sin
173/368: 173/368: →sin (DONE:4ms)
173/368: Method: →__strdup
174/368: 174/368: →__strdup (DONE:4ms)
174/368: Method: →sincos
175/368: 175/368: →sincos (DONE:4ms)
175/368: Method: →ceil
176/368: 176/368: →ceil (DONE:4ms)
176/368: Method: sub_80620AE
177/368: 177/368: sub_80620AE (DONE:8426ms)
177/368: Method: usage
178/368: 178/368: usage (DONE:34ms)
178/368: Method: uf_neg_help
179/368: 179/368: uf_neg_help (DONE:211ms)
179/368: Method: make_powers
180/368: 180/368: make_powers (DONE:263ms)
180/368: Method: int_dispatch
181/368: 181/368: int_dispatch (DONE:121ms)
181/368: Method: div_imaginary
182/368: 182/368: div_imaginary (DONE:2545ms)
182/368: Method: rationalize
183/368: 183/368: rationalize (DONE:2243ms)
183/368: Method: patch_root_div
184/368: 184/368: patch_root_div (DONE:351ms)
184/368: Method: alloc_espace
185/368: 185/368: alloc_espace (DONE:54ms)
185/368: Method: alloc_next_espace
186/368: 186/368: alloc_next_espace (DONE:155ms)
186/368: Method: next_espace
187/368: 187/368: next_espace (DONE:16ms)
187/368: Method: set_signals
188/368: 188/368: set_signals (DONE:57ms)
188/368: Method: handle_negate
189/368: 189/368: handle_negate (DONE:47ms)
189/368: Method: give_priority
190/368: 190/368: give_priority (DONE:244ms)
190/368: Method: integer_root_simp
191/368: 191/368: integer_root_simp (DONE:1394ms)
191/368: Method: skip_no
192/368: 192/368: skip_no (DONE:67ms)
192/368: Method: get_default_en
193/368: 193/368: get_default_en (DONE:34ms)
193/368: Method: find_highest_count
194/368: 194/368: find_highest_count (DONE:472ms)
194/368: Method: rect_to_polar
195/368: 195/368: rect_to_polar (DONE:12ms)
195/368: Method: save_set_options
196/368: 196/368: save_set_options (DONE:43ms)
196/368: Method: set_options
197/368: 197/368: set_options (DONE:2168ms)
197/368: Method: list_c_equation
198/368: 198/368: list_c_equation (DONE:77ms)
198/368: Method: list_equation
199/368: 199/368: list_equation (DONE:160ms)
199/368: Method: is_integer_var
200/368: 200/368: is_integer_var (DONE:28ms)
200/368: Method: is_integer_expr
201/368: 201/368: is_integer_expr (DONE:123ms)
201/368: Method: get_yes_no
202/368: 202/368: get_yes_no (DONE:55ms)
202/368: Method: complex_exp
203/368: 203/368: complex_exp (DONE:29ms)
203/368: Method: complex_pow
204/368: 204/368: complex_pow (DONE:68ms)
204/368: Method: init_mem
205/368: 205/368: init_mem (DONE:61ms)
205/368: Method: load_rc
206/368: 206/368: load_rc (DONE:67ms)
206/368: Method: push_en
207/368: 207/368: push_en (DONE:21ms)
207/368: Method: fphandler
208/368: 208/368: fphandler (DONE:2ms)
208/368: Method: vcmp
209/368: 209/368: vcmp (DONE:8ms)
209/368: Method: simpb_vcmp
210/368: 210/368: simpb_vcmp (DONE:74ms)
210/368: Method: vcmp2
211/368: 211/368: vcmp2 (DONE:7ms)
211/368: Method: complex_add
212/368: 212/368: complex_add (DONE:8ms)
212/368: Method: complex_negate
213/368: 213/368: complex_negate (DONE:7ms)
213/368: Method: __libc_csu_fini
214/368: 214/368: __libc_csu_fini (DONE:2ms)
214/368: Method: →setbuf
215/368: 215/368: →setbuf (DONE:4ms)
215/368: Method: echo_cmd
216/368: 216/368: echo_cmd (DONE:11ms)
216/368: Method: inv_laplace_sub
217/368: 217/368: inv_laplace_sub (DONE:804ms)
217/368: Method: laplace_sub
218/368: 218/368: laplace_sub (DONE:1291ms)
218/368: Method: integrate_sub
219/368: 219/368: integrate_sub (DONE:2864ms)
219/368: Method: free_result_str
220/368: 220/368: free_result_str (DONE:11ms)
220/368: Method: variables_cmd
221/368: 221/368: variables_cmd (DONE:1089ms)
221/368: Method: clear_cmd
222/368: 222/368: clear_cmd (DONE:77ms)
222/368: Method: version_cmd
223/368: 223/368: version_cmd (DONE:25ms)
223/368: Method: _start
224/368: 224/368: _start (DONE:14ms)
224/368: Method: exithandler
225/368: 225/368: exithandler (DONE:19ms)
225/368: Method: alarmhandler
226/368: 226/368: alarmhandler (DONE:21ms)
226/368: Method: inthandler
227/368: 227/368: inthandler (DONE:30ms)
227/368: Method: quit_cmd
228/368: 228/368: quit_cmd (DONE:26ms)
228/368: Method: plot_cmd
229/368: 229/368: plot_cmd (DONE:313ms)
229/368: Method: resizehandler
230/368: 230/368: resizehandler (DONE:9ms)
230/368: Method: roots_cmd
231/368: 231/368: roots_cmd (DONE:2455ms)
231/368: Method: set_cmd
232/368: 232/368: set_cmd (DONE:25ms)
232/368: Method: save_cmd
233/368: 233/368: save_cmd (DONE:111ms)
233/368: Method: push_cmd
234/368: 234/368: push_cmd (DONE:65ms)
234/368: Method: return_result
235/368: 235/368: return_result (DONE:31ms)
235/368: Method: copy_cmd
236/368: 236/368: copy_cmd (DONE:137ms)
236/368: Method: se_compare
237/368: 237/368: se_compare (DONE:53ms)
237/368: Method: find_more
238/368: 238/368: find_more (DONE:580ms)
238/368: Method: compare_es
239/368: 239/368: compare_es (DONE:76ms)
239/368: Method: compare_rhs
240/368: 240/368: compare_rhs (DONE:42ms)
240/368: Method: organize
241/368: 241/368: organize (DONE:48ms)
241/368: Method: uf_power
242/368: 242/368: uf_power (DONE:22ms)
242/368: Method: uf_repeat
243/368: 243/368: uf_repeat (DONE:21ms)
243/368: Method: uf_allpower
244/368: 244/368: uf_allpower (DONE:19ms)
244/368: Method: uf_pplus
245/368: 245/368: uf_pplus (DONE:20ms)
245/368: Method: parse_section
246/368: 246/368: parse_section (DONE:5570ms)
246/368: Method: parse_expr
247/368: 247/368: parse_expr (DONE:237ms)
247/368: Method: get_expr
248/368: 248/368: get_expr (DONE:54ms)
248/368: Method: parse_equation
249/368: 249/368: parse_equation (DONE:49ms)
249/368: Method: uf_repeat_always
250/368: 250/368: uf_repeat_always (DONE:19ms)
250/368: Method: parse
251/368: 251/368: parse (DONE:38ms)
251/368: Method: factor_power
252/368: 252/368: factor_power (DONE:60ms)
252/368: Method: factor_plus
253/368: 253/368: factor_plus (DONE:141ms)
253/368: Method: flist_sub
254/368: 254/368: flist_sub (DONE:64ms)
254/368: Method: flist_equation
255/368: 255/368: flist_equation (DONE:825ms)
255/368: Method: list_sub
256/368: 256/368: list_sub (DONE:39ms)
256/368: Method: group_proc
257/368: 257/368: group_proc (DONE:19ms)
257/368: Method: uf_times
258/368: 258/368: uf_times (DONE:142ms)
258/368: Method: ufactor
259/368: 259/368: ufactor (DONE:21ms)
259/368: Method: fractions_and_group
260/368: 260/368: fractions_and_group (DONE:20ms)
260/368: Method: make_fractions_and_group
261/368: 261/368: make_fractions_and_group (DONE:40ms)
261/368: Method: display_cmd
262/368: 262/368: display_cmd (DONE:220ms)
262/368: Method: differentiate
263/368: 263/368: differentiate (DONE:81ms)
263/368: Method: super_factor
264/368: 264/368: super_factor (DONE:65ms)
264/368: Method: factor_divide
265/368: 265/368: factor_divide (DONE:14ms)
265/368: Method: poly_gcd_simp
266/368: 266/368: poly_gcd_simp (DONE:29ms)
266/368: Method: fplus_recurse
267/368: 267/368: fplus_recurse (DONE:36013ms)
267/368: Method: subtract_itself
268/368: 268/368: subtract_itself (DONE:13ms)
268/368: Method: simp_side
269/368: 269/368: simp_side (DONE:18ms)
269/368: Method: factor_times
270/368: 270/368: factor_times (DONE:63ms)
270/368: Method: simp_loop
271/368: 271/368: simp_loop (DONE:38ms)
271/368: Method: uf_tsimp
272/368: 272/368: uf_tsimp (DONE:28ms)
272/368: Method: uf_simp
273/368: 273/368: uf_simp (DONE:19ms)
273/368: Method: simp_equation
274/368: 274/368: simp_equation (DONE:37ms)
274/368: Method: poly_div
275/368: 275/368: poly_div (DONE:4921ms)
275/368: Method: opt_es
276/368: 276/368: opt_es (DONE:1993ms)
276/368: Method: uf_simp_no_repeat
277/368: 277/368: uf_simp_no_repeat (DONE:14ms)
277/368: Method: do_gcd
278/368: 278/368: do_gcd (DONE:75ms)
278/368: Method: poly2_gcd
279/368: 279/368: poly2_gcd (DONE:497ms)
279/368: Method: smart_div
280/368: 280/368: smart_div (DONE:8804ms)
280/368: Method: replace_cmd
281/368: 281/368: replace_cmd (DONE:1420ms)
281/368: Method: optimize_cmd
282/368: 282/368: optimize_cmd (DONE:788ms)
282/368: Method: factorv
283/368: 283/368: factorv (DONE:42ms)
283/368: Method: calc_simp
284/368: 284/368: calc_simp (DONE:46ms)
284/368: Method: approximate_cmd
285/368: 285/368: approximate_cmd (DONE:126ms)
285/368: Method: sum_product
286/368: 286/368: sum_product (DONE:3922ms)
286/368: Method: calculate_cmd
287/368: 287/368: calculate_cmd (DONE:4346ms)
287/368: Method: laplace_cmd
288/368: 288/368: laplace_cmd (DONE:385ms)
288/368: Method: tally_cmd
289/368: 289/368: tally_cmd (DONE:889ms)
289/368: Method: product_cmd
290/368: 290/368: product_cmd (DONE:9ms)
290/368: Method: sum_cmd
291/368: 291/368: sum_cmd (DONE:8ms)
291/368: Method: simp_divide
292/368: 292/368: simp_divide (DONE:30ms)
292/368: Method: complex_func
293/368: 293/368: complex_func (DONE:713ms)
293/368: Method: imaginary_cmd
294/368: 294/368: imaginary_cmd (DONE:8ms)
294/368: Method: real_cmd
295/368: 295/368: real_cmd (DONE:8ms)
295/368: Method: poly_factor
296/368: 296/368: poly_factor (DONE:15ms)
296/368: Method: factor_constants
297/368: 297/368: factor_constants (DONE:61ms)
297/368: Method: simp_ssub
298/368: 298/368: simp_ssub (DONE:100ms)
298/368: Method: simpv_side
299/368: 299/368: simpv_side (DONE:23ms)
299/368: Method: remove_factors
300/368: 300/368: remove_factors (DONE:512ms)
300/368: Method: poly_gcd
301/368: 301/368: poly_gcd (DONE:278ms)
301/368: Method: pf_sub
302/368: 302/368: pf_sub (DONE:4974ms)
302/368: Method: factor_cmd
303/368: 303/368: factor_cmd (DONE:2044ms)
303/368: Method: simps_side
304/368: 304/368: simps_side (DONE:40ms)
304/368: Method: quad_solve
305/368: 305/368: quad_solve (DONE:10372ms)
305/368: Method: simp2_divide
306/368: 306/368: simp2_divide (DONE:49ms)
306/368: Method: simpb_side
307/368: 307/368: simpb_side (DONE:466ms)
307/368: Method: simple_frac_side
308/368: 308/368: simple_frac_side (DONE:90ms)
308/368: Method: fraction_cmd
309/368: 309/368: fraction_cmd (DONE:61ms)
309/368: Method: simp_i
310/368: 310/368: simp_i (DONE:300ms)
310/368: Method: code_cmd
311/368: 311/368: code_cmd (DONE:445ms)
311/368: Method: pdiv_recurse
312/368: 312/368: pdiv_recurse (DONE:9316ms)
312/368: Method: div_remainder
313/368: 313/368: div_remainder (DONE:29ms)
313/368: Method: reorder
314/368: 314/368: reorder (DONE:33ms)
314/368: Method: elim_loop
315/368: 315/368: elim_loop (DONE:77ms)
315/368: Method: unfactor_cmd
316/368: 316/368: unfactor_cmd (DONE:379ms)
316/368: Method: nintegrate_cmd
317/368: 317/368: nintegrate_cmd (DONE:8919ms)
317/368: Method: simpa_side
318/368: 318/368: simpa_side (DONE:1968ms)
318/368: Method: simpa_repeat_side
319/368: 319/368: simpa_repeat_side (DONE:57ms)
319/368: Method: taylor_cmd
320/368: 320/368: taylor_cmd (DONE:4992ms)
320/368: Method: integrate_cmd
321/368: 321/368: integrate_cmd (DONE:3719ms)
321/368: Method: derivative_cmd
322/368: 322/368: derivative_cmd (DONE:910ms)
322/368: Method: simplify_cmd
323/368: 323/368: simplify_cmd (DONE:2103ms)
323/368: Method: combine_constants
324/368: 324/368: combine_constants (DONE:35ms)
324/368: Method: org_recurse
325/368: 325/368: org_recurse (DONE:867ms)
325/368: Method: group_recurse
326/368: 326/368: group_recurse (DONE:637ms)
326/368: Method: read_file
327/368: 327/368: read_file (DONE:111ms)
327/368: Method: read_cmd
328/368: 328/368: read_cmd (DONE:14ms)
328/368: Method: edit_sub
329/368: 329/368: edit_sub (DONE:93ms)
329/368: Method: edit_cmd
330/368: 330/368: edit_cmd (DONE:118ms)
330/368: Method: order_recurse
331/368: 331/368: order_recurse (DONE:2759ms)
331/368: Method: fc_recurse
332/368: 332/368: fc_recurse (DONE:6192ms)
332/368: Method: display_process
333/368: 333/368: display_process (DONE:88ms)
333/368: Method: read_sub
334/368: 334/368: read_sub (DONE:54ms)
334/368: Method: read_examples
335/368: 335/368: read_examples (DONE:29ms)
335/368: Method: help_cmd
336/368: 336/368: help_cmd (DONE:2383ms)
336/368: Method: main_io_loop
337/368: 337/368: main_io_loop (DONE:37ms)
337/368: Method: main
338/368: 338/368: main (DONE:5939ms)
338/368: Method: const_recurse
339/368: 339/368: const_recurse (DONE:4566ms)
339/368: Method: fpower_recurse
340/368: 340/368: fpower_recurse (DONE:8419ms)
340/368: Method: ftimes_recurse
341/368: 341/368: ftimes_recurse (DONE:7823ms)
341/368: Method: elim_sub
342/368: 342/368: elim_sub (DONE:271ms)
342/368: Method: eliminate_cmd
343/368: 343/368: eliminate_cmd (DONE:1219ms)
343/368: Method: mod_recurse
344/368: 344/368: mod_recurse (DONE:5990ms)
344/368: Method: mod_simp
345/368: 345/368: mod_simp (DONE:10ms)
345/368: Method: polydiv_recurse
346/368: 346/368: polydiv_recurse (DONE:2080ms)
346/368: Method: sf_recurse
347/368: 347/368: sf_recurse (DONE:9914ms)
347/368: Method: pf_recurse
348/368: 348/368: pf_recurse (DONE:229ms)
348/368: Method: process
349/368: 349/368: process (DONE:2186ms)
349/368: Method: initializer_0
350/368: 350/368: initializer_0 (DONE:21ms)
350/368: Method: __libc_csu_init
351/368: 351/368: __libc_csu_init (DONE:35ms)
351/368: Method: process_parse
352/368: 352/368: process_parse (DONE:1343ms)
352/368: Method: approximate_complex_roots
353/368: 353/368: approximate_complex_roots (DONE:39ms)
353/368: Method: finalizer_0
354/368: 354/368: finalizer_0 (DONE:13ms)
354/368: Method: extrema_cmd
355/368: 355/368: extrema_cmd (DONE:548ms)
355/368: Method: get_constant
356/368: 356/368: get_constant (DONE:556ms)
356/368: Method: parse_complex
357/368: 357/368: parse_complex (DONE:559ms)
357/368: Method: g_of_f
358/368: 358/368: g_of_f (DONE:7933ms)
358/368: Method: complex_root_simp
359/368: 359/368: complex_root_simp (DONE:720ms)
359/368: Method: divide_cmd
360/368: 360/368: divide_cmd (DONE:2094ms)
360/368: Method: solve_sub

=== Killed because of time limit
