Using options:
08048F24: warning: Unable to resolve imported reference !__gmon_start__.
08049300: error: The method or operation is not implemented.
08048EE4: warning: Unable to resolve imported reference !write_history.
080490C4: warning: Unable to resolve imported reference !getopt.
08049074: warning: Unable to resolve imported reference !ioctl.
08048EC4: warning: Unable to resolve imported reference !rl_initialize.
08049204: warning: Unable to resolve imported reference !using_history.
08049154: warning: Unable to resolve imported reference !stifle_history.
08048FD4: warning: Unable to resolve imported reference !tigetnum.
08048F54: warning: Unable to resolve imported reference !read_history.
08049084: warning: Unable to resolve imported reference !__ctype_b_loc.
08049084: warning: Unable to resolve imported reference !__ctype_b_loc.
08049084: warning: Unable to resolve imported reference !__ctype_b_loc.
08049084: warning: Unable to resolve imported reference !__ctype_b_loc.
08049124: warning: Unable to resolve imported reference !chdir.
080491E4: warning: Unable to resolve imported reference !getcwd.
080490B4: warning: Unable to resolve imported reference !_setjmp.
08049104: warning: Unable to resolve imported reference !__finite.
08048E94: warning: Unable to resolve imported reference !fmod.
08048FE4: warning: Unable to resolve imported reference !modf.
08048FE4: warning: Unable to resolve imported reference !modf.
08049104: warning: Unable to resolve imported reference !__finite.
08049104: warning: Unable to resolve imported reference !__finite.
08049164: warning: Unable to resolve imported reference !readline.
08049254: warning: Unable to resolve imported reference !add_history.
08049084: warning: Unable to resolve imported reference !__ctype_b_loc.
080491D4: warning: Unable to resolve imported reference !__ctype_tolower_loc.
08048EF4: warning: Unable to resolve imported reference !__longjmp_chk.
08049094: warning: Unable to resolve imported reference !isatty.
08049084: warning: Unable to resolve imported reference !__ctype_b_loc.
08048F64: warning: Unable to resolve imported reference !strtod.
08049084: warning: Unable to resolve imported reference !__ctype_b_loc.
08049084: warning: Unable to resolve imported reference !__ctype_b_loc.
08049084: warning: Unable to resolve imported reference !__ctype_b_loc.
08048EF4: warning: Unable to resolve imported reference !__longjmp_chk.
08048EF4: warning: Unable to resolve imported reference !__longjmp_chk.
08049084: warning: Unable to resolve imported reference !__ctype_b_loc.
080491F4: warning: Unable to resolve imported reference !log.
08049194: warning: Unable to resolve imported reference !atan2.
080492A4: warning: Unable to resolve imported reference !sincos.
08049004: warning: Unable to resolve imported reference !exp.
08048FA4: warning: Unable to resolve imported reference !pow.
08048EF4: warning: Unable to resolve imported reference !__longjmp_chk.
08048EF4: warning: Unable to resolve imported reference !__longjmp_chk.
08048E94: warning: Unable to resolve imported reference !fmod.
08048E94: warning: Unable to resolve imported reference !fmod.
08048F44: warning: Unable to resolve imported reference !__isinf.
08048F44: warning: Unable to resolve imported reference !__isinf.
08049104: warning: Unable to resolve imported reference !__finite.
08049104: warning: Unable to resolve imported reference !__finite.
08048E94: warning: Unable to resolve imported reference !fmod.
08048E94: warning: Unable to resolve imported reference !fmod.
08048E94: warning: Unable to resolve imported reference !fmod.
08048E94: warning: Unable to resolve imported reference !fmod.
08048E94: warning: Unable to resolve imported reference !fmod.
08049084: warning: Unable to resolve imported reference !__ctype_b_loc.
08049284: warning: Unable to resolve imported reference !__strdup.
08049094: warning: Unable to resolve imported reference !isatty.
08049044: warning: Unable to resolve imported reference !access.
08049084: warning: Unable to resolve imported reference !__ctype_b_loc.
08048F94: warning: Unable to resolve imported reference !system.
08048EF4: warning: Unable to resolve imported reference !__longjmp_chk.
08049104: warning: Unable to resolve imported reference !__finite.
080492B4: warning: Unable to resolve imported reference !ceil.
08048E94: warning: Unable to resolve imported reference !fmod.
08048E94: warning: Unable to resolve imported reference !fmod.
08048E94: warning: Unable to resolve imported reference !fmod.
08048E94: warning: Unable to resolve imported reference !fmod.
08048E94: warning: Unable to resolve imported reference !fmod.
08048E94: warning: Unable to resolve imported reference !fmod.
08048FE4: warning: Unable to resolve imported reference !modf.
08048E94: warning: Unable to resolve imported reference !fmod.
08048E94: warning: Unable to resolve imported reference !fmod.
08049104: warning: Unable to resolve imported reference !__finite.
08048E94: warning: Unable to resolve imported reference !fmod.
08048E94: warning: Unable to resolve imported reference !fmod.
080490B4: warning: Unable to resolve imported reference !_setjmp.
08048EF4: warning: Unable to resolve imported reference !__longjmp_chk.
08048E94: warning: Unable to resolve imported reference !fmod.
08049104: warning: Unable to resolve imported reference !__finite.
08049244: warning: Unable to resolve imported reference !__memmove_chk.
080490B4: warning: Unable to resolve imported reference !_setjmp.
08048ED4: warning: Unable to resolve imported reference !qsort.
08048EF4: warning: Unable to resolve imported reference !__longjmp_chk.
08049244: warning: Unable to resolve imported reference !__memmove_chk.
08049244: warning: Unable to resolve imported reference !__memmove_chk.
08049244: warning: Unable to resolve imported reference !__memmove_chk.
08048E94: warning: Unable to resolve imported reference !fmod.
08049244: warning: Unable to resolve imported reference !__memmove_chk.
08049244: warning: Unable to resolve imported reference !__memmove_chk.
08048E94: warning: Unable to resolve imported reference !fmod.
080490B4: warning: Unable to resolve imported reference !_setjmp.
08048EF4: warning: Unable to resolve imported reference !__longjmp_chk.
08049084: warning: Unable to resolve imported reference !__ctype_b_loc.
08049254: warning: Unable to resolve imported reference !add_history.
08048E94: warning: Unable to resolve imported reference !fmod.
08048F64: warning: Unable to resolve imported reference !strtod.
08049084: warning: Unable to resolve imported reference !__ctype_b_loc.
08048E94: warning: Unable to resolve imported reference !fmod.
08048F64: warning: Unable to resolve imported reference !strtod.
08049084: warning: Unable to resolve imported reference !__ctype_b_loc.
08048F64: warning: Unable to resolve imported reference !strtod.
08049194: warning: Unable to resolve imported reference !atan2.
08048FA4: warning: Unable to resolve imported reference !pow.
080490E4: warning: Unable to resolve imported reference !cos.
08049264: warning: Unable to resolve imported reference !sin.
08048F64: warning: Unable to resolve imported reference !strtod.
08048E94: warning: Unable to resolve imported reference !fmod.
08048ED4: warning: Unable to resolve imported reference !qsort.
08048E94: warning: Unable to resolve imported reference !fmod.
08048E94: warning: Unable to resolve imported reference !fmod.
08048E94: warning: Unable to resolve imported reference !fmod.
080490B4: warning: Unable to resolve imported reference !_setjmp.
08048EF4: warning: Unable to resolve imported reference !__longjmp_chk.
080490B4: warning: Unable to resolve imported reference !_setjmp.
08048EF4: warning: Unable to resolve imported reference !__longjmp_chk.
08049244: warning: Unable to resolve imported reference !__memmove_chk.
08049244: warning: Unable to resolve imported reference !__memmove_chk.
08049244: warning: Unable to resolve imported reference !__memmove_chk.
08048E94: warning: Unable to resolve imported reference !fmod.
08048FA4: warning: Unable to resolve imported reference !pow.
08049104: warning: Unable to resolve imported reference !__finite.
080491A4: warning: Unable to resolve imported reference !__isnan.
080490B4: warning: Unable to resolve imported reference !_setjmp.
08049064: warning: Unable to resolve imported reference !mkstemp.
08049044: warning: Unable to resolve imported reference !access.
08048F64: warning: Unable to resolve imported reference !strtod.
08048F64: warning: Unable to resolve imported reference !strtod.
08048F64: warning: Unable to resolve imported reference !strtod.
08048E94: warning: Unable to resolve imported reference !fmod.
08048FE4: warning: Unable to resolve imported reference !modf.
08049044: warning: Unable to resolve imported reference !access.
08049044: warning: Unable to resolve imported reference !access.
08048ED4: warning: Unable to resolve imported reference !qsort.
08049084: warning: Unable to resolve imported reference !__ctype_b_loc.
08048F64: warning: Unable to resolve imported reference !strtod.
08049084: warning: Unable to resolve imported reference !__ctype_b_loc.
main: error: An error occurred during data flow analysis.
    Case PE not handled.
      at Reko.Analysis.ConditionCodeEliminator.ComparisonFromConditionCode (ConditionCode cc, Reko.Core.Expressions.BinaryExpression bin, Boolean isNegated) <0x40383570 + 0x002e7> in <filename unknown>:0 
  at Reko.Analysis.ConditionCodeEliminator.UseGrfConditionally (Reko.Analysis.SsaIdentifier sid, ConditionCode cc) <0x40382f60 + 0x001eb> in <filename unknown>:0 
  at Reko.Analysis.ConditionCodeEliminator.VisitTestCondition (Reko.Core.Expressions.TestCondition tc) <0x40382e60 + 0x00097> in <filename unknown>:0 
  at Reko.Core.Expressions.TestCondition.Accept[T] (ExpressionVisitor`1 visitor) <0x4032d100 + 0x00030> in <filename unknown>:0 
  at Reko.Core.Code.InstructionTransformer.TransformBranch (Reko.Core.Code.Branch b) <0x4037e130 + 0x0002f> in <filename unknown>:0 
  at Reko.Core.Code.Branch.Accept (Reko.Core.Code.InstructionTransformer xform) <0x4037e100 + 0x00020> in <filename unknown>:0 
  at Reko.Analysis.ConditionCodeEliminator.Transform () <0x40382360 + 0x00205> in <filename unknown>:0 
  at Reko.Analysis.DataFlowAnalysis.BuildExpressionTrees () <0x4036e880 + 0x004a3> in <filename unknown>:0 
check_divide_by_zero: error: An error occurred during data flow analysis.
    Case PE not handled.
      at Reko.Analysis.ConditionCodeEliminator.ComparisonFromConditionCode (ConditionCode cc, Reko.Core.Expressions.BinaryExpression bin, Boolean isNegated) <0x40383570 + 0x002e7> in <filename unknown>:0 
  at Reko.Analysis.ConditionCodeEliminator.UseGrfConditionally (Reko.Analysis.SsaIdentifier sid, ConditionCode cc) <0x40382f60 + 0x001eb> in <filename unknown>:0 
  at Reko.Analysis.ConditionCodeEliminator.VisitTestCondition (Reko.Core.Expressions.TestCondition tc) <0x40382e60 + 0x00097> in <filename unknown>:0 
  at Reko.Core.Expressions.TestCondition.Accept[T] (ExpressionVisitor`1 visitor) <0x4032d100 + 0x00030> in <filename unknown>:0 
  at Reko.Core.Code.InstructionTransformer.TransformBranch (Reko.Core.Code.Branch b) <0x4037e130 + 0x0002f> in <filename unknown>:0 
  at Reko.Core.Code.Branch.Accept (Reko.Core.Code.InstructionTransformer xform) <0x4037e100 + 0x00020> in <filename unknown>:0 
  at Reko.Analysis.ConditionCodeEliminator.Transform () <0x40382360 + 0x00205> in <filename unknown>:0 
  at Reko.Analysis.DataFlowAnalysis.BuildExpressionTrees () <0x4036e880 + 0x004a3> in <filename unknown>:0 
g_of_f: error: An error occurred during data flow analysis.
    Case PE not handled.
      at Reko.Analysis.ConditionCodeEliminator.ComparisonFromConditionCode (ConditionCode cc, Reko.Core.Expressions.BinaryExpression bin, Boolean isNegated) <0x40383570 + 0x002e7> in <filename unknown>:0 
  at Reko.Analysis.ConditionCodeEliminator.UseGrfConditionally (Reko.Analysis.SsaIdentifier sid, ConditionCode cc) <0x40382f60 + 0x001eb> in <filename unknown>:0 
  at Reko.Analysis.ConditionCodeEliminator.VisitTestCondition (Reko.Core.Expressions.TestCondition tc) <0x40382e60 + 0x00097> in <filename unknown>:0 
  at Reko.Core.Expressions.TestCondition.Accept[T] (ExpressionVisitor`1 visitor) <0x4032d100 + 0x00030> in <filename unknown>:0 
  at Reko.Core.Code.InstructionTransformer.TransformBranch (Reko.Core.Code.Branch b) <0x4037e130 + 0x0002f> in <filename unknown>:0 
  at Reko.Core.Code.Branch.Accept (Reko.Core.Code.InstructionTransformer xform) <0x4037e100 + 0x00020> in <filename unknown>:0 
  at Reko.Analysis.ConditionCodeEliminator.Transform () <0x40382360 + 0x00205> in <filename unknown>:0 
  at Reko.Analysis.DataFlowAnalysis.BuildExpressionTrees () <0x4036e880 + 0x004a3> in <filename unknown>:0 
quad_solve: error: An error occurred during data flow analysis.
    Case PE not handled.
      at Reko.Analysis.ConditionCodeEliminator.ComparisonFromConditionCode (ConditionCode cc, Reko.Core.Expressions.BinaryExpression bin, Boolean isNegated) <0x40383570 + 0x002e7> in <filename unknown>:0 
  at Reko.Analysis.ConditionCodeEliminator.UseGrfConditionally (Reko.Analysis.SsaIdentifier sid, ConditionCode cc) <0x40382f60 + 0x001eb> in <filename unknown>:0 
  at Reko.Analysis.ConditionCodeEliminator.VisitTestCondition (Reko.Core.Expressions.TestCondition tc) <0x40382e60 + 0x00097> in <filename unknown>:0 
  at Reko.Core.Expressions.TestCondition.Accept[T] (ExpressionVisitor`1 visitor) <0x4032d100 + 0x00030> in <filename unknown>:0 
  at Reko.Core.Code.InstructionTransformer.TransformBranch (Reko.Core.Code.Branch b) <0x4037e130 + 0x0002f> in <filename unknown>:0 
  at Reko.Core.Code.Branch.Accept (Reko.Core.Code.InstructionTransformer xform) <0x4037e100 + 0x00020> in <filename unknown>:0 
  at Reko.Analysis.ConditionCodeEliminator.Transform () <0x40382360 + 0x00205> in <filename unknown>:0 
  at Reko.Analysis.DataFlowAnalysis.BuildExpressionTrees () <0x4036e880 + 0x004a3> in <filename unknown>:0 
solve_sub: error: An error occurred during data flow analysis.
    Case PE not handled.
      at Reko.Analysis.ConditionCodeEliminator.ComparisonFromConditionCode (ConditionCode cc, Reko.Core.Expressions.BinaryExpression bin, Boolean isNegated) <0x40383570 + 0x002e7> in <filename unknown>:0 
  at Reko.Analysis.ConditionCodeEliminator.UseGrfConditionally (Reko.Analysis.SsaIdentifier sid, ConditionCode cc) <0x40382f60 + 0x001eb> in <filename unknown>:0 
  at Reko.Analysis.ConditionCodeEliminator.VisitTestCondition (Reko.Core.Expressions.TestCondition tc) <0x40382e60 + 0x00097> in <filename unknown>:0 
  at Reko.Core.Expressions.TestCondition.Accept[T] (ExpressionVisitor`1 visitor) <0x4032d100 + 0x00030> in <filename unknown>:0 
  at Reko.Core.Code.InstructionTransformer.TransformBranch (Reko.Core.Code.Branch b) <0x4037e130 + 0x0002f> in <filename unknown>:0 
  at Reko.Core.Code.Branch.Accept (Reko.Core.Code.InstructionTransformer xform) <0x4037e100 + 0x00020> in <filename unknown>:0 
  at Reko.Analysis.ConditionCodeEliminator.Transform () <0x40382360 + 0x00205> in <filename unknown>:0 
  at Reko.Analysis.DataFlowAnalysis.BuildExpressionTrees () <0x4036e880 + 0x004a3> in <filename unknown>:0 
process_parse: error: An error occurred during data flow analysis.
    Case PE not handled.
      at Reko.Analysis.ConditionCodeEliminator.ComparisonFromConditionCode (ConditionCode cc, Reko.Core.Expressions.BinaryExpression bin, Boolean isNegated) <0x40383570 + 0x002e7> in <filename unknown>:0 
  at Reko.Analysis.ConditionCodeEliminator.UseGrfConditionally (Reko.Analysis.SsaIdentifier sid, ConditionCode cc) <0x40382f60 + 0x001eb> in <filename unknown>:0 
  at Reko.Analysis.ConditionCodeEliminator.VisitTestCondition (Reko.Core.Expressions.TestCondition tc) <0x40382e60 + 0x00097> in <filename unknown>:0 
  at Reko.Core.Expressions.TestCondition.Accept[T] (ExpressionVisitor`1 visitor) <0x4032d100 + 0x00030> in <filename unknown>:0 
  at Reko.Core.Code.InstructionTransformer.TransformBranch (Reko.Core.Code.Branch b) <0x4037e130 + 0x0002f> in <filename unknown>:0 
  at Reko.Core.Code.Branch.Accept (Reko.Core.Code.InstructionTransformer xform) <0x4037e100 + 0x00020> in <filename unknown>:0 
  at Reko.Analysis.ConditionCodeEliminator.Transform () <0x40382360 + 0x00205> in <filename unknown>:0 
  at Reko.Analysis.DataFlowAnalysis.BuildExpressionTrees () <0x4036e880 + 0x004a3> in <filename unknown>:0 
display_fraction: error: An error occurred during data flow analysis.
    Case PE not handled.
      at Reko.Analysis.ConditionCodeEliminator.ComparisonFromConditionCode (ConditionCode cc, Reko.Core.Expressions.BinaryExpression bin, Boolean isNegated) <0x40383570 + 0x002e7> in <filename unknown>:0 
  at Reko.Analysis.ConditionCodeEliminator.UseGrfConditionally (Reko.Analysis.SsaIdentifier sid, ConditionCode cc) <0x40382f60 + 0x001eb> in <filename unknown>:0 
  at Reko.Analysis.ConditionCodeEliminator.VisitTestCondition (Reko.Core.Expressions.TestCondition tc) <0x40382e60 + 0x00097> in <filename unknown>:0 
  at Reko.Core.Expressions.TestCondition.Accept[T] (ExpressionVisitor`1 visitor) <0x4032d100 + 0x00030> in <filename unknown>:0 
  at Reko.Core.Code.InstructionTransformer.TransformBranch (Reko.Core.Code.Branch b) <0x4037e130 + 0x0002f> in <filename unknown>:0 
  at Reko.Core.Code.Branch.Accept (Reko.Core.Code.InstructionTransformer xform) <0x4037e100 + 0x00020> in <filename unknown>:0 
  at Reko.Analysis.ConditionCodeEliminator.Transform () <0x40382360 + 0x00205> in <filename unknown>:0 
  at Reko.Analysis.DataFlowAnalysis.BuildExpressionTrees () <0x4036e880 + 0x004a3> in <filename unknown>:0 
divide_cmd: error: An error occurred during data flow analysis.
    Case PE not handled.
      at Reko.Analysis.ConditionCodeEliminator.ComparisonFromConditionCode (ConditionCode cc, Reko.Core.Expressions.BinaryExpression bin, Boolean isNegated) <0x40383570 + 0x002e7> in <filename unknown>:0 
  at Reko.Analysis.ConditionCodeEliminator.UseGrfConditionally (Reko.Analysis.SsaIdentifier sid, ConditionCode cc) <0x40382f60 + 0x001eb> in <filename unknown>:0 
  at Reko.Analysis.ConditionCodeEliminator.VisitTestCondition (Reko.Core.Expressions.TestCondition tc) <0x40382e60 + 0x00097> in <filename unknown>:0 
  at Reko.Core.Expressions.TestCondition.Accept[T] (ExpressionVisitor`1 visitor) <0x4032d100 + 0x00030> in <filename unknown>:0 
  at Reko.Core.Code.InstructionTransformer.TransformBranch (Reko.Core.Code.Branch b) <0x4037e130 + 0x0002f> in <filename unknown>:0 
  at Reko.Core.Code.Branch.Accept (Reko.Core.Code.InstructionTransformer xform) <0x4037e100 + 0x00020> in <filename unknown>:0 
  at Reko.Analysis.ConditionCodeEliminator.Transform () <0x40382360 + 0x00205> in <filename unknown>:0 
  at Reko.Analysis.DataFlowAnalysis.BuildExpressionTrees () <0x4036e880 + 0x004a3> in <filename unknown>:0 
sum_product: error: An error occurred during data flow analysis.
    Case PE not handled.
      at Reko.Analysis.ConditionCodeEliminator.ComparisonFromConditionCode (ConditionCode cc, Reko.Core.Expressions.BinaryExpression bin, Boolean isNegated) <0x40383570 + 0x002e7> in <filename unknown>:0 
  at Reko.Analysis.ConditionCodeEliminator.UseGrfConditionally (Reko.Analysis.SsaIdentifier sid, ConditionCode cc) <0x40382f60 + 0x001eb> in <filename unknown>:0 
  at Reko.Analysis.ConditionCodeEliminator.VisitTestCondition (Reko.Core.Expressions.TestCondition tc) <0x40382e60 + 0x00097> in <filename unknown>:0 
  at Reko.Core.Expressions.TestCondition.Accept[T] (ExpressionVisitor`1 visitor) <0x4032d100 + 0x00030> in <filename unknown>:0 
  at Reko.Core.Code.InstructionTransformer.TransformBranch (Reko.Core.Code.Branch b) <0x4037e130 + 0x0002f> in <filename unknown>:0 
  at Reko.Core.Code.Branch.Accept (Reko.Core.Code.InstructionTransformer xform) <0x4037e100 + 0x00020> in <filename unknown>:0 
  at Reko.Analysis.ConditionCodeEliminator.Transform () <0x40382360 + 0x00205> in <filename unknown>:0 
  at Reko.Analysis.DataFlowAnalysis.BuildExpressionTrees () <0x4036e880 + 0x004a3> in <filename unknown>:0 
simp_constant_power: error: An error occurred during data flow analysis.
    Case PE not handled.
      at Reko.Analysis.ConditionCodeEliminator.ComparisonFromConditionCode (ConditionCode cc, Reko.Core.Expressions.BinaryExpression bin, Boolean isNegated) <0x40383570 + 0x002e7> in <filename unknown>:0 
  at Reko.Analysis.ConditionCodeEliminator.UseGrfConditionally (Reko.Analysis.SsaIdentifier sid, ConditionCode cc) <0x40382f60 + 0x001eb> in <filename unknown>:0 
  at Reko.Analysis.ConditionCodeEliminator.VisitTestCondition (Reko.Core.Expressions.TestCondition tc) <0x40382e60 + 0x00097> in <filename unknown>:0 
  at Reko.Core.Expressions.TestCondition.Accept[T] (ExpressionVisitor`1 visitor) <0x4032d100 + 0x00030> in <filename unknown>:0 
  at Reko.Core.Code.InstructionTransformer.TransformBranch (Reko.Core.Code.Branch b) <0x4037e130 + 0x0002f> in <filename unknown>:0 
  at Reko.Core.Code.Branch.Accept (Reko.Core.Code.InstructionTransformer xform) <0x4037e100 + 0x00020> in <filename unknown>:0 
  at Reko.Analysis.ConditionCodeEliminator.Transform () <0x40382360 + 0x00205> in <filename unknown>:0 
  at Reko.Analysis.DataFlowAnalysis.BuildExpressionTrees () <0x4036e880 + 0x004a3> in <filename unknown>:0 
rationalize: error: An error occurred during data flow analysis.
    Case PE not handled.
      at Reko.Analysis.ConditionCodeEliminator.ComparisonFromConditionCode (ConditionCode cc, Reko.Core.Expressions.BinaryExpression bin, Boolean isNegated) <0x40383570 + 0x002e7> in <filename unknown>:0 
  at Reko.Analysis.ConditionCodeEliminator.UseGrfConditionally (Reko.Analysis.SsaIdentifier sid, ConditionCode cc) <0x40382f60 + 0x001eb> in <filename unknown>:0 
  at Reko.Analysis.ConditionCodeEliminator.VisitTestCondition (Reko.Core.Expressions.TestCondition tc) <0x40382e60 + 0x00097> in <filename unknown>:0 
  at Reko.Core.Expressions.TestCondition.Accept[T] (ExpressionVisitor`1 visitor) <0x4032d100 + 0x00030> in <filename unknown>:0 
  at Reko.Core.Code.InstructionTransformer.TransformBranch (Reko.Core.Code.Branch b) <0x4037e130 + 0x0002f> in <filename unknown>:0 
  at Reko.Core.Code.Branch.Accept (Reko.Core.Code.InstructionTransformer xform) <0x4037e100 + 0x00020> in <filename unknown>:0 
  at Reko.Analysis.ConditionCodeEliminator.Transform () <0x40382360 + 0x00205> in <filename unknown>:0 
  at Reko.Analysis.DataFlowAnalysis.BuildExpressionTrees () <0x4036e880 + 0x004a3> in <filename unknown>:0 
elim_sign: error: An error occurred during data flow analysis.
    Case PE not handled.
      at Reko.Analysis.ConditionCodeEliminator.ComparisonFromConditionCode (ConditionCode cc, Reko.Core.Expressions.BinaryExpression bin, Boolean isNegated) <0x40383570 + 0x002e7> in <filename unknown>:0 
  at Reko.Analysis.ConditionCodeEliminator.UseGrfConditionally (Reko.Analysis.SsaIdentifier sid, ConditionCode cc) <0x40382f60 + 0x001eb> in <filename unknown>:0 
  at Reko.Analysis.ConditionCodeEliminator.VisitTestCondition (Reko.Core.Expressions.TestCondition tc) <0x40382e60 + 0x00097> in <filename unknown>:0 
  at Reko.Core.Expressions.TestCondition.Accept[T] (ExpressionVisitor`1 visitor) <0x4032d100 + 0x00030> in <filename unknown>:0 
  at Reko.Core.Code.InstructionTransformer.TransformBranch (Reko.Core.Code.Branch b) <0x4037e130 + 0x0002f> in <filename unknown>:0 
  at Reko.Core.Code.Branch.Accept (Reko.Core.Code.InstructionTransformer xform) <0x4037e100 + 0x00020> in <filename unknown>:0 
  at Reko.Analysis.ConditionCodeEliminator.Transform () <0x40382360 + 0x00205> in <filename unknown>:0 
  at Reko.Analysis.DataFlowAnalysis.BuildExpressionTrees () <0x4036e880 + 0x004a3> in <filename unknown>:0 
simp_pp: error: An error occurred during data flow analysis.
    Case PE not handled.
      at Reko.Analysis.ConditionCodeEliminator.ComparisonFromConditionCode (ConditionCode cc, Reko.Core.Expressions.BinaryExpression bin, Boolean isNegated) <0x40383570 + 0x002e7> in <filename unknown>:0 
  at Reko.Analysis.ConditionCodeEliminator.UseGrfConditionally (Reko.Analysis.SsaIdentifier sid, ConditionCode cc) <0x40382f60 + 0x001eb> in <filename unknown>:0 
  at Reko.Analysis.ConditionCodeEliminator.VisitTestCondition (Reko.Core.Expressions.TestCondition tc) <0x40382e60 + 0x00097> in <filename unknown>:0 
  at Reko.Core.Expressions.TestCondition.Accept[T] (ExpressionVisitor`1 visitor) <0x4032d100 + 0x00030> in <filename unknown>:0 
  at Reko.Core.Code.InstructionTransformer.TransformBranch (Reko.Core.Code.Branch b) <0x4037e130 + 0x0002f> in <filename unknown>:0 
  at Reko.Core.Code.Branch.Accept (Reko.Core.Code.InstructionTransformer xform) <0x4037e100 + 0x00020> in <filename unknown>:0 
  at Reko.Analysis.ConditionCodeEliminator.Transform () <0x40382360 + 0x00205> in <filename unknown>:0 
  at Reko.Analysis.DataFlowAnalysis.BuildExpressionTrees () <0x4036e880 + 0x004a3> in <filename unknown>:0 
compare_recurse: error: An error occurred during data flow analysis.
    Case PE not handled.
      at Reko.Analysis.ConditionCodeEliminator.ComparisonFromConditionCode (ConditionCode cc, Reko.Core.Expressions.BinaryExpression bin, Boolean isNegated) <0x40383570 + 0x002e7> in <filename unknown>:0 
  at Reko.Analysis.ConditionCodeEliminator.UseGrfConditionally (Reko.Analysis.SsaIdentifier sid, ConditionCode cc) <0x40382f60 + 0x001eb> in <filename unknown>:0 
  at Reko.Analysis.ConditionCodeEliminator.VisitTestCondition (Reko.Core.Expressions.TestCondition tc) <0x40382e60 + 0x00097> in <filename unknown>:0 
  at Reko.Core.Expressions.TestCondition.Accept[T] (ExpressionVisitor`1 visitor) <0x4032d100 + 0x00030> in <filename unknown>:0 
  at Reko.Core.Code.InstructionTransformer.TransformBranch (Reko.Core.Code.Branch b) <0x4037e130 + 0x0002f> in <filename unknown>:0 
  at Reko.Core.Code.Branch.Accept (Reko.Core.Code.InstructionTransformer xform) <0x4037e100 + 0x00020> in <filename unknown>:0 
  at Reko.Analysis.ConditionCodeEliminator.Transform () <0x40382360 + 0x00205> in <filename unknown>:0 
  at Reko.Analysis.DataFlowAnalysis.BuildExpressionTrees () <0x4036e880 + 0x004a3> in <filename unknown>:0 
elim_k: error: An error occurred during data flow analysis.
    Case PE not handled.
      at Reko.Analysis.ConditionCodeEliminator.ComparisonFromConditionCode (ConditionCode cc, Reko.Core.Expressions.BinaryExpression bin, Boolean isNegated) <0x40383570 + 0x002e7> in <filename unknown>:0 
  at Reko.Analysis.ConditionCodeEliminator.UseGrfConditionally (Reko.Analysis.SsaIdentifier sid, ConditionCode cc) <0x40382f60 + 0x001eb> in <filename unknown>:0 
  at Reko.Analysis.ConditionCodeEliminator.VisitTestCondition (Reko.Core.Expressions.TestCondition tc) <0x40382e60 + 0x00097> in <filename unknown>:0 
  at Reko.Core.Expressions.TestCondition.Accept[T] (ExpressionVisitor`1 visitor) <0x4032d100 + 0x00030> in <filename unknown>:0 
  at Reko.Core.Code.InstructionTransformer.TransformBranch (Reko.Core.Code.Branch b) <0x4037e130 + 0x0002f> in <filename unknown>:0 
  at Reko.Core.Code.Branch.Accept (Reko.Core.Code.InstructionTransformer xform) <0x4037e100 + 0x00020> in <filename unknown>:0 
  at Reko.Analysis.ConditionCodeEliminator.Transform () <0x40382360 + 0x00205> in <filename unknown>:0 
  at Reko.Analysis.DataFlowAnalysis.BuildExpressionTrees () <0x4036e880 + 0x004a3> in <filename unknown>:0 
const_recurse: error: An error occurred during data flow analysis.
    Case PE not handled.
      at Reko.Analysis.ConditionCodeEliminator.ComparisonFromConditionCode (ConditionCode cc, Reko.Core.Expressions.BinaryExpression bin, Boolean isNegated) <0x40383570 + 0x002e7> in <filename unknown>:0 
  at Reko.Analysis.ConditionCodeEliminator.UseGrfConditionally (Reko.Analysis.SsaIdentifier sid, ConditionCode cc) <0x40382f60 + 0x001eb> in <filename unknown>:0 
  at Reko.Analysis.ConditionCodeEliminator.VisitTestCondition (Reko.Core.Expressions.TestCondition tc) <0x40382e60 + 0x00097> in <filename unknown>:0 
  at Reko.Core.Expressions.TestCondition.Accept[T] (ExpressionVisitor`1 visitor) <0x4032d100 + 0x00030> in <filename unknown>:0 
  at Reko.Core.Code.InstructionTransformer.TransformBranch (Reko.Core.Code.Branch b) <0x4037e130 + 0x0002f> in <filename unknown>:0 
  at Reko.Core.Code.Branch.Accept (Reko.Core.Code.InstructionTransformer xform) <0x4037e100 + 0x00020> in <filename unknown>:0 
  at Reko.Analysis.ConditionCodeEliminator.Transform () <0x40382360 + 0x00205> in <filename unknown>:0 
  at Reko.Analysis.DataFlowAnalysis.BuildExpressionTrees () <0x4036e880 + 0x004a3> in <filename unknown>:0 
integer_root_simp: error: An error occurred during data flow analysis.
    Case PE not handled.
      at Reko.Analysis.ConditionCodeEliminator.ComparisonFromConditionCode (ConditionCode cc, Reko.Core.Expressions.BinaryExpression bin, Boolean isNegated) <0x40383570 + 0x002e7> in <filename unknown>:0 
  at Reko.Analysis.ConditionCodeEliminator.UseGrfConditionally (Reko.Analysis.SsaIdentifier sid, ConditionCode cc) <0x40382f60 + 0x001eb> in <filename unknown>:0 
  at Reko.Analysis.ConditionCodeEliminator.VisitTestCondition (Reko.Core.Expressions.TestCondition tc) <0x40382e60 + 0x00097> in <filename unknown>:0 
  at Reko.Core.Expressions.TestCondition.Accept[T] (ExpressionVisitor`1 visitor) <0x4032d100 + 0x00030> in <filename unknown>:0 
  at Reko.Core.Code.InstructionTransformer.TransformBranch (Reko.Core.Code.Branch b) <0x4037e130 + 0x0002f> in <filename unknown>:0 
  at Reko.Core.Code.Branch.Accept (Reko.Core.Code.InstructionTransformer xform) <0x4037e100 + 0x00020> in <filename unknown>:0 
  at Reko.Analysis.ConditionCodeEliminator.Transform () <0x40382360 + 0x00205> in <filename unknown>:0 
  at Reko.Analysis.DataFlowAnalysis.BuildExpressionTrees () <0x4036e880 + 0x004a3> in <filename unknown>:0 
ftimes_recurse: error: An error occurred during data flow analysis.
    Case PE not handled.
      at Reko.Analysis.ConditionCodeEliminator.ComparisonFromConditionCode (ConditionCode cc, Reko.Core.Expressions.BinaryExpression bin, Boolean isNegated) <0x40383570 + 0x002e7> in <filename unknown>:0 
  at Reko.Analysis.ConditionCodeEliminator.UseGrfConditionally (Reko.Analysis.SsaIdentifier sid, ConditionCode cc) <0x40382f60 + 0x001eb> in <filename unknown>:0 
  at Reko.Analysis.ConditionCodeEliminator.VisitTestCondition (Reko.Core.Expressions.TestCondition tc) <0x40382e60 + 0x00097> in <filename unknown>:0 
  at Reko.Core.Expressions.TestCondition.Accept[T] (ExpressionVisitor`1 visitor) <0x4032d100 + 0x00030> in <filename unknown>:0 
  at Reko.Core.Code.InstructionTransformer.TransformBranch (Reko.Core.Code.Branch b) <0x4037e130 + 0x0002f> in <filename unknown>:0 
  at Reko.Core.Code.Branch.Accept (Reko.Core.Code.InstructionTransformer xform) <0x4037e100 + 0x00020> in <filename unknown>:0 
  at Reko.Analysis.ConditionCodeEliminator.Transform () <0x40382360 + 0x00205> in <filename unknown>:0 
  at Reko.Analysis.DataFlowAnalysis.BuildExpressionTrees () <0x4036e880 + 0x004a3> in <filename unknown>:0 
fplus_recurse: error: An error occurred during data flow analysis.
    Case PE not handled.
      at Reko.Analysis.ConditionCodeEliminator.ComparisonFromConditionCode (ConditionCode cc, Reko.Core.Expressions.BinaryExpression bin, Boolean isNegated) <0x40383570 + 0x002e7> in <filename unknown>:0 
  at Reko.Analysis.ConditionCodeEliminator.UseGrfConditionally (Reko.Analysis.SsaIdentifier sid, ConditionCode cc) <0x40382f60 + 0x001eb> in <filename unknown>:0 
  at Reko.Analysis.ConditionCodeEliminator.VisitTestCondition (Reko.Core.Expressions.TestCondition tc) <0x40382e60 + 0x00097> in <filename unknown>:0 
  at Reko.Core.Expressions.TestCondition.Accept[T] (ExpressionVisitor`1 visitor) <0x4032d100 + 0x00030> in <filename unknown>:0 
  at Reko.Core.Code.InstructionTransformer.TransformBranch (Reko.Core.Code.Branch b) <0x4037e130 + 0x0002f> in <filename unknown>:0 
  at Reko.Core.Code.Branch.Accept (Reko.Core.Code.InstructionTransformer xform) <0x4037e100 + 0x00020> in <filename unknown>:0 
  at Reko.Analysis.ConditionCodeEliminator.Transform () <0x40382360 + 0x00205> in <filename unknown>:0 
  at Reko.Analysis.DataFlowAnalysis.BuildExpressionTrees () <0x4036e880 + 0x004a3> in <filename unknown>:0 
patch_root_div: error: An error occurred during data flow analysis.
    Case PE not handled.
      at Reko.Analysis.ConditionCodeEliminator.ComparisonFromConditionCode (ConditionCode cc, Reko.Core.Expressions.BinaryExpression bin, Boolean isNegated) <0x40383570 + 0x002e7> in <filename unknown>:0 
  at Reko.Analysis.ConditionCodeEliminator.UseGrfConditionally (Reko.Analysis.SsaIdentifier sid, ConditionCode cc) <0x40382f60 + 0x001eb> in <filename unknown>:0 
  at Reko.Analysis.ConditionCodeEliminator.VisitTestCondition (Reko.Core.Expressions.TestCondition tc) <0x40382e60 + 0x00097> in <filename unknown>:0 
  at Reko.Core.Expressions.TestCondition.Accept[T] (ExpressionVisitor`1 visitor) <0x4032d100 + 0x00030> in <filename unknown>:0 
  at Reko.Core.Code.InstructionTransformer.TransformBranch (Reko.Core.Code.Branch b) <0x4037e130 + 0x0002f> in <filename unknown>:0 
  at Reko.Core.Code.Branch.Accept (Reko.Core.Code.InstructionTransformer xform) <0x4037e100 + 0x00020> in <filename unknown>:0 
  at Reko.Analysis.ConditionCodeEliminator.Transform () <0x40382360 + 0x00205> in <filename unknown>:0 
  at Reko.Analysis.DataFlowAnalysis.BuildExpressionTrees () <0x4036e880 + 0x004a3> in <filename unknown>:0 
sub_ufactor: error: An error occurred during data flow analysis.
    Case PE not handled.
      at Reko.Analysis.ConditionCodeEliminator.ComparisonFromConditionCode (ConditionCode cc, Reko.Core.Expressions.BinaryExpression bin, Boolean isNegated) <0x40383570 + 0x002e7> in <filename unknown>:0 
  at Reko.Analysis.ConditionCodeEliminator.UseGrfConditionally (Reko.Analysis.SsaIdentifier sid, ConditionCode cc) <0x40382f60 + 0x001eb> in <filename unknown>:0 
  at Reko.Analysis.ConditionCodeEliminator.VisitTestCondition (Reko.Core.Expressions.TestCondition tc) <0x40382e60 + 0x00097> in <filename unknown>:0 
  at Reko.Core.Expressions.TestCondition.Accept[T] (ExpressionVisitor`1 visitor) <0x4032d100 + 0x00030> in <filename unknown>:0 
  at Reko.Core.Code.InstructionTransformer.TransformBranch (Reko.Core.Code.Branch b) <0x4037e130 + 0x0002f> in <filename unknown>:0 
  at Reko.Core.Code.Branch.Accept (Reko.Core.Code.InstructionTransformer xform) <0x4037e100 + 0x00020> in <filename unknown>:0 
  at Reko.Analysis.ConditionCodeEliminator.Transform () <0x40382360 + 0x00205> in <filename unknown>:0 
  at Reko.Analysis.DataFlowAnalysis.BuildExpressionTrees () <0x4036e880 + 0x004a3> in <filename unknown>:0 
smart_div: error: An error occurred during data flow analysis.
    Case PE not handled.
      at Reko.Analysis.ConditionCodeEliminator.ComparisonFromConditionCode (ConditionCode cc, Reko.Core.Expressions.BinaryExpression bin, Boolean isNegated) <0x40383570 + 0x002e7> in <filename unknown>:0 
  at Reko.Analysis.ConditionCodeEliminator.UseGrfConditionally (Reko.Analysis.SsaIdentifier sid, ConditionCode cc) <0x40382f60 + 0x001eb> in <filename unknown>:0 
  at Reko.Analysis.ConditionCodeEliminator.VisitTestCondition (Reko.Core.Expressions.TestCondition tc) <0x40382e60 + 0x00097> in <filename unknown>:0 
  at Reko.Core.Expressions.TestCondition.Accept[T] (ExpressionVisitor`1 visitor) <0x4032d100 + 0x00030> in <filename unknown>:0 
  at Reko.Core.Code.InstructionTransformer.TransformBranch (Reko.Core.Code.Branch b) <0x4037e130 + 0x0002f> in <filename unknown>:0 
  at Reko.Core.Code.Branch.Accept (Reko.Core.Code.InstructionTransformer xform) <0x4037e100 + 0x00020> in <filename unknown>:0 
  at Reko.Analysis.ConditionCodeEliminator.Transform () <0x40382360 + 0x00205> in <filename unknown>:0 
  at Reko.Analysis.DataFlowAnalysis.BuildExpressionTrees () <0x4036e880 + 0x004a3> in <filename unknown>:0 
is_integer_expr: error: An error occurred during data flow analysis.
    Case PE not handled.
      at Reko.Analysis.ConditionCodeEliminator.ComparisonFromConditionCode (ConditionCode cc, Reko.Core.Expressions.BinaryExpression bin, Boolean isNegated) <0x40383570 + 0x002e7> in <filename unknown>:0 
  at Reko.Analysis.ConditionCodeEliminator.UseGrfConditionally (Reko.Analysis.SsaIdentifier sid, ConditionCode cc) <0x40382f60 + 0x001eb> in <filename unknown>:0 
  at Reko.Analysis.ConditionCodeEliminator.VisitTestCondition (Reko.Core.Expressions.TestCondition tc) <0x40382e60 + 0x00097> in <filename unknown>:0 
  at Reko.Core.Expressions.TestCondition.Accept[T] (ExpressionVisitor`1 visitor) <0x4032d100 + 0x00030> in <filename unknown>:0 
  at Reko.Core.Code.InstructionTransformer.TransformBranch (Reko.Core.Code.Branch b) <0x4037e130 + 0x0002f> in <filename unknown>:0 
  at Reko.Core.Code.Branch.Accept (Reko.Core.Code.InstructionTransformer xform) <0x4037e100 + 0x00020> in <filename unknown>:0 
  at Reko.Analysis.ConditionCodeEliminator.Transform () <0x40382360 + 0x00205> in <filename unknown>:0 
  at Reko.Analysis.DataFlowAnalysis.BuildExpressionTrees () <0x4036e880 + 0x004a3> in <filename unknown>:0 
find_greatest_power: error: An error occurred during data flow analysis.
    Case PO not handled.
      at Reko.Analysis.ConditionCodeEliminator.ComparisonFromConditionCode (ConditionCode cc, Reko.Core.Expressions.BinaryExpression bin, Boolean isNegated) <0x40383570 + 0x002e7> in <filename unknown>:0 
  at Reko.Analysis.ConditionCodeEliminator.UseGrfConditionally (Reko.Analysis.SsaIdentifier sid, ConditionCode cc) <0x40382f60 + 0x001eb> in <filename unknown>:0 
  at Reko.Analysis.ConditionCodeEliminator.VisitTestCondition (Reko.Core.Expressions.TestCondition tc) <0x40382e60 + 0x00097> in <filename unknown>:0 
  at Reko.Core.Expressions.TestCondition.Accept[T] (ExpressionVisitor`1 visitor) <0x4032d100 + 0x00030> in <filename unknown>:0 
  at Reko.Analysis.ConditionCodeEliminator.TransformAssignment (Reko.Core.Code.Assignment a) <0x40382b30 + 0x00056> in <filename unknown>:0 
  at Reko.Core.Code.Assignment.Accept (Reko.Core.Code.InstructionTransformer xform) <0x4037cbe0 + 0x00020> in <filename unknown>:0 
  at Reko.Analysis.ConditionCodeEliminator.Transform () <0x40382360 + 0x00205> in <filename unknown>:0 
  at Reko.Analysis.DataFlowAnalysis.BuildExpressionTrees () <0x4036e880 + 0x004a3> in <filename unknown>:0 
poly_div: error: An error occurred during data flow analysis.
    Case PE not handled.
      at Reko.Analysis.ConditionCodeEliminator.ComparisonFromConditionCode (ConditionCode cc, Reko.Core.Expressions.BinaryExpression bin, Boolean isNegated) <0x40383570 + 0x002e7> in <filename unknown>:0 
  at Reko.Analysis.ConditionCodeEliminator.UseGrfConditionally (Reko.Analysis.SsaIdentifier sid, ConditionCode cc) <0x40382f60 + 0x001eb> in <filename unknown>:0 
  at Reko.Analysis.ConditionCodeEliminator.VisitTestCondition (Reko.Core.Expressions.TestCondition tc) <0x40382e60 + 0x00097> in <filename unknown>:0 
  at Reko.Core.Expressions.TestCondition.Accept[T] (ExpressionVisitor`1 visitor) <0x4032d100 + 0x00030> in <filename unknown>:0 
  at Reko.Core.Code.InstructionTransformer.TransformBranch (Reko.Core.Code.Branch b) <0x4037e130 + 0x0002f> in <filename unknown>:0 
  at Reko.Core.Code.Branch.Accept (Reko.Core.Code.InstructionTransformer xform) <0x4037e100 + 0x00020> in <filename unknown>:0 
  at Reko.Analysis.ConditionCodeEliminator.Transform () <0x40382360 + 0x00205> in <filename unknown>:0 
  at Reko.Analysis.DataFlowAnalysis.BuildExpressionTrees () <0x4036e880 + 0x004a3> in <filename unknown>:0 
pdiv_recurse: error: An error occurred during data flow analysis.
    Case PE not handled.
      at Reko.Analysis.ConditionCodeEliminator.ComparisonFromConditionCode (ConditionCode cc, Reko.Core.Expressions.BinaryExpression bin, Boolean isNegated) <0x40383570 + 0x002e7> in <filename unknown>:0 
  at Reko.Analysis.ConditionCodeEliminator.UseGrfConditionally (Reko.Analysis.SsaIdentifier sid, ConditionCode cc) <0x40382f60 + 0x001eb> in <filename unknown>:0 
  at Reko.Analysis.ConditionCodeEliminator.VisitTestCondition (Reko.Core.Expressions.TestCondition tc) <0x40382e60 + 0x00097> in <filename unknown>:0 
  at Reko.Core.Expressions.TestCondition.Accept[T] (ExpressionVisitor`1 visitor) <0x4032d100 + 0x00030> in <filename unknown>:0 
  at Reko.Core.Code.InstructionTransformer.TransformBranch (Reko.Core.Code.Branch b) <0x4037e130 + 0x0002f> in <filename unknown>:0 
  at Reko.Core.Code.Branch.Accept (Reko.Core.Code.InstructionTransformer xform) <0x4037e100 + 0x00020> in <filename unknown>:0 
  at Reko.Analysis.ConditionCodeEliminator.Transform () <0x40382360 + 0x00205> in <filename unknown>:0 
  at Reko.Analysis.DataFlowAnalysis.BuildExpressionTrees () <0x4036e880 + 0x004a3> in <filename unknown>:0 
taylor_cmd: error: An error occurred during data flow analysis.
    Case PE not handled.
      at Reko.Analysis.ConditionCodeEliminator.ComparisonFromConditionCode (ConditionCode cc, Reko.Core.Expressions.BinaryExpression bin, Boolean isNegated) <0x40383570 + 0x002e7> in <filename unknown>:0 
  at Reko.Analysis.ConditionCodeEliminator.UseGrfConditionally (Reko.Analysis.SsaIdentifier sid, ConditionCode cc) <0x40382f60 + 0x001eb> in <filename unknown>:0 
  at Reko.Analysis.ConditionCodeEliminator.VisitTestCondition (Reko.Core.Expressions.TestCondition tc) <0x40382e60 + 0x00097> in <filename unknown>:0 
  at Reko.Core.Expressions.TestCondition.Accept[T] (ExpressionVisitor`1 visitor) <0x4032d100 + 0x00030> in <filename unknown>:0 
  at Reko.Core.Code.InstructionTransformer.TransformBranch (Reko.Core.Code.Branch b) <0x4037e130 + 0x0002f> in <filename unknown>:0 
  at Reko.Core.Code.Branch.Accept (Reko.Core.Code.InstructionTransformer xform) <0x4037e100 + 0x00020> in <filename unknown>:0 
  at Reko.Analysis.ConditionCodeEliminator.Transform () <0x40382360 + 0x00205> in <filename unknown>:0 
  at Reko.Analysis.DataFlowAnalysis.BuildExpressionTrees () <0x4036e880 + 0x004a3> in <filename unknown>:0 
integrate_sub: error: An error occurred during data flow analysis.
    Case PE not handled.
      at Reko.Analysis.ConditionCodeEliminator.ComparisonFromConditionCode (ConditionCode cc, Reko.Core.Expressions.BinaryExpression bin, Boolean isNegated) <0x40383570 + 0x002e7> in <filename unknown>:0 
  at Reko.Analysis.ConditionCodeEliminator.UseGrfConditionally (Reko.Analysis.SsaIdentifier sid, ConditionCode cc) <0x40382f60 + 0x001eb> in <filename unknown>:0 
  at Reko.Analysis.ConditionCodeEliminator.VisitTestCondition (Reko.Core.Expressions.TestCondition tc) <0x40382e60 + 0x00097> in <filename unknown>:0 
  at Reko.Core.Expressions.TestCondition.Accept[T] (ExpressionVisitor`1 visitor) <0x4032d100 + 0x00030> in <filename unknown>:0 
  at Reko.Core.Code.InstructionTransformer.TransformBranch (Reko.Core.Code.Branch b) <0x4037e130 + 0x0002f> in <filename unknown>:0 
  at Reko.Core.Code.Branch.Accept (Reko.Core.Code.InstructionTransformer xform) <0x4037e100 + 0x00020> in <filename unknown>:0 
  at Reko.Analysis.ConditionCodeEliminator.Transform () <0x40382360 + 0x00205> in <filename unknown>:0 
  at Reko.Analysis.DataFlowAnalysis.BuildExpressionTrees () <0x4036e880 + 0x004a3> in <filename unknown>:0 
integrate_cmd: error: An error occurred during data flow analysis.
    Case PE not handled.
      at Reko.Analysis.ConditionCodeEliminator.ComparisonFromConditionCode (ConditionCode cc, Reko.Core.Expressions.BinaryExpression bin, Boolean isNegated) <0x40383570 + 0x002e7> in <filename unknown>:0 
  at Reko.Analysis.ConditionCodeEliminator.UseGrfConditionally (Reko.Analysis.SsaIdentifier sid, ConditionCode cc) <0x40382f60 + 0x001eb> in <filename unknown>:0 
  at Reko.Analysis.ConditionCodeEliminator.VisitTestCondition (Reko.Core.Expressions.TestCondition tc) <0x40382e60 + 0x00097> in <filename unknown>:0 
  at Reko.Core.Expressions.TestCondition.Accept[T] (ExpressionVisitor`1 visitor) <0x4032d100 + 0x00030> in <filename unknown>:0 
  at Reko.Core.Code.InstructionTransformer.TransformBranch (Reko.Core.Code.Branch b) <0x4037e130 + 0x0002f> in <filename unknown>:0 
  at Reko.Core.Code.Branch.Accept (Reko.Core.Code.InstructionTransformer xform) <0x4037e100 + 0x00020> in <filename unknown>:0 
  at Reko.Analysis.ConditionCodeEliminator.Transform () <0x40382360 + 0x00205> in <filename unknown>:0 
  at Reko.Analysis.DataFlowAnalysis.BuildExpressionTrees () <0x4036e880 + 0x004a3> in <filename unknown>:0 
complex_root_simp: error: An error occurred during data flow analysis.
    Case PE not handled.
      at Reko.Analysis.ConditionCodeEliminator.ComparisonFromConditionCode (ConditionCode cc, Reko.Core.Expressions.BinaryExpression bin, Boolean isNegated) <0x40383570 + 0x002e7> in <filename unknown>:0 
  at Reko.Analysis.ConditionCodeEliminator.UseGrfConditionally (Reko.Analysis.SsaIdentifier sid, ConditionCode cc) <0x40382f60 + 0x001eb> in <filename unknown>:0 
  at Reko.Analysis.ConditionCodeEliminator.VisitTestCondition (Reko.Core.Expressions.TestCondition tc) <0x40382e60 + 0x00097> in <filename unknown>:0 
  at Reko.Core.Expressions.TestCondition.Accept[T] (ExpressionVisitor`1 visitor) <0x4032d100 + 0x00030> in <filename unknown>:0 
  at Reko.Core.Code.InstructionTransformer.TransformBranch (Reko.Core.Code.Branch b) <0x4037e130 + 0x0002f> in <filename unknown>:0 
  at Reko.Core.Code.Branch.Accept (Reko.Core.Code.InstructionTransformer xform) <0x4037e100 + 0x00020> in <filename unknown>:0 
  at Reko.Analysis.ConditionCodeEliminator.Transform () <0x40382360 + 0x00205> in <filename unknown>:0 
  at Reko.Analysis.DataFlowAnalysis.BuildExpressionTrees () <0x4036e880 + 0x004a3> in <filename unknown>:0 
roots_cmd: error: An error occurred during data flow analysis.
    Case PE not handled.
      at Reko.Analysis.ConditionCodeEliminator.ComparisonFromConditionCode (ConditionCode cc, Reko.Core.Expressions.BinaryExpression bin, Boolean isNegated) <0x40383570 + 0x002e7> in <filename unknown>:0 
  at Reko.Analysis.ConditionCodeEliminator.UseGrfConditionally (Reko.Analysis.SsaIdentifier sid, ConditionCode cc) <0x40382f60 + 0x001eb> in <filename unknown>:0 
  at Reko.Analysis.ConditionCodeEliminator.VisitTestCondition (Reko.Core.Expressions.TestCondition tc) <0x40382e60 + 0x00097> in <filename unknown>:0 
  at Reko.Core.Expressions.TestCondition.Accept[T] (ExpressionVisitor`1 visitor) <0x4032d100 + 0x00030> in <filename unknown>:0 
  at Reko.Core.Code.InstructionTransformer.TransformBranch (Reko.Core.Code.Branch b) <0x4037e130 + 0x0002f> in <filename unknown>:0 
  at Reko.Core.Code.Branch.Accept (Reko.Core.Code.InstructionTransformer xform) <0x4037e100 + 0x00020> in <filename unknown>:0 
  at Reko.Analysis.ConditionCodeEliminator.Transform () <0x40382360 + 0x00205> in <filename unknown>:0 
  at Reko.Analysis.DataFlowAnalysis.BuildExpressionTrees () <0x4036e880 + 0x004a3> in <filename unknown>:0 
int_expr: error: An error occurred during data flow analysis.
    Case PE not handled.
      at Reko.Analysis.ConditionCodeEliminator.ComparisonFromConditionCode (ConditionCode cc, Reko.Core.Expressions.BinaryExpression bin, Boolean isNegated) <0x40383570 + 0x002e7> in <filename unknown>:0 
  at Reko.Analysis.ConditionCodeEliminator.UseGrfConditionally (Reko.Analysis.SsaIdentifier sid, ConditionCode cc) <0x40382f60 + 0x001eb> in <filename unknown>:0 
  at Reko.Analysis.ConditionCodeEliminator.VisitTestCondition (Reko.Core.Expressions.TestCondition tc) <0x40382e60 + 0x00097> in <filename unknown>:0 
  at Reko.Core.Expressions.TestCondition.Accept[T] (ExpressionVisitor`1 visitor) <0x4032d100 + 0x00030> in <filename unknown>:0 
  at Reko.Core.Code.InstructionTransformer.TransformBranch (Reko.Core.Code.Branch b) <0x4037e130 + 0x0002f> in <filename unknown>:0 
  at Reko.Core.Code.Branch.Accept (Reko.Core.Code.InstructionTransformer xform) <0x4037e100 + 0x00020> in <filename unknown>:0 
  at Reko.Analysis.ConditionCodeEliminator.Transform () <0x40382360 + 0x00205> in <filename unknown>:0 
  at Reko.Analysis.DataFlowAnalysis.BuildExpressionTrees () <0x4036e880 + 0x004a3> in <filename unknown>:0 
list_code: error: An error occurred during data flow analysis.
    Case PE not handled.
      at Reko.Analysis.ConditionCodeEliminator.ComparisonFromConditionCode (ConditionCode cc, Reko.Core.Expressions.BinaryExpression bin, Boolean isNegated) <0x40383570 + 0x002e7> in <filename unknown>:0 
  at Reko.Analysis.ConditionCodeEliminator.UseGrfConditionally (Reko.Analysis.SsaIdentifier sid, ConditionCode cc) <0x40382f60 + 0x001eb> in <filename unknown>:0 
  at Reko.Analysis.ConditionCodeEliminator.VisitTestCondition (Reko.Core.Expressions.TestCondition tc) <0x40382e60 + 0x00097> in <filename unknown>:0 
  at Reko.Core.Expressions.TestCondition.Accept[T] (ExpressionVisitor`1 visitor) <0x4032d100 + 0x00030> in <filename unknown>:0 
  at Reko.Core.Code.InstructionTransformer.TransformBranch (Reko.Core.Code.Branch b) <0x4037e130 + 0x0002f> in <filename unknown>:0 
  at Reko.Core.Code.Branch.Accept (Reko.Core.Code.InstructionTransformer xform) <0x4037e100 + 0x00020> in <filename unknown>:0 
  at Reko.Analysis.ConditionCodeEliminator.Transform () <0x40382360 + 0x00205> in <filename unknown>:0 
  at Reko.Analysis.DataFlowAnalysis.BuildExpressionTrees () <0x4036e880 + 0x004a3> in <filename unknown>:0 
flist_recurse: error: An error occurred during data flow analysis.
    Case PE not handled.
      at Reko.Analysis.ConditionCodeEliminator.ComparisonFromConditionCode (ConditionCode cc, Reko.Core.Expressions.BinaryExpression bin, Boolean isNegated) <0x40383570 + 0x002e7> in <filename unknown>:0 
  at Reko.Analysis.ConditionCodeEliminator.UseGrfConditionally (Reko.Analysis.SsaIdentifier sid, ConditionCode cc) <0x40382f60 + 0x001eb> in <filename unknown>:0 
  at Reko.Analysis.ConditionCodeEliminator.VisitTestCondition (Reko.Core.Expressions.TestCondition tc) <0x40382e60 + 0x00097> in <filename unknown>:0 
  at Reko.Core.Expressions.TestCondition.Accept[T] (ExpressionVisitor`1 visitor) <0x4032d100 + 0x00030> in <filename unknown>:0 
  at Reko.Core.Code.InstructionTransformer.TransformBranch (Reko.Core.Code.Branch b) <0x4037e130 + 0x0002f> in <filename unknown>:0 
  at Reko.Core.Code.Branch.Accept (Reko.Core.Code.InstructionTransformer xform) <0x4037e100 + 0x00020> in <filename unknown>:0 
  at Reko.Analysis.ConditionCodeEliminator.Transform () <0x40382360 + 0x00205> in <filename unknown>:0 
  at Reko.Analysis.DataFlowAnalysis.BuildExpressionTrees () <0x4036e880 + 0x004a3> in <filename unknown>:0 
list_string_sub: error: An error occurred during data flow analysis.
    Case PE not handled.
      at Reko.Analysis.ConditionCodeEliminator.ComparisonFromConditionCode (ConditionCode cc, Reko.Core.Expressions.BinaryExpression bin, Boolean isNegated) <0x40383570 + 0x002e7> in <filename unknown>:0 
  at Reko.Analysis.ConditionCodeEliminator.UseGrfConditionally (Reko.Analysis.SsaIdentifier sid, ConditionCode cc) <0x40382f60 + 0x001eb> in <filename unknown>:0 
  at Reko.Analysis.ConditionCodeEliminator.VisitTestCondition (Reko.Core.Expressions.TestCondition tc) <0x40382e60 + 0x00097> in <filename unknown>:0 
  at Reko.Core.Expressions.TestCondition.Accept[T] (ExpressionVisitor`1 visitor) <0x4032d100 + 0x00030> in <filename unknown>:0 
  at Reko.Core.Code.InstructionTransformer.TransformBranch (Reko.Core.Code.Branch b) <0x4037e130 + 0x0002f> in <filename unknown>:0 
  at Reko.Core.Code.Branch.Accept (Reko.Core.Code.InstructionTransformer xform) <0x4037e100 + 0x00020> in <filename unknown>:0 
  at Reko.Analysis.ConditionCodeEliminator.Transform () <0x40382360 + 0x00205> in <filename unknown>:0 
  at Reko.Analysis.DataFlowAnalysis.BuildExpressionTrees () <0x4036e880 + 0x004a3> in <filename unknown>:0 
gcd: error: An error occurred during data flow analysis.
    Case PE not handled.
      at Reko.Analysis.ConditionCodeEliminator.ComparisonFromConditionCode (ConditionCode cc, Reko.Core.Expressions.BinaryExpression bin, Boolean isNegated) <0x40383570 + 0x002e7> in <filename unknown>:0 
  at Reko.Analysis.ConditionCodeEliminator.UseGrfConditionally (Reko.Analysis.SsaIdentifier sid, ConditionCode cc) <0x40382f60 + 0x001eb> in <filename unknown>:0 
  at Reko.Analysis.ConditionCodeEliminator.VisitTestCondition (Reko.Core.Expressions.TestCondition tc) <0x40382e60 + 0x00097> in <filename unknown>:0 
  at Reko.Core.Expressions.TestCondition.Accept[T] (ExpressionVisitor`1 visitor) <0x4032d100 + 0x00030> in <filename unknown>:0 
  at Reko.Core.Code.InstructionTransformer.TransformBranch (Reko.Core.Code.Branch b) <0x4037e130 + 0x0002f> in <filename unknown>:0 
  at Reko.Core.Code.Branch.Accept (Reko.Core.Code.InstructionTransformer xform) <0x4037e100 + 0x00020> in <filename unknown>:0 
  at Reko.Analysis.ConditionCodeEliminator.Transform () <0x40382360 + 0x00205> in <filename unknown>:0 
  at Reko.Analysis.DataFlowAnalysis.BuildExpressionTrees () <0x4036e880 + 0x004a3> in <filename unknown>:0 
gcd_verified: error: An error occurred during data flow analysis.
    Case PE not handled.
      at Reko.Analysis.ConditionCodeEliminator.ComparisonFromConditionCode (ConditionCode cc, Reko.Core.Expressions.BinaryExpression bin, Boolean isNegated) <0x40383570 + 0x002e7> in <filename unknown>:0 
  at Reko.Analysis.ConditionCodeEliminator.UseGrfConditionally (Reko.Analysis.SsaIdentifier sid, ConditionCode cc) <0x40382f60 + 0x001eb> in <filename unknown>:0 
  at Reko.Analysis.ConditionCodeEliminator.VisitTestCondition (Reko.Core.Expressions.TestCondition tc) <0x40382e60 + 0x00097> in <filename unknown>:0 
  at Reko.Core.Expressions.TestCondition.Accept[T] (ExpressionVisitor`1 visitor) <0x4032d100 + 0x00030> in <filename unknown>:0 
  at Reko.Core.Code.InstructionTransformer.TransformBranch (Reko.Core.Code.Branch b) <0x4037e130 + 0x0002f> in <filename unknown>:0 
  at Reko.Core.Code.Branch.Accept (Reko.Core.Code.InstructionTransformer xform) <0x4037e100 + 0x00020> in <filename unknown>:0 
  at Reko.Analysis.ConditionCodeEliminator.Transform () <0x40382360 + 0x00205> in <filename unknown>:0 
  at Reko.Analysis.DataFlowAnalysis.BuildExpressionTrees () <0x4036e880 + 0x004a3> in <filename unknown>:0 
f_to_fraction: error: An error occurred during data flow analysis.
    Case PE not handled.
      at Reko.Analysis.ConditionCodeEliminator.ComparisonFromConditionCode (ConditionCode cc, Reko.Core.Expressions.BinaryExpression bin, Boolean isNegated) <0x40383570 + 0x002e7> in <filename unknown>:0 
  at Reko.Analysis.ConditionCodeEliminator.UseGrfConditionally (Reko.Analysis.SsaIdentifier sid, ConditionCode cc) <0x40382f60 + 0x001eb> in <filename unknown>:0 
  at Reko.Analysis.ConditionCodeEliminator.VisitTestCondition (Reko.Core.Expressions.TestCondition tc) <0x40382e60 + 0x00097> in <filename unknown>:0 
  at Reko.Core.Expressions.TestCondition.Accept[T] (ExpressionVisitor`1 visitor) <0x4032d100 + 0x00030> in <filename unknown>:0 
  at Reko.Core.Code.InstructionTransformer.TransformBranch (Reko.Core.Code.Branch b) <0x4037e130 + 0x0002f> in <filename unknown>:0 
  at Reko.Core.Code.Branch.Accept (Reko.Core.Code.InstructionTransformer xform) <0x4037e100 + 0x00020> in <filename unknown>:0 
  at Reko.Analysis.ConditionCodeEliminator.Transform () <0x40382360 + 0x00205> in <filename unknown>:0 
  at Reko.Analysis.DataFlowAnalysis.BuildExpressionTrees () <0x4036e880 + 0x004a3> in <filename unknown>:0 
make_fractions: error: An error occurred during data flow analysis.
    Case PE not handled.
      at Reko.Analysis.ConditionCodeEliminator.ComparisonFromConditionCode (ConditionCode cc, Reko.Core.Expressions.BinaryExpression bin, Boolean isNegated) <0x40383570 + 0x002e7> in <filename unknown>:0 
  at Reko.Analysis.ConditionCodeEliminator.UseGrfConditionally (Reko.Analysis.SsaIdentifier sid, ConditionCode cc) <0x40382f60 + 0x001eb> in <filename unknown>:0 
  at Reko.Analysis.ConditionCodeEliminator.VisitTestCondition (Reko.Core.Expressions.TestCondition tc) <0x40382e60 + 0x00097> in <filename unknown>:0 
  at Reko.Core.Expressions.TestCondition.Accept[T] (ExpressionVisitor`1 visitor) <0x4032d100 + 0x00030> in <filename unknown>:0 
  at Reko.Core.Code.InstructionTransformer.TransformBranch (Reko.Core.Code.Branch b) <0x4037e130 + 0x0002f> in <filename unknown>:0 
  at Reko.Core.Code.Branch.Accept (Reko.Core.Code.InstructionTransformer xform) <0x4037e100 + 0x00020> in <filename unknown>:0 
  at Reko.Analysis.ConditionCodeEliminator.Transform () <0x40382360 + 0x00205> in <filename unknown>:0 
  at Reko.Analysis.DataFlowAnalysis.BuildExpressionTrees () <0x4036e880 + 0x004a3> in <filename unknown>:0 
fc_recurse: error: An error occurred during data flow analysis.
    Case PE not handled.
      at Reko.Analysis.ConditionCodeEliminator.ComparisonFromConditionCode (ConditionCode cc, Reko.Core.Expressions.BinaryExpression bin, Boolean isNegated) <0x40383570 + 0x002e7> in <filename unknown>:0 
  at Reko.Analysis.ConditionCodeEliminator.UseGrfConditionally (Reko.Analysis.SsaIdentifier sid, ConditionCode cc) <0x40382f60 + 0x001eb> in <filename unknown>:0 
  at Reko.Analysis.ConditionCodeEliminator.VisitTestCondition (Reko.Core.Expressions.TestCondition tc) <0x40382e60 + 0x00097> in <filename unknown>:0 
  at Reko.Core.Expressions.TestCondition.Accept[T] (ExpressionVisitor`1 visitor) <0x4032d100 + 0x00030> in <filename unknown>:0 
  at Reko.Core.Code.InstructionTransformer.TransformBranch (Reko.Core.Code.Branch b) <0x4037e130 + 0x0002f> in <filename unknown>:0 
  at Reko.Core.Code.Branch.Accept (Reko.Core.Code.InstructionTransformer xform) <0x4037e100 + 0x00020> in <filename unknown>:0 
  at Reko.Analysis.ConditionCodeEliminator.Transform () <0x40382360 + 0x00205> in <filename unknown>:0 
  at Reko.Analysis.DataFlowAnalysis.BuildExpressionTrees () <0x4036e880 + 0x004a3> in <filename unknown>:0 
try_factor: error: An error occurred during data flow analysis.
    Case PE not handled.
      at Reko.Analysis.ConditionCodeEliminator.ComparisonFromConditionCode (ConditionCode cc, Reko.Core.Expressions.BinaryExpression bin, Boolean isNegated) <0x40383570 + 0x002e7> in <filename unknown>:0 
  at Reko.Analysis.ConditionCodeEliminator.UseGrfConditionally (Reko.Analysis.SsaIdentifier sid, ConditionCode cc) <0x40382f60 + 0x001eb> in <filename unknown>:0 
  at Reko.Analysis.ConditionCodeEliminator.VisitTestCondition (Reko.Core.Expressions.TestCondition tc) <0x40382e60 + 0x00097> in <filename unknown>:0 
  at Reko.Core.Expressions.TestCondition.Accept[T] (ExpressionVisitor`1 visitor) <0x4032d100 + 0x00030> in <filename unknown>:0 
  at Reko.Core.Code.InstructionTransformer.TransformBranch (Reko.Core.Code.Branch b) <0x4037e130 + 0x0002f> in <filename unknown>:0 
  at Reko.Core.Code.Branch.Accept (Reko.Core.Code.InstructionTransformer xform) <0x4037e100 + 0x00020> in <filename unknown>:0 
  at Reko.Analysis.ConditionCodeEliminator.Transform () <0x40382360 + 0x00205> in <filename unknown>:0 
  at Reko.Analysis.DataFlowAnalysis.BuildExpressionTrees () <0x4036e880 + 0x004a3> in <filename unknown>:0 
factor_one: error: An error occurred during data flow analysis.
    Case PE not handled.
      at Reko.Analysis.ConditionCodeEliminator.ComparisonFromConditionCode (ConditionCode cc, Reko.Core.Expressions.BinaryExpression bin, Boolean isNegated) <0x40383570 + 0x002e7> in <filename unknown>:0 
  at Reko.Analysis.ConditionCodeEliminator.UseGrfConditionally (Reko.Analysis.SsaIdentifier sid, ConditionCode cc) <0x40382f60 + 0x001eb> in <filename unknown>:0 
  at Reko.Analysis.ConditionCodeEliminator.VisitTestCondition (Reko.Core.Expressions.TestCondition tc) <0x40382e60 + 0x00097> in <filename unknown>:0 
  at Reko.Core.Expressions.TestCondition.Accept[T] (ExpressionVisitor`1 visitor) <0x4032d100 + 0x00030> in <filename unknown>:0 
  at Reko.Core.Code.InstructionTransformer.TransformBranch (Reko.Core.Code.Branch b) <0x4037e130 + 0x0002f> in <filename unknown>:0 
  at Reko.Core.Code.Branch.Accept (Reko.Core.Code.InstructionTransformer xform) <0x4037e100 + 0x00020> in <filename unknown>:0 
  at Reko.Analysis.ConditionCodeEliminator.Transform () <0x40382360 + 0x00205> in <filename unknown>:0 
  at Reko.Analysis.DataFlowAnalysis.BuildExpressionTrees () <0x4036e880 + 0x004a3> in <filename unknown>:0 
: error: Error when reconstructing types.
    Specified argument was out of the range of valid values.
Parameter name: Linear address 00000000 is not in known segment.
      at Reko.Core.SegmentMap.MapLinearAddressToAddress (UInt64 linearAddress) <0x4038d970 + 0x0017f> in <filename unknown>:0 
  at Reko.CmdLine.CmdLineListener.CreateStatementNavigator (Reko.Core.Program program, Reko.Core.Statement stm) <0x403b0e60 + 0x0002f> in <filename unknown>:0 
  at Reko.Typing.TypeCollector.CollectTypes () <0x403a9480 + 0x002d5> in <filename unknown>:0 
  at Reko.Typing.TypeAnalyzer.RewriteProgram (Reko.Core.Program program) <0x403a21f0 + 0x00597> in <filename unknown>:0 
  at Reko.DecompilerDriver.ReconstructTypes () <0x403a1b80 + 0x0022f> in <filename unknown>:0 
