after removing matching assigns (t[WILDSTR]).
after removing matching assigns (%pc).
size 0x40 meet with size 0x20!
size 0x20 meet with size 0x40!
size 0x40 meet with size 0x20!
size 0x20 meet with size 0x40!
size 0x40 meet with size 0x20!
size 0x20 meet with size 0x40!
size 0x40 meet with size 0x20!
size 0x20 meet with size 0x40!
size 0x20 meet with size 0x40!
size 0x20 meet with size 0x40!
size 0x40 meet with size 0x20!
size 0x20 meet with size 0x40!
### WARNING: iteration limit exceeded for dfaTypeAnalysis of procedure main ###
in proc main adding addrExp r1{0} - 128 to local table
in proc main adding addrExp r1{0} - 124 to local table
TYPE ERROR: At address 0xffffff84 type __size32 is not compatible with existing structure member type /*signed?*/long long
in proc main adding addrExp r1{0} - 116 to local table
in proc main adding addrExp r1{0} - 112 to local table
in proc main adding addrExp r1{0} - 108 to local table
in proc main adding addrExp r1{0} - 80 to local table
in proc main adding addrExp r1{0} - 76 to local table
in proc main adding addrExp r1{0} - 64 to local table
in proc main adding addrExp r1{0} - 72 to local table
in proc main adding addrExp r1{0} - 68 to local table
in proc main adding addrExp r1{0} - 104 to local table
in proc main adding addrExp r1{0} - 96 to local table
in proc main adding addrExp r1{0} - 88 to local table
TYPE ERROR: At address 0xffffffa8 type __size32 is not compatible with existing structure member type /*signed?*/long long
in proc main adding addrExp r1{0} + 112 to local table
in proc main adding addrExp r1{0} + 116 to local table
TYPE ERROR: attempt to insert item <noname> at 0x74 of type __size64 which weaves after <noname> at 0x70 of type __size64
in proc main adding addrExp r1{0} + 8 to local table
in proc main adding addrExp r1{0} - 192 to local table
in proc main adding addrExp r1{0} + 24 to local table
in proc main adding addrExp r1{0} + 28 to local table
in proc main adding addrExp r1{0} - 32 to local table
TYPE ERROR: At address 0xffffffe0 type __size32 is not compatible with existing structure member type char[16]
### WARNING: iteration limit exceeded for dfaTypeAnalysis of procedure main ###
in proc main adding addrExp r1{0} - 128 to local table
local g3 has type char * that doesn't agree with type of define __size32 of a library, why?
local g4 has type struct stat * that doesn't agree with type of define void of a library, why?
local g3 has type __size32 that doesn't agree with type of define void of a library, why?
local g4 has type void that doesn't agree with type of define __size32 of a library, why?
dest is not lib
call:   80 {*32* g3, *v* r5, *v* r6, *v* r7, *v* r8, *v* r9, *v* r10, *v* r11, *v* r12} := CALL stat(
                *c** g3 := g3
                *struct stat** g4 := a[local0]
              )
              Reaching definitions: r[tmp + 30]=r[tmp + 30]{0},   r0=machine("%LR"),   r1=r1{0} - 192,   r3=r3{76},
                r4=r1{0} - 128,   r5=r5{0},   r9=r4{0} + 4,   r30=r1{0} - 192,   r31=machine("%LR"),
                m[r1{0} + 8]=machine("%LR"),   m[r1{0} + 24]=r3{0},   m[r1{0} + 28]=r4{0},
                m[r1{0} + 112]=r[tmp + 30]{0},   m[r1{0} + 116]=r[tmp + 30]{0},   m[r1{0} - 64]=m[r1{0} - 64]{0},
                m[r1{0} - 68]=m[r1{0} - 68]{0},   m[r1{0} - 72]=m[r1{0} - 72]{0},   m[r1{0} - 76]=m[r1{0} - 76]{0},
                m[r1{0} - 80]=m[r1{0} - 80]{0},   m[r1{0} - 88]=m[r1{0} - 88]{0},   m[r1{0} - 96]=m[r1{0} - 96]{0},
                m[r1{0} - 104]=m[r1{0} - 104]{0},   m[r1{0} - 108]=m[r1{0} - 108]{0},
                m[r1{0} - 112]=m[r1{0} - 112]{0},   m[r1{0} - 116]=m[r1{0} - 116]{0},
                m[r1{0} - 124]=m[r1{0} - 124]{0},   m[r1{0} - 128]=m[r1{0} - 128]{0},   m[r1{0} - 192]=r1{0},   tmp=31
              Live variables:  in proc main
dest is not lib
call:   88 {*v* g3, *v* r5, *v* r6, *v* r7, *v* r8, *v* r9, *v* r10, *v* r11, *v* r12} := CALL printf(
                *c** g3 := machine("%LR") + 940
              )
              Reaching definitions: r[tmp + 30]=r[tmp + 30]{0},   r0=r3{80},   r1=r1{0} - 192,
                r3=machine("%LR") + 940,   r4=r3{80},   r5=r5{80},   r6=r6{80},   r7=r7{80},   r8=r8{80},   r9=r9{80},
                r10=r10{80},   r11=r11{80},   r12=r12{80},   r30=r1{0} - 192,   r31=machine("%LR"),
                m[r1{0} + 8]=machine("%LR"),   m[r1{0} + 24]=r3{0},   m[r1{0} + 28]=r4{0},
                m[r1{0} + 112]=r[tmp + 30]{0},   m[r1{0} + 116]=r[tmp + 30]{0},   m[r1{0} - 32]=r3{80},
                m[r1{0} - 64]=m[r1{0} - 64]{0},   m[r1{0} - 68]=m[r1{0} - 68]{0},   m[r1{0} - 72]=m[r1{0} - 72]{0},
                m[r1{0} - 76]=m[r1{0} - 76]{0},   m[r1{0} - 80]=m[r1{0} - 80]{0},   m[r1{0} - 88]=m[r1{0} - 88]{0},
                m[r1{0} - 96]=m[r1{0} - 96]{0},   m[r1{0} - 104]=m[r1{0} - 104]{0},   m[r1{0} - 108]=m[r1{0} - 108]{0},
                m[r1{0} - 112]=m[r1{0} - 112]{0},   m[r1{0} - 116]=m[r1{0} - 116]{0},
                m[r1{0} - 124]=m[r1{0} - 124]{0},   m[r1{0} - 128]=m[r1{0} - 128]{0},   m[r1{0} - 192]=r1{0},   tmp=31
              Live variables:  in proc main
dest is not lib
call:   94 {*v* g3, *v* r5, *v* r6, *v* r7, *v* r8, *v* r9, *v* r10, *v* r11, *v* r12} := CALL printf(
                *c** g3 := machine("%LR") + 952
              )
              Reaching definitions: r[tmp + 30]=r[tmp + 30]{0},   r0=r3{80},   r1=r1{0} - 192,
                r3=machine("%LR") + 952,   r4=m[r1{0} - 128]{0},   r5=r5{88},   r6=r6{88},   r7=r7{88},   r8=r8{88},
                r9=r9{88},   r10=r10{88},   r11=r11{88},   r12=r12{88},   r30=r1{0} - 192,   r31=machine("%LR"),
                m[r1{0} + 8]=machine("%LR"),   m[r1{0} + 24]=r3{0},   m[r1{0} + 28]=r4{0},
                m[r1{0} + 112]=r[tmp + 30]{0},   m[r1{0} + 116]=r[tmp + 30]{0},   m[r1{0} - 32]=r3{80},
                m[r1{0} - 64]=m[r1{0} - 64]{0},   m[r1{0} - 68]=m[r1{0} - 68]{0},   m[r1{0} - 72]=m[r1{0} - 72]{0},
                m[r1{0} - 76]=m[r1{0} - 76]{0},   m[r1{0} - 80]=m[r1{0} - 80]{0},   m[r1{0} - 88]=m[r1{0} - 88]{0},
                m[r1{0} - 96]=m[r1{0} - 96]{0},   m[r1{0} - 104]=m[r1{0} - 104]{0},   m[r1{0} - 108]=m[r1{0} - 108]{0},
                m[r1{0} - 112]=m[r1{0} - 112]{0},   m[r1{0} - 116]=m[r1{0} - 116]{0},
                m[r1{0} - 124]=m[r1{0} - 124]{0},   m[r1{0} - 128]=m[r1{0} - 128]{0},   m[r1{0} - 192]=r1{0},   tmp=31
              Live variables:  in proc main
dest is not lib
call:  100 {*v* g3, *v* r5, *v* r6, *v* r7, *v* r8, *v* r9, *v* r10, *v* r11, *v* r12} := CALL printf(
                *c** g3 := machine("%LR") + 964
              )
              Reaching definitions: r[tmp + 30]=r[tmp + 30]{0},   r0=r3{80},   r1=r1{0} - 192,
                r3=machine("%LR") + 964,   r4=m[r1{0} - 124]{0},   r5=r5{94},   r6=r6{94},   r7=r7{94},   r8=r8{94},
                r9=r9{94},   r10=r10{94},   r11=r11{94},   r12=r12{94},   r30=r1{0} - 192,   r31=machine("%LR"),
                m[r1{0} + 8]=machine("%LR"),   m[r1{0} + 24]=r3{0},   m[r1{0} + 28]=r4{0},
                m[r1{0} + 112]=r[tmp + 30]{0},   m[r1{0} + 116]=r[tmp + 30]{0},   m[r1{0} - 32]=r3{80},
                m[r1{0} - 64]=m[r1{0} - 64]{0},   m[r1{0} - 68]=m[r1{0} - 68]{0},   m[r1{0} - 72]=m[r1{0} - 72]{0},
                m[r1{0} - 76]=m[r1{0} - 76]{0},   m[r1{0} - 80]=m[r1{0} - 80]{0},   m[r1{0} - 88]=m[r1{0} - 88]{0},
                m[r1{0} - 96]=m[r1{0} - 96]{0},   m[r1{0} - 104]=m[r1{0} - 104]{0},   m[r1{0} - 108]=m[r1{0} - 108]{0},
                m[r1{0} - 112]=m[r1{0} - 112]{0},   m[r1{0} - 116]=m[r1{0} - 116]{0},
                m[r1{0} - 124]=m[r1{0} - 124]{0},   m[r1{0} - 128]=m[r1{0} - 128]{0},   m[r1{0} - 192]=r1{0},   tmp=31
              Live variables:  in proc main
dest is not lib
call:  108 {*v* g3, *v* r5, *v* r6, *v* r7, *v* r8, *v* r9, *v* r10, *v* r11, *v* r12} := CALL printf(
                *c** g3 := machine("%LR") + 976
              )
              Reaching definitions: r[tmp + 30]=r[tmp + 30]{0},   r0=(r3{80} rl 0) & 0xffff,   r1=r1{0} - 192,
                r3=machine("%LR") + 976,   r4=(r3{80} rl 0) & 0xffff,   r5=r5{100},   r6=r6{100},   r7=r7{100},
                r8=r8{100},   r9=r9{100},   r10=r10{100},   r11=r11{100},   r12=r12{100},   r30=r1{0} - 192,
                r31=machine("%LR"),   m[r1{0} + 8]=machine("%LR"),   m[r1{0} + 24]=r3{0},   m[r1{0} + 28]=r4{0},
                m[r1{0} + 112]=r[tmp + 30]{0},   m[r1{0} + 116]=r[tmp + 30]{0},   m[r1{0} - 32]=r3{80},
                m[r1{0} - 64]=m[r1{0} - 64]{0},   m[r1{0} - 68]=m[r1{0} - 68]{0},   m[r1{0} - 72]=m[r1{0} - 72]{0},
                m[r1{0} - 76]=m[r1{0} - 76]{0},   m[r1{0} - 80]=m[r1{0} - 80]{0},   m[r1{0} - 88]=m[r1{0} - 88]{0},
                m[r1{0} - 96]=m[r1{0} - 96]{0},   m[r1{0} - 104]=m[r1{0} - 104]{0},   m[r1{0} - 108]=m[r1{0} - 108]{0},
                m[r1{0} - 112]=m[r1{0} - 112]{0},   m[r1{0} - 116]=m[r1{0} - 116]{0},
                m[r1{0} - 124]=m[r1{0} - 124]{0},   m[r1{0} - 128]=m[r1{0} - 128]{0},   m[r1{0} - 192]=r1{0},   tmp=31,
                tmp_mask=0xffff
              Live variables:  in proc main
dest is not lib
call:  116 {*v* g3, *v* r5, *v* r6, *v* r7, *v* r8, *v* r9, *v* r10, *v* r11, *v* r12} := CALL printf(
                *c** g3 := machine("%LR") + 988
              )
              Reaching definitions: r[tmp + 30]=r[tmp + 30]{0},   r0=(((r3{80} rl 0) & 0xffff) rl 0) & 0xffff,
                r1=r1{0} - 192,   r3=machine("%LR") + 988,   r4=(((r3{80} rl 0) & 0xffff) rl 0) & 0xffff,   r5=r5{108},
                r6=r6{108},   r7=r7{108},   r8=r8{108},   r9=r9{108},   r10=r10{108},   r11=r11{108},   r12=r12{108},
                r30=r1{0} - 192,   r31=machine("%LR"),   m[r1{0} + 8]=machine("%LR"),   m[r1{0} + 24]=r3{0},
                m[r1{0} + 28]=r4{0},   m[r1{0} + 112]=r[tmp + 30]{0},   m[r1{0} + 116]=r[tmp + 30]{0},
                m[r1{0} - 32]=r3{80},   m[r1{0} - 64]=m[r1{0} - 64]{0},   m[r1{0} - 68]=m[r1{0} - 68]{0},
                m[r1{0} - 72]=m[r1{0} - 72]{0},   m[r1{0} - 76]=m[r1{0} - 76]{0},   m[r1{0} - 80]=m[r1{0} - 80]{0},
                m[r1{0} - 88]=m[r1{0} - 88]{0},   m[r1{0} - 96]=m[r1{0} - 96]{0},   m[r1{0} - 104]=m[r1{0} - 104]{0},
                m[r1{0} - 108]=m[r1{0} - 108]{0},   m[r1{0} - 112]=m[r1{0} - 112]{0},
                m[r1{0} - 116]=m[r1{0} - 116]{0},   m[r1{0} - 124]=m[r1{0} - 124]{0},
                m[r1{0} - 128]=m[r1{0} - 128]{0},   m[r1{0} - 192]=r1{0},   tmp=31,   tmp_mask=0xffff
              Live variables:  in proc main
dest is not lib
call:  122 {*v* g3, *v* r5, *v* r6, *v* r7, *v* r8, *v* r9, *v* r10, *v* r11, *v* r12} := CALL printf(
                *c** g3 := machine("%LR") + 1000
              )
              Reaching definitions: r[tmp + 30]=r[tmp + 30]{0},   r0=(((r3{80} rl 0) & 0xffff) rl 0) & 0xffff,
                r1=r1{0} - 192,   r3=machine("%LR") + 1000,   r4=m[r1{0} - 116]{0},   r5=r5{116},   r6=r6{116},
                r7=r7{116},   r8=r8{116},   r9=r9{116},   r10=r10{116},   r11=r11{116},   r12=r12{116},
                r30=r1{0} - 192,   r31=machine("%LR"),   m[r1{0} + 8]=machine("%LR"),   m[r1{0} + 24]=r3{0},
                m[r1{0} + 28]=r4{0},   m[r1{0} + 112]=r[tmp + 30]{0},   m[r1{0} + 116]=r[tmp + 30]{0},
                m[r1{0} - 32]=r3{80},   m[r1{0} - 64]=m[r1{0} - 64]{0},   m[r1{0} - 68]=m[r1{0} - 68]{0},
                m[r1{0} - 72]=m[r1{0} - 72]{0},   m[r1{0} - 76]=m[r1{0} - 76]{0},   m[r1{0} - 80]=m[r1{0} - 80]{0},
                m[r1{0} - 88]=m[r1{0} - 88]{0},   m[r1{0} - 96]=m[r1{0} - 96]{0},   m[r1{0} - 104]=m[r1{0} - 104]{0},
                m[r1{0} - 108]=m[r1{0} - 108]{0},   m[r1{0} - 112]=m[r1{0} - 112]{0},
                m[r1{0} - 116]=m[r1{0} - 116]{0},   m[r1{0} - 124]=m[r1{0} - 124]{0},
                m[r1{0} - 128]=m[r1{0} - 128]{0},   m[r1{0} - 192]=r1{0},   tmp=31,   tmp_mask=0xffff
              Live variables:  in proc main
dest is not lib
call:  128 {*v* g3, *v* r5, *v* r6, *v* r7, *v* r8, *v* r9, *v* r10, *v* r11, *v* r12} := CALL printf(
                *c** g3 := machine("%LR") + 0x3f4
              )
              Reaching definitions: r[tmp + 30]=r[tmp + 30]{0},   r0=(((r3{80} rl 0) & 0xffff) rl 0) & 0xffff,
                r1=r1{0} - 192,   r3=machine("%LR") + 0x3f4,   r4=m[r1{0} - 112]{0},   r5=r5{122},   r6=r6{122},
                r7=r7{122},   r8=r8{122},   r9=r9{122},   r10=r10{122},   r11=r11{122},   r12=r12{122},
                r30=r1{0} - 192,   r31=machine("%LR"),   m[r1{0} + 8]=machine("%LR"),   m[r1{0} + 24]=r3{0},
                m[r1{0} + 28]=r4{0},   m[r1{0} + 112]=r[tmp + 30]{0},   m[r1{0} + 116]=r[tmp + 30]{0},
                m[r1{0} - 32]=r3{80},   m[r1{0} - 64]=m[r1{0} - 64]{0},   m[r1{0} - 68]=m[r1{0} - 68]{0},
                m[r1{0} - 72]=m[r1{0} - 72]{0},   m[r1{0} - 76]=m[r1{0} - 76]{0},   m[r1{0} - 80]=m[r1{0} - 80]{0},
                m[r1{0} - 88]=m[r1{0} - 88]{0},   m[r1{0} - 96]=m[r1{0} - 96]{0},   m[r1{0} - 104]=m[r1{0} - 104]{0},
                m[r1{0} - 108]=m[r1{0} - 108]{0},   m[r1{0} - 112]=m[r1{0} - 112]{0},
                m[r1{0} - 116]=m[r1{0} - 116]{0},   m[r1{0} - 124]=m[r1{0} - 124]{0},
                m[r1{0} - 128]=m[r1{0} - 128]{0},   m[r1{0} - 192]=r1{0},   tmp=31,   tmp_mask=0xffff
              Live variables:  in proc main
dest is not lib
call:  134 {*v* g3, *v* r5, *v* r6, *v* r7, *v* r8, *v* r9, *v* r10, *v* r11, *v* r12} := CALL printf(
                *c** g3 := machine("%LR") + 0x400
              )
              Reaching definitions: r[tmp + 30]=r[tmp + 30]{0},   r0=(((r3{80} rl 0) & 0xffff) rl 0) & 0xffff,
                r1=r1{0} - 192,   r3=machine("%LR") + 0x400,   r4=m[r1{0} - 108]{0},   r5=r5{128},   r6=r6{128},
                r7=r7{128},   r8=r8{128},   r9=r9{128},   r10=r10{128},   r11=r11{128},   r12=r12{128},
                r30=r1{0} - 192,   r31=machine("%LR"),   m[r1{0} + 8]=machine("%LR"),   m[r1{0} + 24]=r3{0},
                m[r1{0} + 28]=r4{0},   m[r1{0} + 112]=r[tmp + 30]{0},   m[r1{0} + 116]=r[tmp + 30]{0},
                m[r1{0} - 32]=r3{80},   m[r1{0} - 64]=m[r1{0} - 64]{0},   m[r1{0} - 68]=m[r1{0} - 68]{0},
                m[r1{0} - 72]=m[r1{0} - 72]{0},   m[r1{0} - 76]=m[r1{0} - 76]{0},   m[r1{0} - 80]=m[r1{0} - 80]{0},
                m[r1{0} - 88]=m[r1{0} - 88]{0},   m[r1{0} - 96]=m[r1{0} - 96]{0},   m[r1{0} - 104]=m[r1{0} - 104]{0},
                m[r1{0} - 108]=m[r1{0} - 108]{0},   m[r1{0} - 112]=m[r1{0} - 112]{0},
                m[r1{0} - 116]=m[r1{0} - 116]{0},   m[r1{0} - 124]=m[r1{0} - 124]{0},
                m[r1{0} - 128]=m[r1{0} - 128]{0},   m[r1{0} - 192]=r1{0},   tmp=31,   tmp_mask=0xffff
              Live variables:  in proc main
dest is not lib
call:  141 {*v* g3, *v* r5, *v* r6, *v* r7, *v* r8, *v* r9, *v* r10, *v* r11, *v* r12} := CALL printf(
                *c** g3 := machine("%LR") + 0x40c
              )
              Reaching definitions: r[tmp + 30]=r[tmp + 30]{0},   r0=(((r3{80} rl 0) & 0xffff) rl 0) & 0xffff,
                r1=r1{0} - 192,   r3=machine("%LR") + 0x40c,   r4=m[r1{0} - 80]{0},   r5=m[r1{0} - 76]{0},   r6=r6{134}
                r7=r7{134},   r8=r8{134},   r9=r9{134},   r10=r10{134},   r11=r11{134},   r12=r12{134},
                r30=r1{0} - 192,   r31=machine("%LR"),   m[r1{0} + 8]=machine("%LR"),   m[r1{0} + 24]=r3{0},
                m[r1{0} + 28]=r4{0},   m[r1{0} + 112]=r[tmp + 30]{0},   m[r1{0} + 116]=r[tmp + 30]{0},
                m[r1{0} - 32]=r3{80},   m[r1{0} - 64]=m[r1{0} - 64]{0},   m[r1{0} - 68]=m[r1{0} - 68]{0},
                m[r1{0} - 72]=m[r1{0} - 72]{0},   m[r1{0} - 76]=m[r1{0} - 76]{0},   m[r1{0} - 80]=m[r1{0} - 80]{0},
                m[r1{0} - 88]=m[r1{0} - 88]{0},   m[r1{0} - 96]=m[r1{0} - 96]{0},   m[r1{0} - 104]=m[r1{0} - 104]{0},
                m[r1{0} - 108]=m[r1{0} - 108]{0},   m[r1{0} - 112]=m[r1{0} - 112]{0},
                m[r1{0} - 116]=m[r1{0} - 116]{0},   m[r1{0} - 124]=m[r1{0} - 124]{0},
                m[r1{0} - 128]=m[r1{0} - 128]{0},   m[r1{0} - 192]=r1{0},   tmp=31,   tmp_mask=0xffff
              Live variables:  in proc main
dest is not lib
call:  147 {*v* g3, *v* r5, *v* r6, *v* r7, *v* r8, *v* r9, *v* r10, *v* r11, *v* r12} := CALL printf(
                *c** g3 := machine("%LR") + 0x418
              )
              Reaching definitions: r[tmp + 30]=r[tmp + 30]{0},   r0=(((r3{80} rl 0) & 0xffff) rl 0) & 0xffff,
                r1=r1{0} - 192,   r3=machine("%LR") + 0x418,   r4=m[r1{0} - 64]{0},   r5=r5{141},   r6=r6{141},
                r7=r7{141},   r8=r8{141},   r9=r9{141},   r10=r10{141},   r11=r11{141},   r12=r12{141},
                r30=r1{0} - 192,   r31=machine("%LR"),   m[r1{0} + 8]=machine("%LR"),   m[r1{0} + 24]=r3{0},
                m[r1{0} + 28]=r4{0},   m[r1{0} + 112]=r[tmp + 30]{0},   m[r1{0} + 116]=r[tmp + 30]{0},
                m[r1{0} - 32]=r3{80},   m[r1{0} - 64]=m[r1{0} - 64]{0},   m[r1{0} - 68]=m[r1{0} - 68]{0},
                m[r1{0} - 72]=m[r1{0} - 72]{0},   m[r1{0} - 76]=m[r1{0} - 76]{0},   m[r1{0} - 80]=m[r1{0} - 80]{0},
                m[r1{0} - 88]=m[r1{0} - 88]{0},   m[r1{0} - 96]=m[r1{0} - 96]{0},   m[r1{0} - 104]=m[r1{0} - 104]{0},
                m[r1{0} - 108]=m[r1{0} - 108]{0},   m[r1{0} - 112]=m[r1{0} - 112]{0},
                m[r1{0} - 116]=m[r1{0} - 116]{0},   m[r1{0} - 124]=m[r1{0} - 124]{0},
                m[r1{0} - 128]=m[r1{0} - 128]{0},   m[r1{0} - 192]=r1{0},   tmp=31,   tmp_mask=0xffff
              Live variables:  in proc main
dest is not lib
call:  154 {*v* g3, *v* r5, *v* r6, *v* r7, *v* r8, *v* r9, *v* r10, *v* r11, *v* r12} := CALL printf(
                *c** g3 := machine("%LR") + 0x428
              )
              Reaching definitions: r[tmp + 30]=r[tmp + 30]{0},   r0=(((r3{80} rl 0) & 0xffff) rl 0) & 0xffff,
                r1=r1{0} - 192,   r3=machine("%LR") + 0x428,   r4=m[r1{0} - 72]{0},   r5=m[r1{0} - 68]{0},   r6=r6{147}
                r7=r7{147},   r8=r8{147},   r9=r9{147},   r10=r10{147},   r11=r11{147},   r12=r12{147},
                r30=r1{0} - 192,   r31=machine("%LR"),   m[r1{0} + 8]=machine("%LR"),   m[r1{0} + 24]=r3{0},
                m[r1{0} + 28]=r4{0},   m[r1{0} + 112]=r[tmp + 30]{0},   m[r1{0} + 116]=r[tmp + 30]{0},
                m[r1{0} - 32]=r3{80},   m[r1{0} - 64]=m[r1{0} - 64]{0},   m[r1{0} - 68]=m[r1{0} - 68]{0},
                m[r1{0} - 72]=m[r1{0} - 72]{0},   m[r1{0} - 76]=m[r1{0} - 76]{0},   m[r1{0} - 80]=m[r1{0} - 80]{0},
                m[r1{0} - 88]=m[r1{0} - 88]{0},   m[r1{0} - 96]=m[r1{0} - 96]{0},   m[r1{0} - 104]=m[r1{0} - 104]{0},
                m[r1{0} - 108]=m[r1{0} - 108]{0},   m[r1{0} - 112]=m[r1{0} - 112]{0},
                m[r1{0} - 116]=m[r1{0} - 116]{0},   m[r1{0} - 124]=m[r1{0} - 124]{0},
                m[r1{0} - 128]=m[r1{0} - 128]{0},   m[r1{0} - 192]=r1{0},   tmp=31,   tmp_mask=0xffff
              Live variables:  in proc main
dest is not lib
call:  160 {*v* g3, *v* r5, *v* r6, *v* r7, *v* r8, *v* r9, *v* r10, *v* r11, *v* r12} := CALL printf(
                *c** g3 := machine("%LR") + 0x434
              )
              Reaching definitions: r[tmp + 30]=r[tmp + 30]{0},   r0=(((r3{80} rl 0) & 0xffff) rl 0) & 0xffff,
                r1=r1{0} - 192,   r3=machine("%LR") + 0x434,   r4=m[r1{0} - 104]{0},   r5=r5{154},   r6=r6{154},
                r7=r7{154},   r8=r8{154},   r9=r9{154},   r10=r10{154},   r11=r11{154},   r12=r12{154},
                r30=r1{0} - 192,   r31=machine("%LR"),   m[r1{0} + 8]=machine("%LR"),   m[r1{0} + 24]=r3{0},
                m[r1{0} + 28]=r4{0},   m[r1{0} + 112]=r[tmp + 30]{0},   m[r1{0} + 116]=r[tmp + 30]{0},
                m[r1{0} - 32]=r3{80},   m[r1{0} - 64]=m[r1{0} - 64]{0},   m[r1{0} - 68]=m[r1{0} - 68]{0},
                m[r1{0} - 72]=m[r1{0} - 72]{0},   m[r1{0} - 76]=m[r1{0} - 76]{0},   m[r1{0} - 80]=m[r1{0} - 80]{0},
                m[r1{0} - 88]=m[r1{0} - 88]{0},   m[r1{0} - 96]=m[r1{0} - 96]{0},   m[r1{0} - 104]=m[r1{0} - 104]{0},
                m[r1{0} - 108]=m[r1{0} - 108]{0},   m[r1{0} - 112]=m[r1{0} - 112]{0},
                m[r1{0} - 116]=m[r1{0} - 116]{0},   m[r1{0} - 124]=m[r1{0} - 124]{0},
                m[r1{0} - 128]=m[r1{0} - 128]{0},   m[r1{0} - 192]=r1{0},   tmp=31,   tmp_mask=0xffff
              Live variables:  in proc main
dest is not lib
call:  166 {*v* g3, *v* r5, *v* r6, *v* r7, *v* r8, *v* r9, *v* r10, *v* r11, *v* r12} := CALL printf(
                *c** g3 := machine("%LR") + 0x440
              )
              Reaching definitions: r[tmp + 30]=r[tmp + 30]{0},   r0=(((r3{80} rl 0) & 0xffff) rl 0) & 0xffff,
                r1=r1{0} - 192,   r3=machine("%LR") + 0x440,   r4=m[r1{0} - 96]{0},   r5=r5{160},   r6=r6{160},
                r7=r7{160},   r8=r8{160},   r9=r9{160},   r10=r10{160},   r11=r11{160},   r12=r12{160},
                r30=r1{0} - 192,   r31=machine("%LR"),   m[r1{0} + 8]=machine("%LR"),   m[r1{0} + 24]=r3{0},
                m[r1{0} + 28]=r4{0},   m[r1{0} + 112]=r[tmp + 30]{0},   m[r1{0} + 116]=r[tmp + 30]{0},
                m[r1{0} - 32]=r3{80},   m[r1{0} - 64]=m[r1{0} - 64]{0},   m[r1{0} - 68]=m[r1{0} - 68]{0},
                m[r1{0} - 72]=m[r1{0} - 72]{0},   m[r1{0} - 76]=m[r1{0} - 76]{0},   m[r1{0} - 80]=m[r1{0} - 80]{0},
                m[r1{0} - 88]=m[r1{0} - 88]{0},   m[r1{0} - 96]=m[r1{0} - 96]{0},   m[r1{0} - 104]=m[r1{0} - 104]{0},
                m[r1{0} - 108]=m[r1{0} - 108]{0},   m[r1{0} - 112]=m[r1{0} - 112]{0},
                m[r1{0} - 116]=m[r1{0} - 116]{0},   m[r1{0} - 124]=m[r1{0} - 124]{0},
                m[r1{0} - 128]=m[r1{0} - 128]{0},   m[r1{0} - 192]=r1{0},   tmp=31,   tmp_mask=0xffff
              Live variables:  in proc main
dest is not lib
call:  172 {*v* g3, *32* r5, *32* r6, *32* r7, *32* r8, *32* r9, *32* r10, *32* r11, *32* r12} := CALL printf(
                *c** g3 := machine("%LR") + 0x44c
              )
              Reaching definitions: r[tmp + 30]=r[tmp + 30]{0},   r0=(((r3{80} rl 0) & 0xffff) rl 0) & 0xffff,
                r1=r1{0} - 192,   r3=machine("%LR") + 0x44c,   r4=m[r1{0} - 88]{0},   r5=r5{166},   r6=r6{166},
                r7=r7{166},   r8=r8{166},   r9=r9{166},   r10=r10{166},   r11=r11{166},   r12=r12{166},
                r30=r1{0} - 192,   r31=machine("%LR"),   m[r1{0} + 8]=machine("%LR"),   m[r1{0} + 24]=r3{0},
                m[r1{0} + 28]=r4{0},   m[r1{0} + 112]=r[tmp + 30]{0},   m[r1{0} + 116]=r[tmp + 30]{0},
                m[r1{0} - 32]=r3{80},   m[r1{0} - 64]=m[r1{0} - 64]{0},   m[r1{0} - 68]=m[r1{0} - 68]{0},
                m[r1{0} - 72]=m[r1{0} - 72]{0},   m[r1{0} - 76]=m[r1{0} - 76]{0},   m[r1{0} - 80]=m[r1{0} - 80]{0},
                m[r1{0} - 88]=m[r1{0} - 88]{0},   m[r1{0} - 96]=m[r1{0} - 96]{0},   m[r1{0} - 104]=m[r1{0} - 104]{0},
                m[r1{0} - 108]=m[r1{0} - 108]{0},   m[r1{0} - 112]=m[r1{0} - 112]{0},
                m[r1{0} - 116]=m[r1{0} - 116]{0},   m[r1{0} - 124]=m[r1{0} - 124]{0},
                m[r1{0} - 128]=m[r1{0} - 128]{0},   m[r1{0} - 192]=r1{0},   tmp=31,   tmp_mask=0xffff
              Live variables:  in proc main
