Running phase: Unpacking ( some time )
No matching plugins found for 'gc'
Running phase: Initialization ( some time )
Running phase: Providers initialization ( some time )
Running phase: Input binary to LLVM IR decoding ( some time )
Running phase: LLVM ( some time )
Running phase: x86 address spaces optimization ( some time )
Running phase: x87 fpu register analysis ( some time )
Running phase: Main function identification optimization ( some time )
Running phase: Libgcc idioms optimization ( some time )
Running phase: LLVM instruction optimization ( some time )
Running phase: Conditional branch optimization ( some time )
Running phase: Syscalls optimization ( some time )
Running phase: Stack optimization ( some time )
Running phase: Constants optimization ( some time )
Running phase: Function parameters and returns optimization ( some time )
Running phase: LLVM instruction optimization using RDA ( some time )
Running phase: LLVM instruction optimization ( some time )
Running phase: Simple types recovery optimization ( some time )
Running phase: Disassembly generation ( some time )
Running phase: Assembly mapping instruction removal ( some time )
Running phase: C++ class hierarchy optimization ( some time )
Running phase: Selected functions optimization ( some time )
Running phase: Unreachable functions optimization ( some time )
Running phase: LLVM instruction optimization ( some time )
Running phase: Make all registers local ( some time )
Running phase: Value protection optimization ( some time )
Running phase: LLVM ( some time )
Running phase: LLVM instruction optimization ( some time )
Running phase: Simple types recovery optimization ( some time )
Running phase: Stack pointer operations optimization ( some time )
Running phase: Instruction idioms optimization ( some time )
Running phase: LLVM ( some time )
Running phase: LLVM instruction optimization ( some time )
Running phase: Instruction idioms optimization ( some time )
Running phase: Phi removal ( some time )
Running phase: LLVM ( some time )
Running phase: Value protection optimization ( some time )
Running phase: Generate the current LLVM IR ( some time )
Running phase: Generate the current bitcode ( some time )
Running phase: LLVM IR -> HLL ( some time )
Running phase: initialization ( some time )
 -> loading the input config ( some time )
 -> creating the used HLL writer [c] ( some time )
 -> creating the used alias analysis [simple] ( some time )
 -> creating the used call info obtainer [optim] ( some time )
 -> creating the used evaluator of arithmetical expressions [c] ( some time )
 -> creating the used variable names generator [fruit] ( some time )
 -> creating the used variable renamer [readable] ( some time )
 -> creating the used semantics [libc,gcc-general,win-api] ( some time )
Running phase: conversion of LLVM IR into BIR ( some time )
 -> converting global variables ( some time )
 -> converting function function_401114 ( some time )
 -> converting function function_4011a7 ( some time )
 -> converting function entry_point ( some time )
 -> converting function function_4011f2 ( some time )
 -> converting function function_4015b0 ( some time )
 -> converting function function_401f80 ( some time )
 -> converting function function_401fa0 ( some time )
 -> converting function function_402140 ( some time )
 -> converting function function_4021c7 ( some time )
 -> converting function function_40229e ( some time )
 -> converting function function_4022d0 ( some time )
 -> converting function function_402350 ( some time )
 -> converting function function_4023b0 ( some time )
 -> converting function function_402480 ( some time )
 -> converting function function_4024b0 ( some time )
 -> converting function function_4025f2 ( some time )
 -> converting function function_4026e0 ( some time )
 -> converting function function_40276d ( some time )
 -> converting function function_4027c0 ( some time )
 -> converting function function_40283c ( some time )
 -> converting function function_40286f ( some time )
 -> converting function function_40288a ( some time )
 -> converting function function_4028ae ( some time )
 -> converting function function_4028c1 ( some time )
 -> converting function function_402973 ( some time )
 -> converting function function_4029e7 ( some time )
 -> converting function function_4029f1 ( some time )
 -> converting function function_402a3d ( some time )
 -> converting function function_402a42 ( some time )
 -> converting function function_402a4f ( some time )
 -> converting function function_402a59 ( some time )
 -> converting function function_402a6c ( some time )
 -> converting function function_402a7f ( some time )
 -> converting function function_402a84 ( some time )
 -> converting function function_402a89 ( some time )
 -> converting function function_402a96 ( some time )
 -> converting function function_402aa2 ( some time )
 -> converting function function_402aac ( some time )
 -> converting function function_402ab8 ( some time )
 -> converting function function_402acd ( some time )
 -> converting function function_402ae2 ( some time )
 -> converting function function_402af7 ( some time )
 -> converting function function_402b21 ( some time )
 -> converting function function_402b36 ( some time )
 -> converting function function_402b4b ( some time )
 -> converting function function_402b60 ( some time )
 -> converting function function_402b75 ( some time )
 -> converting function function_402b8a ( some time )
 -> converting function function_402b9f ( some time )
 -> converting function function_402bb4 ( some time )
 -> converting function function_402bc9 ( some time )
 -> converting function function_402bdf ( some time )
 -> converting function function_402bff ( some time )
 -> converting function function_402c1f ( some time )
 -> converting function function_402c62 ( some time )
 -> converting function function_402c72 ( some time )
 -> converting function function_402c92 ( some time )
 -> converting function function_402cd5 ( some time )
 -> converting function function_402d3e ( some time )
 -> converting function function_402d4e ( some time )
 -> converting function function_402de0 ( some time )
 -> converting function function_402f50 ( some time )
 -> converting function function_402fe0 ( some time )
 -> converting function function_403070 ( some time )
 -> converting function function_403090 ( some time )
 -> converting function function_403110 ( some time )
 -> converting function function_4031c0 ( some time )
 -> converting function function_4033ac ( some time )
 -> converting function function_4033bc ( some time )
 -> converting function function_4033cc ( some time )
 -> converting function function_4033dc ( some time )
 -> converting function function_4033fc ( some time )
 -> converting function function_403410 ( some time )
 -> converting function function_4036a0 ( some time )
 -> converting function function_403710 ( some time )
 -> converting function function_4039b0 ( some time )
 -> converting function function_403c50 ( some time )
 -> converting function function_403d30 ( some time )
 -> converting function function_404000 ( some time )
 -> converting function function_404190 ( some time )
 -> converting function function_404670 ( some time )
 -> converting function function_404be0 ( some time )
 -> converting function function_404d00 ( some time )
 -> converting function function_404d10 ( some time )
 -> converting function function_404ed0 ( some time )
 -> converting function function_404f60 ( some time )
 -> converting function function_405040 ( some time )
 -> converting function function_4051d0 ( some time )
 -> converting function function_4053a0 ( some time )
 -> converting function function_405500 ( some time )
 -> converting function function_4056c0 ( some time )
 -> converting function function_4057d0 ( some time )
 -> converting function function_405870 ( some time )
 -> converting function function_405ac0 ( some time )
 -> converting function function_405bc0 ( some time )
 -> converting function function_405e00 ( some time )
 -> converting function function_405e30 ( some time )
 -> converting function function_405ea5 ( some time )
 -> converting function function_405eb5 ( some time )
 -> converting function function_405ec5 ( some time )
 -> converting function function_405ed5 ( some time )
 -> converting function function_405ee5 ( some time )
 -> converting function function_405ef5 ( some time )
 -> converting function function_405f08 ( some time )
 -> converting function function_405f18 ( some time )
 -> converting function function_405f28 ( some time )
 -> converting function function_405f38 ( some time )
 -> converting function function_405f4b ( some time )
 -> converting function function_405f5b ( some time )
 -> converting function function_405f6e ( some time )
 -> converting function function_405f7e ( some time )
 -> converting function function_405f8e ( some time )
 -> converting function function_405f9e ( some time )
 -> converting function function_405fb1 ( some time )
 -> converting function function_406004 ( some time )
 -> converting function function_406064 ( some time )
 -> converting function function_40607a ( some time )
 -> converting function function_4060a0 ( some time )
 -> converting function function_406480 ( some time )
 -> converting function function_4064d0 ( some time )
 -> converting function function_406570 ( some time )
 -> converting function function_4065d0 ( some time )
 -> converting function function_4066a0 ( some time )
 -> converting function function_406750 ( some time )
 -> converting function function_4067c0 ( some time )
 -> converting function function_406860 ( some time )
 -> converting function function_4068a0 ( some time )
 -> converting function function_406950 ( some time )
 -> converting function function_406a10 ( some time )
 -> converting function function_406d30 ( some time )
 -> converting function function_406e60 ( some time )
 -> converting function function_407100 ( some time )
 -> converting function function_407170 ( some time )
 -> converting function function_407850 ( some time )
 -> converting function function_4078f0 ( some time )
 -> converting function function_407fc0 ( some time )
 -> converting function function_408230 ( some time )
 -> converting function function_408250 ( some time )
 -> converting function function_4082b0 ( some time )
 -> converting function function_4097e0 ( some time )
 -> converting function function_409ce0 ( some time )
 -> converting function function_409d70 ( some time )
 -> converting function function_409da0 ( some time )
 -> converting function function_409db0 ( some time )
 -> converting function function_40a090 ( some time )
 -> converting function function_40a100 ( some time )
 -> converting function function_40a3f0 ( some time )
 -> converting function function_40a470 ( some time )
 -> converting function function_40a4d0 ( some time )
 -> converting function function_40a570 ( some time )
 -> converting function function_40a580 ( some time )
 -> converting function function_40a810 ( some time )
 -> converting function function_40a890 ( some time )
 -> converting function function_40a950 ( some time )
 -> converting function function_40aa40 ( some time )
 -> converting function function_40aa80 ( some time )
 -> converting function function_40aad0 ( some time )
 -> converting function function_40ac60 ( some time )
 -> converting function function_40ad00 ( some time )
 -> converting function function_40ad90 ( some time )
 -> converting function function_40ada0 ( some time )
 -> converting function function_40ade0 ( some time )
 -> converting function function_40ae80 ( some time )
 -> converting function function_40aec0 ( some time )
 -> converting function function_40af80 ( some time )
 -> converting function function_40b0b0 ( some time )
 -> converting function function_40b0c0 ( some time )
 -> converting function function_40b110 ( some time )
 -> converting function function_40b4ae ( some time )
 -> converting function function_40b4f0 ( some time )
 -> converting function function_40b560 ( some time )
 -> converting function function_40b6fb ( some time )
 -> converting function function_40b701 ( some time )
 -> converting function function_40b707 ( some time )
 -> converting function function_40b70d ( some time )
 -> converting function function_40b713 ( some time )
 -> converting function function_40b720 ( some time )
 -> converting function function_40b7a0 ( some time )
 -> converting function function_40b7e0 ( some time )
 -> converting function function_40ecb0 ( some time )
 -> converting function function_40ed3d ( some time )
 -> converting function function_40ed60 ( some time )
 -> converting function function_40ed70 ( some time )
 -> converting function function_40ed90 ( some time )
 -> converting function function_40ede0 ( some time )
 -> converting function function_40ee90 ( some time )
 -> converting function function_40ef50 ( some time )
 -> converting function function_40efb0 ( some time )
 -> converting function function_40f050 ( some time )
 -> converting function function_40f140 ( some time )
 -> converting function function_40f180 ( some time )
 -> converting function function_40f2d0 ( some time )
 -> converting function function_40f340 ( some time )
 -> converting function function_40f370 ( some time )
 -> converting function function_40f560 ( some time )
 -> converting function function_40f5e0 ( some time )
 -> converting function function_40f750 ( some time )
 -> converting function function_40f830 ( some time )
 -> converting function function_40f867 ( some time )
 -> converting function function_40f880 ( some time )
 -> converting function function_40f8b0 ( some time )
 -> converting function function_40f900 ( some time )
 -> converting function function_40f960 ( some time )
 -> converting function function_40f9a0 ( some time )
 -> converting function function_40fbb0 ( some time )
 -> converting function function_40fdd0 ( some time )
 -> converting function function_40fe50 ( some time )
 -> converting function function_40fef0 ( some time )
 -> converting function function_40ffa0 ( some time )
 -> converting function function_40ffc0 ( some time )
 -> converting function function_40ffe0 ( some time )
 -> converting function function_410010 ( some time )
 -> converting function function_410050 ( some time )
 -> converting function function_410090 ( some time )
 -> converting function function_4100ae ( some time )
 -> converting function function_4100bb ( some time )
 -> converting function function_4100e0 ( some time )
 -> converting function function_410160 ( some time )
 -> converting function function_410260 ( some time )
 -> converting function function_4102a0 ( some time )
 -> converting function function_410390 ( some time )
 -> converting function function_410560 ( some time )
 -> converting function function_410600 ( some time )
 -> converting function function_410650 ( some time )
 -> converting function function_4106f0 ( some time )
 -> converting function function_410830 ( some time )
 -> converting function function_4108b0 ( some time )
 -> converting function function_410930 ( some time )
 -> converting function function_410960 ( some time )
 -> converting function function_410a20 ( some time )
 -> converting function function_410a90 ( some time )
 -> converting function function_410ae0 ( some time )
 -> converting function function_410b10 ( some time )
 -> converting function function_410c20 ( some time )
 -> converting function function_410c50 ( some time )
 -> converting function function_410e90 ( some time )
 -> converting function function_410f70 ( some time )
 -> converting function function_410f90 ( some time )
 -> converting function function_411370 ( some time )
 -> converting function function_411440 ( some time )
 -> converting function function_4114b0 ( some time )
 -> converting function function_4114c0 ( some time )
 -> converting function function_4117e0 ( some time )
 -> converting function function_411870 ( some time )
 -> converting function function_411930 ( some time )
 -> converting function function_4119f0 ( some time )
 -> converting function function_411a10 ( some time )
 -> converting function function_411a30 ( some time )
 -> converting function function_411da0 ( some time )
 -> converting function function_411e40 ( some time )
 -> converting function function_411e70 ( some time )
 -> converting function function_411ee0 ( some time )
 -> converting function function_411fa0 ( some time )
 -> converting function function_412150 ( some time )
 -> converting function function_4121b0 ( some time )
 -> converting function function_4121e0 ( some time )
 -> converting function function_412210 ( some time )
 -> converting function function_4122d0 ( some time )
 -> converting function function_4122e0 ( some time )
 -> converting function function_412300 ( some time )
 -> converting function function_412310 ( some time )
 -> converting function function_412330 ( some time )
 -> converting function function_412340 ( some time )
 -> converting function function_412350 ( some time )
 -> converting function function_412360 ( some time )
 -> converting function function_412370 ( some time )
 -> converting function function_412380 ( some time )
 -> converting function function_412390 ( some time )
 -> converting function function_4123b0 ( some time )
 -> converting function function_4123c0 ( some time )
 -> converting function function_4123d0 ( some time )
 -> converting function function_4123e0 ( some time )
 -> converting function function_412410 ( some time )
 -> converting function function_412420 ( some time )
 -> converting function function_412430 ( some time )
 -> converting function function_412440 ( some time )
 -> converting function function_412450 ( some time )
 -> converting function function_4124a0 ( some time )
 -> converting function function_4124e0 ( some time )
 -> converting function function_412530 ( some time )
 -> converting function function_412580 ( some time )
 -> converting function function_412600 ( some time )
 -> converting function function_412630 ( some time )
 -> converting function function_412660 ( some time )
 -> converting function function_412c10 ( some time )
 -> converting function function_4130c0 ( some time )
 -> converting function function_413260 ( some time )
 -> converting function function_413ac0 ( some time )
 -> converting function function_413b40 ( some time )
 -> converting function function_413cc0 ( some time )
 -> converting function function_4142f0 ( some time )
 -> converting function function_4145a0 ( some time )
 -> converting function function_414600 ( some time )
 -> converting function function_414650 ( some time )
 -> converting function function_414795 ( some time )
 -> converting function function_4147b4 ( some time )
 -> converting function function_4147fa ( some time )
 -> converting function function_4147fc ( some time )
 -> converting function function_414807 ( some time )
 -> converting function function_414880 ( some time )
 -> converting function function_4148d0 ( some time )
 -> converting function function_4148f0 ( some time )
 -> converting function function_414960 ( some time )
 -> converting function function_4149f0 ( some time )
 -> converting function function_414ab0 ( some time )
 -> converting function function_414b60 ( some time )
 -> converting function function_414ba0 ( some time )
 -> converting function function_414c00 ( some time )
 -> converting function function_414c50 ( some time )
 -> converting function function_414cb0 ( some time )
 -> converting function function_414cf0 ( some time )
 -> converting function function_414d40 ( some time )
 -> converting function function_414fc0 ( some time )
 -> converting function function_415200 ( some time )
 -> converting function function_415240 ( some time )
 -> converting function function_4153f4 ( some time )
 -> converting function function_4154c0 ( some time )
 -> converting function function_4155fc ( some time )
 -> converting function function_41561f ( some time )
 -> converting function function_4156ef ( some time )
 -> converting function function_41571a ( some time )
 -> converting function function_41576b ( some time )
 -> converting function function_415783 ( some time )
 -> converting function function_4157a4 ( some time )
 -> converting function function_4157b1 ( some time )
 -> converting function function_4158b1 ( some time )
 -> converting function function_4158c8 ( some time )
 -> converting function function_416001 ( some time )
 -> converting function function_416040 ( some time )
 -> converting function function_4160c0 ( some time )
 -> converting function function_416150 ( some time )
 -> converting function function_416180 ( some time )
 -> converting function function_416220 ( some time )
 -> converting function function_4162a0 ( some time )
 -> converting function function_4162c8 ( some time )
 -> converting function function_41633b ( some time )
Running phase: removing functions from standard libraries ( some time )
Running phase: removing code that is not reachable in a CFG ( some time )
Warning: [NonRecursiveCFGBuilder] there is no node for an edge to `# empty statement` -> skipping this edge
Warning: [NonRecursiveCFGBuilder] there is no node for an edge to `r14_0_reload = r14_0_reg2mem` -> skipping this edge
Warning: [NonRecursiveCFGBuilder] there is no node for an edge to `goto 0x403f78_5` -> skipping this edge
Warning: [NonRecursiveCFGBuilder] there is no node for an edge to `goto 0x4099a4` -> skipping this edge
Warning: [NonRecursiveCFGBuilder] there is no node for an edge to `*(IntToPtrCastExpr<ptr>((var28 + 1))) = rbx_1_reload` -> skipping this edge
Warning: [NonRecursiveCFGBuilder] there is no node for an edge to `goto 0x40b34d` -> skipping this edge
Warning: [NonRecursiveCFGBuilder] there is no node for an edge to `goto 0x40eee7` -> skipping this edge
Warning: [NonRecursiveCFGBuilder] there is no node for an edge to `var16 = function_402af7()` -> skipping this edge
Warning: [NonRecursiveCFGBuilder] there is no node for an edge to `cf_3_reg2mem = (var90 != var91)` -> skipping this edge
Warning: [NonRecursiveCFGBuilder] there is no node for an edge to `r10_0_reload = r10_0_reg2mem` -> skipping this edge
Warning: [NonRecursiveCFGBuilder] there is no node for an edge to `goto 0x412df8` -> skipping this edge
Warning: [NonRecursiveCFGBuilder] there is no node for an edge to `# empty statement` -> skipping this edge
Warning: [NonRecursiveCFGBuilder] there is no node for an edge to `goto 0x413449` -> skipping this edge
Warning: [NonRecursiveCFGBuilder] there is no node for an edge to `goto 0x4134b3` -> skipping this edge
Warning: [NonRecursiveCFGBuilder] there is no node for an edge to `r15_17_reg2mem = var75` -> skipping this edge
Warning: [NonRecursiveCFGBuilder] there is no node for an edge to `var102 = *(var8)` -> skipping this edge
Warning: [NonRecursiveCFGBuilder] there is no node for an edge to `rax_5_reload = rax_5_reg2mem` -> skipping this edge
Warning: [NonRecursiveCFGBuilder] there is no node for an edge to `break` -> skipping this edge
Warning: [NonRecursiveCFGBuilder] there is no node for an edge to `rax_66_reload = rax_66_reg2mem` -> skipping this edge
Running phase: signed/unsigned types fixing ( some time )
Running phase: converting LLVM intrinsic functions to standard functions ( some time )
Running phase: obtaining debug information ( some time )
Running phase: alias analysis [simple] ( some time )
Running phase: optimizations ( some time )
 -> running GotoStmtOptimizer ( some time )
 -> running RemoveUselessCastsOptimizer ( some time )
 -> running UnusedGlobalVarOptimizer ( some time )
 -> running DeadLocalAssignOptimizer ( some time )
 -> running SimpleCopyPropagationOptimizer ( some time )
Warning: [NonRecursiveCFGBuilder] there is no node for an edge to `# empty statement` -> skipping this edge
Warning: [NonRecursiveCFGBuilder] there is no node for an edge to `r14_0_reload = r14_0_reg2mem` -> skipping this edge
Warning: [NonRecursiveCFGBuilder] there is no node for an edge to `goto 0x403f78_5` -> skipping this edge
Warning: [NonRecursiveCFGBuilder] there is no node for an edge to `goto 0x4099a4` -> skipping this edge
Warning: [NonRecursiveCFGBuilder] there is no node for an edge to `*(IntToPtrCastExpr<ptr>((var28 + 1))) = rbx_1_reload` -> skipping this edge
Warning: [NonRecursiveCFGBuilder] there is no node for an edge to `goto 0x40b34d` -> skipping this edge
Warning: [NonRecursiveCFGBuilder] there is no node for an edge to `goto 0x40eee7` -> skipping this edge
Warning: [NonRecursiveCFGBuilder] there is no node for an edge to `var16 = function_402af7()` -> skipping this edge
Warning: [NonRecursiveCFGBuilder] there is no node for an edge to `cf_3_reg2mem = (var90 != var91)` -> skipping this edge
Warning: [NonRecursiveCFGBuilder] there is no node for an edge to `r10_0_reload = r10_0_reg2mem` -> skipping this edge
Warning: [NonRecursiveCFGBuilder] there is no node for an edge to `goto 0x412df8` -> skipping this edge
Warning: [NonRecursiveCFGBuilder] there is no node for an edge to `# empty statement` -> skipping this edge
Warning: [NonRecursiveCFGBuilder] there is no node for an edge to `goto 0x413449` -> skipping this edge
Warning: [NonRecursiveCFGBuilder] there is no node for an edge to `goto 0x4134b3` -> skipping this edge
Warning: [NonRecursiveCFGBuilder] there is no node for an edge to `r15_17_reg2mem = var75` -> skipping this edge
Warning: [NonRecursiveCFGBuilder] there is no node for an edge to `var102 = *(var8)` -> skipping this edge
Warning: [NonRecursiveCFGBuilder] there is no node for an edge to `rax_5_reload = rax_5_reg2mem` -> skipping this edge
Warning: [NonRecursiveCFGBuilder] there is no node for an edge to `break` -> skipping this edge
Warning: [NonRecursiveCFGBuilder] there is no node for an edge to `rax_66_reload = rax_66_reg2mem` -> skipping this edge
 -> running CopyPropagationOptimizer ( some time )
Warning: [NonRecursiveCFGBuilder] there is no node for an edge to `# empty statement` -> skipping this edge
Warning: [NonRecursiveCFGBuilder] there is no node for an edge to `r14_0_reload = r14_0_reg2mem` -> skipping this edge
Warning: [NonRecursiveCFGBuilder] there is no node for an edge to `goto 0x403f78_5` -> skipping this edge
Warning: [NonRecursiveCFGBuilder] there is no node for an edge to `goto 0x4099a4` -> skipping this edge
Warning: [NonRecursiveCFGBuilder] there is no node for an edge to `*(IntToPtrCastExpr<ptr>((var28 + 1))) = rbx_1_reload` -> skipping this edge
Warning: [NonRecursiveCFGBuilder] there is no node for an edge to `goto 0x40b34d` -> skipping this edge
Warning: [NonRecursiveCFGBuilder] there is no node for an edge to `goto 0x40eee7` -> skipping this edge
Warning: [NonRecursiveCFGBuilder] there is no node for an edge to `var16 = function_402af7()` -> skipping this edge
Warning: [NonRecursiveCFGBuilder] there is no node for an edge to `cf_3_reg2mem = (var90 != var91)` -> skipping this edge
Warning: [NonRecursiveCFGBuilder] there is no node for an edge to `r10_0_reload = r10_0_reg2mem` -> skipping this edge
Warning: [NonRecursiveCFGBuilder] there is no node for an edge to `goto 0x412df8` -> skipping this edge
Warning: [NonRecursiveCFGBuilder] there is no node for an edge to `# empty statement` -> skipping this edge
Warning: [NonRecursiveCFGBuilder] there is no node for an edge to `goto 0x413449` -> skipping this edge
Warning: [NonRecursiveCFGBuilder] there is no node for an edge to `goto 0x4134b3` -> skipping this edge
Warning: [NonRecursiveCFGBuilder] there is no node for an edge to `r15_17_reg2mem = var75` -> skipping this edge
Warning: [NonRecursiveCFGBuilder] there is no node for an edge to `var102 = *(var8)` -> skipping this edge
Warning: [NonRecursiveCFGBuilder] there is no node for an edge to `rax_5_reload = rax_5_reg2mem` -> skipping this edge
Warning: [NonRecursiveCFGBuilder] there is no node for an edge to `break` -> skipping this edge
Warning: [NonRecursiveCFGBuilder] there is no node for an edge to `rax_66_reload = rax_66_reg2mem` -> skipping this edge
 -> running SimplifyArithmExprOptimizer ( some time )
 -> running IfStructureOptimizer ( some time )
 -> running LoopLastContinueOptimizer ( some time )
 -> running PreWhileTrueLoopConvOptimizer ( some time )
 -> running WhileTrueToForLoopOptimizer ( some time )
 -> running WhileTrueToWhileCondOptimizer ( some time )
 -> running IfBeforeLoopOptimizer ( some time )
 -> running LLVMIntrinsicsOptimizer ( some time )
 -> running VoidReturnOptimizer ( some time )
 -> running BreakContinueReturnOptimizer ( some time )
 -> running BitShiftOptimizer ( some time )
 -> running DerefAddressOptimizer ( some time )
 -> running EmptyArrayToStringOptimizer ( some time )
 -> running BitOpToLogOpOptimizer ( some time )
 -> running SimplifyArithmExprOptimizer ( some time )
 -> running UnusedGlobalVarOptimizer ( some time )
 -> running DeadLocalAssignOptimizer ( some time )
 -> running SimpleCopyPropagationOptimizer ( some time )
Warning: [NonRecursiveCFGBuilder] there is no node for an edge to `# empty statement` -> skipping this edge
Warning: [NonRecursiveCFGBuilder] there is no node for an edge to `r14_0_reload = r14_0_reg2mem` -> skipping this edge
Warning: [NonRecursiveCFGBuilder] there is no node for an edge to `function_4068a0(&(global_var_418f76), 1)` -> skipping this edge
Warning: [NonRecursiveCFGBuilder] there is no node for an edge to `_reload21 = _reg2mem20` -> skipping this edge
Warning: [NonRecursiveCFGBuilder] there is no node for an edge to `goto 0x4099a4` -> skipping this edge
Warning: [NonRecursiveCFGBuilder] there is no node for an edge to `*(IntToPtrCastExpr<ptr>((var28 + 1))) = rbx_1_reload` -> skipping this edge
Warning: [NonRecursiveCFGBuilder] there is no node for an edge to `goto 0x40b34d` -> skipping this edge
Warning: [NonRecursiveCFGBuilder] there is no node for an edge to `goto 0x40eee7` -> skipping this edge
Warning: [NonRecursiveCFGBuilder] there is no node for an edge to `var16 = function_402af7()` -> skipping this edge
Warning: [NonRecursiveCFGBuilder] there is no node for an edge to `cf_3_reg2mem = (var90 != var91)` -> skipping this edge
Warning: [NonRecursiveCFGBuilder] there is no node for an edge to `# empty statement` -> skipping this edge
Warning: [NonRecursiveCFGBuilder] there is no node for an edge to `goto 0x412df8` -> skipping this edge
Warning: [NonRecursiveCFGBuilder] there is no node for an edge to `# empty statement` -> skipping this edge
Warning: [NonRecursiveCFGBuilder] there is no node for an edge to `goto 0x413449` -> skipping this edge
Warning: [NonRecursiveCFGBuilder] there is no node for an edge to `goto 0x4134b3` -> skipping this edge
Warning: [NonRecursiveCFGBuilder] there is no node for an edge to `r15_17_reg2mem = var75` -> skipping this edge
Warning: [NonRecursiveCFGBuilder] there is no node for an edge to `var102 = *(var8)` -> skipping this edge
Warning: [NonRecursiveCFGBuilder] there is no node for an edge to `rax_5_reload = rax_5_reg2mem` -> skipping this edge
Warning: [NonRecursiveCFGBuilder] there is no node for an edge to `goto 0x414ff7_2` -> skipping this edge
Warning: [NonRecursiveCFGBuilder] there is no node for an edge to `# empty statement` -> skipping this edge
 -> running CopyPropagationOptimizer ( some time )
Warning: [NonRecursiveCFGBuilder] there is no node for an edge to `# empty statement` -> skipping this edge
Warning: [NonRecursiveCFGBuilder] there is no node for an edge to `r14_0_reload = r14_0_reg2mem` -> skipping this edge
Warning: [NonRecursiveCFGBuilder] there is no node for an edge to `function_4068a0(&(global_var_418f76), 1)` -> skipping this edge
Warning: [NonRecursiveCFGBuilder] there is no node for an edge to `_reload21 = _reg2mem20` -> skipping this edge
Warning: [NonRecursiveCFGBuilder] there is no node for an edge to `goto 0x4099a4` -> skipping this edge
Warning: [NonRecursiveCFGBuilder] there is no node for an edge to `*(IntToPtrCastExpr<ptr>((var28 + 1))) = rbx_1_reload` -> skipping this edge
Warning: [NonRecursiveCFGBuilder] there is no node for an edge to `goto 0x40b34d` -> skipping this edge
Warning: [NonRecursiveCFGBuilder] there is no node for an edge to `goto 0x40eee7` -> skipping this edge
Warning: [NonRecursiveCFGBuilder] there is no node for an edge to `var16 = function_402af7()` -> skipping this edge
Warning: [NonRecursiveCFGBuilder] there is no node for an edge to `cf_3_reg2mem = (var90 != var91)` -> skipping this edge
Warning: [NonRecursiveCFGBuilder] there is no node for an edge to `# empty statement` -> skipping this edge
Warning: [NonRecursiveCFGBuilder] there is no node for an edge to `goto 0x412df8` -> skipping this edge
Warning: [NonRecursiveCFGBuilder] there is no node for an edge to `# empty statement` -> skipping this edge
Warning: [NonRecursiveCFGBuilder] there is no node for an edge to `goto 0x413449` -> skipping this edge
Warning: [NonRecursiveCFGBuilder] there is no node for an edge to `goto 0x4134b3` -> skipping this edge
Warning: [NonRecursiveCFGBuilder] there is no node for an edge to `r15_17_reg2mem = var75` -> skipping this edge
Warning: [NonRecursiveCFGBuilder] there is no node for an edge to `var102 = *(var8)` -> skipping this edge
Warning: [NonRecursiveCFGBuilder] there is no node for an edge to `rax_5_reload = rax_5_reg2mem` -> skipping this edge
Warning: [NonRecursiveCFGBuilder] there is no node for an edge to `goto 0x414ff7_2` -> skipping this edge
Warning: [NonRecursiveCFGBuilder] there is no node for an edge to `# empty statement` -> skipping this edge
 -> running SelfAssignOptimizer ( some time )
 -> running VarDefForLoopOptimizer ( some time )
 -> running VarDefStmtOptimizer ( some time )
 -> running EmptyStmtOptimizer ( some time )
 -> running GotoStmtOptimizer ( some time )
 -> running SimplifyArithmExprOptimizer ( some time )
 -> running DeadCodeOptimizer ( some time )
 -> running DerefToArrayIndexOptimizer ( some time )
 -> running IfToSwitchOptimizer ( some time )
 -> running CCastOptimizer ( some time )
 -> running CArrayArgOptimizer ( some time )
Running phase: variable renaming [readable] ( some time )
Running phase: converting constants to symbolic names ( some time )
Running phase: module validation ( some time )
 -> running BreakOutsideLoopValidator ( some time )
Warning: In function_4011a7(), found `break` outside of a loop or a switch statement.
Warning: In function_405870(), found `break` outside of a loop or a switch statement.
Warning: In function_409db0(), found `break` outside of a loop or a switch statement.
Warning: In function_40f370(), found `break` outside of a loop or a switch statement.
Warning: In function_411ee0(), found `break` outside of a loop or a switch statement.
 -> running NoGlobalVarDefValidator ( some time )
 -> running ReturnValidator ( some time )
Running phase: emission of the target code [c] ( some time )
Running phase: finalization ( some time )
Running phase: cleanup ( some time )
