Using options:
080482F0: warning: Unable to resolve imported reference usleep.
08058080: warning: Expected sizes of arrays to have been determined by now
080580A0: warning: Expected sizes of arrays to have been determined by now
080580C0: warning: Expected sizes of arrays to have been determined by now
080580E0: warning: Expected sizes of arrays to have been determined by now
08058310: warning: Expected sizes of arrays to have been determined by now
0805A190: warning: Expected sizes of arrays to have been determined by now
0805B600: warning: Expected sizes of arrays to have been determined by now
0806BF30: warning: Expected sizes of arrays to have been determined by now
0816C050: warning: Expected sizes of arrays to have been determined by now
0819C570: warning: Expected sizes of arrays to have been determined by now
081BCF90: warning: Expected sizes of arrays to have been determined by now
081D5EC0: warning: Expected sizes of arrays to have been determined by now
081D6CF0: warning: Expected sizes of arrays to have been determined by now
081DED10: warning: Expected sizes of arrays to have been determined by now
081EF220: warning: Expected sizes of arrays to have been determined by now
08200F80: warning: Expected sizes of arrays to have been determined by now
08401150: warning: Expected sizes of arrays to have been determined by now
08401160: warning: Expected sizes of arrays to have been determined by now
08401170: warning: Expected sizes of arrays to have been determined by now
086011C8: warning: Expected sizes of arrays to have been determined by now
08058080: warning: Expected sizes of arrays to have been determined by now
080580A0: warning: Expected sizes of arrays to have been determined by now
080580C0: warning: Expected sizes of arrays to have been determined by now
080580E0: warning: Expected sizes of arrays to have been determined by now
08058310: warning: Expected sizes of arrays to have been determined by now
0805A190: warning: Expected sizes of arrays to have been determined by now
0805B600: warning: Expected sizes of arrays to have been determined by now
0806BF30: warning: Expected sizes of arrays to have been determined by now
0816C050: warning: Expected sizes of arrays to have been determined by now
0819C570: warning: Expected sizes of arrays to have been determined by now
081BCF90: warning: Expected sizes of arrays to have been determined by now
081D5EC0: warning: Expected sizes of arrays to have been determined by now
081D6CF0: warning: Expected sizes of arrays to have been determined by now
081DED10: warning: Expected sizes of arrays to have been determined by now
081EF220: warning: Expected sizes of arrays to have been determined by now
08200F80: warning: Expected sizes of arrays to have been determined by now
08401150: warning: Expected sizes of arrays to have been determined by now
08401160: warning: Expected sizes of arrays to have been determined by now
08401170: warning: Expected sizes of arrays to have been determined by now
086011C8: warning: Expected sizes of arrays to have been determined by now
