Analyzing './from_boomerang/superstat/sparc_elf_from_boomerang/subject.exe' as a Sparc 32 ELF binary file.

0 Procs, 0 Labels, 0 Branches, 0 MB used, 0 / 0 kB covered
Elapsed time: 0 sec.
./from_boomerang/superstat/sparc_elf_from_boomerang/subject.exe: no .debug_info section
./from_boomerang/superstat/sparc_elf_from_boomerang/subject.exe: 29 sections starting at 0x00001614
./from_boomerang/superstat/sparc_elf_from_boomerang/subject.exe: section string table at 0x00001A4C, 0xEE bytes
 Offset:  [ix]  Address    Size    Offset  Name
00001614: [ 0] 00000000 00000000 00000000 
0000163C: [ 1] 000100D4 00000011 000000D4 .interp
00001664: [ 2] 000100E8 000000C0 000000E8 .hash
0000168C: [ 3] 000101A8 00000170 000001A8 .dynsym
000016B4: [ 4] 00010318 00000110 00000318 .dynstr
000016DC: [ 5] 00010428 00000020 00000428 .SUNW_version
00001704: [ 6] 00010448 00000024 00000448 .rela.got
0000172C: [ 7] 0001046C 0000000C 0000046C .rela.bss
00001754: [ 8] 00010478 00000060 00000478 .rela.plt
0000177C: [ 9] 000104D8 00000330 000004D8 .text
000017A4: [10] 00010808 0000001C 00000808 .init
000017CC: [11] 00010824 00000014 00000824 .fini
000017F4: [12] 00010838 000000E3 00000838 .rodata
0000181C: [13] 0002091C 00000028 0000091C .got
00001844: [14] 00020944 00000094 00000944 .plt
0000186C: [15] 000209D8 000000B8 000009D8 .dynamic
00001894: [16] 00020A90 0000000C 00000A90 .data
000018BC: [17] 00020A9C 00000008 00000A9C .ctors
000018E4: [18] 00020AA4 00000008 00000AA4 .dtors
0000190C: [19] 00020AAC 00000004 00000AAC .eh_frame
00001934: [20] 00020AB0 00000004 00000AB0 .jcr
0000195C: [21] 00020AB4 00000004 00000AB4 .data.rel.local
00001984: [22] 00020AB8 00000020 00000AB8 .bss
000019AC: [23] 00000000 000004F0 00000AB8 .symtab
000019D4: [24] 00000000 00000273 00000FA8 .strtab
000019FC: [25] 00000000 00000170 0000121B .comment
00001A24: [26] 00000000 00000024 0000138C .stab.index
00001A4C: [27] 00000000 000000EE 000013B0 .shstrtab
00001A74: [28] 00000000 00000176 0000149E .stab.indexstr
Matching signatures...
0 Procs, 0 Labels, 0 Branches, 0 MB used, 0 / 3 kB covered
Elapsed time: 0 sec.
0 Procs, 0 Labels, 0 Branches, 0 MB used, 0 / 3 kB covered
Elapsed time: 0 sec.
Separating code and data...
0 Procs, 0 Labels, 0 Branches, 0 MB used, 0 / 3 kB covered
Elapsed time: 0 sec.
0 Procs, 36 Labels, 43 Branches, 0 MB used, 1 / 3 kB covered
Elapsed time: 0 sec.
0 Procs, 36 Labels, 43 Branches, 0 MB used, 1 / 3 kB covered
Elapsed time: 0 sec.
0 Procs, 36 Labels, 43 Branches, 0 MB used, 1 / 3 kB covered
Elapsed time: 0 sec.
0 Procs, 38 Labels, 45 Branches, 0 MB used, 1 / 3 kB covered
Elapsed time: 0 sec.
0 Procs, 38 Labels, 45 Branches, 0 MB used, 1 / 3 kB covered
Elapsed time: 0 sec.
0 Procs, 39 Labels, 45 Branches, 0 MB used, 1 / 3 kB covered
Elapsed time: 0 sec.
0 Procs, 40 Labels, 45 Branches, 0 MB used, 1 / 3 kB covered
Elapsed time: 0 sec.
0 Procs, 40 Labels, 45 Branches, 0 MB used, 1 / 3 kB covered
Elapsed time: 0 sec.
0 Procs, 40 Labels, 45 Branches, 0 MB used, 1 / 3 kB covered
Elapsed time: 0 sec.
0 Procs, 40 Labels, 45 Branches, 0 MB used, 1 / 3 kB covered
Elapsed time: 0 sec.
0 Procs, 40 Labels, 45 Branches, 0 MB used, 1 / 3 kB covered
Elapsed time: 0 sec.
0 Procs, 40 Labels, 45 Branches, 0 MB used, 1 / 3 kB covered
Elapsed time: 0 sec.
0 Procs, 41 Labels, 45 Branches, 0 MB used, 1 / 3 kB covered
Elapsed time: 0 sec.
0 Procs, 42 Labels, 45 Branches, 0 MB used, 1 / 3 kB covered
Elapsed time: 0 sec.
0 Procs, 43 Labels, 45 Branches, 0 MB used, 1 / 3 kB covered
Elapsed time: 0 sec.
0 Procs, 44 Labels, 45 Branches, 0 MB used, 1 / 3 kB covered
Elapsed time: 0 sec.
15 Procs, 44 Labels, 45 Branches, 0 MB used, 1 / 3 kB covered
Elapsed time: 0 sec.
15 Procs, 44 Labels, 45 Branches, 0 MB used, 1 / 3 kB covered
Elapsed time: 0 sec.
15 Procs, 44 Labels, 45 Branches, 0 MB used, 1 / 3 kB covered
Elapsed time: 0 sec.
15 Procs, 44 Labels, 45 Branches, 0 MB used, 1 / 3 kB covered
Elapsed time: 0 sec.
15 Procs, 44 Labels, 45 Branches, 0 MB used, 1 / 3 kB covered
Elapsed time: 0 sec.
15 Procs, 44 Labels, 45 Branches, 0 MB used, 1 / 3 kB covered
Elapsed time: 0 sec.
15 Procs, 44 Labels, 45 Branches, 0 MB used, 1 / 3 kB covered
Elapsed time: 0 sec.
15 Procs, 44 Labels, 45 Branches, 0 MB used, 1 / 3 kB covered
Elapsed time: 0 sec.
15 Procs, 44 Labels, 45 Branches, 0 MB used, 1 / 3 kB covered
Elapsed time: 0 sec.
15 Procs, 44 Labels, 45 Branches, 0 MB used, 1 / 3 kB covered
Elapsed time: 0 sec.
15 Procs, 44 Labels, 45 Branches, 0 MB used, 1 / 3 kB covered
Elapsed time: 0 sec.
15 Procs, 44 Labels, 45 Branches, 0 MB used, 1 / 3 kB covered
Elapsed time: 0 sec.
15 Procs, 44 Labels, 45 Branches, 0 MB used, 1 / 3 kB covered
Elapsed time: 0 sec.
15 Procs, 44 Labels, 45 Branches, 0 MB used, 1 / 3 kB covered
Elapsed time: 0 sec.
15 Procs, 44 Labels, 45 Branches, 0 MB used, 1 / 3 kB covered
Elapsed time: 0 sec.
15 Procs, 44 Labels, 45 Branches, 0 MB used, 1 / 3 kB covered
Elapsed time: 0 sec.
15 Procs, 44 Labels, 45 Branches, 0 MB used, 1 / 3 kB covered
Elapsed time: 0 sec.
15 Procs, 44 Labels, 45 Branches, 0 MB used, 1 / 3 kB covered
Elapsed time: 0 sec.
Resolving indirect jumps...
15 Procs, 44 Labels, 45 Branches, 0 MB used, 1 / 3 kB covered
Elapsed time: 0 sec.
15 Procs, 44 Labels, 45 Branches, 0 MB used, 1 / 3 kB covered
Elapsed time: 0 sec.
Resolving constants and strings...
15 Procs, 44 Labels, 45 Branches, 0 MB used, 1 / 3 kB covered
Elapsed time: 0 sec.
Discovering unreached functions...
15 Procs, 44 Labels, 45 Branches, 0 MB used, 1 / 3 kB covered
Elapsed time: 0 sec.
Computing call tree...
15 Procs, 44 Labels, 45 Branches, 0 MB used, 1 / 3 kB covered
Elapsed time: 0 sec.
Computing calling conventions...
15 Procs, 44 Labels, 45 Branches, 0 MB used, 1 / 3 kB covered
Elapsed time: 0 sec.
Computing Calling Convention: 1/15  0x0001054C
Elapsed time: 0 sec.
Computing Calling Convention: 5/15  0x000107A0
Elapsed time: 0 sec.
Computing Calling Convention: 6/15  0x000107A8
Elapsed time: 0 sec.
Computing Calling Convention: 8/15  0x00020974
Elapsed time: 0 sec.
Computing Calling Convention: 9/15  0x00020980
Elapsed time: 0 sec.
Computing Calling Convention: 10/15  0x0002098C
Elapsed time: 0 sec.
Computing Calling Convention: 11/15  0x00020998
Elapsed time: 0 sec.
Computing Calling Convention: 12/15  0x000209A4
Elapsed time: 0 sec.
Computing Calling Convention: 13/15  0x000209B0
Elapsed time: 0 sec.
Computing Calling Convention: 14/15  0x000209BC
Elapsed time: 0 sec.
Computing Calling Convention: 15/15  0x000209C8
Elapsed time: 0 sec.
Computing Calling Convention: 1/4  0x00010554
Elapsed time: 0 sec.
Computing Calling Convention: 2/4  0x00010614
Elapsed time: 0 sec.
Computing Calling Convention: 3/4  0x000106A8
Elapsed time: 0 sec.
Computing Calling Convention: 4/4  0x00010808
Elapsed time: 0 sec.
File analysis complete.
15 Procs, 44 Labels, 45 Branches, 0 MB used, 1 / 3 kB covered
Elapsed time: 0 sec.

Decompiling 1/15: 0x0001054C
Elapsed time: 0 sec.
Decompiling 2/15: 0x00010554
Elapsed time: 0 sec.
Decompiling 3/15: 0x00010614
Elapsed time: 0 sec.
Decompiling 4/15: 0x000106A8
Elapsed time: 0 sec.
Decompiling 5/15: 0x000107A0
Elapsed time: 0 sec.
Decompiling 6/15: 0x000107A8
Elapsed time: 0 sec.
Decompiling 7/15: 0x00010808
Elapsed time: 0 sec.
Decompiling 8/15: 0x00020974
Elapsed time: 0 sec.
Decompiling 9/15: 0x00020980
Elapsed time: 0 sec.
Decompiling 10/15: 0x0002098C
Elapsed time: 0 sec.
Decompiling 11/15: 0x00020998
Elapsed time: 0 sec.
Decompiling 12/15: 0x000209A4
Elapsed time: 0 sec.
Decompiling 13/15: 0x000209B0
Elapsed time: 0 sec.
Decompiling 14/15: 0x000209BC
Elapsed time: 0 sec.
Decompiling 15/15: 0x000209C8
Elapsed time: 0 sec.
Decompiling 15/15: 0x000209C8
Elapsed time: 0 sec.
