unhandled BB::findBBExps HLI_CALL target opcode 2
unhandled BB::findBBExps HLI_CALL target opcode 2
Main could not be located!
Model: x
Warning - compiler not recognised
Signature file: dccxxx.sig
Warning: cannot open signature file /root/dcc/sigs/dccxxx.sig
Discarding SP def&use info for now
dcc: Writing C beta file from_pouet.net/with_source_168/ia32_com//subject.b

Statistics - Subroutine proc_1
Number of Icode instructions:
  Low-level :   18
  High-level:    6
  Percentage reduction: 66.67%

Statistics - Subroutine start
Number of Icode instructions:
  Low-level :   42
  High-level:    9
  Percentage reduction: 78.57%
dcc: Finished writing C beta file

Call Graph:
start
    proc_1

Final Program Statistics
  Total number of low-level Icodes : 60
  Total number of high-level Icodes: 15
  Total reduction of instructions  : 75.00%
