=== Using options:--aggressive-branch-removal
08049DA1: warning: Unable to resolve imported reference __gmon_start__.
0804A9BF: warning: Call target address 00000000 is invalid.
08049E94: warning: Unable to resolve imported reference getsockname.
08049F94: warning: Unable to resolve imported reference strtod.
0804A194: warning: Unable to resolve imported reference getservbyport.
0804A594: warning: Unable to resolve imported reference log10.
08062DDA: warning: Unable to determine format string for call to 'fprintf'.
080627E7: warning: Unable to resolve imported reference sigdelset.
0806FB99: warning: Unable to resolve imported reference __xstat64.
0806F9B5: warning: Unable to resolve imported reference readdir64.
0806F8D5: warning: Unable to resolve imported reference __xstat64.
0806BCD2: warning: Unable to resolve imported reference __xstat64.
0806BC71: warning: Unable to resolve imported reference rename.
0806BC42: warning: Unable to resolve imported reference chdir.
0806BBA2: warning: Unable to resolve imported reference system.
0806B94C: warning: Unable to resolve imported reference __xstat64.
0806B8E0: warning: Unable to resolve imported reference getrusage.
0806B8A2: warning: Unable to resolve imported reference getppid.
080693D8: warning: Unable to resolve imported reference lseek64.
08069266: warning: Unable to resolve imported reference lseek64.
08068652: warning: Unable to resolve imported reference lseek64.
0806867B: warning: Unable to resolve imported reference lseek64.
080684D2: warning: Unable to resolve imported reference lseek64.
08067701: warning: Unable to resolve imported reference strtod.
08067634: warning: Unable to resolve imported reference strtod.
0806751B: warning: Unable to resolve imported reference exp.
080674FE: warning: Unable to resolve imported reference floor.
080674DB: warning: Unable to resolve imported reference fmod.
0806746A: warning: Unable to resolve imported reference frexp.
080673F2: warning: Unable to resolve imported reference ldexp.
080673CC: warning: Unable to resolve imported reference log.
080673AF: warning: Unable to resolve imported reference log10.
08067357: warning: Unable to resolve imported reference modf.
080672CE: warning: Unable to resolve imported reference sqrt.
080672A1: warning: Unable to resolve imported reference pow.
0806727B: warning: Unable to resolve imported reference sin.
0806725E: warning: Unable to resolve imported reference sinh.
08067241: warning: Unable to resolve imported reference cos.
08067224: warning: Unable to resolve imported reference cosh.
08067207: warning: Unable to resolve imported reference tan.
080671EA: warning: Unable to resolve imported reference tanh.
080671CD: warning: Unable to resolve imported reference asin.
080671B0: warning: Unable to resolve imported reference acos.
08067193: warning: Unable to resolve imported reference atan.
08067176: warning: Unable to resolve imported reference atan2.
08067150: warning: Unable to resolve imported reference ceil.
08066F93: warning: Unable to resolve imported reference expm1.
08066F80: warning: Unable to resolve imported reference log1p.
08066F5A: warning: Unable to resolve imported reference __fpclassify.
08062D78: warning: Unable to determine format string for call to 'fprintf'.
08062D30: warning: Unable to determine format string for call to 'fprintf'.
08062D4B: warning: Unable to determine format string for call to 'fprintf'.
08062B4F: warning: Unable to resolve imported reference getrlimit64.
08062A58: warning: Unable to resolve imported reference sigaltstack.
080617CA: warning: Unable to resolve imported reference __sigsetjmp.
080614E1: warning: Unable to resolve imported reference __isoc99_sscanf.
080614F9: warning: Unable to resolve imported reference __isoc99_sscanf.
08061141: warning: Unable to resolve imported reference waitpid.
08060D82: warning: Unable to resolve imported reference umask.
08060D3C: warning: Unable to resolve imported reference truncate64.
08060CE2: warning: Unable to resolve imported reference truncate64.
08060C4E: warning: Unable to resolve imported reference getrusage.
08060C7D: warning: Unable to resolve imported reference getrusage.
08060A47: warning: Unable to resolve imported reference tcgetattr.
08060B68: warning: Unable to resolve imported reference cfgetospeed.
08060B75: warning: Unable to resolve imported reference cfgetispeed.
08060819: warning: Unable to resolve imported reference tcgetattr.
0806094E: warning: Unable to resolve imported reference cfsetospeed.
08060968: warning: Unable to resolve imported reference cfsetispeed.
080607C2: warning: Unable to resolve imported reference tcsendbreak.
08060774: warning: Unable to resolve imported reference tcdrain.
0806072F: warning: Unable to resolve imported reference tcflush.
080606DA: warning: Unable to resolve imported reference tcflow.
08060678: warning: Unable to resolve imported reference symlink.
08060559: warning: Unable to resolve imported reference __xstat64.
080604C3: warning: Unable to resolve imported reference __lxstat64.
08060426: warning: Unable to resolve imported reference __fxstat64.
080603CA: warning: Unable to resolve imported reference __xstat64.
0806036B: warning: Unable to resolve imported reference __lxstat64.
0806030C: warning: Unable to resolve imported reference __fxstat64.
0805FFD3: warning: Unable to resolve imported reference getsockopt.
0805FEB5: warning: Unable to resolve imported reference setsockopt.
0805FD89: warning: Unable to resolve imported reference socketpair.
0805F8A2: warning: Unable to resolve imported reference sigpending.
0805F79F: warning: Unable to resolve imported reference sigsuspend.
0805F6E6: warning: Unable to resolve imported reference shutdown.
0805F68E: warning: Unable to resolve imported reference setuid.
0805F662: warning: Unable to resolve imported reference setsid.
0805F615: warning: Unable to resolve imported reference setgroups.
0805F596: warning: Unable to resolve imported reference setgid.
0805F51A: warning: Unable to resolve imported reference recv.
0805F3E0: warning: Unable to resolve imported reference recvfrom.
0805F2E1: warning: Unable to resolve imported reference send.
0805F1DB: warning: Unable to resolve imported reference sendto.
0805F089: warning: Unable to resolve imported reference select.
0805EDF1: warning: Unable to resolve imported reference rmdir.
0805EDC4: warning: Unable to resolve imported reference rewinddir.
0805ED5C: warning: Unable to resolve imported reference rename.
0805ECA8: warning: Unable to resolve imported reference readdir64.
0805EB63: warning: Unable to resolve imported reference putenv.
0805E900: warning: Unable to resolve imported reference nice.
0805E8A6: warning: Unable to resolve imported reference mkfifo.
0805E7BF: warning: Unable to resolve imported reference lseek64.
0805E730: warning: Unable to resolve imported reference lseek64.
0805E4FF: warning: Unable to resolve imported reference listen.
0805E45F: warning: Unable to resolve imported reference kill.
0805E33C: warning: Unable to resolve imported reference modf.
0805E368: warning: Unable to resolve imported reference ceil.
0805E3FD: warning: Unable to resolve imported reference setitimer.
0805E2E5: warning: Unable to resolve imported reference getitimer.
0805E209: warning: Unable to resolve imported reference initgroups.
0805E1B6: warning: Unable to resolve imported reference gmtime.
0805DF16: warning: Unable to resolve imported reference getsockname.
0805DECA: warning: Unable to resolve imported reference getservbyname.
0805DE8F: warning: Unable to resolve imported reference getservbyport.
0805DBB5: warning: Unable to resolve imported reference getprotobyname.
0805DB84: warning: Unable to resolve imported reference getprotobynumber.
0805DAA6: warning: Unable to resolve imported reference getppid.
0805DA2A: warning: Unable to resolve imported reference getpeername.
0805D87A: warning: Unable to resolve imported reference getlogin.
0805D84D: warning: Unable to resolve imported reference gethostname.
0805D7F2: warning: Unable to resolve imported reference gethostbyaddr_r.
0805D6B9: warning: Unable to resolve imported reference __h_errno_location.
0805D6E5: warning: Unable to resolve imported reference gethostbyname_r.
0805D50C: warning: Unable to resolve imported reference getgroups.
0805D35A: warning: Unable to resolve imported reference getegid.
0805CEA6: warning: Unable to resolve imported reference ftruncate64.
0805CE4F: warning: Unable to resolve imported reference ftruncate64.
0805CDC7: warning: Unable to resolve imported reference fork.
0805CB90: warning: Unable to resolve imported reference fchown.
0805CB37: warning: Unable to resolve imported reference fchmod.
0805CA1E: warning: Unable to resolve imported reference execve.
0805C8F7: warning: Unable to resolve imported reference dup2.
0805C741: warning: Unable to resolve imported reference chroot.
0805C6F7: warning: Unable to resolve imported reference chown.
0805C649: warning: Unable to resolve imported reference chdir.
0805C5A2: warning: Unable to resolve imported reference alarm.
08059811: warning: Unable to determine the upper bound of an indirect call or jump; there may be more than 2 entries.
08059569: warning: Procedure camlPrintf__scan_fmt_1144 previously had a return address of 4 bytes on the stack, but now seems to have a return address of 0 bytes on the stack.
080599D6: warning: Procedure camlPrintf__list_iter_i_1201 previously had a return address of 4 bytes on the stack, but now seems to have a return address of 0 bytes on the stack.
08059AC8: warning: Procedure camlPrintf__mkprintf_1345 previously had a return address of 0 bytes on the stack, but now seems to have a return address of 4 bytes on the stack.
0805A4A9: warning: Procedure camlPrintf__fun_1600 previously had a return address of 4 bytes on the stack, but now seems to have a return address of 0 bytes on the stack.
0805BC37: warning: Procedure camlPrintf__fun_1600 previously had a return address of 4 bytes on the stack, but now seems to have a return address of 0 bytes on the stack.
0805BF6C: warning: Procedure camlPrintf__get_buff_1402 previously had a return address of 4 bytes on the stack, but now seems to have a return address of 0 bytes on the stack.
08058D32: warning: Procedure camlPrintf__sub_fmt_1124 previously had a return address of 4 bytes on the stack, but now seems to have a return address of 0 bytes on the stack.
080555E5: warning: Procedure camlString__blit_1056 previously had a return address of 4 bytes on the stack, but now seems to have a return address of 0 bytes on the stack.
0805AFD1: warning: Procedure camlPrintf__index_of_int_1037 previously had a return address of 4 bytes on the stack, but now seems to have a return address of 0 bytes on the stack.
08058679: warning: Procedure camlBuffer__add_char_1072 previously had a return address of 4 bytes on the stack, but now seems to have a return address of 0 bytes on the stack.
0805B4E1: warning: Procedure camlPrintf__extract_format_float_1110 previously had a return address of 4 bytes on the stack, but now seems to have a return address of 0 bytes on the stack.
0805B1A9: warning: Procedure camlPrintf__parse_string_conversion_1067 previously had a return address of 0 bytes on the stack, but now seems to have a return address of 4 bytes on the stack.
0805B2D7: warning: Procedure camlPrintf__format_string_1080 previously had a return address of 4 bytes on the stack, but now seems to have a return address of 0 bytes on the stack.
0805A521: warning: Procedure camlPrintf__get_arg_1288 previously had a return address of 4 bytes on the stack, but now seems to have a return address of 0 bytes on the stack.
0805B7DD: warning: Procedure camlPrintf__list_iter_i_1201 previously had a return address of 4 bytes on the stack, but now seems to have a return address of 0 bytes on the stack.
08058F0B: warning: Unable to determine the upper bound of an indirect call or jump; there may be more than 2 entries.
08058E5B: warning: Procedure camlPrintf__fun_1565 previously had a return address of 4 bytes on the stack, but now seems to have a return address of 0 bytes on the stack.
080594D9: warning: Procedure camlPrintf__sub_fmt_1124 previously had a return address of 4 bytes on the stack, but now seems to have a return address of 0 bytes on the stack.
0805935C: warning: Procedure camlPrintf__skip_positional_spec_1090 previously had a return address of 4 bytes on the stack, but now seems to have a return address of 0 bytes on the stack.
0805831E: warning: Procedure camlBuffer__add_substitute_1122 previously had a return address of 4 bytes on the stack, but now seems to have a return address of 0 bytes on the stack.
0805818D: warning: Procedure camlBuffer__advance_to_non_alpha_1108 previously had a return address of 4 bytes on the stack, but now seems to have a return address of 0 bytes on the stack.
08058168: warning: Unable to determine the upper bound of an indirect call or jump; there may be more than 2 entries.
080580AA: warning: Procedure camlBuffer__advance_to_closing_1098 previously had a return address of 0 bytes on the stack, but now seems to have a return address of 4 bytes on the stack.
0804F8D5: warning: Procedure camlBuffer__output_buffer_1094 previously had a return address of 4 bytes on the stack, but now seems to have a return address of 0 bytes on the stack.
08055528: warning: Procedure camlString__sub_1046 previously had a return address of 4 bytes on the stack, but now seems to have a return address of 0 bytes on the stack.
0804FA70: warning: Procedure camlPervasives__really_input_1235 previously had a return address of 0 bytes on the stack, but now seems to have a return address of 4 bytes on the stack.
080584A5: warning: Procedure camlBuffer__nth_1057 previously had a return address of 4 bytes on the stack, but now seems to have a return address of 0 bytes on the stack.
08058465: warning: Procedure camlBuffer__blit_1051 previously had a return address of 4 bytes on the stack, but now seems to have a return address of 0 bytes on the stack.
08058418: warning: Procedure camlBuffer__sub_1046 previously had a return address of 4 bytes on the stack, but now seems to have a return address of 0 bytes on the stack.
08058B34: warning: Procedure camlBuffer__add_substitute_1122 previously had a return address of 4 bytes on the stack, but now seems to have a return address of 0 bytes on the stack.
08058943: warning: Procedure camlBuffer__advance_to_non_alpha_1108 previously had a return address of 4 bytes on the stack, but now seems to have a return address of 0 bytes on the stack.
08057B27: warning: Procedure fn08057AC0 previously had a return address of 4 bytes on the stack, but now seems to have a return address of 0 bytes on the stack.
08057AA8: warning: Procedure camlHashtbl__replace_1112 previously had a return address of 0 bytes on the stack, but now seems to have a return address of 4 bytes on the stack.
08057AB9: warning: Procedure camlHashtbl__replace_1112 previously had a return address of 0 bytes on the stack, but now seems to have a return address of 4 bytes on the stack.
0805667A: warning: Procedure camlHashtbl__insert_bucket_1068 previously had a return address of 4 bytes on the stack, but now seems to have a return address of 0 bytes on the stack.
08057463: warning: Procedure camlHashtbl__replace_1112 previously had a return address of 0 bytes on the stack, but now seems to have a return address of 4 bytes on the stack.
08057478: warning: Procedure camlHashtbl__replace_1112 previously had a return address of 0 bytes on the stack, but now seems to have a return address of 4 bytes on the stack.
080578B9: warning: Procedure camlHashtbl__find_1093 previously had a return address of 4 bytes on the stack, but now seems to have a return address of 0 bytes on the stack.
0805780A: warning: Procedure camlHashtbl__find_1093 previously had a return address of 4 bytes on the stack, but now seems to have a return address of 0 bytes on the stack.
08057568: warning: Procedure camlHashtbl__add_1074 previously had a return address of 0 bytes on the stack, but now seems to have a return address of 4 bytes on the stack.
0805757D: warning: Procedure camlHashtbl__add_1074 previously had a return address of 0 bytes on the stack, but now seems to have a return address of 4 bytes on the stack.
080571C5: warning: Unable to determine the upper bound of an indirect call or jump; there may be more than 2 entries.
08056FD4: warning: Unable to determine the upper bound of an indirect call or jump; there may be more than 2 entries.
08057147: warning: Procedure fn080570E0 previously had a return address of 4 bytes on the stack, but now seems to have a return address of 0 bytes on the stack.
080570C8: warning: Procedure camlHashtbl__replace_1217 previously had a return address of 0 bytes on the stack, but now seems to have a return address of 4 bytes on the stack.
080570D9: warning: Procedure camlHashtbl__replace_1217 previously had a return address of 0 bytes on the stack, but now seems to have a return address of 4 bytes on the stack.
08056EF5: warning: Unable to determine the upper bound of an indirect call or jump; there may be more than 2 entries.
08056E89: warning: Procedure camlHashtbl__find_1198 previously had a return address of 4 bytes on the stack, but now seems to have a return address of 0 bytes on the stack.
08056DD1: warning: Procedure camlHashtbl__find_1198 previously had a return address of 4 bytes on the stack, but now seems to have a return address of 0 bytes on the stack.
08056B58: warning: Unable to determine the upper bound of an indirect call or jump; there may be more than 2 entries.
08056BE9: warning: Procedure camlHashtbl__remove_1185 previously had a return address of 4 bytes on the stack, but now seems to have a return address of 0 bytes on the stack.
08056AD8: warning: Procedure camlHashtbl__add_1179 previously had a return address of 0 bytes on the stack, but now seems to have a return address of 4 bytes on the stack.
08056AED: warning: Procedure camlHashtbl__add_1179 previously had a return address of 0 bytes on the stack, but now seems to have a return address of 4 bytes on the stack.
08057BC4: warning: Procedure camlHashtbl__mem_1122 previously had a return address of 4 bytes on the stack, but now seems to have a return address of 0 bytes on the stack.
0805720E: warning: Procedure camlHashtbl__mem_1227 previously had a return address of 4 bytes on the stack, but now seems to have a return address of 0 bytes on the stack.
080560FF: warning: Procedure camlSys__catch_break_1082 previously had a return address of 4 bytes on the stack, but now seems to have a return address of 0 bytes on the stack.
0805611A: warning: Procedure camlSys__catch_break_1082 previously had a return address of 4 bytes on the stack, but now seems to have a return address of 0 bytes on the stack.
08055F55: warning: Procedure camlString__rcontains_from_1140 previously had a return address of 4 bytes on the stack, but now seems to have a return address of 0 bytes on the stack.
08055EC5: warning: Procedure camlString__contains_1137 previously had a return address of 4 bytes on the stack, but now seems to have a return address of 0 bytes on the stack.
08055ED7: warning: Procedure camlString__contains_1137 previously had a return address of 4 bytes on the stack, but now seems to have a return address of 0 bytes on the stack.
08055E35: warning: Procedure camlString__rindex_from_1128 previously had a return address of 4 bytes on the stack, but now seems to have a return address of 0 bytes on the stack.
08055D75: warning: Procedure camlString__index_from_1116 previously had a return address of 4 bytes on the stack, but now seems to have a return address of 0 bytes on the stack.
08055CA7: warning: Procedure camlString__uncapitalize_1106 previously had a return address of 4 bytes on the stack, but now seems to have a return address of 0 bytes on the stack.
08055C17: warning: Procedure camlString__lowercase_1098 previously had a return address of 4 bytes on the stack, but now seems to have a return address of 0 bytes on the stack.
08055900: error: Parameter 'low' mustn't be larger than 'high'.
08055575: warning: Procedure camlString__fill_1051 previously had a return address of 4 bytes on the stack, but now seems to have a return address of 0 bytes on the stack.
08055135: warning: Procedure camlChar__chr_1032 previously had a return address of 4 bytes on the stack, but now seems to have a return address of 0 bytes on the stack.
08054F4A: warning: Procedure camlList__stable_sort_1248 previously had a return address of 4 bytes on the stack, but now seems to have a return address of 0 bytes on the stack.
08054CF8: warning: Procedure camlList__combine_1226 previously had a return address of 4 bytes on the stack, but now seems to have a return address of 0 bytes on the stack.
08054778: warning: Procedure camlList__exists2_1153 previously had a return address of 4 bytes on the stack, but now seems to have a return address of 0 bytes on the stack.
08054708: warning: Procedure camlList__for_all2_1145 previously had a return address of 4 bytes on the stack, but now seems to have a return address of 0 bytes on the stack.
080545EA: warning: Procedure camlList__fold_right2_1128 previously had a return address of 0 bytes on the stack, but now seems to have a return address of 4 bytes on the stack.
08054598: warning: Procedure camlList__fold_left2_1119 previously had a return address of 4 bytes on the stack, but now seems to have a return address of 0 bytes on the stack.
08054538: warning: Procedure camlList__iter2_1111 previously had a return address of 4 bytes on the stack, but now seems to have a return address of 0 bytes on the stack.
080533F8: warning: Procedure camlList__rev_map2_1099 previously had a return address of 4 bytes on the stack, but now seems to have a return address of 0 bytes on the stack.
08054478: warning: Procedure camlList__map2_1090 previously had a return address of 4 bytes on the stack, but now seems to have a return address of 0 bytes on the stack.
080543E5: warning: Procedure camlList__fold_right_1084 previously had a return address of 0 bytes on the stack, but now seems to have a return address of 4 bytes on the stack.
0805424F: warning: Procedure camlList__flatten_1058 previously had a return address of 4 bytes on the stack, but now seems to have a return address of 0 bytes on the stack.
080532DF: warning: Procedure camlList__nth_1042 previously had a return address of 0 bytes on the stack, but now seems to have a return address of 4 bytes on the stack.
080541A5: warning: Procedure camlList__tl_1039 previously had a return address of 4 bytes on the stack, but now seems to have a return address of 0 bytes on the stack.
08054185: warning: Procedure camlList__hd_1036 previously had a return address of 4 bytes on the stack, but now seems to have a return address of 0 bytes on the stack.
080540E2: warning: Procedure camlList__sort_1271 previously had a return address of 4 bytes on the stack, but now seems to have a return address of 0 bytes on the stack.
08053C22: warning: Procedure camlList__rev_sort_1272 previously had a return address of 4 bytes on the stack, but now seems to have a return address of 0 bytes on the stack.
08054BD4: warning: Procedure camlList__partition_1212 previously had a return address of 4 bytes on the stack, but now seems to have a return address of 0 bytes on the stack.
080544CD: warning: Procedure camlList__rev_map2_1099 previously had a return address of 4 bytes on the stack, but now seems to have a return address of 0 bytes on the stack.
0805431D: warning: Procedure camlList__rev_map_1067 previously had a return address of 4 bytes on the stack, but now seems to have a return address of 0 bytes on the stack.
08052234: warning: Procedure camlArray__sortto_1217 previously had a return address of 0 bytes on the stack, but now seems to have a return address of 4 bytes on the stack.
08052309: warning: Procedure camlArray__sortto_1217 previously had a return address of 0 bytes on the stack, but now seems to have a return address of 4 bytes on the stack.
08053195: warning: Procedure camlArray__stable_sort_1188 previously had a return address of 4 bytes on the stack, but now seems to have a return address of 0 bytes on the stack.
0805187D: warning: Procedure camlArray__stable_sort_1188 previously had a return address of 4 bytes on the stack, but now seems to have a return address of 0 bytes on the stack.
08050B37: warning: Procedure camlArray__maxson_1155 previously had a return address of 0 bytes on the stack, but now seems to have a return address of 4 bytes on the stack.
08050C3E: warning: Procedure camlArray__maxson_1155 previously had a return address of 0 bytes on the stack, but now seems to have a return address of 4 bytes on the stack.
08050C29: warning: Procedure camlArray__maxson_1155 previously had a return address of 0 bytes on the stack, but now seems to have a return address of 4 bytes on the stack.
08050ECD: warning: Procedure camlArray__trickledown_1160 previously had a return address of 0 bytes on the stack, but now seems to have a return address of 4 bytes on the stack.
08050FCC: warning: Procedure camlArray__trickle_1165 previously had a return address of 4 bytes on the stack, but now seems to have a return address of 0 bytes on the stack.
0805139D: warning: Procedure camlArray__trickleup_1178 previously had a return address of 0 bytes on the stack, but now seems to have a return address of 4 bytes on the stack.
0805133E: warning: Procedure camlArray__trickleup_1178 previously had a return address of 0 bytes on the stack, but now seems to have a return address of 4 bytes on the stack.
080528A8: warning: Procedure camlArray__of_list_1130 previously had a return address of 0 bytes on the stack, but now seems to have a return address of 4 bytes on the stack.
080520CB: warning: Procedure camlArray__fill_1087 previously had a return address of 0 bytes on the stack, but now seems to have a return address of 4 bytes on the stack.
08051EE0: warning: Procedure camlArray__sub_1081 previously had a return address of 0 bytes on the stack, but now seems to have a return address of 4 bytes on the stack.
08052000: warning: Procedure camlArray__sub_1081 previously had a return address of 0 bytes on the stack, but now seems to have a return address of 4 bytes on the stack.
080507F6: warning: Procedure camlArray__find_init_1077 previously had a return address of 4 bytes on the stack, but now seems to have a return address of 0 bytes on the stack.
08053098: warning: Procedure camlArray__stable_sort_1188 previously had a return address of 4 bytes on the stack, but now seems to have a return address of 0 bytes on the stack.
0804F08A: warning: Procedure camlPervasives__string_of_float_1140 previously had a return address of 4 bytes on the stack, but now seems to have a return address of 0 bytes on the stack.
0804FDB8: warning: Procedure camlPervasives__read_line_1288 previously had a return address of 4 bytes on the stack, but now seems to have a return address of 0 bytes on the stack.
0804FA55: warning: Procedure camlPervasives__input_1224 previously had a return address of 4 bytes on the stack, but now seems to have a return address of 0 bytes on the stack.
0804F9FC: warning: Procedure camlPervasives__open_in_bin_1220 previously had a return address of 4 bytes on the stack, but now seems to have a return address of 0 bytes on the stack.
0805881A: warning: Procedure camlBuffer__output_buffer_1094 previously had a return address of 4 bytes on the stack, but now seems to have a return address of 0 bytes on the stack.
0804F82C: warning: Procedure camlPervasives__open_out_bin_1181 previously had a return address of 4 bytes on the stack, but now seems to have a return address of 0 bytes on the stack.
0804F773: warning: Procedure camlPervasives__string_of_float_1140 previously had a return address of 4 bytes on the stack, but now seems to have a return address of 0 bytes on the stack.
0804F6D5: warning: Procedure camlPervasives__bool_of_string_1129 previously had a return address of 0 bytes on the stack, but now seems to have a return address of 4 bytes on the stack.
0804F6C5: warning: Procedure camlPervasives__bool_of_string_1129 previously had a return address of 0 bytes on the stack, but now seems to have a return address of 4 bytes on the stack.
0804F655: warning: Procedure camlPervasives__char_of_int_1120 previously had a return address of 4 bytes on the stack, but now seems to have a return address of 0 bytes on the stack.
0804E6B5: warning: Procedure camlUnix__entry previously had a return address of 0 bytes on the stack, but now seems to have a return address of 4 bytes on the stack.
0804E6F4: warning: Procedure fn0804E6BA previously had a return address of 4 bytes on the stack, but now seems to have a return address of 0 bytes on the stack.
0804E6F4: warning: Procedure fn0804E6BA previously had a return address of 4 bytes on the stack, but now seems to have a return address of 0 bytes on the stack.
0804E6DE: warning: Procedure fn0804E6BA previously had a return address of 4 bytes on the stack, but now seems to have a return address of 0 bytes on the stack.
0804D8B5: warning: Procedure camlUnix__open_proc_full_1975 previously had a return address of 0 bytes on the stack, but now seems to have a return address of 4 bytes on the stack.
0804D4C1: warning: Procedure camlUnix__open_proc_1949 previously had a return address of 0 bytes on the stack, but now seems to have a return address of 4 bytes on the stack.
0804CF7D: warning: Procedure fn0804CEC0 previously had a return address of 0 bytes on the stack, but now seems to have a return address of 4 bytes on the stack.
0804CE03: warning: Procedure camlUnix__getnameinfo_1781 previously had a return address of 4 bytes on the stack, but now seems to have a return address of 0 bytes on the stack.
0804D004: warning: Procedure camlUnix__getnameinfo_1781 previously had a return address of 4 bytes on the stack, but now seems to have a return address of 0 bytes on the stack.
0804CA96: warning: Procedure camlUnix__getaddrinfo_1751 previously had a return address of 4 bytes on the stack, but now seems to have a return address of 0 bytes on the stack.
0804CAE4: warning: Procedure camlUnix__getaddrinfo_1751 previously had a return address of 4 bytes on the stack, but now seems to have a return address of 0 bytes on the stack.
0804CB1D: warning: Procedure camlUnix__getaddrinfo_1751 previously had a return address of 4 bytes on the stack, but now seems to have a return address of 0 bytes on the stack.
0804CB39: warning: Procedure camlUnix__getaddrinfo_1751 previously had a return address of 4 bytes on the stack, but now seems to have a return address of 0 bytes on the stack.
0804CBC9: warning: Procedure camlUnix__getaddrinfo_1751 previously had a return address of 4 bytes on the stack, but now seems to have a return address of 0 bytes on the stack.
0804CCFC: warning: Procedure camlUnix__getaddrinfo_1751 previously had a return address of 4 bytes on the stack, but now seems to have a return address of 0 bytes on the stack.
0804C6F8: warning: Procedure camlUnix__sendto_1576 previously had a return address of 4 bytes on the stack, but now seems to have a return address of 0 bytes on the stack.
0804C695: warning: Procedure camlUnix__send_1570 previously had a return address of 4 bytes on the stack, but now seems to have a return address of 0 bytes on the stack.
0804C645: warning: Procedure camlUnix__recvfrom_1564 previously had a return address of 4 bytes on the stack, but now seems to have a return address of 0 bytes on the stack.
0804C5F5: warning: Procedure camlUnix__recv_1558 previously had a return address of 4 bytes on the stack, but now seems to have a return address of 0 bytes on the stack.
0804C435: warning: Procedure camlUnix__single_write_1247 previously had a return address of 4 bytes on the stack, but now seems to have a return address of 0 bytes on the stack.
0804C3E5: warning: Procedure camlUnix__write_1242 previously had a return address of 4 bytes on the stack, but now seems to have a return address of 0 bytes on the stack.
0804C395: warning: Procedure camlUnix__read_1237 previously had a return address of 4 bytes on the stack, but now seems to have a return address of 0 bytes on the stack.
0804A8E4: warning: Unable to resolve imported reference ceil.
0804A8C4: warning: Unable to resolve imported reference sigsuspend.
0804A8B4: warning: Unable to resolve imported reference fchmod.
0804A8A4: warning: Unable to resolve imported reference cfsetispeed.
0804A884: warning: Unable to resolve imported reference getservbyname.
0804A874: warning: Unable to resolve imported reference __sigsetjmp.
0804A854: warning: Unable to resolve imported reference getitimer.
0804A844: warning: Unable to resolve imported reference lseek64.
0804A824: warning: Unable to resolve imported reference recvfrom.
0804A814: warning: Unable to resolve imported reference tcsendbreak.
0804A804: warning: Unable to resolve imported reference getpeername.
0804A7F4: warning: Unable to resolve imported reference sin.
0804A7E4: warning: Unable to resolve imported reference kill.
0804A7D4: warning: Unable to resolve imported reference cosh.
0804A7C4: warning: Unable to resolve imported reference setgid.
0804A7B4: warning: Unable to resolve imported reference getsockopt.
0804A7A4: warning: Unable to resolve imported reference tan.
0804A774: warning: Unable to resolve imported reference getgroups.
0804A764: warning: Unable to resolve imported reference gmtime.
0804A754: warning: Unable to resolve imported reference getrlimit64.
0804A724: warning: Unable to resolve imported reference setsockopt.
0804A714: warning: Unable to resolve imported reference __fxstat64.
0804A704: warning: Unable to resolve imported reference fork.
0804A6F4: warning: Unable to resolve imported reference gethostbyname_r.
0804A6E4: warning: Unable to resolve imported reference log.
0804A6C4: warning: Unable to resolve imported reference send.
0804A694: warning: Unable to resolve imported reference cfgetospeed.
0804A624: warning: Unable to resolve imported reference rmdir.
0804A604: warning: Unable to resolve imported reference atan2.
0804A5F4: warning: Unable to resolve imported reference gethostname.
0804A5E4: warning: Unable to resolve imported reference chown.
0804A5B4: warning: Unable to resolve imported reference ftruncate64.
0804A5A4: warning: Unable to resolve imported reference execve.
0804A564: warning: Unable to resolve imported reference initgroups.
0804A554: warning: Unable to resolve imported reference frexp.
0804A544: warning: Unable to resolve imported reference rewinddir.
0804A504: warning: Unable to resolve imported reference select.
0804A4F4: warning: Unable to resolve imported reference sigpending.
0804A4E4: warning: Unable to resolve imported reference putenv.
0804A4B4: warning: Unable to resolve imported reference chdir.
0804A4A4: warning: Unable to resolve imported reference mkfifo.
0804A484: warning: Unable to resolve imported reference getegid.
0804A474: warning: Unable to resolve imported reference chroot.
0804A454: warning: Unable to resolve imported reference __h_errno_location.
0804A444: warning: Unable to resolve imported reference sigdelset.
0804A434: warning: Unable to resolve imported reference waitpid.
0804A414: warning: Unable to resolve imported reference getppid.
0804A404: warning: Unable to resolve imported reference nice.
0804A3D4: warning: Unable to resolve imported reference alarm.
0804A3C4: warning: Unable to resolve imported reference cos.
0804A384: warning: Unable to resolve imported reference cfsetospeed.
0804A364: warning: Unable to resolve imported reference acos.
0804A354: warning: Unable to resolve imported reference readdir64.
0804A324: warning: Unable to resolve imported reference setuid.
0804A314: warning: Unable to resolve imported reference tanh.
0804A304: warning: Unable to resolve imported reference umask.
0804A2C4: warning: Unable to resolve imported reference dup2.
0804A2A4: warning: Unable to resolve imported reference symlink.
0804A294: warning: Unable to resolve imported reference tcflush.
0804A274: warning: Unable to resolve imported reference gethostbyaddr_r.
0804A254: warning: Unable to resolve imported reference sqrt.
0804A224: warning: Unable to resolve imported reference truncate64.
0804A1F4: warning: Unable to resolve imported reference getprotobynumber.
0804A1E4: warning: Unable to resolve imported reference __fpclassify.
0804A1D4: warning: Unable to resolve imported reference atan.
0804A1C4: warning: Unable to resolve imported reference __lxstat64.
0804A174: warning: Unable to resolve imported reference expm1.
0804A154: warning: Unable to resolve imported reference getrusage.
0804A144: warning: Unable to resolve imported reference exp.
0804A134: warning: Unable to resolve imported reference sigaltstack.
0804A124: warning: Unable to resolve imported reference tcdrain.
0804A0F4: warning: Unable to resolve imported reference tcgetattr.
0804A0E4: warning: Unable to resolve imported reference modf.
0804A0D4: warning: Unable to resolve imported reference floor.
0804A0A4: warning: Unable to resolve imported reference getprotobyname.
0804A094: warning: Unable to resolve imported reference setsid.
0804A084: warning: Unable to resolve imported reference setitimer.
0804A064: warning: Unable to resolve imported reference getlogin.
0804A054: warning: Unable to resolve imported reference rename.
0804A034: warning: Unable to resolve imported reference listen.
0804A024: warning: Unable to resolve imported reference pow.
0804A014: warning: Unable to resolve imported reference sendto.
08049FF4: warning: Unable to resolve imported reference fchown.
08049FE4: warning: Unable to resolve imported reference system.
08049FB4: warning: Unable to resolve imported reference recv.
08049FA4: warning: Unable to resolve imported reference socketpair.
08049F74: warning: Unable to resolve imported reference cfgetispeed.
08049F54: warning: Unable to resolve imported reference __xstat64.
08049F44: warning: Unable to resolve imported reference __isoc99_sscanf.
08049F34: warning: Unable to resolve imported reference sinh.
08049F14: warning: Unable to resolve imported reference __gmon_start__.
08049EE4: warning: Unable to resolve imported reference shutdown.
08049ED4: warning: Unable to resolve imported reference asin.
08049EB4: warning: Unable to resolve imported reference log1p.
08049E54: warning: Unable to resolve imported reference setgroups.
08049E34: warning: Unable to resolve imported reference tcflow.
08049DE4: warning: Unable to resolve imported reference fmod.
08049DC4: warning: Unable to resolve imported reference ldexp.
error: An error occurred during decompilation. System.NotImplementedException: Offsets not matching? SP(0)
  at Reko.Analysis.CallApplicationBuilder.VisitFpuStackStorage (Reko.Core.FpuStackStorage fpu) [0x00099] in <412f049f2cb248eca19ae8eb793a6a5b>:0 
  at Reko.Core.FpuStackStorage.Accept[T] (Reko.Core.StorageVisitor`1[T] visitor) [0x00001] in <b9cfb1f835ef496fb9812173153e1b7d>:0 
  at Reko.Analysis.CallApplicationBuilder.With (System.Collections.Generic.Dictionary`2[TKey,TValue] map, Reko.Core.Storage stg) [0x00007] in <412f049f2cb248eca19ae8eb793a6a5b>:0 
  at Reko.Analysis.CallApplicationBuilder.WithUses (Reko.Core.Storage stg) [0x00007] in <412f049f2cb248eca19ae8eb793a6a5b>:0 
  at Reko.Analysis.CallApplicationBuilder.Bind (Reko.Core.Expressions.Identifier id) [0x00007] in <412f049f2cb248eca19ae8eb793a6a5b>:0 
  at Reko.Core.ApplicationBuilder.BindArguments (Reko.Core.Expressions.Identifier[] parameters, System.Boolean isVariadic, Reko.Core.Serialization.ProcedureCharacteristics chr) [0x00039] in <b9cfb1f835ef496fb9812173153e1b7d>:0 
  at Reko.Core.ApplicationBuilder.CreateInstruction (Reko.Core.Types.FunctionType sigCallee, Reko.Core.Serialization.ProcedureCharacteristics chr) [0x00069] in <b9cfb1f835ef496fb9812173153e1b7d>:0 
  at Reko.Analysis.CallRewriter.RewriteCall (Reko.Analysis.SsaState ssaCaller, Reko.Core.Statement stm, Reko.Core.Code.CallInstruction call) [0x0004d] in <412f049f2cb248eca19ae8eb793a6a5b>:0 
  at Reko.Analysis.CallRewriter.RewriteCalls (Reko.Analysis.SsaState ssaCaller) [0x00031] in <412f049f2cb248eca19ae8eb793a6a5b>:0 
  at Reko.Analysis.CallRewriter.Rewrite (Reko.Core.IPlatform platform, System.Collections.Generic.List`1[T] ssts, Reko.Analysis.ProgramDataFlow summaries, Reko.Core.Services.DecompilerEventListener eventListener) [0x00092] in <412f049f2cb248eca19ae8eb793a6a5b>:0 
  at Reko.Analysis.DataFlowAnalysis.UntangleProcedures () [0x00103] in <412f049f2cb248eca19ae8eb793a6a5b>:0 
  at Reko.Decompiler.AnalyzeDataFlow () [0x00094] in <412f049f2cb248eca19ae8eb793a6a5b>:0 
  at Reko.CmdLine.CmdLineDriver.Decompile (System.Collections.Generic.Dictionary`2[TKey,TValue] pArgs) [0x00232] in <46a9a108998349f9975ff5dd656c4cb0>:0 
