
Database SUBJECTS/from_holdec/variable_stack_usage/x64_elf_gcc_O2/subject.exe.i64 already exists.
Do you want to overwrite it? -> ~L~oad existing

  bytes   pages size description
--------- ----- ---- --------------------------------------------
   524288    64 8192 allocating memory for b-tree...
    65536     8 8192 allocating memory for virtual array...
   262144    32 8192 allocating memory for name pointers...
-----------------------------------------------------------------
   851968            total memory allocated

Loading processor module IDADIR/procs/pc64.so for metapc...Initializing processor module metapc...OK
Loading type libraries...
Autoanalysis subsystem has been initialized.
Database for file 'subject.exe' has been loaded.
Hex-Rays Decompiler plugin has been loaded (v7.6.0.210427)
  The hotkeys are F5: decompile, Ctrl-F5: decompile all.

  Please check the Edit/Plugins menu for more informaton.
=== start of cleanup script -> OK
  function at 004003C8  LIB  with name '.init_proc'
  function at 004003E0       with name 'sub_4003E0'
  function at 004003F0       with name '.memset'
  function at 00400400       with name 'main'
  function at 00400420  LIB  with name '_start'
  function at 00400450  LIB  with name 'deregister_tm_clones'
  function at 00400490  LIB  with name 'register_tm_clones'
  function at 004004D0  LIB  with name '__do_global_dtors_aux'
  function at 004004F0  LIB  with name 'frame_dummy'
  function at 00400520       with name 'use'
  function at 00400530       with name 'fill'
  function at 00400550       with name 'with_array'
  function at 004005B0       with name 'with_alloca'
  function at 004005F0  LIB  with name '__libc_csu_init'
  function at 00400660  LIB  with name '__libc_csu_fini'
  function at 00400664  LIB  with name '.term_proc'
  function at 00601038       with name 'memset'
  function at 00601040  LIB  with name '__libc_start_main'
  function at 00601048       with name '__gmon_start__'
finished -> OK
TIMESTAMP decompiling 4003E0 size=000000000000000C times=0...
The decompiler assumes that the segment '.got.plt' is read-only because of its NAME.
All data references to the segment will be replaced by constant values.
This may lead to drastic changes in the decompiler output.
If the segment is not read-only, please change the segment NAME.

In general, the decompiler checks the segment permissions, class, and name
to determine if it is read-only.
 -> OK
TIMESTAMP decompiling 400520 size=0000000000000009 times=0...
TIMESTAMP decompiling 400530 size=0000000000000011 times=0...
TIMESTAMP decompiling 400550 size=0000000000000053 times=0...
TIMESTAMP decompiling 4005B0 size=0000000000000040 times=0...
TIMESTAMP decompiling 400400 size=0000000000000013 times=0...
TIMESTAMP The application has been completely decompiled.
Flushing buffers, please wait...ok
Unloading IDP module IDADIR/procs/pc64.so...
