JEB 4.0-beta.3.202103090424 (jeb-ce) is starting...
Current directory: SUBJECTS
Base directory: JEBDIR
Program directory: JEBDIR/bin
Java: Oracle Corporation 15.0.1
External plugin loaded: com.pnf.plugin.androidjnihelper.DynamicJNIDetectionPlugin
External plugin loaded: com.pnf.androsig.gen.AndroidSigGenPlugin
External plugin loaded: com.pnf.androsig.apply.andsig.AndroidSigApplyPlugin
External plugin loaded: com.pnf.plugin.oat.OATPlugin
External plugin loaded: com.pnf.plugin.pdf.PdfPlugin
External plugin loaded: com.pnf.diemvm.DiemIdentifier
External plugin loaded: com.pnf.diemvm.DiemDisassemblerPlugin
External plugin loaded: com.pnf.diemvm.DiemDecompilerPlugin
Initializing Jython, please wait...
Processing file: SUBJECTS/from_snowman/other-051_misaligned_arg/ia32_elf/subject.exe...
{subject.exe > subject.exe > x86 image}: Compiler detected from file format analysis -> unknown (Linux)
{subject.exe > subject.exe > x86 image}: Initial native analysis styles: code gaps: LINEAR_SWEEP - data gaps: DEFAULT
{subject.exe > subject.exe > x86 image}: Itanium RTTI memory scanner: cannot find sections to scan
{subject.exe > subject.exe > x86 image}: No RTTI information recovered
{subject.exe > subject.exe > x86 image}: Initial analysis completed (17 internal methods created)
Output folder: jeb_output
  0/ 17: Method: __x86.get_pc_thunk.bx
  1/ 17: 1/17: __x86.get_pc_thunk.bx (DONE:113ms)
  1/ 17: Method: sub_80482A0
  2/ 17: 2/17: sub_80482A0 (DONE:40ms)
  2/ 17: Method: register_tm_clones
  3/ 17: 3/17: register_tm_clones (DONE:105ms)
  3/ 17: Method: deregister_tm_clones
  4/ 17: 4/17: deregister_tm_clones (DONE:71ms)
  4/ 17: Method: sub_80482B6
  5/ 17: 5/17: sub_80482B6 (DONE:19ms)
  5/ 17: Method: sub_80482C6
  6/ 17: 6/17: sub_80482C6 (DONE:22ms)
  6/ 17: Method: initializer_1
  7/ 17: 7/17: initializer_1 (DONE:72ms)
  7/ 17: Method: sub_80482B0
  8/ 17: 8/17: sub_80482B0 (DONE:20ms)
  8/ 17: Method: sub_80482C0
  9/ 17: 9/17: sub_80482C0 (DONE:16ms)
  9/ 17: Method: initializer_0
 10/ 17: 10/17: initializer_0 (DONE:74ms)
 10/ 17: Method: __libc_csu_fini
 11/ 17: 11/17: __libc_csu_fini (DONE:13ms)
 11/ 17: Method: finalizer_0
 12/ 17: 12/17: finalizer_0 (DONE:26ms)
 12/ 17: Method: finalizer_1
 13/ 17: 13/17: finalizer_1 (DONE:60ms)
 13/ 17: Method: main
 14/ 17: 14/17: main (DONE:92ms)
 14/ 17: Method: _start
 15/ 17: 15/17: _start (DONE:66ms)
 15/ 17: Method: __libc_csu_init
 16/ 17: 16/17: __libc_csu_init (DONE:193ms)
Exectime: 2.751000 sec
Done.
