INFO  holdec.an - ### holdec 1.1 Copyright 2003-2012 Raimar Falke
INFO  holdec.an - Using ./from_rec/hd/ia32_elf_stripped/subject.exe as executable
INFO  holdec.fG - Detected ELF (Executable and Linkable Format)
INFO  holdec.ks - wrote ./from_rec/hd/ia32_elf_stripped/subject.exe.info
INFO  holdec.fG - disassembleAndWrite: start a new loop with 1 extra block starts
INFO  holdec.fG - disassembleAndWrite: running multiline
INFO  holdec.ks - wrote ./from_rec/hd/ia32_elf_stripped/subject.exe.info
INFO  holdec.ks - wrote ./from_rec/hd/ia32_elf_stripped/subject.exe.info
INFO  holdec.fG - disassembleAndWrite: found no new addresses. will stop now.
INFO  holdec.ks - wrote ./from_rec/hd/ia32_elf_stripped/subject.exe.info
INFO  holdec.ks - wrote ./from_rec/hd/ia32_elf_stripped/subject.exe.info
INFO  holdec.fG - reading all asm lines ...
INFO  holdec.fG - ... read 460 asm lines
WARN  holdec.w - Address 080480d4.0 is excluded by the address filter. Maybe outside text section?
WARN  holdec.w - Address 080489c8.0 is excluded by the address filter. Maybe outside text section?
INFO  holdec.an - will decompile 19 functions
WARN  holdec.ag - Referencing unknown line 08048578.0
WARN  holdec.ag - Referencing unknown line 080484f8.0
WARN  holdec.ag - Referencing unknown line 08048558.0
WARN  holdec.ag - Referencing unknown line 080484a0.0
WARN  holdec.ag - Referencing unknown line 080488e0.0
WARN  holdec.ag - Referencing unknown line 08048568.0
WARN  holdec.ag - Referencing unknown line 08048548.0
WARN  holdec.ag - Referencing unknown line 08048548.0
WARN  holdec.ag - Referencing unknown line 08048508.0
WARN  holdec.ag - Referencing unknown line 08048588.0
WARN  holdec.ag - Referencing unknown line 080484b8.0
WARN  holdec.ag - Referencing unknown line 080484b8.0
WARN  holdec.ag - Referencing unknown line 080484c8.0
WARN  holdec.ag - Referencing unknown line 08048950.0
WARN  holdec.ag - Referencing unknown line 080484d8.0
WARN  holdec.ag - Referencing unknown line 08048528.0
WARN  holdec.ag - Referencing unknown line 080484d8.0
WARN  holdec.ag - Referencing unknown line 08048518.0
WARN  holdec.ag - Referencing unknown line 08048660.0
WARN  holdec.ag - Referencing unknown line 08048538.0
WARN  holdec.ag - Referencing unknown line 080487f0.0
WARN  holdec.d - may result in wrong values
WARN  holdec.d -   reg_pp5 = PHI(reg_8_local2, reg_8_local0) in Block1
WARN  holdec.d -   reg_8_local2 = ADD(reg_pp5, 1) in Block2
WARN  holdec.ag - Referencing unknown line 080484e8.0
