Database SUBJECTS/from_rec/hd/ia32_elf_stripped/subject.exe.idb already exists.
Do you want to overwrite it? -> ~L~oad existing

  bytes   pages size description
--------- ----- ---- --------------------------------------------
   524288    64 8192 allocating memory for b-tree...
    65536     8 8192 allocating memory for virtual array...
   262144    32 8192 allocating memory for name pointers...
-----------------------------------------------------------------
   851968            total memory allocated

Loading processor module IDADIR/procs/pc.so for metapc...Initializing processor module metapc...OK
Loading type libraries...
Autoanalysis subsystem has been initialized.
Database for file 'subject.exe' has been loaded.
Hex-Rays Decompiler plugin has been loaded (v7.5.0.201028)
  The hotkeys are F5: decompile, Ctrl-F5: decompile all.
  Please check the Edit/Plugins menu for more informaton.
IDAPython Hex-Rays bindings initialized.
=== start of cleanup script -> OK
  function at 080484A0  LIB  with name '.init_proc'
  function at 080484A8       with name 'sub_80484A8'
  function at 080484B8       with name '.strcpy'
  function at 080484C8       with name '.printf'
  function at 080484D8       with name '.perror'
  function at 080484E8       with name '._xstat'
  function at 080484F8       with name '.__libc_init'
  function at 08048508       with name '.strcat'
  function at 08048518       with name '.fread'
  function at 08048528       with name '.fopen'
  function at 08048538       with name '.fclose'
  function at 08048548       with name '.sprintf'
  function at 08048558       with name '.atexit'
  function at 08048568       with name '.exit'
  function at 08048578       with name '.__setfpucw'
  function at 08048588       with name '.strlen'
  function at 080485A0       with name 'start'
  function at 08048620       with name 'sub_8048620'
  function at 08048660       with name 'sub_8048660'
  function at 080487F0       with name 'sub_80487F0'
  function at 080488E0       with name 'sub_80488E0'
  function at 08048950       with name 'sub_8048950'
  function at 08048980       with name 'sub_8048980'
  function at 080489C0  LIB  with name '.term_proc'
  function at 08049ACC       with name 'sprintf'
  function at 08049AD0       with name 'strcpy'
  function at 08049AD4       with name 'strcat'
  function at 08049AD8       with name 'fclose'
  function at 08049ADC       with name 'fopen'
  function at 08049AE0       with name 'printf'
  function at 08049AE4       with name 'perror'
  function at 08049AE8       with name 'exit'
  function at 08049AEC       with name 'fread'
  function at 08049AF0       with name '_xstat'
  function at 08049AF4       with name 'strlen'
  function at 08049AF8       with name 'atexit'
  function at 08049AFC       with name '__libc_init'
  function at 08049B00       with name '__setfpucw'
finished -> OK
TIMESTAMP decompiling 80484A8 size=0000000C times=0...
The decompiler assumes that the segment '.got' is read-only because of its NAME.
All data references to the segment will be replaced by constant values.
This may lead to drastic changes in the decompiler output.
If the segment is not read-only, please change the segment NAME.

In general, the decompiler checks the segment permissions, class, and name
to determine if it is read-only.
 -> OK
TIMESTAMP decompiling 8048620 size=00000027 times=0...
TIMESTAMP decompiling 8048660 size=00000183 times=0...
TIMESTAMP decompiling 8048950 size=00000029 times=0...
TIMESTAMP decompiling 8048980 size=00000027 times=0...
TIMESTAMP decompiling 80487F0 size=000000E4 times=0...
TIMESTAMP decompiling 80488E0 size=00000064 times=0...
TIMESTAMP decompiling 80485A0 size=00000064 times=0...
TIMESTAMP The application has been completely decompiled.
Flushing buffers, please wait...ok
Unloading IDP module IDADIR/procs/pc.so...
