dcc: Definition not found for condition code usage at opcode 65
dcc: JX use, definition not supported at opcode #105
dcc: Definition not found for condition code usage at opcode 59
dcc: JX use, definition not supported at opcode #6
dcc: Definition not found for condition code usage at opcode 59
Main could not be located!
Model: x
Warning - compiler not recognised
Signature file: dccxxx.sig
Warning: cannot open signature file /root/dcc/sigs/dccxxx.sig
2c9dcc: Writing C beta file from_pouet.net/with_source_231/ia32_com//subject.b

Statistics - Subroutine start
Number of Icode instructions:
  Low-level :   56
dcc: Finished writing C beta file

Call Graph:
start

Final Program Statistics
  Total number of low-level Icodes : 0
  Total number of high-level Icodes: 0
  Total reduction of instructions  : -nan%
