INFO  holdec.an - ### holdec 1.1 Copyright 2003-2012 Raimar Falke
INFO  holdec.an - Using ./from_boomerang/twofib/ia32_elf_by_boomerang/subject.exe as executable
INFO  holdec.fG - Detected ELF (Executable and Linkable Format)
INFO  holdec.ks - wrote ./from_boomerang/twofib/ia32_elf_by_boomerang/subject.exe.info
INFO  holdec.fG - disassembleAndWrite: start a new loop with 1 extra block starts
INFO  holdec.fG - disassembleAndWrite: running multiline
INFO  holdec.ks - wrote ./from_boomerang/twofib/ia32_elf_by_boomerang/subject.exe.info
INFO  holdec.ks - wrote ./from_boomerang/twofib/ia32_elf_by_boomerang/subject.exe.info
INFO  holdec.fG - disassembleAndWrite: found no new addresses. will stop now.
INFO  holdec.ks - wrote ./from_boomerang/twofib/ia32_elf_by_boomerang/subject.exe.info
INFO  holdec.ks - wrote ./from_boomerang/twofib/ia32_elf_by_boomerang/subject.exe.info
INFO  holdec.fG - reading all asm lines ...
INFO  holdec.fG - ... read 298 asm lines
WARN  holdec.w - Address 08048114.0 is excluded by the address filter. Maybe outside text section?
WARN  holdec.w - Address 0804853c.0 is excluded by the address filter. Maybe outside text section?
INFO  holdec.an - will decompile 9 functions
INFO  holdec.ks - wrote ./from_boomerang/twofib/ia32_elf_by_boomerang/subject.exe.info
WARN  holdec.ac - Block 3 is already known to have a starting stack offset of -20 but when called from 2 it has an offset of -24
WARN  holdec.ag - Referencing unknown line 080482e4.0
WARN  holdec.ag - Referencing unknown line 080482c4.0
WARN  holdec.ag - Referencing unknown line 0804839c.0
WARN  holdec.ag - Referencing unknown line 080482e4.0
INFO  holdec.fO - Skipping stack alignment: 080483fb.0+3 l.and esp,0xfffffff0
WARN  holdec.ag - Referencing unknown line 0804829c.0
WARN  holdec.ag - Referencing unknown line 08048520.0
WARN  holdec.d - may result in wrong values
WARN  holdec.d -   reg_pp5 = PHI(reg_var11, reg_var10) in Block2
WARN  holdec.d -   reg_var11 = ADD(reg_pp5, -1) in Block1
WARN  holdec.ag - Referencing unknown line 0804833c.0
