Possible file format: ELF for Intel 386 (Executable) (IDADIR/loaders/elf.so)

  bytes   pages size description
--------- ----- ---- --------------------------------------------
   524288    64 8192 allocating memory for b-tree...
    65536     8 8192 allocating memory for virtual array...
   262144    32 8192 allocating memory for name pointers...
-----------------------------------------------------------------
   851968            total memory allocated

Loading file 'SUBJECTS/from_boomerang/twofib/ia32_elf_by_boomerang/subject.exe' into database...
Detected file format: ELF for Intel 386 (Executable)
Loading processor module IDADIR/procs/pc.so for metapc...Initializing processor module metapc...OK
Autoanalysis subsystem has been initialized.
Assuming __cdecl calling convention by default
  0. Creating a new segment  (08048000-08048574) ... ... OK
  1. Creating a new segment  (08049574-0804967C) ... ... OK
Assuming __cdecl calling convention by default
Type library 'gnulnx_x86' loaded. Applying types...
Types applied to 0 names.
  2. Creating a new segment  (0804829C-080482B3) ... ... OK
  3. Creating a new segment  (080482B3-08048574) ... ... OK
  4. Creating a new segment  (080482B4-080482F4) ... ... OK
  5. Creating a new segment  (080482F4-08048574) ... ... OK
  6. Creating a new segment  (080482F4-08048520) ... ... OK
     Deleting segment        (08048520-08048574) ...
  6. Creating a new segment  (08048520-08048574) ... ... OK
  7. Creating a new segment  (08048520-0804853A) ... ... OK
     Deleting segment        (0804853A-08048574) ...
  7. Creating a new segment  (0804853A-08048574) ... ... OK
  8. Creating a new segment  (0804853C-0804856D) ... ... OK
  9. Creating a new segment  (0804856D-08048574) ... ... OK
 10. Creating a new segment  (08048570-08048574) ... ... OK
 11. Creating a new segment  (08049574-0804957C) ... ... OK
     Deleting segment        (0804957C-0804967C) ...
 11. Creating a new segment  (0804957C-0804967C) ... ... OK
 12. Creating a new segment  (0804957C-08049584) ... ... OK
     Deleting segment        (08049584-0804967C) ...
 12. Creating a new segment  (08049584-0804967C) ... ... OK
 13. Creating a new segment  (08049584-08049588) ... ... OK
     Deleting segment        (08049588-0804967C) ...
 13. Creating a new segment  (08049588-0804967C) ... ... OK
 14. Creating a new segment  (08049650-08049654) ... ... OK
 15. Creating a new segment  (08049654-0804967C) ... ... OK
 16. Creating a new segment  (08049654-0804966C) ... ... OK
     Deleting segment        (0804966C-0804967C) ...
 16. Creating a new segment  (0804966C-0804967C) ... ... OK
 17. Creating a new segment  (0804966C-08049678) ... ... OK
     Deleting segment        (08049678-0804967C) ...
 17. Creating a new segment  (08049678-0804967C) ... ... OK
     Deleting segment        (08049678-0804967C) ...
 17. Creating a new segment  (08049678-0804967C) ... ... OK
 18. Creating a new segment  (0804967C-0804967D) ... ... OK
 19. Creating a new segment  (08049680-08049694) ... ... OK
 20. Creating a new segment  (08049694-080496C4) ... ... OK
Processing relocations...
Marking typical code sequences...
Flushing buffers, please wait...ok
File 'SUBJECTS/from_boomerang/twofib/ia32_elf_by_boomerang/subject.exe' has been successfully loaded into the database.
Hex-Rays Decompiler plugin has been loaded (v7.5.0.201028)
  The hotkeys are F5: decompile, Ctrl-F5: decompile all.
  Please check the Edit/Plugins menu for more informaton.
IDAPython Hex-Rays bindings initialized.
IDA is analysing the input file...
You may start to explore the input file right now.
Propagating type information...
Function argument information has been propagated
lumina: applied metadata to 1 functions.
The initial autoanalysis has been finished.
Flushing buffers, please wait...ok
TIMESTAMP decompiling 80482B4 size=0000000C times=0...
The decompiler assumes that the segment '.got.plt' is read-only because of its NAME.
All data references to the segment will be replaced by constant values.
This may lead to drastic changes in the decompiler output.
If the segment is not read-only, please change the segment NAME.

In general, the decompiler checks the segment permissions, class, and name
to determine if it is read-only.
 -> OK
TIMESTAMP decompiling 8048318 size=00000021 times=0...
The decompiler assumes that the segment '.got' is read-only because of its NAME.
All data references to the segment will be replaced by constant values.
This may lead to drastic changes in the decompiler output.
If the segment is not read-only, please change the segment NAME.

In general, the decompiler checks the segment permissions, class, and name
to determine if it is read-only.
 -> OK
TIMESTAMP decompiling 804833C size=00000032 times=0...
TIMESTAMP decompiling 8048370 size=0000002A times=0...
TIMESTAMP decompiling 804839C size=00000059 times=0...
TIMESTAMP decompiling 80484FC size=00000024 times=0...
TIMESTAMP decompiling 80483F5 size=0000006F times=0...
TIMESTAMP decompiling 804829C size=00000017 times=0...
TIMESTAMP decompiling 8048464 size=00000052 times=0...
TIMESTAMP decompiling 8048520 size=0000001A times=0...
TIMESTAMP decompiling 80484B8 size=00000042 times=0...
TIMESTAMP decompiling 80482F4 size=00000022 times=0...
TIMESTAMP The application has been completely decompiled.
Unloading IDP module IDADIR/procs/pc.so...
