Analyzing './from_boomerang/twofib/ia32_elf_by_boomerang/subject.exe' as a x86 32 ELF binary file.

0 Procs, 0 Labels, 0 Branches, 0 / 0 kB covered
./from_boomerang/twofib/ia32_elf_by_boomerang/subject.exe: no .debug_info section
./from_boomerang/twofib/ia32_elf_by_boomerang/subject.exe: 28 sections starting at 0x00000878
./from_boomerang/twofib/ia32_elf_by_boomerang/subject.exe: section string table at 0x00000C60, 0xD7 bytes
 Offset:  [ix]  Address    Size    Offset  Name
00000878: [ 0] 00000000 00000000 00000000 
000008A0: [ 1] 08048114 00000013 00000114 .interp
000008C8: [ 2] 08048128 00000020 00000128 .note.ABI-tag
000008F0: [ 3] 08048148 00000030 00000148 .hash
00000918: [ 4] 08048178 00000070 00000178 .dynsym
00000940: [ 5] 080481E8 00000066 000001E8 .dynstr
00000968: [ 6] 0804824E 0000000E 0000024E .gnu.version
00000990: [ 7] 0804825C 00000020 0000025C .gnu.version_r
000009B8: [ 8] 0804827C 00000008 0000027C .rel.dyn
000009E0: [ 9] 08048284 00000018 00000284 .rel.plt
00000A08: [10] 0804829C 00000017 0000029C .init
00000A30: [11] 080482B4 00000040 000002B4 .plt
00000A58: [12] 080482F4 0000022C 000002F4 .text
00000A80: [13] 08048520 0000001A 00000520 .fini
00000AA8: [14] 0804853C 00000031 0000053C .rodata
00000AD0: [15] 08048570 00000004 00000570 .eh_frame
00000AF8: [16] 08049574 00000008 00000574 .ctors
00000B20: [17] 0804957C 00000008 0000057C .dtors
00000B48: [18] 08049584 00000004 00000584 .jcr
00000B70: [19] 08049588 000000C8 00000588 .dynamic
00000B98: [20] 08049650 00000004 00000650 .got
00000BC0: [21] 08049654 00000018 00000654 .got.plt
00000BE8: [22] 0804966C 0000000C 0000066C .data
00000C10: [23] 08049678 00000004 00000678 .bss
00000C38: [24] 00000000 00000126 00000678 .comment
00000C60: [25] 00000000 000000D7 0000079E .shstrtab
00000C88: [26] 00000000 00000480 00000CD8 .symtab
00000CB0: [27] 00000000 00000250 00001158 .strtab
Matching signatures...
0 Procs, 0 Labels, 0 Branches, 0 / 1 kB covered
0 Procs, 0 Labels, 0 Branches, 0 / 1 kB covered
Separating code and data...
0 Procs, 0 Labels, 0 Branches, 0 / 1 kB covered
0 Procs, 18 Labels, 16 Branches, 0 / 1 kB covered
0 Procs, 21 Labels, 18 Branches, 0 / 1 kB covered
0 Procs, 21 Labels, 18 Branches, 0 / 1 kB covered
0 Procs, 29 Labels, 23 Branches, 0 / 1 kB covered
0 Procs, 29 Labels, 23 Branches, 0 / 1 kB covered
0 Procs, 34 Labels, 27 Branches, 0 / 1 kB covered
0 Procs, 39 Labels, 34 Branches, 0 / 1 kB covered
0 Procs, 44 Labels, 40 Branches, 0 / 1 kB covered
0 Procs, 53 Labels, 49 Branches, 0 / 1 kB covered
0 Procs, 53 Labels, 49 Branches, 0 / 1 kB covered
0 Procs, 53 Labels, 49 Branches, 0 / 1 kB covered
18 Procs, 53 Labels, 49 Branches, 0 / 1 kB covered
18 Procs, 53 Labels, 49 Branches, 0 / 1 kB covered
18 Procs, 53 Labels, 49 Branches, 0 / 1 kB covered
18 Procs, 53 Labels, 49 Branches, 0 / 1 kB covered
18 Procs, 53 Labels, 49 Branches, 0 / 1 kB covered
18 Procs, 53 Labels, 49 Branches, 0 / 1 kB covered
18 Procs, 53 Labels, 49 Branches, 0 / 1 kB covered
18 Procs, 53 Labels, 49 Branches, 0 / 1 kB covered
18 Procs, 53 Labels, 49 Branches, 0 / 1 kB covered
18 Procs, 53 Labels, 49 Branches, 0 / 1 kB covered
18 Procs, 53 Labels, 49 Branches, 0 / 1 kB covered
18 Procs, 53 Labels, 49 Branches, 0 / 1 kB covered
18 Procs, 53 Labels, 49 Branches, 0 / 1 kB covered
18 Procs, 53 Labels, 49 Branches, 0 / 1 kB covered
18 Procs, 53 Labels, 49 Branches, 0 / 1 kB covered
18 Procs, 53 Labels, 49 Branches, 0 / 1 kB covered
18 Procs, 53 Labels, 49 Branches, 0 / 1 kB covered
18 Procs, 53 Labels, 49 Branches, 0 / 1 kB covered
18 Procs, 53 Labels, 49 Branches, 0 / 1 kB covered
18 Procs, 53 Labels, 49 Branches, 0 / 1 kB covered
Resolving indirect jumps...
18 Procs, 53 Labels, 49 Branches, 0 / 1 kB covered
18 Procs, 53 Labels, 49 Branches, 0 / 1 kB covered
Resolving constants and strings...
18 Procs, 53 Labels, 49 Branches, 0 / 1 kB covered
Discovering unreached functions...
18 Procs, 53 Labels, 49 Branches, 0 / 1 kB covered
Computing call tree...
18 Procs, 53 Labels, 49 Branches, 0 / 1 kB covered
Computing calling conventions...
18 Procs, 53 Labels, 49 Branches, 0 / 1 kB covered
Computing Calling Convention: 2/18  0x080482C4
Computing Calling Convention: 3/18  0x080482D4
Computing Calling Convention: 4/18  0x080482E4
Computing Calling Convention: 6/18  0x08048318
Computing Calling Convention: 7/18  0x08048321
Computing Calling Convention: 8/18  0x0804833C
Computing Calling Convention: 9/18  0x08048370
Computing Calling Convention: 13/18  0x08048472
Computing Calling Convention: 15/18  0x080484C3
Computing Calling Convention: 16/18  0x080484FC
Computing Calling Convention: 18/18  0x08048529
Computing Calling Convention: 1/7  0x0804829C
Computing Calling Convention: 2/7  0x080482F4
Computing Calling Convention: 5/7  0x08048464
Computing Calling Convention: 7/7  0x08048520
Computing Calling Convention: 3/3  0x080484B8
Computing Calling Convention: xx/2  0x080483F5
Computing Calling Convention: 1/1  0x080483F5
Computing label cross-references...
18 Procs, 53 Labels, 49 Branches, 0 / 1 kB covered
File analysis complete.
18 Procs, 53 Labels, 49 Branches, 0 / 1 kB covered

Decompiling 1/18: 0x0804829C
Decompiling 2/18: 0x080482C4
Decompiling 3/18: 0x080482D4
Decompiling 4/18: 0x080482E4
Decompiling 5/18: 0x080482F4
Decompiling 6/18: 0x08048318
Decompiling 7/18: 0x08048321
Decompiling 8/18: 0x0804833C
Decompiling 9/18: 0x08048370
Decompiling 10/18: 0x0804839C
Decompiling 11/18: 0x080483F5
Decompiling 12/18: 0x08048464
Decompiling 13/18: 0x08048472
Decompiling 14/18: 0x080484B8
Decompiling 15/18: 0x080484C3
Decompiling 16/18: 0x080484FC
Decompiling 17/18: 0x08048520
Decompiling 18/18: 0x08048529
Decompiling 18/18: 0x08048529

