Level | File                                    | Message
====================================================================================================
Msg   | src/boomerang/util/log/Log.cpp          | This is Boomerang v0.3.99-alpha-1914-ged7a3e1
Msg   | src/boomerang/util/log/Log.cpp          | Log initialized.
Msg   | src/boomerang/core/Project.cpp          | Loading plugins...
Msg   | src/boomerang/core/Project.cpp          | Loaded plugins:
Msg   | src/boomerang/core/Project.cpp          |   DOS4GW loader plugin v0.3.99-alpha-1914-ged7a3e1 (by 'Boomerang developers')
Msg   | src/boomerang/core/Project.cpp          |   ELF32 loader plugin v0.3.99-alpha-1914-ged7a3e1 (by 'Boomerang developers')
Msg   | src/boomerang/core/Project.cpp          |   DOS Exe loader plugin v0.3.99-alpha-1914-ged7a3e1 (by 'Boomerang developers')
Msg   | src/boomerang/core/Project.cpp          |   HP SOM loader plugin v0.3.99-alpha-1914-ged7a3e1 (by 'Boomerang developers')
Msg   | src/boomerang/core/Project.cpp          |   Mach-O executable loader plugin v0.3.99-alpha-1914-ged7a3e1 (by 'Boomerang developers')
Msg   | src/boomerang/core/Project.cpp          |   Palm OS executable loader plugin v0.3.99-alpha-1914-ged7a3e1 (by 'Boomerang developers')
Msg   | src/boomerang/core/Project.cpp          |   Win32 PE loader plugin v0.3.99-alpha-1914-ged7a3e1 (by 'Boomerang developers')
Msg   | src/boomerang/core/Project.cpp          | Loading binary file 'from_decompiler.sf.net/fib/ia32_pe_from_decompiler.sf.net/subject.exe'
Msg   | src/boomerang/ssl/RTLInstDict.cpp       | Loading machine specifications from 'BOOMERANGSRCDIR/build/out/share/boomerang/ssl/pentium.ssl'...
Msg   | src/boomerang/db/Prog.cpp               | Reading library signatures...
Msg   | src/boomerang/core/Project.cpp          | Decoding entry point...
Warn  | src/boomerang/db/binary/BinaryImage.cpp | Invalid read at address 0x004010cb: Address is not mapped to a section
Error | src/boomerang/frontend/DefaultFrontEnd. | Attempted to decode outside any known section at address 0x004010cb
Warn  | src/boomerang/frontend/pentium/PentiumF | main function not found, falling back to entry point
Msg   | src/boomerang/frontend/DefaultFrontEnd. | Starting decode at address 0x004010a0
Warn  | src/boomerang/db/binary/BinaryImage.cpp | Invalid read at address 0x004010cb: Address is not mapped to a section
Error | src/boomerang/frontend/DefaultFrontEnd. | Attempted to decode outside any known section at address 0x004010cb
Warn  | src/boomerang/frontend/pentium/PentiumF | main function not found, falling back to entry point
Msg   | src/boomerang/core/Project.cpp          | Decoding anything undecoded...
Msg   | src/boomerang/frontend/DefaultFrontEnd. | Looking for undecoded procedures to decode...
Msg   | src/boomerang/core/Project.cpp          | Found 3 procs
Msg   | src/boomerang-cli/CommandlineDriver.cpp | Decompiling...
Msg   | src/boomerang/decomp/ProgDecompiler.cpp | Decompiling entry point '_start'
Msg   | src/boomerang/decomp/ProcDecompiler.cpp | Visiting procedure '_start'
Msg   | src/boomerang/decomp/ProcDecompiler.cpp | Visiting procedure 'proc_0x00401000'
Msg   | src/boomerang/decomp/ProcDecompiler.cpp | Performing recursion group analysis for 1 recursive procedures: 
Msg   | src/boomerang/decomp/ProcDecompiler.cpp |     proc_0x00401000
Msg   | src/boomerang/decomp/ProcDecompiler.cpp | Finished decompile of 'proc_0x00401000'
Msg   | src/boomerang/decomp/ProcDecompiler.cpp | Visiting procedure 'proc_0x00401050'
Msg   | src/boomerang/decomp/ProcDecompiler.cpp | Decompiling procedure 'proc_0x00401050'
Msg   | src/boomerang/decomp/ProcDecompiler.cpp | Finished decompile of 'proc_0x00401050'
Msg   | src/boomerang/decomp/ProcDecompiler.cpp | Decompiling procedure '_start'
Msg   | src/boomerang/decomp/ProcDecompiler.cpp | Finished decompile of '_start'
Msg   | src/boomerang/decomp/ProgDecompiler.cpp | Performing global type analysis...
Msg   | src/boomerang/decomp/ProgDecompiler.cpp | Removing unused returns...
Msg   | src/boomerang/decomp/ProgDecompiler.cpp | Removing unused returns...
Msg   | src/boomerang/decomp/ProgDecompiler.cpp | Performing global type analysis...
Msg   | src/boomerang/decomp/ProgDecompiler.cpp | Transforming from SSA form...
Error | src/boomerang/visitor/expmodifier/ExpSS | Could not find local or parameter for r30{0}!!
Error | src/boomerang/visitor/expmodifier/ExpSS | Could not find local or parameter for r31{0}!!
Error | src/boomerang/visitor/expmodifier/ExpSS | Could not find local or parameter for r30{0}!!
Error | src/boomerang/visitor/expmodifier/ExpSS | Could not find local or parameter for tmp1{0}!!
Error | src/boomerang/visitor/expmodifier/ExpSS | Could not find local or parameter for %flags{0}!!
Error | src/boomerang/visitor/expmodifier/ExpSS | Could not find local or parameter for %ZF{0}!!
Error | src/boomerang/visitor/expmodifier/ExpSS | Could not find local or parameter for %CF{0}!!
Error | src/boomerang/visitor/expmodifier/ExpSS | Could not find local or parameter for r8{0}!!
Error | src/boomerang/visitor/expmodifier/ExpSS | Could not find local or parameter for r24{0}!!
Error | src/boomerang/visitor/expmodifier/ExpSS | Could not find local or parameter for r27{0}!!
Error | src/boomerang/visitor/expmodifier/ExpSS | Could not find local or parameter for r30{0}!!
Error | src/boomerang/visitor/expmodifier/ExpSS | Could not find local or parameter for r31{0}!!
Error | src/boomerang/visitor/expmodifier/ExpSS | Could not find local or parameter for r31{0}!!
Error | src/boomerang/visitor/expmodifier/ExpSS | Could not find local or parameter for m[esp - 8]{0}!!
Error | src/boomerang/visitor/expmodifier/ExpSS | Could not find local or parameter for m[esp - 12]{0}!!
Error | src/boomerang/visitor/expmodifier/ExpSS | Could not find local or parameter for tmp1{0}!!
Error | src/boomerang/visitor/expmodifier/ExpSS | Could not find local or parameter for tmpb{0}!!
Error | src/boomerang/visitor/expmodifier/ExpSS | Could not find local or parameter for tmpl{0}!!
Error | src/boomerang/visitor/expmodifier/ExpSS | Could not find local or parameter for %flags{0}!!
Error | src/boomerang/visitor/expmodifier/ExpSS | Could not find local or parameter for %ZF{0}!!
Error | src/boomerang/visitor/expmodifier/ExpSS | Could not find local or parameter for %CF{0}!!
Error | src/boomerang/visitor/expmodifier/ExpSS | Could not find local or parameter for r8{4}!!
Error | src/boomerang/visitor/expmodifier/ExpSS | Could not find local or parameter for r25{4}!!
Error | src/boomerang/visitor/expmodifier/ExpSS | Could not find local or parameter for r26{4}!!
Error | src/boomerang/visitor/expmodifier/ExpSS | Could not find local or parameter for r8{4}!!
Error | src/boomerang/visitor/expmodifier/ExpSS | Could not find local or parameter for r25{4}!!
Error | src/boomerang/visitor/expmodifier/ExpSS | Could not find local or parameter for r26{4}!!
Msg   | src/boomerang/decomp/ProgDecompiler.cpp | Removing unused global variables...
Msg   | src/boomerang/decomp/ProgDecompiler.cpp | Decompilation finished.
Msg   | src/boomerang/core/Project.cpp          | Generating code...
Msg   | src/boomerang-cli/CommandlineDriver.cpp | Output written to '_output'
Msg   | src/boomerang-cli/CommandlineDriver.cpp | Completed in some time
