got filename manyparams.c for main
after removing matching assigns (t[WILDSTR]).
after removing matching assigns (%pc).
in proc main adding addrExp r28{0} - 4 to local table
in proc main adding addrExp r28{0} - 28 to local table
in proc main adding addrExp r28{0} - 32 to local table
in proc main adding addrExp r28{0} - 36 to local table
in proc main adding addrExp r28{0} - 40 to local table
in proc main adding addrExp r28{0} - 44 to local table
in proc main adding addrExp r28{0} - 48 to local table
in proc main adding addrExp r28{0} - 52 to local table
in proc main adding addrExp r28{0} - 56 to local table
in proc main adding addrExp r28{0} - 60 to local table
in proc main adding addrExp r28{0} - 64 to local table
in proc main adding addrExp r28{0} - 68 to local table
in proc main adding addrExp r28{0} - 72 to local table
in proc main adding addrExp r28{0} - 76 to local table
in proc main adding addrExp r28{0} - 80 to local table
in proc main adding addrExp r28{0} - 4 to local table
TYPE ERROR: at address 0xfffffffc, overlapping type __size32 does not resolve to compound or array
in proc main adding addrExp r28{0} - 28 to local table
in proc main adding addrExp r28{0} - 32 to local table
in proc main adding addrExp r28{0} - 36 to local table
in proc main adding addrExp r28{0} - 40 to local table
in proc main adding addrExp r28{0} - 44 to local table
in proc main adding addrExp r28{0} - 48 to local table
in proc main adding addrExp r28{0} - 52 to local table
in proc main adding addrExp r28{0} - 56 to local table
in proc main adding addrExp r28{0} - 60 to local table
in proc main adding addrExp r28{0} - 64 to local table
in proc main adding addrExp r28{0} - 68 to local table
in proc main adding addrExp r28{0} - 72 to local table
in proc main adding addrExp r28{0} - 76 to local table
in proc main adding addrExp r28{0} - 80 to local table
could not set type for unknown parameter expression m[r28{0} + 4]
could not set type for unknown parameter expression m[r28{0} + 8]
could not set type for unknown parameter expression m[r28{0} + 12]
local esp has type __size32 that doesn't agree with type of define void of a library, why?
dest is not lib
call:   39 {*32* r25, *32* r26} := CALL printf(
                *c** local0 := "Many parameters: %d, %.1f, %d, %.1f, %d, %.1f, %d, %.1f
"
                *j32* local1 := 1
                *f64* local2 := -0.0000
                *j32* local3 := 0x3ff19999
                *f64* local4 := 0.0000
                *j32* local5 := 0x9999999a
                *f64* local6 := 2.0250
                *j32* local7 := 3
                *f64* local8 := 272008302207532160516096.0000
              )
              Reaching definitions: r28=r28{0} - 80,   r29=r28{0} - 4,   m[r28{0} + 4]=m[r28{0} + 4]{0},
                m[r28{0} + 8]=m[r28{0} + 8]{0},   m[r28{0} + 12]=m[r28{0} + 12]{0},   m[r28{0} - 4]=r29{0},
                m[r28{0} - 28]=0x40119999,   m[r28{0} - 32]=0x9999999a,   m[r28{0} - 36]=4,   m[r28{0} - 40]=0x400a6666
                m[r28{0} - 44]=0x66666666,   m[r28{0} - 48]=3,   m[r28{0} - 52]=0x40019999,   m[r28{0} - 56]=0x9999999a
                m[r28{0} - 60]=2,   m[r28{0} - 64]=0x3ff19999,   m[r28{0} - 68]=0x9999999a,   m[r28{0} - 72]=1,
                m[r28{0} - 76]=0x8048440,   m[r28{0} - 80]=%pc,   tmp1=r28{0} - 12,
                %flags=SUBFLAGS32( r28{0} - 12, 12, r28{0} - 24 ),   %ZF=(r28{0} - 24) = 0,   %CF=(r28{0} - 12) <u 12
              Live variables:  in proc main
