[I] JEB 4.11.0.202201181921 (jeb-ce) is starting...
[I] Current directory: SUBJECTS
[I] Base directory: JEBDIR
[I] System: Mac OS X 12.2 (aarch64) de_DE
[I] Java: Homebrew 17.0.1
[I] Memory Usage: 36.0M used (228.0M free, 6.0G max)
[I] Initializing Jython, please wait...
Processing file: SUBJECTS/from_shootout/except_ocaml/x64_elf/subject.exe...
[I] {subject.exe > subject.exe > x86_64 image}: Detected compiler: unknown (Linux)
[I] {subject.exe > subject.exe > x86_64 image}: Initial native analysis styles: code gaps: PROLOGUES_ONLY, data gaps: DEFAULT
[I] {subject.exe > subject.exe > x86_64 image}: Analysis completed (33s)
[I] {subject.exe > subject.exe > x86_64 image}: Initial analysis created 1468 methods
Output folder: jeb_output
  0/1468: Method: caml_c_call
  1/1468: 1/1468: caml_c_call (DONE:77ms)
  1/1468: Method: caml_ml_array_bound_error
  2/1468: 2/1468: caml_ml_array_bound_error (DONE:22ms)
  2/1468: Method: caml_apply2
  3/1468: 3/1468: caml_apply2 (DONE:77ms)
  3/1468: Method: caml_string_length
  4/1468: 4/1468: caml_string_length (DONE:18ms)
  4/1468: Method: camlPervasives__output_string_215
  5/1468: 5/1468: camlPervasives__output_string_215 (DONE:38ms)
  5/1468: Method: caml_convert_flag_list
  6/1468: 6/1468: caml_convert_flag_list (DONE:53ms)
  6/1468: Method: camlPervasives__exit_350
  7/1468: 7/1468: camlPervasives__exit_350 (DONE:34ms)
  7/1468: Method: caml_apply3
  8/1468: 8/1468: caml_apply3 (DONE:63ms)
  8/1468: Method: camlPervasives__string_of_int_154
  9/1468: 9/1468: camlPervasives__string_of_int_154 (DONE:19ms)
  9/1468: Method: camlList__iter_102
 10/1468: 10/1468: camlList__iter_102 (DONE:37ms)
 10/1468: Method: caml_iterate_global_roots
 11/1468: 11/1468: caml_iterate_global_roots (DONE:32ms)
 11/1468: Method: camlList__mem_189
 12/1468: 12/1468: camlList__mem_189 (DONE:51ms)
 12/1468: Method: caml_urge_major_slice
 13/1468: 13/1468: caml_urge_major_slice (DONE:4ms)
 13/1468: Method: caml_MD5Transform

=== Killed because of time limit
