Analyzing './from_snowman/other-061_issue30/x64_elf/subject.exe' as a x86_64 64 mac binary file.

0 Procs, 0 Labels, 0 Branches, 0 / 0 kB covered
Matching signatures...
0 Procs, 0 Labels, 0 Branches, 0 / 0 kB covered
0 Procs, 0 Labels, 0 Branches, 0 / 0 kB covered
Separating code and data...
0 Procs, 0 Labels, 0 Branches, 0 / 0 kB covered
0 Procs, 0 Labels, 0 Branches, 0 / 0 kB covered
0 Procs, 0 Labels, 0 Branches, 0 / 0 kB covered
Resolving indirect jumps...
0 Procs, 0 Labels, 0 Branches, 0 / 0 kB covered
0 Procs, 0 Labels, 0 Branches, 0 / 0 kB covered
Resolving constants and strings...
0 Procs, 0 Labels, 0 Branches, 0 / 0 kB covered
Discovering unreached functions...
0 Procs, 0 Labels, 0 Branches, 0 / 0 kB covered
Computing call tree...
0 Procs, 0 Labels, 0 Branches, 0 / 0 kB covered
Computing calling conventions...
0 Procs, 0 Labels, 0 Branches, 0 / 0 kB covered
Computing label cross-references...
0 Procs, 0 Labels, 0 Branches, 0 / 0 kB covered
File analysis complete.
0 Procs, 0 Labels, 0 Branches, 0 / 0 kB covered


Binary file (standard input) matches
