after removing matching assigns (t[WILDSTR]).
size 0x40 meet with size 0x20!
size 0x20 meet with size 0x40!
size 0x40 meet with size 0x20!
size 0x20 meet with size 0x40!
size 0x40 meet with size 0x20!
size 0x20 meet with size 0x40!
size 0x40 meet with size 0x20!
size 0x20 meet with size 0x40!
size 0x20 meet with size 0x40!
size 0x20 meet with size 0x40!
size 0x40 meet with size 0x20!
size 0x20 meet with size 0x40!
in proc addem adding addrExp r1{0} + 112 to local table
in proc addem adding addrExp r1{0} + 116 to local table
TYPE ERROR: attempt to insert item <noname> at 0x74 of type __size64 which weaves after <noname> at 0x70 of type __size64
in proc addem adding addrExp r1{0} - 48 to local table
in proc addem adding addrExp r1{0} + 24 to local table
in proc addem adding addrExp r1{0} + 28 to local table
in proc addem adding addrExp r1{0} + 32 to local table
in proc addem adding addrExp r1{0} + 36 to local table
finding final parameters for addem
potential param r1
found new parameter r1
potential param r[tmp + 30]
found new parameter r[tmp + 30]
potential param r3
found new parameter r3
potential param r4
found new parameter r4
potential param r5
found new parameter r5
potential param r6
found new parameter r6
after removing matching assigns (t[WILDSTR]).
after removing matching assigns (%pc).
in proc passem adding addrExp r1{0} + 112 to local table
in proc passem adding addrExp r1{0} + 116 to local table
in proc passem adding addrExp r1{0} + 8 to local table
in proc passem adding addrExp r1{0} - 80 to local table
in proc passem adding addrExp r1{0} + 24 to local table
in proc passem adding addrExp r1{0} + 28 to local table
in proc passem adding addrExp r1{0} + 32 to local table
in proc passem adding addrExp r1{0} + 36 to local table
finding final parameters for passem
potential param r[tmp + 30]
found new parameter r[tmp + 30]
potential param r3
found new parameter r3
potential param r4
found new parameter r4
potential param r5
found new parameter r5
potential param r6
found new parameter r6
potential param r61
found new parameter r61
after removing matching assigns (t[WILDSTR]).
after removing matching assigns (%pc).
size 0x20 meet with size 0x40!
### WARNING: iteration limit exceeded for dfaTypeAnalysis of procedure main ###
in proc main adding addrExp r1{0} - 32 to local table
in proc main adding addrExp r1{0} + 112 to local table
in proc main adding addrExp r1{0} + 116 to local table
in proc main adding addrExp r1{0} + 8 to local table
in proc main adding addrExp r1{0} - 96 to local table
in proc main adding addrExp r1{0} - 32 to local table
size 0x20 meet with size 0x40!
size 0x20 meet with size 0x40!
size 0x20 meet with size 0x40!
finding final parameters for passem
potential param r3
found new parameter r3
potential param r4
found new parameter r4
potential param r5
found new parameter r5
potential param r6
found new parameter r6
potential param r61
found new parameter r61
finding final parameters for addem
potential param r3
found new parameter r3
potential param r4
found new parameter r4
potential param r5
found new parameter r5
potential param r6
found new parameter r6
finding final parameters for passem
potential param r3
found new parameter r3
potential param r4
found new parameter r4
potential param r5
found new parameter r5
potential param r6
found new parameter r6
local g3 has type __size32 that doesn't agree with type of define void of a library, why?
local g6 has type __size32 * that doesn't agree with type of define __size32 of a library, why?
dest is not lib
call:   78 {*32* r[0 + 30], *32* r[1 + 30], *32* r[2 + 30], *32* r[3 + 30], *32* r[4 + 30], *32* r[5 + 30], *32* r[6 + 30], *32* r[7 + 30], *32* r[8 + 30], *32* r[9 + 30], *32* r[10 + 30], *32* r[11 + 30], *32* r[12 + 30], *32* r[13 + 30], *32* r[14 + 30], *32* r[15 + 30], *32* r[16 + 30], *32* r[17 + 30], *32* r[18 + 30], *32* r[19 + 30], *32* r[20 + 30], *32* r[21 + 30], *32* r[22 + 30], *32* r[23 + 30], *32* r[24 + 30], *32* r[25 + 30], *32* r[26 + 30], *32* r[27 + 30], *32* r[28 + 30], *32* r[29 + 30], *32* r[30 + 30], *32* r[31 + 30], *32* r0, *32* r9, *32* r11, *32* r30, *64* r60} := CALL passem(
                *32* g3 := 5
                *32* g4 := 10
                *32* g5 := 40
                *32** g6 := a[local0]
              )
              Reaching definitions: r[tmp + 30]=r[tmp + 30]{0},   r0=machine("%LR"),   r1=r1{0} - 96,   r3=5,   r4=10,
                r5=40,   r6=r1{0} - 32,   r30=r1{0} - 96,   r31=machine("%LR"),   r61=r61{0},
                m[r1{0} + 8]=machine("%LR"),   m[r1{0} + 112]=r[tmp + 30]{0},   m[r1{0} + 116]=r[tmp + 30]{0},
                m[r1{0} - 32]=m[r1{0} - 32]{0},   m[r1{0} - 96]=r1{0},   tmp=31
              Live variables:  in proc main
dest is not lib
call:   84 {*32* r7, *32* r8, *32* r9, *32* r10, *32* r11, *32* r12} := CALL printf(
                *c** g3 := machine("%LR") + 656
              )
              Reaching definitions: r[tmp + 30]=r[tmp + 30]{0},   r[0 + 30]=r[0 + 30]{78},   r[1 + 30]=r[1 + 30]{78},
                r[2 + 30]=r[2 + 30]{78},   r[3 + 30]=r[3 + 30]{78},   r[4 + 30]=r[4 + 30]{78},
                r[5 + 30]=r[5 + 30]{78},   r[6 + 30]=r[6 + 30]{78},   r[7 + 30]=r[7 + 30]{78},
                r[8 + 30]=r[8 + 30]{78},   r[9 + 30]=r[9 + 30]{78},   r[10 + 30]=r[10 + 30]{78},
                r[11 + 30]=r[11 + 30]{78},   r[12 + 30]=r[12 + 30]{78},   r[13 + 30]=r[13 + 30]{78},
                r[14 + 30]=r[14 + 30]{78},   r[15 + 30]=r[15 + 30]{78},   r[16 + 30]=r[16 + 30]{78},
                r[17 + 30]=r[17 + 30]{78},   r[18 + 30]=r[18 + 30]{78},   r[19 + 30]=r[19 + 30]{78},
                r[20 + 30]=r[20 + 30]{78},   r[21 + 30]=r[21 + 30]{78},   r[22 + 30]=r[22 + 30]{78},
                r[23 + 30]=r[23 + 30]{78},   r[24 + 30]=r[24 + 30]{78},   r[25 + 30]=r[25 + 30]{78},
                r[26 + 30]=r[26 + 30]{78},   r[27 + 30]=r[27 + 30]{78},   r[28 + 30]=r[28 + 30]{78},
                r[29 + 30]=r[29 + 30]{78},   r[30 + 30]=r[30 + 30]{78},   r[31 + 30]=r[31 + 30]{78},   r0=r0{78},
                r1=r1{0} - 96,   r3=machine("%LR") + 656,   r4=r4{81},   r5=40,   r6=r1{0} - 32,   r9=r9{78},
                r11=r11{78},   r30=r30{78},   r31=machine("%LR"),   r60=r60{78},   r61=r61{78},
                m[r1{0} + 8]=machine("%LR"),   m[r1{0} + 112]=r[tmp + 30]{0},   m[r1{0} + 116]=r[tmp + 30]{0},
                m[r1{0} - 32]=m[r1{0} - 32]{0},   m[r1{0} - 96]=r1{0},   tmp=31
              Live variables:  in proc main
dest is not lib
call:   80 {*32* r[0 + 30], *32* r[1 + 30], *32* r[2 + 30], *32* r[3 + 30], *32* r[4 + 30], *32* r[5 + 30], *32* r[6 + 30], *32* r[7 + 30], *32* r[8 + 30], *32* r[9 + 30], *32* r[10 + 30], *32* r[11 + 30], *32* r[12 + 30], *32* r[13 + 30], *32* r[14 + 30], *32* r[15 + 30], *32* r[16 + 30], *32* r[17 + 30], *32* r[18 + 30], *32* r[19 + 30], *32* r[20 + 30], *32* r[21 + 30], *32* r[22 + 30], *32* r[23 + 30], *32* r[24 + 30], *32* r[25 + 30], *32* r[26 + 30], *32* r[27 + 30], *32* r[28 + 30], *32* r[29 + 30], *32* r[30 + 30], *32* r[31 + 30], *32* r0, *32* r9, *32* r11, *32* r30, *64* r60, *64* r61} := CALL addem(
                *32* g3 := param2
                *32* g4 := param3
                *32* g5 := param4
                *32** g6 := param4
              )
              Reaching definitions: r[tmp + 30]=r[tmp + 30]{0},   r0=machine("%LR"),   r1=r1{0} - 80,   r3=r3{0},
                r4=r4{0},   r5=r5{0},   r6=r6{0},   r30=r1{0} - 80,   r61=r61{0},   m[r1{0} + 8]=machine("%LR"),
                m[r1{0} + 24]=r3{0},   m[r1{0} + 28]=r4{0},   m[r1{0} + 32]=r5{0},   m[r1{0} + 36]=r6{0},
                m[r1{0} + 112]=r[tmp + 30]{0},   m[r1{0} + 116]=r[tmp + 30]{0},   m[r1{0} - 80]=r1{0},   tmp=31
              Live variables:  in proc passem
