INFO  holdec.an - ### holdec 1.1 Copyright 2003-2012 Raimar Falke
INFO  holdec.an - Using ./from_boomerang/switch/ia32_pe_by_boomerang_borland/subject.exe as executable
INFO  holdec.fG - Detected PE (Portable Executable)
INFO  holdec.ks - wrote ./from_boomerang/switch/ia32_pe_by_boomerang_borland/subject.exe.info
INFO  holdec.fG - disassembleAndWrite: start a new loop with 1 extra block starts
INFO  holdec.fG - disassembleAndWrite: running multiline
INFO  holdec.ks - wrote ./from_boomerang/switch/ia32_pe_by_boomerang_borland/subject.exe.info
INFO  holdec.ks - wrote ./from_boomerang/switch/ia32_pe_by_boomerang_borland/subject.exe.info
INFO  holdec.ks - wrote ./from_boomerang/switch/ia32_pe_by_boomerang_borland/subject.exe.info
INFO  holdec.ks - wrote ./from_boomerang/switch/ia32_pe_by_boomerang_borland/subject.exe.info
INFO  holdec.ks - wrote ./from_boomerang/switch/ia32_pe_by_boomerang_borland/subject.exe.info
INFO  holdec.ks - wrote ./from_boomerang/switch/ia32_pe_by_boomerang_borland/subject.exe.info
INFO  holdec.fG - disassembleAndWrite: found 8 new addresses
INFO  holdec.fG - disassembleAndWrite: start a new loop with 9 extra block starts
INFO  holdec.fG - disassembleAndWrite: running multiline
INFO  holdec.ks - wrote ./from_boomerang/switch/ia32_pe_by_boomerang_borland/subject.exe.info
INFO  holdec.ks - wrote ./from_boomerang/switch/ia32_pe_by_boomerang_borland/subject.exe.info
INFO  holdec.fG - disassembleAndWrite: found 4 new addresses
INFO  holdec.fG - disassembleAndWrite: start a new loop with 13 extra block starts
INFO  holdec.fG - disassembleAndWrite: running multiline
INFO  holdec.ks - wrote ./from_boomerang/switch/ia32_pe_by_boomerang_borland/subject.exe.info
INFO  holdec.ks - wrote ./from_boomerang/switch/ia32_pe_by_boomerang_borland/subject.exe.info
INFO  holdec.fG - disassembleAndWrite: found no new addresses. will stop now.
INFO  holdec.ks - wrote ./from_boomerang/switch/ia32_pe_by_boomerang_borland/subject.exe.info
INFO  holdec.ks - wrote ./from_boomerang/switch/ia32_pe_by_boomerang_borland/subject.exe.info
INFO  holdec.fG - reading all asm lines ...
INFO  holdec.fG - ... read 14800 asm lines
WARN  holdec.w - Address 0080b12e.0 is excluded by the address filter. Maybe outside text section?
WARN  holdec.ag - Referencing unknown line 0080b12e.0
WARN  holdec.M - The last line of the last block 3026 is not a return or jump. Probably a data area.
INFO  holdec.an - will decompile 210 functions
WARN  holdec.ag - Referencing unknown line 00409978.0
WARN  holdec.ag - Referencing unknown line 00402134.0
WARN  holdec.ag - Referencing unknown line 004014d0.0
WARN  holdec.ag - Referencing unknown line 00402138.0
WARN  holdec.ag - Referencing unknown line 00402d50.0
WARN  holdec.ag - Referencing unknown line 00409978.0
WARN  holdec.ag - Referencing unknown line 00405010.0
WARN  holdec.ag - Referencing unknown line 00405348.0
WARN  holdec.ag - Referencing unknown line 004033a0.0
WARN  holdec.ag - Referencing unknown line 004033b0.0
WARN  holdec.ag - Referencing unknown line 00402f38.0
WARN  holdec.ag - Referencing unknown line 0040995a.0
WARN  holdec.ag - Referencing unknown line 0040994e.0
WARN  holdec.ag - Referencing unknown line 00406f78.0
WARN  holdec.ag - Referencing unknown line 00406fbc.0
WARN  holdec.ag - Referencing unknown line 00407a50.0
WARN  holdec.ag - Referencing unknown line 00407a58.0
WARN  holdec.ag - Referencing unknown line 00407a58.0
WARN  holdec.ag - Referencing unknown line 00407d1c.0
WARN  holdec.ag - Referencing unknown line 00409978.0
WARN  holdec.ag - Referencing unknown line 00406f28.0
WARN  holdec.ag - Referencing unknown line 00406f28.0
WARN  holdec.ac - Block 26 is already known to have a starting stack offset of -44 but when called from 24 it has an offset of -48
WARN  holdec.ag - Referencing unknown line 00407d54.0
WARN  holdec.ag - Referencing unknown line 0040998a.0
WARN  holdec.ag - Referencing unknown line 004099ba.0
WARN  holdec.ag - Referencing unknown line 00407d80.0
WARN  holdec.ac - Block 3 is already known to have a starting stack offset of 0 but when called from 1 it has an offset of -4
WARN  holdec.ac - Block 3 is already known to have a starting stack offset of -4 but when called from 2 it has an offset of -20
WARN  holdec.ag - Referencing unknown line 004013e0.0
WARN  holdec.ag - Referencing unknown line 004021ac.0
WARN  holdec.ag - Referencing unknown line 004013f0.0
WARN  holdec.ag - Referencing unknown line 0040120c.0
WARN  holdec.ag - Referencing unknown line 00409a08.0
WARN  holdec.ag - Referencing unknown line 00409a08.0
WARN  holdec.ag - Referencing unknown line 00409a08.0
WARN  holdec.ag - Referencing unknown line 0040130c.0
WARN  holdec.ac - Block 1 is already known to have a starting stack offset of -12 but when called from 3 it has an offset of -28
WARN  holdec.ac - Block 4 is already known to have a starting stack offset of -12 but when called from 3 it has an offset of -28
WARN  holdec.d - may result in wrong values
WARN  holdec.d -   reg_pp6 = PHI(reg_var12, reg_var10) in Block1
WARN  holdec.d -   reg_var12 = ADD(reg_pp6, 0x1000) in Block3
WARN  holdec.ag - Referencing unknown line 00409a0e.0
WARN  holdec.ag - Referencing unknown line 00409a0e.0
WARN  holdec.ag - Referencing unknown line 004013dc.0
WARN  holdec.d - may result in wrong values
WARN  holdec.d -   reg_pp3 = PHI(reg_var11, reg_var10) in Block2
WARN  holdec.d -   reg_var11 = ADD(reg_pp3, 4) in Block1
WARN  holdec.ag - Referencing unknown line 004014d4.0
WARN  holdec.ag - Referencing unknown line 00401ae4.0
WARN  holdec.ag - Referencing unknown line 00401e28.0
WARN  holdec.ag - Referencing unknown line 004012c0.0
WARN  holdec.ag - Referencing unknown line 00401614.0
WARN  holdec.ag - Referencing unknown line 004012c0.0
WARN  holdec.ag - Referencing unknown line 00401614.0
WARN  holdec.ag - Referencing unknown line 0040122c.0
WARN  holdec.ag - Referencing unknown line 004012c0.0
WARN  holdec.ag - Referencing unknown line 00401614.0
WARN  holdec.ag - Referencing unknown line 004012c0.0
WARN  holdec.ag - Referencing unknown line 00401614.0
WARN  holdec.ag - Referencing unknown line 004012c0.0
WARN  holdec.ag - Referencing unknown line 00401324.0
WARN  holdec.ag - Referencing unknown line 00401514.0
WARN  holdec.ag - Referencing unknown line 00401614.0
WARN  holdec.ag - Referencing unknown line 0040130c.0
WARN  holdec.ag - Referencing unknown line 00401324.0
WARN  holdec.ag - Referencing unknown line 0040130c.0
WARN  holdec.ag - Referencing unknown line 00401324.0
WARN  holdec.ag - Referencing unknown line 00401ae4.0
WARN  holdec.ag - Referencing unknown line 004019c4.0
WARN  holdec.ag - Referencing unknown line 00401298.0
WARN  holdec.ag - Referencing unknown line 00401bec.0
WARN  holdec.ag - Referencing unknown line 00401c50.0
WARN  holdec.ag - Referencing unknown line 00401700.0
WARN  holdec.ag - Referencing unknown line 00401700.0
WARN  holdec.d - may result in wrong values
WARN  holdec.d -   reg_pp22 = PHI(reg_var21, reg_var20) in Block13
WARN  holdec.d -   reg_var21 = ADD(reg_pp22, 8) in Block12
WARN  holdec.d - may result in wrong values
WARN  holdec.d -   reg_pp24 = PHI(reg_var30, reg_var31) in Block20
WARN  holdec.d -   reg_var31 = LOAD(ADD(reg_pp24, 4)) in Block19
WARN  holdec.ag - Referencing unknown line 004099ae.0
WARN  holdec.ag - Referencing unknown line 00401c28.0
WARN  holdec.ag - Referencing unknown line 0040213c.0
WARN  holdec.ag - Referencing unknown line 00401ab8.0
WARN  holdec.ag - Referencing unknown line 00401c28.0
WARN  holdec.ag - Referencing unknown line 0040213c.0
WARN  holdec.ag - Referencing unknown line 00401ab8.0
WARN  holdec.ag - Referencing unknown line 0040130c.0
WARN  holdec.d - may result in wrong values
WARN  holdec.d -   reg_pp9 = PHI(reg_var20, reg_var26) in Block2
WARN  holdec.d -   reg_var26 = ADD(reg_pp9, -6) in Block7
WARN  holdec.d - may result in wrong values
WARN  holdec.d -   reg_pp8 = PHI(reg_var10, reg_var16) in Block2
WARN  holdec.d -   reg_var16 = ADD(reg_pp8, 48) in Block7
WARN  holdec.o -   load size differs from loaded size for ARG_1 vs. LOAD(ADDR(ARG_1))
WARN  holdec.o -   load size differs from loaded size for ARG_1 vs. LOAD(ADDR(ARG_1))
WARN  holdec.o -   load size differs from loaded size for ARG_1 vs. LOAD(ADDR(ARG_1))
WARN  holdec.o -   load size differs from loaded size for ARG_1 vs. LOAD(ADDR(ARG_1))
ERROR holdec.ie - Caught an Exception while trying to construct regions. Will dump blocks and regions (if available).
java.lang.AssertionError: Too many inner loops in RegionConstructor
	at holdec.ie.b(Unknown Source)
	at holdec.ie.a(Unknown Source)
	at holdec.dQ.e(Unknown Source)
	at holdec.eQ.a(Unknown Source)
	at holdec.eI.a(Unknown Source)
	at holdec.dQ.a(Unknown Source)
	at holdec.fG.a(Unknown Source)
	at holdec.an.a(Unknown Source)
	at holdec.an.<init>(Unknown Source)
	at sun.reflect.NativeConstructorAccessorImpl.newInstance0(Native Method)
	at sun.reflect.NativeConstructorAccessorImpl.newInstance(NativeConstructorAccessorImpl.java:57)
	at sun.reflect.DelegatingConstructorAccessorImpl.newInstance(DelegatingConstructorAccessorImpl.java:45)
	at java.lang.reflect.Constructor.newInstance(Constructor.java:532)
	at holdec.Holdec.main(Unknown Source)
WARN  holdec.d - may result in wrong values
WARN  holdec.d -   reg_pp21 = PHI(reg_var22, reg_var20) in Block3
WARN  holdec.d -   reg_var22 = ADD(reg_pp21, 1) in Block4
WARN  holdec.d - may result in wrong values
WARN  holdec.d -   reg_pp20 = PHI(reg_var12, reg_var10) in Block3
WARN  holdec.d -   reg_var12 = ADD(reg_pp20, 1) in Block4
ERROR holdec.ie - Caught an Exception while trying to construct regions. Will dump blocks and regions (if available).
java.lang.AssertionError
	at holdec.iB.a(Unknown Source)
	at holdec.ie.l(Unknown Source)
	at holdec.ie.f(Unknown Source)
	at holdec.ie.b(Unknown Source)
	at holdec.ie.a(Unknown Source)
	at holdec.dQ.e(Unknown Source)
	at holdec.eQ.a(Unknown Source)
	at holdec.eI.a(Unknown Source)
	at holdec.dQ.a(Unknown Source)
	at holdec.fG.a(Unknown Source)
	at holdec.an.a(Unknown Source)
	at holdec.an.<init>(Unknown Source)
	at sun.reflect.NativeConstructorAccessorImpl.newInstance0(Native Method)
	at sun.reflect.NativeConstructorAccessorImpl.newInstance(NativeConstructorAccessorImpl.java:57)
	at sun.reflect.DelegatingConstructorAccessorImpl.newInstance(DelegatingConstructorAccessorImpl.java:45)
	at java.lang.reflect.Constructor.newInstance(Constructor.java:532)
	at holdec.Holdec.main(Unknown Source)
WARN  holdec.ag - Referencing unknown line 00402250.0
WARN  holdec.ag - Referencing unknown line 004013e0.0
WARN  holdec.ag - Referencing unknown line 0040213c.0
WARN  holdec.d - may result in wrong values
WARN  holdec.d -   reg_pp6 = PHI(reg_var11, reg_var10) in Block2
WARN  holdec.d -   reg_var11 = ADD(reg_pp6, 2) in Block1
WARN  holdec.ag - Referencing unknown line 004023bc.0
WARN  holdec.ag - Referencing unknown line 00406b6c.0
WARN  holdec.ag - Referencing unknown line 00406b6c.0
WARN  holdec.ag - Referencing unknown line 00406b6c.0
WARN  holdec.ag - Referencing unknown line 00402970.0
WARN  holdec.ag - Referencing unknown line 00402970.0
WARN  holdec.ag - Referencing unknown line 00406b6c.0
WARN  holdec.ag - Referencing unknown line 00406b6c.0
WARN  holdec.ag - Referencing unknown line 00406b6c.0
WARN  holdec.ag - Referencing unknown line 00402970.0
WARN  holdec.ag - Referencing unknown line 00406b6c.0
WARN  holdec.ag - Referencing unknown line 00402970.0
WARN  holdec.ag - Referencing unknown line 00402970.0
WARN  holdec.ag - Referencing unknown line 00406b6c.0
WARN  holdec.ag - Referencing unknown line 00402970.0
WARN  holdec.ag - Referencing unknown line 00406b6c.0
WARN  holdec.ag - Referencing unknown line 00406b6c.0
WARN  holdec.ag - Referencing unknown line 00402970.0
WARN  holdec.d - may result in wrong values
WARN  holdec.d -   reg_pp14 = PHI(reg_var13, reg_var10) in Block2
WARN  holdec.d -   reg_var13 = ADD(reg_pp14, 12) in Block12
WARN  holdec.ag - Referencing unknown line 00406b6c.0
WARN  holdec.ag - Referencing unknown line 00406b6c.0
WARN  holdec.ag - Referencing unknown line 00406b6c.0
WARN  holdec.ag - Referencing unknown line 00406b6c.0
WARN  holdec.ag - Referencing unknown line 00406b6c.0
WARN  holdec.ag - Referencing unknown line 00402970.0
WARN  holdec.ag - Referencing unknown line 00402484.0
WARN  holdec.ag - Referencing unknown line 00402895.0
WARN  holdec.ag - Referencing unknown line 00402895.0
WARN  holdec.ag - Referencing unknown line 00406b6c.0
WARN  holdec.ag - Referencing unknown line 00402414.0
WARN  holdec.ag - Referencing unknown line 00401140.0
WARN  holdec.ag - Referencing unknown line 00408021.0
WARN  holdec.ag - Referencing unknown line 004031a8.0
WARN  holdec.ag - Referencing unknown line 00406ec0.0
WARN  holdec.ag - Referencing unknown line 00401140.0
WARN  holdec.ag - Referencing unknown line 00408021.0
WARN  holdec.ag - Referencing unknown line 00406ec0.0
WARN  holdec.ag - Referencing unknown line 00402d9c.0
WARN  holdec.ag - Referencing unknown line 00401140.0
WARN  holdec.ag - Referencing unknown line 0040213c.0
WARN  holdec.ag - Referencing unknown line 00402bd8.0
WARN  holdec.ag - Referencing unknown line 00401140.0
WARN  holdec.ag - Referencing unknown line 00402f4c.0
WARN  holdec.ag - Referencing unknown line 00402f61.0
WARN  holdec.ag - Referencing unknown line 00402ec0.0
WARN  holdec.ag - Referencing unknown line 004099d2.0
WARN  holdec.ag - Referencing unknown line 00409960.0
WARN  holdec.ac - Block 3 is already known to have a starting stack offset of -8 but when called from 2 it has an offset of -12
WARN  holdec.ag - Referencing unknown line 0040375c.0
WARN  holdec.ag - Referencing unknown line 0040375c.0
WARN  holdec.ag - Referencing unknown line 004099de.0
WARN  holdec.ag - Referencing unknown line 004037c0.0
WARN  holdec.ac - Block 11 is already known to have a starting stack offset of -16 but when called from 10 it has an offset of -32
WARN  holdec.ag - Referencing unknown line 0040375c.0
WARN  holdec.ag - Referencing unknown line 00403000.0
WARN  holdec.ag - Referencing unknown line 004031e0.0
WARN  holdec.ag - Referencing unknown line 004031e0.0
WARN  holdec.ag - Referencing unknown line 004032c4.0
WARN  holdec.ag - Referencing unknown line 0040375c.0
WARN  holdec.ag - Referencing unknown line 00409a1a.0
WARN  holdec.ag - Referencing unknown line 004037c0.0
WARN  holdec.ac - Block 5 is already known to have a starting stack offset of -8 but when called from 3 it has an offset of -28
WARN  holdec.ag - Referencing unknown line 004013f0.0
WARN  holdec.ag - Referencing unknown line 004013e0.0
WARN  holdec.ag - Referencing unknown line 00403344.0
WARN  holdec.ag - Referencing unknown line 00403078.0
WARN  holdec.ag - Referencing unknown line 00403078.0
WARN  holdec.ag - Referencing unknown line 00409966.0
WARN  holdec.ag - Referencing unknown line 0040375c.0
WARN  holdec.ag - Referencing unknown line 0040213c.0
WARN  holdec.ag - Referencing unknown line 004032c4.0
WARN  holdec.ag - Referencing unknown line 004032c4.0
WARN  holdec.ag - Referencing unknown line 0040213c.0
WARN  holdec.ag - Referencing unknown line 004032c4.0
WARN  holdec.ag - Referencing unknown line 00403078.0
WARN  holdec.o -   load size differs from loaded size for ARG_0 vs. LOAD(ADDR(ARG_0))
WARN  holdec.o -   load size differs from loaded size for ARG_0 vs. LOAD(ADDR(ARG_0))
WARN  holdec.o -   load size differs from loaded size for ARG_0 vs. LOAD(ADDR(ARG_0))
WARN  holdec.o -   load size differs from loaded size for ARG_0 vs. LOAD(ADDR(ARG_0))
WARN  holdec.ag - Referencing unknown line 00403ad0.0
WARN  holdec.ag - Referencing unknown line 00403a20.0
WARN  holdec.o -   load size differs from loaded size for ARG_0 vs. LOAD(ADDR(ARG_0))
WARN  holdec.o -   load size differs from loaded size for ARG_0 vs. LOAD(ADDR(ARG_0))
ERROR holdec.ie - Caught an Exception while trying to construct regions. Will dump blocks and regions (if available).
java.lang.AssertionError: >=
	at holdec.ie.b(Unknown Source)
	at holdec.ie.a(Unknown Source)
	at holdec.ie.a(Unknown Source)
	at holdec.ie.a(Unknown Source)
	at holdec.dQ.e(Unknown Source)
	at holdec.eQ.a(Unknown Source)
	at holdec.eI.a(Unknown Source)
	at holdec.dQ.a(Unknown Source)
	at holdec.fG.a(Unknown Source)
	at holdec.an.a(Unknown Source)
	at holdec.an.<init>(Unknown Source)
	at sun.reflect.NativeConstructorAccessorImpl.newInstance0(Native Method)
	at sun.reflect.NativeConstructorAccessorImpl.newInstance(NativeConstructorAccessorImpl.java:57)
	at sun.reflect.DelegatingConstructorAccessorImpl.newInstance(DelegatingConstructorAccessorImpl.java:45)
	at java.lang.reflect.Constructor.newInstance(Constructor.java:532)
	at holdec.Holdec.main(Unknown Source)
WARN  holdec.ag - Referencing unknown line 00403a68.0
WARN  holdec.ag - Referencing unknown line 00403a68.0
WARN  holdec.ag - Referencing unknown line 00405090.0
WARN  holdec.ag - Referencing unknown line 00402250.0
WARN  holdec.ag - Referencing unknown line 00403a9c.0
WARN  holdec.ag - Referencing unknown line 00404fc8.0
WARN  holdec.ag - Referencing unknown line 00404fce.0
WARN  holdec.ag - Referencing unknown line 00402250.0
WARN  holdec.ag - Referencing unknown line 00402250.0
WARN  holdec.ag - Referencing unknown line 00403a68.0
WARN  holdec.ag - Referencing unknown line 00403a68.0
WARN  holdec.ag - Referencing unknown line 00403a68.0
WARN  holdec.ag - Referencing unknown line 00403a68.0
WARN  holdec.ag - Referencing unknown line 00403a68.0
WARN  holdec.ag - Referencing unknown line 0040487c.0
WARN  holdec.ag - Referencing unknown line 00403a68.0
WARN  holdec.ag - Referencing unknown line 00403a68.0
WARN  holdec.ag - Referencing unknown line 00403a68.0
WARN  holdec.ag - Referencing unknown line 00403a20.0
WARN  holdec.ag - Referencing unknown line 00404690.0
WARN  holdec.ag - Referencing unknown line 004046d4.0
WARN  holdec.ag - Referencing unknown line 0040999c.0
WARN  holdec.ac - Block 6 is already known to have a starting stack offset of -12 but when called from 5 it has an offset of -28
WARN  holdec.o -   load size differs from loaded size for ARG_0 vs. LOAD(ADDR(ARG_0))
WARN  holdec.ag - Referencing unknown line 00409a14.0
WARN  holdec.ac - Block 10 is already known to have a starting stack offset of -8 but when called from 8 it has an offset of -40
WARN  holdec.o -   load size differs from loaded size for ARG_1 vs. LOAD(ADDR(ARG_1))
WARN  holdec.o -   load size differs from loaded size for ARG_1 vs. LOAD(ADDR(ARG_1))
INFO  holdec.ks - wrote ./from_boomerang/switch/ia32_pe_by_boomerang_borland/subject.exe.info
INFO  holdec.ks - wrote ./from_boomerang/switch/ia32_pe_by_boomerang_borland/subject.exe.info
WARN  holdec.ag - Referencing unknown line 00404f98.0
WARN  holdec.ag - Referencing unknown line 00404d5a.0
WARN  holdec.ag - Referencing unknown line 00404c97.0
WARN  holdec.ac - Block 10 is already known to have a starting stack offset of -84 but when called from 10 it has an offset of -100
WARN  holdec.ac - Block 16 is already known to have a starting stack offset of -84 but when called from 15 it has an offset of -100
WARN  holdec.o -   load size differs from loaded size for ARG_4 vs. LOAD(ADDR(ARG_4))
WARN  holdec.o -   load size differs from loaded size for ARG_4 vs. LOAD(ADDR(ARG_4))
WARN  holdec.o -   load size differs from loaded size for ARG_5 vs. LOAD(ADDR(ARG_5))
WARN  holdec.o -   load size differs from loaded size for ARG_5 vs. LOAD(ADDR(ARG_5))
WARN  holdec.ag - Referencing unknown line 00404f98.0
WARN  holdec.ag - Referencing unknown line 00404f98.0
WARN  holdec.ag - Referencing unknown line 00404f98.0
WARN  holdec.o -   load size differs from loaded size for ARG_3 vs. LOAD(ADDR(ARG_3))
WARN  holdec.o -   load size differs from loaded size for ARG_4 vs. LOAD(ADDR(ARG_4))
WARN  holdec.o -   load size differs from loaded size for ARG_4 vs. LOAD(ADDR(ARG_4))
WARN  holdec.ag - Referencing unknown line 0040525c.0
WARN  holdec.ag - Referencing unknown line 00404434.0
WARN  holdec.ag - Referencing unknown line 00404434.0
WARN  holdec.ag - Referencing unknown line 0040507c.0
WARN  holdec.ag - Referencing unknown line 004021ac.0
WARN  holdec.ag - Referencing unknown line 00404dfc.0
WARN  holdec.ag - Referencing unknown line 00404dfc.0
WARN  holdec.ag - Referencing unknown line 00404dfc.0
WARN  holdec.ag - Referencing unknown line 00405058.0
WARN  holdec.ag - Referencing unknown line 00405360.0
WARN  holdec.ag - Referencing unknown line 004021ac.0
INFO  holdec.eI -   pass construct regions took too long: 3.869sec.
INFO  holdec.eI -   pass Flow transformations of regions took too long: 3.759sec.
INFO  holdec.eI -   pass construct regions took too long: 3.25sec.
WARN  holdec.ag - Referencing unknown line 0040507c.0
WARN  holdec.ag - Referencing unknown line 00402238.0
WARN  holdec.ag - Referencing unknown line 00404dfc.0
WARN  holdec.ag - Referencing unknown line 00404dfc.0
WARN  holdec.ag - Referencing unknown line 00404dfc.0
WARN  holdec.ag - Referencing unknown line 00405058.0
WARN  holdec.ag - Referencing unknown line 00405360.0
WARN  holdec.ag - Referencing unknown line 00402238.0
INFO  holdec.eI -   pass construct regions took too long: 4.189sec.
INFO  holdec.eI -   pass Flow transformations of regions took too long: 4.059sec.
INFO  holdec.eI -   pass construct regions took too long: 3.739sec.
WARN  holdec.ag - Referencing unknown line 0040997e.0
WARN  holdec.ag - Referencing unknown line 00409942.0
WARN  holdec.ag - Referencing unknown line 00409948.0
WARN  holdec.ag - Referencing unknown line 00406cdc.0
WARN  holdec.ac - Block 9 is already known to have a starting stack offset of -32 but when called from 7 it has an offset of -40
WARN  holdec.d - may result in wrong values
WARN  holdec.d -   reg_pp40 = PHI(reg_var60, reg_var62) in Block16
WARN  holdec.d -   reg_var62 = ADD(reg_pp40, 2) in Block17
WARN  holdec.d - may result in wrong values
WARN  holdec.d -   reg_pp39 = PHI(reg_var50, reg_var51) in Block16
WARN  holdec.d -   reg_var51 = ADD(reg_pp39, 1) in Block15
WARN  holdec.d - may result in wrong values
WARN  holdec.d -   reg_pp45 = PHI(reg_var100, reg_var101) in Block25
WARN  holdec.d -   reg_var101 = ADD(reg_pp45, 1) in Block24
WARN  holdec.d - may result in wrong values
WARN  holdec.d -   reg_pp47 = PHI(reg_var121, reg_var120) in Block28
WARN  holdec.d -   reg_var121 = ADD(reg_pp47, 1) in Block27
WARN  holdec.o -   load size differs from loaded size for g_0x0040b96c vs. LOAD(ADDR(g_0x0040b96c))
WARN  holdec.o -   load size differs from loaded size for g_0x0040b96d vs. LOAD(ADDR(g_0x0040b96d))
WARN  holdec.o -   load size differs from loaded size for g_0x0040b96e vs. LOAD(ADDR(g_0x0040b96e))
WARN  holdec.o -   load size differs from loaded size for g_0x0040b96f vs. LOAD(ADDR(g_0x0040b96f))
INFO  holdec.eI -   pass construct regions took too long: 3.082sec.
INFO  holdec.eI -   pass Flow transformations of regions took too long: 4.332sec.
INFO  holdec.eI -   pass construct regions took too long: 2.721sec.
WARN  holdec.ag - Referencing unknown line 0040454c.0
WARN  holdec.ag - Referencing unknown line 00402250.0
WARN  holdec.ag - Referencing unknown line 004022ac.0
WARN  holdec.ag - Referencing unknown line 00406b24.0
WARN  holdec.ag - Referencing unknown line 00402250.0
WARN  holdec.ag - Referencing unknown line 004052d0.0
WARN  holdec.ag - Referencing unknown line 00406cdc.0
WARN  holdec.ag - Referencing unknown line 00406ec0.0
WARN  holdec.ag - Referencing unknown line 0040996c.0
WARN  holdec.ag - Referencing unknown line 00409a2c.0
WARN  holdec.ag - Referencing unknown line 00409936.0
WARN  holdec.ag - Referencing unknown line 00406bcc.0
WARN  holdec.ag - Referencing unknown line 00402250.0
WARN  holdec.ag - Referencing unknown line 00409a1a.0
WARN  holdec.ag - Referencing unknown line 00402250.0
WARN  holdec.ag - Referencing unknown line 00409a1a.0
WARN  holdec.ag - Referencing unknown line 00409930.0
WARN  holdec.ac - Block 2 is already known to have a starting stack offset of -48 but when called from 1 it has an offset of -92
WARN  holdec.ag - Referencing unknown line 004099a2.0
WARN  holdec.ag - Referencing unknown line 00409954.0
WARN  holdec.ag - Referencing unknown line 00409a20.0
WARN  holdec.ac - Block 6 is already known to have a starting stack offset of -4 but when called from 5 it has an offset of -16
WARN  holdec.ag - Referencing unknown line 00409972.0
WARN  holdec.ag - Referencing unknown line 00406acc.0
WARN  holdec.ag - Referencing unknown line 00406acc.0
WARN  holdec.ag - Referencing unknown line 00406c98.0
WARN  holdec.ag - Referencing unknown line 00409a26.0
WARN  holdec.ag - Referencing unknown line 00409996.0
WARN  holdec.ag - Referencing unknown line 00409a1a.0
WARN  holdec.ag - Referencing unknown line 00402250.0
WARN  holdec.ag - Referencing unknown line 00409a1a.0
WARN  holdec.ag - Referencing unknown line 00409a1a.0
WARN  holdec.ag - Referencing unknown line 00406c1c.0
WARN  holdec.ac - Block 16 is already known to have a starting stack offset of -172 but when called from 8 it has an offset of -208
WARN  holdec.ac - Block 16 is already known to have a starting stack offset of -208 but when called from 10 it has an offset of -144
WARN  holdec.ac - Block 16 is already known to have a starting stack offset of -208 but when called from 12 it has an offset of -144
WARN  holdec.ac - Block 16 is already known to have a starting stack offset of -208 but when called from 13 it has an offset of -144
WARN  holdec.ac - Block 16 is already known to have a starting stack offset of -208 but when called from 14 it has an offset of -144
WARN  holdec.ac - Block 16 is already known to have a starting stack offset of -208 but when called from 15 it has an offset of -144
WARN  holdec.ag - Referencing unknown line 00406cdc.0
WARN  holdec.ag - Referencing unknown line 00406f40.0
WARN  holdec.ag - Referencing unknown line 00406cdc.0
WARN  holdec.ag - Referencing unknown line 00406f40.0
WARN  holdec.ag - Referencing unknown line 004079d0.0
WARN  holdec.ag - Referencing unknown line 00406eac.0
WARN  holdec.ag - Referencing unknown line 00407b2c.0
WARN  holdec.ag - Referencing unknown line 00407a40.0
WARN  holdec.ag - Referencing unknown line 00406ed4.0
WARN  holdec.ag - Referencing unknown line 00406ed4.0
WARN  holdec.ag - Referencing unknown line 00401400.0
WARN  holdec.ag - Referencing unknown line 00406e08.0
WARN  holdec.ag - Referencing unknown line 00402250.0
WARN  holdec.ag - Referencing unknown line 004013e0.0
WARN  holdec.ag - Referencing unknown line 00406e08.0
WARN  holdec.ag - Referencing unknown line 0040995a.0
WARN  holdec.ag - Referencing unknown line 00406e08.0
WARN  holdec.ag - Referencing unknown line 00402250.0
WARN  holdec.ag - Referencing unknown line 004013e0.0
WARN  holdec.ag - Referencing unknown line 0040213c.0
WARN  holdec.ag - Referencing unknown line 00402250.0
WARN  holdec.ag - Referencing unknown line 004011e0.0
WARN  holdec.ag - Referencing unknown line 00402250.0
WARN  holdec.ag - Referencing unknown line 00402250.0
WARN  holdec.ag - Referencing unknown line 004013f0.0
WARN  holdec.d - may result in wrong values
WARN  holdec.d -   reg_pp44 = PHI(reg_var50, reg_var51) in Block14
WARN  holdec.d -   reg_var51 = ADD(reg_pp44, 4) in Block13
WARN  holdec.d - may result in wrong values
WARN  holdec.d -   reg_pp47 = PHI(reg_var70, reg_var71) in Block20
WARN  holdec.d -   reg_var71 = ADD(reg_cf1, reg_pp47, 1) in Block19
INFO  holdec.eI -   pass Flow transformations of regions took too long: 2.345sec.
INFO  holdec.eI -   pass construct regions took too long: 2.043sec.
WARN  holdec.d - may result in wrong values
WARN  holdec.d -   reg_pp7 = PHI(reg_var12, reg_var10) in Block1
WARN  holdec.d -   reg_var12 = ADD(reg_pp7, 4) in Block2
WARN  holdec.ag - Referencing unknown line 00407748.0
WARN  holdec.ag - Referencing unknown line 00406eac.0
WARN  holdec.ag - Referencing unknown line 00406f40.0
WARN  holdec.ag - Referencing unknown line 0040993c.0
WARN  holdec.ag - Referencing unknown line 00407a58.0
WARN  holdec.ag - Referencing unknown line 00407a58.0
WARN  holdec.ag - Referencing unknown line 00407a54.0
WARN  holdec.ag - Referencing unknown line 00407a58.0
WARN  holdec.d - may result in wrong values
WARN  holdec.d -   reg_pp10 = PHI(reg_var21, reg_var20) in Block4
WARN  holdec.d -   reg_var21 = ADD(reg_pp10, 1) in Block3
WARN  holdec.ag - Referencing unknown line 00409990.0
WARN  holdec.ag - Referencing unknown line 004099ea.0
WARN  holdec.ag - Referencing unknown line 004099f0.0
WARN  holdec.ag - Referencing unknown line 004099f6.0
WARN  holdec.ag - Referencing unknown line 004099fc.0
WARN  holdec.ag - Referencing unknown line 004013e0.0
WARN  holdec.ag - Referencing unknown line 00401140.0
WARN  holdec.ag - Referencing unknown line 00406ec0.0
WARN  holdec.ag - Referencing unknown line 00401140.0
WARN  holdec.ag - Referencing unknown line 00401140.0
WARN  holdec.ag - Referencing unknown line 00402a4c.0
WARN  holdec.ag - Referencing unknown line 00402a4c.0
WARN  holdec.ag - Referencing unknown line 00402a4c.0
WARN  holdec.o -   load size differs from loaded size for ARG_3 vs. LOAD(ADDR(ARG_3))
WARN  holdec.o -   load size differs from loaded size for ARG_3 vs. LOAD(ADDR(ARG_3))
WARN  holdec.o -   load size differs from loaded size for ARG_3 vs. LOAD(ADDR(ARG_3))
WARN  holdec.ag - Referencing unknown line 00406b6c.0
WARN  holdec.ag - Referencing unknown line 00406b6c.0
WARN  holdec.ag - Referencing unknown line 00406b6c.0
WARN  holdec.ag - Referencing unknown line 00406b6c.0
WARN  holdec.ac - Block 26 is already known to have a starting stack offset of -24 but when called from 20 it has an offset of -16
WARN  holdec.ac - Block 26 is already known to have a starting stack offset of -24 but when called from 22 it has an offset of -16
WARN  holdec.ac - Block 26 is already known to have a starting stack offset of -24 but when called from 24 it has an offset of -16
WARN  holdec.ac - Block 26 is already known to have a starting stack offset of -24 but when called from 25 it has an offset of -16
WARN  holdec.ac - Block 26 is already known to have a starting stack offset of -24 but when called from 10 it has an offset of -16
WARN  holdec.ac - Block 26 is already known to have a starting stack offset of -24 but when called from 11 it has an offset of -28
WARN  holdec.ac - Block 26 is already known to have a starting stack offset of -28 but when called from 12 it has an offset of -16
WARN  holdec.ac - Block 26 is already known to have a starting stack offset of -28 but when called from 14 it has an offset of -16
WARN  holdec.ac - Block 26 is already known to have a starting stack offset of -28 but when called from 15 it has an offset of -16
WARN  holdec.ag - Referencing unknown line 004099cc.0
WARN  holdec.ag - Referencing unknown line 00402938.0
WARN  holdec.ag - Referencing unknown line 00408009.0
WARN  holdec.ag - Referencing unknown line 00408021.0
WARN  holdec.ag - Referencing unknown line 00406b6c.0
WARN  holdec.ag - Referencing unknown line 00406b6c.0
WARN  holdec.ac - Block 19 is already known to have a starting stack offset of -16 but when called from 16 it has an offset of -24
WARN  holdec.ac - Block 19 is already known to have a starting stack offset of -24 but when called from 18 it has an offset of -16
WARN  holdec.ac - Block 19 is already known to have a starting stack offset of -24 but when called from 13 it has an offset of -16
WARN  holdec.ac - Block 19 is already known to have a starting stack offset of -24 but when called from 15 it has an offset of -16
WARN  holdec.ag - Referencing unknown line 00406b6c.0
WARN  holdec.ag - Referencing unknown line 00406b6c.0
WARN  holdec.ac - Block 13 is already known to have a starting stack offset of -8 but when called from 7 it has an offset of -12
WARN  holdec.ac - Block 13 is already known to have a starting stack offset of -12 but when called from 8 it has an offset of -8
WARN  holdec.ac - Block 13 is already known to have a starting stack offset of -12 but when called from 12 it has an offset of -8
WARN  holdec.ag - Referencing unknown line 00402414.0
WARN  holdec.ag - Referencing unknown line 00401140.0
WARN  holdec.ag - Referencing unknown line 00401140.0
WARN  holdec.ag - Referencing unknown line 00401140.0
WARN  holdec.ag - Referencing unknown line 00401140.0
WARN  holdec.ag - Referencing unknown line 00407dbe.0
WARN  holdec.ag - Referencing unknown line 0040213c.0
WARN  holdec.ag - Referencing unknown line 00402938.0
WARN  holdec.ag - Referencing unknown line 00408009.0
WARN  holdec.ag - Referencing unknown line 00408021.0
WARN  holdec.ag - Referencing unknown line 00406b6c.0
WARN  holdec.ag - Referencing unknown line 00407efb.0
WARN  holdec.ag - Referencing unknown line 00401140.0
WARN  holdec.ag - Referencing unknown line 004099cc.0
WARN  holdec.ag - Referencing unknown line 00402f9a.0
WARN  holdec.ag - Referencing unknown line 00402414.0
WARN  holdec.ag - Referencing unknown line 00406b6c.0
WARN  holdec.ag - Referencing unknown line 0040803e.0
WARN  holdec.ag - Referencing unknown line 004084bb.0
WARN  holdec.ag - Referencing unknown line 00406b6c.0
WARN  holdec.ag - Referencing unknown line 004084bb.0
WARN  holdec.ag - Referencing unknown line 00401140.0
WARN  holdec.ag - Referencing unknown line 00406b6c.0
WARN  holdec.ag - Referencing unknown line 00401140.0
WARN  holdec.ag - Referencing unknown line 00401140.0
WARN  holdec.ag - Referencing unknown line 00406b6c.0
WARN  holdec.ag - Referencing unknown line 00406b6c.0
WARN  holdec.ag - Referencing unknown line 00408530.0
WARN  holdec.ag - Referencing unknown line 00408021.0
WARN  holdec.ag - Referencing unknown line 00406b6c.0
WARN  holdec.ag - Referencing unknown line 00406b6c.0
WARN  holdec.ag - Referencing unknown line 00406b6c.0
WARN  holdec.ag - Referencing unknown line 004021ac.0
WARN  holdec.ag - Referencing unknown line 00406b6c.0
WARN  holdec.ag - Referencing unknown line 00406b6c.0
WARN  holdec.ag - Referencing unknown line 00406b6c.0
WARN  holdec.ag - Referencing unknown line 00402970.0
WARN  holdec.ag - Referencing unknown line 00402b5c.0
WARN  holdec.ag - Referencing unknown line 0040213c.0
WARN  holdec.ag - Referencing unknown line 00406b6c.0
WARN  holdec.ag - Referencing unknown line 00402970.0
WARN  holdec.ag - Referencing unknown line 00402b5c.0
WARN  holdec.ag - Referencing unknown line 00406b6c.0
WARN  holdec.ag - Referencing unknown line 00407efb.0
WARN  holdec.ag - Referencing unknown line 0040213c.0
WARN  holdec.ag - Referencing unknown line 0040213c.0
WARN  holdec.ag - Referencing unknown line 00406b6c.0
WARN  holdec.ag - Referencing unknown line 0040213c.0
WARN  holdec.ag - Referencing unknown line 004084bb.0
WARN  holdec.ag - Referencing unknown line 00402faf.0
WARN  holdec.ag - Referencing unknown line 00401140.0
WARN  holdec.ag - Referencing unknown line 00406b6c.0
WARN  holdec.ag - Referencing unknown line 00408530.0
WARN  holdec.ag - Referencing unknown line 00409456.0
WARN  holdec.ag - Referencing unknown line 00406b6c.0
WARN  holdec.ag - Referencing unknown line 00407e35.0
WARN  holdec.d - may result in wrong values
WARN  holdec.d -   reg_pp9 = PHI(reg_var14, reg_var10) in Block6
WARN  holdec.d -   reg_var14 = ADD(reg_pp9, 20) in Block5
WARN  holdec.ag - Referencing unknown line 00405010.0
WARN  holdec.ag - Referencing unknown line 0040897d.0
WARN  holdec.ag - Referencing unknown line 00407e35.0
WARN  holdec.ag - Referencing unknown line 00402d18.0
WARN  holdec.ag - Referencing unknown line 00408b17.0
WARN  holdec.ag - Referencing unknown line 00408021.0
WARN  holdec.ag - Referencing unknown line 00401140.0
WARN  holdec.ag - Referencing unknown line 00401140.0
WARN  holdec.ag - Referencing unknown line 0040847c.0
WARN  holdec.ag - Referencing unknown line 0040897d.0
WARN  holdec.ag - Referencing unknown line 004086a9.0
WARN  holdec.ag - Referencing unknown line 00401140.0
WARN  holdec.ag - Referencing unknown line 00402938.0
WARN  holdec.ag - Referencing unknown line 00408009.0
WARN  holdec.ag - Referencing unknown line 00408021.0
WARN  holdec.ag - Referencing unknown line 00407db7.0
WARN  holdec.ag - Referencing unknown line 00402faf.0
WARN  holdec.ag - Referencing unknown line 00406b6c.0
WARN  holdec.ag - Referencing unknown line 00402414.0
WARN  holdec.ag - Referencing unknown line 00406b6c.0
WARN  holdec.ag - Referencing unknown line 00406b6c.0
WARN  holdec.ag - Referencing unknown line 00406b6c.0
WARN  holdec.ag - Referencing unknown line 0040803e.0
WARN  holdec.ag - Referencing unknown line 00408ffb.0
WARN  holdec.d - may result in wrong values
WARN  holdec.d -   reg_pp15 = PHI(reg_var22, reg_var20) in Block5
WARN  holdec.d -   reg_var22 = ADD(reg_pp15, -12) in Block3
WARN  holdec.ag - Referencing unknown line 00406b6c.0
WARN  holdec.ag - Referencing unknown line 00408eb9.0
WARN  holdec.ag - Referencing unknown line 00406b6c.0
WARN  holdec.ag - Referencing unknown line 00406b6c.0
WARN  holdec.ag - Referencing unknown line 00408fb0.0
WARN  holdec.ag - Referencing unknown line 00406b6c.0
WARN  holdec.ag - Referencing unknown line 00408fb0.0
WARN  holdec.ag - Referencing unknown line 00408fb0.0
WARN  holdec.ag - Referencing unknown line 00406b6c.0
WARN  holdec.ag - Referencing unknown line 00406b6c.0
WARN  holdec.ag - Referencing unknown line 004092ab.0
WARN  holdec.ag - Referencing unknown line 00408fb0.0
WARN  holdec.ag - Referencing unknown line 00408fb0.0
WARN  holdec.ag - Referencing unknown line 00406b6c.0
WARN  holdec.ag - Referencing unknown line 00406b6c.0
WARN  holdec.ag - Referencing unknown line 00406b6c.0
WARN  holdec.ag - Referencing unknown line 00406b6c.0
WARN  holdec.ag - Referencing unknown line 00406b6c.0
WARN  holdec.ag - Referencing unknown line 00408ffb.0
WARN  holdec.ag - Referencing unknown line 00408ffb.0
WARN  holdec.ag - Referencing unknown line 00406b6c.0
WARN  holdec.ag - Referencing unknown line 00406b6c.0
WARN  holdec.ag - Referencing unknown line 00406b6c.0
WARN  holdec.ag - Referencing unknown line 00406b6c.0
WARN  holdec.ag - Referencing unknown line 00406b6c.0
WARN  holdec.ag - Referencing unknown line 00406b6c.0
WARN  holdec.ag - Referencing unknown line 00406b6c.0
WARN  holdec.ag - Referencing unknown line 00406b6c.0
WARN  holdec.ag - Referencing unknown line 004093cf.0
WARN  holdec.ag - Referencing unknown line 00406b6c.0
WARN  holdec.ag - Referencing unknown line 00406b6c.0
WARN  holdec.ag - Referencing unknown line 00406b6c.0
WARN  holdec.ag - Referencing unknown line 004093cf.0
WARN  holdec.ag - Referencing unknown line 00406b6c.0
WARN  holdec.ag - Referencing unknown line 004092ab.0
WARN  holdec.ag - Referencing unknown line 00408ffb.0
WARN  holdec.ag - Referencing unknown line 0040810e.0
WARN  holdec.ag - Referencing unknown line 0040121c.0
WARN  holdec.ag - Referencing unknown line 0040810e.0
WARN  holdec.ag - Referencing unknown line 0040120c.0
