JEB 4.0-beta.3.202103090424 (jeb-ce) is starting...
Current directory: SUBJECTS
Base directory: JEBDIR
Program directory: JEBDIR/bin
Java: Oracle Corporation 15.0.1
External plugin loaded: com.pnf.plugin.androidjnihelper.DynamicJNIDetectionPlugin
External plugin loaded: com.pnf.androsig.gen.AndroidSigGenPlugin
External plugin loaded: com.pnf.androsig.apply.andsig.AndroidSigApplyPlugin
External plugin loaded: com.pnf.plugin.oat.OATPlugin
External plugin loaded: com.pnf.plugin.pdf.PdfPlugin
External plugin loaded: com.pnf.diemvm.DiemIdentifier
External plugin loaded: com.pnf.diemvm.DiemDisassemblerPlugin
External plugin loaded: com.pnf.diemvm.DiemDecompilerPlugin
Initializing Jython, please wait...
Processing file: SUBJECTS/from_holdec/i386_float_recog/x64_elf_gcc/subject.exe...
The notes section ".gnu.build.attributes" was not processed
{subject.exe > subject.exe > x86_64 image}: Compiler detected from file format analysis -> unknown (Linux)
{subject.exe > subject.exe > x86_64 image}: Initial native analysis styles: code gaps: LINEAR_SWEEP - data gaps: DEFAULT
{subject.exe > subject.exe > x86_64 image}: Itanium RTTI memory scanner: cannot find sections to scan
{subject.exe > subject.exe > x86_64 image}: No RTTI information recovered
{subject.exe > subject.exe > x86_64 image}: Initial analysis completed (17 internal methods created)
Output folder: jeb_output
  0/ 17: Method: initializer_0
  1/ 17: 1/17: initializer_0 (DONE:204ms)
  1/ 17: Method: sub_401036
  2/ 17: 2/17: sub_401036 (DONE:40ms)
  2/ 17: Method: sub_401030
  3/ 17: 3/17: sub_401030 (DONE:27ms)
  3/ 17: Method: deregister_tm_clones
  4/ 17: 4/17: deregister_tm_clones (DONE:35ms)
  4/ 17: Method: register_tm_clones
  5/ 17: 5/17: register_tm_clones (DONE:58ms)
  5/ 17: Method: unknown_to_unknown
  6/ 17: 6/17: unknown_to_unknown (DONE:187ms)
  6/ 17: Method: double_to_unknown
  7/ 17: 7/17: double_to_unknown (DONE:144ms)
  7/ 17: Method: unknown_to_double
  8/ 17: 8/17: unknown_to_double (DONE:58ms)
  8/ 17: Method: double_to_double
  9/ 17: 9/17: double_to_double (DONE:77ms)
  9/ 17: Method: initializer_1
 10/ 17: 10/17: initializer_1 (DONE:14ms)
 10/ 17: Method: _dl_relocate_static_pie
 11/ 17: 11/17: _dl_relocate_static_pie (DONE:11ms)
 11/ 17: Method: __libc_csu_fini
 12/ 17: 12/17: __libc_csu_fini (DONE:10ms)
 12/ 17: Method: finalizer_0
 13/ 17: 13/17: finalizer_0 (DONE:14ms)
 13/ 17: Method: finalizer_1
Emulation failed!
 14/ 17: 14/17: finalizer_1 (DONE:94ms)
 14/ 17: Method: main
 15/ 17: 15/17: main (DONE:258ms)
 15/ 17: Method: __libc_csu_init
 16/ 17: 16/17: __libc_csu_init (DONE:180ms)
 16/ 17: Method: _start
 17/ 17: 17/17: _start (DONE:42ms)
Exectime: 3.143000 sec
Done.
