INFO  an - ### holdec 1.1 Copyright 2003-2012 Raimar Falke
INFO  an - Using ./from_boomerang/fibo/ia32_elf_by_boomerang_o4/subject.exe as executable
read image                              : ............................................................ [ done ]
INFO  fG - Detected ELF (Executable and Linkable Format)
INFO  ks - reading info from ./from_boomerang/fibo/ia32_elf_by_boomerang_o4/input.info
INFO  ks - wrote ./from_boomerang/fibo/ia32_elf_by_boomerang_o4/input.info.canonFormat
INFO  fG - disassembleAndWrite: start a new loop with 1 extra block starts
Disassemble                             : ............................................................ [ done ]
INFO  fG - disassembleAndWrite: running multiline
INFO  ks - wrote ./from_boomerang/fibo/ia32_elf_by_boomerang_o4/input.info
Preprocessing 212 asm lines             : ............................................................ [ done ]
INFO  ks - wrote ./from_boomerang/fibo/ia32_elf_by_boomerang_o4/input.info
INFO  fG - disassembleAndWrite: found 2 new addresses
INFO  fG - disassembleAndWrite: start a new loop with 3 extra block starts
Disassemble                             : ............................................................ [ done ]
INFO  fG - disassembleAndWrite: running multiline
INFO  ks - wrote ./from_boomerang/fibo/ia32_elf_by_boomerang_o4/input.info
Preprocessing 221 asm lines             : ............................................................ [ done ]
INFO  ks - wrote ./from_boomerang/fibo/ia32_elf_by_boomerang_o4/input.info
INFO  fG - disassembleAndWrite: found no new addresses. will stop now.
INFO  ks - wrote ./from_boomerang/fibo/ia32_elf_by_boomerang_o4/input.info
Preprocessing 244 asm lines             : ............................................................ [ done ]
INFO  ks - wrote ./from_boomerang/fibo/ia32_elf_by_boomerang_o4/input.info
INFO  fG - reading all asm lines ...
INFO  fG - ... read 244 asm lines
WARN  w - Address 080480f4.0 is excluded by the address filter. Maybe outside text section?
WARN  w - Address 080488b4.0 is excluded by the address filter. Maybe outside text section?
create blocks                           : ............................................................ [ done ]
init blocks                             : ............................................................ [ done ]
Writing 20 methods to cache             : ............................................................ [ done ]
INFO  an - will decompile 2 functions
decompile fib                           : .........WARN  ac - Block 4 is already known to have a starting stack offset of -20 but when called from 3 it has an offset of -12
................................................... [ done ]
decompile main                          : .WARN  ag - Referencing unknown line 080486bc.0
WARN  ag - Referencing unknown line 080486cc.0
WARN  ag - Referencing unknown line 08048798.0
WARN  ag - Referencing unknown line 08048798.0
WARN  ag - Referencing unknown line 080486bc.0
........................................................... [ done ]
