dcc: Definition not found for condition code usage at opcode 59
dcc: Definition not found for condition code usage at opcode 59
dcc: Failed to construct repeat..until() condition.
Main could not be located!
Model: x
Warning - compiler not recognised
Signature file: dccxxx.sig
Warning: cannot open signature file /root/dcc/sigs/dccxxx.sig
dcc: Writing C beta file from_pouet.net/with_source_230/ia32_com//subject.b

Statistics - Subroutine start
Number of Icode instructions:
  Low-level :   85
  High-level:   42
  Percentage reduction: 50.59%
dcc: Finished writing C beta file

Call Graph:
start

Final Program Statistics
  Total number of low-level Icodes : 85
  Total number of high-level Icodes: 42
  Total reduction of instructions  : 50.59%
