Model: s
Borland v2 detected
Signature file: dccb2s.sig
dcc: Writing C beta file from_dcc/strlen/ia32_mz_from_dcc//subject.b

Statistics - Subroutine proc_1
Number of Icode instructions:
  Low-level :   16
  High-level:    5
  Percentage reduction: 68.75%

Statistics - Subroutine main
Number of Icode instructions:
  Low-level :    7
  High-level:    2
  Percentage reduction: 71.43%
dcc: Finished writing C beta file

Call Graph:
main
    proc_1

Final Program Statistics
  Total number of low-level Icodes : 23
  Total number of high-level Icodes: 7
  Total reduction of instructions  : 69.57%
