=== Using options:--aggressive-branch-removal
08049F14: warning: Unable to resolve imported reference __gmon_start__.
0804A9BF: warning: Call target address 00000000 is invalid.
08049E94: warning: Unable to resolve imported reference getsockname.
08049F94: warning: Unable to resolve imported reference strtod.
0804A194: warning: Unable to resolve imported reference getservbyport.
0804A594: warning: Unable to resolve imported reference log10.
08062F2A: warning: Unable to determine format string for call to 'fprintf'.
0804A444: warning: Unable to resolve imported reference sigdelset.
08049F54: warning: Unable to resolve imported reference __xstat64.
0804A354: warning: Unable to resolve imported reference readdir64.
08049F54: warning: Unable to resolve imported reference __xstat64.
08049F54: warning: Unable to resolve imported reference __xstat64.
0804A054: warning: Unable to resolve imported reference rename.
0804A4B4: warning: Unable to resolve imported reference chdir.
08049FE4: warning: Unable to resolve imported reference system.
08049F54: warning: Unable to resolve imported reference __xstat64.
0804A154: warning: Unable to resolve imported reference getrusage.
0804A414: warning: Unable to resolve imported reference getppid.
0804A844: warning: Unable to resolve imported reference lseek64.
0804A844: warning: Unable to resolve imported reference lseek64.
0804A844: warning: Unable to resolve imported reference lseek64.
0804A844: warning: Unable to resolve imported reference lseek64.
0804A844: warning: Unable to resolve imported reference lseek64.
08049F94: warning: Unable to resolve imported reference strtod.
08049F94: warning: Unable to resolve imported reference strtod.
0804A144: warning: Unable to resolve imported reference exp.
0804A0D4: warning: Unable to resolve imported reference floor.
08049DE4: warning: Unable to resolve imported reference fmod.
0804A554: warning: Unable to resolve imported reference frexp.
08049DC4: warning: Unable to resolve imported reference ldexp.
0804A6E4: warning: Unable to resolve imported reference log.
0804A594: warning: Unable to resolve imported reference log10.
0804A0E4: warning: Unable to resolve imported reference modf.
0804A254: warning: Unable to resolve imported reference sqrt.
0804A024: warning: Unable to resolve imported reference pow.
0804A7F4: warning: Unable to resolve imported reference sin.
08049F34: warning: Unable to resolve imported reference sinh.
0804A3C4: warning: Unable to resolve imported reference cos.
0804A7D4: warning: Unable to resolve imported reference cosh.
0804A7A4: warning: Unable to resolve imported reference tan.
0804A314: warning: Unable to resolve imported reference tanh.
08049ED4: warning: Unable to resolve imported reference asin.
0804A364: warning: Unable to resolve imported reference acos.
0804A1D4: warning: Unable to resolve imported reference atan.
0804A604: warning: Unable to resolve imported reference atan2.
0804A8E4: warning: Unable to resolve imported reference ceil.
0804A174: warning: Unable to resolve imported reference expm1.
08049EB4: warning: Unable to resolve imported reference log1p.
0804A1E4: warning: Unable to resolve imported reference __fpclassify.
08062EC8: warning: Unable to determine format string for call to 'fprintf'.
08062E80: warning: Unable to determine format string for call to 'fprintf'.
08062E9B: warning: Unable to determine format string for call to 'fprintf'.
0804A754: warning: Unable to resolve imported reference getrlimit64.
0804A134: warning: Unable to resolve imported reference sigaltstack.
0804A874: warning: Unable to resolve imported reference __sigsetjmp.
0804A434: warning: Unable to resolve imported reference waitpid.
0804A304: warning: Unable to resolve imported reference umask.
0804A224: warning: Unable to resolve imported reference truncate64.
0804A224: warning: Unable to resolve imported reference truncate64.
0804A154: warning: Unable to resolve imported reference getrusage.
0804A154: warning: Unable to resolve imported reference getrusage.
0804A0F4: warning: Unable to resolve imported reference tcgetattr.
0804A694: warning: Unable to resolve imported reference cfgetospeed.
08049F74: warning: Unable to resolve imported reference cfgetispeed.
0804A0F4: warning: Unable to resolve imported reference tcgetattr.
0804A384: warning: Unable to resolve imported reference cfsetospeed.
0804A8A4: warning: Unable to resolve imported reference cfsetispeed.
0804A814: warning: Unable to resolve imported reference tcsendbreak.
0804A124: warning: Unable to resolve imported reference tcdrain.
0804A294: warning: Unable to resolve imported reference tcflush.
08049E34: warning: Unable to resolve imported reference tcflow.
0804A2A4: warning: Unable to resolve imported reference symlink.
08049F54: warning: Unable to resolve imported reference __xstat64.
0804A1C4: warning: Unable to resolve imported reference __lxstat64.
0804A714: warning: Unable to resolve imported reference __fxstat64.
08049F54: warning: Unable to resolve imported reference __xstat64.
0804A1C4: warning: Unable to resolve imported reference __lxstat64.
0804A714: warning: Unable to resolve imported reference __fxstat64.
0804A7B4: warning: Unable to resolve imported reference getsockopt.
0804A724: warning: Unable to resolve imported reference setsockopt.
08049FA4: warning: Unable to resolve imported reference socketpair.
0804A4F4: warning: Unable to resolve imported reference sigpending.
0804A8C4: warning: Unable to resolve imported reference sigsuspend.
08049EE4: warning: Unable to resolve imported reference shutdown.
0804A324: warning: Unable to resolve imported reference setuid.
0804A094: warning: Unable to resolve imported reference setsid.
08049E54: warning: Unable to resolve imported reference setgroups.
0804A7C4: warning: Unable to resolve imported reference setgid.
08049FB4: warning: Unable to resolve imported reference recv.
0804A824: warning: Unable to resolve imported reference recvfrom.
0804A6C4: warning: Unable to resolve imported reference send.
0804A014: warning: Unable to resolve imported reference sendto.
0804A504: warning: Unable to resolve imported reference select.
0804A624: warning: Unable to resolve imported reference rmdir.
0804A544: warning: Unable to resolve imported reference rewinddir.
0804A054: warning: Unable to resolve imported reference rename.
0804A354: warning: Unable to resolve imported reference readdir64.
0804A4E4: warning: Unable to resolve imported reference putenv.
0804A404: warning: Unable to resolve imported reference nice.
0804A4A4: warning: Unable to resolve imported reference mkfifo.
0804A844: warning: Unable to resolve imported reference lseek64.
0804A844: warning: Unable to resolve imported reference lseek64.
0804A034: warning: Unable to resolve imported reference listen.
0804A7E4: warning: Unable to resolve imported reference kill.
0804A0E4: warning: Unable to resolve imported reference modf.
0804A8E4: warning: Unable to resolve imported reference ceil.
0804A084: warning: Unable to resolve imported reference setitimer.
0804A854: warning: Unable to resolve imported reference getitimer.
0804A564: warning: Unable to resolve imported reference initgroups.
0804A764: warning: Unable to resolve imported reference gmtime.
08049E94: warning: Unable to resolve imported reference getsockname.
0804A884: warning: Unable to resolve imported reference getservbyname.
0804A194: warning: Unable to resolve imported reference getservbyport.
0804A0A4: warning: Unable to resolve imported reference getprotobyname.
0804A1F4: warning: Unable to resolve imported reference getprotobynumber.
0804A414: warning: Unable to resolve imported reference getppid.
0804A804: warning: Unable to resolve imported reference getpeername.
0804A064: warning: Unable to resolve imported reference getlogin.
0804A5F4: warning: Unable to resolve imported reference gethostname.
0804A274: warning: Unable to resolve imported reference gethostbyaddr_r.
0804A454: warning: Unable to resolve imported reference __h_errno_location.
0804A6F4: warning: Unable to resolve imported reference gethostbyname_r.
0804A774: warning: Unable to resolve imported reference getgroups.
0804A484: warning: Unable to resolve imported reference getegid.
0804A5B4: warning: Unable to resolve imported reference ftruncate64.
0804A5B4: warning: Unable to resolve imported reference ftruncate64.
0804A704: warning: Unable to resolve imported reference fork.
08049FF4: warning: Unable to resolve imported reference fchown.
0804A8B4: warning: Unable to resolve imported reference fchmod.
0804A5A4: warning: Unable to resolve imported reference execve.
0804A2C4: warning: Unable to resolve imported reference dup2.
0804A474: warning: Unable to resolve imported reference chroot.
0804A5E4: warning: Unable to resolve imported reference chown.
0804A4B4: warning: Unable to resolve imported reference chdir.
0804A3D4: warning: Unable to resolve imported reference alarm.
08055678: warning: Procedure camlString__sub_1046 previously had a return address of 4 bytes on the stack, but now seems to have a return address of 0 bytes on the stack.
08059961: warning: Unable to determine the upper bound of an indirect call or jump; there may be more than 2 entries.
080596B9: warning: Procedure camlPrintf__scan_fmt_1144 previously had a return address of 4 bytes on the stack, but now seems to have a return address of 0 bytes on the stack.
08059B26: warning: Procedure camlPrintf__list_iter_i_1201 previously had a return address of 4 bytes on the stack, but now seems to have a return address of 0 bytes on the stack.
08059C18: warning: Procedure camlPrintf__mkprintf_1345 previously had a return address of 0 bytes on the stack, but now seems to have a return address of 4 bytes on the stack.
0805A5F9: warning: Procedure camlPrintf__fun_1600 previously had a return address of 4 bytes on the stack, but now seems to have a return address of 0 bytes on the stack.
0805BD87: warning: Procedure camlPrintf__fun_1600 previously had a return address of 4 bytes on the stack, but now seems to have a return address of 0 bytes on the stack.
0805C0BC: warning: Procedure camlPrintf__get_buff_1402 previously had a return address of 4 bytes on the stack, but now seems to have a return address of 0 bytes on the stack.
08058E82: warning: Procedure camlPrintf__sub_fmt_1124 previously had a return address of 4 bytes on the stack, but now seems to have a return address of 0 bytes on the stack.
08055735: warning: Procedure camlString__blit_1056 previously had a return address of 4 bytes on the stack, but now seems to have a return address of 0 bytes on the stack.
0805B121: warning: Procedure camlPrintf__index_of_int_1037 previously had a return address of 4 bytes on the stack, but now seems to have a return address of 0 bytes on the stack.
080587C9: warning: Procedure camlBuffer__add_char_1072 previously had a return address of 4 bytes on the stack, but now seems to have a return address of 0 bytes on the stack.
0805B631: warning: Procedure camlPrintf__extract_format_float_1110 previously had a return address of 4 bytes on the stack, but now seems to have a return address of 0 bytes on the stack.
0805B2F9: warning: Procedure camlPrintf__parse_string_conversion_1067 previously had a return address of 0 bytes on the stack, but now seems to have a return address of 4 bytes on the stack.
0805B427: warning: Procedure camlPrintf__format_string_1080 previously had a return address of 4 bytes on the stack, but now seems to have a return address of 0 bytes on the stack.
0805A671: warning: Procedure camlPrintf__get_arg_1288 previously had a return address of 4 bytes on the stack, but now seems to have a return address of 0 bytes on the stack.
0805B92D: warning: Procedure camlPrintf__list_iter_i_1201 previously had a return address of 4 bytes on the stack, but now seems to have a return address of 0 bytes on the stack.
0805905B: warning: Unable to determine the upper bound of an indirect call or jump; there may be more than 2 entries.
08058FAB: warning: Procedure camlPrintf__fun_1565 previously had a return address of 4 bytes on the stack, but now seems to have a return address of 0 bytes on the stack.
08059629: warning: Procedure camlPrintf__sub_fmt_1124 previously had a return address of 4 bytes on the stack, but now seems to have a return address of 0 bytes on the stack.
080594AC: warning: Procedure camlPrintf__skip_positional_spec_1090 previously had a return address of 4 bytes on the stack, but now seems to have a return address of 0 bytes on the stack.
0805846E: warning: Procedure camlBuffer__add_substitute_1122 previously had a return address of 4 bytes on the stack, but now seems to have a return address of 0 bytes on the stack.
080582DD: warning: Procedure camlBuffer__advance_to_non_alpha_1108 previously had a return address of 4 bytes on the stack, but now seems to have a return address of 0 bytes on the stack.
080582B8: warning: Unable to determine the upper bound of an indirect call or jump; there may be more than 2 entries.
080581FA: warning: Procedure camlBuffer__advance_to_closing_1098 previously had a return address of 0 bytes on the stack, but now seems to have a return address of 4 bytes on the stack.
0804FA25: warning: Procedure camlBuffer__output_buffer_1094 previously had a return address of 4 bytes on the stack, but now seems to have a return address of 0 bytes on the stack.
08052228: warning: Procedure camlArray__fill_1087 previously had a return address of 4 bytes on the stack, but now seems to have a return address of 0 bytes on the stack.
0804FBC0: warning: Procedure camlPervasives__really_input_1235 previously had a return address of 0 bytes on the stack, but now seems to have a return address of 4 bytes on the stack.
080585F5: warning: Procedure camlBuffer__nth_1057 previously had a return address of 4 bytes on the stack, but now seems to have a return address of 0 bytes on the stack.
080585B5: warning: Procedure camlBuffer__blit_1051 previously had a return address of 4 bytes on the stack, but now seems to have a return address of 0 bytes on the stack.
08058568: warning: Procedure camlBuffer__sub_1046 previously had a return address of 4 bytes on the stack, but now seems to have a return address of 0 bytes on the stack.
08058C84: warning: Procedure camlBuffer__add_substitute_1122 previously had a return address of 4 bytes on the stack, but now seems to have a return address of 0 bytes on the stack.
08058A93: warning: Procedure camlBuffer__advance_to_non_alpha_1108 previously had a return address of 4 bytes on the stack, but now seems to have a return address of 0 bytes on the stack.
08057C77: warning: Procedure fn08057C10 previously had a return address of 4 bytes on the stack, but now seems to have a return address of 0 bytes on the stack.
08057BF8: warning: Procedure camlHashtbl__replace_1112 previously had a return address of 0 bytes on the stack, but now seems to have a return address of 4 bytes on the stack.
08057C09: warning: Procedure camlHashtbl__replace_1112 previously had a return address of 0 bytes on the stack, but now seems to have a return address of 4 bytes on the stack.
080567CA: warning: Procedure camlHashtbl__insert_bucket_1068 previously had a return address of 4 bytes on the stack, but now seems to have a return address of 0 bytes on the stack.
080575B3: warning: Procedure camlHashtbl__replace_1112 previously had a return address of 0 bytes on the stack, but now seems to have a return address of 4 bytes on the stack.
080575C8: warning: Procedure camlHashtbl__replace_1112 previously had a return address of 0 bytes on the stack, but now seems to have a return address of 4 bytes on the stack.
08057A09: warning: Procedure camlHashtbl__find_1093 previously had a return address of 4 bytes on the stack, but now seems to have a return address of 0 bytes on the stack.
0805795A: warning: Procedure camlHashtbl__find_1093 previously had a return address of 4 bytes on the stack, but now seems to have a return address of 0 bytes on the stack.
080576B8: warning: Procedure camlHashtbl__add_1074 previously had a return address of 0 bytes on the stack, but now seems to have a return address of 4 bytes on the stack.
080576CD: warning: Procedure camlHashtbl__add_1074 previously had a return address of 0 bytes on the stack, but now seems to have a return address of 4 bytes on the stack.
08057315: warning: Unable to determine the upper bound of an indirect call or jump; there may be more than 2 entries.
08057124: warning: Unable to determine the upper bound of an indirect call or jump; there may be more than 2 entries.
08057297: warning: Procedure fn08057230 previously had a return address of 4 bytes on the stack, but now seems to have a return address of 0 bytes on the stack.
08057218: warning: Procedure camlHashtbl__replace_1217 previously had a return address of 0 bytes on the stack, but now seems to have a return address of 4 bytes on the stack.
08057229: warning: Procedure camlHashtbl__replace_1217 previously had a return address of 0 bytes on the stack, but now seems to have a return address of 4 bytes on the stack.
08057045: warning: Unable to determine the upper bound of an indirect call or jump; there may be more than 2 entries.
08056FD9: warning: Procedure camlHashtbl__find_1198 previously had a return address of 4 bytes on the stack, but now seems to have a return address of 0 bytes on the stack.
08056F21: warning: Procedure camlHashtbl__find_1198 previously had a return address of 4 bytes on the stack, but now seems to have a return address of 0 bytes on the stack.
08056CA8: warning: Unable to determine the upper bound of an indirect call or jump; there may be more than 2 entries.
08056D39: warning: Procedure camlHashtbl__remove_1185 previously had a return address of 4 bytes on the stack, but now seems to have a return address of 0 bytes on the stack.
08056C28: warning: Procedure camlHashtbl__add_1179 previously had a return address of 0 bytes on the stack, but now seems to have a return address of 4 bytes on the stack.
08056C3D: warning: Procedure camlHashtbl__add_1179 previously had a return address of 0 bytes on the stack, but now seems to have a return address of 4 bytes on the stack.
08057D14: warning: Procedure camlHashtbl__mem_1122 previously had a return address of 4 bytes on the stack, but now seems to have a return address of 0 bytes on the stack.
0805735E: warning: Procedure camlHashtbl__mem_1227 previously had a return address of 4 bytes on the stack, but now seems to have a return address of 0 bytes on the stack.
0805624F: warning: Procedure camlSys__catch_break_1082 previously had a return address of 4 bytes on the stack, but now seems to have a return address of 0 bytes on the stack.
0805626A: warning: Procedure camlSys__catch_break_1082 previously had a return address of 4 bytes on the stack, but now seems to have a return address of 0 bytes on the stack.
080560A5: warning: Procedure camlString__rcontains_from_1140 previously had a return address of 4 bytes on the stack, but now seems to have a return address of 0 bytes on the stack.
08056015: warning: Procedure camlString__contains_1137 previously had a return address of 4 bytes on the stack, but now seems to have a return address of 0 bytes on the stack.
08056027: warning: Procedure camlString__contains_1137 previously had a return address of 4 bytes on the stack, but now seems to have a return address of 0 bytes on the stack.
08055F85: warning: Procedure camlString__rindex_from_1128 previously had a return address of 4 bytes on the stack, but now seems to have a return address of 0 bytes on the stack.
08055EC5: warning: Procedure camlString__index_from_1116 previously had a return address of 4 bytes on the stack, but now seems to have a return address of 0 bytes on the stack.
08055DF7: warning: Procedure camlString__uncapitalize_1106 previously had a return address of 4 bytes on the stack, but now seems to have a return address of 0 bytes on the stack.
08055D67: warning: Procedure camlString__lowercase_1098 previously had a return address of 4 bytes on the stack, but now seems to have a return address of 0 bytes on the stack.
08055A50: error: Parameter 'low' mustn't be larger than 'high'.
080556C5: warning: Procedure camlString__fill_1051 previously had a return address of 4 bytes on the stack, but now seems to have a return address of 0 bytes on the stack.
08055285: warning: Procedure camlChar__chr_1032 previously had a return address of 4 bytes on the stack, but now seems to have a return address of 0 bytes on the stack.
0805509A: warning: Procedure camlList__stable_sort_1248 previously had a return address of 4 bytes on the stack, but now seems to have a return address of 0 bytes on the stack.
08054E48: warning: Procedure camlList__combine_1226 previously had a return address of 4 bytes on the stack, but now seems to have a return address of 0 bytes on the stack.
080548C8: warning: Procedure camlList__exists2_1153 previously had a return address of 4 bytes on the stack, but now seems to have a return address of 0 bytes on the stack.
08054858: warning: Procedure camlList__for_all2_1145 previously had a return address of 4 bytes on the stack, but now seems to have a return address of 0 bytes on the stack.
0805473A: warning: Procedure camlList__fold_right2_1128 previously had a return address of 0 bytes on the stack, but now seems to have a return address of 4 bytes on the stack.
080546E8: warning: Procedure camlList__fold_left2_1119 previously had a return address of 4 bytes on the stack, but now seems to have a return address of 0 bytes on the stack.
08054688: warning: Procedure camlList__iter2_1111 previously had a return address of 4 bytes on the stack, but now seems to have a return address of 0 bytes on the stack.
08053548: warning: Procedure camlList__rev_map2_1099 previously had a return address of 4 bytes on the stack, but now seems to have a return address of 0 bytes on the stack.
080545C8: warning: Procedure camlList__map2_1090 previously had a return address of 4 bytes on the stack, but now seems to have a return address of 0 bytes on the stack.
08054535: warning: Procedure camlList__fold_right_1084 previously had a return address of 0 bytes on the stack, but now seems to have a return address of 4 bytes on the stack.
0805439F: warning: Procedure camlList__flatten_1058 previously had a return address of 4 bytes on the stack, but now seems to have a return address of 0 bytes on the stack.
0805342F: warning: Procedure camlList__nth_1042 previously had a return address of 0 bytes on the stack, but now seems to have a return address of 4 bytes on the stack.
080542F5: warning: Procedure camlList__tl_1039 previously had a return address of 4 bytes on the stack, but now seems to have a return address of 0 bytes on the stack.
080542D5: warning: Procedure camlList__hd_1036 previously had a return address of 4 bytes on the stack, but now seems to have a return address of 0 bytes on the stack.
08054232: warning: Procedure camlList__sort_1271 previously had a return address of 4 bytes on the stack, but now seems to have a return address of 0 bytes on the stack.
08053D72: warning: Procedure camlList__rev_sort_1272 previously had a return address of 4 bytes on the stack, but now seems to have a return address of 0 bytes on the stack.
08054D24: warning: Procedure camlList__partition_1212 previously had a return address of 4 bytes on the stack, but now seems to have a return address of 0 bytes on the stack.
0805461D: warning: Procedure camlList__rev_map2_1099 previously had a return address of 4 bytes on the stack, but now seems to have a return address of 0 bytes on the stack.
0805446D: warning: Procedure camlList__rev_map_1067 previously had a return address of 4 bytes on the stack, but now seems to have a return address of 0 bytes on the stack.
08052384: warning: Procedure camlArray__sortto_1217 previously had a return address of 0 bytes on the stack, but now seems to have a return address of 4 bytes on the stack.
08052459: warning: Procedure camlArray__sortto_1217 previously had a return address of 0 bytes on the stack, but now seems to have a return address of 4 bytes on the stack.
080532E5: warning: Procedure camlArray__stable_sort_1188 previously had a return address of 4 bytes on the stack, but now seems to have a return address of 0 bytes on the stack.
080519CD: warning: Procedure camlArray__stable_sort_1188 previously had a return address of 4 bytes on the stack, but now seems to have a return address of 0 bytes on the stack.
08050C87: warning: Procedure camlArray__maxson_1155 previously had a return address of 0 bytes on the stack, but now seems to have a return address of 4 bytes on the stack.
08050D8E: warning: Procedure camlArray__maxson_1155 previously had a return address of 0 bytes on the stack, but now seems to have a return address of 4 bytes on the stack.
08050D79: warning: Procedure camlArray__maxson_1155 previously had a return address of 0 bytes on the stack, but now seems to have a return address of 4 bytes on the stack.
0805101D: warning: Procedure camlArray__trickledown_1160 previously had a return address of 0 bytes on the stack, but now seems to have a return address of 4 bytes on the stack.
0805111C: warning: Procedure camlArray__trickle_1165 previously had a return address of 4 bytes on the stack, but now seems to have a return address of 0 bytes on the stack.
080514ED: warning: Procedure camlArray__trickleup_1178 previously had a return address of 0 bytes on the stack, but now seems to have a return address of 4 bytes on the stack.
0805148E: warning: Procedure camlArray__trickleup_1178 previously had a return address of 0 bytes on the stack, but now seems to have a return address of 4 bytes on the stack.
080529F8: warning: Procedure camlArray__of_list_1130 previously had a return address of 0 bytes on the stack, but now seems to have a return address of 4 bytes on the stack.
08052030: warning: Procedure camlArray__sub_1081 previously had a return address of 0 bytes on the stack, but now seems to have a return address of 4 bytes on the stack.
08052150: warning: Procedure camlArray__sub_1081 previously had a return address of 0 bytes on the stack, but now seems to have a return address of 4 bytes on the stack.
08050946: warning: Procedure camlArray__find_init_1077 previously had a return address of 4 bytes on the stack, but now seems to have a return address of 0 bytes on the stack.
080531E8: warning: Procedure camlArray__stable_sort_1188 previously had a return address of 4 bytes on the stack, but now seems to have a return address of 0 bytes on the stack.
0804F1DA: warning: Procedure camlPervasives__string_of_float_1140 previously had a return address of 4 bytes on the stack, but now seems to have a return address of 0 bytes on the stack.
0804FF08: warning: Procedure camlPervasives__read_line_1288 previously had a return address of 4 bytes on the stack, but now seems to have a return address of 0 bytes on the stack.
0804FBA5: warning: Procedure camlPervasives__input_1224 previously had a return address of 4 bytes on the stack, but now seems to have a return address of 0 bytes on the stack.
0804FB4C: warning: Procedure camlPervasives__open_in_bin_1220 previously had a return address of 4 bytes on the stack, but now seems to have a return address of 0 bytes on the stack.
0805896A: warning: Procedure camlBuffer__output_buffer_1094 previously had a return address of 4 bytes on the stack, but now seems to have a return address of 0 bytes on the stack.
0804F97C: warning: Procedure camlPervasives__open_out_bin_1181 previously had a return address of 4 bytes on the stack, but now seems to have a return address of 0 bytes on the stack.
0804F8C3: warning: Procedure camlPervasives__string_of_float_1140 previously had a return address of 4 bytes on the stack, but now seems to have a return address of 0 bytes on the stack.
0804F825: warning: Procedure camlPervasives__bool_of_string_1129 previously had a return address of 0 bytes on the stack, but now seems to have a return address of 4 bytes on the stack.
0804F815: warning: Procedure camlPervasives__bool_of_string_1129 previously had a return address of 0 bytes on the stack, but now seems to have a return address of 4 bytes on the stack.
0804F7A5: warning: Procedure camlPervasives__char_of_int_1120 previously had a return address of 4 bytes on the stack, but now seems to have a return address of 0 bytes on the stack.
0804E805: warning: Procedure camlUnix__entry previously had a return address of 0 bytes on the stack, but now seems to have a return address of 4 bytes on the stack.
0804E844: warning: Procedure fn0804E80A previously had a return address of 4 bytes on the stack, but now seems to have a return address of 0 bytes on the stack.
0804E844: warning: Procedure fn0804E80A previously had a return address of 4 bytes on the stack, but now seems to have a return address of 0 bytes on the stack.
0804E82E: warning: Procedure fn0804E80A previously had a return address of 4 bytes on the stack, but now seems to have a return address of 0 bytes on the stack.
0804DA05: warning: Procedure camlUnix__open_proc_full_1975 previously had a return address of 0 bytes on the stack, but now seems to have a return address of 4 bytes on the stack.
0804D611: warning: Procedure camlUnix__open_proc_1949 previously had a return address of 0 bytes on the stack, but now seems to have a return address of 4 bytes on the stack.
0804D0CD: warning: Procedure fn0804D010 previously had a return address of 0 bytes on the stack, but now seems to have a return address of 4 bytes on the stack.
0804CF53: warning: Procedure camlUnix__getnameinfo_1781 previously had a return address of 4 bytes on the stack, but now seems to have a return address of 0 bytes on the stack.
0804D154: warning: Procedure camlUnix__getnameinfo_1781 previously had a return address of 4 bytes on the stack, but now seems to have a return address of 0 bytes on the stack.
0804CBE6: warning: Procedure camlUnix__getaddrinfo_1751 previously had a return address of 4 bytes on the stack, but now seems to have a return address of 0 bytes on the stack.
0804CC34: warning: Procedure camlUnix__getaddrinfo_1751 previously had a return address of 4 bytes on the stack, but now seems to have a return address of 0 bytes on the stack.
0804CC6D: warning: Procedure camlUnix__getaddrinfo_1751 previously had a return address of 4 bytes on the stack, but now seems to have a return address of 0 bytes on the stack.
0804CC89: warning: Procedure camlUnix__getaddrinfo_1751 previously had a return address of 4 bytes on the stack, but now seems to have a return address of 0 bytes on the stack.
0804CD19: warning: Procedure camlUnix__getaddrinfo_1751 previously had a return address of 4 bytes on the stack, but now seems to have a return address of 0 bytes on the stack.
0804CE4C: warning: Procedure camlUnix__getaddrinfo_1751 previously had a return address of 4 bytes on the stack, but now seems to have a return address of 0 bytes on the stack.
0804C848: warning: Procedure camlUnix__sendto_1576 previously had a return address of 4 bytes on the stack, but now seems to have a return address of 0 bytes on the stack.
0804C7E5: warning: Procedure camlUnix__send_1570 previously had a return address of 4 bytes on the stack, but now seems to have a return address of 0 bytes on the stack.
0804C795: warning: Procedure camlUnix__recvfrom_1564 previously had a return address of 4 bytes on the stack, but now seems to have a return address of 0 bytes on the stack.
0804C745: warning: Procedure camlUnix__recv_1558 previously had a return address of 4 bytes on the stack, but now seems to have a return address of 0 bytes on the stack.
0804C585: warning: Procedure camlUnix__single_write_1247 previously had a return address of 4 bytes on the stack, but now seems to have a return address of 0 bytes on the stack.
0804C535: warning: Procedure camlUnix__write_1242 previously had a return address of 4 bytes on the stack, but now seems to have a return address of 0 bytes on the stack.
0804C4E5: warning: Procedure camlUnix__read_1237 previously had a return address of 4 bytes on the stack, but now seems to have a return address of 0 bytes on the stack.
0804A8E4: warning: Unable to resolve imported reference ceil.
0804A8C4: warning: Unable to resolve imported reference sigsuspend.
0804A8B4: warning: Unable to resolve imported reference fchmod.
0804A8A4: warning: Unable to resolve imported reference cfsetispeed.
0804A884: warning: Unable to resolve imported reference getservbyname.
0804A874: warning: Unable to resolve imported reference __sigsetjmp.
0804A854: warning: Unable to resolve imported reference getitimer.
0804A844: warning: Unable to resolve imported reference lseek64.
0804A824: warning: Unable to resolve imported reference recvfrom.
0804A814: warning: Unable to resolve imported reference tcsendbreak.
0804A804: warning: Unable to resolve imported reference getpeername.
0804A7F4: warning: Unable to resolve imported reference sin.
0804A7E4: warning: Unable to resolve imported reference kill.
0804A7D4: warning: Unable to resolve imported reference cosh.
0804A7C4: warning: Unable to resolve imported reference setgid.
0804A7B4: warning: Unable to resolve imported reference getsockopt.
0804A7A4: warning: Unable to resolve imported reference tan.
0804A774: warning: Unable to resolve imported reference getgroups.
0804A764: warning: Unable to resolve imported reference gmtime.
0804A754: warning: Unable to resolve imported reference getrlimit64.
0804A724: warning: Unable to resolve imported reference setsockopt.
0804A714: warning: Unable to resolve imported reference __fxstat64.
0804A704: warning: Unable to resolve imported reference fork.
0804A6F4: warning: Unable to resolve imported reference gethostbyname_r.
0804A6E4: warning: Unable to resolve imported reference log.
0804A6C4: warning: Unable to resolve imported reference send.
0804A694: warning: Unable to resolve imported reference cfgetospeed.
0804A624: warning: Unable to resolve imported reference rmdir.
0804A604: warning: Unable to resolve imported reference atan2.
0804A5F4: warning: Unable to resolve imported reference gethostname.
0804A5E4: warning: Unable to resolve imported reference chown.
0804A5B4: warning: Unable to resolve imported reference ftruncate64.
0804A5A4: warning: Unable to resolve imported reference execve.
0804A564: warning: Unable to resolve imported reference initgroups.
0804A554: warning: Unable to resolve imported reference frexp.
0804A544: warning: Unable to resolve imported reference rewinddir.
0804A504: warning: Unable to resolve imported reference select.
0804A4F4: warning: Unable to resolve imported reference sigpending.
0804A4E4: warning: Unable to resolve imported reference putenv.
0804A4B4: warning: Unable to resolve imported reference chdir.
0804A4A4: warning: Unable to resolve imported reference mkfifo.
0804A484: warning: Unable to resolve imported reference getegid.
0804A474: warning: Unable to resolve imported reference chroot.
0804A454: warning: Unable to resolve imported reference __h_errno_location.
0804A444: warning: Unable to resolve imported reference sigdelset.
0804A434: warning: Unable to resolve imported reference waitpid.
0804A414: warning: Unable to resolve imported reference getppid.
0804A404: warning: Unable to resolve imported reference nice.
0804A3D4: warning: Unable to resolve imported reference alarm.
0804A3C4: warning: Unable to resolve imported reference cos.
0804A384: warning: Unable to resolve imported reference cfsetospeed.
0804A364: warning: Unable to resolve imported reference acos.
0804A354: warning: Unable to resolve imported reference readdir64.
0804A324: warning: Unable to resolve imported reference setuid.
0804A314: warning: Unable to resolve imported reference tanh.
0804A304: warning: Unable to resolve imported reference umask.
0804A2C4: warning: Unable to resolve imported reference dup2.
0804A2A4: warning: Unable to resolve imported reference symlink.
0804A294: warning: Unable to resolve imported reference tcflush.
0804A274: warning: Unable to resolve imported reference gethostbyaddr_r.
0804A254: warning: Unable to resolve imported reference sqrt.
0804A224: warning: Unable to resolve imported reference truncate64.
0804A1F4: warning: Unable to resolve imported reference getprotobynumber.
0804A1E4: warning: Unable to resolve imported reference __fpclassify.
0804A1D4: warning: Unable to resolve imported reference atan.
0804A1C4: warning: Unable to resolve imported reference __lxstat64.
0804A174: warning: Unable to resolve imported reference expm1.
0804A154: warning: Unable to resolve imported reference getrusage.
0804A144: warning: Unable to resolve imported reference exp.
0804A134: warning: Unable to resolve imported reference sigaltstack.
0804A124: warning: Unable to resolve imported reference tcdrain.
0804A0F4: warning: Unable to resolve imported reference tcgetattr.
0804A0E4: warning: Unable to resolve imported reference modf.
0804A0D4: warning: Unable to resolve imported reference floor.
0804A0A4: warning: Unable to resolve imported reference getprotobyname.
0804A094: warning: Unable to resolve imported reference setsid.
0804A084: warning: Unable to resolve imported reference setitimer.
0804A064: warning: Unable to resolve imported reference getlogin.
0804A054: warning: Unable to resolve imported reference rename.
0804A034: warning: Unable to resolve imported reference listen.
0804A024: warning: Unable to resolve imported reference pow.
0804A014: warning: Unable to resolve imported reference sendto.
08049FF4: warning: Unable to resolve imported reference fchown.
08049FE4: warning: Unable to resolve imported reference system.
08049FB4: warning: Unable to resolve imported reference recv.
08049FA4: warning: Unable to resolve imported reference socketpair.
08049F74: warning: Unable to resolve imported reference cfgetispeed.
08049F54: warning: Unable to resolve imported reference __xstat64.
08049F34: warning: Unable to resolve imported reference sinh.
08049F14: warning: Unable to resolve imported reference __gmon_start__.
08049EE4: warning: Unable to resolve imported reference shutdown.
08049ED4: warning: Unable to resolve imported reference asin.
08049EB4: warning: Unable to resolve imported reference log1p.
08049E54: warning: Unable to resolve imported reference setgroups.
08049E34: warning: Unable to resolve imported reference tcflow.
08049DE4: warning: Unable to resolve imported reference fmod.
08049DC4: warning: Unable to resolve imported reference ldexp.
Error: An error occurred during decompilation.
    Offsets not matching? SP(0)
       at Reko.Analysis.CallApplicationBuilder.VisitFpuStackStorage(FpuStackStorage fpu) in /Users/runner/work/reko/reko/src/Decompiler/Analysis/CallApplicationBuilder.cs:line 116
   at Reko.Analysis.CallApplicationBuilder.With(Dictionary`2 map, Storage stg) in /Users/runner/work/reko/reko/src/Decompiler/Analysis/CallApplicationBuilder.cs:line 93
   at Reko.Analysis.CallApplicationBuilder.WithUses(Storage stg) in /Users/runner/work/reko/reko/src/Decompiler/Analysis/CallApplicationBuilder.cs:line 81
   at Reko.Analysis.CallApplicationBuilder.Bind(Identifier id) in /Users/runner/work/reko/reko/src/Decompiler/Analysis/CallApplicationBuilder.cs:line 64
   at Reko.Core.ApplicationBuilder.BindArguments(Identifier[] parameters, Boolean isVariadic, ProcedureCharacteristics chr) in /Users/runner/work/reko/reko/src/Core/ApplicationBuilder.cs:line 143
   at Reko.Core.ApplicationBuilder.CreateInstruction(FunctionType sigCallee, ProcedureCharacteristics chr) in /Users/runner/work/reko/reko/src/Core/ApplicationBuilder.cs:line 93
   at Reko.Analysis.CallRewriter.RewriteCall(SsaState ssaCaller, Statement stm, CallInstruction call) in /Users/runner/work/reko/reko/src/Decompiler/Analysis/CallRewriter.cs:line 376
   at Reko.Analysis.CallRewriter.RewriteCalls(SsaState ssaCaller) in /Users/runner/work/reko/reko/src/Decompiler/Analysis/CallRewriter.cs:line 420
   at Reko.Analysis.CallRewriter.Rewrite(IPlatform platform, List`1 ssts, ProgramDataFlow summaries, DecompilerEventListener eventListener) in /Users/runner/work/reko/reko/src/Decompiler/Analysis/CallRewriter.cs:line 84
   at Reko.Analysis.DataFlowAnalysis.UntangleProcedures() in /Users/runner/work/reko/reko/src/Decompiler/Analysis/DataFlowAnalysis.cs:line 156
   at Reko.Decompiler.AnalyzeDataFlow() in /Users/runner/work/reko/reko/src/Decompiler/Decompiler.cs:line 110
   at Reko.CmdLine.CmdLineDriver.Decompile(Dictionary`2 pArgs) in /Users/runner/work/reko/reko/src/Drivers/CmdLine/CmdLineDriver.cs:line 209
