Using options:
000000000040052B: warning: Procedure frame_dummy previously had a return address of 8 bytes on the stack, but now seems to have a return address of 0 bytes on the stack.
0000000000400540: warning: Procedure frame_dummy previously had a return address of 8 bytes on the stack, but now seems to have a return address of 0 bytes on the stack.
0000000000400426: warning: The format specifier '%z' passed to *printf is not known.
0000000000400426: warning: The format specifier '%z' passed to *printf is not known.
0000000000400426: warning: The format specifier '%z' passed to *printf is not known.
0000000000400426: warning: The format specifier '%z' passed to *printf is not known.
0000000000400426: warning: The format specifier '%z' passed to *printf is not known.
0000000000400441: warning: The format specifier '%z' passed to *printf is not known.
0000000000400441: warning: The format specifier '%z' passed to *printf is not known.
0000000000400441: warning: The format specifier '%z' passed to *printf is not known.
compare_floats: error: An error occurred during data flow analysis.
    Case PO not handled.
      at Reko.Analysis.ConditionCodeEliminator.ComparisonFromConditionCode (ConditionCode cc, Reko.Core.Expressions.BinaryExpression bin, Boolean isNegated) <0x410a5f90 + 0x002e7> in <filename unknown>:0 
  at Reko.Analysis.ConditionCodeEliminator.UseGrfConditionally (Reko.Analysis.SsaIdentifier sid, ConditionCode cc) <0x410a5980 + 0x001eb> in <filename unknown>:0 
  at Reko.Analysis.ConditionCodeEliminator.VisitTestCondition (Reko.Core.Expressions.TestCondition tc) <0x410a5880 + 0x00097> in <filename unknown>:0 
  at Reko.Core.Expressions.TestCondition.Accept[T] (ExpressionVisitor`1 visitor) <0x41059160 + 0x00030> in <filename unknown>:0 
  at Reko.Analysis.ConditionCodeEliminator.TransformAssignment (Reko.Core.Code.Assignment a) <0x410a5550 + 0x00056> in <filename unknown>:0 
  at Reko.Core.Code.Assignment.Accept (Reko.Core.Code.InstructionTransformer xform) <0x4105af40 + 0x00020> in <filename unknown>:0 
  at Reko.Analysis.ConditionCodeEliminator.Transform () <0x410a4d80 + 0x00205> in <filename unknown>:0 
  at Reko.Analysis.DataFlowAnalysis.BuildExpressionTrees () <0x41092820 + 0x004a3> in <filename unknown>:0 
: error: Error when reconstructing types.
    Specified argument was out of the range of valid values.
Parameter name: Linear address 00000000 is not in known segment.
      at Reko.Core.SegmentMap.MapLinearAddressToAddress (UInt64 linearAddress) <0x410b0600 + 0x0017f> in <filename unknown>:0 
  at Reko.CmdLine.CmdLineListener.CreateStatementNavigator (Reko.Core.Program program, Reko.Core.Statement stm) <0x410c9070 + 0x0002f> in <filename unknown>:0 
  at Reko.Typing.TypeCollector.CollectTypes () <0x410c06d0 + 0x002d5> in <filename unknown>:0 
  at Reko.Typing.TypeAnalyzer.RewriteProgram (Reko.Core.Program program) <0x410b96f0 + 0x00597> in <filename unknown>:0 
  at Reko.DecompilerDriver.ReconstructTypes () <0x410b9080 + 0x0022f> in <filename unknown>:0 
