Analyzing './from_boomerang/sumarray/ppc_elf_by_boomerang_o4/subject.exe' as a PowerPC 32 ELF binary file.

0 Procs, 0 Labels, 0 Branches, 0 MB used, 0 / 0 kB covered
Elapsed time: 0 sec.
./from_boomerang/sumarray/ppc_elf_by_boomerang_o4/subject.exe: 35 sections starting at 0x00000EB8
./from_boomerang/sumarray/ppc_elf_by_boomerang_o4/subject.exe: section string table at 0x000013B8, 0x120 bytes
 Offset:  [ix]  Address    Size    Offset  Name
00000EB8: [ 0] 00000000 00000000 00000000 
00000EE0: [ 1] 10000154 0000000D 00000154 .interp
00000F08: [ 2] 10000164 00000020 00000164 .note.ABI-tag
00000F30: [ 3] 10000184 00000028 00000184 .hash
00000F58: [ 4] 100001AC 00000050 000001AC .dynsym
00000F80: [ 5] 100001FC 0000004C 000001FC .dynstr
00000FA8: [ 6] 10000248 0000000A 00000248 .gnu.version
00000FD0: [ 7] 10000254 00000020 00000254 .gnu.version_r
00000FF8: [ 8] 10000274 0000000C 00000274 .rela.dyn
00001020: [ 9] 10000280 00000018 00000280 .rela.plt
00001048: [10] 10000298 00000028 00000298 .init
00001070: [11] 100002C0 00000520 000002C0 .text
00001098: [12] 100007E0 00000020 000007E0 .fini
000010C0: [13] 10000800 0000001F 00000800 .rodata
000010E8: [14] 10000820 00000000 00000820 .sdata2
00001110: [15] 10000820 00000004 00000820 .eh_frame
00001138: [16] 10010824 00000008 00000824 .ctors
00001160: [17] 1001082C 00000008 0000082C .dtors
00001188: [18] 10010834 00000004 00000834 .jcr
000011B0: [19] 10010838 00000010 00000838 .got2
000011D8: [20] 10010848 000000C8 00000848 .dynamic
00001200: [21] 10010910 00000030 00000910 .data
00001228: [22] 10010940 00000014 00000940 .got
00001250: [23] 10010954 00000000 00000954 .sdata
00001278: [24] 10010954 00000000 00000954 .sbss
000012A0: [25] 10010954 00000060 00000954 .plt
000012C8: [26] 100109B4 00000004 00000954 .bss
000012F0: [27] 00000000 0000017A 00000954 .comment
00001318: [28] 00000000 00000058 00000AD0 .debug_aranges
00001340: [29] 00000000 00000138 00000B28 .debug_info
00001368: [30] 00000000 00000020 00000C60 .debug_abbrev
00001390: [31] 00000000 00000117 00000C80 .debug_line
000013B8: [32] 00000000 00000120 00000D97 .shstrtab
000013E0: [33] 00000000 00000E60 00001430 .symtab
00001408: [34] 00000000 00000977 00002290 .strtab
Internal error: Dwarf-2 current offset: 0x824
Matching signatures...
0 Procs, 0 Labels, 0 Branches, 0 MB used, 0 / 2 kB covered
Elapsed time: 0 sec.
0 Procs, 0 Labels, 0 Branches, 0 MB used, 0 / 2 kB covered
Elapsed time: 0 sec.
Separating code and data...
0 Procs, 0 Labels, 0 Branches, 0 MB used, 0 / 2 kB covered
Elapsed time: 0 sec.
0 Procs, 7 Labels, 4 Branches, 0 MB used, 0 / 2 kB covered
Elapsed time: 0 sec.
0 Procs, 8 Labels, 4 Branches, 0 MB used, 0 / 2 kB covered
Elapsed time: 0 sec.
0 Procs, 8 Labels, 4 Branches, 0 MB used, 0 / 2 kB covered
Elapsed time: 0 sec.
0 Procs, 9 Labels, 4 Branches, 0 MB used, 0 / 2 kB covered
Elapsed time: 0 sec.
1 Procs, 9 Labels, 4 Branches, 0 MB used, 0 / 2 kB covered
Elapsed time: 0 sec.
1 Procs, 9 Labels, 4 Branches, 0 MB used, 0 / 2 kB covered
Elapsed time: 0 sec.
1 Procs, 9 Labels, 4 Branches, 0 MB used, 0 / 2 kB covered
Elapsed time: 0 sec.
1 Procs, 9 Labels, 4 Branches, 0 MB used, 0 / 2 kB covered
Elapsed time: 0 sec.
1 Procs, 9 Labels, 4 Branches, 0 MB used, 0 / 2 kB covered
Elapsed time: 0 sec.
1 Procs, 9 Labels, 4 Branches, 0 MB used, 0 / 2 kB covered
Elapsed time: 0 sec.
Resolving indirect jumps...
1 Procs, 9 Labels, 4 Branches, 0 MB used, 0 / 2 kB covered
Elapsed time: 0 sec.
1 Procs, 9 Labels, 4 Branches, 0 MB used, 0 / 2 kB covered
Elapsed time: 0 sec.
Resolving constants and strings...
1 Procs, 9 Labels, 4 Branches, 0 MB used, 0 / 2 kB covered
Elapsed time: 0 sec.
Discovering unreached functions...
1 Procs, 9 Labels, 4 Branches, 0 MB used, 0 / 2 kB covered
Elapsed time: 0 sec.
Computing call tree...
1 Procs, 9 Labels, 4 Branches, 0 MB used, 0 / 2 kB covered
Elapsed time: 0 sec.
Computing calling conventions...
1 Procs, 9 Labels, 4 Branches, 0 MB used, 0 / 2 kB covered
Elapsed time: 0 sec.
Computing Calling Convention: 1/1  0x10010940
Elapsed time: 0 sec.
File analysis complete.
1 Procs, 9 Labels, 4 Branches, 0 MB used, 0 / 2 kB covered
Elapsed time: 0 sec.

Decompiling 1/1: 0x10010940
Elapsed time: 0 sec.
Decompiling 1/1: 0x10010940
Elapsed time: 0 sec.
