Using options:
rewriting: void fn080482AC(Register (ptr (ptr code)) edx, Stack word32 dwArg00)
0804835C: error: Failed to write global variable g_ptr804835C.
    Drill into struct
       at Decompiler.Core.Output.GlobalDataWriter.VisitPointer(Pointer ptr)
   at Decompiler.Core.Types.Pointer.Accept[T](IDataTypeVisitor`1 v)
   at Decompiler.Core.Output.GlobalDataWriter.WriteGlobals(Formatter formatter)
08048394: error: Failed to write global variable g_ptr8048394.
    Drill into struct
       at Decompiler.Core.Output.GlobalDataWriter.VisitPointer(Pointer ptr)
   at Decompiler.Core.Types.Pointer.Accept[T](IDataTypeVisitor`1 v)
   at Decompiler.Core.Output.GlobalDataWriter.WriteGlobals(Formatter formatter)
080483C4: error: Failed to write global variable g_ptr80483C4.
    Drill into struct
       at Decompiler.Core.Output.GlobalDataWriter.VisitPointer(Pointer ptr)
   at Decompiler.Core.Types.Pointer.Accept[T](IDataTypeVisitor`1 v)
   at Decompiler.Core.Output.GlobalDataWriter.WriteGlobals(Formatter formatter)
0804835C: error: Failed to write global variable g_ptr804835C.
    Drill into struct
       at Decompiler.Core.Output.GlobalDataWriter.VisitPointer(Pointer ptr)
   at Decompiler.Core.Types.Pointer.Accept[T](IDataTypeVisitor`1 v)
   at Decompiler.Core.Output.GlobalDataWriter.WriteGlobals(Formatter formatter)
08048394: error: Failed to write global variable g_ptr8048394.
    Drill into struct
       at Decompiler.Core.Output.GlobalDataWriter.VisitPointer(Pointer ptr)
   at Decompiler.Core.Types.Pointer.Accept[T](IDataTypeVisitor`1 v)
   at Decompiler.Core.Output.GlobalDataWriter.WriteGlobals(Formatter formatter)
080483C4: error: Failed to write global variable g_ptr80483C4.
    Drill into struct
       at Decompiler.Core.Output.GlobalDataWriter.VisitPointer(Pointer ptr)
   at Decompiler.Core.Types.Pointer.Accept[T](IDataTypeVisitor`1 v)
   at Decompiler.Core.Output.GlobalDataWriter.WriteGlobals(Formatter formatter)
