[I] JEB 4.11.0.202201181921 (jeb-ce) is starting...
[I] Current directory: SUBJECTS
[I] Base directory: JEBDIR
[I] System: Mac OS X 12.2 (aarch64) de_DE
[I] Java: Homebrew 17.0.1
[I] Memory Usage: 36.0M used (228.0M free, 6.0G max)
[I] Initializing Jython, please wait...
Processing file: SUBJECTS/from_internet/fizzbuzz/answer_from_ais523_s_temporary_account/x64_elf/subject.exe...
[I] {subject.exe > subject.exe > x86_64 image}: Detected compiler: unknown (Linux)
[I] {subject.exe > subject.exe > x86_64 image}: Initial native analysis styles: code gaps: PROLOGUES_ONLY, data gaps: DEFAULT
[E] Error: Instruction cannot be converted: C4E3FD00D24E vpermq ymm2, ymm2, 4Eh
[E] Error: Instruction cannot be converted: C5FDDBC0 vpand ymm0, ymm0, ymm0
[I] {subject.exe > subject.exe > x86_64 image}: Analysis completed (0s)
[I] {subject.exe > subject.exe > x86_64 image}: Initial analysis created 6 methods
Output folder: jeb_output
  0/  6: Method: write_stderr
  1/  6: 1/6: write_stderr (DONE:55ms)
  1/  6: Method: inc_tens_digit
[E] Error: Instruction cannot be converted: C4E3FD00D24E vpermq ymm2, ymm2, 4Eh
  2/  6: 2/6: inc_tens_digit (DONE:1ms)
  2/  6: Method: inefficiently_write_as_hex
  3/  6: 3/6: inefficiently_write_as_hex (DONE:153ms)
  3/  6: Method: exit_on_error
  4/  6: 4/6: exit_on_error (DONE:74ms)
  4/  6: Method: swap_buffers
  5/  6: 5/6: swap_buffers (DONE:56ms)
  5/  6: Method: start
[E] Error: Instruction cannot be converted: C5FDDBC0 vpand ymm0, ymm0, ymm0
  6/  6: 6/6: start (DONE:1ms)
1/2 DECOMPILATION ERROR: METHOD start: java.lang.RuntimeException: Illegal Slice with begin:0, end:256
	at com.pnfsoftware.jebglobal.ds.slice(SourceFile:484)
	at com.pnfsoftware.jebglobal.ds.part(SourceFile:467)
	at com.pnfsoftware.jebglobal.my.oD(SourceFile:2298)
	at com.pnfsoftware.jebglobal.my.oD(SourceFile:2039)
	at com.pnfsoftware.jebglobal.my.oD(SourceFile:2020)
	at com.pnfsoftware.jebglobal.my.oD(SourceFile:1956)
	at com.pnfsoftware.jebglobal.my.oy(SourceFile:1932)
	at com.pnfsoftware.jebglobal.my.convertInstruction(SourceFile:1086)
	at com.pnfsoftware.jebglobal.my.convertBlock(SourceFile:1034)
	at com.pnfsoftware.jeb.core.units.code.asm.decompiler.AbstractConverter.convert(SourceFile:436)
	at com.pnfsoftware.jebglobal.t.Na(SourceFile:55)
	at com.pnfsoftware.jebglobal.ls.oD(SourceFile:116)
	at com.pnfsoftware.jebglobal.yu.oy(SourceFile:182)
	at com.pnfsoftware.jebglobal.yu.oD(SourceFile:135)
	at com.pnfsoftware.jebglobal.yu.oD(SourceFile:122)
	at com.pnfsoftware.jebglobal.WW.oD(SourceFile:561)
	at com.pnfsoftware.jebglobal.WW.oD(SourceFile:349)
	at com.pnfsoftware.jebglobal.xF.oD(SourceFile:1127)
	at com.pnfsoftware.jebglobal.xF.oD(SourceFile:604)
	at com.pnfsoftware.jebglobal.xF.oD(SourceFile:526)
	at com.pnfsoftware.jebglobal.xF.oD(SourceFile:512)
	at com.pnfsoftware.jebglobal.xF.decompileMethod(SourceFile:868)
	at com.pnfsoftware.jebglobal.xF.decompileMethods(SourceFile:985)
	at com.pnfsoftware.jeb.core.units.code.asm.decompiler.NativeDecompilerExporter.process(SourceFile:100)
	at com.pnfsoftware.jeb.core.units.code.DecompilerExporter.export(SourceFile:223)
	at java.base/jdk.internal.reflect.NativeMethodAccessorImpl.invoke0(Native Method)
	at java.base/jdk.internal.reflect.NativeMethodAccessorImpl.invoke(NativeMethodAccessorImpl.java:77)
	at java.base/jdk.internal.reflect.DelegatingMethodAccessorImpl.invoke(DelegatingMethodAccessorImpl.java:43)
	at java.base/java.lang.reflect.Method.invoke(Method.java:568)
	at org.python.core.PyReflectedFunction.__call__(PyReflectedFunction.java:190)
	at org.python.core.PyReflectedFunction.__call__(PyReflectedFunction.java:208)
	at org.python.core.PyObject.__call__(PyObject.java:461)
	at org.python.core.PyObject.__call__(PyObject.java:465)
	at org.python.core.PyMethod.__call__(PyMethod.java:126)
	at jeb_DecompileFile$py.decompileCodeUnit$3(SUBJECTS/scripts/jeb_DecompileFile.py:103)
	at jeb_DecompileFile$py.call_function(SUBJECTS/scripts/jeb_DecompileFile.py)
	at org.python.core.PyTableCode.call(PyTableCode.java:173)
	at org.python.core.PyBaseCode.call(PyBaseCode.java:150)
	at org.python.core.PyFunction.__call__(PyFunction.java:426)
	at org.python.core.PyMethod.__call__(PyMethod.java:141)
	at jeb_DecompileFile$py.run$2(SUBJECTS/scripts/jeb_DecompileFile.py:65)
	at jeb_DecompileFile$py.call_function(SUBJECTS/scripts/jeb_DecompileFile.py)
	at org.python.core.PyTableCode.call(PyTableCode.java:173)
	at org.python.core.PyBaseCode.call(PyBaseCode.java:306)
	at org.python.core.PyBaseCode.call(PyBaseCode.java:197)
	at org.python.core.PyFunction.__call__(PyFunction.java:485)
	at org.python.core.PyMethod.instancemethod___call__(PyMethod.java:237)
	at org.python.core.PyMethod.__call__(PyMethod.java:228)
	at org.python.core.PyMethod.__call__(PyMethod.java:218)
	at org.python.core.PyMethod.__call__(PyMethod.java:213)
	at org.python.core.PyObject._jcallexc(PyObject.java:3565)
	at org.python.core.PyObject._jcall(PyObject.java:3598)
	at org.python.proxies.jeb_DecompileFile$jeb_DecompileFile$0.run(Unknown Source)
	at com.pnfsoftware.jeb.client.script.ScriptLoader.execute(SourceFile:143)
	at com.pnfsoftware.jeb.vd.start(SourceFile:74)
	at com.pnfsoftware.jeb.Launcher.main(SourceFile:254)

2/2 DECOMPILATION ERROR: METHOD inc_tens_digit: java.lang.RuntimeException: Illegal Slice with begin:0, end:256
	at com.pnfsoftware.jebglobal.ds.slice(SourceFile:484)
	at com.pnfsoftware.jebglobal.ds.part(SourceFile:467)
	at com.pnfsoftware.jebglobal.my.oD(SourceFile:2298)
	at com.pnfsoftware.jebglobal.my.oD(SourceFile:2039)
	at com.pnfsoftware.jebglobal.my.oD(SourceFile:2020)
	at com.pnfsoftware.jebglobal.my.oD(SourceFile:1956)
	at com.pnfsoftware.jebglobal.my.oy(SourceFile:1932)
	at com.pnfsoftware.jebglobal.my.convertInstruction(SourceFile:1086)
	at com.pnfsoftware.jebglobal.my.convertBlock(SourceFile:1034)
	at com.pnfsoftware.jeb.core.units.code.asm.decompiler.AbstractConverter.convert(SourceFile:436)
	at com.pnfsoftware.jebglobal.t.Na(SourceFile:55)
	at com.pnfsoftware.jebglobal.ls.oD(SourceFile:116)
	at com.pnfsoftware.jebglobal.yu.oy(SourceFile:182)
	at com.pnfsoftware.jebglobal.yu.oD(SourceFile:135)
	at com.pnfsoftware.jebglobal.yu.oD(SourceFile:122)
	at com.pnfsoftware.jebglobal.WW.oD(SourceFile:561)
	at com.pnfsoftware.jebglobal.WW.oD(SourceFile:349)
	at com.pnfsoftware.jebglobal.xF.oD(SourceFile:1127)
	at com.pnfsoftware.jebglobal.xF.oD(SourceFile:604)
	at com.pnfsoftware.jebglobal.xF.oD(SourceFile:526)
	at com.pnfsoftware.jebglobal.xF.oD(SourceFile:512)
	at com.pnfsoftware.jebglobal.xF.decompileMethod(SourceFile:868)
	at com.pnfsoftware.jebglobal.xF.decompileMethods(SourceFile:985)
	at com.pnfsoftware.jeb.core.units.code.asm.decompiler.NativeDecompilerExporter.process(SourceFile:100)
	at com.pnfsoftware.jeb.core.units.code.DecompilerExporter.export(SourceFile:223)
	at java.base/jdk.internal.reflect.NativeMethodAccessorImpl.invoke0(Native Method)
	at java.base/jdk.internal.reflect.NativeMethodAccessorImpl.invoke(NativeMethodAccessorImpl.java:77)
	at java.base/jdk.internal.reflect.DelegatingMethodAccessorImpl.invoke(DelegatingMethodAccessorImpl.java:43)
	at java.base/java.lang.reflect.Method.invoke(Method.java:568)
	at org.python.core.PyReflectedFunction.__call__(PyReflectedFunction.java:190)
	at org.python.core.PyReflectedFunction.__call__(PyReflectedFunction.java:208)
	at org.python.core.PyObject.__call__(PyObject.java:461)
	at org.python.core.PyObject.__call__(PyObject.java:465)
	at org.python.core.PyMethod.__call__(PyMethod.java:126)
	at jeb_DecompileFile$py.decompileCodeUnit$3(SUBJECTS/scripts/jeb_DecompileFile.py:103)
	at jeb_DecompileFile$py.call_function(SUBJECTS/scripts/jeb_DecompileFile.py)
	at org.python.core.PyTableCode.call(PyTableCode.java:173)
	at org.python.core.PyBaseCode.call(PyBaseCode.java:150)
	at org.python.core.PyFunction.__call__(PyFunction.java:426)
	at org.python.core.PyMethod.__call__(PyMethod.java:141)
	at jeb_DecompileFile$py.run$2(SUBJECTS/scripts/jeb_DecompileFile.py:65)
	at jeb_DecompileFile$py.call_function(SUBJECTS/scripts/jeb_DecompileFile.py)
	at org.python.core.PyTableCode.call(PyTableCode.java:173)
	at org.python.core.PyBaseCode.call(PyBaseCode.java:306)
	at org.python.core.PyBaseCode.call(PyBaseCode.java:197)
	at org.python.core.PyFunction.__call__(PyFunction.java:485)
	at org.python.core.PyMethod.instancemethod___call__(PyMethod.java:237)
	at org.python.core.PyMethod.__call__(PyMethod.java:228)
	at org.python.core.PyMethod.__call__(PyMethod.java:218)
	at org.python.core.PyMethod.__call__(PyMethod.java:213)
	at org.python.core.PyObject._jcallexc(PyObject.java:3565)
	at org.python.core.PyObject._jcall(PyObject.java:3598)
	at org.python.proxies.jeb_DecompileFile$jeb_DecompileFile$0.run(Unknown Source)
	at com.pnfsoftware.jeb.client.script.ScriptLoader.execute(SourceFile:143)
	at com.pnfsoftware.jeb.vd.start(SourceFile:74)
	at com.pnfsoftware.jeb.Launcher.main(SourceFile:254)

Exectime: 1.075000 sec
[I] Done.
