Analyzing './from_pouet.net/with_source_399/ia32_pe/subject.exe' as a x86 32 PECOFF binary file.

0 Procs, 0 Labels, 0 Branches, 0 / 0 kB covered
Matching signatures...
0 Procs, 0 Labels, 0 Branches, 0 / 84 kB covered
0 Procs, 0 Labels, 0 Branches, 0 / 84 kB covered
Separating code and data...
0 Procs, 0 Labels, 0 Branches, 0 / 84 kB covered
0 Procs, 3580 Labels, 3651 Branches, 0 / 84 kB covered
0 Procs, 3580 Labels, 3651 Branches, 0 / 84 kB covered
0 Procs, 3580 Labels, 3651 Branches, 0 / 84 kB covered
0 Procs, 3580 Labels, 3651 Branches, 0 / 84 kB covered
0 Procs, 3580 Labels, 3651 Branches, 0 / 84 kB covered
0 Procs, 3580 Labels, 3651 Branches, 0 / 84 kB covered
0 Procs, 3580 Labels, 3651 Branches, 0 / 84 kB covered
0 Procs, 3580 Labels, 3651 Branches, 0 / 84 kB covered
0 Procs, 3580 Labels, 3651 Branches, 0 / 84 kB covered
0 Procs, 3580 Labels, 3651 Branches, 0 / 84 kB covered
0 Procs, 3580 Labels, 3651 Branches, 0 / 84 kB covered
0 Procs, 3580 Labels, 3651 Branches, 0 / 84 kB covered
0 Procs, 3580 Labels, 3651 Branches, 0 / 84 kB covered
181 Procs, 3580 Labels, 3651 Branches, 0 / 84 kB covered
181 Procs, 3580 Labels, 3651 Branches, 0 / 84 kB covered
181 Procs, 3580 Labels, 3651 Branches, 0 / 84 kB covered
181 Procs, 3580 Labels, 3651 Branches, 0 / 84 kB covered
181 Procs, 3580 Labels, 3651 Branches, 0 / 84 kB covered
181 Procs, 3580 Labels, 3651 Branches, 0 / 84 kB covered
181 Procs, 3580 Labels, 3651 Branches, 0 / 84 kB covered
181 Procs, 3580 Labels, 3651 Branches, 0 / 84 kB covered
181 Procs, 3580 Labels, 3651 Branches, 0 / 84 kB covered
181 Procs, 3580 Labels, 3651 Branches, 0 / 84 kB covered
181 Procs, 3580 Labels, 3651 Branches, 0 / 84 kB covered
181 Procs, 3580 Labels, 3651 Branches, 0 / 84 kB covered
181 Procs, 3580 Labels, 3651 Branches, 0 / 84 kB covered
181 Procs, 3580 Labels, 3651 Branches, 0 / 84 kB covered
181 Procs, 3580 Labels, 3651 Branches, 0 / 84 kB covered
181 Procs, 3580 Labels, 3651 Branches, 0 / 84 kB covered
181 Procs, 3580 Labels, 3651 Branches, 0 / 84 kB covered
181 Procs, 3580 Labels, 3651 Branches, 0 / 84 kB covered
181 Procs, 3580 Labels, 3651 Branches, 0 / 84 kB covered
181 Procs, 3580 Labels, 3651 Branches, 0 / 84 kB covered
181 Procs, 3580 Labels, 3651 Branches, 0 / 84 kB covered
181 Procs, 3580 Labels, 3651 Branches, 0 / 84 kB covered
181 Procs, 3580 Labels, 3651 Branches, 0 / 84 kB covered
181 Procs, 3580 Labels, 3651 Branches, 0 / 84 kB covered
181 Procs, 3580 Labels, 3651 Branches, 0 / 84 kB covered
181 Procs, 3580 Labels, 3651 Branches, 0 / 84 kB covered
181 Procs, 3580 Labels, 3651 Branches, 0 / 84 kB covered
181 Procs, 3580 Labels, 3651 Branches, 0 / 84 kB covered
181 Procs, 3580 Labels, 3651 Branches, 0 / 84 kB covered
181 Procs, 3580 Labels, 3651 Branches, 0 / 84 kB covered
181 Procs, 3580 Labels, 3651 Branches, 0 / 84 kB covered
181 Procs, 3580 Labels, 3651 Branches, 0 / 84 kB covered
181 Procs, 3580 Labels, 3651 Branches, 0 / 84 kB covered
181 Procs, 3580 Labels, 3651 Branches, 0 / 84 kB covered
181 Procs, 3580 Labels, 3651 Branches, 0 / 84 kB covered
181 Procs, 3580 Labels, 3651 Branches, 0 / 84 kB covered
181 Procs, 3580 Labels, 3651 Branches, 0 / 84 kB covered
181 Procs, 3580 Labels, 3651 Branches, 0 / 84 kB covered
181 Procs, 3580 Labels, 3651 Branches, 0 / 84 kB covered
181 Procs, 3580 Labels, 3651 Branches, 0 / 84 kB covered
181 Procs, 3580 Labels, 3651 Branches, 0 / 84 kB covered
181 Procs, 3580 Labels, 3651 Branches, 0 / 84 kB covered
181 Procs, 3580 Labels, 3651 Branches, 0 / 84 kB covered
181 Procs, 3580 Labels, 3651 Branches, 0 / 84 kB covered
181 Procs, 3580 Labels, 3651 Branches, 0 / 84 kB covered
181 Procs, 3580 Labels, 3651 Branches, 0 / 84 kB covered
181 Procs, 3580 Labels, 3651 Branches, 0 / 84 kB covered
181 Procs, 3580 Labels, 3651 Branches, 0 / 84 kB covered
181 Procs, 3580 Labels, 3651 Branches, 0 / 84 kB covered
181 Procs, 3580 Labels, 3651 Branches, 0 / 84 kB covered
181 Procs, 3580 Labels, 3651 Branches, 0 / 84 kB covered
181 Procs, 3580 Labels, 3651 Branches, 0 / 84 kB covered
181 Procs, 3580 Labels, 3651 Branches, 0 / 84 kB covered
181 Procs, 3580 Labels, 3651 Branches, 0 / 84 kB covered
181 Procs, 3580 Labels, 3651 Branches, 0 / 84 kB covered
181 Procs, 3580 Labels, 3651 Branches, 0 / 84 kB covered
181 Procs, 3580 Labels, 3651 Branches, 0 / 84 kB covered
181 Procs, 3580 Labels, 3651 Branches, 0 / 84 kB covered
181 Procs, 3580 Labels, 3651 Branches, 0 / 84 kB covered
181 Procs, 3580 Labels, 3651 Branches, 0 / 84 kB covered
181 Procs, 3580 Labels, 3651 Branches, 0 / 84 kB covered
181 Procs, 3580 Labels, 3651 Branches, 0 / 84 kB covered
181 Procs, 3580 Labels, 3651 Branches, 0 / 84 kB covered
181 Procs, 3580 Labels, 3651 Branches, 0 / 84 kB covered
181 Procs, 3580 Labels, 3651 Branches, 0 / 84 kB covered
181 Procs, 3580 Labels, 3651 Branches, 0 / 84 kB covered
181 Procs, 3580 Labels, 3651 Branches, 0 / 84 kB covered
181 Procs, 3580 Labels, 3651 Branches, 0 / 84 kB covered
181 Procs, 3580 Labels, 3651 Branches, 0 / 84 kB covered
181 Procs, 3580 Labels, 3651 Branches, 0 / 84 kB covered
181 Procs, 3580 Labels, 3651 Branches, 0 / 84 kB covered
181 Procs, 3580 Labels, 3651 Branches, 0 / 84 kB covered
181 Procs, 3580 Labels, 3651 Branches, 0 / 84 kB covered
181 Procs, 3580 Labels, 3651 Branches, 0 / 84 kB covered
181 Procs, 3580 Labels, 3651 Branches, 0 / 84 kB covered
181 Procs, 3580 Labels, 3651 Branches, 0 / 84 kB covered
181 Procs, 3580 Labels, 3651 Branches, 0 / 84 kB covered
181 Procs, 3580 Labels, 3651 Branches, 0 / 84 kB covered
181 Procs, 3580 Labels, 3651 Branches, 0 / 84 kB covered
181 Procs, 3580 Labels, 3651 Branches, 0 / 84 kB covered
181 Procs, 3580 Labels, 3651 Branches, 0 / 84 kB covered
181 Procs, 3580 Labels, 3651 Branches, 0 / 84 kB covered
181 Procs, 3580 Labels, 3651 Branches, 0 / 84 kB covered
181 Procs, 3580 Labels, 3651 Branches, 0 / 84 kB covered
181 Procs, 3580 Labels, 3651 Branches, 0 / 84 kB covered
181 Procs, 3580 Labels, 3651 Branches, 0 / 84 kB covered
181 Procs, 3580 Labels, 3651 Branches, 0 / 84 kB covered
181 Procs, 3580 Labels, 3651 Branches, 0 / 84 kB covered
181 Procs, 3580 Labels, 3651 Branches, 0 / 84 kB covered
181 Procs, 3580 Labels, 3651 Branches, 0 / 84 kB covered
181 Procs, 3580 Labels, 3651 Branches, 0 / 84 kB covered
181 Procs, 3580 Labels, 3651 Branches, 0 / 84 kB covered
181 Procs, 3580 Labels, 3651 Branches, 0 / 84 kB covered
181 Procs, 3580 Labels, 3651 Branches, 0 / 84 kB covered
181 Procs, 3580 Labels, 3651 Branches, 0 / 84 kB covered
181 Procs, 3580 Labels, 3651 Branches, 0 / 84 kB covered
181 Procs, 3580 Labels, 3651 Branches, 0 / 84 kB covered
181 Procs, 3580 Labels, 3651 Branches, 0 / 84 kB covered
181 Procs, 3580 Labels, 3651 Branches, 0 / 84 kB covered
181 Procs, 3580 Labels, 3651 Branches, 0 / 84 kB covered
181 Procs, 3580 Labels, 3651 Branches, 0 / 84 kB covered
181 Procs, 3580 Labels, 3651 Branches, 0 / 84 kB covered
181 Procs, 3580 Labels, 3651 Branches, 0 / 84 kB covered
181 Procs, 3580 Labels, 3651 Branches, 0 / 84 kB covered
181 Procs, 3580 Labels, 3651 Branches, 0 / 84 kB covered
181 Procs, 3580 Labels, 3651 Branches, 0 / 84 kB covered
181 Procs, 3580 Labels, 3651 Branches, 0 / 84 kB covered
181 Procs, 3580 Labels, 3651 Branches, 0 / 84 kB covered
181 Procs, 3580 Labels, 3651 Branches, 0 / 84 kB covered
181 Procs, 3580 Labels, 3651 Branches, 0 / 84 kB covered
181 Procs, 3580 Labels, 3651 Branches, 0 / 84 kB covered
181 Procs, 3580 Labels, 3651 Branches, 0 / 84 kB covered
181 Procs, 3580 Labels, 3651 Branches, 0 / 84 kB covered
181 Procs, 3580 Labels, 3651 Branches, 0 / 84 kB covered
181 Procs, 3580 Labels, 3651 Branches, 0 / 84 kB covered
181 Procs, 3580 Labels, 3651 Branches, 0 / 84 kB covered
181 Procs, 3580 Labels, 3651 Branches, 0 / 84 kB covered
181 Procs, 3580 Labels, 3651 Branches, 0 / 84 kB covered
181 Procs, 3580 Labels, 3651 Branches, 0 / 84 kB covered
181 Procs, 3580 Labels, 3651 Branches, 0 / 84 kB covered
181 Procs, 3580 Labels, 3651 Branches, 0 / 84 kB covered
181 Procs, 3580 Labels, 3651 Branches, 0 / 84 kB covered
181 Procs, 3580 Labels, 3651 Branches, 0 / 84 kB covered
181 Procs, 3580 Labels, 3651 Branches, 0 / 84 kB covered
181 Procs, 3580 Labels, 3651 Branches, 0 / 84 kB covered
181 Procs, 3580 Labels, 3651 Branches, 0 / 84 kB covered
181 Procs, 3580 Labels, 3651 Branches, 0 / 84 kB covered
181 Procs, 3580 Labels, 3651 Branches, 0 / 84 kB covered
181 Procs, 3580 Labels, 3651 Branches, 0 / 84 kB covered
181 Procs, 3580 Labels, 3651 Branches, 0 / 84 kB covered
181 Procs, 3580 Labels, 3651 Branches, 0 / 84 kB covered
181 Procs, 3580 Labels, 3651 Branches, 0 / 84 kB covered
181 Procs, 3580 Labels, 3651 Branches, 0 / 84 kB covered
181 Procs, 3580 Labels, 3651 Branches, 0 / 84 kB covered
181 Procs, 3580 Labels, 3651 Branches, 0 / 84 kB covered
181 Procs, 3580 Labels, 3651 Branches, 0 / 84 kB covered
181 Procs, 3580 Labels, 3651 Branches, 0 / 84 kB covered
181 Procs, 3580 Labels, 3651 Branches, 0 / 84 kB covered
181 Procs, 3580 Labels, 3651 Branches, 0 / 84 kB covered
181 Procs, 3580 Labels, 3651 Branches, 0 / 84 kB covered
181 Procs, 3580 Labels, 3651 Branches, 0 / 84 kB covered
181 Procs, 3580 Labels, 3651 Branches, 0 / 84 kB covered
181 Procs, 3580 Labels, 3651 Branches, 0 / 84 kB covered
181 Procs, 3580 Labels, 3651 Branches, 0 / 84 kB covered
181 Procs, 3580 Labels, 3651 Branches, 0 / 84 kB covered
181 Procs, 3580 Labels, 3651 Branches, 0 / 84 kB covered
181 Procs, 3580 Labels, 3651 Branches, 0 / 84 kB covered
181 Procs, 3580 Labels, 3651 Branches, 0 / 84 kB covered
181 Procs, 3580 Labels, 3651 Branches, 0 / 84 kB covered
181 Procs, 3580 Labels, 3651 Branches, 0 / 84 kB covered
181 Procs, 3580 Labels, 3651 Branches, 0 / 84 kB covered
181 Procs, 3580 Labels, 3651 Branches, 0 / 84 kB covered
181 Procs, 3580 Labels, 3651 Branches, 0 / 84 kB covered
181 Procs, 3580 Labels, 3651 Branches, 0 / 84 kB covered
181 Procs, 3580 Labels, 3651 Branches, 0 / 84 kB covered
181 Procs, 3580 Labels, 3651 Branches, 0 / 84 kB covered
181 Procs, 3580 Labels, 3651 Branches, 0 / 84 kB covered
181 Procs, 3580 Labels, 3651 Branches, 0 / 84 kB covered
181 Procs, 3580 Labels, 3651 Branches, 0 / 84 kB covered
181 Procs, 3580 Labels, 3651 Branches, 0 / 84 kB covered
181 Procs, 3580 Labels, 3651 Branches, 0 / 84 kB covered
181 Procs, 3580 Labels, 3651 Branches, 0 / 84 kB covered
181 Procs, 3580 Labels, 3651 Branches, 0 / 84 kB covered
181 Procs, 3580 Labels, 3651 Branches, 0 / 84 kB covered
181 Procs, 3580 Labels, 3651 Branches, 0 / 84 kB covered
181 Procs, 3580 Labels, 3651 Branches, 0 / 84 kB covered
181 Procs, 3580 Labels, 3651 Branches, 0 / 84 kB covered
181 Procs, 3580 Labels, 3651 Branches, 0 / 84 kB covered
181 Procs, 3580 Labels, 3651 Branches, 0 / 84 kB covered
181 Procs, 3580 Labels, 3651 Branches, 0 / 84 kB covered
181 Procs, 3580 Labels, 3651 Branches, 0 / 84 kB covered
181 Procs, 3580 Labels, 3651 Branches, 0 / 84 kB covered
181 Procs, 3580 Labels, 3651 Branches, 0 / 84 kB covered
181 Procs, 3580 Labels, 3651 Branches, 0 / 84 kB covered
181 Procs, 3580 Labels, 3651 Branches, 0 / 84 kB covered
181 Procs, 3580 Labels, 3651 Branches, 0 / 84 kB covered
181 Procs, 3580 Labels, 3651 Branches, 0 / 84 kB covered
181 Procs, 3580 Labels, 3651 Branches, 0 / 84 kB covered
181 Procs, 3580 Labels, 3651 Branches, 0 / 84 kB covered
181 Procs, 3580 Labels, 3651 Branches, 0 / 84 kB covered
181 Procs, 3580 Labels, 3651 Branches, 0 / 84 kB covered
181 Procs, 3580 Labels, 3651 Branches, 0 / 84 kB covered
181 Procs, 3580 Labels, 3651 Branches, 0 / 84 kB covered
181 Procs, 3580 Labels, 3651 Branches, 0 / 84 kB covered
Resolving indirect jumps...
181 Procs, 3580 Labels, 3651 Branches, 0 / 84 kB covered
181 Procs, 0 Labels, 0 Branches, 0 / 84 kB covered
Separating code and data...
181 Procs, 0 Labels, 0 Branches, 0 / 84 kB covered
181 Procs, 8 Labels, 9 Branches, 0 / 84 kB covered
181 Procs, 14 Labels, 12 Branches, 0 / 84 kB covered
181 Procs, 4203 Labels, 4040 Branches, 0 / 84 kB covered
181 Procs, 4219 Labels, 4055 Branches, 0 / 84 kB covered
181 Procs, 4245 Labels, 4079 Branches, 0 / 84 kB covered
181 Procs, 4249 Labels, 4083 Branches, 0 / 84 kB covered
181 Procs, 4260 Labels, 4090 Branches, 0 / 84 kB covered
181 Procs, 4260 Labels, 4090 Branches, 0 / 84 kB covered
181 Procs, 4272 Labels, 4098 Branches, 0 / 84 kB covered
181 Procs, 4276 Labels, 4105 Branches, 0 / 84 kB covered
181 Procs, 4278 Labels, 4107 Branches, 0 / 84 kB covered
181 Procs, 4278 Labels, 4107 Branches, 0 / 84 kB covered
181 Procs, 4290 Labels, 4127 Branches, 0 / 84 kB covered
181 Procs, 4298 Labels, 4137 Branches, 0 / 84 kB covered
181 Procs, 4317 Labels, 4155 Branches, 0 / 84 kB covered
181 Procs, 4317 Labels, 4155 Branches, 0 / 84 kB covered
181 Procs, 4319 Labels, 4158 Branches, 0 / 84 kB covered
181 Procs, 4330 Labels, 4170 Branches, 0 / 84 kB covered
181 Procs, 4337 Labels, 4179 Branches, 0 / 84 kB covered
181 Procs, 4713 Labels, 4594 Branches, 0 / 84 kB covered
181 Procs, 4713 Labels, 4594 Branches, 0 / 84 kB covered
181 Procs, 4713 Labels, 4594 Branches, 0 / 84 kB covered
181 Procs, 4713 Labels, 4594 Branches, 0 / 84 kB covered
181 Procs, 4713 Labels, 4594 Branches, 0 / 84 kB covered
181 Procs, 4713 Labels, 4594 Branches, 0 / 84 kB covered
181 Procs, 4713 Labels, 4594 Branches, 0 / 84 kB covered
181 Procs, 4713 Labels, 4594 Branches, 0 / 84 kB covered
181 Procs, 4713 Labels, 4594 Branches, 0 / 84 kB covered
181 Procs, 4713 Labels, 4594 Branches, 0 / 84 kB covered
181 Procs, 4713 Labels, 4594 Branches, 0 / 84 kB covered
181 Procs, 4713 Labels, 4594 Branches, 0 / 84 kB covered
181 Procs, 4713 Labels, 4594 Branches, 0 / 84 kB covered
181 Procs, 4713 Labels, 4594 Branches, 0 / 84 kB covered
181 Procs, 4713 Labels, 4594 Branches, 0 / 84 kB covered
181 Procs, 4713 Labels, 4594 Branches, 0 / 84 kB covered
181 Procs, 4713 Labels, 4594 Branches, 0 / 84 kB covered
181 Procs, 4713 Labels, 4594 Branches, 0 / 84 kB covered
181 Procs, 4713 Labels, 4594 Branches, 0 / 84 kB covered
181 Procs, 4713 Labels, 4594 Branches, 0 / 84 kB covered
181 Procs, 4713 Labels, 4594 Branches, 0 / 84 kB covered
181 Procs, 4713 Labels, 4594 Branches, 0 / 84 kB covered
181 Procs, 4713 Labels, 4594 Branches, 0 / 84 kB covered
181 Procs, 4713 Labels, 4594 Branches, 0 / 84 kB covered
181 Procs, 4713 Labels, 4594 Branches, 0 / 84 kB covered
181 Procs, 4713 Labels, 4594 Branches, 0 / 84 kB covered
181 Procs, 4713 Labels, 4594 Branches, 0 / 84 kB covered
181 Procs, 4713 Labels, 4594 Branches, 0 / 84 kB covered
181 Procs, 4713 Labels, 4594 Branches, 0 / 84 kB covered
181 Procs, 4713 Labels, 4594 Branches, 0 / 84 kB covered
181 Procs, 4713 Labels, 4594 Branches, 0 / 84 kB covered
181 Procs, 4713 Labels, 4594 Branches, 0 / 84 kB covered
181 Procs, 4713 Labels, 4594 Branches, 0 / 84 kB covered
181 Procs, 4713 Labels, 4594 Branches, 0 / 84 kB covered
181 Procs, 4713 Labels, 4594 Branches, 0 / 84 kB covered
181 Procs, 4713 Labels, 4594 Branches, 0 / 84 kB covered
181 Procs, 4713 Labels, 4594 Branches, 0 / 84 kB covered
181 Procs, 4713 Labels, 4594 Branches, 0 / 84 kB covered
181 Procs, 4713 Labels, 4594 Branches, 0 / 84 kB covered
181 Procs, 4713 Labels, 4594 Branches, 0 / 84 kB covered
181 Procs, 4713 Labels, 4594 Branches, 0 / 84 kB covered
181 Procs, 4713 Labels, 4594 Branches, 0 / 84 kB covered
181 Procs, 4713 Labels, 4594 Branches, 0 / 84 kB covered
181 Procs, 4713 Labels, 4594 Branches, 0 / 84 kB covered
181 Procs, 4713 Labels, 4594 Branches, 0 / 84 kB covered
181 Procs, 4713 Labels, 4594 Branches, 0 / 84 kB covered
181 Procs, 4713 Labels, 4594 Branches, 0 / 84 kB covered
181 Procs, 4713 Labels, 4594 Branches, 0 / 84 kB covered
181 Procs, 4713 Labels, 4594 Branches, 0 / 84 kB covered
181 Procs, 4713 Labels, 4594 Branches, 0 / 84 kB covered
181 Procs, 4713 Labels, 4594 Branches, 0 / 84 kB covered
181 Procs, 4713 Labels, 4594 Branches, 0 / 84 kB covered
181 Procs, 4713 Labels, 4594 Branches, 0 / 84 kB covered
181 Procs, 4713 Labels, 4594 Branches, 0 / 84 kB covered
181 Procs, 4713 Labels, 4594 Branches, 0 / 84 kB covered
181 Procs, 4713 Labels, 4594 Branches, 0 / 84 kB covered
181 Procs, 4713 Labels, 4594 Branches, 0 / 84 kB covered
181 Procs, 4713 Labels, 4594 Branches, 0 / 84 kB covered
181 Procs, 4713 Labels, 4594 Branches, 0 / 84 kB covered
181 Procs, 4713 Labels, 4594 Branches, 0 / 84 kB covered
181 Procs, 4713 Labels, 4594 Branches, 0 / 84 kB covered
181 Procs, 4713 Labels, 4594 Branches, 0 / 84 kB covered
181 Procs, 4713 Labels, 4594 Branches, 0 / 84 kB covered
181 Procs, 4713 Labels, 4594 Branches, 0 / 84 kB covered
181 Procs, 4713 Labels, 4594 Branches, 0 / 84 kB covered
181 Procs, 4713 Labels, 4594 Branches, 0 / 84 kB covered
181 Procs, 4713 Labels, 4594 Branches, 0 / 84 kB covered
181 Procs, 4713 Labels, 4594 Branches, 0 / 84 kB covered
181 Procs, 4713 Labels, 4594 Branches, 0 / 84 kB covered
181 Procs, 4713 Labels, 4594 Branches, 0 / 84 kB covered
181 Procs, 4713 Labels, 4594 Branches, 0 / 84 kB covered
181 Procs, 4713 Labels, 4594 Branches, 0 / 84 kB covered
181 Procs, 4713 Labels, 4594 Branches, 0 / 84 kB covered
181 Procs, 4713 Labels, 4594 Branches, 0 / 84 kB covered
181 Procs, 4713 Labels, 4594 Branches, 0 / 84 kB covered
181 Procs, 4713 Labels, 4594 Branches, 0 / 84 kB covered
181 Procs, 4713 Labels, 4594 Branches, 0 / 84 kB covered
181 Procs, 4713 Labels, 4594 Branches, 0 / 84 kB covered
181 Procs, 4713 Labels, 4594 Branches, 0 / 84 kB covered
181 Procs, 4713 Labels, 4594 Branches, 0 / 84 kB covered
181 Procs, 4713 Labels, 4594 Branches, 0 / 84 kB covered
181 Procs, 4713 Labels, 4594 Branches, 0 / 84 kB covered
181 Procs, 4713 Labels, 4594 Branches, 0 / 84 kB covered
181 Procs, 4713 Labels, 4594 Branches, 0 / 84 kB covered
181 Procs, 4713 Labels, 4594 Branches, 0 / 84 kB covered
181 Procs, 4713 Labels, 4594 Branches, 0 / 84 kB covered
181 Procs, 4713 Labels, 4594 Branches, 0 / 84 kB covered
181 Procs, 4713 Labels, 4594 Branches, 0 / 84 kB covered
181 Procs, 4713 Labels, 4594 Branches, 0 / 84 kB covered
181 Procs, 4713 Labels, 4594 Branches, 0 / 84 kB covered
181 Procs, 4713 Labels, 4594 Branches, 0 / 84 kB covered
181 Procs, 4713 Labels, 4594 Branches, 0 / 84 kB covered
181 Procs, 4713 Labels, 4594 Branches, 0 / 84 kB covered
181 Procs, 4713 Labels, 4594 Branches, 0 / 84 kB covered
181 Procs, 4713 Labels, 4594 Branches, 0 / 84 kB covered
181 Procs, 4713 Labels, 4594 Branches, 0 / 84 kB covered
181 Procs, 4713 Labels, 4594 Branches, 0 / 84 kB covered
181 Procs, 4713 Labels, 4594 Branches, 0 / 84 kB covered
181 Procs, 4713 Labels, 4594 Branches, 0 / 84 kB covered
181 Procs, 4713 Labels, 4594 Branches, 0 / 84 kB covered
181 Procs, 4713 Labels, 4594 Branches, 0 / 84 kB covered
181 Procs, 4713 Labels, 4594 Branches, 0 / 84 kB covered
181 Procs, 4713 Labels, 4594 Branches, 0 / 84 kB covered
181 Procs, 4713 Labels, 4594 Branches, 0 / 84 kB covered
181 Procs, 4713 Labels, 4594 Branches, 0 / 84 kB covered
181 Procs, 4713 Labels, 4594 Branches, 0 / 84 kB covered
181 Procs, 4713 Labels, 4594 Branches, 0 / 84 kB covered
181 Procs, 4713 Labels, 4594 Branches, 0 / 84 kB covered
181 Procs, 4713 Labels, 4594 Branches, 0 / 84 kB covered
181 Procs, 4713 Labels, 4594 Branches, 0 / 84 kB covered
181 Procs, 4713 Labels, 4594 Branches, 0 / 84 kB covered
181 Procs, 4713 Labels, 4594 Branches, 0 / 84 kB covered
181 Procs, 4713 Labels, 4594 Branches, 0 / 84 kB covered
181 Procs, 4713 Labels, 4594 Branches, 0 / 84 kB covered
181 Procs, 4713 Labels, 4594 Branches, 0 / 84 kB covered
181 Procs, 4713 Labels, 4594 Branches, 0 / 84 kB covered
181 Procs, 4713 Labels, 4594 Branches, 0 / 84 kB covered
181 Procs, 4713 Labels, 4594 Branches, 0 / 84 kB covered
181 Procs, 4713 Labels, 4594 Branches, 0 / 84 kB covered
181 Procs, 4713 Labels, 4594 Branches, 0 / 84 kB covered
181 Procs, 4713 Labels, 4594 Branches, 0 / 84 kB covered
181 Procs, 4713 Labels, 4594 Branches, 0 / 84 kB covered
181 Procs, 4713 Labels, 4594 Branches, 0 / 84 kB covered
181 Procs, 4713 Labels, 4594 Branches, 0 / 84 kB covered
181 Procs, 4713 Labels, 4594 Branches, 0 / 84 kB covered
181 Procs, 4713 Labels, 4594 Branches, 0 / 84 kB covered
181 Procs, 4713 Labels, 4594 Branches, 0 / 84 kB covered
181 Procs, 4713 Labels, 4594 Branches, 0 / 84 kB covered
181 Procs, 4713 Labels, 4594 Branches, 0 / 84 kB covered
181 Procs, 4713 Labels, 4594 Branches, 0 / 84 kB covered
181 Procs, 4713 Labels, 4594 Branches, 0 / 84 kB covered
181 Procs, 4713 Labels, 4594 Branches, 0 / 84 kB covered
181 Procs, 4713 Labels, 4594 Branches, 0 / 84 kB covered
181 Procs, 4713 Labels, 4594 Branches, 0 / 84 kB covered
181 Procs, 4713 Labels, 4594 Branches, 0 / 84 kB covered
181 Procs, 4713 Labels, 4594 Branches, 0 / 84 kB covered
181 Procs, 4713 Labels, 4594 Branches, 0 / 84 kB covered
181 Procs, 4780 Labels, 4662 Branches, 0 / 84 kB covered
181 Procs, 4780 Labels, 4662 Branches, 0 / 84 kB covered
181 Procs, 4780 Labels, 4662 Branches, 0 / 84 kB covered
181 Procs, 4780 Labels, 4662 Branches, 0 / 84 kB covered
181 Procs, 4780 Labels, 4662 Branches, 0 / 84 kB covered
181 Procs, 4780 Labels, 4662 Branches, 0 / 84 kB covered
181 Procs, 4780 Labels, 4662 Branches, 0 / 84 kB covered
181 Procs, 4780 Labels, 4662 Branches, 0 / 84 kB covered
181 Procs, 4780 Labels, 4662 Branches, 0 / 84 kB covered
181 Procs, 4780 Labels, 4662 Branches, 0 / 84 kB covered
181 Procs, 4780 Labels, 4662 Branches, 0 / 84 kB covered
181 Procs, 4780 Labels, 4662 Branches, 0 / 84 kB covered
181 Procs, 4780 Labels, 4662 Branches, 0 / 84 kB covered
181 Procs, 4780 Labels, 4662 Branches, 0 / 84 kB covered
181 Procs, 4780 Labels, 4662 Branches, 0 / 84 kB covered
181 Procs, 4780 Labels, 4662 Branches, 0 / 84 kB covered
181 Procs, 4780 Labels, 4662 Branches, 0 / 84 kB covered
181 Procs, 4780 Labels, 4662 Branches, 0 / 84 kB covered
181 Procs, 4780 Labels, 4662 Branches, 0 / 84 kB covered
181 Procs, 4780 Labels, 4662 Branches, 0 / 84 kB covered
181 Procs, 4780 Labels, 4662 Branches, 0 / 84 kB covered
181 Procs, 4780 Labels, 4662 Branches, 0 / 84 kB covered
181 Procs, 4780 Labels, 4662 Branches, 0 / 84 kB covered
181 Procs, 4780 Labels, 4662 Branches, 0 / 84 kB covered
181 Procs, 4780 Labels, 4662 Branches, 0 / 84 kB covered
181 Procs, 4780 Labels, 4662 Branches, 0 / 84 kB covered
204 Procs, 4780 Labels, 4662 Branches, 0 / 84 kB covered
204 Procs, 4780 Labels, 4662 Branches, 0 / 84 kB covered
204 Procs, 4780 Labels, 4662 Branches, 0 / 84 kB covered
204 Procs, 4780 Labels, 4662 Branches, 0 / 84 kB covered
204 Procs, 4780 Labels, 4662 Branches, 0 / 84 kB covered
204 Procs, 4780 Labels, 4662 Branches, 0 / 84 kB covered
204 Procs, 4780 Labels, 4662 Branches, 0 / 84 kB covered
204 Procs, 4780 Labels, 4662 Branches, 0 / 84 kB covered
204 Procs, 4780 Labels, 4662 Branches, 0 / 84 kB covered
204 Procs, 4780 Labels, 4662 Branches, 0 / 84 kB covered
204 Procs, 4780 Labels, 4662 Branches, 0 / 84 kB covered
204 Procs, 4780 Labels, 4662 Branches, 0 / 84 kB covered
204 Procs, 4780 Labels, 4662 Branches, 0 / 84 kB covered
204 Procs, 4780 Labels, 4662 Branches, 0 / 84 kB covered
204 Procs, 4780 Labels, 4662 Branches, 0 / 84 kB covered
204 Procs, 4780 Labels, 4662 Branches, 0 / 84 kB covered
204 Procs, 4780 Labels, 4662 Branches, 0 / 84 kB covered
204 Procs, 4780 Labels, 4662 Branches, 0 / 84 kB covered
204 Procs, 4780 Labels, 4662 Branches, 0 / 84 kB covered
204 Procs, 4780 Labels, 4662 Branches, 0 / 84 kB covered
204 Procs, 4780 Labels, 4662 Branches, 0 / 84 kB covered
204 Procs, 4780 Labels, 4662 Branches, 0 / 84 kB covered
204 Procs, 4780 Labels, 4662 Branches, 0 / 84 kB covered
204 Procs, 4780 Labels, 4662 Branches, 0 / 84 kB covered
204 Procs, 4780 Labels, 4662 Branches, 0 / 84 kB covered
204 Procs, 4780 Labels, 4662 Branches, 0 / 84 kB covered
204 Procs, 4780 Labels, 4662 Branches, 0 / 84 kB covered
204 Procs, 4780 Labels, 4662 Branches, 0 / 84 kB covered
204 Procs, 4780 Labels, 4662 Branches, 0 / 84 kB covered
204 Procs, 4780 Labels, 4662 Branches, 0 / 84 kB covered
204 Procs, 4780 Labels, 4662 Branches, 0 / 84 kB covered
204 Procs, 4780 Labels, 4662 Branches, 0 / 84 kB covered
204 Procs, 4780 Labels, 4662 Branches, 0 / 84 kB covered
204 Procs, 4780 Labels, 4662 Branches, 0 / 84 kB covered
204 Procs, 4780 Labels, 4662 Branches, 0 / 84 kB covered
204 Procs, 4780 Labels, 4662 Branches, 0 / 84 kB covered
204 Procs, 4780 Labels, 4662 Branches, 0 / 84 kB covered
204 Procs, 4780 Labels, 4662 Branches, 0 / 84 kB covered
204 Procs, 4780 Labels, 4662 Branches, 0 / 84 kB covered
204 Procs, 4780 Labels, 4662 Branches, 0 / 84 kB covered
204 Procs, 4780 Labels, 4662 Branches, 0 / 84 kB covered
204 Procs, 4780 Labels, 4662 Branches, 0 / 84 kB covered
204 Procs, 4780 Labels, 4662 Branches, 0 / 84 kB covered
204 Procs, 4780 Labels, 4662 Branches, 0 / 84 kB covered
204 Procs, 4780 Labels, 4662 Branches, 0 / 84 kB covered
204 Procs, 4780 Labels, 4662 Branches, 0 / 84 kB covered
204 Procs, 4780 Labels, 4662 Branches, 0 / 84 kB covered
204 Procs, 4780 Labels, 4662 Branches, 0 / 84 kB covered
204 Procs, 4780 Labels, 4662 Branches, 0 / 84 kB covered
204 Procs, 4780 Labels, 4662 Branches, 0 / 84 kB covered
204 Procs, 4780 Labels, 4662 Branches, 0 / 84 kB covered
204 Procs, 4780 Labels, 4662 Branches, 0 / 84 kB covered
204 Procs, 4780 Labels, 4662 Branches, 0 / 84 kB covered
204 Procs, 4780 Labels, 4662 Branches, 0 / 84 kB covered
204 Procs, 4780 Labels, 4662 Branches, 0 / 84 kB covered
204 Procs, 4780 Labels, 4662 Branches, 0 / 84 kB covered
204 Procs, 4780 Labels, 4662 Branches, 0 / 84 kB covered
204 Procs, 4780 Labels, 4662 Branches, 0 / 84 kB covered
204 Procs, 4780 Labels, 4662 Branches, 0 / 84 kB covered
204 Procs, 4780 Labels, 4662 Branches, 0 / 84 kB covered
204 Procs, 4780 Labels, 4662 Branches, 0 / 84 kB covered
204 Procs, 4780 Labels, 4662 Branches, 0 / 84 kB covered
204 Procs, 4780 Labels, 4662 Branches, 0 / 84 kB covered
204 Procs, 4780 Labels, 4662 Branches, 0 / 84 kB covered
204 Procs, 4780 Labels, 4662 Branches, 0 / 84 kB covered
204 Procs, 4780 Labels, 4662 Branches, 0 / 84 kB covered
204 Procs, 4780 Labels, 4662 Branches, 0 / 84 kB covered
204 Procs, 4780 Labels, 4662 Branches, 0 / 84 kB covered
204 Procs, 4780 Labels, 4662 Branches, 0 / 84 kB covered
204 Procs, 4780 Labels, 4662 Branches, 0 / 84 kB covered
204 Procs, 4780 Labels, 4662 Branches, 0 / 84 kB covered
204 Procs, 4780 Labels, 4662 Branches, 0 / 84 kB covered
204 Procs, 4780 Labels, 4662 Branches, 0 / 84 kB covered
204 Procs, 4780 Labels, 4662 Branches, 0 / 84 kB covered
204 Procs, 4780 Labels, 4662 Branches, 0 / 84 kB covered
204 Procs, 4780 Labels, 4662 Branches, 0 / 84 kB covered
204 Procs, 4780 Labels, 4662 Branches, 0 / 84 kB covered
204 Procs, 4780 Labels, 4662 Branches, 0 / 84 kB covered
204 Procs, 4780 Labels, 4662 Branches, 0 / 84 kB covered
204 Procs, 4780 Labels, 4662 Branches, 0 / 84 kB covered
204 Procs, 4780 Labels, 4662 Branches, 0 / 84 kB covered
204 Procs, 4780 Labels, 4662 Branches, 0 / 84 kB covered
204 Procs, 4780 Labels, 4662 Branches, 0 / 84 kB covered
204 Procs, 4780 Labels, 4662 Branches, 0 / 84 kB covered
204 Procs, 4780 Labels, 4662 Branches, 0 / 84 kB covered
204 Procs, 4780 Labels, 4662 Branches, 0 / 84 kB covered
204 Procs, 4780 Labels, 4662 Branches, 0 / 84 kB covered
204 Procs, 4780 Labels, 4662 Branches, 0 / 84 kB covered
204 Procs, 4780 Labels, 4662 Branches, 0 / 84 kB covered
204 Procs, 4780 Labels, 4662 Branches, 0 / 84 kB covered
204 Procs, 4780 Labels, 4662 Branches, 0 / 84 kB covered
204 Procs, 4780 Labels, 4662 Branches, 0 / 84 kB covered
204 Procs, 4780 Labels, 4662 Branches, 0 / 84 kB covered
204 Procs, 4780 Labels, 4662 Branches, 0 / 84 kB covered
204 Procs, 4780 Labels, 4662 Branches, 0 / 84 kB covered
204 Procs, 4780 Labels, 4662 Branches, 0 / 84 kB covered
204 Procs, 4780 Labels, 4662 Branches, 0 / 84 kB covered
204 Procs, 4780 Labels, 4662 Branches, 0 / 84 kB covered
204 Procs, 4780 Labels, 4662 Branches, 0 / 84 kB covered
204 Procs, 4780 Labels, 4662 Branches, 0 / 84 kB covered
204 Procs, 4780 Labels, 4662 Branches, 0 / 84 kB covered
204 Procs, 4780 Labels, 4662 Branches, 0 / 84 kB covered
204 Procs, 4780 Labels, 4662 Branches, 0 / 84 kB covered
204 Procs, 4780 Labels, 4662 Branches, 0 / 84 kB covered
204 Procs, 4780 Labels, 4662 Branches, 0 / 84 kB covered
204 Procs, 4780 Labels, 4662 Branches, 0 / 84 kB covered
204 Procs, 4780 Labels, 4662 Branches, 0 / 84 kB covered
204 Procs, 4780 Labels, 4662 Branches, 0 / 84 kB covered
204 Procs, 4780 Labels, 4662 Branches, 0 / 84 kB covered
204 Procs, 4780 Labels, 4662 Branches, 0 / 84 kB covered
204 Procs, 4780 Labels, 4662 Branches, 0 / 84 kB covered
204 Procs, 4780 Labels, 4662 Branches, 0 / 84 kB covered
204 Procs, 4780 Labels, 4662 Branches, 0 / 84 kB covered
204 Procs, 4780 Labels, 4662 Branches, 0 / 84 kB covered
204 Procs, 4780 Labels, 4662 Branches, 0 / 84 kB covered
204 Procs, 4780 Labels, 4662 Branches, 0 / 84 kB covered
204 Procs, 4780 Labels, 4662 Branches, 0 / 84 kB covered
204 Procs, 4780 Labels, 4662 Branches, 0 / 84 kB covered
204 Procs, 4780 Labels, 4662 Branches, 0 / 84 kB covered
204 Procs, 4780 Labels, 4662 Branches, 0 / 84 kB covered
204 Procs, 4780 Labels, 4662 Branches, 0 / 84 kB covered
204 Procs, 4780 Labels, 4662 Branches, 0 / 84 kB covered
204 Procs, 4780 Labels, 4662 Branches, 0 / 84 kB covered
204 Procs, 4780 Labels, 4662 Branches, 0 / 84 kB covered
204 Procs, 4780 Labels, 4662 Branches, 0 / 84 kB covered
204 Procs, 4780 Labels, 4662 Branches, 0 / 84 kB covered
204 Procs, 4780 Labels, 4662 Branches, 0 / 84 kB covered
204 Procs, 4780 Labels, 4662 Branches, 0 / 84 kB covered
204 Procs, 4780 Labels, 4662 Branches, 0 / 84 kB covered
204 Procs, 4780 Labels, 4662 Branches, 0 / 84 kB covered
204 Procs, 4780 Labels, 4662 Branches, 0 / 84 kB covered
204 Procs, 4780 Labels, 4662 Branches, 0 / 84 kB covered
204 Procs, 4780 Labels, 4662 Branches, 0 / 84 kB covered
204 Procs, 4780 Labels, 4662 Branches, 0 / 84 kB covered
204 Procs, 4780 Labels, 4662 Branches, 0 / 84 kB covered
204 Procs, 4780 Labels, 4662 Branches, 0 / 84 kB covered
204 Procs, 4780 Labels, 4662 Branches, 0 / 84 kB covered
204 Procs, 4780 Labels, 4662 Branches, 0 / 84 kB covered
204 Procs, 4780 Labels, 4662 Branches, 0 / 84 kB covered
204 Procs, 4780 Labels, 4662 Branches, 0 / 84 kB covered
204 Procs, 4780 Labels, 4662 Branches, 0 / 84 kB covered
204 Procs, 4780 Labels, 4662 Branches, 0 / 84 kB covered
204 Procs, 4780 Labels, 4662 Branches, 0 / 84 kB covered
204 Procs, 4780 Labels, 4662 Branches, 0 / 84 kB covered
204 Procs, 4780 Labels, 4662 Branches, 0 / 84 kB covered
204 Procs, 4780 Labels, 4662 Branches, 0 / 84 kB covered
204 Procs, 4780 Labels, 4662 Branches, 0 / 84 kB covered
204 Procs, 4780 Labels, 4662 Branches, 0 / 84 kB covered
204 Procs, 4780 Labels, 4662 Branches, 0 / 84 kB covered
204 Procs, 4780 Labels, 4662 Branches, 0 / 84 kB covered
204 Procs, 4780 Labels, 4662 Branches, 0 / 84 kB covered
204 Procs, 4780 Labels, 4662 Branches, 0 / 84 kB covered
204 Procs, 4780 Labels, 4662 Branches, 0 / 84 kB covered
204 Procs, 4780 Labels, 4662 Branches, 0 / 84 kB covered
204 Procs, 4780 Labels, 4662 Branches, 0 / 84 kB covered
204 Procs, 4780 Labels, 4662 Branches, 0 / 84 kB covered
204 Procs, 4780 Labels, 4662 Branches, 0 / 84 kB covered
204 Procs, 4780 Labels, 4662 Branches, 0 / 84 kB covered
204 Procs, 4780 Labels, 4662 Branches, 0 / 84 kB covered
204 Procs, 4780 Labels, 4662 Branches, 0 / 84 kB covered
204 Procs, 4780 Labels, 4662 Branches, 0 / 84 kB covered
204 Procs, 4780 Labels, 4662 Branches, 0 / 84 kB covered
204 Procs, 4780 Labels, 4662 Branches, 0 / 84 kB covered
204 Procs, 4780 Labels, 4662 Branches, 0 / 84 kB covered
204 Procs, 4780 Labels, 4662 Branches, 0 / 84 kB covered
204 Procs, 4780 Labels, 4662 Branches, 0 / 84 kB covered
204 Procs, 4780 Labels, 4662 Branches, 0 / 84 kB covered
204 Procs, 4780 Labels, 4662 Branches, 0 / 84 kB covered
204 Procs, 4780 Labels, 4662 Branches, 0 / 84 kB covered
204 Procs, 4780 Labels, 4662 Branches, 0 / 84 kB covered
204 Procs, 4780 Labels, 4662 Branches, 0 / 84 kB covered
204 Procs, 4780 Labels, 4662 Branches, 0 / 84 kB covered
204 Procs, 4780 Labels, 4662 Branches, 0 / 84 kB covered
204 Procs, 4780 Labels, 4662 Branches, 0 / 84 kB covered
204 Procs, 4780 Labels, 4662 Branches, 0 / 84 kB covered
204 Procs, 4780 Labels, 4662 Branches, 0 / 84 kB covered
204 Procs, 4780 Labels, 4662 Branches, 0 / 84 kB covered
204 Procs, 4780 Labels, 4662 Branches, 0 / 84 kB covered
204 Procs, 4780 Labels, 4662 Branches, 0 / 84 kB covered
204 Procs, 4780 Labels, 4662 Branches, 0 / 84 kB covered
204 Procs, 4780 Labels, 4662 Branches, 0 / 84 kB covered
204 Procs, 4780 Labels, 4662 Branches, 0 / 84 kB covered
204 Procs, 4780 Labels, 4662 Branches, 0 / 84 kB covered
204 Procs, 4780 Labels, 4662 Branches, 0 / 84 kB covered
204 Procs, 4780 Labels, 4662 Branches, 0 / 84 kB covered
204 Procs, 4780 Labels, 4662 Branches, 0 / 84 kB covered
204 Procs, 4780 Labels, 4662 Branches, 0 / 84 kB covered
204 Procs, 4780 Labels, 4662 Branches, 0 / 84 kB covered
204 Procs, 4780 Labels, 4662 Branches, 0 / 84 kB covered
204 Procs, 4780 Labels, 4662 Branches, 0 / 84 kB covered
204 Procs, 4780 Labels, 4662 Branches, 0 / 84 kB covered
204 Procs, 4780 Labels, 4662 Branches, 0 / 84 kB covered
204 Procs, 4780 Labels, 4662 Branches, 0 / 84 kB covered
204 Procs, 4780 Labels, 4662 Branches, 0 / 84 kB covered
204 Procs, 4780 Labels, 4662 Branches, 0 / 84 kB covered
204 Procs, 4780 Labels, 4662 Branches, 0 / 84 kB covered
204 Procs, 4780 Labels, 4662 Branches, 0 / 84 kB covered
204 Procs, 4780 Labels, 4662 Branches, 0 / 84 kB covered
204 Procs, 4780 Labels, 4662 Branches, 0 / 84 kB covered
204 Procs, 4780 Labels, 4662 Branches, 0 / 84 kB covered
204 Procs, 4780 Labels, 4662 Branches, 0 / 84 kB covered
204 Procs, 4780 Labels, 4662 Branches, 0 / 84 kB covered
204 Procs, 4780 Labels, 4662 Branches, 0 / 84 kB covered
204 Procs, 4780 Labels, 4662 Branches, 0 / 84 kB covered
204 Procs, 4780 Labels, 4662 Branches, 0 / 84 kB covered
204 Procs, 4780 Labels, 4662 Branches, 0 / 84 kB covered
204 Procs, 4780 Labels, 4662 Branches, 0 / 84 kB covered
Resolving indirect jumps...
204 Procs, 4780 Labels, 4662 Branches, 0 / 84 kB covered
204 Procs, 0 Labels, 0 Branches, 0 / 84 kB covered
Separating code and data...
204 Procs, 0 Labels, 0 Branches, 0 / 84 kB covered
204 Procs, 27 Labels, 22 Branches, 0 / 84 kB covered
204 Procs, 40 Labels, 35 Branches, 0 / 84 kB covered
204 Procs, 57 Labels, 48 Branches, 0 / 84 kB covered
204 Procs, 67 Labels, 59 Branches, 0 / 84 kB covered
204 Procs, 74 Labels, 68 Branches, 0 / 84 kB covered
204 Procs, 80 Labels, 71 Branches, 0 / 84 kB covered
204 Procs, 4257 Labels, 4091 Branches, 0 / 84 kB covered
204 Procs, 4276 Labels, 4108 Branches, 0 / 84 kB covered
204 Procs, 4303 Labels, 4130 Branches, 0 / 84 kB covered
204 Procs, 4319 Labels, 4145 Branches, 0 / 84 kB covered
204 Procs, 4345 Labels, 4169 Branches, 0 / 84 kB covered
204 Procs, 4349 Labels, 4173 Branches, 0 / 84 kB covered
204 Procs, 4359 Labels, 4180 Branches, 0 / 84 kB covered
204 Procs, 4359 Labels, 4180 Branches, 0 / 84 kB covered
204 Procs, 4359 Labels, 4180 Branches, 0 / 84 kB covered
204 Procs, 4359 Labels, 4180 Branches, 0 / 84 kB covered
204 Procs, 4363 Labels, 4182 Branches, 0 / 84 kB covered
204 Procs, 4367 Labels, 4189 Branches, 0 / 84 kB covered
204 Procs, 4369 Labels, 4191 Branches, 0 / 84 kB covered
204 Procs, 4369 Labels, 4191 Branches, 0 / 84 kB covered
204 Procs, 4381 Labels, 4211 Branches, 0 / 84 kB covered
204 Procs, 4389 Labels, 4221 Branches, 0 / 84 kB covered
204 Procs, 4408 Labels, 4239 Branches, 0 / 84 kB covered
204 Procs, 4408 Labels, 4239 Branches, 0 / 84 kB covered
204 Procs, 4410 Labels, 4242 Branches, 0 / 84 kB covered
204 Procs, 4443 Labels, 4267 Branches, 0 / 84 kB covered
204 Procs, 4454 Labels, 4279 Branches, 0 / 84 kB covered
204 Procs, 4465 Labels, 4291 Branches, 0 / 84 kB covered
204 Procs, 4472 Labels, 4300 Branches, 0 / 84 kB covered
204 Procs, 4497 Labels, 4330 Branches, 0 / 84 kB covered
204 Procs, 4713 Labels, 4594 Branches, 0 / 84 kB covered
204 Procs, 4713 Labels, 4594 Branches, 0 / 84 kB covered
204 Procs, 4713 Labels, 4594 Branches, 0 / 84 kB covered
204 Procs, 4713 Labels, 4594 Branches, 0 / 84 kB covered
204 Procs, 4713 Labels, 4594 Branches, 0 / 84 kB covered
204 Procs, 4713 Labels, 4594 Branches, 0 / 84 kB covered
204 Procs, 4713 Labels, 4594 Branches, 0 / 84 kB covered
204 Procs, 4713 Labels, 4594 Branches, 0 / 84 kB covered
204 Procs, 4713 Labels, 4594 Branches, 0 / 84 kB covered
204 Procs, 4713 Labels, 4594 Branches, 0 / 84 kB covered
204 Procs, 4713 Labels, 4594 Branches, 0 / 84 kB covered
204 Procs, 4713 Labels, 4594 Branches, 0 / 84 kB covered
204 Procs, 4713 Labels, 4594 Branches, 0 / 84 kB covered
204 Procs, 4713 Labels, 4594 Branches, 0 / 84 kB covered
204 Procs, 4713 Labels, 4594 Branches, 0 / 84 kB covered
204 Procs, 4713 Labels, 4594 Branches, 0 / 84 kB covered
204 Procs, 4713 Labels, 4594 Branches, 0 / 84 kB covered
204 Procs, 4713 Labels, 4594 Branches, 0 / 84 kB covered
204 Procs, 4713 Labels, 4594 Branches, 0 / 84 kB covered
204 Procs, 4713 Labels, 4594 Branches, 0 / 84 kB covered
204 Procs, 4713 Labels, 4594 Branches, 0 / 84 kB covered
204 Procs, 4713 Labels, 4594 Branches, 0 / 84 kB covered
204 Procs, 4713 Labels, 4594 Branches, 0 / 84 kB covered
204 Procs, 4713 Labels, 4594 Branches, 0 / 84 kB covered
204 Procs, 4713 Labels, 4594 Branches, 0 / 84 kB covered
204 Procs, 4713 Labels, 4594 Branches, 0 / 84 kB covered
204 Procs, 4713 Labels, 4594 Branches, 0 / 84 kB covered
204 Procs, 4713 Labels, 4594 Branches, 0 / 84 kB covered
204 Procs, 4713 Labels, 4594 Branches, 0 / 84 kB covered
204 Procs, 4713 Labels, 4594 Branches, 0 / 84 kB covered
204 Procs, 4713 Labels, 4594 Branches, 0 / 84 kB covered
204 Procs, 4713 Labels, 4594 Branches, 0 / 84 kB covered
204 Procs, 4713 Labels, 4594 Branches, 0 / 84 kB covered
204 Procs, 4713 Labels, 4594 Branches, 0 / 84 kB covered
204 Procs, 4713 Labels, 4594 Branches, 0 / 84 kB covered
204 Procs, 4713 Labels, 4594 Branches, 0 / 84 kB covered
204 Procs, 4713 Labels, 4594 Branches, 0 / 84 kB covered
204 Procs, 4713 Labels, 4594 Branches, 0 / 84 kB covered
204 Procs, 4713 Labels, 4594 Branches, 0 / 84 kB covered
204 Procs, 4713 Labels, 4594 Branches, 0 / 84 kB covered
204 Procs, 4713 Labels, 4594 Branches, 0 / 84 kB covered
204 Procs, 4713 Labels, 4594 Branches, 0 / 84 kB covered
204 Procs, 4713 Labels, 4594 Branches, 0 / 84 kB covered
204 Procs, 4713 Labels, 4594 Branches, 0 / 84 kB covered
204 Procs, 4713 Labels, 4594 Branches, 0 / 84 kB covered
204 Procs, 4713 Labels, 4594 Branches, 0 / 84 kB covered
204 Procs, 4713 Labels, 4594 Branches, 0 / 84 kB covered
204 Procs, 4713 Labels, 4594 Branches, 0 / 84 kB covered
204 Procs, 4713 Labels, 4594 Branches, 0 / 84 kB covered
204 Procs, 4713 Labels, 4594 Branches, 0 / 84 kB covered
204 Procs, 4713 Labels, 4594 Branches, 0 / 84 kB covered
204 Procs, 4713 Labels, 4594 Branches, 0 / 84 kB covered
204 Procs, 4713 Labels, 4594 Branches, 0 / 84 kB covered
204 Procs, 4713 Labels, 4594 Branches, 0 / 84 kB covered
204 Procs, 4713 Labels, 4594 Branches, 0 / 84 kB covered
204 Procs, 4713 Labels, 4594 Branches, 0 / 84 kB covered
204 Procs, 4713 Labels, 4594 Branches, 0 / 84 kB covered
204 Procs, 4713 Labels, 4594 Branches, 0 / 84 kB covered
204 Procs, 4713 Labels, 4594 Branches, 0 / 84 kB covered
204 Procs, 4713 Labels, 4594 Branches, 0 / 84 kB covered
204 Procs, 4713 Labels, 4594 Branches, 0 / 84 kB covered
204 Procs, 4713 Labels, 4594 Branches, 0 / 84 kB covered
204 Procs, 4713 Labels, 4594 Branches, 0 / 84 kB covered
204 Procs, 4713 Labels, 4594 Branches, 0 / 84 kB covered
204 Procs, 4713 Labels, 4594 Branches, 0 / 84 kB covered
204 Procs, 4713 Labels, 4594 Branches, 0 / 84 kB covered
204 Procs, 4713 Labels, 4594 Branches, 0 / 84 kB covered
204 Procs, 4713 Labels, 4594 Branches, 0 / 84 kB covered
204 Procs, 4713 Labels, 4594 Branches, 0 / 84 kB covered
204 Procs, 4713 Labels, 4594 Branches, 0 / 84 kB covered
204 Procs, 4713 Labels, 4594 Branches, 0 / 84 kB covered
204 Procs, 4713 Labels, 4594 Branches, 0 / 84 kB covered
204 Procs, 4713 Labels, 4594 Branches, 0 / 84 kB covered
204 Procs, 4713 Labels, 4594 Branches, 0 / 84 kB covered
204 Procs, 4713 Labels, 4594 Branches, 0 / 84 kB covered
204 Procs, 4713 Labels, 4594 Branches, 0 / 84 kB covered
204 Procs, 4713 Labels, 4594 Branches, 0 / 84 kB covered
204 Procs, 4713 Labels, 4594 Branches, 0 / 84 kB covered
204 Procs, 4713 Labels, 4594 Branches, 0 / 84 kB covered
204 Procs, 4713 Labels, 4594 Branches, 0 / 84 kB covered
204 Procs, 4713 Labels, 4594 Branches, 0 / 84 kB covered
204 Procs, 4713 Labels, 4594 Branches, 0 / 84 kB covered
204 Procs, 4713 Labels, 4594 Branches, 0 / 84 kB covered
204 Procs, 4713 Labels, 4594 Branches, 0 / 84 kB covered
204 Procs, 4713 Labels, 4594 Branches, 0 / 84 kB covered
204 Procs, 4713 Labels, 4594 Branches, 0 / 84 kB covered
204 Procs, 4713 Labels, 4594 Branches, 0 / 84 kB covered
204 Procs, 4713 Labels, 4594 Branches, 0 / 84 kB covered
204 Procs, 4713 Labels, 4594 Branches, 0 / 84 kB covered
204 Procs, 4713 Labels, 4594 Branches, 0 / 84 kB covered
204 Procs, 4713 Labels, 4594 Branches, 0 / 84 kB covered
204 Procs, 4713 Labels, 4594 Branches, 0 / 84 kB covered
204 Procs, 4713 Labels, 4594 Branches, 0 / 84 kB covered
204 Procs, 4713 Labels, 4594 Branches, 0 / 84 kB covered
204 Procs, 4713 Labels, 4594 Branches, 0 / 84 kB covered
204 Procs, 4713 Labels, 4594 Branches, 0 / 84 kB covered
204 Procs, 4713 Labels, 4594 Branches, 0 / 84 kB covered
204 Procs, 4713 Labels, 4594 Branches, 0 / 84 kB covered
204 Procs, 4713 Labels, 4594 Branches, 0 / 84 kB covered
204 Procs, 4713 Labels, 4594 Branches, 0 / 84 kB covered
204 Procs, 4713 Labels, 4594 Branches, 0 / 84 kB covered
204 Procs, 4713 Labels, 4594 Branches, 0 / 84 kB covered
204 Procs, 4713 Labels, 4594 Branches, 0 / 84 kB covered
204 Procs, 4713 Labels, 4594 Branches, 0 / 84 kB covered
204 Procs, 4713 Labels, 4594 Branches, 0 / 84 kB covered
204 Procs, 4713 Labels, 4594 Branches, 0 / 84 kB covered
204 Procs, 4713 Labels, 4594 Branches, 0 / 84 kB covered
204 Procs, 4713 Labels, 4594 Branches, 0 / 84 kB covered
204 Procs, 4713 Labels, 4594 Branches, 0 / 84 kB covered
204 Procs, 4713 Labels, 4594 Branches, 0 / 84 kB covered
204 Procs, 4713 Labels, 4594 Branches, 0 / 84 kB covered
204 Procs, 4713 Labels, 4594 Branches, 0 / 84 kB covered
204 Procs, 4713 Labels, 4594 Branches, 0 / 84 kB covered
204 Procs, 4713 Labels, 4594 Branches, 0 / 84 kB covered
204 Procs, 4713 Labels, 4594 Branches, 0 / 84 kB covered
204 Procs, 4713 Labels, 4594 Branches, 0 / 84 kB covered
204 Procs, 4713 Labels, 4594 Branches, 0 / 84 kB covered
204 Procs, 4713 Labels, 4594 Branches, 0 / 84 kB covered
204 Procs, 4713 Labels, 4594 Branches, 0 / 84 kB covered
204 Procs, 4713 Labels, 4594 Branches, 0 / 84 kB covered
204 Procs, 4713 Labels, 4594 Branches, 0 / 84 kB covered
204 Procs, 4713 Labels, 4594 Branches, 0 / 84 kB covered
204 Procs, 4713 Labels, 4594 Branches, 0 / 84 kB covered
204 Procs, 4713 Labels, 4594 Branches, 0 / 84 kB covered
204 Procs, 4713 Labels, 4594 Branches, 0 / 84 kB covered
204 Procs, 4713 Labels, 4594 Branches, 0 / 84 kB covered
204 Procs, 4713 Labels, 4594 Branches, 0 / 84 kB covered
204 Procs, 4713 Labels, 4594 Branches, 0 / 84 kB covered
204 Procs, 4713 Labels, 4594 Branches, 0 / 84 kB covered
204 Procs, 4713 Labels, 4594 Branches, 0 / 84 kB covered
204 Procs, 4713 Labels, 4594 Branches, 0 / 84 kB covered
204 Procs, 4713 Labels, 4594 Branches, 0 / 84 kB covered
204 Procs, 4713 Labels, 4594 Branches, 0 / 84 kB covered
204 Procs, 4713 Labels, 4594 Branches, 0 / 84 kB covered
204 Procs, 4713 Labels, 4594 Branches, 0 / 84 kB covered
204 Procs, 4713 Labels, 4594 Branches, 0 / 84 kB covered
204 Procs, 4713 Labels, 4594 Branches, 0 / 84 kB covered
204 Procs, 4713 Labels, 4594 Branches, 0 / 84 kB covered
204 Procs, 4713 Labels, 4594 Branches, 0 / 84 kB covered
204 Procs, 4713 Labels, 4594 Branches, 0 / 84 kB covered
204 Procs, 4713 Labels, 4594 Branches, 0 / 84 kB covered
204 Procs, 4713 Labels, 4594 Branches, 0 / 84 kB covered
204 Procs, 4713 Labels, 4594 Branches, 0 / 84 kB covered
204 Procs, 4713 Labels, 4594 Branches, 0 / 84 kB covered
204 Procs, 4780 Labels, 4662 Branches, 0 / 84 kB covered
204 Procs, 4780 Labels, 4662 Branches, 0 / 84 kB covered
204 Procs, 4780 Labels, 4662 Branches, 0 / 84 kB covered
204 Procs, 4780 Labels, 4662 Branches, 0 / 84 kB covered
204 Procs, 4780 Labels, 4662 Branches, 0 / 84 kB covered
204 Procs, 4780 Labels, 4662 Branches, 0 / 84 kB covered
204 Procs, 4780 Labels, 4662 Branches, 0 / 84 kB covered
204 Procs, 4780 Labels, 4662 Branches, 0 / 84 kB covered
204 Procs, 4780 Labels, 4662 Branches, 0 / 84 kB covered
204 Procs, 4780 Labels, 4662 Branches, 0 / 84 kB covered
204 Procs, 4780 Labels, 4662 Branches, 0 / 84 kB covered
204 Procs, 4780 Labels, 4662 Branches, 0 / 84 kB covered
204 Procs, 4780 Labels, 4662 Branches, 0 / 84 kB covered
204 Procs, 4780 Labels, 4662 Branches, 0 / 84 kB covered
204 Procs, 4780 Labels, 4662 Branches, 0 / 84 kB covered
204 Procs, 4780 Labels, 4662 Branches, 0 / 84 kB covered
204 Procs, 4780 Labels, 4662 Branches, 0 / 84 kB covered
204 Procs, 4780 Labels, 4662 Branches, 0 / 84 kB covered
204 Procs, 4780 Labels, 4662 Branches, 0 / 84 kB covered
204 Procs, 4780 Labels, 4662 Branches, 0 / 84 kB covered
204 Procs, 4780 Labels, 4662 Branches, 0 / 84 kB covered
204 Procs, 4780 Labels, 4662 Branches, 0 / 84 kB covered
204 Procs, 4780 Labels, 4662 Branches, 0 / 84 kB covered
204 Procs, 4780 Labels, 4662 Branches, 0 / 84 kB covered
204 Procs, 4780 Labels, 4662 Branches, 0 / 84 kB covered
204 Procs, 4780 Labels, 4662 Branches, 0 / 84 kB covered
204 Procs, 4780 Labels, 4662 Branches, 0 / 84 kB covered
204 Procs, 4780 Labels, 4662 Branches, 0 / 84 kB covered
204 Procs, 4780 Labels, 4662 Branches, 0 / 84 kB covered
204 Procs, 4780 Labels, 4662 Branches, 0 / 84 kB covered
204 Procs, 4780 Labels, 4662 Branches, 0 / 84 kB covered
204 Procs, 4780 Labels, 4662 Branches, 0 / 84 kB covered
204 Procs, 4780 Labels, 4662 Branches, 0 / 84 kB covered
204 Procs, 4780 Labels, 4662 Branches, 0 / 84 kB covered
204 Procs, 4780 Labels, 4662 Branches, 0 / 84 kB covered
204 Procs, 4780 Labels, 4662 Branches, 0 / 84 kB covered
204 Procs, 4780 Labels, 4662 Branches, 0 / 84 kB covered
204 Procs, 4780 Labels, 4662 Branches, 0 / 84 kB covered
204 Procs, 4780 Labels, 4662 Branches, 0 / 84 kB covered
204 Procs, 4780 Labels, 4662 Branches, 0 / 84 kB covered
204 Procs, 4780 Labels, 4662 Branches, 0 / 84 kB covered
204 Procs, 4780 Labels, 4662 Branches, 0 / 84 kB covered
204 Procs, 4780 Labels, 4662 Branches, 0 / 84 kB covered
204 Procs, 4780 Labels, 4662 Branches, 0 / 84 kB covered
204 Procs, 4780 Labels, 4662 Branches, 0 / 84 kB covered
204 Procs, 4780 Labels, 4662 Branches, 0 / 84 kB covered
204 Procs, 4780 Labels, 4662 Branches, 0 / 84 kB covered
204 Procs, 4780 Labels, 4662 Branches, 0 / 84 kB covered
204 Procs, 4780 Labels, 4662 Branches, 0 / 84 kB covered
204 Procs, 4780 Labels, 4662 Branches, 0 / 84 kB covered
204 Procs, 4780 Labels, 4662 Branches, 0 / 84 kB covered
204 Procs, 4780 Labels, 4662 Branches, 0 / 84 kB covered
204 Procs, 4780 Labels, 4662 Branches, 0 / 84 kB covered
204 Procs, 4780 Labels, 4662 Branches, 0 / 84 kB covered
204 Procs, 4780 Labels, 4662 Branches, 0 / 84 kB covered
204 Procs, 4780 Labels, 4662 Branches, 0 / 84 kB covered
204 Procs, 4780 Labels, 4662 Branches, 0 / 84 kB covered
204 Procs, 4780 Labels, 4662 Branches, 0 / 84 kB covered
204 Procs, 4780 Labels, 4662 Branches, 0 / 84 kB covered
204 Procs, 4780 Labels, 4662 Branches, 0 / 84 kB covered
204 Procs, 4780 Labels, 4662 Branches, 0 / 84 kB covered
204 Procs, 4780 Labels, 4662 Branches, 0 / 84 kB covered
204 Procs, 4780 Labels, 4662 Branches, 0 / 84 kB covered
204 Procs, 4780 Labels, 4662 Branches, 0 / 84 kB covered
204 Procs, 4780 Labels, 4662 Branches, 0 / 84 kB covered
204 Procs, 4780 Labels, 4662 Branches, 0 / 84 kB covered
204 Procs, 4780 Labels, 4662 Branches, 0 / 84 kB covered
204 Procs, 4780 Labels, 4662 Branches, 0 / 84 kB covered
204 Procs, 4780 Labels, 4662 Branches, 0 / 84 kB covered
204 Procs, 4780 Labels, 4662 Branches, 0 / 84 kB covered
204 Procs, 4780 Labels, 4662 Branches, 0 / 84 kB covered
204 Procs, 4780 Labels, 4662 Branches, 0 / 84 kB covered
204 Procs, 4780 Labels, 4662 Branches, 0 / 84 kB covered
204 Procs, 4780 Labels, 4662 Branches, 0 / 84 kB covered
204 Procs, 4780 Labels, 4662 Branches, 0 / 84 kB covered
204 Procs, 4780 Labels, 4662 Branches, 0 / 84 kB covered
204 Procs, 4780 Labels, 4662 Branches, 0 / 84 kB covered
204 Procs, 4780 Labels, 4662 Branches, 0 / 84 kB covered
204 Procs, 4780 Labels, 4662 Branches, 0 / 84 kB covered
204 Procs, 4780 Labels, 4662 Branches, 0 / 84 kB covered
204 Procs, 4780 Labels, 4662 Branches, 0 / 84 kB covered
204 Procs, 4780 Labels, 4662 Branches, 0 / 84 kB covered
204 Procs, 4780 Labels, 4662 Branches, 0 / 84 kB covered
204 Procs, 4780 Labels, 4662 Branches, 0 / 84 kB covered
204 Procs, 4780 Labels, 4662 Branches, 0 / 84 kB covered
204 Procs, 4780 Labels, 4662 Branches, 0 / 84 kB covered
204 Procs, 4780 Labels, 4662 Branches, 0 / 84 kB covered
204 Procs, 4780 Labels, 4662 Branches, 0 / 84 kB covered
204 Procs, 4780 Labels, 4662 Branches, 0 / 84 kB covered
204 Procs, 4780 Labels, 4662 Branches, 0 / 84 kB covered
204 Procs, 4780 Labels, 4662 Branches, 0 / 84 kB covered
204 Procs, 4780 Labels, 4662 Branches, 0 / 84 kB covered
204 Procs, 4780 Labels, 4662 Branches, 0 / 84 kB covered
204 Procs, 4780 Labels, 4662 Branches, 0 / 84 kB covered
204 Procs, 4780 Labels, 4662 Branches, 0 / 84 kB covered
204 Procs, 4780 Labels, 4662 Branches, 0 / 84 kB covered
204 Procs, 4780 Labels, 4662 Branches, 0 / 84 kB covered
204 Procs, 4780 Labels, 4662 Branches, 0 / 84 kB covered
204 Procs, 4780 Labels, 4662 Branches, 0 / 84 kB covered
204 Procs, 4780 Labels, 4662 Branches, 0 / 84 kB covered
204 Procs, 4780 Labels, 4662 Branches, 0 / 84 kB covered
204 Procs, 4780 Labels, 4662 Branches, 0 / 84 kB covered
204 Procs, 4780 Labels, 4662 Branches, 0 / 84 kB covered
204 Procs, 4780 Labels, 4662 Branches, 0 / 84 kB covered
204 Procs, 4780 Labels, 4662 Branches, 0 / 84 kB covered
204 Procs, 4780 Labels, 4662 Branches, 0 / 84 kB covered
204 Procs, 4780 Labels, 4662 Branches, 0 / 84 kB covered
204 Procs, 4780 Labels, 4662 Branches, 0 / 84 kB covered
204 Procs, 4780 Labels, 4662 Branches, 0 / 84 kB covered
204 Procs, 4780 Labels, 4662 Branches, 0 / 84 kB covered
204 Procs, 4780 Labels, 4662 Branches, 0 / 84 kB covered
204 Procs, 4780 Labels, 4662 Branches, 0 / 84 kB covered
204 Procs, 4780 Labels, 4662 Branches, 0 / 84 kB covered
204 Procs, 4780 Labels, 4662 Branches, 0 / 84 kB covered
204 Procs, 4780 Labels, 4662 Branches, 0 / 84 kB covered
204 Procs, 4780 Labels, 4662 Branches, 0 / 84 kB covered
204 Procs, 4780 Labels, 4662 Branches, 0 / 84 kB covered
204 Procs, 4780 Labels, 4662 Branches, 0 / 84 kB covered
204 Procs, 4780 Labels, 4662 Branches, 0 / 84 kB covered
204 Procs, 4780 Labels, 4662 Branches, 0 / 84 kB covered
204 Procs, 4780 Labels, 4662 Branches, 0 / 84 kB covered
204 Procs, 4780 Labels, 4662 Branches, 0 / 84 kB covered
204 Procs, 4780 Labels, 4662 Branches, 0 / 84 kB covered
204 Procs, 4780 Labels, 4662 Branches, 0 / 84 kB covered
204 Procs, 4780 Labels, 4662 Branches, 0 / 84 kB covered
204 Procs, 4780 Labels, 4662 Branches, 0 / 84 kB covered
204 Procs, 4780 Labels, 4662 Branches, 0 / 84 kB covered
204 Procs, 4780 Labels, 4662 Branches, 0 / 84 kB covered
204 Procs, 4780 Labels, 4662 Branches, 0 / 84 kB covered
204 Procs, 4780 Labels, 4662 Branches, 0 / 84 kB covered
204 Procs, 4780 Labels, 4662 Branches, 0 / 84 kB covered
204 Procs, 4780 Labels, 4662 Branches, 0 / 84 kB covered
204 Procs, 4780 Labels, 4662 Branches, 0 / 84 kB covered
204 Procs, 4780 Labels, 4662 Branches, 0 / 84 kB covered
204 Procs, 4780 Labels, 4662 Branches, 0 / 84 kB covered
204 Procs, 4780 Labels, 4662 Branches, 0 / 84 kB covered
204 Procs, 4780 Labels, 4662 Branches, 0 / 84 kB covered
204 Procs, 4780 Labels, 4662 Branches, 0 / 84 kB covered
204 Procs, 4780 Labels, 4662 Branches, 0 / 84 kB covered
204 Procs, 4780 Labels, 4662 Branches, 0 / 84 kB covered
204 Procs, 4780 Labels, 4662 Branches, 0 / 84 kB covered
204 Procs, 4780 Labels, 4662 Branches, 0 / 84 kB covered
204 Procs, 4780 Labels, 4662 Branches, 0 / 84 kB covered
204 Procs, 4780 Labels, 4662 Branches, 0 / 84 kB covered
204 Procs, 4780 Labels, 4662 Branches, 0 / 84 kB covered
204 Procs, 4780 Labels, 4662 Branches, 0 / 84 kB covered
204 Procs, 4780 Labels, 4662 Branches, 0 / 84 kB covered
204 Procs, 4780 Labels, 4662 Branches, 0 / 84 kB covered
204 Procs, 4780 Labels, 4662 Branches, 0 / 84 kB covered
204 Procs, 4780 Labels, 4662 Branches, 0 / 84 kB covered
204 Procs, 4780 Labels, 4662 Branches, 0 / 84 kB covered
204 Procs, 4780 Labels, 4662 Branches, 0 / 84 kB covered
204 Procs, 4780 Labels, 4662 Branches, 0 / 84 kB covered
204 Procs, 4780 Labels, 4662 Branches, 0 / 84 kB covered
204 Procs, 4780 Labels, 4662 Branches, 0 / 84 kB covered
204 Procs, 4780 Labels, 4662 Branches, 0 / 84 kB covered
204 Procs, 4780 Labels, 4662 Branches, 0 / 84 kB covered
204 Procs, 4780 Labels, 4662 Branches, 0 / 84 kB covered
204 Procs, 4780 Labels, 4662 Branches, 0 / 84 kB covered
204 Procs, 4780 Labels, 4662 Branches, 0 / 84 kB covered
204 Procs, 4780 Labels, 4662 Branches, 0 / 84 kB covered
204 Procs, 4780 Labels, 4662 Branches, 0 / 84 kB covered
204 Procs, 4780 Labels, 4662 Branches, 0 / 84 kB covered
204 Procs, 4780 Labels, 4662 Branches, 0 / 84 kB covered
204 Procs, 4780 Labels, 4662 Branches, 0 / 84 kB covered
204 Procs, 4780 Labels, 4662 Branches, 0 / 84 kB covered
204 Procs, 4780 Labels, 4662 Branches, 0 / 84 kB covered
204 Procs, 4780 Labels, 4662 Branches, 0 / 84 kB covered
204 Procs, 4780 Labels, 4662 Branches, 0 / 84 kB covered
204 Procs, 4780 Labels, 4662 Branches, 0 / 84 kB covered
204 Procs, 4780 Labels, 4662 Branches, 0 / 84 kB covered
204 Procs, 4780 Labels, 4662 Branches, 0 / 84 kB covered
204 Procs, 4780 Labels, 4662 Branches, 0 / 84 kB covered
204 Procs, 4780 Labels, 4662 Branches, 0 / 84 kB covered
204 Procs, 4780 Labels, 4662 Branches, 0 / 84 kB covered
204 Procs, 4780 Labels, 4662 Branches, 0 / 84 kB covered
204 Procs, 4780 Labels, 4662 Branches, 0 / 84 kB covered
204 Procs, 4780 Labels, 4662 Branches, 0 / 84 kB covered
204 Procs, 4780 Labels, 4662 Branches, 0 / 84 kB covered
204 Procs, 4780 Labels, 4662 Branches, 0 / 84 kB covered
204 Procs, 4780 Labels, 4662 Branches, 0 / 84 kB covered
204 Procs, 4780 Labels, 4662 Branches, 0 / 84 kB covered
204 Procs, 4780 Labels, 4662 Branches, 0 / 84 kB covered
204 Procs, 4780 Labels, 4662 Branches, 0 / 84 kB covered
204 Procs, 4780 Labels, 4662 Branches, 0 / 84 kB covered
204 Procs, 4780 Labels, 4662 Branches, 0 / 84 kB covered
204 Procs, 4780 Labels, 4662 Branches, 0 / 84 kB covered
204 Procs, 4780 Labels, 4662 Branches, 0 / 84 kB covered
204 Procs, 4780 Labels, 4662 Branches, 0 / 84 kB covered
204 Procs, 4780 Labels, 4662 Branches, 0 / 84 kB covered
204 Procs, 4780 Labels, 4662 Branches, 0 / 84 kB covered
204 Procs, 4780 Labels, 4662 Branches, 0 / 84 kB covered
204 Procs, 4780 Labels, 4662 Branches, 0 / 84 kB covered
204 Procs, 4780 Labels, 4662 Branches, 0 / 84 kB covered
204 Procs, 4780 Labels, 4662 Branches, 0 / 84 kB covered
204 Procs, 4780 Labels, 4662 Branches, 0 / 84 kB covered
204 Procs, 4780 Labels, 4662 Branches, 0 / 84 kB covered
204 Procs, 4780 Labels, 4662 Branches, 0 / 84 kB covered
204 Procs, 4780 Labels, 4662 Branches, 0 / 84 kB covered
204 Procs, 4780 Labels, 4662 Branches, 0 / 84 kB covered
204 Procs, 4780 Labels, 4662 Branches, 0 / 84 kB covered
204 Procs, 4780 Labels, 4662 Branches, 0 / 84 kB covered
204 Procs, 4780 Labels, 4662 Branches, 0 / 84 kB covered
204 Procs, 4780 Labels, 4662 Branches, 0 / 84 kB covered
204 Procs, 4780 Labels, 4662 Branches, 0 / 84 kB covered
204 Procs, 4780 Labels, 4662 Branches, 0 / 84 kB covered
204 Procs, 4780 Labels, 4662 Branches, 0 / 84 kB covered
204 Procs, 4780 Labels, 4662 Branches, 0 / 84 kB covered
204 Procs, 4780 Labels, 4662 Branches, 0 / 84 kB covered
204 Procs, 4780 Labels, 4662 Branches, 0 / 84 kB covered
204 Procs, 4780 Labels, 4662 Branches, 0 / 84 kB covered
204 Procs, 4780 Labels, 4662 Branches, 0 / 84 kB covered
204 Procs, 4780 Labels, 4662 Branches, 0 / 84 kB covered
204 Procs, 4780 Labels, 4662 Branches, 0 / 84 kB covered
204 Procs, 4780 Labels, 4662 Branches, 0 / 84 kB covered
204 Procs, 4780 Labels, 4662 Branches, 0 / 84 kB covered
204 Procs, 4780 Labels, 4662 Branches, 0 / 84 kB covered
204 Procs, 4780 Labels, 4662 Branches, 0 / 84 kB covered
204 Procs, 4780 Labels, 4662 Branches, 0 / 84 kB covered
204 Procs, 4780 Labels, 4662 Branches, 0 / 84 kB covered
204 Procs, 4780 Labels, 4662 Branches, 0 / 84 kB covered
204 Procs, 4780 Labels, 4662 Branches, 0 / 84 kB covered
204 Procs, 4780 Labels, 4662 Branches, 0 / 84 kB covered
204 Procs, 4780 Labels, 4662 Branches, 0 / 84 kB covered
204 Procs, 4780 Labels, 4662 Branches, 0 / 84 kB covered
204 Procs, 4780 Labels, 4662 Branches, 0 / 84 kB covered
204 Procs, 4780 Labels, 4662 Branches, 0 / 84 kB covered
204 Procs, 4780 Labels, 4662 Branches, 0 / 84 kB covered
204 Procs, 4780 Labels, 4662 Branches, 0 / 84 kB covered
204 Procs, 4780 Labels, 4662 Branches, 0 / 84 kB covered
204 Procs, 4780 Labels, 4662 Branches, 0 / 84 kB covered
204 Procs, 4780 Labels, 4662 Branches, 0 / 84 kB covered
204 Procs, 4780 Labels, 4662 Branches, 0 / 84 kB covered
204 Procs, 4780 Labels, 4662 Branches, 0 / 84 kB covered
204 Procs, 4780 Labels, 4662 Branches, 0 / 84 kB covered
204 Procs, 4780 Labels, 4662 Branches, 0 / 84 kB covered
204 Procs, 4780 Labels, 4662 Branches, 0 / 84 kB covered
204 Procs, 4780 Labels, 4662 Branches, 0 / 84 kB covered
Resolving indirect jumps...
204 Procs, 4780 Labels, 4662 Branches, 0 / 84 kB covered
204 Procs, 4780 Labels, 4662 Branches, 0 / 84 kB covered
Resolving constants and strings...
204 Procs, 4780 Labels, 4662 Branches, 0 / 84 kB covered
Discovering unreached functions...
204 Procs, 4780 Labels, 4662 Branches, 0 / 84 kB covered
Computing call tree...
204 Procs, 4780 Labels, 4662 Branches, 0 / 84 kB covered
Computing calling conventions...
204 Procs, 4780 Labels, 4662 Branches, 0 / 84 kB covered
Computing Calling Convention: 1/204  0x00401000
Computing Calling Convention: 6/204  0x004019E0
Computing Calling Convention: 10/204  0x00401D00
Computing Calling Convention: 17/204  0x004022A0
Computing Calling Convention: 18/204  0x004022C0
Computing Calling Convention: 19/204  0x00402340
Computing Calling Convention: 24/204  0x00402A40
Computing Calling Convention: 40/204  0x00404E40
Computing Calling Convention: 43/204  0x004050DE
Computing Calling Convention: 44/204  0x004050E4
Computing Calling Convention: 45/204  0x004050EA
Computing Calling Convention: 46/204  0x004050F0
Computing Calling Convention: 47/204  0x004050F6
Computing Calling Convention: 48/204  0x004050FC
Computing Calling Convention: 49/204  0x00405102
Computing Calling Convention: 50/204  0x00405108
Computing Calling Convention: 51/204  0x0040510E
Computing Calling Convention: 52/204  0x00405114
Computing Calling Convention: 53/204  0x00405120
Computing Calling Convention: 55/204  0x00405270
Computing Calling Convention: 66/204  0x00407DC0
Computing Calling Convention: 72/204  0x00408290
Computing Calling Convention: 73/204  0x004082A0
Computing Calling Convention: 74/204  0x00408390
Computing Calling Convention: 76/204  0x004083F0
Computing Calling Convention: 78/204  0x004085C0
Computing Calling Convention: 79/204  0x00408720
Computing Calling Convention: 81/204  0x004087F0
Computing Calling Convention: 82/204  0x00408850
Computing Calling Convention: 83/204  0x00408880
Computing Calling Convention: 85/204  0x00408920
Computing Calling Convention: 88/204  0x00408AB0
Computing Calling Convention: 91/204  0x00408B30
Computing Calling Convention: 95/204  0x00408BF0
Computing Calling Convention: 97/204  0x00408C50
Computing Calling Convention: 98/204  0x00408C80
Computing Calling Convention: 105/204  0x00409860
Computing Calling Convention: 130/204  0x0040C430
Computing Calling Convention: 131/204  0x0040C570
Computing Calling Convention: 132/204  0x0040C750
Computing Calling Convention: 133/204  0x0040C7A0
Computing Calling Convention: 134/204  0x0040C920
Computing Calling Convention: 135/204  0x0040CA00
Computing Calling Convention: 136/204  0x0040CD20
Computing Calling Convention: 137/204  0x0040CEE0
Computing Calling Convention: 138/204  0x0040D5E0
Computing Calling Convention: 139/204  0x0040E5E0
Computing Calling Convention: 140/204  0x0040E9A0
Computing Calling Convention: 141/204  0x0040EBF0
Computing Calling Convention: 142/204  0x0040EFF0
Computing Calling Convention: 144/204  0x0040F880
Computing Calling Convention: 147/204  0x004109D0
Computing Calling Convention: 148/204  0x004109F0
Computing Calling Convention: 149/204  0x00410A80
Computing Calling Convention: 150/204  0x00410AC0
Computing Calling Convention: 151/204  0x00410B20
Computing Calling Convention: 152/204  0x00410DD0
Computing Calling Convention: 153/204  0x00410EC0
Computing Calling Convention: 155/204  0x00411230
Computing Calling Convention: 157/204  0x004114A0
Computing Calling Convention: 160/204  0x00411810
Computing Calling Convention: 162/204  0x004119E0
Computing Calling Convention: 163/204  0x00411A20
Computing Calling Convention: 165/204  0x00411AE0
Computing Calling Convention: 166/204  0x00411B10
Computing Calling Convention: 170/204  0x00411F00
Computing Calling Convention: 175/204  0x00412500
Computing Calling Convention: 176/204  0x00412506
Computing Calling Convention: 177/204  0x0041250C
Computing Calling Convention: 178/204  0x00412512
Computing Calling Convention: 179/204  0x00412520
Computing Calling Convention: 180/204  0x004126D0
Computing Calling Convention: 181/204  0x004127D0
Computing Calling Convention: 182/204  0x004127E0
Computing Calling Convention: 183/204  0x00412810
Computing Calling Convention: 185/204  0x004128BE
Computing Calling Convention: 186/204  0x004128C4
Computing Calling Convention: 187/204  0x004128CC
Computing Calling Convention: 188/204  0x00412911
Computing Calling Convention: 189/204  0x00412974
Computing Calling Convention: 190/204  0x00412AC6
Computing Calling Convention: 191/204  0x00412AF0
Computing Calling Convention: 192/204  0x00412B50
Computing Calling Convention: 193/204  0x00412C20
Computing Calling Convention: 194/204  0x00412C40
Computing Calling Convention: 195/204  0x00412C60
Computing Calling Convention: 197/204  0x00414340
Computing Calling Convention: 198/204  0x00414630
Computing Calling Convention: 199/204  0x00414680
Computing Calling Convention: 201/204  0x00415030
Computing Calling Convention: 202/204  0x004152A2
Computing Calling Convention: 203/204  0x004152A8
Computing Calling Convention: 204/204  0x004152AE
Computing Calling Convention: 1/111  0x004011E0
Computing Calling Convention: 2/111  0x00401600
Computing Calling Convention: 3/111  0x00401680
Computing Calling Convention: 4/111  0x004018C0
Computing Calling Convention: 9/111  0x00402010
Computing Calling Convention: 10/111  0x00402070
Computing Calling Convention: 11/111  0x004020E0
Computing Calling Convention: 12/111  0x00402150
Computing Calling Convention: 15/111  0x00402780
Computing Calling Convention: 16/111  0x004028A0
Computing Calling Convention: 17/111  0x00402900
Computing Calling Convention: 19/111  0x00402B70
Computing Calling Convention: 20/111  0x00402E00
Computing Calling Convention: 21/111  0x00403040
Computing Calling Convention: 22/111  0x00403190
Computing Calling Convention: 25/111  0x00403A50
Computing Calling Convention: 28/111  0x00404080
Computing Calling Convention: 29/111  0x004041E0
Computing Calling Convention: 31/111  0x00404A70
Computing Calling Convention: 32/111  0x00404C90
Computing Calling Convention: 33/111  0x00404FD0
Computing Calling Convention: 46/111  0x00407DD0
Computing Calling Convention: 47/111  0x00407DF0
Computing Calling Convention: 57/111  0x00408AF0
Computing Calling Convention: 58/111  0x00408B10
Computing Calling Convention: 67/111  0x00409130
Computing Calling Convention: 96/111  0x00410EF0
Computing Calling Convention: 97/111  0x00411420
Computing Calling Convention: 102/111  0x00411B30
Computing Calling Convention: 108/111  0x00412237
Computing Calling Convention: 109/111  0x00412852
Computing Calling Convention: 111/111  0x00414B40
Computing Calling Convention: 2/79  0x00401AF0
Computing Calling Convention: 4/79  0x00401E50
Computing Calling Convention: 5/79  0x00402230
Computing Calling Convention: 8/79  0x004032D0
Computing Calling Convention: 11/79  0x00403FB0
Computing Calling Convention: 12/79  0x004042F0
Computing Calling Convention: 13/79  0x00405030
Computing Calling Convention: 24/79  0x00407C40
Computing Calling Convention: 29/79  0x00408490
Computing Calling Convention: 30/79  0x00408740
Computing Calling Convention: 31/79  0x004088C0
Computing Calling Convention: 32/79  0x00408980
Computing Calling Convention: 33/79  0x00408A30
Computing Calling Convention: 34/79  0x00408B60
Computing Calling Convention: 35/79  0x00408B80
Computing Calling Convention: 36/79  0x00408BA0
Computing Calling Convention: 37/79  0x00408C20
Computing Calling Convention: 38/79  0x00408CA0
Computing Calling Convention: 39/79  0x00408CD0
Computing Calling Convention: 41/79  0x004090D0
Computing Calling Convention: 42/79  0x00409430
Computing Calling Convention: 44/79  0x00409D20
Computing Calling Convention: 45/79  0x00409D50
Computing Calling Convention: 48/79  0x0040A120
Computing Calling Convention: 49/79  0x0040A170
Computing Calling Convention: 50/79  0x0040A2E0
Computing Calling Convention: 51/79  0x0040A450
Computing Calling Convention: 52/79  0x0040A940
Computing Calling Convention: 56/79  0x0040B150
Computing Calling Convention: 58/79  0x0040B530
Computing Calling Convention: 59/79  0x0040B650
Computing Calling Convention: 61/79  0x0040B9E0
Computing Calling Convention: 62/79  0x0040BBA0
Computing Calling Convention: 67/79  0x0040F160
Computing Calling Convention: 68/79  0x0040F950
Computing Calling Convention: 69/79  0x00410530
Computing Calling Convention: 71/79  0x004115E0
Computing Calling Convention: 72/79  0x00411840
Computing Calling Convention: 75/79  0x00411D10
Computing Calling Convention: 77/79  0x00411FC0
Computing Calling Convention: 78/79  0x00412100
Computing Calling Convention: 79/79  0x00412D50
Computing Calling Convention: 2/37  0x00401B90
Computing Calling Convention: 7/37  0x00405140
Computing Calling Convention: 8/37  0x004052B0
Computing Calling Convention: 14/37  0x00407B20
Computing Calling Convention: 16/37  0x00407C10
Computing Calling Convention: 17/37  0x00407E40
Computing Calling Convention: 20/37  0x004083B0
Computing Calling Convention: 21/37  0x00408D40
Computing Calling Convention: 22/37  0x00409A60
Computing Calling Convention: 23/37  0x00409E10
Computing Calling Convention: 26/37  0x0040ACE0
Computing Calling Convention: 29/37  0x0040B780
Computing Calling Convention: 30/37  0x0040BCC0
Computing Calling Convention: 31/37  0x0040BDE0
Computing Calling Convention: 32/37  0x0040BF40
Computing Calling Convention: 33/37  0x0040C120
Computing Calling Convention: 7/21  0x004064B0
Computing Calling Convention: 8/21  0x004069C0
Computing Calling Convention: xx/19  0x00411F30
Computing Calling Convention: xx/18  0x00411F30
Computing Calling Convention: 1/17  0x00402AA0
Computing Calling Convention: 3/17  0x00403EF0
Computing Calling Convention: 1/15  0x004035B0
Computing Calling Convention: xx/14  0x00411F30
Computing Calling Convention: xx/13  0x00411F30
Computing Calling Convention: xx/12  0x00411F30
Computing Calling Convention: xx/11  0x00411F30
Computing Calling Convention: xx/10  0x00411F30
Computing Calling Convention: 1/9  0x00408230
Computing Calling Convention: 6/9  0x00411520
Computing Calling Convention: 7/9  0x00411A50
Computing Calling Convention: 8/9  0x00411C10
Computing Calling Convention: 9/9  0x00411F30
Computing Calling Convention: 1/4  0x00409F90
Computing Calling Convention: 2/4  0x0040AB30
Computing Calling Convention: 3/4  0x0040AF00
Computing Calling Convention: 4/4  0x0040B390
Separating code and data...
204 Procs, 4780 Labels, 4662 Branches, 0 / 84 kB covered
204 Procs, 4780 Labels, 4662 Branches, 0 / 84 kB covered
204 Procs, 4780 Labels, 4662 Branches, 0 / 84 kB covered
204 Procs, 4780 Labels, 4662 Branches, 0 / 84 kB covered
204 Procs, 4780 Labels, 4662 Branches, 0 / 84 kB covered
204 Procs, 4780 Labels, 4662 Branches, 0 / 84 kB covered
204 Procs, 4780 Labels, 4662 Branches, 0 / 84 kB covered
204 Procs, 4780 Labels, 4662 Branches, 0 / 84 kB covered
204 Procs, 4780 Labels, 4662 Branches, 0 / 84 kB covered
204 Procs, 4780 Labels, 4662 Branches, 0 / 84 kB covered
204 Procs, 4780 Labels, 4662 Branches, 0 / 84 kB covered
204 Procs, 4780 Labels, 4662 Branches, 0 / 84 kB covered
204 Procs, 4780 Labels, 4662 Branches, 0 / 84 kB covered
204 Procs, 4780 Labels, 4662 Branches, 0 / 84 kB covered
204 Procs, 4780 Labels, 4662 Branches, 0 / 84 kB covered
204 Procs, 4780 Labels, 4662 Branches, 0 / 84 kB covered
204 Procs, 4780 Labels, 4662 Branches, 0 / 84 kB covered
204 Procs, 4780 Labels, 4662 Branches, 0 / 84 kB covered
204 Procs, 4780 Labels, 4662 Branches, 0 / 84 kB covered
204 Procs, 4780 Labels, 4662 Branches, 0 / 84 kB covered
204 Procs, 4780 Labels, 4662 Branches, 0 / 84 kB covered
204 Procs, 4780 Labels, 4662 Branches, 0 / 84 kB covered
204 Procs, 4780 Labels, 4662 Branches, 0 / 84 kB covered
204 Procs, 4780 Labels, 4662 Branches, 0 / 84 kB covered
204 Procs, 4780 Labels, 4662 Branches, 0 / 84 kB covered
204 Procs, 4780 Labels, 4662 Branches, 0 / 84 kB covered
204 Procs, 4780 Labels, 4662 Branches, 0 / 84 kB covered
204 Procs, 4780 Labels, 4662 Branches, 0 / 84 kB covered
204 Procs, 4780 Labels, 4662 Branches, 0 / 84 kB covered
204 Procs, 4780 Labels, 4662 Branches, 0 / 84 kB covered
204 Procs, 4780 Labels, 4662 Branches, 0 / 84 kB covered
204 Procs, 4780 Labels, 4662 Branches, 0 / 84 kB covered
204 Procs, 4780 Labels, 4662 Branches, 0 / 84 kB covered
204 Procs, 4780 Labels, 4662 Branches, 0 / 84 kB covered
204 Procs, 4780 Labels, 4662 Branches, 0 / 84 kB covered
204 Procs, 4780 Labels, 4662 Branches, 0 / 84 kB covered
204 Procs, 4780 Labels, 4662 Branches, 0 / 84 kB covered
204 Procs, 4780 Labels, 4662 Branches, 0 / 84 kB covered
204 Procs, 4780 Labels, 4662 Branches, 0 / 84 kB covered
204 Procs, 4780 Labels, 4662 Branches, 0 / 84 kB covered
204 Procs, 4780 Labels, 4662 Branches, 0 / 84 kB covered
204 Procs, 4780 Labels, 4662 Branches, 0 / 84 kB covered
204 Procs, 4780 Labels, 4662 Branches, 0 / 84 kB covered
204 Procs, 4780 Labels, 4662 Branches, 0 / 84 kB covered
204 Procs, 4780 Labels, 4662 Branches, 0 / 84 kB covered
204 Procs, 4780 Labels, 4662 Branches, 0 / 84 kB covered
204 Procs, 4780 Labels, 4662 Branches, 0 / 84 kB covered
204 Procs, 4780 Labels, 4662 Branches, 0 / 84 kB covered
204 Procs, 4780 Labels, 4662 Branches, 0 / 84 kB covered
204 Procs, 4780 Labels, 4662 Branches, 0 / 84 kB covered
204 Procs, 4780 Labels, 4662 Branches, 0 / 84 kB covered
204 Procs, 4780 Labels, 4662 Branches, 0 / 84 kB covered
204 Procs, 4780 Labels, 4662 Branches, 0 / 84 kB covered
204 Procs, 4780 Labels, 4662 Branches, 0 / 84 kB covered
204 Procs, 4780 Labels, 4662 Branches, 0 / 84 kB covered
204 Procs, 4780 Labels, 4662 Branches, 0 / 84 kB covered
204 Procs, 4780 Labels, 4662 Branches, 0 / 84 kB covered
204 Procs, 4780 Labels, 4662 Branches, 0 / 84 kB covered
204 Procs, 4780 Labels, 4662 Branches, 0 / 84 kB covered
204 Procs, 4780 Labels, 4662 Branches, 0 / 84 kB covered
204 Procs, 4780 Labels, 4662 Branches, 0 / 84 kB covered
204 Procs, 4780 Labels, 4662 Branches, 0 / 84 kB covered
204 Procs, 4780 Labels, 4662 Branches, 0 / 84 kB covered
204 Procs, 4780 Labels, 4662 Branches, 0 / 84 kB covered
204 Procs, 4780 Labels, 4662 Branches, 0 / 84 kB covered
204 Procs, 4780 Labels, 4662 Branches, 0 / 84 kB covered
204 Procs, 4780 Labels, 4662 Branches, 0 / 84 kB covered
204 Procs, 4780 Labels, 4662 Branches, 0 / 84 kB covered
204 Procs, 4780 Labels, 4662 Branches, 0 / 84 kB covered
204 Procs, 4780 Labels, 4662 Branches, 0 / 84 kB covered
204 Procs, 4780 Labels, 4662 Branches, 0 / 84 kB covered
204 Procs, 4780 Labels, 4662 Branches, 0 / 84 kB covered
204 Procs, 4780 Labels, 4662 Branches, 0 / 84 kB covered
204 Procs, 4780 Labels, 4662 Branches, 0 / 84 kB covered
204 Procs, 4780 Labels, 4662 Branches, 0 / 84 kB covered
204 Procs, 4780 Labels, 4662 Branches, 0 / 84 kB covered
204 Procs, 4780 Labels, 4662 Branches, 0 / 84 kB covered
204 Procs, 4780 Labels, 4662 Branches, 0 / 84 kB covered
204 Procs, 4780 Labels, 4662 Branches, 0 / 84 kB covered
204 Procs, 4780 Labels, 4662 Branches, 0 / 84 kB covered
204 Procs, 4780 Labels, 4662 Branches, 0 / 84 kB covered
204 Procs, 4780 Labels, 4662 Branches, 0 / 84 kB covered
204 Procs, 4780 Labels, 4662 Branches, 0 / 84 kB covered
204 Procs, 4780 Labels, 4662 Branches, 0 / 84 kB covered
204 Procs, 4780 Labels, 4662 Branches, 0 / 84 kB covered
204 Procs, 4780 Labels, 4662 Branches, 0 / 84 kB covered
204 Procs, 4780 Labels, 4662 Branches, 0 / 84 kB covered
204 Procs, 4780 Labels, 4662 Branches, 0 / 84 kB covered
204 Procs, 4780 Labels, 4662 Branches, 0 / 84 kB covered
204 Procs, 4780 Labels, 4662 Branches, 0 / 84 kB covered
204 Procs, 4780 Labels, 4662 Branches, 0 / 84 kB covered
204 Procs, 4780 Labels, 4662 Branches, 0 / 84 kB covered
204 Procs, 4780 Labels, 4662 Branches, 0 / 84 kB covered
204 Procs, 4780 Labels, 4662 Branches, 0 / 84 kB covered
204 Procs, 4780 Labels, 4662 Branches, 0 / 84 kB covered
204 Procs, 4780 Labels, 4662 Branches, 0 / 84 kB covered
204 Procs, 4780 Labels, 4662 Branches, 0 / 84 kB covered
204 Procs, 4780 Labels, 4662 Branches, 0 / 84 kB covered
204 Procs, 4780 Labels, 4662 Branches, 0 / 84 kB covered
204 Procs, 4780 Labels, 4662 Branches, 0 / 84 kB covered
204 Procs, 4780 Labels, 4662 Branches, 0 / 84 kB covered
204 Procs, 4780 Labels, 4662 Branches, 0 / 84 kB covered
204 Procs, 4780 Labels, 4662 Branches, 0 / 84 kB covered
204 Procs, 4780 Labels, 4662 Branches, 0 / 84 kB covered
204 Procs, 4780 Labels, 4662 Branches, 0 / 84 kB covered
204 Procs, 4780 Labels, 4662 Branches, 0 / 84 kB covered
204 Procs, 4780 Labels, 4662 Branches, 0 / 84 kB covered
204 Procs, 4780 Labels, 4662 Branches, 0 / 84 kB covered
204 Procs, 4780 Labels, 4662 Branches, 0 / 84 kB covered
204 Procs, 4780 Labels, 4662 Branches, 0 / 84 kB covered
204 Procs, 4780 Labels, 4662 Branches, 0 / 84 kB covered
204 Procs, 4780 Labels, 4662 Branches, 0 / 84 kB covered
204 Procs, 4780 Labels, 4662 Branches, 0 / 84 kB covered
204 Procs, 4780 Labels, 4662 Branches, 0 / 84 kB covered
204 Procs, 4780 Labels, 4662 Branches, 0 / 84 kB covered
204 Procs, 4780 Labels, 4662 Branches, 0 / 84 kB covered
204 Procs, 4780 Labels, 4662 Branches, 0 / 84 kB covered
204 Procs, 4780 Labels, 4662 Branches, 0 / 84 kB covered
204 Procs, 4780 Labels, 4662 Branches, 0 / 84 kB covered
204 Procs, 4780 Labels, 4662 Branches, 0 / 84 kB covered
204 Procs, 4780 Labels, 4662 Branches, 0 / 84 kB covered
204 Procs, 4780 Labels, 4662 Branches, 0 / 84 kB covered
204 Procs, 4780 Labels, 4662 Branches, 0 / 84 kB covered
204 Procs, 4780 Labels, 4662 Branches, 0 / 84 kB covered
204 Procs, 4780 Labels, 4662 Branches, 0 / 84 kB covered
204 Procs, 4780 Labels, 4662 Branches, 0 / 84 kB covered
204 Procs, 4780 Labels, 4662 Branches, 0 / 84 kB covered
204 Procs, 4780 Labels, 4662 Branches, 0 / 84 kB covered
204 Procs, 4780 Labels, 4662 Branches, 0 / 84 kB covered
204 Procs, 4780 Labels, 4662 Branches, 0 / 84 kB covered
204 Procs, 4780 Labels, 4662 Branches, 0 / 84 kB covered
204 Procs, 4780 Labels, 4662 Branches, 0 / 84 kB covered
204 Procs, 4780 Labels, 4662 Branches, 0 / 84 kB covered
204 Procs, 4780 Labels, 4662 Branches, 0 / 84 kB covered
204 Procs, 4780 Labels, 4662 Branches, 0 / 84 kB covered
204 Procs, 4780 Labels, 4662 Branches, 0 / 84 kB covered
204 Procs, 4780 Labels, 4662 Branches, 0 / 84 kB covered
204 Procs, 4780 Labels, 4662 Branches, 0 / 84 kB covered
204 Procs, 4780 Labels, 4662 Branches, 0 / 84 kB covered
204 Procs, 4780 Labels, 4662 Branches, 0 / 84 kB covered
204 Procs, 4780 Labels, 4662 Branches, 0 / 84 kB covered
204 Procs, 4780 Labels, 4662 Branches, 0 / 84 kB covered
204 Procs, 4780 Labels, 4662 Branches, 0 / 84 kB covered
204 Procs, 4780 Labels, 4662 Branches, 0 / 84 kB covered
204 Procs, 4780 Labels, 4662 Branches, 0 / 84 kB covered
204 Procs, 4780 Labels, 4662 Branches, 0 / 84 kB covered
204 Procs, 4780 Labels, 4662 Branches, 0 / 84 kB covered
204 Procs, 4780 Labels, 4662 Branches, 0 / 84 kB covered
204 Procs, 4780 Labels, 4662 Branches, 0 / 84 kB covered
204 Procs, 4780 Labels, 4662 Branches, 0 / 84 kB covered
204 Procs, 4780 Labels, 4662 Branches, 0 / 84 kB covered
204 Procs, 4780 Labels, 4662 Branches, 0 / 84 kB covered
204 Procs, 4780 Labels, 4662 Branches, 0 / 84 kB covered
204 Procs, 4780 Labels, 4662 Branches, 0 / 84 kB covered
204 Procs, 4780 Labels, 4662 Branches, 0 / 84 kB covered
204 Procs, 4780 Labels, 4662 Branches, 0 / 84 kB covered
204 Procs, 4780 Labels, 4662 Branches, 0 / 84 kB covered
204 Procs, 4780 Labels, 4662 Branches, 0 / 84 kB covered
204 Procs, 4780 Labels, 4662 Branches, 0 / 84 kB covered
204 Procs, 4780 Labels, 4662 Branches, 0 / 84 kB covered
204 Procs, 4780 Labels, 4662 Branches, 0 / 84 kB covered
204 Procs, 4780 Labels, 4662 Branches, 0 / 84 kB covered
204 Procs, 4780 Labels, 4662 Branches, 0 / 84 kB covered
204 Procs, 4780 Labels, 4662 Branches, 0 / 84 kB covered
204 Procs, 4780 Labels, 4662 Branches, 0 / 84 kB covered
204 Procs, 4780 Labels, 4662 Branches, 0 / 84 kB covered
204 Procs, 4780 Labels, 4662 Branches, 0 / 84 kB covered
204 Procs, 4780 Labels, 4662 Branches, 0 / 84 kB covered
204 Procs, 4780 Labels, 4662 Branches, 0 / 84 kB covered
204 Procs, 4780 Labels, 4662 Branches, 0 / 84 kB covered
204 Procs, 4780 Labels, 4662 Branches, 0 / 84 kB covered
204 Procs, 4780 Labels, 4662 Branches, 0 / 84 kB covered
204 Procs, 4780 Labels, 4662 Branches, 0 / 84 kB covered
204 Procs, 4780 Labels, 4662 Branches, 0 / 84 kB covered
204 Procs, 4780 Labels, 4662 Branches, 0 / 84 kB covered
204 Procs, 4780 Labels, 4662 Branches, 0 / 84 kB covered
204 Procs, 4780 Labels, 4662 Branches, 0 / 84 kB covered
204 Procs, 4780 Labels, 4662 Branches, 0 / 84 kB covered
204 Procs, 4780 Labels, 4662 Branches, 0 / 84 kB covered
204 Procs, 4780 Labels, 4662 Branches, 0 / 84 kB covered
204 Procs, 4780 Labels, 4662 Branches, 0 / 84 kB covered
204 Procs, 4780 Labels, 4662 Branches, 0 / 84 kB covered
204 Procs, 4780 Labels, 4662 Branches, 0 / 84 kB covered
204 Procs, 4780 Labels, 4662 Branches, 0 / 84 kB covered
204 Procs, 4780 Labels, 4662 Branches, 0 / 84 kB covered
204 Procs, 4780 Labels, 4662 Branches, 0 / 84 kB covered
204 Procs, 4780 Labels, 4662 Branches, 0 / 84 kB covered
204 Procs, 4780 Labels, 4662 Branches, 0 / 84 kB covered
204 Procs, 4780 Labels, 4662 Branches, 0 / 84 kB covered
204 Procs, 4780 Labels, 4662 Branches, 0 / 84 kB covered
204 Procs, 4780 Labels, 4662 Branches, 0 / 84 kB covered
204 Procs, 4780 Labels, 4662 Branches, 0 / 84 kB covered
204 Procs, 4780 Labels, 4662 Branches, 0 / 84 kB covered
204 Procs, 4780 Labels, 4662 Branches, 0 / 84 kB covered
204 Procs, 4780 Labels, 4662 Branches, 0 / 84 kB covered
204 Procs, 4780 Labels, 4662 Branches, 0 / 84 kB covered
204 Procs, 4780 Labels, 4662 Branches, 0 / 84 kB covered
204 Procs, 4780 Labels, 4662 Branches, 0 / 84 kB covered
204 Procs, 4780 Labels, 4662 Branches, 0 / 84 kB covered
204 Procs, 4780 Labels, 4662 Branches, 0 / 84 kB covered
204 Procs, 4780 Labels, 4662 Branches, 0 / 84 kB covered
204 Procs, 4780 Labels, 4662 Branches, 0 / 84 kB covered
204 Procs, 4780 Labels, 4662 Branches, 0 / 84 kB covered
204 Procs, 4780 Labels, 4662 Branches, 0 / 84 kB covered
204 Procs, 4780 Labels, 4662 Branches, 0 / 84 kB covered
204 Procs, 4780 Labels, 4662 Branches, 0 / 84 kB covered
204 Procs, 4780 Labels, 4662 Branches, 0 / 84 kB covered
204 Procs, 4780 Labels, 4662 Branches, 0 / 84 kB covered
Resolving indirect jumps...
204 Procs, 4780 Labels, 4662 Branches, 0 / 84 kB covered
204 Procs, 4780 Labels, 4662 Branches, 0 / 84 kB covered
Resolving constants and strings...
204 Procs, 4780 Labels, 4662 Branches, 0 / 84 kB covered
Discovering unreached functions...
204 Procs, 4780 Labels, 4662 Branches, 0 / 84 kB covered
Computing call tree...
204 Procs, 4780 Labels, 4662 Branches, 0 / 84 kB covered
Computing calling conventions...
204 Procs, 4780 Labels, 4662 Branches, 0 / 84 kB covered
Computing Calling Convention: 1/204  0x00401000
Computing Calling Convention: 6/204  0x004019E0
Computing Calling Convention: 10/204  0x00401D00
Computing Calling Convention: 17/204  0x004022A0
Computing Calling Convention: 18/204  0x004022C0
Computing Calling Convention: 19/204  0x00402340
Computing Calling Convention: 24/204  0x00402A40
Computing Calling Convention: 40/204  0x00404E40
Computing Calling Convention: 43/204  0x004050DE
Computing Calling Convention: 44/204  0x004050E4
Computing Calling Convention: 45/204  0x004050EA
Computing Calling Convention: 46/204  0x004050F0
Computing Calling Convention: 47/204  0x004050F6
Computing Calling Convention: 48/204  0x004050FC
Computing Calling Convention: 49/204  0x00405102
Computing Calling Convention: 50/204  0x00405108
Computing Calling Convention: 51/204  0x0040510E
Computing Calling Convention: 52/204  0x00405114
Computing Calling Convention: 53/204  0x00405120
Computing Calling Convention: 55/204  0x00405270
Computing Calling Convention: 66/204  0x00407DC0
Computing Calling Convention: 72/204  0x00408290
Computing Calling Convention: 73/204  0x004082A0
Computing Calling Convention: 74/204  0x00408390
Computing Calling Convention: 76/204  0x004083F0
Computing Calling Convention: 78/204  0x004085C0
Computing Calling Convention: 79/204  0x00408720
Computing Calling Convention: 81/204  0x004087F0
Computing Calling Convention: 82/204  0x00408850
Computing Calling Convention: 83/204  0x00408880
Computing Calling Convention: 85/204  0x00408920
Computing Calling Convention: 88/204  0x00408AB0
Computing Calling Convention: 91/204  0x00408B30
Computing Calling Convention: 95/204  0x00408BF0
Computing Calling Convention: 97/204  0x00408C50
Computing Calling Convention: 98/204  0x00408C80
Computing Calling Convention: 105/204  0x00409860
Computing Calling Convention: 130/204  0x0040C430
Computing Calling Convention: 131/204  0x0040C570
Computing Calling Convention: 132/204  0x0040C750
Computing Calling Convention: 133/204  0x0040C7A0
Computing Calling Convention: 134/204  0x0040C920
Computing Calling Convention: 135/204  0x0040CA00
Computing Calling Convention: 136/204  0x0040CD20
Computing Calling Convention: 137/204  0x0040CEE0
Computing Calling Convention: 138/204  0x0040D5E0
Computing Calling Convention: 139/204  0x0040E5E0
Computing Calling Convention: 140/204  0x0040E9A0
Computing Calling Convention: 141/204  0x0040EBF0
Computing Calling Convention: 142/204  0x0040EFF0
Computing Calling Convention: 144/204  0x0040F880
Computing Calling Convention: 147/204  0x004109D0
Computing Calling Convention: 148/204  0x004109F0
Computing Calling Convention: 149/204  0x00410A80
Computing Calling Convention: 150/204  0x00410AC0
Computing Calling Convention: 151/204  0x00410B20
Computing Calling Convention: 152/204  0x00410DD0
Computing Calling Convention: 153/204  0x00410EC0
Computing Calling Convention: 155/204  0x00411230
Computing Calling Convention: 157/204  0x004114A0
Computing Calling Convention: 160/204  0x00411810
Computing Calling Convention: 162/204  0x004119E0
Computing Calling Convention: 163/204  0x00411A20
Computing Calling Convention: 165/204  0x00411AE0
Computing Calling Convention: 166/204  0x00411B10
Computing Calling Convention: 170/204  0x00411F00
Computing Calling Convention: 175/204  0x00412500
Computing Calling Convention: 176/204  0x00412506
Computing Calling Convention: 177/204  0x0041250C
Computing Calling Convention: 178/204  0x00412512
Computing Calling Convention: 179/204  0x00412520
Computing Calling Convention: 180/204  0x004126D0
Computing Calling Convention: 181/204  0x004127D0
Computing Calling Convention: 182/204  0x004127E0
Computing Calling Convention: 183/204  0x00412810
Computing Calling Convention: 185/204  0x004128BE
Computing Calling Convention: 186/204  0x004128C4
Computing Calling Convention: 187/204  0x004128CC
Computing Calling Convention: 188/204  0x00412911
Computing Calling Convention: 189/204  0x00412974
Computing Calling Convention: 190/204  0x00412AC6
Computing Calling Convention: 191/204  0x00412AF0
Computing Calling Convention: 192/204  0x00412B50
Computing Calling Convention: 193/204  0x00412C20
Computing Calling Convention: 194/204  0x00412C40
Computing Calling Convention: 195/204  0x00412C60
Computing Calling Convention: 197/204  0x00414340
Computing Calling Convention: 198/204  0x00414630
Computing Calling Convention: 199/204  0x00414680
Computing Calling Convention: 201/204  0x00415030
Computing Calling Convention: 202/204  0x004152A2
Computing Calling Convention: 203/204  0x004152A8
Computing Calling Convention: 204/204  0x004152AE
Computing Calling Convention: 1/111  0x004011E0
Computing Calling Convention: 2/111  0x00401600
Computing Calling Convention: 3/111  0x00401680
Computing Calling Convention: 4/111  0x004018C0
Computing Calling Convention: 9/111  0x00402010
Computing Calling Convention: 10/111  0x00402070
Computing Calling Convention: 11/111  0x004020E0
Computing Calling Convention: 12/111  0x00402150
Computing Calling Convention: 15/111  0x00402780
Computing Calling Convention: 16/111  0x004028A0
Computing Calling Convention: 17/111  0x00402900
Computing Calling Convention: 19/111  0x00402B70
Computing Calling Convention: 20/111  0x00402E00
Computing Calling Convention: 21/111  0x00403040
Computing Calling Convention: 22/111  0x00403190
Computing Calling Convention: 25/111  0x00403A50
Computing Calling Convention: 28/111  0x00404080
Computing Calling Convention: 29/111  0x004041E0
Computing Calling Convention: 31/111  0x00404A70
Computing Calling Convention: 32/111  0x00404C90
Computing Calling Convention: 33/111  0x00404FD0
Computing Calling Convention: 46/111  0x00407DD0
Computing Calling Convention: 47/111  0x00407DF0
Computing Calling Convention: 57/111  0x00408AF0
Computing Calling Convention: 58/111  0x00408B10
Computing Calling Convention: 67/111  0x00409130
Computing Calling Convention: 96/111  0x00410EF0
Computing Calling Convention: 97/111  0x00411420
Computing Calling Convention: 102/111  0x00411B30
Computing Calling Convention: 108/111  0x00412237
Computing Calling Convention: 109/111  0x00412852
Computing Calling Convention: 111/111  0x00414B40
Computing Calling Convention: 2/79  0x00401AF0
Computing Calling Convention: 4/79  0x00401E50
Computing Calling Convention: 5/79  0x00402230
Computing Calling Convention: 8/79  0x004032D0
Computing Calling Convention: 11/79  0x00403FB0
Computing Calling Convention: 12/79  0x004042F0
Computing Calling Convention: 13/79  0x00405030
Computing Calling Convention: 24/79  0x00407C40
Computing Calling Convention: 29/79  0x00408490
Computing Calling Convention: 30/79  0x00408740
Computing Calling Convention: 31/79  0x004088C0
Computing Calling Convention: 32/79  0x00408980
Computing Calling Convention: 33/79  0x00408A30
Computing Calling Convention: 34/79  0x00408B60
Computing Calling Convention: 35/79  0x00408B80
Computing Calling Convention: 36/79  0x00408BA0
Computing Calling Convention: 37/79  0x00408C20
Computing Calling Convention: 38/79  0x00408CA0
Computing Calling Convention: 39/79  0x00408CD0
Computing Calling Convention: 41/79  0x004090D0
Computing Calling Convention: 42/79  0x00409430
Computing Calling Convention: 44/79  0x00409D20
Computing Calling Convention: 45/79  0x00409D50
Computing Calling Convention: 48/79  0x0040A120
Computing Calling Convention: 49/79  0x0040A170
Computing Calling Convention: 50/79  0x0040A2E0
Computing Calling Convention: 51/79  0x0040A450
Computing Calling Convention: 52/79  0x0040A940
Computing Calling Convention: 56/79  0x0040B150
Computing Calling Convention: 58/79  0x0040B530
Computing Calling Convention: 59/79  0x0040B650
Computing Calling Convention: 61/79  0x0040B9E0
Computing Calling Convention: 62/79  0x0040BBA0
Computing Calling Convention: 67/79  0x0040F160
Computing Calling Convention: 68/79  0x0040F950
Computing Calling Convention: 69/79  0x00410530
Computing Calling Convention: 71/79  0x004115E0
Computing Calling Convention: 72/79  0x00411840
Computing Calling Convention: 75/79  0x00411D10
Computing Calling Convention: 77/79  0x00411FC0
Computing Calling Convention: 78/79  0x00412100
Computing Calling Convention: 79/79  0x00412D50
Computing Calling Convention: 2/37  0x00401B90
Computing Calling Convention: 7/37  0x00405140
Computing Calling Convention: 8/37  0x004052B0
Computing Calling Convention: 14/37  0x00407B20
Computing Calling Convention: 16/37  0x00407C10
Computing Calling Convention: 17/37  0x00407E40
Computing Calling Convention: 20/37  0x004083B0
Computing Calling Convention: 21/37  0x00408D40
Computing Calling Convention: 22/37  0x00409A60
Computing Calling Convention: 23/37  0x00409E10
Computing Calling Convention: 26/37  0x0040ACE0
Computing Calling Convention: 29/37  0x0040B780
Computing Calling Convention: 30/37  0x0040BCC0
Computing Calling Convention: 31/37  0x0040BDE0
Computing Calling Convention: 32/37  0x0040BF40
Computing Calling Convention: 33/37  0x0040C120
Computing Calling Convention: 7/21  0x004064B0
Computing Calling Convention: 8/21  0x004069C0
Computing Calling Convention: xx/19  0x00411F30
Computing Calling Convention: xx/18  0x00411F30
Computing Calling Convention: 1/17  0x00402AA0
Computing Calling Convention: 3/17  0x00403EF0
Computing Calling Convention: 1/15  0x004035B0
Computing Calling Convention: xx/14  0x00411F30
Computing Calling Convention: xx/13  0x00411F30
Computing Calling Convention: xx/12  0x00411F30
Computing Calling Convention: xx/11  0x00411F30
Computing Calling Convention: xx/10  0x00411F30
Computing Calling Convention: 1/9  0x00408230
Computing Calling Convention: 6/9  0x00411520
Computing Calling Convention: 7/9  0x00411A50
Computing Calling Convention: 8/9  0x00411C10
Computing Calling Convention: 9/9  0x00411F30
Computing Calling Convention: 1/4  0x00409F90
Computing Calling Convention: 2/4  0x0040AB30
Computing Calling Convention: 3/4  0x0040AF00
Computing Calling Convention: 4/4  0x0040B390
Computing label cross-references...
204 Procs, 4780 Labels, 4662 Branches, 0 / 84 kB covered
File analysis complete.
204 Procs, 4780 Labels, 4662 Branches, 0 / 84 kB covered

Decompiling 1/204: 0x00401000
Decompiling 2/204: 0x004011E0
Decompiling 3/204: 0x00401600
Decompiling 4/204: 0x00401680
Decompiling 5/204: 0x004018C0
Decompiling 6/204: 0x004019E0
Decompiling 7/204: 0x00401A40
Decompiling 8/204: 0x00401AF0
Decompiling 9/204: 0x00401B90
Decompiling 10/204: 0x00401D00
Decompiling 11/204: 0x00401E50
Decompiling 12/204: 0x00402010
Decompiling 13/204: 0x00402070
Decompiling 14/204: 0x004020E0
Decompiling 15/204: 0x00402150
Decompiling 16/204: 0x00402230
Decompiling 17/204: 0x004022A0
Decompiling 18/204: 0x004022C0
Decompiling 19/204: 0x00402340
Decompiling 20/204: 0x004023D0
Decompiling 21/204: 0x00402780
Decompiling 22/204: 0x004028A0
Decompiling 23/204: 0x00402900
Decompiling 24/204: 0x00402A40
Decompiling 25/204: 0x00402AA0
Decompiling 26/204: 0x00402B70
Decompiling 27/204: 0x00402E00
Decompiling 28/204: 0x00403040
Decompiling 29/204: 0x00403190
Decompiling 30/204: 0x004032D0
Decompiling 31/204: 0x004035B0
Decompiling 32/204: 0x00403A50
Decompiling 33/204: 0x00403EF0
Decompiling 34/204: 0x00403FB0
Decompiling 35/204: 0x00404080
Decompiling 36/204: 0x004041E0
Decompiling 37/204: 0x004042F0
Decompiling 38/204: 0x00404A70
Decompiling 39/204: 0x00404C90
Decompiling 40/204: 0x00404E40
Decompiling 41/204: 0x00404FD0
Decompiling 42/204: 0x00405030
Decompiling 43/204: 0x004050DE
Decompiling 44/204: 0x004050E4
Decompiling 45/204: 0x004050EA
Decompiling 46/204: 0x004050F0
Decompiling 47/204: 0x004050F6
Decompiling 48/204: 0x004050FC
Decompiling 49/204: 0x00405102
Decompiling 50/204: 0x00405108
Decompiling 51/204: 0x0040510E
Decompiling 52/204: 0x00405114
Decompiling 53/204: 0x00405120
Decompiling 54/204: 0x00405140
Decompiling 55/204: 0x00405270
Decompiling 56/204: 0x004052B0
Decompiling 57/204: 0x00405510
Decompiling 58/204: 0x004064B0
Decompiling 59/204: 0x004069C0
Decompiling 60/204: 0x00406A20
Decompiling 61/204: 0x00407890
Decompiling 62/204: 0x00407B20
Decompiling 63/204: 0x00407B50
Decompiling 64/204: 0x00407C10
Decompiling 65/204: 0x00407C40
Decompiling 66/204: 0x00407DC0
Decompiling 67/204: 0x00407DD0
Decompiling 68/204: 0x00407DF0
Decompiling 69/204: 0x00407E40
Decompiling 70/204: 0x00407E80
Decompiling 71/204: 0x00408230
Decompiling 72/204: 0x00408290
Decompiling 73/204: 0x004082A0
Decompiling 74/204: 0x00408390
Decompiling 75/204: 0x004083B0
Decompiling 76/204: 0x004083F0
Decompiling 77/204: 0x00408490
Decompiling 78/204: 0x004085C0
Decompiling 79/204: 0x00408720
Decompiling 80/204: 0x00408740
Decompiling 81/204: 0x004087F0
Decompiling 82/204: 0x00408850
Decompiling 83/204: 0x00408880
Decompiling 84/204: 0x004088C0
Decompiling 85/204: 0x00408920
Decompiling 86/204: 0x00408980
Decompiling 87/204: 0x00408A30
Decompiling 88/204: 0x00408AB0
Decompiling 89/204: 0x00408AF0
Decompiling 90/204: 0x00408B10
Decompiling 91/204: 0x00408B30
Decompiling 92/204: 0x00408B60
Decompiling 93/204: 0x00408B80
Decompiling 94/204: 0x00408BA0
Decompiling 95/204: 0x00408BF0
Decompiling 96/204: 0x00408C20
Decompiling 97/204: 0x00408C50
Decompiling 98/204: 0x00408C80
Decompiling 99/204: 0x00408CA0
Decompiling 100/204: 0x00408CD0
Decompiling 101/204: 0x00408D40
Decompiling 102/204: 0x004090D0
Decompiling 103/204: 0x00409130
Decompiling 104/204: 0x00409430
Decompiling 105/204: 0x00409860
Decompiling 106/204: 0x00409A60
Decompiling 107/204: 0x00409D20
Decompiling 108/204: 0x00409D50
Decompiling 109/204: 0x00409E10
Decompiling 110/204: 0x00409F90
Decompiling 111/204: 0x0040A120
Decompiling 112/204: 0x0040A170
Decompiling 113/204: 0x0040A2E0
Decompiling 114/204: 0x0040A450
Decompiling 115/204: 0x0040A940
Decompiling 116/204: 0x0040AB30
Decompiling 117/204: 0x0040ACE0
Decompiling 118/204: 0x0040AF00
Decompiling 119/204: 0x0040B150
Decompiling 120/204: 0x0040B390
Decompiling 121/204: 0x0040B530
Decompiling 122/204: 0x0040B650
Decompiling 123/204: 0x0040B780
Decompiling 124/204: 0x0040B9E0
Decompiling 125/204: 0x0040BBA0
Decompiling 126/204: 0x0040BCC0
Decompiling 127/204: 0x0040BDE0
Decompiling 128/204: 0x0040BF40
Decompiling 129/204: 0x0040C120
Decompiling 130/204: 0x0040C430
Decompiling 131/204: 0x0040C570
Decompiling 132/204: 0x0040C750
Decompiling 133/204: 0x0040C7A0
Decompiling 134/204: 0x0040C920
Decompiling 135/204: 0x0040CA00
Decompiling 136/204: 0x0040CD20
Decompiling 137/204: 0x0040CEE0
Decompiling 138/204: 0x0040D5E0
Decompiling 139/204: 0x0040E5E0
Decompiling 140/204: 0x0040E9A0
Decompiling 141/204: 0x0040EBF0
Decompiling 142/204: 0x0040EFF0
Decompiling 143/204: 0x0040F160
Decompiling 144/204: 0x0040F880
Decompiling 145/204: 0x0040F950
Decompiling 146/204: 0x00410530
Decompiling 147/204: 0x004109D0
Decompiling 148/204: 0x004109F0
Decompiling 149/204: 0x00410A80
Decompiling 150/204: 0x00410AC0
Decompiling 151/204: 0x00410B20
Decompiling 152/204: 0x00410DD0
Decompiling 153/204: 0x00410EC0
Decompiling 154/204: 0x00410EF0
Decompiling 155/204: 0x00411230
Decompiling 156/204: 0x00411420
Decompiling 157/204: 0x004114A0
Decompiling 158/204: 0x00411520
Decompiling 159/204: 0x004115E0
Decompiling 160/204: 0x00411810
Decompiling 161/204: 0x00411840
Decompiling 162/204: 0x004119E0
Decompiling 163/204: 0x00411A20
Decompiling 164/204: 0x00411A50
Decompiling 165/204: 0x00411AE0
Decompiling 166/204: 0x00411B10
Decompiling 167/204: 0x00411B30
Decompiling 168/204: 0x00411C10
Decompiling 169/204: 0x00411D10
Decompiling 170/204: 0x00411F00
Decompiling 171/204: 0x00411F30
Decompiling 172/204: 0x00411FC0
Decompiling 173/204: 0x00412100
Decompiling 174/204: 0x00412237
Decompiling 175/204: 0x00412500
Decompiling 176/204: 0x00412506
Decompiling 177/204: 0x0041250C
Decompiling 178/204: 0x00412512
Decompiling 179/204: 0x00412520
Decompiling 180/204: 0x004126D0
Decompiling 181/204: 0x004127D0
Decompiling 182/204: 0x004127E0
Decompiling 183/204: 0x00412810
Decompiling 184/204: 0x00412852
Decompiling 185/204: 0x004128BE
Decompiling 186/204: 0x004128C4
Decompiling 187/204: 0x004128CC
Decompiling 188/204: 0x00412911
Decompiling 189/204: 0x00412974
Decompiling 190/204: 0x00412AC6
Decompiling 191/204: 0x00412AF0
Decompiling 192/204: 0x00412B50
Decompiling 193/204: 0x00412C20
Decompiling 194/204: 0x00412C40
Decompiling 195/204: 0x00412C60
Decompiling 196/204: 0x00412D50
Decompiling 197/204: 0x00414340
Decompiling 198/204: 0x00414630
Decompiling 199/204: 0x00414680
Decompiling 200/204: 0x00414B40
Decompiling 201/204: 0x00415030
Decompiling 202/204: 0x004152A2
Decompiling 203/204: 0x004152A8
Decompiling 204/204: 0x004152AE
Decompiling 204/204: 0x004152AE

