after removing matching assigns (t[WILDSTR]).
after removing matching assigns (%pc).
size 0x40 meet with size 0x20!
size 0x20 meet with size 0x40!
size 0x20 meet with size 0x40!
size 0x20 meet with size 0x40!
size 0x20 meet with size 0x40!
size 0x20 meet with size 0x40!
size 0x20 meet with size 0x40!
size 0x20 meet with size 0x40!
size 0x20 meet with size 0x40!
size 0x20 meet with size 0x40!
size 0x20 meet with size 0x40!
### WARNING: iteration limit exceeded for dfaTypeAnalysis of procedure main ###
in proc main adding addrExp r1{0} - 112 to local table
in proc main adding addrExp r1{0} - 64 to local table
TYPE ERROR: at address 0xffffffc0, overlapping type __size32 does not resolve to compound or array
in proc main adding addrExp r1{0} - 60 to local table
TYPE ERROR: at address 0xffffffc4, overlapping type __size32 does not resolve to compound or array
in proc main adding addrExp r1{0} + 104 to local table
in proc main adding addrExp r1{0} + 108 to local table
TYPE ERROR: attempt to insert item <noname> at 0x6c of type __size64 which weaves after <noname> at 0x68 of type __size64
in proc main adding addrExp r1{0} + 112 to local table
in proc main adding addrExp r1{0} + 8 to local table
in proc main adding addrExp r1{0} - 176 to local table
### WARNING: iteration limit exceeded for dfaTypeAnalysis of procedure main ###
in proc main adding addrExp r1{0} - 112 to local table
