Level | File                                    | Message
====================================================================================================
Msg   | src/boomerang/util/log/Log.cpp          | This is Boomerang v0.3.99-alpha-1914-ged7a3e1
Msg   | src/boomerang/util/log/Log.cpp          | Log initialized.
Msg   | src/boomerang/core/Project.cpp          | Loading plugins...
Msg   | src/boomerang/core/Project.cpp          | Loaded plugins:
Msg   | src/boomerang/core/Project.cpp          |   DOS4GW loader plugin v0.3.99-alpha-1914-ged7a3e1 (by 'Boomerang developers')
Msg   | src/boomerang/core/Project.cpp          |   ELF32 loader plugin v0.3.99-alpha-1914-ged7a3e1 (by 'Boomerang developers')
Msg   | src/boomerang/core/Project.cpp          |   DOS Exe loader plugin v0.3.99-alpha-1914-ged7a3e1 (by 'Boomerang developers')
Msg   | src/boomerang/core/Project.cpp          |   HP SOM loader plugin v0.3.99-alpha-1914-ged7a3e1 (by 'Boomerang developers')
Msg   | src/boomerang/core/Project.cpp          |   Mach-O executable loader plugin v0.3.99-alpha-1914-ged7a3e1 (by 'Boomerang developers')
Msg   | src/boomerang/core/Project.cpp          |   Palm OS executable loader plugin v0.3.99-alpha-1914-ged7a3e1 (by 'Boomerang developers')
Msg   | src/boomerang/core/Project.cpp          |   Win32 PE loader plugin v0.3.99-alpha-1914-ged7a3e1 (by 'Boomerang developers')
Msg   | src/boomerang/core/Project.cpp          | Loading binary file 'from_boomerang/switch/ia32_pe_by_boomerang_gcc/subject.exe'
Msg   | src/boomerang/ssl/RTLInstDict.cpp       | Loading machine specifications from 'BOOMERANGSRCDIR/build/out/share/boomerang/ssl/pentium.ssl'...
Msg   | src/boomerang/db/Prog.cpp               | Reading library signatures...
Msg   | src/boomerang/core/Project.cpp          | Decoding entry point...
Warn  | src/boomerang/db/Prog.cpp               | Unknown library function '__debugbreak', please update signatures!
Warn  | src/boomerang/frontend/pentium/PentiumF | main function not found, falling back to entry point
Msg   | src/boomerang/frontend/DefaultFrontEnd. | Starting decode at address 0x00401000
Warn  | src/boomerang/frontend/pentium/PentiumF | main function not found, falling back to entry point
Msg   | src/boomerang/core/Project.cpp          | Decoding anything undecoded...
Msg   | src/boomerang/frontend/DefaultFrontEnd. | Looking for undecoded procedures to decode...
Warn  | src/boomerang/db/Prog.cpp               | Unknown library function 'dll_crt0__FP11per_process', please update signatures!
Warn  | src/boomerang/db/Prog.cpp               | Unknown library function 'GetModuleHandleA', please update signatures!
Warn  | src/boomerang/db/Prog.cpp               | Unknown library function 'cygwin_internal', please update signatures!
Msg   | src/boomerang/core/Project.cpp          | Found 5 procs
Msg   | src/boomerang-cli/CommandlineDriver.cpp | Decompiling...
Msg   | src/boomerang/decomp/ProgDecompiler.cpp | Decompiling entry point '_start'
Msg   | src/boomerang/decomp/ProcDecompiler.cpp | Visiting procedure '_start'
Msg   | src/boomerang/decomp/ProcDecompiler.cpp | Visiting procedure 'proc_0x00401470'
Msg   | src/boomerang/decomp/ProcDecompiler.cpp | Visiting procedure 'proc_0x00401530'
Msg   | src/boomerang/decomp/ProcDecompiler.cpp | Visiting procedure 'proc_0x004016b0'
Msg   | src/boomerang/decomp/ProcDecompiler.cpp | Visiting procedure 'proc_0x00401670'
Msg   | src/boomerang/decomp/ProcDecompiler.cpp | Decompiling procedure 'proc_0x00401670'
Msg   | src/boomerang/decomp/ProcDecompiler.cpp | Finished decompile of 'proc_0x00401670'
Msg   | src/boomerang/decomp/ProcDecompiler.cpp | Decompiling procedure 'proc_0x004016b0'
Msg   | src/boomerang/decomp/ProcDecompiler.cpp | Finished decompile of 'proc_0x004016b0'
Msg   | src/boomerang/decomp/ProcDecompiler.cpp | Decompiling procedure 'proc_0x00401530'
Msg   | src/boomerang/decomp/ProcDecompiler.cpp | Finished decompile of 'proc_0x00401530'
Msg   | src/boomerang/decomp/ProcDecompiler.cpp | Decompiling procedure 'proc_0x00401470'
Msg   | src/boomerang/decomp/ProcDecompiler.cpp | Finished decompile of 'proc_0x00401470'
Msg   | src/boomerang/decomp/ProcDecompiler.cpp | Decompiling procedure '_start'
Msg   | src/boomerang/decomp/ProcDecompiler.cpp | Finished decompile of '_start'
Msg   | src/boomerang/decomp/ProgDecompiler.cpp | Performing global type analysis...
Msg   | src/boomerang/decomp/ProgDecompiler.cpp | Removing unused returns...
Msg   | src/boomerang/decomp/ProgDecompiler.cpp | Removing unused returns...
Msg   | src/boomerang/decomp/ProgDecompiler.cpp | Performing global type analysis...
Msg   | src/boomerang/decomp/ProgDecompiler.cpp | Transforming from SSA form...
Error | src/boomerang/visitor/expmodifier/ExpSS | Could not find local or parameter for r25{4}!!
Error | src/boomerang/visitor/expmodifier/ExpSS | Could not find local or parameter for r26{4}!!
Error | src/boomerang/visitor/expmodifier/ExpSS | Could not find local or parameter for r25{11}!!
Error | src/boomerang/visitor/expmodifier/ExpSS | Could not find local or parameter for r26{11}!!
Error | src/boomerang/visitor/expmodifier/ExpSS | Could not find local or parameter for r25{18}!!
Error | src/boomerang/visitor/expmodifier/ExpSS | Could not find local or parameter for r26{18}!!
Warn  | src/boomerang/visitor/stmtmodifier/Stmt | Forcing type of local 'eax' from 'unsigned int' to '__size32' due to library constraints
Error | src/boomerang/visitor/expmodifier/ExpSS | Could not find local or parameter for r25{4}!!
Error | src/boomerang/visitor/expmodifier/ExpSS | Could not find local or parameter for r26{4}!!
Warn  | src/boomerang/visitor/stmtmodifier/Stmt | Forcing type of local 'esp' from '__size32' to 'void' due to library constraints
Error | src/boomerang/visitor/expmodifier/ExpSS | Could not find local or parameter for r25{6}!!
Error | src/boomerang/visitor/expmodifier/ExpSS | Could not find local or parameter for r26{6}!!
Error | src/boomerang/visitor/expmodifier/ExpSS | Could not find local or parameter for <all>{6}!!
Error | src/boomerang/visitor/expmodifier/ExpSS | Could not find local or parameter for tmp1{6}!!
Error | src/boomerang/visitor/expmodifier/ExpSS | Could not find local or parameter for %flags{6}!!
Error | src/boomerang/visitor/expmodifier/ExpSS | Could not find local or parameter for %ZF{6}!!
Error | src/boomerang/visitor/expmodifier/ExpSS | Could not find local or parameter for %CF{6}!!
Error | src/boomerang/visitor/expmodifier/ExpSS | Could not find local or parameter for r25{32}!!
Error | src/boomerang/visitor/expmodifier/ExpSS | Could not find local or parameter for r26{32}!!
Warn  | src/boomerang/visitor/stmtmodifier/Stmt | Forcing type of local 'esp' from '__size32' to 'void' due to library constraints
Error | src/boomerang/visitor/expmodifier/ExpSS | Could not find local or parameter for r26{32}!!
Error | src/boomerang/visitor/expmodifier/ExpSS | Could not find local or parameter for r25{38}!!
Error | src/boomerang/visitor/expmodifier/ExpSS | Could not find local or parameter for r26{38}!!
Error | src/boomerang/visitor/expmodifier/ExpSS | Could not find local or parameter for r25{0}!!
Error | src/boomerang/visitor/expmodifier/ExpSS | Could not find local or parameter for r26{0}!!
Error | src/boomerang/visitor/expmodifier/ExpSS | Could not find local or parameter for m[esp - 12]{0}!!
Error | src/boomerang/visitor/expmodifier/ExpSS | Could not find local or parameter for m[esp - 20]{0}!!
Error | src/boomerang/visitor/expmodifier/ExpSS | Could not find local or parameter for tmp1{0}!!
Error | src/boomerang/visitor/expmodifier/ExpSS | Could not find local or parameter for %flags{0}!!
Error | src/boomerang/visitor/expmodifier/ExpSS | Could not find local or parameter for %ZF{0}!!
Error | src/boomerang/visitor/expmodifier/ExpSS | Could not find local or parameter for %CF{0}!!
Error | src/boomerang/visitor/expmodifier/ExpSS | Could not find local or parameter for r25{44}!!
Error | src/boomerang/visitor/expmodifier/ExpSS | Could not find local or parameter for r26{44}!!
Error | src/boomerang/visitor/expmodifier/ExpSS | Could not find local or parameter for r24{1}!!
Error | src/boomerang/visitor/expmodifier/ExpSS | Could not find local or parameter for r25{1}!!
Error | src/boomerang/visitor/expmodifier/ExpSS | Could not find local or parameter for r26{1}!!
Error | src/boomerang/visitor/expmodifier/ExpSS | Could not find local or parameter for r24{1}!!
Error | src/boomerang/visitor/expmodifier/ExpSS | Could not find local or parameter for r25{1}!!
Error | src/boomerang/visitor/expmodifier/ExpSS | Could not find local or parameter for r26{1}!!
Error | src/boomerang/visitor/expmodifier/ExpSS | Could not find local or parameter for r29{0}!!
Error | src/boomerang/visitor/expmodifier/ExpSS | Could not find local or parameter for r29{0}!!
Error | src/boomerang/visitor/expmodifier/ExpSS | Could not find local or parameter for r26{0}!!
Error | src/boomerang/visitor/expmodifier/ExpSS | Could not find local or parameter for r27{0}!!
Error | src/boomerang/visitor/expmodifier/ExpSS | Could not find local or parameter for r29{0}!!
Error | src/boomerang/visitor/expmodifier/ExpSS | Could not find local or parameter for r30{0}!!
Error | src/boomerang/visitor/expmodifier/ExpSS | Could not find local or parameter for r31{0}!!
Error | src/boomerang/visitor/expmodifier/ExpSS | Could not find local or parameter for r29{0}!!
Error | src/boomerang/visitor/expmodifier/ExpSS | Could not find local or parameter for r30{0}!!
Error | src/boomerang/visitor/expmodifier/ExpSS | Could not find local or parameter for r27{0}!!
Error | src/boomerang/visitor/expmodifier/ExpSS | Could not find local or parameter for tmp1{0}!!
Error | src/boomerang/visitor/expmodifier/ExpSS | Could not find local or parameter for %flags{0}!!
Error | src/boomerang/visitor/expmodifier/ExpSS | Could not find local or parameter for %ZF{0}!!
Error | src/boomerang/visitor/expmodifier/ExpSS | Could not find local or parameter for %CF{0}!!
Msg   | src/boomerang/decomp/ProgDecompiler.cpp | Removing unused global variables...
Msg   | src/boomerang/decomp/ProgDecompiler.cpp | Decompilation finished.
Msg   | src/boomerang/core/Project.cpp          | Generating code...
Msg   | src/boomerang/codegen/CCodeGenerator.cp | Found seq with more than one outedge!
Msg   | src/boomerang/codegen/CCodeGenerator.cp | Taken branch is first out edge
Warn  | src/boomerang/codegen/CCodeGenerator.cp | No out edge for BB at address 0x0040100f, in proc _start
Msg   | src/boomerang-cli/CommandlineDriver.cpp | Output written to '_output'
Msg   | src/boomerang-cli/CommandlineDriver.cpp | Completed in some time
