
Database SUBJECTS/from_holdec/int_math_with_constants/x64_elf_gcc_O0/subject.exe.i64 already exists.
Do you want to overwrite it? -> ~L~oad existing
IDA has found an unpacked version of database: SUBJECTS/from_holdec/int_math_with_constants/x64_elf_gcc_O0/subject.exe.i64
on the disk.
It appears IDA did not close properly;
it is probably safer to restart your work from the packed database -> ~R~estore packed base

  bytes   pages size description
--------- ----- ---- --------------------------------------------
  7454720   910 8192 allocating memory for b-tree...
  5283840   645 8192 allocating memory for virtual array...
   262144    32 8192 allocating memory for name pointers...
-----------------------------------------------------------------
 13000704            total memory allocated

Loading processor module IDADIR/procs/pc64.so for metapc...Initializing processor module metapc...OK
Loading type libraries...
Autoanalysis subsystem has been initialized.
Database for file 'subject.exe' has been loaded.
Hex-Rays Decompiler plugin has been loaded (v7.6.0.210427)
  The hotkeys are F5: decompile, Ctrl-F5: decompile all.

  Please check the Edit/Plugins menu for more informaton.
=== start of cleanup script -> OK
  function at 00400390  LIB  with name '.init_proc'
  function at 004003B0  LIB  with name '_start'
  function at 004003E0  LIB  with name 'deregister_tm_clones'
  function at 00400420  LIB  with name 'register_tm_clones'
  function at 00400460  LIB  with name '__do_global_dtors_aux'
  function at 00400480  LIB  with name 'frame_dummy'
  function at 004004A6       with name 'signed_char_add'
  function at 004044A1       with name 'signed_char_mult'
  function at 00409D20       with name 'signed_char_div'
  function at 00413A51       with name 'signed_char_modulo'
  function at 004200E2       with name 'unsigned_char_add'
  function at 004240DD       with name 'unsigned_char_mult'
  function at 004296E4       with name 'unsigned_char_div'
  function at 00432693       with name 'unsigned_char_modulo'
  function at 0043E19E       with name 'signed_short_add'
  function at 00442926       with name 'signed_short_mult'
  function at 00447DEF       with name 'signed_short_div'
  function at 004517EE       with name 'signed_short_modulo'
  function at 0045EA9A       with name 'unsigned_short_add'
  function at 00463222       with name 'unsigned_short_mult'
  function at 0046850F       with name 'unsigned_short_div'
  function at 004703DF       with name 'unsigned_short_modulo'
  function at 0047B1CA       with name 'signed_int_add'
  function at 0047F4D1       with name 'signed_int_mult'
  function at 00483C4B       with name 'signed_int_div'
  function at 0048C791       with name 'signed_int_modulo'
  function at 004979F2       with name 'unsigned_int_add'
  function at 0049BCF9       with name 'unsigned_int_mult'
  function at 004A0473       with name 'unsigned_int_div'
  function at 004A6BCA       with name 'unsigned_int_modulo'
  function at 004B006E       with name 'signed_long_int_add'
  function at 004B4F75       with name 'signed_long_int_mult'
  function at 004BAD2E       with name 'signed_long_int_div'
  function at 004C713F       with name 'signed_long_int_modulo'
  function at 004D6FD8       with name 'unsigned_long_int_add'
  function at 004DBEDF       with name 'unsigned_long_int_mult'
  function at 004E1C98       with name 'unsigned_long_int_div'
  function at 004EAFAE       with name 'unsigned_long_int_modulo'
  function at 004F87BE       with name 'signed_long_long_add'
  function at 004FD6C5       with name 'signed_long_long_mult'
  function at 0050347E       with name 'signed_long_long_div'
  function at 0050F88F       with name 'signed_long_long_modulo'
  function at 0051F728       with name 'unsigned_long_long_add'
  function at 0052462F       with name 'unsigned_long_long_mult'
  function at 0052A3E8       with name 'unsigned_long_long_div'
  function at 005336FE       with name 'unsigned_long_long_modulo'
  function at 00540F0E       with name 'main'
  function at 005410B0  LIB  with name '__libc_csu_init'
  function at 00541120  LIB  with name '__libc_csu_fini'
  function at 00541124  LIB  with name '.term_proc'
  function at 00759048  LIB  with name '__libc_start_main'
  function at 00759050       with name '__gmon_start__'
finished -> OK
TIMESTAMP decompiling 4004A6 size=0000000000003FFB times=0...
TIMESTAMP decompiling 4044A1 size=000000000000587F times=0...
TIMESTAMP decompiling 409D20 size=0000000000009D31 times=0...
TIMESTAMP decompiling 413A51 size=000000000000C691 times=0...
TIMESTAMP decompiling 4200E2 size=0000000000003FFB times=0...
TIMESTAMP decompiling 4240DD size=0000000000005607 times=0...
TIMESTAMP decompiling 4296E4 size=0000000000008FAF times=0...
TIMESTAMP decompiling 432693 size=000000000000BB0B times=0...
TIMESTAMP decompiling 43E19E size=0000000000004788 times=0...
TIMESTAMP decompiling 442926 size=00000000000054C9 times=0...
TIMESTAMP decompiling 447DEF size=00000000000099FF times=0...
TIMESTAMP decompiling 4517EE size=000000000000D2AC times=0...
TIMESTAMP decompiling 45EA9A size=0000000000004788 times=0...
TIMESTAMP decompiling 463222 size=00000000000052ED times=0...
TIMESTAMP decompiling 46850F size=0000000000007ED0 times=0...
TIMESTAMP decompiling 4703DF size=000000000000ADEB times=0...
TIMESTAMP decompiling 47B1CA size=0000000000004307 times=0...
TIMESTAMP decompiling 47F4D1 size=000000000000477A times=0...
TIMESTAMP decompiling 483C4B size=0000000000008B46 times=0...
TIMESTAMP decompiling 48C791 size=000000000000B261 times=0...
TIMESTAMP decompiling 4979F2 size=0000000000004307 times=0...
TIMESTAMP decompiling 49BCF9 size=000000000000477A times=0...
TIMESTAMP decompiling 4A0473 size=0000000000006757 times=0...
TIMESTAMP decompiling 4A6BCA size=00000000000094A4 times=0...
TIMESTAMP decompiling 4B006E size=0000000000004F07 times=0...
TIMESTAMP decompiling 4B4F75 size=0000000000005DB9 times=0...
TIMESTAMP decompiling 4BAD2E size=000000000000C411 times=0...
TIMESTAMP decompiling 4C713F size=000000000000FE99 times=0...
TIMESTAMP decompiling 4D6FD8 size=0000000000004F07 times=0...
TIMESTAMP decompiling 4DBEDF size=0000000000005DB9 times=0...
TIMESTAMP decompiling 4E1C98 size=0000000000009316 times=0...
TIMESTAMP decompiling 4EAFAE size=000000000000D810 times=0...
TIMESTAMP decompiling 4F87BE size=0000000000004F07 times=0...
TIMESTAMP decompiling 4FD6C5 size=0000000000005DB9 times=0...
TIMESTAMP decompiling 50347E size=000000000000C411 times=0...
