Analyzing './from_pouet.net/with_source_354/ia32_pe/subject.exe' as a x86 32 PECOFF binary file.

0 Procs, 0 Labels, 0 Branches, 0 MB used, 0 / 0 kB covered
Matching signatures...
0 Procs, 0 Labels, 0 Branches, 0 MB used, 0 / 0 kB covered
0 Procs, 0 Labels, 0 Branches, 0 MB used, 0 / 0 kB covered
Separating code and data...
0 Procs, 0 Labels, 0 Branches, 0 MB used, 0 / 0 kB covered
0 Procs, 17 Labels, 24 Branches, 0 MB used, 0 / 0 kB covered
0 Procs, 17 Labels, 24 Branches, 0 MB used, 0 / 0 kB covered
0 Procs, 17 Labels, 24 Branches, 0 MB used, 0 / 0 kB covered
0 Procs, 17 Labels, 24 Branches, 0 MB used, 0 / 0 kB covered
0 Procs, 17 Labels, 24 Branches, 0 MB used, 0 / 0 kB covered
0 Procs, 17 Labels, 24 Branches, 0 MB used, 0 / 0 kB covered
0 Procs, 17 Labels, 24 Branches, 0 MB used, 0 / 0 kB covered
0 Procs, 17 Labels, 24 Branches, 0 MB used, 0 / 0 kB covered
0 Procs, 17 Labels, 24 Branches, 0 MB used, 0 / 0 kB covered
0 Procs, 17 Labels, 24 Branches, 0 MB used, 0 / 0 kB covered
9 Procs, 17 Labels, 24 Branches, 0 MB used, 0 / 0 kB covered
9 Procs, 17 Labels, 24 Branches, 0 MB used, 0 / 0 kB covered
9 Procs, 17 Labels, 24 Branches, 0 MB used, 0 / 0 kB covered
9 Procs, 17 Labels, 24 Branches, 0 MB used, 0 / 0 kB covered
9 Procs, 17 Labels, 24 Branches, 0 MB used, 0 / 0 kB covered
9 Procs, 17 Labels, 24 Branches, 0 MB used, 0 / 0 kB covered
9 Procs, 17 Labels, 24 Branches, 0 MB used, 0 / 0 kB covered
9 Procs, 17 Labels, 24 Branches, 0 MB used, 0 / 0 kB covered
9 Procs, 17 Labels, 24 Branches, 0 MB used, 0 / 0 kB covered
9 Procs, 17 Labels, 24 Branches, 0 MB used, 0 / 0 kB covered
9 Procs, 17 Labels, 24 Branches, 0 MB used, 0 / 0 kB covered
9 Procs, 17 Labels, 24 Branches, 0 MB used, 0 / 0 kB covered
Resolving indirect jumps...
9 Procs, 17 Labels, 24 Branches, 0 MB used, 0 / 0 kB covered
9 Procs, 17 Labels, 24 Branches, 0 MB used, 0 / 0 kB covered
Resolving constants and strings...
9 Procs, 17 Labels, 24 Branches, 0 MB used, 0 / 0 kB covered
Discovering unreached functions...
9 Procs, 17 Labels, 24 Branches, 0 MB used, 0 / 0 kB covered
Computing call tree...
9 Procs, 17 Labels, 24 Branches, 0 MB used, 0 / 0 kB covered
Computing calling conventions...
9 Procs, 17 Labels, 24 Branches, 0 MB used, 0 / 0 kB covered
Computing Calling Convention: 1/9  0x004010C4
Computing Calling Convention: 2/9  0x004010CA
Computing Calling Convention: 3/9  0x004010D0
Computing Calling Convention: 4/9  0x004010D6
Computing Calling Convention: 5/9  0x004010DC
Computing Calling Convention: 6/9  0x004010E2
Computing Calling Convention: 7/9  0x004010E8
Computing Calling Convention: 8/9  0x004010EE
Computing Calling Convention: 9/9  0x004010F4
File analysis complete.
9 Procs, 17 Labels, 24 Branches, 0 MB used, 0 / 0 kB covered

Decompiling 1/9: 0x004010C4
Decompiling 2/9: 0x004010CA
Decompiling 3/9: 0x004010D0
Decompiling 4/9: 0x004010D6
Decompiling 5/9: 0x004010DC
Decompiling 6/9: 0x004010E2
Decompiling 7/9: 0x004010E8
Decompiling 8/9: 0x004010EE
Decompiling 9/9: 0x004010F4
Decompiling 9/9: 0x004010F4
