dcc: Failed to construct repeat..until() condition.
dcc: Failed to construct repeat..until() condition.
Main could not be located!
Model: x
Warning - compiler not recognised
Signature file: dccxxx.sig
Warning: cannot open signature file /root/dcc/sigs/dccxxx.sig
dcc: Writing C beta file from_pouet.net/with_source_112/ia32_com//subject.b

Statistics - Subroutine start
Number of Icode instructions:
  Low-level :   34
  High-level:   21
  Percentage reduction: 38.24%
dcc: Finished writing C beta file

Call Graph:
start

Final Program Statistics
  Total number of low-level Icodes : 34
  Total number of high-level Icodes: 21
  Total reduction of instructions  : 38.24%
