Analyzing './from_decompile-it.com/shor/ia32_elf_from_website/subject.exe' as a x86 32 ELF binary file.

0 Procs, 0 Labels, 0 Branches, 0 / 0 kB covered
./from_decompile-it.com/shor/ia32_elf_from_website/subject.exe: 38 sections starting at 0x000194B4
./from_decompile-it.com/shor/ia32_elf_from_website/subject.exe: section string table at 0x00019A2C, 0x151 bytes
 Offset:  [ix]  Address    Size    Offset  Name
000194B4: [ 0] 00000000 00000000 00000000 
000194DC: [ 1] 08048134 00000013 00000134 .interp
00019504: [ 2] 08048148 00000020 00000148 .note.ABI-tag
0001952C: [ 3] 08048168 000000E0 00000168 .hash
00019554: [ 4] 08048248 0000002C 00000248 .gnu.hash
0001957C: [ 5] 08048274 00000250 00000274 .dynsym
000195A4: [ 6] 080484C4 0000014B 000004C4 .dynstr
000195CC: [ 7] 08048610 0000004A 00000610 .gnu.version
000195F4: [ 8] 0804865C 00000070 0000065C .gnu.version_r
0001961C: [ 9] 080486CC 00000018 000006CC .rel.dyn
00019644: [10] 080486E4 00000100 000006E4 .rel.plt
0001966C: [11] 080487E4 00000030 000007E4 .init
00019694: [12] 08048814 00000210 00000814 .plt
000196BC: [13] 08048A30 0000B81C 00000A30 .text
000196E4: [14] 0805424C 0000001C 0000C24C .fini
0001970C: [15] 08054270 00000374 0000C270 .rodata
00019734: [16] 080545E4 00000004 0000C5E4 .eh_frame
0001975C: [17] 08055F00 00000008 0000CF00 .ctors
00019784: [18] 08055F08 00000008 0000CF08 .dtors
000197AC: [19] 08055F10 00000004 0000CF10 .jcr
000197D4: [20] 08055F14 000000D8 0000CF14 .dynamic
000197FC: [21] 08055FEC 00000008 0000CFEC .got
00019824: [22] 08055FF4 0000008C 0000CFF4 .got.plt
0001984C: [23] 08056080 0000000C 0000D080 .data
00019874: [24] 080560A0 00000064 0000D08C .bss
0001989C: [25] 00000000 00000414 0000D08C .comment
000198C4: [26] 00000000 000002B0 0000D4A0 .debug_aranges
000198EC: [27] 00000000 00000B91 0000D750 .debug_pubnames
00019914: [28] 00000000 00004FC8 0000E2E1 .debug_info
0001993C: [29] 00000000 000012BD 000132A9 .debug_abbrev
00019964: [30] 00000000 000014F8 00014566 .debug_line
0001998C: [31] 00000000 00001074 00015A60 .debug_frame
000199B4: [32] 00000000 00000F1C 00016AD4 .debug_str
000199DC: [33] 00000000 0000192F 000179F0 .debug_loc
00019A04: [34] 00000000 00000040 00019320 .debug_ranges
00019A2C: [35] 00000000 00000151 00019360 .shstrtab
00019A54: [36] 00000000 00001220 00019AA4 .symtab
00019A7C: [37] 00000000 00000E0D 0001ACC4 .strtab
Matching signatures...
0 Procs, 0 Labels, 0 Branches, 0 / 49 kB covered
0 Procs, 0 Labels, 0 Branches, 0 / 49 kB covered
Separating code and data...
0 Procs, 0 Labels, 0 Branches, 0 / 49 kB covered
0 Procs, 17 Labels, 15 Branches, 0 / 49 kB covered
0 Procs, 17 Labels, 15 Branches, 0 / 49 kB covered
0 Procs, 26 Labels, 22 Branches, 0 / 49 kB covered
0 Procs, 27 Labels, 22 Branches, 0 / 49 kB covered
0 Procs, 27 Labels, 22 Branches, 0 / 49 kB covered
0 Procs, 32 Labels, 25 Branches, 0 / 49 kB covered
0 Procs, 36 Labels, 28 Branches, 0 / 49 kB covered
0 Procs, 40 Labels, 31 Branches, 0 / 49 kB covered
0 Procs, 44 Labels, 34 Branches, 0 / 49 kB covered
0 Procs, 48 Labels, 37 Branches, 0 / 49 kB covered
0 Procs, 220 Labels, 171 Branches, 0 / 49 kB covered
0 Procs, 220 Labels, 171 Branches, 0 / 49 kB covered
0 Procs, 220 Labels, 171 Branches, 0 / 49 kB covered
0 Procs, 222 Labels, 176 Branches, 0 / 49 kB covered
0 Procs, 222 Labels, 176 Branches, 0 / 49 kB covered
0 Procs, 400 Labels, 311 Branches, 0 / 49 kB covered
0 Procs, 401 Labels, 312 Branches, 0 / 49 kB covered
0 Procs, 406 Labels, 316 Branches, 0 / 49 kB covered
0 Procs, 1074 Labels, 1049 Branches, 0 / 49 kB covered
0 Procs, 1082 Labels, 1059 Branches, 0 / 49 kB covered
0 Procs, 1083 Labels, 1061 Branches, 0 / 49 kB covered
0 Procs, 1101 Labels, 1084 Branches, 0 / 49 kB covered
0 Procs, 1101 Labels, 1084 Branches, 0 / 49 kB covered
0 Procs, 1101 Labels, 1084 Branches, 0 / 49 kB covered
0 Procs, 1101 Labels, 1084 Branches, 0 / 49 kB covered
0 Procs, 1141 Labels, 1126 Branches, 0 / 49 kB covered
0 Procs, 1141 Labels, 1126 Branches, 0 / 49 kB covered
0 Procs, 1141 Labels, 1126 Branches, 0 / 49 kB covered
0 Procs, 1141 Labels, 1126 Branches, 0 / 49 kB covered
0 Procs, 1141 Labels, 1126 Branches, 0 / 49 kB covered
0 Procs, 1157 Labels, 1145 Branches, 0 / 49 kB covered
0 Procs, 1163 Labels, 1156 Branches, 0 / 49 kB covered
0 Procs, 1212 Labels, 1207 Branches, 0 / 49 kB covered
0 Procs, 1212 Labels, 1207 Branches, 0 / 49 kB covered
0 Procs, 1212 Labels, 1207 Branches, 0 / 49 kB covered
0 Procs, 1212 Labels, 1207 Branches, 0 / 49 kB covered
0 Procs, 1213 Labels, 1207 Branches, 0 / 49 kB covered
0 Procs, 1213 Labels, 1207 Branches, 0 / 49 kB covered
0 Procs, 1213 Labels, 1207 Branches, 0 / 49 kB covered
0 Procs, 1233 Labels, 1226 Branches, 0 / 49 kB covered
0 Procs, 1233 Labels, 1226 Branches, 0 / 49 kB covered
0 Procs, 1245 Labels, 1238 Branches, 0 / 49 kB covered
0 Procs, 1245 Labels, 1238 Branches, 0 / 49 kB covered
0 Procs, 1245 Labels, 1238 Branches, 0 / 49 kB covered
0 Procs, 1245 Labels, 1238 Branches, 0 / 49 kB covered
0 Procs, 1245 Labels, 1238 Branches, 0 / 49 kB covered
0 Procs, 1245 Labels, 1238 Branches, 0 / 49 kB covered
0 Procs, 1245 Labels, 1238 Branches, 0 / 49 kB covered
0 Procs, 1245 Labels, 1238 Branches, 0 / 49 kB covered
0 Procs, 1245 Labels, 1238 Branches, 0 / 49 kB covered
0 Procs, 1245 Labels, 1238 Branches, 0 / 49 kB covered
0 Procs, 1245 Labels, 1238 Branches, 0 / 49 kB covered
0 Procs, 1245 Labels, 1238 Branches, 0 / 49 kB covered
0 Procs, 1318 Labels, 1305 Branches, 0 / 49 kB covered
0 Procs, 1318 Labels, 1305 Branches, 0 / 49 kB covered
0 Procs, 1318 Labels, 1305 Branches, 0 / 49 kB covered
0 Procs, 1322 Labels, 1309 Branches, 0 / 49 kB covered
0 Procs, 1325 Labels, 1321 Branches, 0 / 49 kB covered
0 Procs, 1328 Labels, 1331 Branches, 0 / 49 kB covered
0 Procs, 1339 Labels, 1343 Branches, 0 / 49 kB covered
0 Procs, 1345 Labels, 1351 Branches, 0 / 49 kB covered
0 Procs, 1355 Labels, 1361 Branches, 0 / 49 kB covered
0 Procs, 1372 Labels, 1375 Branches, 0 / 49 kB covered
0 Procs, 1387 Labels, 1387 Branches, 0 / 49 kB covered
0 Procs, 1399 Labels, 1399 Branches, 0 / 49 kB covered
0 Procs, 1399 Labels, 1399 Branches, 0 / 49 kB covered
0 Procs, 1399 Labels, 1399 Branches, 0 / 49 kB covered
0 Procs, 1399 Labels, 1399 Branches, 0 / 49 kB covered
0 Procs, 1399 Labels, 1399 Branches, 0 / 49 kB covered
0 Procs, 1399 Labels, 1399 Branches, 0 / 49 kB covered
0 Procs, 1399 Labels, 1399 Branches, 0 / 49 kB covered
0 Procs, 1399 Labels, 1399 Branches, 0 / 49 kB covered
0 Procs, 1410 Labels, 1410 Branches, 0 / 49 kB covered
0 Procs, 1410 Labels, 1410 Branches, 0 / 49 kB covered
0 Procs, 1418 Labels, 1420 Branches, 0 / 49 kB covered
0 Procs, 1418 Labels, 1420 Branches, 0 / 49 kB covered
0 Procs, 1418 Labels, 1420 Branches, 0 / 49 kB covered
0 Procs, 1418 Labels, 1420 Branches, 0 / 49 kB covered
0 Procs, 1418 Labels, 1420 Branches, 0 / 49 kB covered
0 Procs, 1454 Labels, 1456 Branches, 0 / 49 kB covered
0 Procs, 1454 Labels, 1456 Branches, 0 / 49 kB covered
0 Procs, 1454 Labels, 1456 Branches, 0 / 49 kB covered
0 Procs, 1454 Labels, 1456 Branches, 0 / 49 kB covered
0 Procs, 1454 Labels, 1456 Branches, 0 / 49 kB covered
0 Procs, 1454 Labels, 1456 Branches, 0 / 49 kB covered
0 Procs, 1454 Labels, 1456 Branches, 0 / 49 kB covered
0 Procs, 1454 Labels, 1456 Branches, 0 / 49 kB covered
0 Procs, 1454 Labels, 1456 Branches, 0 / 49 kB covered
0 Procs, 1454 Labels, 1456 Branches, 0 / 49 kB covered
0 Procs, 1454 Labels, 1456 Branches, 0 / 49 kB covered
0 Procs, 1454 Labels, 1456 Branches, 0 / 49 kB covered
0 Procs, 1454 Labels, 1456 Branches, 0 / 49 kB covered
0 Procs, 1454 Labels, 1456 Branches, 0 / 49 kB covered
0 Procs, 1460 Labels, 1460 Branches, 0 / 49 kB covered
0 Procs, 1464 Labels, 1463 Branches, 0 / 49 kB covered
0 Procs, 1465 Labels, 1464 Branches, 0 / 49 kB covered
0 Procs, 1468 Labels, 1469 Branches, 0 / 49 kB covered
0 Procs, 1468 Labels, 1472 Branches, 0 / 49 kB covered
0 Procs, 1468 Labels, 1472 Branches, 0 / 49 kB covered
0 Procs, 1482 Labels, 1485 Branches, 0 / 49 kB covered
0 Procs, 1483 Labels, 1486 Branches, 0 / 49 kB covered
0 Procs, 1484 Labels, 1489 Branches, 0 / 49 kB covered
0 Procs, 1566 Labels, 1612 Branches, 0 / 49 kB covered
0 Procs, 1566 Labels, 1612 Branches, 0 / 49 kB covered
0 Procs, 1566 Labels, 1612 Branches, 0 / 49 kB covered
0 Procs, 1566 Labels, 1612 Branches, 0 / 49 kB covered
0 Procs, 1566 Labels, 1612 Branches, 0 / 49 kB covered
0 Procs, 1566 Labels, 1612 Branches, 0 / 49 kB covered
0 Procs, 1566 Labels, 1612 Branches, 0 / 49 kB covered
0 Procs, 1566 Labels, 1612 Branches, 0 / 49 kB covered
0 Procs, 1566 Labels, 1612 Branches, 0 / 49 kB covered
0 Procs, 1566 Labels, 1612 Branches, 0 / 49 kB covered
0 Procs, 1566 Labels, 1612 Branches, 0 / 49 kB covered
0 Procs, 1566 Labels, 1612 Branches, 0 / 49 kB covered
0 Procs, 1566 Labels, 1612 Branches, 0 / 49 kB covered
0 Procs, 1574 Labels, 1619 Branches, 0 / 49 kB covered
0 Procs, 1581 Labels, 1626 Branches, 0 / 49 kB covered
0 Procs, 1753 Labels, 1821 Branches, 0 / 49 kB covered
0 Procs, 1770 Labels, 1846 Branches, 0 / 49 kB covered
0 Procs, 1770 Labels, 1846 Branches, 0 / 49 kB covered
0 Procs, 1770 Labels, 1846 Branches, 0 / 49 kB covered
0 Procs, 1793 Labels, 1869 Branches, 0 / 49 kB covered
0 Procs, 1793 Labels, 1869 Branches, 0 / 49 kB covered
0 Procs, 1796 Labels, 1874 Branches, 0 / 49 kB covered
0 Procs, 1799 Labels, 1878 Branches, 0 / 49 kB covered
0 Procs, 1799 Labels, 1878 Branches, 0 / 49 kB covered
0 Procs, 1799 Labels, 1878 Branches, 0 / 49 kB covered
0 Procs, 1799 Labels, 1878 Branches, 0 / 49 kB covered
0 Procs, 1799 Labels, 1878 Branches, 0 / 49 kB covered
0 Procs, 1811 Labels, 1894 Branches, 0 / 49 kB covered
0 Procs, 1811 Labels, 1894 Branches, 0 / 49 kB covered
0 Procs, 1811 Labels, 1894 Branches, 0 / 49 kB covered
0 Procs, 1811 Labels, 1894 Branches, 0 / 49 kB covered
0 Procs, 1815 Labels, 1898 Branches, 0 / 49 kB covered
0 Procs, 1821 Labels, 1902 Branches, 0 / 49 kB covered
0 Procs, 1827 Labels, 1907 Branches, 0 / 49 kB covered
0 Procs, 1839 Labels, 1922 Branches, 0 / 49 kB covered
0 Procs, 1839 Labels, 1922 Branches, 0 / 49 kB covered
0 Procs, 1839 Labels, 1922 Branches, 0 / 49 kB covered
0 Procs, 1839 Labels, 1922 Branches, 0 / 49 kB covered
0 Procs, 1839 Labels, 1922 Branches, 0 / 49 kB covered
0 Procs, 1839 Labels, 1922 Branches, 0 / 49 kB covered
0 Procs, 1839 Labels, 1922 Branches, 0 / 49 kB covered
0 Procs, 1839 Labels, 1922 Branches, 0 / 49 kB covered
0 Procs, 1839 Labels, 1922 Branches, 0 / 49 kB covered
0 Procs, 1839 Labels, 1922 Branches, 0 / 49 kB covered
0 Procs, 1839 Labels, 1922 Branches, 0 / 49 kB covered
0 Procs, 1839 Labels, 1922 Branches, 0 / 49 kB covered
0 Procs, 1846 Labels, 1933 Branches, 0 / 49 kB covered
0 Procs, 1887 Labels, 2001 Branches, 0 / 49 kB covered
0 Procs, 1889 Labels, 2002 Branches, 0 / 49 kB covered
0 Procs, 1889 Labels, 2002 Branches, 0 / 49 kB covered
0 Procs, 1889 Labels, 2002 Branches, 0 / 49 kB covered
0 Procs, 1889 Labels, 2002 Branches, 0 / 49 kB covered
0 Procs, 1889 Labels, 2002 Branches, 0 / 49 kB covered
0 Procs, 1889 Labels, 2002 Branches, 0 / 49 kB covered
0 Procs, 1889 Labels, 2002 Branches, 0 / 49 kB covered
0 Procs, 1891 Labels, 2003 Branches, 0 / 49 kB covered
0 Procs, 1896 Labels, 2009 Branches, 0 / 49 kB covered
0 Procs, 1896 Labels, 2009 Branches, 0 / 49 kB covered
0 Procs, 1896 Labels, 2009 Branches, 0 / 49 kB covered
0 Procs, 1899 Labels, 2012 Branches, 0 / 49 kB covered
195 Procs, 1899 Labels, 2012 Branches, 0 / 49 kB covered
195 Procs, 1899 Labels, 2012 Branches, 0 / 49 kB covered
195 Procs, 1899 Labels, 2012 Branches, 0 / 49 kB covered
195 Procs, 1899 Labels, 2012 Branches, 0 / 49 kB covered
195 Procs, 1899 Labels, 2012 Branches, 0 / 49 kB covered
195 Procs, 1899 Labels, 2012 Branches, 0 / 49 kB covered
195 Procs, 1899 Labels, 2012 Branches, 0 / 49 kB covered
195 Procs, 1899 Labels, 2012 Branches, 0 / 49 kB covered
195 Procs, 1899 Labels, 2012 Branches, 0 / 49 kB covered
195 Procs, 1899 Labels, 2012 Branches, 0 / 49 kB covered
195 Procs, 1899 Labels, 2012 Branches, 0 / 49 kB covered
195 Procs, 1899 Labels, 2012 Branches, 0 / 49 kB covered
195 Procs, 1899 Labels, 2012 Branches, 0 / 49 kB covered
195 Procs, 1899 Labels, 2012 Branches, 0 / 49 kB covered
195 Procs, 1899 Labels, 2012 Branches, 0 / 49 kB covered
195 Procs, 1899 Labels, 2012 Branches, 0 / 49 kB covered
195 Procs, 1899 Labels, 2012 Branches, 0 / 49 kB covered
195 Procs, 1899 Labels, 2012 Branches, 0 / 49 kB covered
195 Procs, 1899 Labels, 2012 Branches, 0 / 49 kB covered
195 Procs, 1899 Labels, 2012 Branches, 0 / 49 kB covered
195 Procs, 1899 Labels, 2012 Branches, 0 / 49 kB covered
195 Procs, 1899 Labels, 2012 Branches, 0 / 49 kB covered
195 Procs, 1899 Labels, 2012 Branches, 0 / 49 kB covered
195 Procs, 1899 Labels, 2012 Branches, 0 / 49 kB covered
195 Procs, 1899 Labels, 2012 Branches, 0 / 49 kB covered
195 Procs, 1899 Labels, 2012 Branches, 0 / 49 kB covered
195 Procs, 1899 Labels, 2012 Branches, 0 / 49 kB covered
195 Procs, 1899 Labels, 2012 Branches, 0 / 49 kB covered
195 Procs, 1899 Labels, 2012 Branches, 0 / 49 kB covered
195 Procs, 1899 Labels, 2012 Branches, 0 / 49 kB covered
195 Procs, 1899 Labels, 2012 Branches, 0 / 49 kB covered
195 Procs, 1899 Labels, 2012 Branches, 0 / 49 kB covered
195 Procs, 1899 Labels, 2012 Branches, 0 / 49 kB covered
195 Procs, 1899 Labels, 2012 Branches, 0 / 49 kB covered
195 Procs, 1899 Labels, 2012 Branches, 0 / 49 kB covered
195 Procs, 1899 Labels, 2012 Branches, 0 / 49 kB covered
195 Procs, 1899 Labels, 2012 Branches, 0 / 49 kB covered
195 Procs, 1899 Labels, 2012 Branches, 0 / 49 kB covered
195 Procs, 1899 Labels, 2012 Branches, 0 / 49 kB covered
195 Procs, 1899 Labels, 2012 Branches, 0 / 49 kB covered
195 Procs, 1899 Labels, 2012 Branches, 0 / 49 kB covered
195 Procs, 1899 Labels, 2012 Branches, 0 / 49 kB covered
195 Procs, 1899 Labels, 2012 Branches, 0 / 49 kB covered
195 Procs, 1899 Labels, 2012 Branches, 0 / 49 kB covered
195 Procs, 1899 Labels, 2012 Branches, 0 / 49 kB covered
195 Procs, 1899 Labels, 2012 Branches, 0 / 49 kB covered
195 Procs, 1899 Labels, 2012 Branches, 0 / 49 kB covered
195 Procs, 1899 Labels, 2012 Branches, 0 / 49 kB covered
195 Procs, 1899 Labels, 2012 Branches, 0 / 49 kB covered
195 Procs, 1899 Labels, 2012 Branches, 0 / 49 kB covered
195 Procs, 1899 Labels, 2012 Branches, 0 / 49 kB covered
195 Procs, 1899 Labels, 2012 Branches, 0 / 49 kB covered
195 Procs, 1899 Labels, 2012 Branches, 0 / 49 kB covered
195 Procs, 1899 Labels, 2012 Branches, 0 / 49 kB covered
195 Procs, 1899 Labels, 2012 Branches, 0 / 49 kB covered
195 Procs, 1899 Labels, 2012 Branches, 0 / 49 kB covered
195 Procs, 1899 Labels, 2012 Branches, 0 / 49 kB covered
195 Procs, 1899 Labels, 2012 Branches, 0 / 49 kB covered
195 Procs, 1899 Labels, 2012 Branches, 0 / 49 kB covered
195 Procs, 1899 Labels, 2012 Branches, 0 / 49 kB covered
195 Procs, 1899 Labels, 2012 Branches, 0 / 49 kB covered
195 Procs, 1899 Labels, 2012 Branches, 0 / 49 kB covered
195 Procs, 1899 Labels, 2012 Branches, 0 / 49 kB covered
195 Procs, 1899 Labels, 2012 Branches, 0 / 49 kB covered
195 Procs, 1899 Labels, 2012 Branches, 0 / 49 kB covered
195 Procs, 1899 Labels, 2012 Branches, 0 / 49 kB covered
195 Procs, 1899 Labels, 2012 Branches, 0 / 49 kB covered
195 Procs, 1899 Labels, 2012 Branches, 0 / 49 kB covered
195 Procs, 1899 Labels, 2012 Branches, 0 / 49 kB covered
195 Procs, 1899 Labels, 2012 Branches, 0 / 49 kB covered
195 Procs, 1899 Labels, 2012 Branches, 0 / 49 kB covered
195 Procs, 1899 Labels, 2012 Branches, 0 / 49 kB covered
195 Procs, 1899 Labels, 2012 Branches, 0 / 49 kB covered
195 Procs, 1899 Labels, 2012 Branches, 0 / 49 kB covered
195 Procs, 1899 Labels, 2012 Branches, 0 / 49 kB covered
195 Procs, 1899 Labels, 2012 Branches, 0 / 49 kB covered
195 Procs, 1899 Labels, 2012 Branches, 0 / 49 kB covered
195 Procs, 1899 Labels, 2012 Branches, 0 / 49 kB covered
195 Procs, 1899 Labels, 2012 Branches, 0 / 49 kB covered
195 Procs, 1899 Labels, 2012 Branches, 0 / 49 kB covered
195 Procs, 1899 Labels, 2012 Branches, 0 / 49 kB covered
195 Procs, 1899 Labels, 2012 Branches, 0 / 49 kB covered
195 Procs, 1899 Labels, 2012 Branches, 0 / 49 kB covered
195 Procs, 1899 Labels, 2012 Branches, 0 / 49 kB covered
195 Procs, 1899 Labels, 2012 Branches, 0 / 49 kB covered
195 Procs, 1899 Labels, 2012 Branches, 0 / 49 kB covered
195 Procs, 1899 Labels, 2012 Branches, 0 / 49 kB covered
195 Procs, 1899 Labels, 2012 Branches, 0 / 49 kB covered
195 Procs, 1899 Labels, 2012 Branches, 0 / 49 kB covered
195 Procs, 1899 Labels, 2012 Branches, 0 / 49 kB covered
195 Procs, 1899 Labels, 2012 Branches, 0 / 49 kB covered
195 Procs, 1899 Labels, 2012 Branches, 0 / 49 kB covered
195 Procs, 1899 Labels, 2012 Branches, 0 / 49 kB covered
195 Procs, 1899 Labels, 2012 Branches, 0 / 49 kB covered
195 Procs, 1899 Labels, 2012 Branches, 0 / 49 kB covered
195 Procs, 1899 Labels, 2012 Branches, 0 / 49 kB covered
195 Procs, 1899 Labels, 2012 Branches, 0 / 49 kB covered
195 Procs, 1899 Labels, 2012 Branches, 0 / 49 kB covered
195 Procs, 1899 Labels, 2012 Branches, 0 / 49 kB covered
195 Procs, 1899 Labels, 2012 Branches, 0 / 49 kB covered
195 Procs, 1899 Labels, 2012 Branches, 0 / 49 kB covered
195 Procs, 1899 Labels, 2012 Branches, 0 / 49 kB covered
195 Procs, 1899 Labels, 2012 Branches, 0 / 49 kB covered
195 Procs, 1899 Labels, 2012 Branches, 0 / 49 kB covered
195 Procs, 1899 Labels, 2012 Branches, 0 / 49 kB covered
195 Procs, 1899 Labels, 2012 Branches, 0 / 49 kB covered
195 Procs, 1899 Labels, 2012 Branches, 0 / 49 kB covered
195 Procs, 1899 Labels, 2012 Branches, 0 / 49 kB covered
195 Procs, 1899 Labels, 2012 Branches, 0 / 49 kB covered
195 Procs, 1899 Labels, 2012 Branches, 0 / 49 kB covered
195 Procs, 1899 Labels, 2012 Branches, 0 / 49 kB covered
195 Procs, 1899 Labels, 2012 Branches, 0 / 49 kB covered
195 Procs, 1899 Labels, 2012 Branches, 0 / 49 kB covered
195 Procs, 1899 Labels, 2012 Branches, 0 / 49 kB covered
195 Procs, 1899 Labels, 2012 Branches, 0 / 49 kB covered
195 Procs, 1899 Labels, 2012 Branches, 0 / 49 kB covered
195 Procs, 1899 Labels, 2012 Branches, 0 / 49 kB covered
195 Procs, 1899 Labels, 2012 Branches, 0 / 49 kB covered
195 Procs, 1899 Labels, 2012 Branches, 0 / 49 kB covered
195 Procs, 1899 Labels, 2012 Branches, 0 / 49 kB covered
195 Procs, 1899 Labels, 2012 Branches, 0 / 49 kB covered
195 Procs, 1899 Labels, 2012 Branches, 0 / 49 kB covered
195 Procs, 1899 Labels, 2012 Branches, 0 / 49 kB covered
195 Procs, 1899 Labels, 2012 Branches, 0 / 49 kB covered
195 Procs, 1899 Labels, 2012 Branches, 0 / 49 kB covered
195 Procs, 1899 Labels, 2012 Branches, 0 / 49 kB covered
195 Procs, 1899 Labels, 2012 Branches, 0 / 49 kB covered
195 Procs, 1899 Labels, 2012 Branches, 0 / 49 kB covered
195 Procs, 1899 Labels, 2012 Branches, 0 / 49 kB covered
195 Procs, 1899 Labels, 2012 Branches, 0 / 49 kB covered
195 Procs, 1899 Labels, 2012 Branches, 0 / 49 kB covered
195 Procs, 1899 Labels, 2012 Branches, 0 / 49 kB covered
195 Procs, 1899 Labels, 2012 Branches, 0 / 49 kB covered
195 Procs, 1899 Labels, 2012 Branches, 0 / 49 kB covered
195 Procs, 1899 Labels, 2012 Branches, 0 / 49 kB covered
195 Procs, 1899 Labels, 2012 Branches, 0 / 49 kB covered
195 Procs, 1899 Labels, 2012 Branches, 0 / 49 kB covered
195 Procs, 1899 Labels, 2012 Branches, 0 / 49 kB covered
195 Procs, 1899 Labels, 2012 Branches, 0 / 49 kB covered
195 Procs, 1899 Labels, 2012 Branches, 0 / 49 kB covered
195 Procs, 1899 Labels, 2012 Branches, 0 / 49 kB covered
195 Procs, 1899 Labels, 2012 Branches, 0 / 49 kB covered
195 Procs, 1899 Labels, 2012 Branches, 0 / 49 kB covered
195 Procs, 1899 Labels, 2012 Branches, 0 / 49 kB covered
195 Procs, 1899 Labels, 2012 Branches, 0 / 49 kB covered
195 Procs, 1899 Labels, 2012 Branches, 0 / 49 kB covered
195 Procs, 1899 Labels, 2012 Branches, 0 / 49 kB covered
195 Procs, 1899 Labels, 2012 Branches, 0 / 49 kB covered
195 Procs, 1899 Labels, 2012 Branches, 0 / 49 kB covered
195 Procs, 1899 Labels, 2012 Branches, 0 / 49 kB covered
195 Procs, 1899 Labels, 2012 Branches, 0 / 49 kB covered
195 Procs, 1899 Labels, 2012 Branches, 0 / 49 kB covered
195 Procs, 1899 Labels, 2012 Branches, 0 / 49 kB covered
195 Procs, 1899 Labels, 2012 Branches, 0 / 49 kB covered
195 Procs, 1899 Labels, 2012 Branches, 0 / 49 kB covered
195 Procs, 1899 Labels, 2012 Branches, 0 / 49 kB covered
195 Procs, 1899 Labels, 2012 Branches, 0 / 49 kB covered
195 Procs, 1899 Labels, 2012 Branches, 0 / 49 kB covered
195 Procs, 1899 Labels, 2012 Branches, 0 / 49 kB covered
195 Procs, 1899 Labels, 2012 Branches, 0 / 49 kB covered
195 Procs, 1899 Labels, 2012 Branches, 0 / 49 kB covered
195 Procs, 1899 Labels, 2012 Branches, 0 / 49 kB covered
195 Procs, 1899 Labels, 2012 Branches, 0 / 49 kB covered
195 Procs, 1899 Labels, 2012 Branches, 0 / 49 kB covered
195 Procs, 1899 Labels, 2012 Branches, 0 / 49 kB covered
195 Procs, 1899 Labels, 2012 Branches, 0 / 49 kB covered
195 Procs, 1899 Labels, 2012 Branches, 0 / 49 kB covered
195 Procs, 1899 Labels, 2012 Branches, 0 / 49 kB covered
195 Procs, 1899 Labels, 2012 Branches, 0 / 49 kB covered
195 Procs, 1899 Labels, 2012 Branches, 0 / 49 kB covered
195 Procs, 1899 Labels, 2012 Branches, 0 / 49 kB covered
195 Procs, 1899 Labels, 2012 Branches, 0 / 49 kB covered
195 Procs, 1899 Labels, 2012 Branches, 0 / 49 kB covered
195 Procs, 1899 Labels, 2012 Branches, 0 / 49 kB covered
195 Procs, 1899 Labels, 2012 Branches, 0 / 49 kB covered
195 Procs, 1899 Labels, 2012 Branches, 0 / 49 kB covered
195 Procs, 1899 Labels, 2012 Branches, 0 / 49 kB covered
195 Procs, 1899 Labels, 2012 Branches, 0 / 49 kB covered
195 Procs, 1899 Labels, 2012 Branches, 0 / 49 kB covered
195 Procs, 1899 Labels, 2012 Branches, 0 / 49 kB covered
195 Procs, 1899 Labels, 2012 Branches, 0 / 49 kB covered
195 Procs, 1899 Labels, 2012 Branches, 0 / 49 kB covered
195 Procs, 1899 Labels, 2012 Branches, 0 / 49 kB covered
195 Procs, 1899 Labels, 2012 Branches, 0 / 49 kB covered
195 Procs, 1899 Labels, 2012 Branches, 0 / 49 kB covered
195 Procs, 1899 Labels, 2012 Branches, 0 / 49 kB covered
195 Procs, 1899 Labels, 2012 Branches, 0 / 49 kB covered
195 Procs, 1899 Labels, 2012 Branches, 0 / 49 kB covered
195 Procs, 1899 Labels, 2012 Branches, 0 / 49 kB covered
195 Procs, 1899 Labels, 2012 Branches, 0 / 49 kB covered
195 Procs, 1899 Labels, 2012 Branches, 0 / 49 kB covered
195 Procs, 1899 Labels, 2012 Branches, 0 / 49 kB covered
195 Procs, 1899 Labels, 2012 Branches, 0 / 49 kB covered
195 Procs, 1899 Labels, 2012 Branches, 0 / 49 kB covered
195 Procs, 1899 Labels, 2012 Branches, 0 / 49 kB covered
195 Procs, 1899 Labels, 2012 Branches, 0 / 49 kB covered
195 Procs, 1899 Labels, 2012 Branches, 0 / 49 kB covered
Resolving indirect jumps...
195 Procs, 1899 Labels, 2012 Branches, 0 / 49 kB covered
195 Procs, 1899 Labels, 2012 Branches, 0 / 49 kB covered
Resolving constants and strings...
195 Procs, 1899 Labels, 2012 Branches, 0 / 49 kB covered
Discovering unreached functions...
195 Procs, 1899 Labels, 2012 Branches, 0 / 49 kB covered
Computing call tree...
195 Procs, 1899 Labels, 2012 Branches, 0 / 49 kB covered
Computing calling conventions...
195 Procs, 1899 Labels, 2012 Branches, 0 / 49 kB covered
Computing Calling Convention: 2/195  0x080487F0
Computing Calling Convention: 3/195  0x08048824
Computing Calling Convention: 4/195  0x08048834
Computing Calling Convention: 5/195  0x08048844
Computing Calling Convention: 6/195  0x08048854
Computing Calling Convention: 7/195  0x08048864
Computing Calling Convention: 8/195  0x08048874
Computing Calling Convention: 9/195  0x08048884
Computing Calling Convention: 10/195  0x08048894
Computing Calling Convention: 11/195  0x080488A4
Computing Calling Convention: 12/195  0x080488B4
Computing Calling Convention: 13/195  0x080488C4
Computing Calling Convention: 14/195  0x080488D4
Computing Calling Convention: 15/195  0x080488E4
Computing Calling Convention: 16/195  0x080488F4
Computing Calling Convention: 17/195  0x08048904
Computing Calling Convention: 18/195  0x08048914
Computing Calling Convention: 19/195  0x08048924
Computing Calling Convention: 20/195  0x08048934
Computing Calling Convention: 21/195  0x08048944
Computing Calling Convention: 22/195  0x08048954
Computing Calling Convention: 23/195  0x08048964
Computing Calling Convention: 24/195  0x08048974
Computing Calling Convention: 25/195  0x08048984
Computing Calling Convention: 26/195  0x08048994
Computing Calling Convention: 27/195  0x080489A4
Computing Calling Convention: 28/195  0x080489B4
Computing Calling Convention: 29/195  0x080489C4
Computing Calling Convention: 30/195  0x080489D4
Computing Calling Convention: 31/195  0x080489E4
Computing Calling Convention: 32/195  0x080489F4
Computing Calling Convention: 33/195  0x08048A04
Computing Calling Convention: 34/195  0x08048A14
Computing Calling Convention: 35/195  0x08048A30
Computing Calling Convention: 36/195  0x08048A60
Computing Calling Convention: 37/195  0x08048AC0
Computing Calling Convention: 38/195  0x08048AE4
Computing Calling Convention: 39/195  0x08048B15
Computing Calling Convention: 40/195  0x08048B42
Computing Calling Convention: 41/195  0x08048C63
Computing Calling Convention: 42/195  0x08048C8A
Computing Calling Convention: 44/195  0x08048D63
Computing Calling Convention: 45/195  0x08048D7C
Computing Calling Convention: 47/195  0x08048DBE
Computing Calling Convention: 49/195  0x08048E84
Computing Calling Convention: 50/195  0x08048E97
Computing Calling Convention: 56/195  0x080496AA
Computing Calling Convention: 57/195  0x080496C3
Computing Calling Convention: 61/195  0x08049AB8
Computing Calling Convention: 62/195  0x08049AFA
Computing Calling Convention: 66/195  0x08049F64
Computing Calling Convention: 67/195  0x08049F7C
Computing Calling Convention: 69/195  0x0804A088
Computing Calling Convention: 81/195  0x0804B62B
Computing Calling Convention: 82/195  0x0804B66D
Computing Calling Convention: 84/195  0x0804B773
Computing Calling Convention: 85/195  0x0804B78C
Computing Calling Convention: 87/195  0x0804C059
Computing Calling Convention: 98/195  0x0804CB9A
Computing Calling Convention: 99/195  0x0804CBCC
Computing Calling Convention: 101/195  0x0804CC70
Computing Calling Convention: 103/195  0x0804CD85
Computing Calling Convention: 104/195  0x0804CDA1
Computing Calling Convention: 106/195  0x0804CF20
Computing Calling Convention: 109/195  0x0804D020
Computing Calling Convention: 110/195  0x0804D039
Computing Calling Convention: 123/195  0x0804E3E8
Computing Calling Convention: 124/195  0x0804E481
Computing Calling Convention: 125/195  0x0804E509
Computing Calling Convention: 126/195  0x0804E54B
Computing Calling Convention: 127/195  0x0804E5C6
Computing Calling Convention: 128/195  0x0804E61D
Computing Calling Convention: 130/195  0x0804E67E
Computing Calling Convention: 132/195  0x0804EA7D
Computing Calling Convention: 133/195  0x0804EB2B
Computing Calling Convention: 134/195  0x0804EB38
Computing Calling Convention: 140/195  0x0804F628
Computing Calling Convention: 141/195  0x0804F63D
Computing Calling Convention: 152/195  0x08050B0E
Computing Calling Convention: 153/195  0x08050B27
Computing Calling Convention: 158/195  0x08050F7A
Computing Calling Convention: 159/195  0x08050FAF
Computing Calling Convention: 160/195  0x08051001
Computing Calling Convention: 164/195  0x080512AA
Computing Calling Convention: 165/195  0x080512C6
Computing Calling Convention: 166/195  0x080512DF
Computing Calling Convention: 167/195  0x0805135C
Computing Calling Convention: 168/195  0x080513DA
Computing Calling Convention: 174/195  0x08051C1A
Computing Calling Convention: 175/195  0x08051C5C
Computing Calling Convention: 183/195  0x08052B30
Computing Calling Convention: 185/195  0x080531D5
Computing Calling Convention: 187/195  0x08053887
Computing Calling Convention: 188/195  0x08053890
Computing Calling Convention: 189/195  0x08053D00
Computing Calling Convention: 190/195  0x08054170
Computing Calling Convention: 192/195  0x080541E0
Computing Calling Convention: 193/195  0x08054220
Computing Calling Convention: 195/195  0x08054258
Computing Calling Convention: 1/96  0x080487E4
Computing Calling Convention: 3/96  0x08048D98
Computing Calling Convention: 9/96  0x0804966A
Computing Calling Convention: 14/96  0x08049C13
Computing Calling Convention: 28/96  0x0804B733
Computing Calling Convention: 41/96  0x0804CCAD
Computing Calling Convention: 44/96  0x0804CFE0
Computing Calling Convention: 80/96  0x0805126A
Computing Calling Convention: 93/96  0x08052B40
Computing Calling Convention: 94/96  0x080531E0
Computing Calling Convention: 95/96  0x08054180
Computing Calling Convention: 96/96  0x0805424C
Computing Calling Convention: 1/84  0x08048CBC
Computing Calling Convention: 2/84  0x08048DFE
Computing Calling Convention: 72/84  0x08051124
Computing Calling Convention: 82/84  0x08052462
Computing Calling Convention: xx/80  0x08052614
Computing Calling Convention: 30/79  0x0804C929
Computing Calling Convention: xx/78  0x08052614
Computing Calling Convention: 1/77  0x08049315
Computing Calling Convention: xx/76  0x08052614
Computing Calling Convention: xx/75  0x08052614
Computing Calling Convention: 3/74  0x08049BC0
Computing Calling Convention: xx/73  0x08052614
Computing Calling Convention: xx/72  0x08052614
Computing Calling Convention: xx/71  0x08052614
Computing Calling Convention: xx/70  0x08052614
Computing Calling Convention: 3/69  0x0804A3B3
Computing Calling Convention: 11/69  0x0804B58C
Computing Calling Convention: 12/69  0x0804B7A8
Computing Calling Convention: 22/69  0x0804CBFC
Computing Calling Convention: 23/69  0x0804CDBA
Computing Calling Convention: 37/69  0x0804E630
Computing Calling Convention: 38/69  0x0804E6C3
Computing Calling Convention: 54/69  0x08050B44
Computing Calling Convention: 55/69  0x08050D20
Computing Calling Convention: 56/69  0x08050E60
Computing Calling Convention: 57/69  0x08050EEA
Computing Calling Convention: 58/69  0x08051034
Computing Calling Convention: 59/69  0x08051461
Computing Calling Convention: 60/69  0x0805165E
Computing Calling Convention: 63/69  0x08051B7B
Computing Calling Convention: 68/69  0x080524D7
Computing Calling Convention: 4/53  0x0804A615
Computing Calling Convention: 5/53  0x0804A79E
Computing Calling Convention: 9/53  0x0804B509
Computing Calling Convention: 14/53  0x0804C4CB
Computing Calling Convention: 15/53  0x0804C612
Computing Calling Convention: 16/53  0x0804C6CD
Computing Calling Convention: 17/53  0x0804C7B9
Computing Calling Convention: 18/53  0x0804CA77
Computing Calling Convention: 19/53  0x0804CF3D
Computing Calling Convention: 20/53  0x0804D055
Computing Calling Convention: 21/53  0x0804D1A8
Computing Calling Convention: 48/53  0x08051AF8
Computing Calling Convention: 49/53  0x08051D22
Computing Calling Convention: 50/53  0x08051E46
Computing Calling Convention: 51/53  0x080520A8
Computing Calling Convention: 52/53  0x080522D8
Computing Calling Convention: 6/37  0x0804AAF9
Computing Calling Convention: 7/37  0x0804C0BF
Computing Calling Convention: 8/37  0x0804C195
Computing Calling Convention: 9/37  0x0804C1C4
Computing Calling Convention: 10/37  0x0804C382
Computing Calling Convention: 32/37  0x0804FDE4
Computing Calling Convention: 33/37  0x0804FE43
Computing Calling Convention: 34/37  0x0804FEA4
Computing Calling Convention: 35/37  0x0805057C
Computing Calling Convention: 36/37  0x080519B9
Computing Calling Convention: xx/27  0x08052614
Computing Calling Convention: 3/26  0x0804A85F
Computing Calling Convention: 20/26  0x0804F664
Computing Calling Convention: 21/26  0x0804F79F
Computing Calling Convention: 22/26  0x0804F96E
Computing Calling Convention: 24/26  0x0804FAA8
Computing Calling Convention: 25/26  0x0804FB70
Computing Calling Convention: 26/26  0x08052614
Computing Calling Convention: 1/19  0x0804A252
Computing Calling Convention: 3/19  0x0804AA4B
Computing Calling Convention: 15/19  0x0804F2F4
Computing Calling Convention: xx/16  0x0804FA05
Computing Calling Convention: 1/15  0x0804D538
Computing Calling Convention: 2/15  0x0804D8FE
Computing Calling Convention: 3/15  0x0804DBA7
Computing Calling Convention: 4/15  0x0804DE50
Computing Calling Convention: 5/15  0x0804DF51
Computing Calling Convention: 6/15  0x0804E052
Computing Calling Convention: 7/15  0x0804E187
Computing Calling Convention: 8/15  0x0804E2BE
Computing Calling Convention: 9/15  0x0804E317
Computing Calling Convention: 10/15  0x0804E3A0
Computing Calling Convention: 11/15  0x0804EB51
Computing Calling Convention: 12/15  0x0804F34C
Computing Calling Convention: 13/15  0x0804F472
Computing Calling Convention: 14/15  0x0804F5B6
Computing Calling Convention: 15/15  0x0804FA05
Computing label cross-references...
195 Procs, 1899 Labels, 2012 Branches, 0 / 49 kB covered
File analysis complete.
195 Procs, 1899 Labels, 2012 Branches, 0 / 49 kB covered

Decompiling 1/195: 0x080487E4
Decompiling 2/195: 0x080487F0
Decompiling 3/195: 0x08048824
Decompiling 4/195: 0x08048834
Decompiling 5/195: 0x08048844
Decompiling 6/195: 0x08048854
Decompiling 7/195: 0x08048864
Decompiling 8/195: 0x08048874
Decompiling 9/195: 0x08048884
Decompiling 10/195: 0x08048894
Decompiling 11/195: 0x080488A4
Decompiling 12/195: 0x080488B4
Decompiling 13/195: 0x080488C4
Decompiling 14/195: 0x080488D4
Decompiling 15/195: 0x080488E4
Decompiling 16/195: 0x080488F4
Decompiling 17/195: 0x08048904
Decompiling 18/195: 0x08048914
Decompiling 19/195: 0x08048924
Decompiling 20/195: 0x08048934
Decompiling 21/195: 0x08048944
Decompiling 22/195: 0x08048954
Decompiling 23/195: 0x08048964
Decompiling 24/195: 0x08048974
Decompiling 25/195: 0x08048984
Decompiling 26/195: 0x08048994
Decompiling 27/195: 0x080489A4
Decompiling 28/195: 0x080489B4
Decompiling 29/195: 0x080489C4
Decompiling 30/195: 0x080489D4
Decompiling 31/195: 0x080489E4
Decompiling 32/195: 0x080489F4
Decompiling 33/195: 0x08048A04
Decompiling 34/195: 0x08048A14
Decompiling 35/195: 0x08048A30
Decompiling 36/195: 0x08048A60
Decompiling 37/195: 0x08048AC0
Decompiling 38/195: 0x08048AE4
Decompiling 39/195: 0x08048B15
Decompiling 40/195: 0x08048B42
Decompiling 41/195: 0x08048C63
Decompiling 42/195: 0x08048C8A
Decompiling 43/195: 0x08048CBC
Decompiling 44/195: 0x08048D63
Decompiling 45/195: 0x08048D7C
Decompiling 46/195: 0x08048D98
Decompiling 47/195: 0x08048DBE
Decompiling 48/195: 0x08048DFE
Decompiling 49/195: 0x08048E84
Decompiling 50/195: 0x08048E97
Decompiling 51/195: 0x08048ECA
Decompiling 52/195: 0x0804911C
Decompiling 53/195: 0x08049315
Decompiling 54/195: 0x08049351
Decompiling 55/195: 0x0804966A
Decompiling 56/195: 0x080496AA
Decompiling 57/195: 0x080496C3
Decompiling 58/195: 0x080496DF
Decompiling 59/195: 0x08049996
Decompiling 60/195: 0x08049A19
Decompiling 61/195: 0x08049AB8
Decompiling 62/195: 0x08049AFA
Decompiling 63/195: 0x08049BC0
Decompiling 64/195: 0x08049C13
Decompiling 65/195: 0x08049C9E
Decompiling 66/195: 0x08049F64
Decompiling 67/195: 0x08049F7C
Decompiling 68/195: 0x0804A01C
Decompiling 69/195: 0x0804A088
Decompiling 70/195: 0x0804A130
Decompiling 71/195: 0x0804A252
Decompiling 72/195: 0x0804A3B3
Decompiling 73/195: 0x0804A535
Decompiling 74/195: 0x0804A615
Decompiling 75/195: 0x0804A79E
Decompiling 76/195: 0x0804A85F
Decompiling 77/195: 0x0804AA4B
Decompiling 78/195: 0x0804AAF9
Decompiling 79/195: 0x0804B509
Decompiling 80/195: 0x0804B58C
Decompiling 81/195: 0x0804B62B
Decompiling 82/195: 0x0804B66D
Decompiling 83/195: 0x0804B733
Decompiling 84/195: 0x0804B773
Decompiling 85/195: 0x0804B78C
Decompiling 86/195: 0x0804B7A8
Decompiling 87/195: 0x0804C059
Decompiling 88/195: 0x0804C0BF
Decompiling 89/195: 0x0804C195
Decompiling 90/195: 0x0804C1C4
Decompiling 91/195: 0x0804C382
Decompiling 92/195: 0x0804C4CB
Decompiling 93/195: 0x0804C612
Decompiling 94/195: 0x0804C6CD
Decompiling 95/195: 0x0804C7B9
Decompiling 96/195: 0x0804C929
Decompiling 97/195: 0x0804CA77
Decompiling 98/195: 0x0804CB9A
Decompiling 99/195: 0x0804CBCC
Decompiling 100/195: 0x0804CBFC
Decompiling 101/195: 0x0804CC70
Decompiling 102/195: 0x0804CCAD
Decompiling 103/195: 0x0804CD85
Decompiling 104/195: 0x0804CDA1
Decompiling 105/195: 0x0804CDBA
Decompiling 106/195: 0x0804CF20
Decompiling 107/195: 0x0804CF3D
Decompiling 108/195: 0x0804CFE0
Decompiling 109/195: 0x0804D020
Decompiling 110/195: 0x0804D039
Decompiling 111/195: 0x0804D055
Decompiling 112/195: 0x0804D1A8
Decompiling 113/195: 0x0804D538
Decompiling 114/195: 0x0804D8FE
Decompiling 115/195: 0x0804DBA7
Decompiling 116/195: 0x0804DE50
Decompiling 117/195: 0x0804DF51
Decompiling 118/195: 0x0804E052
Decompiling 119/195: 0x0804E187
Decompiling 120/195: 0x0804E2BE
Decompiling 121/195: 0x0804E317
Decompiling 122/195: 0x0804E3A0
Decompiling 123/195: 0x0804E3E8
Decompiling 124/195: 0x0804E481
Decompiling 125/195: 0x0804E509
Decompiling 126/195: 0x0804E54B
Decompiling 127/195: 0x0804E5C6
Decompiling 128/195: 0x0804E61D
Decompiling 129/195: 0x0804E630
Decompiling 130/195: 0x0804E67E
Decompiling 131/195: 0x0804E6C3
Decompiling 132/195: 0x0804EA7D
Decompiling 133/195: 0x0804EB2B
Decompiling 134/195: 0x0804EB38
Decompiling 135/195: 0x0804EB51
Decompiling 136/195: 0x0804F2F4
Decompiling 137/195: 0x0804F34C
Decompiling 138/195: 0x0804F472
Decompiling 139/195: 0x0804F5B6
Decompiling 140/195: 0x0804F628
Decompiling 141/195: 0x0804F63D
Decompiling 142/195: 0x0804F664
Decompiling 143/195: 0x0804F79F
Decompiling 144/195: 0x0804F96E
Decompiling 145/195: 0x0804FA05
Decompiling 146/195: 0x0804FAA8
Decompiling 147/195: 0x0804FB70
Decompiling 148/195: 0x0804FDE4
Decompiling 149/195: 0x0804FE43
Decompiling 150/195: 0x0804FEA4
Decompiling 151/195: 0x0805057C
Decompiling 152/195: 0x08050B0E
Decompiling 153/195: 0x08050B27
Decompiling 154/195: 0x08050B44
Decompiling 155/195: 0x08050D20
Decompiling 156/195: 0x08050E60
Decompiling 157/195: 0x08050EEA
Decompiling 158/195: 0x08050F7A
Decompiling 159/195: 0x08050FAF
Decompiling 160/195: 0x08051001
Decompiling 161/195: 0x08051034
Decompiling 162/195: 0x08051124
Decompiling 163/195: 0x0805126A
Decompiling 164/195: 0x080512AA
Decompiling 165/195: 0x080512C6
Decompiling 166/195: 0x080512DF
Decompiling 167/195: 0x0805135C
Decompiling 168/195: 0x080513DA
Decompiling 169/195: 0x08051461
Decompiling 170/195: 0x0805165E
Decompiling 171/195: 0x080519B9
Decompiling 172/195: 0x08051AF8
Decompiling 173/195: 0x08051B7B
Decompiling 174/195: 0x08051C1A
Decompiling 175/195: 0x08051C5C
Decompiling 176/195: 0x08051D22
Decompiling 177/195: 0x08051E46
Decompiling 178/195: 0x080520A8
Decompiling 179/195: 0x080522D8
Decompiling 180/195: 0x08052462
Decompiling 181/195: 0x080524D7
Decompiling 182/195: 0x08052614
Decompiling 183/195: 0x08052B30
Decompiling 184/195: 0x08052B40
Decompiling 185/195: 0x080531D5
Decompiling 186/195: 0x080531E0
Decompiling 187/195: 0x08053887
Decompiling 188/195: 0x08053890
Decompiling 189/195: 0x08053D00
Decompiling 190/195: 0x08054170
Decompiling 191/195: 0x08054180
Decompiling 192/195: 0x080541E0
Decompiling 193/195: 0x08054220
Decompiling 194/195: 0x0805424C
Decompiling 195/195: 0x08054258
Decompiling 195/195: 0x08054258

