[I] JEB 4.11.0.202201181921 (jeb-ce) is starting...
[I] Current directory: SUBJECTS
[I] Base directory: JEBDIR
[I] System: Mac OS X 12.2 (aarch64) de_DE
[I] Java: Homebrew 17.0.1
[I] Memory Usage: 39.2M used (224.8M free, 6.0G max)
[I] Initializing Jython, please wait...
Processing file: SUBJECTS/from_holdec/pic/x64_elf_gcc_O3_unlimited-pie/subject.exe...
[W] {subject.exe > subject.exe}: The notes section ".gnu.build.attributes" was not processed
[I] {subject.exe > subject.exe > x86_64 image}: Detected compiler: unknown (Linux)
[I] {subject.exe > subject.exe > x86_64 image}: Initial native analysis styles: code gaps: PROLOGUES_ONLY, data gaps: DEFAULT
[E] The routine at 0x401026 no longer exists!
[I] {subject.exe > subject.exe > x86_64 image}: Analysis completed (0s)
[I] {subject.exe > subject.exe > x86_64 image}: Initial analysis created 19 methods
Output folder: jeb_output
  0/ 19: Method: →printf
  1/ 19: 1/19: →printf (DONE:80ms)
  1/ 19: Method: sub_4010E0
  2/ 19: 2/19: sub_4010E0 (DONE:17ms)
  2/ 19: Method: sub_401120
  3/ 19: 3/19: sub_401120 (DONE:4ms)
  3/ 19: Method: initializer_0
  4/ 19: 4/19: initializer_0 (DONE:59ms)
  4/ 19: Method: sub_401150
  5/ 19: 5/19: sub_401150 (DONE:4ms)
  5/ 19: Method: sub_4010CD
  6/ 19: 6/19: sub_4010CD (DONE:18ms)
  6/ 19: Method: sub_40110F
  7/ 19: 7/19: sub_40110F (DONE:16ms)
  7/ 19: Method: deregister_tm_clones
  8/ 19: 8/19: deregister_tm_clones (DONE:13ms)
  8/ 19: Method: register_tm_clones
  9/ 19: 9/19: register_tm_clones (DONE:43ms)
  9/ 19: Method: sub_40113D
 10/ 19: 10/19: sub_40113D (DONE:36ms)
 10/ 19: Method: initializer_1
 11/ 19: 11/19: initializer_1 (DONE:14ms)
 11/ 19: Method: _dl_relocate_static_pie
 12/ 19: 12/19: _dl_relocate_static_pie (DONE:6ms)
 12/ 19: Method: __libc_csu_fini
 13/ 19: 13/19: __libc_csu_fini (DONE:5ms)
 13/ 19: Method: finalizer_0
 14/ 19: 14/19: finalizer_0 (DONE:11ms)
 14/ 19: Method: a_func
 15/ 19: 15/19: a_func (DONE:13ms)
 15/ 19: Method: main
 16/ 19: 16/19: main (DONE:44ms)
 16/ 19: Method: finalizer_1
 17/ 19: 17/19: finalizer_1 (DONE:11ms)
 17/ 19: Method: __libc_csu_init
 18/ 19: 18/19: __libc_csu_init (DONE:105ms)
 18/ 19: Method: _start
 19/ 19: 19/19: _start (DONE:29ms)
Exectime: 1.028000 sec
[I] Done.
