[I] JEB 4.11.0.202201181921 (jeb-ce) is starting...
[I] Current directory: SUBJECTS
[I] Base directory: JEBDIR
[I] System: Mac OS X 12.2 (aarch64) de_DE
[I] Java: Homebrew 17.0.1
[I] Memory Usage: 36.0M used (228.0M free, 6.0G max)
[I] Initializing Jython, please wait...
Processing file: SUBJECTS/from_shootout/ary_ocaml/x64_elf/subject.exe...
[I] {subject.exe > subject.exe > x86_64 image}: Detected compiler: unknown (Linux)
[I] {subject.exe > subject.exe > x86_64 image}: Initial native analysis styles: code gaps: PROLOGUES_ONLY, data gaps: DEFAULT
[I] {subject.exe > subject.exe > x86_64 image}: Analysis completed (34s)
[I] {subject.exe > subject.exe > x86_64 image}: Initial analysis created 1462 methods
Output folder: jeb_output
  0/1462: Method: caml_c_call
  1/1462: 1/1462: caml_c_call (DONE:75ms)
  1/1462: Method: caml_ml_array_bound_error
  2/1462: 2/1462: caml_ml_array_bound_error (DONE:8ms)
  2/1462: Method: caml_apply2
  3/1462: 3/1462: caml_apply2 (DONE:80ms)
  3/1462: Method: caml_string_length
  4/1462: 4/1462: caml_string_length (DONE:17ms)
  4/1462: Method: camlPervasives__output_string_215
  5/1462: 5/1462: camlPervasives__output_string_215 (DONE:34ms)
  5/1462: Method: caml_convert_flag_list
  6/1462: 6/1462: caml_convert_flag_list (DONE:34ms)
  6/1462: Method: camlPervasives__exit_350
  7/1462: 7/1462: camlPervasives__exit_350 (DONE:30ms)
  7/1462: Method: caml_apply3
  8/1462: 8/1462: caml_apply3 (DONE:66ms)
  8/1462: Method: camlPervasives__string_of_int_154
  9/1462: 9/1462: camlPervasives__string_of_int_154 (DONE:21ms)
  9/1462: Method: camlList__iter_102
 10/1462: 10/1462: camlList__iter_102 (DONE:34ms)
 10/1462: Method: caml_iterate_global_roots
 11/1462: 11/1462: caml_iterate_global_roots (DONE:33ms)
 11/1462: Method: camlList__mem_189
 12/1462: 12/1462: camlList__mem_189 (DONE:47ms)
 12/1462: Method: caml_urge_major_slice
 13/1462: 13/1462: caml_urge_major_slice (DONE:4ms)
 13/1462: Method: caml_MD5Transform

=== Killed because of time limit
