dcc: Definition not found for condition code usage at opcode 5
dcc: Failed to construct repeat..until() condition.
dcc: Failed to construct repeat..until() condition.
Main could not be located!
Model: x
Warning - compiler not recognised
Signature file: dccxxx.sig
Warning: cannot open signature file /root/dcc/sigs/dccxxx.sig
dcc: Writing C beta file from_pouet.net/with_source_031/ia32_com//subject.b

Statistics - Subroutine start
Number of Icode instructions:
  Low-level :   17
  High-level:    6
  Percentage reduction: 64.71%
dcc: Finished writing C beta file

Call Graph:
start

Final Program Statistics
  Total number of low-level Icodes : 17
  Total number of high-level Icodes: 6
  Total reduction of instructions  : 64.71%
