Level | File                                    | Message
====================================================================================================
Msg   | src/boomerang/util/log/Log.cpp          | This is Boomerang v0.3.99-alpha-1914-ged7a3e1
Msg   | src/boomerang/util/log/Log.cpp          | Log initialized.
Msg   | src/boomerang/core/Project.cpp          | Loading plugins...
Msg   | src/boomerang/core/Project.cpp          | Loaded plugins:
Msg   | src/boomerang/core/Project.cpp          |   DOS4GW loader plugin v0.3.99-alpha-1914-ged7a3e1 (by 'Boomerang developers')
Msg   | src/boomerang/core/Project.cpp          |   ELF32 loader plugin v0.3.99-alpha-1914-ged7a3e1 (by 'Boomerang developers')
Msg   | src/boomerang/core/Project.cpp          |   DOS Exe loader plugin v0.3.99-alpha-1914-ged7a3e1 (by 'Boomerang developers')
Msg   | src/boomerang/core/Project.cpp          |   HP SOM loader plugin v0.3.99-alpha-1914-ged7a3e1 (by 'Boomerang developers')
Msg   | src/boomerang/core/Project.cpp          |   Mach-O executable loader plugin v0.3.99-alpha-1914-ged7a3e1 (by 'Boomerang developers')
Msg   | src/boomerang/core/Project.cpp          |   Palm OS executable loader plugin v0.3.99-alpha-1914-ged7a3e1 (by 'Boomerang developers')
Msg   | src/boomerang/core/Project.cpp          |   Win32 PE loader plugin v0.3.99-alpha-1914-ged7a3e1 (by 'Boomerang developers')
Msg   | src/boomerang/core/Project.cpp          | Loading binary file 'from_holdec/dmi/fcalls/ia32_elf/subject.exe'
Warn  | src/boomerang-loaders/elf/ElfBinaryLoad | Unhandled x86 relocation type 5
Msg   | src/boomerang/ssl/RTLInstDict.cpp       | Loading machine specifications from 'BOOMERANGSRCDIR/build/out/share/boomerang/ssl/pentium.ssl'...
Msg   | src/boomerang/db/Prog.cpp               | Reading library signatures...
Msg   | src/boomerang/core/Project.cpp          | Decoding entry point...
Msg   | src/boomerang/frontend/DefaultFrontEnd. | Starting decode at address 0x08048420
Msg   | src/boomerang/core/Project.cpp          | Decoding anything undecoded...
Msg   | src/boomerang/frontend/DefaultFrontEnd. | Looking for undecoded procedures to decode...
Msg   | src/boomerang/core/Project.cpp          | Found 25 procs
Msg   | src/boomerang-cli/CommandlineDriver.cpp | Decompiling...
Msg   | src/boomerang/decomp/ProgDecompiler.cpp | Decompiling entry point 'main'
Msg   | src/boomerang/decomp/ProcDecompiler.cpp | Visiting procedure 'main'
Msg   | src/boomerang/decomp/ProcDecompiler.cpp | Visiting procedure 'basic_1_multiple_calling_conventions_3_ints'
Msg   | src/boomerang/decomp/ProcDecompiler.cpp | Visiting procedure 'sum3_cdecl'
Msg   | src/boomerang/decomp/ProcDecompiler.cpp | Decompiling procedure 'sum3_cdecl'
Msg   | src/boomerang/decomp/ProcDecompiler.cpp | Finished decompile of 'sum3_cdecl'
Msg   | src/boomerang/decomp/ProcDecompiler.cpp | Visiting procedure 'sum3_fastcall'
Msg   | src/boomerang/decomp/ProcDecompiler.cpp | Decompiling procedure 'sum3_fastcall'
Msg   | src/boomerang/decomp/ProcDecompiler.cpp | Finished decompile of 'sum3_fastcall'
Msg   | src/boomerang/decomp/ProcDecompiler.cpp | Visiting procedure 'sum3_thiscall'
Msg   | src/boomerang/decomp/ProcDecompiler.cpp | Decompiling procedure 'sum3_thiscall'
Msg   | src/boomerang/decomp/ProcDecompiler.cpp | Finished decompile of 'sum3_thiscall'
Msg   | src/boomerang/decomp/ProcDecompiler.cpp | Visiting procedure 'sum3_ms_abi'
Msg   | src/boomerang/decomp/ProcDecompiler.cpp | Decompiling procedure 'sum3_ms_abi'
Msg   | src/boomerang/decomp/ProcDecompiler.cpp | Finished decompile of 'sum3_ms_abi'
Msg   | src/boomerang/decomp/ProcDecompiler.cpp | Visiting procedure 'sum3_sysv_abi'
Msg   | src/boomerang/decomp/ProcDecompiler.cpp | Decompiling procedure 'sum3_sysv_abi'
Msg   | src/boomerang/decomp/ProcDecompiler.cpp | Finished decompile of 'sum3_sysv_abi'
Msg   | src/boomerang/decomp/ProcDecompiler.cpp | Visiting procedure 'sum3_stdcall'
Msg   | src/boomerang/decomp/ProcDecompiler.cpp | Decompiling procedure 'sum3_stdcall'
Msg   | src/boomerang/decomp/ProcDecompiler.cpp | Finished decompile of 'sum3_stdcall'
Msg   | src/boomerang/decomp/ProcDecompiler.cpp | Decompiling procedure 'basic_1_multiple_calling_conventions_3_ints'
Msg   | src/boomerang/decomp/ProcDecompiler.cpp | Finished decompile of 'basic_1_multiple_calling_conventions_3_ints'
Msg   | src/boomerang/decomp/ProcDecompiler.cpp | Visiting procedure 'basic_2_calling_varargs'
Msg   | src/boomerang/decomp/ProcDecompiler.cpp | Visiting procedure 'a_vararg'
Msg   | src/boomerang/decomp/ProcDecompiler.cpp | Decompiling procedure 'a_vararg'
Msg   | src/boomerang/decomp/ProcDecompiler.cpp | Finished decompile of 'a_vararg'
Msg   | src/boomerang/decomp/ProcDecompiler.cpp | Decompiling procedure 'basic_2_calling_varargs'
Msg   | src/boomerang/decomp/ProcDecompiler.cpp | Finished decompile of 'basic_2_calling_varargs'
Msg   | src/boomerang/decomp/ProcDecompiler.cpp | Visiting procedure 'basic_3_accessing_all_registers'
Msg   | src/boomerang/decomp/ProcDecompiler.cpp | Decompiling procedure 'basic_3_accessing_all_registers'
Msg   | src/boomerang/decomp/ProcDecompiler.cpp | Finished decompile of 'basic_3_accessing_all_registers'
Msg   | src/boomerang/decomp/ProcDecompiler.cpp | Visiting procedure 'basic_4_tail_call'
Msg   | src/boomerang/decomp/ProcDecompiler.cpp | Decompiling procedure 'basic_4_tail_call'
Msg   | src/boomerang/decomp/ProcDecompiler.cpp | Finished decompile of 'basic_4_tail_call'
Msg   | src/boomerang/decomp/ProcDecompiler.cpp | Visiting procedure 'intermediate_1_accessing_varargs'
Msg   | src/boomerang/decomp/ProcDecompiler.cpp | Visiting procedure 'even_more_crude'
Msg   | src/boomerang/decomp/ProcDecompiler.cpp | Decompiling procedure 'even_more_crude'
Msg   | src/boomerang/decomp/ProcDecompiler.cpp | Finished decompile of 'even_more_crude'
Msg   | src/boomerang/decomp/ProcDecompiler.cpp | Visiting procedure 'crude_printf'
Msg   | src/boomerang/decomp/ProcDecompiler.cpp | Decompiling procedure 'crude_printf'
Msg   | src/boomerang/decomp/ProcDecompiler.cpp | Finished decompile of 'crude_printf'
Msg   | src/boomerang/decomp/ProcDecompiler.cpp | Decompiling procedure 'intermediate_1_accessing_varargs'
Msg   | src/boomerang/decomp/ProcDecompiler.cpp | Finished decompile of 'intermediate_1_accessing_varargs'
Msg   | src/boomerang/decomp/ProcDecompiler.cpp | Visiting procedure 'intermediate_2_use_uncommon_registers_for_parameters'
Msg   | src/boomerang/decomp/ProcDecompiler.cpp | Visiting procedure 'sum3_uncommon'
Msg   | src/boomerang/decomp/ProcDecompiler.cpp | Decompiling procedure 'sum3_uncommon'
Msg   | src/boomerang/decomp/ProcDecompiler.cpp | Finished decompile of 'sum3_uncommon'
Msg   | src/boomerang/decomp/ProcDecompiler.cpp | Decompiling procedure 'intermediate_2_use_uncommon_registers_for_parameters'
Msg   | src/boomerang/decomp/ProcDecompiler.cpp | Finished decompile of 'intermediate_2_use_uncommon_registers_for_parameters'
Msg   | src/boomerang/decomp/ProcDecompiler.cpp | Visiting procedure 'intermediate_3_calling_noreturn'
Msg   | src/boomerang/decomp/ProcDecompiler.cpp | Decompiling procedure 'intermediate_3_calling_noreturn'
Msg   | src/boomerang/decomp/ProcDecompiler.cpp | Finished decompile of 'intermediate_3_calling_noreturn'
Msg   | src/boomerang/decomp/ProcDecompiler.cpp | Visiting procedure 'intermediate_4_asm_instr_with_multiple_results'
Msg   | src/boomerang/decomp/ProcDecompiler.cpp | Decompiling procedure 'intermediate_4_asm_instr_with_multiple_results'
Msg   | src/boomerang/decomp/ProcDecompiler.cpp | Finished decompile of 'intermediate_4_asm_instr_with_multiple_results'
Msg   | src/boomerang/decomp/ProcDecompiler.cpp | Visiting procedure 'intermediate_5_pushs_in_different_blocks'
Msg   | src/boomerang/decomp/ProcDecompiler.cpp | Decompiling procedure 'intermediate_5_pushs_in_different_blocks'
Msg   | src/boomerang/decomp/ProcDecompiler.cpp | Finished decompile of 'intermediate_5_pushs_in_different_blocks'
Msg   | src/boomerang/decomp/ProcDecompiler.cpp | Visiting procedure 'advanced_1_pass_in_flags_reg'
Msg   | src/boomerang/decomp/ProcDecompiler.cpp | Visiting procedure 'advanced_1_pass_in_flags_reg_helper'
Msg   | src/boomerang/decomp/ProcDecompiler.cpp | Decompiling procedure 'advanced_1_pass_in_flags_reg_helper'
Msg   | src/boomerang/decomp/ProcDecompiler.cpp | Finished decompile of 'advanced_1_pass_in_flags_reg_helper'
Msg   | src/boomerang/decomp/ProcDecompiler.cpp | Decompiling procedure 'advanced_1_pass_in_flags_reg'
Msg   | src/boomerang/decomp/ProcDecompiler.cpp | Finished decompile of 'advanced_1_pass_in_flags_reg'
Msg   | src/boomerang/decomp/ProcDecompiler.cpp | Visiting procedure 'advanced_2_return_in_flags_reg'
Msg   | src/boomerang/decomp/ProcDecompiler.cpp | Visiting procedure 'advanced_2_return_in_flags_reg_helper'
Msg   | src/boomerang/decomp/ProcDecompiler.cpp | Decompiling procedure 'advanced_2_return_in_flags_reg_helper'
Msg   | src/boomerang/decomp/ProcDecompiler.cpp | Finished decompile of 'advanced_2_return_in_flags_reg_helper'
Msg   | src/boomerang/decomp/ProcDecompiler.cpp | Decompiling procedure 'advanced_2_return_in_flags_reg'
Msg   | src/boomerang/decomp/ProcDecompiler.cpp | Finished decompile of 'advanced_2_return_in_flags_reg'
Msg   | src/boomerang/decomp/ProcDecompiler.cpp | Visiting procedure 'advanced_3_uneven_stack'
Msg   | src/boomerang/decomp/ProcDecompiler.cpp | Decompiling procedure 'advanced_3_uneven_stack'
Msg   | src/boomerang/decomp/ProcDecompiler.cpp | Finished decompile of 'advanced_3_uneven_stack'
Msg   | src/boomerang/decomp/ProcDecompiler.cpp | Decompiling procedure 'main'
Msg   | src/boomerang/decomp/ProcDecompiler.cpp | Finished decompile of 'main'
Msg   | src/boomerang/decomp/ProgDecompiler.cpp | Performing global type analysis...
Msg   | src/boomerang/decomp/ProgDecompiler.cpp | Removing unused returns...
Msg   | src/boomerang/decomp/ProgDecompiler.cpp | Removing unused returns...
Msg   | src/boomerang/decomp/ProgDecompiler.cpp | Performing global type analysis...
Msg   | src/boomerang/decomp/ProgDecompiler.cpp | Transforming from SSA form...
Error | src/boomerang/visitor/expmodifier/ExpSS | Could not find local or parameter for r8{10}!!
Warn  | src/boomerang/visitor/stmtmodifier/Stmt | Forcing type of local 'ecx' from '__size32' to 'void' due to library constraints
Warn  | src/boomerang/visitor/stmtmodifier/Stmt | Forcing type of local 'edx' from 'int' to 'void' due to library constraints
Warn  | src/boomerang/visitor/stmtmodifier/Stmt | Forcing type of local 'esp' from '__size32' to 'void' due to library constraints
Warn  | src/boomerang/visitor/stmtmodifier/Stmt | Forcing type of local 'eax' from 'time_t' to 'int' due to library constraints
Error | src/boomerang/visitor/expmodifier/ExpSS | Could not find local or parameter for r27{0}!!
Error | src/boomerang/visitor/expmodifier/ExpSS | Could not find local or parameter for r30{0}!!
Error | src/boomerang/visitor/expmodifier/ExpSS | Could not find local or parameter for r30{0}!!
Error | src/boomerang/visitor/expmodifier/ExpSS | Could not find local or parameter for r27{0}!!
Error | src/boomerang/visitor/expmodifier/ExpSS | Could not find local or parameter for r28{1}!!
Error | src/boomerang/visitor/expmodifier/ExpSS | Could not find local or parameter for r28{2}!!
Error | src/boomerang/visitor/expmodifier/ExpSS | Could not find local or parameter for r28{3}!!
Error | src/boomerang/visitor/expmodifier/ExpSS | Could not find local or parameter for r28{4}!!
Error | src/boomerang/visitor/expmodifier/ExpSS | Could not find local or parameter for r28{5}!!
Error | src/boomerang/visitor/expmodifier/ExpSS | Could not find local or parameter for r28{5}!!
Error | src/boomerang/visitor/expmodifier/ExpSS | Could not find local or parameter for r28{0}!!
Error | src/boomerang/visitor/expmodifier/ExpSS | Could not find local or parameter for r28{0}!!
Error | src/boomerang/visitor/expmodifier/ExpSS | Could not find local or parameter for r28{0}!!
Error | src/boomerang/visitor/expmodifier/ExpSS | Could not find local or parameter for r28{0}!!
Error | src/boomerang/visitor/expmodifier/ExpSS | Could not find local or parameter for r28{0}!!
Error | src/boomerang/visitor/expmodifier/ExpSS | Could not find local or parameter for r28{0}!!
Error | src/boomerang/visitor/expmodifier/ExpSS | Could not find local or parameter for r28{0}!!
Error | src/boomerang/visitor/expmodifier/ExpSS | Could not find local or parameter for r28{0}!!
Error | src/boomerang/visitor/expmodifier/ExpSS | Could not find local or parameter for r28{0}!!
Error | src/boomerang/visitor/expmodifier/ExpSS | Could not find local or parameter for r28{5}!!
Error | src/boomerang/visitor/expmodifier/ExpSS | Could not find local or parameter for r28{5}!!
Error | src/boomerang/visitor/expmodifier/ExpSS | Could not find local or parameter for r28{5}!!
Error | src/boomerang/visitor/expmodifier/ExpSS | Could not find local or parameter for r28{5}!!
Error | src/boomerang/visitor/expmodifier/ExpSS | Could not find local or parameter for r28{5}!!
Error | src/boomerang/visitor/expmodifier/ExpSS | Could not find local or parameter for r28{5}!!
Error | src/boomerang/visitor/expmodifier/ExpSS | Could not find local or parameter for r28{5}!!
Error | src/boomerang/visitor/expmodifier/ExpSS | Could not find local or parameter for r26{0}!!
Error | src/boomerang/visitor/expmodifier/ExpSS | Could not find local or parameter for r27{0}!!
Error | src/boomerang/visitor/expmodifier/ExpSS | Could not find local or parameter for r28{0}!!
Error | src/boomerang/visitor/expmodifier/ExpSS | Could not find local or parameter for r30{0}!!
Error | src/boomerang/visitor/expmodifier/ExpSS | Could not find local or parameter for r31{0}!!
Error | src/boomerang/visitor/expmodifier/ExpSS | Could not find local or parameter for r31{0}!!
Error | src/boomerang/visitor/expmodifier/ExpSS | Could not find local or parameter for r31{0}!!
Error | src/boomerang/visitor/expmodifier/ExpSS | Could not find local or parameter for r31{0}!!
Error | src/boomerang/visitor/expmodifier/ExpSS | Could not find local or parameter for r31{0}!!
Error | src/boomerang/visitor/expmodifier/ExpSS | Could not find local or parameter for r31{0}!!
Error | src/boomerang/visitor/expmodifier/ExpSS | Could not find local or parameter for r31{0}!!
Error | src/boomerang/visitor/expmodifier/ExpSS | Could not find local or parameter for r31{0}!!
Error | src/boomerang/visitor/expmodifier/ExpSS | Could not find local or parameter for r31{0}!!
Error | src/boomerang/visitor/expmodifier/ExpSS | Could not find local or parameter for r31{0}!!
Error | src/boomerang/visitor/expmodifier/ExpSS | Could not find local or parameter for r31{0}!!
Error | src/boomerang/visitor/expmodifier/ExpSS | Could not find local or parameter for r24{1}!!
Error | src/boomerang/visitor/expmodifier/ExpSS | Could not find local or parameter for r25{1}!!
Error | src/boomerang/visitor/expmodifier/ExpSS | Could not find local or parameter for r26{1}!!
Warn  | src/boomerang/visitor/stmtmodifier/Stmt | Forcing type of local 'esp' from '__size32' to 'void' due to library constraints
Error | src/boomerang/visitor/expmodifier/ExpSS | Could not find local or parameter for r24{1}!!
Error | src/boomerang/visitor/expmodifier/ExpSS | Could not find local or parameter for r25{1}!!
Error | src/boomerang/visitor/expmodifier/ExpSS | Could not find local or parameter for r26{1}!!
Error | src/boomerang/visitor/expmodifier/ExpSS | Could not find local or parameter for r24{3}!!
Error | src/boomerang/visitor/expmodifier/ExpSS | Could not find local or parameter for r25{3}!!
Error | src/boomerang/visitor/expmodifier/ExpSS | Could not find local or parameter for r26{3}!!
Error | src/boomerang/visitor/expmodifier/ExpSS | Could not find local or parameter for r24{4}!!
Error | src/boomerang/visitor/expmodifier/ExpSS | Could not find local or parameter for r8{4}!!
Error | src/boomerang/visitor/expmodifier/ExpSS | Could not find local or parameter for r25{4}!!
Error | src/boomerang/visitor/expmodifier/ExpSS | Could not find local or parameter for r26{4}!!
Error | src/boomerang/visitor/expmodifier/ExpSS | Could not find local or parameter for r8{4}!!
Error | src/boomerang/visitor/expmodifier/ExpSS | Could not find local or parameter for r24{4}!!
Error | src/boomerang/visitor/expmodifier/ExpSS | Could not find local or parameter for r25{4}!!
Error | src/boomerang/visitor/expmodifier/ExpSS | Could not find local or parameter for r26{4}!!
Error | src/boomerang/visitor/expmodifier/ExpSS | Could not find local or parameter for r24{4}!!
Error | src/boomerang/visitor/expmodifier/ExpSS | Could not find local or parameter for r24{4}!!
Error | src/boomerang/visitor/expmodifier/ExpSS | Could not find local or parameter for r24{4}!!
Error | src/boomerang/visitor/expmodifier/ExpSS | Could not find local or parameter for r24{4}!!
Error | src/boomerang/visitor/expmodifier/ExpSS | Could not find local or parameter for r24{4}!!
Error | src/boomerang/visitor/expmodifier/ExpSS | Could not find local or parameter for r24{4}!!
Error | src/boomerang/visitor/expmodifier/ExpSS | Could not find local or parameter for r24{4}!!
Error | src/boomerang/visitor/expmodifier/ExpSS | Could not find local or parameter for r25{3}!!
Error | src/boomerang/visitor/expmodifier/ExpSS | Could not find local or parameter for r26{3}!!
Warn  | src/boomerang/visitor/stmtmodifier/Stmt | Forcing type of local 'esp' from '__size32' to 'void' due to library constraints
Warn  | src/boomerang/visitor/stmtmodifier/Stmt | Forcing type of local 'eax' from 'time_t' to 'int' due to library constraints
Error | src/boomerang/visitor/expmodifier/ExpSS | Could not find local or parameter for r25{6}!!
Error | src/boomerang/visitor/expmodifier/ExpSS | Could not find local or parameter for r26{6}!!
Error | src/boomerang/visitor/expmodifier/ExpSS | Could not find local or parameter for r25{0}!!
Error | src/boomerang/visitor/expmodifier/ExpSS | Could not find local or parameter for r26{0}!!
Error | src/boomerang/visitor/expmodifier/ExpSS | Could not find local or parameter for m[esp - 4]{0}!!
Error | src/boomerang/visitor/expmodifier/ExpSS | Could not find local or parameter for r24{1}!!
Error | src/boomerang/visitor/expmodifier/ExpSS | Could not find local or parameter for r25{1}!!
Error | src/boomerang/visitor/expmodifier/ExpSS | Could not find local or parameter for r26{1}!!
Warn  | src/boomerang/visitor/stmtmodifier/Stmt | Forcing type of local 'esp' from '__size32' to 'void' due to library constraints
Error | src/boomerang/visitor/expmodifier/ExpSS | Could not find local or parameter for r24{2}!!
Error | src/boomerang/visitor/expmodifier/ExpSS | Could not find local or parameter for r25{2}!!
Error | src/boomerang/visitor/expmodifier/ExpSS | Could not find local or parameter for r26{2}!!
Error | src/boomerang/visitor/expmodifier/ExpSS | Could not find local or parameter for r24{2}!!
Error | src/boomerang/visitor/expmodifier/ExpSS | Could not find local or parameter for r25{2}!!
Error | src/boomerang/visitor/expmodifier/ExpSS | Could not find local or parameter for r26{2}!!
Error | src/boomerang/visitor/expmodifier/ExpSS | Could not find local or parameter for r28{0}!!
Error | src/boomerang/visitor/expmodifier/ExpSS | Could not find local or parameter for r28{0}!!
Error | src/boomerang/visitor/expmodifier/ExpSS | Could not find local or parameter for r28{0}!!
Error | src/boomerang/visitor/expmodifier/ExpSS | Could not find local or parameter for m[r28 + 4]{0}!!
Error | src/boomerang/visitor/expmodifier/ExpSS | Could not find local or parameter for r28{0}!!
Error | src/boomerang/visitor/expmodifier/ExpSS | Could not find local or parameter for m[r28 + 8]{0}!!
Error | src/boomerang/visitor/expmodifier/ExpSS | Could not find local or parameter for r27{0}!!
Error | src/boomerang/visitor/expmodifier/ExpSS | Could not find local or parameter for r26{0}!!
Error | src/boomerang/visitor/expmodifier/ExpSS | Could not find local or parameter for r28{0}!!
Error | src/boomerang/visitor/expmodifier/ExpSS | Could not find local or parameter for m[r28 + 8]{0}!!
Error | src/boomerang/visitor/expmodifier/ExpSS | Could not find local or parameter for r27{0}!!
Error | src/boomerang/visitor/expmodifier/ExpSS | Could not find local or parameter for r26{0}!!
Error | src/boomerang/visitor/expmodifier/ExpSS | Could not find local or parameter for r27{0}!!
Error | src/boomerang/visitor/expmodifier/ExpSS | Could not find local or parameter for r28{0}!!
Error | src/boomerang/visitor/expmodifier/ExpSS | Could not find local or parameter for r28{0}!!
Error | src/boomerang/visitor/expmodifier/ExpSS | Could not find local or parameter for r28{0}!!
Error | src/boomerang/visitor/expmodifier/ExpSS | Could not find local or parameter for m[r28 + 4]{0}!!
Error | src/boomerang/visitor/expmodifier/ExpSS | Could not find local or parameter for r28{0}!!
Error | src/boomerang/visitor/expmodifier/ExpSS | Could not find local or parameter for r28{0}!!
Error | src/boomerang/visitor/expmodifier/ExpSS | Could not find local or parameter for m[r28 + 8]{0}!!
Error | src/boomerang/visitor/expmodifier/ExpSS | Could not find local or parameter for r28{0}!!
Error | src/boomerang/visitor/expmodifier/ExpSS | Could not find local or parameter for r27{0}!!
Error | src/boomerang/visitor/expmodifier/ExpSS | Could not find local or parameter for r28{0}!!
Error | src/boomerang/visitor/expmodifier/ExpSS | Could not find local or parameter for m[r28 + 4]{0}!!
Error | src/boomerang/visitor/expmodifier/ExpSS | Could not find local or parameter for r28{0}!!
Error | src/boomerang/visitor/expmodifier/ExpSS | Could not find local or parameter for m[r28 + 4]{0}!!
Error | src/boomerang/visitor/expmodifier/ExpSS | Could not find local or parameter for r28{0}!!
Error | src/boomerang/visitor/expmodifier/ExpSS | Could not find local or parameter for m[r28 + 8]{0}!!
Error | src/boomerang/visitor/expmodifier/ExpSS | Could not find local or parameter for r27{0}!!
Error | src/boomerang/visitor/expmodifier/ExpSS | Could not find local or parameter for r28{0}!!
Error | src/boomerang/visitor/expmodifier/ExpSS | Could not find local or parameter for m[r28 + 4]{0}!!
Error | src/boomerang/visitor/expmodifier/ExpSS | Could not find local or parameter for r28{0}!!
Error | src/boomerang/visitor/expmodifier/ExpSS | Could not find local or parameter for m[r28 + 8]{0}!!
Error | src/boomerang/visitor/expmodifier/ExpSS | Could not find local or parameter for r27{0}!!
Error | src/boomerang/visitor/expmodifier/ExpSS | Could not find local or parameter for r28{0}!!
Error | src/boomerang/visitor/expmodifier/ExpSS | Could not find local or parameter for m[r28 + 4]{0}!!
Error | src/boomerang/visitor/expmodifier/ExpSS | Could not find local or parameter for r28{0}!!
Error | src/boomerang/visitor/expmodifier/ExpSS | Could not find local or parameter for m[r28 + 8]{0}!!
Error | src/boomerang/visitor/expmodifier/ExpSS | Could not find local or parameter for r27{0}!!
Error | src/boomerang/visitor/expmodifier/ExpSS | Could not find local or parameter for r28{0}!!
Error | src/boomerang/visitor/expmodifier/ExpSS | Could not find local or parameter for m[r28 + 4]{0}!!
Error | src/boomerang/visitor/expmodifier/ExpSS | Could not find local or parameter for r28{0}!!
Error | src/boomerang/visitor/expmodifier/ExpSS | Could not find local or parameter for m[r28 + 8]{0}!!
Error | src/boomerang/visitor/expmodifier/ExpSS | Could not find local or parameter for r27{0}!!
Error | src/boomerang/visitor/expmodifier/ExpSS | Could not find local or parameter for r28{0}!!
Error | src/boomerang/visitor/expmodifier/ExpSS | Could not find local or parameter for m[r28 + 4]{0}!!
Error | src/boomerang/visitor/expmodifier/ExpSS | Could not find local or parameter for r28{0}!!
Error | src/boomerang/visitor/expmodifier/ExpSS | Could not find local or parameter for m[r28 + 8]{0}!!
Error | src/boomerang/visitor/expmodifier/ExpSS | Could not find local or parameter for r27{0}!!
Error | src/boomerang/visitor/expmodifier/ExpSS | Could not find local or parameter for r28{0}!!
Error | src/boomerang/visitor/expmodifier/ExpSS | Could not find local or parameter for m[r28 + 4]{0}!!
Error | src/boomerang/visitor/expmodifier/ExpSS | Could not find local or parameter for r28{0}!!
Error | src/boomerang/visitor/expmodifier/ExpSS | Could not find local or parameter for m[r28 + 8]{0}!!
Error | src/boomerang/visitor/expmodifier/ExpSS | Could not find local or parameter for r27{0}!!
Error | src/boomerang/visitor/expmodifier/ExpSS | Could not find local or parameter for r24{8}!!
Error | src/boomerang/visitor/expmodifier/ExpSS | Could not find local or parameter for r25{8}!!
Error | src/boomerang/visitor/expmodifier/ExpSS | Could not find local or parameter for r26{8}!!
Warn  | src/boomerang/visitor/stmtmodifier/Stmt | Forcing type of local 'esp' from '__size32' to 'void' due to library constraints
Error | src/boomerang/visitor/expmodifier/ExpSS | Could not find local or parameter for r25{8}!!
Error | src/boomerang/visitor/expmodifier/ExpSS | Could not find local or parameter for r26{8}!!
Error | src/boomerang/visitor/expmodifier/ExpSS | Could not find local or parameter for r24{1}!!
Error | src/boomerang/visitor/expmodifier/ExpSS | Could not find local or parameter for r25{1}!!
Error | src/boomerang/visitor/expmodifier/ExpSS | Could not find local or parameter for r26{1}!!
Error | src/boomerang/visitor/expmodifier/ExpSS | Could not find local or parameter for r28{1}!!
Error | src/boomerang/visitor/expmodifier/ExpSS | Could not find local or parameter for r25{1}!!
Error | src/boomerang/visitor/expmodifier/ExpSS | Could not find local or parameter for r26{1}!!
Error | src/boomerang/visitor/expmodifier/ExpSS | Could not find local or parameter for r28{1}!!
Error | src/boomerang/visitor/expmodifier/ExpSS | Could not find local or parameter for r28{0}!!
Error | src/boomerang/visitor/expmodifier/ExpSS | Could not find local or parameter for r28{0}!!
Error | src/boomerang/visitor/expmodifier/ExpSS | Could not find local or parameter for m[r28 + 4]{0}!!
Error | src/boomerang/visitor/expmodifier/ExpSS | Could not find local or parameter for r28{0}!!
Error | src/boomerang/visitor/expmodifier/ExpSS | Could not find local or parameter for r28{1}!!
Error | src/boomerang/visitor/expmodifier/ExpSS | Could not find local or parameter for r28{1}!!
Error | src/boomerang/visitor/expmodifier/ExpSS | Could not find local or parameter for r28{1}!!
Error | src/boomerang/visitor/expmodifier/ExpSS | Could not find local or parameter for r28{1}!!
Error | src/boomerang/visitor/expmodifier/ExpSS | Could not find local or parameter for r28{1}!!
Error | src/boomerang/visitor/expmodifier/ExpSS | Could not find local or parameter for r28{1}!!
Error | src/boomerang/visitor/expmodifier/ExpSS | Could not find local or parameter for r28{1}!!
Error | src/boomerang/visitor/expmodifier/ExpSS | Could not find local or parameter for r24{2}!!
Error | src/boomerang/visitor/expmodifier/ExpSS | Could not find local or parameter for %flags{1}!!
Error | src/boomerang/visitor/expmodifier/ExpSS | Could not find local or parameter for r24{4}!!
Error | src/boomerang/visitor/expmodifier/ExpSS | Could not find local or parameter for r25{4}!!
Error | src/boomerang/visitor/expmodifier/ExpSS | Could not find local or parameter for r26{4}!!
Warn  | src/boomerang/visitor/stmtmodifier/Stmt | Forcing type of local 'esp' from '__size32' to 'void' due to library constraints
Error | src/boomerang/visitor/expmodifier/ExpSS | Could not find local or parameter for r25{0}!!
Error | src/boomerang/visitor/expmodifier/ExpSS | Could not find local or parameter for r26{0}!!
Error | src/boomerang/visitor/expmodifier/ExpSS | Could not find local or parameter for m[esp - 4]{0}!!
Error | src/boomerang/visitor/expmodifier/ExpSS | Could not find local or parameter for m[esp - 8]{0}!!
Error | src/boomerang/visitor/expmodifier/ExpSS | Could not find local or parameter for tmp1{0}!!
Error | src/boomerang/visitor/expmodifier/ExpSS | Could not find local or parameter for r28{0}!!
Error | src/boomerang/visitor/expmodifier/ExpSS | Could not find local or parameter for r28{0}!!
Error | src/boomerang/visitor/expmodifier/ExpSS | Could not find local or parameter for r28{0}!!
Error | src/boomerang/visitor/expmodifier/ExpSS | Could not find local or parameter for m[r28 + 4]{0}!!
Error | src/boomerang/visitor/expmodifier/ExpSS | Could not find local or parameter for r28{0}!!
Error | src/boomerang/visitor/expmodifier/ExpSS | Could not find local or parameter for r28{0}!!
Error | src/boomerang/visitor/expmodifier/ExpSS | Could not find local or parameter for r28{0}!!
Error | src/boomerang/visitor/expmodifier/ExpSS | Could not find local or parameter for r28{0}!!
Error | src/boomerang/visitor/expmodifier/ExpSS | Could not find local or parameter for r28{0}!!
Error | src/boomerang/visitor/expmodifier/ExpSS | Could not find local or parameter for r28{0}!!
Error | src/boomerang/visitor/expmodifier/ExpSS | Could not find local or parameter for r28{0}!!
Error | src/boomerang/visitor/expmodifier/ExpSS | Could not find local or parameter for r24{9}!!
Error | src/boomerang/visitor/expmodifier/ExpSS | Could not find local or parameter for r25{9}!!
Error | src/boomerang/visitor/expmodifier/ExpSS | Could not find local or parameter for r26{9}!!
Warn  | src/boomerang/visitor/stmtmodifier/Stmt | Forcing type of local 'esp' from '__size32' to 'void' due to library constraints
Error | src/boomerang/visitor/expmodifier/ExpSS | Could not find local or parameter for r25{9}!!
Error | src/boomerang/visitor/expmodifier/ExpSS | Could not find local or parameter for r26{9}!!
Error | src/boomerang/visitor/expmodifier/ExpSS | Could not find local or parameter for r30{0}!!
Error | src/boomerang/visitor/expmodifier/ExpSS | Could not find local or parameter for r30{0}!!
Error | src/boomerang/visitor/expmodifier/ExpSS | Could not find local or parameter for m[esp_6 - 8]{0}!!
Error | src/boomerang/visitor/expmodifier/ExpSS | Could not find local or parameter for m[esp_6 - 12]{0}!!
Error | src/boomerang/visitor/expmodifier/ExpSS | Could not find local or parameter for r24{1}!!
Warn  | src/boomerang/visitor/stmtmodifier/Stmt | Forcing type of local 'ecx' from '__size32' to 'void' due to library constraints
Warn  | src/boomerang/visitor/stmtmodifier/Stmt | Forcing type of local 'edx' from '__size32' to 'void' due to library constraints
Warn  | src/boomerang/visitor/stmtmodifier/Stmt | Forcing type of local 'esp' from '__size32' to 'void' due to library constraints
Error | src/boomerang/visitor/expmodifier/ExpSS | Could not find local or parameter for r24{4}!!
Error | src/boomerang/visitor/expmodifier/ExpSS | Could not find local or parameter for r25{4}!!
Error | src/boomerang/visitor/expmodifier/ExpSS | Could not find local or parameter for r26{4}!!
Warn  | src/boomerang/visitor/stmtmodifier/Stmt | Forcing type of local 'esp' from '__size32' to 'void' due to library constraints
Error | src/boomerang/visitor/expmodifier/ExpSS | Could not find local or parameter for r24{6}!!
Error | src/boomerang/visitor/expmodifier/ExpSS | Could not find local or parameter for r25{6}!!
Error | src/boomerang/visitor/expmodifier/ExpSS | Could not find local or parameter for r26{6}!!
Error | src/boomerang/visitor/expmodifier/ExpSS | Could not find local or parameter for r24{7}!!
Error | src/boomerang/visitor/expmodifier/ExpSS | Could not find local or parameter for r25{7}!!
Error | src/boomerang/visitor/expmodifier/ExpSS | Could not find local or parameter for r26{7}!!
Error | src/boomerang/visitor/expmodifier/ExpSS | Could not find local or parameter for r24{7}!!
Error | src/boomerang/visitor/expmodifier/ExpSS | Could not find local or parameter for r25{7}!!
Error | src/boomerang/visitor/expmodifier/ExpSS | Could not find local or parameter for r26{7}!!
Error | src/boomerang/visitor/expmodifier/ExpSS | Could not find local or parameter for r27{0}!!
Error | src/boomerang/visitor/expmodifier/ExpSS | Could not find local or parameter for r27{0}!!
Error | src/boomerang/visitor/expmodifier/ExpSS | Could not find local or parameter for r24{7}!!
Error | src/boomerang/visitor/expmodifier/ExpSS | Could not find local or parameter for r24{7}!!
Error | src/boomerang/visitor/expmodifier/ExpSS | Could not find local or parameter for r24{7}!!
Error | src/boomerang/visitor/expmodifier/ExpSS | Could not find local or parameter for r24{7}!!
Error | src/boomerang/visitor/expmodifier/ExpSS | Could not find local or parameter for r24{7}!!
Error | src/boomerang/visitor/expmodifier/ExpSS | Could not find local or parameter for r24{7}!!
Error | src/boomerang/visitor/expmodifier/ExpSS | Could not find local or parameter for r24{7}!!
Error | src/boomerang/visitor/expmodifier/ExpSS | Could not find local or parameter for r25{15}!!
Error | src/boomerang/visitor/expmodifier/ExpSS | Could not find local or parameter for r26{15}!!
Warn  | src/boomerang/visitor/stmtmodifier/Stmt | Forcing type of local 'esp' from '__size32' to 'void' due to library constraints
Error | src/boomerang/visitor/expmodifier/ExpSS | Could not find local or parameter for r25{32}!!
Error | src/boomerang/visitor/expmodifier/ExpSS | Could not find local or parameter for r26{32}!!
Error | src/boomerang/visitor/expmodifier/ExpSS | Could not find local or parameter for r25{0}!!
Error | src/boomerang/visitor/expmodifier/ExpSS | Could not find local or parameter for r26{0}!!
Error | src/boomerang/visitor/expmodifier/ExpSS | Could not find local or parameter for r31{0}!!
Error | src/boomerang/visitor/expmodifier/ExpSS | Could not find local or parameter for r31{0}!!
Error | src/boomerang/visitor/expmodifier/ExpSS | Could not find local or parameter for m[esp - 48]{0}!!
Error | src/boomerang/visitor/expmodifier/ExpSS | Could not find local or parameter for tmpb{0}!!
Error | src/boomerang/visitor/expmodifier/ExpSS | Could not find local or parameter for r25{40}!!
Error | src/boomerang/visitor/expmodifier/ExpSS | Could not find local or parameter for r26{40}!!
Warn  | src/boomerang/visitor/stmtmodifier/Stmt | Forcing type of local 'eax' from 'int' to 'size_t' due to library constraints
Error | src/boomerang/visitor/expmodifier/ExpSS | Could not find local or parameter for r25{41}!!
Error | src/boomerang/visitor/expmodifier/ExpSS | Could not find local or parameter for r26{41}!!
Warn  | src/boomerang/visitor/stmtmodifier/Stmt | Forcing type of local 'eax' from 'size_t' to 'int' due to library constraints
Error | src/boomerang/visitor/expmodifier/ExpSS | Could not find local or parameter for r25{45}!!
Error | src/boomerang/visitor/expmodifier/ExpSS | Could not find local or parameter for r26{45}!!
Error | src/boomerang/visitor/expmodifier/ExpSS | Could not find local or parameter for r25{50}!!
Error | src/boomerang/visitor/expmodifier/ExpSS | Could not find local or parameter for r26{50}!!
Error | src/boomerang/visitor/expmodifier/ExpSS | Could not find local or parameter for r28{0}!!
Error | src/boomerang/visitor/expmodifier/ExpSS | Could not find local or parameter for %flags{1}!!
Error | src/boomerang/visitor/expmodifier/ExpSS | Could not find local or parameter for r24{3}!!
Error | src/boomerang/visitor/expmodifier/ExpSS | Could not find local or parameter for r25{3}!!
Error | src/boomerang/visitor/expmodifier/ExpSS | Could not find local or parameter for r26{3}!!
Warn  | src/boomerang/visitor/stmtmodifier/Stmt | Forcing type of local 'esp' from '__size32' to 'void' due to library constraints
Error | src/boomerang/visitor/expmodifier/ExpSS | Could not find local or parameter for r25{0}!!
Error | src/boomerang/visitor/expmodifier/ExpSS | Could not find local or parameter for r26{0}!!
Error | src/boomerang/visitor/expmodifier/ExpSS | Could not find local or parameter for m[esp - 8]{0}!!
Error | src/boomerang/visitor/expmodifier/ExpSS | Could not find local or parameter for tmp1{0}!!
Msg   | src/boomerang/decomp/ProgDecompiler.cpp | Removing unused global variables...
Msg   | src/boomerang/decomp/ProgDecompiler.cpp | Decompilation finished.
Msg   | src/boomerang/core/Project.cpp          | Generating code...
Warn  | src/boomerang/codegen/CCodeGenerator.cp | No out edge for BB at address 0x0804846b, in proc main
Msg   | src/boomerang-cli/CommandlineDriver.cpp | Output written to '_output'
Msg   | src/boomerang-cli/CommandlineDriver.cpp | Completed in some time
