Running phase: Unpacking ( some time )
No matching plugins found for 'GCC 6.4.1'
No matching plugins found for 'GCC 4.6.3'
Running phase: Initialization ( some time )
Running phase: Providers initialization ( some time )
Running phase: Input binary to LLVM IR decoding ( some time )
Running phase: LLVM ( some time )
Running phase: x86 address spaces optimization ( some time )
Running phase: x87 fpu register analysis ( some time )
Running phase: Main function identification optimization ( some time )
Running phase: Libgcc idioms optimization ( some time )
Running phase: LLVM instruction optimization ( some time )
Running phase: Conditional branch optimization ( some time )
Running phase: Syscalls optimization ( some time )
Running phase: Stack optimization ( some time )
Running phase: Constants optimization ( some time )
Running phase: Function parameters and returns optimization ( some time )
Running phase: LLVM instruction optimization using RDA ( some time )
Running phase: LLVM instruction optimization ( some time )
Running phase: Simple types recovery optimization ( some time )
Running phase: Disassembly generation ( some time )
Running phase: Assembly mapping instruction removal ( some time )
Running phase: C++ class hierarchy optimization ( some time )
Running phase: Selected functions optimization ( some time )
Running phase: Unreachable functions optimization ( some time )
Running phase: LLVM instruction optimization ( some time )
Running phase: Make all registers local ( some time )
Running phase: Value protection optimization ( some time )
Running phase: LLVM ( some time )
Running phase: LLVM instruction optimization ( some time )
Running phase: Simple types recovery optimization ( some time )
Running phase: Stack pointer operations optimization ( some time )
Running phase: Instruction idioms optimization ( some time )
Running phase: LLVM ( some time )
Running phase: LLVM instruction optimization ( some time )
Running phase: Instruction idioms optimization ( some time )
Running phase: Phi removal ( some time )
Running phase: LLVM ( some time )
Running phase: Value protection optimization ( some time )
Running phase: Generate the current LLVM IR ( some time )
Running phase: Generate the current bitcode ( some time )
Running phase: LLVM IR -> HLL ( some time )
Running phase: initialization ( some time )
 -> loading the input config ( some time )
 -> creating the used HLL writer [c] ( some time )
 -> creating the used alias analysis [simple] ( some time )
 -> creating the used call info obtainer [optim] ( some time )
 -> creating the used evaluator of arithmetical expressions [c] ( some time )
 -> creating the used variable names generator [fruit] ( some time )
 -> creating the used variable renamer [readable] ( some time )
 -> creating the used semantics [libc,gcc-general,win-api] ( some time )
Running phase: conversion of LLVM IR into BIR ( some time )
 -> converting global variables ( some time )
 -> converting function main ( some time )
 -> converting function sum3_cdecl ( some time )
 -> converting function sum3_fastcall ( some time )
 -> converting function sum3_thiscall ( some time )
 -> converting function sum3_ms_abi ( some time )
 -> converting function sum3_sysv_abi ( some time )
 -> converting function sum3_stdcall ( some time )
 -> converting function basic_1_multiple_calling_conventions_3_ints ( some time )
 -> converting function a_vararg ( some time )
 -> converting function basic_2_calling_varargs ( some time )
 -> converting function basic_4_tail_call ( some time )
 -> converting function crude_printf ( some time )
 -> converting function even_more_crude ( some time )
 -> converting function intermediate_1_accessing_varargs ( some time )
 -> converting function intermediate_4_asm_instr_with_multiple_results ( some time )
 -> converting function basic_3_accessing_all_registers ( some time )
 -> converting function sum3_uncommon ( some time )
 -> converting function intermediate_2_use_uncommon_registers_for_parameters ( some time )
 -> converting function intermediate_3_calling_noreturn ( some time )
 -> converting function intermediate_5_pushs_in_different_blocks ( some time )
 -> converting function advanced_1_pass_in_flags_reg_helper ( some time )
 -> converting function advanced_1_pass_in_flags_reg ( some time )
 -> converting function advanced_2_return_in_flags_reg_helper ( some time )
 -> converting function advanced_2_return_in_flags_reg ( some time )
 -> converting function advanced_3_uneven_stack ( some time )
Running phase: removing functions from standard libraries ( some time )
Running phase: removing code that is not reachable in a CFG ( some time )
Running phase: signed/unsigned types fixing ( some time )
Running phase: converting LLVM intrinsic functions to standard functions ( some time )
Running phase: obtaining debug information ( some time )
Running phase: alias analysis [simple] ( some time )
Running phase: optimizations ( some time )
 -> running GotoStmtOptimizer ( some time )
 -> running RemoveUselessCastsOptimizer ( some time )
 -> running UnusedGlobalVarOptimizer ( some time )
 -> running DeadLocalAssignOptimizer ( some time )
 -> running SimpleCopyPropagationOptimizer ( some time )
 -> running CopyPropagationOptimizer ( some time )
 -> running SimplifyArithmExprOptimizer ( some time )
 -> running IfStructureOptimizer ( some time )
 -> running LoopLastContinueOptimizer ( some time )
 -> running PreWhileTrueLoopConvOptimizer ( some time )
 -> running WhileTrueToForLoopOptimizer ( some time )
 -> running WhileTrueToWhileCondOptimizer ( some time )
 -> running IfBeforeLoopOptimizer ( some time )
 -> running LLVMIntrinsicsOptimizer ( some time )
 -> running VoidReturnOptimizer ( some time )
 -> running BreakContinueReturnOptimizer ( some time )
 -> running BitShiftOptimizer ( some time )
 -> running DerefAddressOptimizer ( some time )
 -> running EmptyArrayToStringOptimizer ( some time )
 -> running BitOpToLogOpOptimizer ( some time )
 -> running SimplifyArithmExprOptimizer ( some time )
 -> running UnusedGlobalVarOptimizer ( some time )
 -> running DeadLocalAssignOptimizer ( some time )
 -> running SimpleCopyPropagationOptimizer ( some time )
 -> running CopyPropagationOptimizer ( some time )
 -> running SelfAssignOptimizer ( some time )
 -> running VarDefForLoopOptimizer ( some time )
 -> running VarDefStmtOptimizer ( some time )
 -> running EmptyStmtOptimizer ( some time )
 -> running GotoStmtOptimizer ( some time )
 -> running SimplifyArithmExprOptimizer ( some time )
 -> running DeadCodeOptimizer ( some time )
 -> running DerefToArrayIndexOptimizer ( some time )
 -> running IfToSwitchOptimizer ( some time )
 -> running CCastOptimizer ( some time )
 -> running CArrayArgOptimizer ( some time )
Running phase: variable renaming [readable] ( some time )
Running phase: converting constants to symbolic names ( some time )
Running phase: module validation ( some time )
 -> running BreakOutsideLoopValidator ( some time )
 -> running NoGlobalVarDefValidator ( some time )
 -> running ReturnValidator ( some time )
Running phase: emission of the target code [c] ( some time )
Running phase: finalization ( some time )
Running phase: cleanup ( some time )
