Analyzing './from_boomerang/line1/ia32_elf_by_boomerang/subject.exe' as a x86 32 ELF binary file.

0 Procs, 0 Labels, 0 Branches, 0 / 0 kB covered
./from_boomerang/line1/ia32_elf_by_boomerang/subject.exe: 33 sections starting at 0x00002014
./from_boomerang/line1/ia32_elf_by_boomerang/subject.exe: section string table at 0x000024C4, 0x11E bytes
 Offset:  [ix]  Address    Size    Offset  Name
00002014: [ 0] 00000000 00000000 00000000 
0000203C: [ 1] 08048114 00000013 00000114 .interp
00002064: [ 2] 08048128 00000020 00000128 .note.ABI-tag
0000208C: [ 3] 08048148 00000038 00000148 .hash
000020B4: [ 4] 08048180 00000090 00000180 .dynsym
000020DC: [ 5] 08048210 00000070 00000210 .dynstr
00002104: [ 6] 08048280 00000012 00000280 .gnu.version
0000212C: [ 7] 08048294 00000030 00000294 .gnu.version_r
00002154: [ 8] 080482C4 00000008 000002C4 .rel.dyn
0000217C: [ 9] 080482CC 00000030 000002CC .rel.plt
000021A4: [10] 080482FC 00000017 000002FC .init
000021CC: [11] 08048314 00000070 00000314 .plt
000021F4: [12] 08048390 000002A0 00000390 .text
0000221C: [13] 08048630 0000001B 00000630 .fini
00002244: [14] 0804864C 0000000E 0000064C .rodata
0000226C: [15] 0804965C 0000000C 0000065C .data
00002294: [16] 08049668 00000004 00000668 .eh_frame
000022BC: [17] 0804966C 000000C8 0000066C .dynamic
000022E4: [18] 08049734 00000008 00000734 .ctors
0000230C: [19] 0804973C 00000008 0000073C .dtors
00002334: [20] 08049744 00000004 00000744 .jcr
0000235C: [21] 08049748 00000028 00000748 .got
00002384: [22] 08049770 00000004 00000770 .bss
000023AC: [23] 00000000 00000115 00000770 .comment
000023D4: [24] 00000000 00000078 00000888 .debug_aranges
000023FC: [25] 00000000 00000025 00000900 .debug_pubnames
00002424: [26] 00000000 00000B23 00000925 .debug_info
0000244C: [27] 00000000 00000138 00001448 .debug_abbrev
00002474: [28] 00000000 000002A1 00001580 .debug_line
0000249C: [29] 00000000 000006D4 00001821 .debug_str
000024C4: [30] 00000000 0000011E 00001EF5 .shstrtab
000024EC: [31] 00000000 00000700 0000253C .symtab
00002514: [32] 00000000 000004AB 00002C3C .strtab
Matching signatures...
0 Procs, 0 Labels, 0 Branches, 0 / 1 kB covered
0 Procs, 0 Labels, 0 Branches, 0 / 1 kB covered
Separating code and data...
0 Procs, 0 Labels, 0 Branches, 0 / 1 kB covered
0 Procs, 17 Labels, 15 Branches, 0 / 1 kB covered
0 Procs, 19 Labels, 16 Branches, 0 / 1 kB covered
0 Procs, 22 Labels, 18 Branches, 0 / 1 kB covered
0 Procs, 23 Labels, 19 Branches, 0 / 1 kB covered
0 Procs, 24 Labels, 20 Branches, 0 / 1 kB covered
0 Procs, 25 Labels, 21 Branches, 0 / 1 kB covered
0 Procs, 26 Labels, 22 Branches, 0 / 1 kB covered
0 Procs, 27 Labels, 23 Branches, 0 / 1 kB covered
0 Procs, 28 Labels, 24 Branches, 0 / 1 kB covered
0 Procs, 29 Labels, 25 Branches, 0 / 1 kB covered
0 Procs, 30 Labels, 26 Branches, 0 / 1 kB covered
0 Procs, 31 Labels, 27 Branches, 0 / 1 kB covered
0 Procs, 32 Labels, 28 Branches, 0 / 1 kB covered
0 Procs, 33 Labels, 29 Branches, 0 / 1 kB covered
0 Procs, 33 Labels, 29 Branches, 0 / 1 kB covered
0 Procs, 40 Labels, 34 Branches, 0 / 1 kB covered
0 Procs, 40 Labels, 34 Branches, 0 / 1 kB covered
0 Procs, 44 Labels, 39 Branches, 0 / 1 kB covered
0 Procs, 52 Labels, 49 Branches, 0 / 1 kB covered
0 Procs, 59 Labels, 56 Branches, 0 / 1 kB covered
0 Procs, 65 Labels, 66 Branches, 0 / 1 kB covered
0 Procs, 65 Labels, 66 Branches, 0 / 1 kB covered
0 Procs, 65 Labels, 66 Branches, 0 / 1 kB covered
0 Procs, 65 Labels, 66 Branches, 0 / 1 kB covered
26 Procs, 65 Labels, 66 Branches, 0 / 1 kB covered
26 Procs, 65 Labels, 66 Branches, 0 / 1 kB covered
26 Procs, 65 Labels, 66 Branches, 0 / 1 kB covered
26 Procs, 65 Labels, 66 Branches, 0 / 1 kB covered
26 Procs, 65 Labels, 66 Branches, 0 / 1 kB covered
26 Procs, 65 Labels, 66 Branches, 0 / 1 kB covered
26 Procs, 65 Labels, 66 Branches, 0 / 1 kB covered
26 Procs, 65 Labels, 66 Branches, 0 / 1 kB covered
26 Procs, 65 Labels, 66 Branches, 0 / 1 kB covered
26 Procs, 65 Labels, 66 Branches, 0 / 1 kB covered
26 Procs, 65 Labels, 66 Branches, 0 / 1 kB covered
26 Procs, 65 Labels, 66 Branches, 0 / 1 kB covered
26 Procs, 65 Labels, 66 Branches, 0 / 1 kB covered
26 Procs, 65 Labels, 66 Branches, 0 / 1 kB covered
26 Procs, 65 Labels, 66 Branches, 0 / 1 kB covered
26 Procs, 65 Labels, 66 Branches, 0 / 1 kB covered
26 Procs, 65 Labels, 66 Branches, 0 / 1 kB covered
26 Procs, 65 Labels, 66 Branches, 0 / 1 kB covered
26 Procs, 65 Labels, 66 Branches, 0 / 1 kB covered
26 Procs, 65 Labels, 66 Branches, 0 / 1 kB covered
26 Procs, 65 Labels, 66 Branches, 0 / 1 kB covered
26 Procs, 65 Labels, 66 Branches, 0 / 1 kB covered
26 Procs, 65 Labels, 66 Branches, 0 / 1 kB covered
26 Procs, 65 Labels, 66 Branches, 0 / 1 kB covered
26 Procs, 65 Labels, 66 Branches, 0 / 1 kB covered
26 Procs, 65 Labels, 66 Branches, 0 / 1 kB covered
26 Procs, 65 Labels, 66 Branches, 0 / 1 kB covered
26 Procs, 65 Labels, 66 Branches, 0 / 1 kB covered
Resolving indirect jumps...
26 Procs, 65 Labels, 66 Branches, 0 / 1 kB covered
26 Procs, 65 Labels, 66 Branches, 0 / 1 kB covered
Resolving constants and strings...
26 Procs, 65 Labels, 66 Branches, 0 / 1 kB covered
Discovering unreached functions...
26 Procs, 65 Labels, 66 Branches, 0 / 1 kB covered
Computing call tree...
26 Procs, 65 Labels, 66 Branches, 0 / 1 kB covered
Computing calling conventions...
26 Procs, 65 Labels, 66 Branches, 0 / 1 kB covered
Computing Calling Convention: 2/26  0x08048324
Computing Calling Convention: 3/26  0x0804832A
Computing Calling Convention: 4/26  0x08048334
Computing Calling Convention: 5/26  0x0804833A
Computing Calling Convention: 6/26  0x08048344
Computing Calling Convention: 7/26  0x0804834A
Computing Calling Convention: 8/26  0x08048354
Computing Calling Convention: 9/26  0x0804835A
Computing Calling Convention: 10/26  0x08048364
Computing Calling Convention: 11/26  0x0804836A
Computing Calling Convention: 12/26  0x08048374
Computing Calling Convention: 13/26  0x0804837A
Computing Calling Convention: 15/26  0x080483B4
Computing Calling Convention: 16/26  0x080483BD
Computing Calling Convention: 17/26  0x080483E0
Computing Calling Convention: 18/26  0x08048420
Computing Calling Convention: 19/26  0x08048454
Computing Calling Convention: 20/26  0x080484A3
Computing Calling Convention: 23/26  0x080485F0
Computing Calling Convention: 24/26  0x08048600
Computing Calling Convention: 26/26  0x08048639
Computing Calling Convention: 1/5  0x080482FC
Computing Calling Convention: 2/5  0x08048390
Computing Calling Convention: 3/5  0x08048540
Computing Calling Convention: 5/5  0x08048630
Computing Calling Convention: 1/1  0x080485A0
Computing label cross-references...
26 Procs, 65 Labels, 66 Branches, 0 / 1 kB covered
File analysis complete.
26 Procs, 65 Labels, 66 Branches, 0 / 1 kB covered

Decompiling 1/26: 0x080482FC
Decompiling 2/26: 0x08048324
Decompiling 3/26: 0x0804832A
Decompiling 4/26: 0x08048334
Decompiling 5/26: 0x0804833A
Decompiling 6/26: 0x08048344
Decompiling 7/26: 0x0804834A
Decompiling 8/26: 0x08048354
Decompiling 9/26: 0x0804835A
Decompiling 10/26: 0x08048364
Decompiling 11/26: 0x0804836A
Decompiling 12/26: 0x08048374
Decompiling 13/26: 0x0804837A
Decompiling 14/26: 0x08048390
Decompiling 15/26: 0x080483B4
Decompiling 16/26: 0x080483BD
Decompiling 17/26: 0x080483E0
Decompiling 18/26: 0x08048420
Decompiling 19/26: 0x08048454
Decompiling 20/26: 0x080484A3
Decompiling 21/26: 0x08048540
Decompiling 22/26: 0x080485A0
Decompiling 23/26: 0x080485F0
Decompiling 24/26: 0x08048600
Decompiling 25/26: 0x08048630
Decompiling 26/26: 0x08048639
Decompiling 26/26: 0x08048639

