[I] JEB 4.11.0.202201181921 (jeb-ce) is starting...
[I] Current directory: SUBJECTS
[I] Base directory: JEBDIR
[I] System: Mac OS X 12.2 (aarch64) de_DE
[I] Java: Homebrew 17.0.1
[I] Memory Usage: 39.2M used (224.8M free, 6.0G max)
[I] Initializing Jython, please wait...
Processing file: SUBJECTS/from_internet/fizzbuzz/answer_from_neil/x64_elf/subject.exe...
[W] {subject.exe > subject.exe}: The notes section ".gnu.build.attributes" was not processed
[I] {subject.exe > subject.exe > x86_64 image}: Detected compiler: unknown (Linux)
[I] {subject.exe > subject.exe > x86_64 image}: Initial native analysis styles: code gaps: PROLOGUES_ONLY, data gaps: DEFAULT
[I] {subject.exe > subject.exe > x86_64 image}: Analysis completed (0s)
[I] {subject.exe > subject.exe > x86_64 image}: Initial analysis created 21 methods
Output folder: jeb_output
  0/ 21: Method: sub_4012A0
  1/ 21: 1/21: sub_4012A0 (DONE:55ms)
  1/ 21: Method: sub_4012E0
  2/ 21: 2/21: sub_4012E0 (DONE:9ms)
  2/ 21: Method: initializer_0
  3/ 21: 3/21: initializer_0 (DONE:84ms)
  3/ 21: Method: sub_401026
  4/ 21: 4/21: sub_401026 (DONE:10ms)
  4/ 21: Method: →memcpy
  5/ 21: 5/21: →memcpy (DONE:40ms)
  5/ 21: Method: sub_401310
  6/ 21: 6/21: sub_401310 (DONE:6ms)
  6/ 21: Method: sub_40128D
  7/ 21: 7/21: sub_40128D (DONE:21ms)
  7/ 21: Method: sub_4012CF
  8/ 21: 8/21: sub_4012CF (DONE:15ms)
  8/ 21: Method: →write
  9/ 21: 9/21: →write (DONE:20ms)
  9/ 21: Method: →sprintf
 10/ 21: 10/21: →sprintf (DONE:13ms)
 10/ 21: Method: deregister_tm_clones
 11/ 21: 11/21: deregister_tm_clones (DONE:16ms)
 11/ 21: Method: register_tm_clones
 12/ 21: 12/21: register_tm_clones (DONE:58ms)
 12/ 21: Method: sub_4012FD
 13/ 21: 13/21: sub_4012FD (DONE:12ms)
 13/ 21: Method: initializer_1
 14/ 21: 14/21: initializer_1 (DONE:5ms)
 14/ 21: Method: _dl_relocate_static_pie
 15/ 21: 15/21: _dl_relocate_static_pie (DONE:6ms)
 15/ 21: Method: __libc_csu_fini
 16/ 21: 16/21: __libc_csu_fini (DONE:4ms)
 16/ 21: Method: finalizer_0
 17/ 21: 17/21: finalizer_0 (DONE:8ms)
 17/ 21: Method: main
 18/ 21: 18/21: main (DONE:917ms)
 18/ 21: Method: finalizer_1
 19/ 21: 19/21: finalizer_1 (DONE:21ms)
 19/ 21: Method: __libc_csu_init
 20/ 21: 20/21: __libc_csu_init (DONE:103ms)
 20/ 21: Method: _start
 21/ 21: 21/21: _start (DONE:19ms)
Exectime: 2.130000 sec
[I] Done.
