in proc proc1 adding addrExp r1{0} - 32 to local table
in proc proc1 adding addrExp r1{0} - 4 to local table
in proc proc1 adding addrExp r1{0} - 24 to local table
in proc proc1 adding addrExp r1{0} - 20 to local table
finding final parameters for proc1
potential param r1
found new parameter r1
potential param r3
found new parameter r3
potential param r4
found new parameter r4
after removing matching assigns (%pc).
in proc main adding addrExp r1{0} - 32 to local table
in proc main adding addrExp r1{0} - 4 to local table
in proc main adding addrExp r1{0} + 4 to local table
### WARNING: iteration limit exceeded for dfaTypeAnalysis of procedure main ###
in proc main adding addrExp r1{0} - 32 to local table
in proc main adding addrExp r1{0} - 4 to local table
TYPE ERROR: at address 0xfffffffc, overlapping type __size32 does not resolve to compound or array
in proc main adding addrExp r1{0} + 4 to local table
finding final parameters for proc1
potential param r3
found new parameter r3
potential param r4
found new parameter r4
local g3 has type __size32 that doesn't agree with type of define void of a library, why?
dest is not lib
call:   11 {*32* r0, *j32* g3, *32* r9, *32* r11} := CALL proc1(
                *32* g3 := 11
                *32* g4 := 4
              )
              Reaching definitions: r0=machine("%LR"),   r1=r1{0} - 32,   r3=11,   r4=4,   r5=r5{0},   r31=r1{0} - 32,
                m[r1{0} + 4]=machine("%LR"),   m[r1{0} - 4]=r31{0},   m[r1{0} - 32]=r1{0}
              Live variables: g3 in proc main
result:    0 *j32* g3 := -
dest is not lib
call:   19 {*v* g3, *32* r5, *32* r6, *32* r7, *32* r8, *32* r9, *32* r10, *v* r11, *32* r12} := CALL printf(
                *c** g3 := "%i
"
                *j32* g4 := g3
              )
              Reaching definitions: r0=r3{11},   r1=r1{0} - 32,   r3=0x10000840,   r4=r3{11},   r5=r5{0},
                r9=0x10000000,   r11=r11{11},   r31=r1{0} - 32,   r65=0,   m[r1{0} + 4]=machine("%LR"),
                m[r1{0} - 4]=r31{0},   m[r1{0} - 32]=r1{0}
              Live variables:  in proc main
