[I] JEB 4.11.0.202201181921 (jeb-ce) is starting...
[I] Current directory: SUBJECTS
[I] Base directory: JEBDIR
[I] System: Mac OS X 12.2 (aarch64) de_DE
[I] Java: Homebrew 17.0.1
[I] Memory Usage: 39.2M used (224.8M free, 6.0G max)
[I] Initializing Jython, please wait...
Processing file: SUBJECTS/from_rec/vars2/x64_elf_from_rec_gcc_O2/subject.exe...
[I] {subject.exe > subject.exe > x86_64 image}: Detected compiler: unknown (Linux)
[I] {subject.exe > subject.exe > x86_64 image}: Initial native analysis styles: code gaps: PROLOGUES_ONLY, data gaps: DEFAULT
[E] The routine at 0x4003A6 no longer exists!
[I] {subject.exe > subject.exe > x86_64 image}: Analysis completed (0s)
[I] {subject.exe > subject.exe > x86_64 image}: Initial analysis created 12 methods
Output folder: jeb_output
  0/ 12: Method: →__libc_start_main
  1/ 12: 1/12: →__libc_start_main (DONE:98ms)
  1/ 12: Method: call_gmon_start
  2/ 12: 2/12: call_gmon_start (DONE:70ms)
  2/ 12: Method: __do_global_dtors_aux
  3/ 12: 3/12: __do_global_dtors_aux (DONE:110ms)
  3/ 12: Method: frame_dummy
  4/ 12: 4/12: frame_dummy (DONE:30ms)
  4/ 12: Method: __do_global_ctors_aux
[C] java.lang.IllegalArgumentException: Entry point is an unknown address
[C] 	at com.pnfsoftware.jeb.core.units.code.asm.analyzer.BranchTarget.<init>(SourceFile:41)
  5/ 12: 5/12: __do_global_ctors_aux (DONE:62ms)
  5/ 12: Method: initializer_0
  6/ 12: 6/12: initializer_0 (DONE:27ms)
  6/ 12: Method: func
  7/ 12: 7/12: func (DONE:6ms)
  7/ 12: Method: main
  8/ 12: 8/12: main (DONE:8ms)
  8/ 12: Method: __libc_csu_fini
  9/ 12: 9/12: __libc_csu_fini (DONE:4ms)
  9/ 12: Method: _start
 10/ 12: 10/12: _start (DONE:31ms)
 10/ 12: Method: finalizer_0
 11/ 12: 11/12: finalizer_0 (DONE:16ms)
 11/ 12: Method: __libc_csu_init
 12/ 12: 12/12: __libc_csu_init (DONE:67ms)
1/1 DECOMPILATION ERROR: METHOD __do_global_ctors_aux: java.lang.IllegalArgumentException: Entry point is an unknown address
	at com.pnfsoftware.jeb.core.units.code.asm.analyzer.BranchTarget.<init>(SourceFile:41)
	at com.pnfsoftware.jebglobal.ts.oD(SourceFile:332)
	at com.pnfsoftware.jebglobal.ts.oD(SourceFile:662)
	at com.pnfsoftware.jebglobal.ts.MC(SourceFile:463)
	at com.pnfsoftware.jebglobal.u.Na(SourceFile:71)
	at com.pnfsoftware.jebglobal.ls.oD(SourceFile:116)
	at com.pnfsoftware.jebglobal.yu.oy(SourceFile:182)
	at com.pnfsoftware.jebglobal.yu.oD(SourceFile:135)
	at com.pnfsoftware.jebglobal.yu.oD(SourceFile:122)
	at com.pnfsoftware.jebglobal.WW.oD(SourceFile:561)
	at com.pnfsoftware.jebglobal.WW.oD(SourceFile:349)
	at com.pnfsoftware.jebglobal.xF.oD(SourceFile:1127)
	at com.pnfsoftware.jebglobal.xF.oD(SourceFile:604)
	at com.pnfsoftware.jebglobal.xF.oD(SourceFile:526)
	at com.pnfsoftware.jebglobal.xF.oD(SourceFile:512)
	at com.pnfsoftware.jebglobal.xF.decompileMethod(SourceFile:868)
	at com.pnfsoftware.jebglobal.xF.decompileMethods(SourceFile:985)
	at com.pnfsoftware.jeb.core.units.code.asm.decompiler.NativeDecompilerExporter.process(SourceFile:100)
	at com.pnfsoftware.jeb.core.units.code.DecompilerExporter.export(SourceFile:223)
	at java.base/jdk.internal.reflect.NativeMethodAccessorImpl.invoke0(Native Method)
	at java.base/jdk.internal.reflect.NativeMethodAccessorImpl.invoke(NativeMethodAccessorImpl.java:77)
	at java.base/jdk.internal.reflect.DelegatingMethodAccessorImpl.invoke(DelegatingMethodAccessorImpl.java:43)
	at java.base/java.lang.reflect.Method.invoke(Method.java:568)
	at org.python.core.PyReflectedFunction.__call__(PyReflectedFunction.java:190)
	at org.python.core.PyReflectedFunction.__call__(PyReflectedFunction.java:208)
	at org.python.core.PyObject.__call__(PyObject.java:461)
	at org.python.core.PyObject.__call__(PyObject.java:465)
	at org.python.core.PyMethod.__call__(PyMethod.java:126)
	at jeb_DecompileFile$py.decompileCodeUnit$3(SUBJECTS/scripts/jeb_DecompileFile.py:103)
	at jeb_DecompileFile$py.call_function(SUBJECTS/scripts/jeb_DecompileFile.py)
	at org.python.core.PyTableCode.call(PyTableCode.java:173)
	at org.python.core.PyBaseCode.call(PyBaseCode.java:150)
	at org.python.core.PyFunction.__call__(PyFunction.java:426)
	at org.python.core.PyMethod.__call__(PyMethod.java:141)
	at jeb_DecompileFile$py.run$2(SUBJECTS/scripts/jeb_DecompileFile.py:65)
	at jeb_DecompileFile$py.call_function(SUBJECTS/scripts/jeb_DecompileFile.py)
	at org.python.core.PyTableCode.call(PyTableCode.java:173)
	at org.python.core.PyBaseCode.call(PyBaseCode.java:306)
	at org.python.core.PyBaseCode.call(PyBaseCode.java:197)
	at org.python.core.PyFunction.__call__(PyFunction.java:485)
	at org.python.core.PyMethod.instancemethod___call__(PyMethod.java:237)
	at org.python.core.PyMethod.__call__(PyMethod.java:228)
	at org.python.core.PyMethod.__call__(PyMethod.java:218)
	at org.python.core.PyMethod.__call__(PyMethod.java:213)
	at org.python.core.PyObject._jcallexc(PyObject.java:3565)
	at org.python.core.PyObject._jcall(PyObject.java:3598)
	at org.python.proxies.jeb_DecompileFile$jeb_DecompileFile$0.run(Unknown Source)
	at com.pnfsoftware.jeb.client.script.ScriptLoader.execute(SourceFile:143)
	at com.pnfsoftware.jeb.vd.start(SourceFile:74)
	at com.pnfsoftware.jeb.Launcher.main(SourceFile:254)

Exectime: 0.974000 sec
[I] Done.
