
Database SUBJECTS/from_holdec/int_math_with_constants/x64_elf_gcc_Os/subject.exe.i64 already exists.
Do you want to overwrite it? -> ~L~oad existing
IDA has found an unpacked version of database: SUBJECTS/from_holdec/int_math_with_constants/x64_elf_gcc_Os/subject.exe.i64
on the disk.
It appears IDA did not close properly;
it is probably safer to restart your work from the packed database -> ~R~estore packed base

  bytes   pages size description
--------- ----- ---- --------------------------------------------
  4866048   594 8192 allocating memory for b-tree...
  3153920   385 8192 allocating memory for virtual array...
   262144    32 8192 allocating memory for name pointers...
-----------------------------------------------------------------
  8282112            total memory allocated

Loading processor module IDADIR/procs/pc64.so for metapc...Initializing processor module metapc...OK
Loading type libraries...
Autoanalysis subsystem has been initialized.
Database for file 'subject.exe' has been loaded.
Hex-Rays Decompiler plugin has been loaded (v7.6.0.210427)
  The hotkeys are F5: decompile, Ctrl-F5: decompile all.

  Please check the Edit/Plugins menu for more informaton.
=== start of cleanup script -> OK
  function at 00400390  LIB  with name '.init_proc'
  function at 004003B0       with name 'main'
  function at 004004D0  LIB  with name '_start'
  function at 00400500  LIB  with name 'deregister_tm_clones'
  function at 00400540  LIB  with name 'register_tm_clones'
  function at 00400580  LIB  with name '__do_global_dtors_aux'
  function at 004005A0  LIB  with name 'frame_dummy'
  function at 004005C6       with name 'signed_char_add'
  function at 004041B3       with name 'signed_char_mult'
  function at 00408254       with name 'signed_char_div'
  function at 0040A3D2       with name 'signed_char_modulo'
  function at 0040D845       with name 'unsigned_char_add'
  function at 00411432       with name 'unsigned_char_mult'
  function at 004154D3       with name 'unsigned_char_div'
  function at 00417939       with name 'unsigned_char_modulo'
  function at 0041B36B       with name 'signed_short_add'
  function at 0041F8EC       with name 'signed_short_mult'
  function at 0042387B       with name 'signed_short_div'
  function at 0042A66E       with name 'signed_short_modulo'
  function at 0043145D       with name 'unsigned_short_add'
  function at 004359DE       with name 'unsigned_short_mult'
  function at 0043996D       with name 'unsigned_short_div'
  function at 0043F723       with name 'unsigned_short_modulo'
  function at 004454CF       with name 'signed_int_add'
  function at 004497CF       with name 'signed_int_mult'
  function at 0044D659       with name 'signed_int_div'
  function at 00452652       with name 'signed_int_modulo'
  function at 00457649       with name 'unsigned_int_add'
  function at 0045B949       with name 'unsigned_int_mult'
  function at 0045F7D3       with name 'unsigned_int_div'
  function at 00464B8E       with name 'unsigned_int_modulo'
  function at 00469F4A       with name 'signed_long_int_add'
  function at 0046EE4A       with name 'signed_long_int_mult'
  function at 004734DE       with name 'signed_long_int_div'
  function at 004794D5       with name 'signed_long_int_modulo'
  function at 0047F4C9       with name 'unsigned_long_int_add'
  function at 004843C9       with name 'unsigned_long_int_mult'
  function at 00488A5D       with name 'unsigned_long_int_div'
  function at 0048EA17       with name 'unsigned_long_int_modulo'
  function at 004949C6       with name 'signed_long_long_add'
  function at 004998C6       with name 'signed_long_long_mult'
  function at 0049DF5A       with name 'signed_long_long_div'
  function at 004A3F51       with name 'signed_long_long_modulo'
  function at 004A9F45       with name 'unsigned_long_long_add'
  function at 004AEE45       with name 'unsigned_long_long_mult'
  function at 004B34D9       with name 'unsigned_long_long_div'
  function at 004B9493       with name 'unsigned_long_long_modulo'
  function at 004BF450  LIB  with name '__libc_csu_init'
  function at 004BF4C0  LIB  with name '__libc_csu_fini'
  function at 004BF4C4  LIB  with name '.term_proc'
  function at 006D7048  LIB  with name '__libc_start_main'
  function at 006D7050       with name '__gmon_start__'
finished -> OK
TIMESTAMP decompiling 4005C6 size=0000000000003BED times=0...
TIMESTAMP decompiling 4041B3 size=00000000000040A1 times=0...
TIMESTAMP decompiling 408254 size=000000000000217E times=0...
TIMESTAMP decompiling 40A3D2 size=0000000000003473 times=0...
TIMESTAMP decompiling 40D845 size=0000000000003BED times=0...
TIMESTAMP decompiling 411432 size=00000000000040A1 times=0...
TIMESTAMP decompiling 4154D3 size=0000000000002466 times=0...
TIMESTAMP decompiling 417939 size=0000000000003A32 times=0...
TIMESTAMP decompiling 41B36B size=0000000000004581 times=0...
TIMESTAMP decompiling 41F8EC size=0000000000003F8F times=0...
TIMESTAMP decompiling 42387B size=0000000000006DF3 times=0...
TIMESTAMP decompiling 42A66E size=0000000000006DEF times=0...
