Analyzing './from_boomerang/funcptr/sparc_elf_from_boomerang/subject.exe' as a Sparc 32 ELF binary file.

0 Procs, 0 Labels, 0 Branches, 0 / 0 kB covered
./from_boomerang/funcptr/sparc_elf_from_boomerang/subject.exe: no .debug_info section
./from_boomerang/funcptr/sparc_elf_from_boomerang/subject.exe: 29 sections starting at 0x0000143C
./from_boomerang/funcptr/sparc_elf_from_boomerang/subject.exe: section string table at 0x00001874, 0xDF bytes
 Offset:  [ix]  Address    Size    Offset  Name
0000143C: [ 0] 00000000 00000000 00000000 
00001464: [ 1] 000100D4 00000011 000000D4 .interp
0000148C: [ 2] 000100E8 000000C4 000000E8 .hash
000014B4: [ 3] 000101AC 00000180 000001AC .dynsym
000014DC: [ 4] 0001032C 00000100 0000032C .dynstr
00001504: [ 5] 0001042C 00000020 0000042C .SUNW_version
0000152C: [ 6] 0001044C 00000024 0000044C .rela.got
00001554: [ 7] 00010470 0000000C 00000470 .rela.bss
0000157C: [ 8] 0001047C 00000054 0000047C .rela.plt
000015A4: [ 9] 000104D0 000002C0 000004D0 .text
000015CC: [10] 00010790 0000001C 00000790 .init
000015F4: [11] 000107AC 00000014 000007AC .fini
0000161C: [12] 000107C0 00000018 000007C0 .rodata
00001644: [13] 000207D8 00000028 000007D8 .got
0000166C: [14] 00020800 00000088 00000800 .plt
00001694: [15] 00020888 000000B8 00000888 .dynamic
000016BC: [16] 00020940 0000000C 00000940 .data
000016E4: [17] 0002094C 00000008 0000094C .ctors
0000170C: [18] 00020954 00000008 00000954 .dtors
00001734: [19] 0002095C 00000004 0000095C .eh_frame
0000175C: [20] 00020960 00000004 00000960 .jcr
00001784: [21] 00020964 00000004 00000964 .data.rel.local
000017AC: [22] 00020968 00000020 00000968 .bss
000017D4: [23] 00000000 00000500 00000968 .symtab
000017FC: [24] 00000000 0000020D 00000E68 .strtab
00001824: [25] 00000000 0000014A 00001075 .comment
0000184C: [26] 00000000 00000024 000011C0 .stab.index
00001874: [27] 00000000 000000DF 000011E4 .shstrtab
0000189C: [28] 00000000 00000176 000012C3 .stab.indexstr
Matching signatures...
0 Procs, 0 Labels, 0 Branches, 0 / 2 kB covered
0 Procs, 0 Labels, 0 Branches, 0 / 2 kB covered
Separating code and data...
0 Procs, 0 Labels, 0 Branches, 0 / 2 kB covered
0 Procs, 43 Labels, 35 Branches, 0 / 2 kB covered
0 Procs, 44 Labels, 35 Branches, 0 / 2 kB covered
0 Procs, 44 Labels, 36 Branches, 0 / 2 kB covered
0 Procs, 44 Labels, 36 Branches, 0 / 2 kB covered
0 Procs, 45 Labels, 37 Branches, 0 / 2 kB covered
0 Procs, 48 Labels, 40 Branches, 0 / 2 kB covered
0 Procs, 48 Labels, 42 Branches, 0 / 2 kB covered
0 Procs, 48 Labels, 42 Branches, 0 / 2 kB covered
0 Procs, 48 Labels, 42 Branches, 0 / 2 kB covered
0 Procs, 48 Labels, 43 Branches, 0 / 2 kB covered
0 Procs, 48 Labels, 43 Branches, 0 / 2 kB covered
0 Procs, 49 Labels, 45 Branches, 0 / 2 kB covered
21 Procs, 49 Labels, 45 Branches, 0 / 2 kB covered
21 Procs, 49 Labels, 45 Branches, 0 / 2 kB covered
21 Procs, 49 Labels, 45 Branches, 0 / 2 kB covered
21 Procs, 49 Labels, 45 Branches, 0 / 2 kB covered
21 Procs, 49 Labels, 45 Branches, 0 / 2 kB covered
21 Procs, 49 Labels, 45 Branches, 0 / 2 kB covered
21 Procs, 49 Labels, 45 Branches, 0 / 2 kB covered
21 Procs, 49 Labels, 45 Branches, 0 / 2 kB covered
21 Procs, 49 Labels, 45 Branches, 0 / 2 kB covered
21 Procs, 49 Labels, 45 Branches, 0 / 2 kB covered
21 Procs, 49 Labels, 45 Branches, 0 / 2 kB covered
21 Procs, 49 Labels, 45 Branches, 0 / 2 kB covered
21 Procs, 49 Labels, 45 Branches, 0 / 2 kB covered
21 Procs, 49 Labels, 45 Branches, 0 / 2 kB covered
21 Procs, 49 Labels, 45 Branches, 0 / 2 kB covered
21 Procs, 49 Labels, 45 Branches, 0 / 2 kB covered
Resolving indirect jumps...
21 Procs, 49 Labels, 45 Branches, 0 / 2 kB covered
21 Procs, 49 Labels, 45 Branches, 0 / 2 kB covered
Resolving constants and strings...
21 Procs, 49 Labels, 45 Branches, 0 / 2 kB covered
Discovering unreached functions...
21 Procs, 49 Labels, 45 Branches, 0 / 2 kB covered
Computing call tree...
21 Procs, 49 Labels, 45 Branches, 0 / 2 kB covered
Computing calling conventions...
21 Procs, 49 Labels, 45 Branches, 0 / 2 kB covered
Computing Calling Convention: 2/21  0x00010544
Computing Calling Convention: 3/21  0x0001054C
Computing Calling Convention: 4/21  0x000105FC
Computing Calling Convention: 6/21  0x00010690
Computing Calling Convention: 9/21  0x000106E0
Computing Calling Convention: 10/21  0x00010728
Computing Calling Convention: 11/21  0x00010730
Computing Calling Convention: 12/21  0x00010780
Computing Calling Convention: 14/21  0x000107AC
Computing Calling Convention: 15/21  0x00020830
Computing Calling Convention: 16/21  0x0002083C
Computing Calling Convention: 17/21  0x00020848
Computing Calling Convention: 18/21  0x00020854
Computing Calling Convention: 19/21  0x00020860
Computing Calling Convention: 20/21  0x0002086C
Computing Calling Convention: 21/21  0x00020878
Computing Calling Convention: 2/5  0x0001060C
Computing Calling Convention: 3/5  0x000106A0
Computing Calling Convention: 4/5  0x000106C0
Computing Calling Convention: 5/5  0x00010790
Computing Calling Convention: 1/1  0x000104D0
Computing label cross-references...
21 Procs, 49 Labels, 45 Branches, 0 / 2 kB covered
File analysis complete.
21 Procs, 49 Labels, 45 Branches, 0 / 2 kB covered

Decompiling 1/21: 0x000104D0
Decompiling 2/21: 0x00010544
Decompiling 3/21: 0x0001054C
Decompiling 4/21: 0x000105FC
Decompiling 5/21: 0x0001060C
Decompiling 6/21: 0x00010690
Decompiling 7/21: 0x000106A0
Decompiling 8/21: 0x000106C0
Decompiling 9/21: 0x000106E0
Decompiling 10/21: 0x00010728
Decompiling 11/21: 0x00010730
Decompiling 12/21: 0x00010780
Decompiling 13/21: 0x00010790
Decompiling 14/21: 0x000107AC
Decompiling 15/21: 0x00020830
Decompiling 16/21: 0x0002083C
Decompiling 17/21: 0x00020848
Decompiling 18/21: 0x00020854
Decompiling 19/21: 0x00020860
Decompiling 20/21: 0x0002086C
Decompiling 21/21: 0x00020878
Decompiling 21/21: 0x00020878

