INFO  holdec.an - ### holdec 1.1 Copyright 2003-2012 Raimar Falke
INFO  holdec.an - Using ./from_boomerang/nestedswitch/ia32_elf_by_boomerang/subject.exe as executable
INFO  holdec.fG - Detected ELF (Executable and Linkable Format)
INFO  holdec.ks - reading info from ./from_boomerang/nestedswitch/ia32_elf_by_boomerang/input.info
INFO  holdec.ks - wrote ./from_boomerang/nestedswitch/ia32_elf_by_boomerang/input.info.canonFormat
INFO  holdec.fG - disassembleAndWrite: start a new loop with 1 extra block starts
INFO  holdec.fG - disassembleAndWrite: running multiline
INFO  holdec.ks - wrote ./from_boomerang/nestedswitch/ia32_elf_by_boomerang/input.info
INFO  holdec.ks - wrote ./from_boomerang/nestedswitch/ia32_elf_by_boomerang/input.info
INFO  holdec.fG - disassembleAndWrite: found no new addresses. will stop now.
INFO  holdec.ks - wrote ./from_boomerang/nestedswitch/ia32_elf_by_boomerang/input.info
INFO  holdec.ks - wrote ./from_boomerang/nestedswitch/ia32_elf_by_boomerang/input.info
INFO  holdec.fG - reading all asm lines ...
INFO  holdec.fG - ... read 282 asm lines
WARN  holdec.w - Address 08048114.0 is excluded by the address filter. Maybe outside text section?
WARN  holdec.w - Address 080484d8.0 is excluded by the address filter. Maybe outside text section?
INFO  holdec.an - will decompile 1 functions
WARN  holdec.ag - Referencing unknown line 080482a8.0
WARN  holdec.ag - Referencing unknown line 080482a8.0
WARN  holdec.ag - Referencing unknown line 080482a8.0
WARN  holdec.ag - Referencing unknown line 080482a8.0
WARN  holdec.ag - Referencing unknown line 080482a8.0
WARN  holdec.ag - Referencing unknown line 080482a8.0
WARN  holdec.ag - Referencing unknown line 080482a8.0
INFO  holdec.fO - Skipping stack alignment: 08048385.0+3 l.and esp,0xfffffff0
