Possible file format: ELF for Intel 386 (Executable) (IDADIR/loaders/elf.so)

  bytes   pages size description
--------- ----- ---- --------------------------------------------
   524288    64 8192 allocating memory for b-tree...
    65536     8 8192 allocating memory for virtual array...
   262144    32 8192 allocating memory for name pointers...
-----------------------------------------------------------------
   851968            total memory allocated

Loading file 'SUBJECTS/from_boomerang/nestedswitch/ia32_elf_by_boomerang/subject.exe' into database...
Detected file format: ELF for Intel 386 (Executable)
Loading processor module IDADIR/procs/pc.so for metapc...Initializing processor module metapc...OK
Autoanalysis subsystem has been initialized.
Assuming __cdecl calling convention by default
  0. Creating a new segment  (08048000-08048548) ... ... OK
  1. Creating a new segment  (08049548-08049650) ... ... OK
Assuming __cdecl calling convention by default
Type library 'gnulnx_x86' loaded. Applying types...
Types applied to 0 names.
  2. Creating a new segment  (08048280-08048297) ... ... OK
  3. Creating a new segment  (08048297-08048548) ... ... OK
  4. Creating a new segment  (08048298-080482D8) ... ... OK
  5. Creating a new segment  (080482D8-08048548) ... ... OK
  6. Creating a new segment  (080482D8-080484BC) ... ... OK
     Deleting segment        (080484BC-08048548) ...
  6. Creating a new segment  (080484BC-08048548) ... ... OK
  7. Creating a new segment  (080484BC-080484D6) ... ... OK
     Deleting segment        (080484D6-08048548) ...
  7. Creating a new segment  (080484D6-08048548) ... ... OK
  8. Creating a new segment  (080484D8-08048544) ... ... OK
  9. Creating a new segment  (08048544-08048548) ... ... OK
     Deleting segment        (08048544-08048548) ...
  9. Creating a new segment  (08048544-08048548) ... ... OK
 10. Creating a new segment  (08049548-08049550) ... ... OK
     Deleting segment        (08049550-08049650) ...
 10. Creating a new segment  (08049550-08049650) ... ... OK
 11. Creating a new segment  (08049550-08049558) ... ... OK
     Deleting segment        (08049558-08049650) ...
 11. Creating a new segment  (08049558-08049650) ... ... OK
 12. Creating a new segment  (08049558-0804955C) ... ... OK
     Deleting segment        (0804955C-08049650) ...
 12. Creating a new segment  (0804955C-08049650) ... ... OK
 13. Creating a new segment  (08049624-08049628) ... ... OK
 14. Creating a new segment  (08049628-08049650) ... ... OK
 15. Creating a new segment  (08049628-08049640) ... ... OK
     Deleting segment        (08049640-08049650) ...
 15. Creating a new segment  (08049640-08049650) ... ... OK
 16. Creating a new segment  (08049640-0804964C) ... ... OK
     Deleting segment        (0804964C-08049650) ...
 16. Creating a new segment  (0804964C-08049650) ... ... OK
     Deleting segment        (0804964C-08049650) ...
 16. Creating a new segment  (0804964C-08049650) ... ... OK
 17. Creating a new segment  (08049650-08049651) ... ... OK
 18. Creating a new segment  (08049654-08049664) ... ... OK
 19. Creating a new segment  (08049664-08049694) ... ... OK
Processing relocations...
Marking typical code sequences...
Flushing buffers, please wait...ok
File 'SUBJECTS/from_boomerang/nestedswitch/ia32_elf_by_boomerang/subject.exe' has been successfully loaded into the database.
Hex-Rays Decompiler plugin has been loaded (v7.5.0.201028)
  The hotkeys are F5: decompile, Ctrl-F5: decompile all.
  Please check the Edit/Plugins menu for more informaton.
IDAPython Hex-Rays bindings initialized.
IDA is analysing the input file...
You may start to explore the input file right now.
Propagating type information...
Function argument information has been propagated
lumina: applied metadata to 3 functions.
The initial autoanalysis has been finished.
Flushing buffers, please wait...ok
TIMESTAMP decompiling 8048298 size=0000000C times=0...
The decompiler assumes that the segment '.got.plt' is read-only because of its NAME.
All data references to the segment will be replaced by constant values.
This may lead to drastic changes in the decompiler output.
If the segment is not read-only, please change the segment NAME.

In general, the decompiler checks the segment permissions, class, and name
to determine if it is read-only.
 -> OK
TIMESTAMP decompiling 80482FC size=00000024 times=0...
The decompiler assumes that the segment '.got' is read-only because of its NAME.
All data references to the segment will be replaced by constant values.
This may lead to drastic changes in the decompiler output.
If the segment is not read-only, please change the segment NAME.

In general, the decompiler checks the segment permissions, class, and name
to determine if it is read-only.
 -> OK
TIMESTAMP decompiling 8048320 size=00000032 times=0...
TIMESTAMP decompiling 8048354 size=00000027 times=0...
TIMESTAMP decompiling 804837C size=000000BF times=0...
TIMESTAMP decompiling 804848C size=00000005 times=0...
TIMESTAMP decompiling 8048494 size=00000025 times=0...
TIMESTAMP decompiling 8048280 size=00000017 times=0...
TIMESTAMP decompiling 804843C size=0000004F times=0...
TIMESTAMP decompiling 80482D8 size=00000022 times=0...
TIMESTAMP decompiling 80484BC size=0000001A times=0...
TIMESTAMP The application has been completely decompiled.
Unloading IDP module IDADIR/procs/pc.so...
