Analyzing './from_boomerang/param1/sparc_elf_from_boomerang/subject.exe' as a Sparc 32 ELF binary file.

0 Procs, 0 Labels, 0 Branches, 0 / 0 kB covered
./from_boomerang/param1/sparc_elf_from_boomerang/subject.exe: no .debug_info section
./from_boomerang/param1/sparc_elf_from_boomerang/subject.exe: 28 sections starting at 0x00001420
./from_boomerang/param1/sparc_elf_from_boomerang/subject.exe: section string table at 0x00001858, 0xD3 bytes
 Offset:  [ix]  Address    Size    Offset  Name
00001420: [ 0] 00000000 00000000 00000000 
00001448: [ 1] 000100D4 00000011 000000D4 .interp
00001470: [ 2] 000100E8 000000C0 000000E8 .hash
00001498: [ 3] 000101A8 00000170 000001A8 .dynsym
000014C0: [ 4] 00010318 00000108 00000318 .dynstr
000014E8: [ 5] 00010420 00000020 00000420 .SUNW_version
00001510: [ 6] 00010440 00000024 00000440 .rela.got
00001538: [ 7] 00010464 0000000C 00000464 .rela.bss
00001560: [ 8] 00010470 00000054 00000470 .rela.plt
00001588: [ 9] 000104C4 00000264 000004C4 .text
000015B0: [10] 00010728 0000001C 00000728 .init
000015D8: [11] 00010744 00000014 00000744 .fini
00001600: [12] 00010758 00000004 00000758 .rodata
00001628: [13] 00010760 00000010 00000760 .rodata.str1.8
00001650: [14] 00020770 00000028 00000770 .got
00001678: [15] 00020798 00000088 00000798 .plt
000016A0: [16] 00020820 000000C8 00000820 .dynamic
000016C8: [17] 000208E8 0000000C 000008E8 .data
000016F0: [18] 000208F4 00000008 000008F4 .ctors
00001718: [19] 000208FC 00000008 000008FC .dtors
00001740: [20] 00020904 00000004 00000904 .eh_frame
00001768: [21] 00020908 00000004 00000908 .jcr
00001790: [22] 0002090C 00000004 0000090C .data.rel.local
000017B8: [23] 00020910 00000020 00000910 .bss
000017E0: [24] 00000000 000005E0 00000910 .symtab
00001808: [25] 00000000 00000356 00000EF0 .strtab
00001830: [26] 00000000 00000106 00001246 .comment
00001858: [27] 00000000 000000D3 0000134C .shstrtab
Matching signatures...
0 Procs, 0 Labels, 0 Branches, 0 / 2 kB covered
0 Procs, 0 Labels, 0 Branches, 0 / 2 kB covered
Separating code and data...
0 Procs, 0 Labels, 0 Branches, 0 / 2 kB covered
0 Procs, 48 Labels, 39 Branches, 0 / 2 kB covered
0 Procs, 49 Labels, 39 Branches, 0 / 2 kB covered
0 Procs, 49 Labels, 40 Branches, 0 / 2 kB covered
0 Procs, 49 Labels, 40 Branches, 0 / 2 kB covered
0 Procs, 49 Labels, 41 Branches, 0 / 2 kB covered
0 Procs, 49 Labels, 41 Branches, 0 / 2 kB covered
0 Procs, 49 Labels, 41 Branches, 0 / 2 kB covered
0 Procs, 49 Labels, 41 Branches, 0 / 2 kB covered
0 Procs, 49 Labels, 42 Branches, 0 / 2 kB covered
0 Procs, 49 Labels, 42 Branches, 0 / 2 kB covered
0 Procs, 50 Labels, 44 Branches, 0 / 2 kB covered
20 Procs, 50 Labels, 44 Branches, 0 / 2 kB covered
20 Procs, 50 Labels, 44 Branches, 0 / 2 kB covered
20 Procs, 50 Labels, 44 Branches, 0 / 2 kB covered
20 Procs, 50 Labels, 44 Branches, 0 / 2 kB covered
20 Procs, 50 Labels, 44 Branches, 0 / 2 kB covered
20 Procs, 50 Labels, 44 Branches, 0 / 2 kB covered
20 Procs, 50 Labels, 44 Branches, 0 / 2 kB covered
20 Procs, 50 Labels, 44 Branches, 0 / 2 kB covered
20 Procs, 50 Labels, 44 Branches, 0 / 2 kB covered
20 Procs, 50 Labels, 44 Branches, 0 / 2 kB covered
20 Procs, 50 Labels, 44 Branches, 0 / 2 kB covered
20 Procs, 50 Labels, 44 Branches, 0 / 2 kB covered
20 Procs, 50 Labels, 44 Branches, 0 / 2 kB covered
20 Procs, 50 Labels, 44 Branches, 0 / 2 kB covered
20 Procs, 50 Labels, 44 Branches, 0 / 2 kB covered
Resolving indirect jumps...
20 Procs, 50 Labels, 44 Branches, 0 / 2 kB covered
20 Procs, 50 Labels, 44 Branches, 0 / 2 kB covered
Resolving constants and strings...
20 Procs, 50 Labels, 44 Branches, 0 / 2 kB covered
Discovering unreached functions...
20 Procs, 50 Labels, 44 Branches, 0 / 2 kB covered
Computing call tree...
20 Procs, 50 Labels, 44 Branches, 0 / 2 kB covered
Computing calling conventions...
20 Procs, 50 Labels, 44 Branches, 0 / 2 kB covered
Computing Calling Convention: 2/20  0x00010538
Computing Calling Convention: 3/20  0x00010540
Computing Calling Convention: 4/20  0x000105EC
Computing Calling Convention: 6/20  0x0001067C
Computing Calling Convention: 7/20  0x00010688
Computing Calling Convention: 9/20  0x000106C8
Computing Calling Convention: 10/20  0x000106D0
Computing Calling Convention: 11/20  0x0001071C
Computing Calling Convention: 13/20  0x00010744
Computing Calling Convention: 14/20  0x000207C8
Computing Calling Convention: 15/20  0x000207D4
Computing Calling Convention: 16/20  0x000207E0
Computing Calling Convention: 17/20  0x000207EC
Computing Calling Convention: 18/20  0x000207F8
Computing Calling Convention: 19/20  0x00020804
Computing Calling Convention: 20/20  0x00020810
Computing Calling Convention: 2/4  0x000105F8
Computing Calling Convention: 3/4  0x000106A0
Computing Calling Convention: 4/4  0x00010728
Computing Calling Convention: 1/1  0x000104C4
Computing label cross-references...
20 Procs, 50 Labels, 44 Branches, 0 / 2 kB covered
File analysis complete.
20 Procs, 50 Labels, 44 Branches, 0 / 2 kB covered

Decompiling 1/20: 0x000104C4
Decompiling 2/20: 0x00010538
Decompiling 3/20: 0x00010540
Decompiling 4/20: 0x000105EC
Decompiling 5/20: 0x000105F8
Decompiling 6/20: 0x0001067C
Decompiling 7/20: 0x00010688
Decompiling 8/20: 0x000106A0
Decompiling 9/20: 0x000106C8
Decompiling 10/20: 0x000106D0
Decompiling 11/20: 0x0001071C
Decompiling 12/20: 0x00010728
Decompiling 13/20: 0x00010744
Decompiling 14/20: 0x000207C8
Decompiling 15/20: 0x000207D4
Decompiling 16/20: 0x000207E0
Decompiling 17/20: 0x000207EC
Decompiling 18/20: 0x000207F8
Decompiling 19/20: 0x00020804
Decompiling 20/20: 0x00020810
Decompiling 20/20: 0x00020810

