Boomerang alpha 0.3.1 09/Sep/2006
loading...
warning: textDelta different for section .got (ignoring).
decoding entry point...
decoding anything undecoded...
finishing decode...
found 1 procs
decompiling...
decompiling entry point main
 considering main
 decompiling main
rglobal type analysis for main
generating code...
WARNING: no out edge for this BB in main:
L4: Invalid BB:
in edges: 10000484 
out edges: 
10010484

WARNING: no out edge for this BB in main:
L3: Invalid BB:
in edges: 10000468 10000484 
out edges: 
00000000
1000048c
10000490
10000494
10000498
1000049c
100004a0

WARNING: no out edge for this BB in main:
L6: Invalid BB:
in edges: 10000470 
out edges: 
10010450

output written to _output/subject
completed in some time
