Analyzing './from_boomerang/twoproc2/sparc_elf_from_boomerang/subject.exe' as a Sparc 32 ELF binary file.

0 Procs, 0 Labels, 0 Branches, 0 MB used, 0 / 0 kB covered
Elapsed time: 0 sec.
./from_boomerang/twoproc2/sparc_elf_from_boomerang/subject.exe: no .debug_info section
./from_boomerang/twoproc2/sparc_elf_from_boomerang/subject.exe: 29 sections starting at 0x00001488
./from_boomerang/twoproc2/sparc_elf_from_boomerang/subject.exe: section string table at 0x000018C0, 0xEE bytes
 Offset:  [ix]  Address    Size    Offset  Name
00001488: [ 0] 00000000 00000000 00000000 
000014B0: [ 1] 000100D4 00000011 000000D4 .interp
000014D8: [ 2] 000100E8 000000C0 000000E8 .hash
00001500: [ 3] 000101A8 00000170 000001A8 .dynsym
00001528: [ 4] 00010318 00000111 00000318 .dynstr
00001550: [ 5] 0001042C 00000020 0000042C .SUNW_version
00001578: [ 6] 0001044C 00000024 0000044C .rela.got
000015A0: [ 7] 00010470 0000000C 00000470 .rela.bss
000015C8: [ 8] 0001047C 00000054 0000047C .rela.plt
000015F0: [ 9] 000104D0 000002B8 000004D0 .text
00001618: [10] 00010788 0000001C 00000788 .init
00001640: [11] 000107A4 00000014 000007A4 .fini
00001668: [12] 000107B8 0000000C 000007B8 .rodata
00001690: [13] 000207C4 00000028 000007C4 .got
000016B8: [14] 000207EC 00000088 000007EC .plt
000016E0: [15] 00020874 000000B8 00000874 .dynamic
00001708: [16] 0002092C 0000000C 0000092C .data
00001730: [17] 00020938 00000008 00000938 .ctors
00001758: [18] 00020940 00000008 00000940 .dtors
00001780: [19] 00020948 00000004 00000948 .eh_frame
000017A8: [20] 0002094C 00000004 0000094C .jcr
000017D0: [21] 00020950 00000004 00000950 .data.rel.local
000017F8: [22] 00020954 00000020 00000954 .bss
00001820: [23] 00000000 000004F0 00000954 .symtab
00001848: [24] 00000000 00000272 00000E44 .strtab
00001870: [25] 00000000 0000014A 000010B6 .comment
00001898: [26] 00000000 00000024 00001200 .stab.index
000018C0: [27] 00000000 000000EE 00001224 .shstrtab
000018E8: [28] 00000000 00000176 00001312 .stab.indexstr
Matching signatures...
0 Procs, 0 Labels, 0 Branches, 0 MB used, 0 / 2 kB covered
Elapsed time: 0 sec.
0 Procs, 0 Labels, 0 Branches, 0 MB used, 0 / 2 kB covered
Elapsed time: 0 sec.
Separating code and data...
0 Procs, 0 Labels, 0 Branches, 0 MB used, 0 / 2 kB covered
Elapsed time: 0 sec.
0 Procs, 36 Labels, 33 Branches, 0 MB used, 0 / 2 kB covered
Elapsed time: 0 sec.
0 Procs, 36 Labels, 33 Branches, 0 MB used, 0 / 2 kB covered
Elapsed time: 0 sec.
0 Procs, 36 Labels, 33 Branches, 0 MB used, 0 / 2 kB covered
Elapsed time: 0 sec.
0 Procs, 36 Labels, 33 Branches, 0 MB used, 0 / 2 kB covered
Elapsed time: 0 sec.
0 Procs, 38 Labels, 35 Branches, 0 MB used, 0 / 2 kB covered
Elapsed time: 0 sec.
0 Procs, 38 Labels, 35 Branches, 0 MB used, 0 / 2 kB covered
Elapsed time: 0 sec.
0 Procs, 39 Labels, 35 Branches, 0 MB used, 1 / 2 kB covered
Elapsed time: 0 sec.
0 Procs, 40 Labels, 35 Branches, 0 MB used, 1 / 2 kB covered
Elapsed time: 0 sec.
0 Procs, 40 Labels, 35 Branches, 0 MB used, 1 / 2 kB covered
Elapsed time: 0 sec.
0 Procs, 40 Labels, 35 Branches, 0 MB used, 1 / 2 kB covered
Elapsed time: 0 sec.
0 Procs, 40 Labels, 35 Branches, 0 MB used, 1 / 2 kB covered
Elapsed time: 0 sec.
0 Procs, 40 Labels, 35 Branches, 0 MB used, 1 / 2 kB covered
Elapsed time: 0 sec.
0 Procs, 41 Labels, 35 Branches, 0 MB used, 1 / 2 kB covered
Elapsed time: 0 sec.
0 Procs, 42 Labels, 35 Branches, 0 MB used, 1 / 2 kB covered
Elapsed time: 0 sec.
0 Procs, 43 Labels, 35 Branches, 0 MB used, 1 / 2 kB covered
Elapsed time: 0 sec.
0 Procs, 44 Labels, 35 Branches, 0 MB used, 1 / 2 kB covered
Elapsed time: 0 sec.
15 Procs, 44 Labels, 35 Branches, 0 MB used, 1 / 2 kB covered
Elapsed time: 0 sec.
15 Procs, 44 Labels, 35 Branches, 0 MB used, 1 / 2 kB covered
Elapsed time: 0 sec.
15 Procs, 44 Labels, 35 Branches, 0 MB used, 1 / 2 kB covered
Elapsed time: 0 sec.
15 Procs, 44 Labels, 35 Branches, 0 MB used, 1 / 2 kB covered
Elapsed time: 0 sec.
15 Procs, 44 Labels, 35 Branches, 0 MB used, 1 / 2 kB covered
Elapsed time: 0 sec.
15 Procs, 44 Labels, 35 Branches, 0 MB used, 1 / 2 kB covered
Elapsed time: 0 sec.
15 Procs, 44 Labels, 35 Branches, 0 MB used, 1 / 2 kB covered
Elapsed time: 0 sec.
15 Procs, 44 Labels, 35 Branches, 0 MB used, 1 / 2 kB covered
Elapsed time: 0 sec.
15 Procs, 44 Labels, 35 Branches, 0 MB used, 1 / 2 kB covered
Elapsed time: 0 sec.
15 Procs, 44 Labels, 35 Branches, 0 MB used, 1 / 2 kB covered
Elapsed time: 0 sec.
15 Procs, 44 Labels, 35 Branches, 0 MB used, 1 / 2 kB covered
Elapsed time: 0 sec.
15 Procs, 44 Labels, 35 Branches, 0 MB used, 1 / 2 kB covered
Elapsed time: 0 sec.
15 Procs, 44 Labels, 35 Branches, 0 MB used, 1 / 2 kB covered
Elapsed time: 0 sec.
15 Procs, 44 Labels, 35 Branches, 0 MB used, 1 / 2 kB covered
Elapsed time: 0 sec.
15 Procs, 44 Labels, 35 Branches, 0 MB used, 1 / 2 kB covered
Elapsed time: 0 sec.
15 Procs, 44 Labels, 35 Branches, 0 MB used, 1 / 2 kB covered
Elapsed time: 0 sec.
15 Procs, 44 Labels, 35 Branches, 0 MB used, 1 / 2 kB covered
Elapsed time: 0 sec.
15 Procs, 44 Labels, 35 Branches, 0 MB used, 1 / 2 kB covered
Elapsed time: 0 sec.
Resolving indirect jumps...
15 Procs, 44 Labels, 35 Branches, 0 MB used, 1 / 2 kB covered
Elapsed time: 0 sec.
15 Procs, 44 Labels, 35 Branches, 0 MB used, 1 / 2 kB covered
Elapsed time: 0 sec.
Resolving constants and strings...
15 Procs, 44 Labels, 35 Branches, 0 MB used, 1 / 2 kB covered
Elapsed time: 0 sec.
Discovering unreached functions...
15 Procs, 44 Labels, 35 Branches, 0 MB used, 1 / 2 kB covered
Elapsed time: 0 sec.
Computing call tree...
15 Procs, 44 Labels, 35 Branches, 0 MB used, 1 / 2 kB covered
Elapsed time: 0 sec.
Computing calling conventions...
15 Procs, 44 Labels, 35 Branches, 0 MB used, 1 / 2 kB covered
Elapsed time: 0 sec.
Computing Calling Convention: 1/15  0x00010544
Elapsed time: 0 sec.
Computing Calling Convention: 4/15  0x000106A0
Elapsed time: 0 sec.
Computing Calling Convention: 6/15  0x00010720
Elapsed time: 0 sec.
Computing Calling Convention: 7/15  0x00010728
Elapsed time: 0 sec.
Computing Calling Convention: 9/15  0x0002081C
Elapsed time: 0 sec.
Computing Calling Convention: 10/15  0x00020828
Elapsed time: 0 sec.
Computing Calling Convention: 11/15  0x00020834
Elapsed time: 0 sec.
Computing Calling Convention: 12/15  0x00020840
Elapsed time: 0 sec.
Computing Calling Convention: 13/15  0x0002084C
Elapsed time: 0 sec.
Computing Calling Convention: 14/15  0x00020858
Elapsed time: 0 sec.
Computing Calling Convention: 15/15  0x00020864
Elapsed time: 0 sec.
Computing Calling Convention: 1/4  0x0001054C
Elapsed time: 0 sec.
Computing Calling Convention: 2/4  0x0001060C
Elapsed time: 0 sec.
Computing Calling Convention: 3/4  0x000106C4
Elapsed time: 0 sec.
Computing Calling Convention: 4/4  0x00010788
Elapsed time: 0 sec.
File analysis complete.
15 Procs, 44 Labels, 35 Branches, 0 MB used, 1 / 2 kB covered
Elapsed time: 0 sec.

Decompiling 1/15: 0x00010544
Elapsed time: 0 sec.
Decompiling 2/15: 0x0001054C
Elapsed time: 0 sec.
Decompiling 3/15: 0x0001060C
Elapsed time: 0 sec.
Decompiling 4/15: 0x000106A0
Elapsed time: 0 sec.
Decompiling 5/15: 0x000106C4
Elapsed time: 0 sec.
Decompiling 6/15: 0x00010720
Elapsed time: 0 sec.
Decompiling 7/15: 0x00010728
Elapsed time: 0 sec.
Decompiling 8/15: 0x00010788
Elapsed time: 0 sec.
Decompiling 9/15: 0x0002081C
Elapsed time: 0 sec.
Decompiling 10/15: 0x00020828
Elapsed time: 0 sec.
Decompiling 11/15: 0x00020834
Elapsed time: 0 sec.
Decompiling 12/15: 0x00020840
Elapsed time: 0 sec.
Decompiling 13/15: 0x0002084C
Elapsed time: 0 sec.
Decompiling 14/15: 0x00020858
Elapsed time: 0 sec.
Decompiling 15/15: 0x00020864
Elapsed time: 0 sec.
Decompiling 15/15: 0x00020864
Elapsed time: 0 sec.
