Analyzing './from_boomerang/minmax2/sparc_elf_from_boomerang/subject.exe' as a Sparc 32 ELF binary file.

0 Procs, 0 Labels, 0 Branches, 0 MB used, 0 / 0 kB covered
./from_boomerang/minmax2/sparc_elf_from_boomerang/subject.exe: no .debug_info section
./from_boomerang/minmax2/sparc_elf_from_boomerang/subject.exe: 26 sections starting at 0x00001238
./from_boomerang/minmax2/sparc_elf_from_boomerang/subject.exe: section string table at 0x000015F8, 0xE3 bytes
 Offset:  [ix]  Address    Size    Offset  Name
00001238: [ 0] 00000000 00000000 00000000 
00001260: [ 1] 000100D4 00000011 000000D4 .interp
00001288: [ 2] 000100E8 000000E8 000000E8 .hash
000012B0: [ 3] 000101D0 000001B0 000001D0 .dynsym
000012D8: [ 4] 00010380 0000014B 00000380 .dynstr
00001300: [ 5] 000104CC 00000020 000004CC .SUNW_version
00001328: [ 6] 000104EC 00000030 000004EC .rela.ex_shared
00001350: [ 7] 0001051C 00000030 0000051C .rela.plt
00001378: [ 8] 0001054C 00000158 0000054C .text
000013A0: [ 9] 000106A4 00000050 000006A4 .init
000013C8: [10] 000106F4 00000050 000006F4 .fini
000013F0: [11] 00010744 00000004 00000744 .exception_ranges
00001418: [12] 00010748 00000004 00000748 .rodata
00001440: [13] 0001074C 00000012 0000074C .rodata1
00001468: [14] 00020760 00000004 00000760 .got
00001490: [15] 00020764 00000064 00000764 .plt
000014B8: [16] 000207C8 000000B8 000007C8 .dynamic
000014E0: [17] 00020880 00000028 00000880 .ex_shared
00001508: [18] 000208A8 00000028 000008A8 .data
00001530: [19] 000208D0 00000000 000008D0 .bss
00001558: [20] 00000000 00000430 000008D0 .symtab
00001580: [21] 00000000 000001C7 00000D00 .strtab
000015A8: [22] 00000000 00000030 00000EC8 .stab.index
000015D0: [23] 00000000 000001A3 00000EF8 .comment
000015F8: [24] 00000000 000000E3 0000109B .shstrtab
00001620: [25] 00000000 000000B8 0000117E .stab.indexstr
Matching signatures...
0 Procs, 0 Labels, 0 Branches, 0 MB used, 0 / 2 kB covered
0 Procs, 0 Labels, 0 Branches, 0 MB used, 0 / 2 kB covered
Separating code and data...
0 Procs, 0 Labels, 0 Branches, 0 MB used, 0 / 2 kB covered
0 Procs, 18 Labels, 19 Branches, 0 MB used, 1 / 2 kB covered
0 Procs, 19 Labels, 19 Branches, 0 MB used, 1 / 2 kB covered
0 Procs, 19 Labels, 19 Branches, 0 MB used, 1 / 2 kB covered
0 Procs, 19 Labels, 19 Branches, 0 MB used, 1 / 2 kB covered
0 Procs, 19 Labels, 19 Branches, 0 MB used, 1 / 2 kB covered
0 Procs, 25 Labels, 23 Branches, 0 MB used, 1 / 2 kB covered
0 Procs, 25 Labels, 23 Branches, 0 MB used, 1 / 2 kB covered
0 Procs, 26 Labels, 23 Branches, 0 MB used, 1 / 2 kB covered
0 Procs, 27 Labels, 23 Branches, 0 MB used, 1 / 2 kB covered
0 Procs, 28 Labels, 23 Branches, 0 MB used, 1 / 2 kB covered
0 Procs, 28 Labels, 23 Branches, 0 MB used, 1 / 2 kB covered
0 Procs, 28 Labels, 23 Branches, 0 MB used, 1 / 2 kB covered
0 Procs, 28 Labels, 23 Branches, 0 MB used, 1 / 2 kB covered
0 Procs, 28 Labels, 23 Branches, 0 MB used, 1 / 2 kB covered
0 Procs, 29 Labels, 23 Branches, 0 MB used, 1 / 2 kB covered
0 Procs, 30 Labels, 23 Branches, 0 MB used, 1 / 2 kB covered
0 Procs, 31 Labels, 23 Branches, 0 MB used, 1 / 2 kB covered
0 Procs, 32 Labels, 23 Branches, 0 MB used, 1 / 2 kB covered
0 Procs, 33 Labels, 23 Branches, 0 MB used, 1 / 2 kB covered
0 Procs, 34 Labels, 23 Branches, 0 MB used, 1 / 2 kB covered
0 Procs, 35 Labels, 23 Branches, 0 MB used, 1 / 2 kB covered
0 Procs, 36 Labels, 23 Branches, 0 MB used, 1 / 2 kB covered
10 Procs, 36 Labels, 23 Branches, 0 MB used, 1 / 2 kB covered
10 Procs, 36 Labels, 23 Branches, 0 MB used, 1 / 2 kB covered
10 Procs, 36 Labels, 23 Branches, 0 MB used, 1 / 2 kB covered
10 Procs, 36 Labels, 23 Branches, 0 MB used, 1 / 2 kB covered
10 Procs, 36 Labels, 23 Branches, 0 MB used, 1 / 2 kB covered
10 Procs, 36 Labels, 23 Branches, 0 MB used, 1 / 2 kB covered
10 Procs, 36 Labels, 23 Branches, 0 MB used, 1 / 2 kB covered
10 Procs, 36 Labels, 23 Branches, 0 MB used, 1 / 2 kB covered
10 Procs, 36 Labels, 23 Branches, 0 MB used, 1 / 2 kB covered
10 Procs, 36 Labels, 23 Branches, 0 MB used, 1 / 2 kB covered
10 Procs, 36 Labels, 23 Branches, 0 MB used, 1 / 2 kB covered
10 Procs, 36 Labels, 23 Branches, 0 MB used, 1 / 2 kB covered
10 Procs, 36 Labels, 23 Branches, 0 MB used, 1 / 2 kB covered
10 Procs, 36 Labels, 23 Branches, 0 MB used, 1 / 2 kB covered
10 Procs, 36 Labels, 23 Branches, 0 MB used, 1 / 2 kB covered
10 Procs, 36 Labels, 23 Branches, 0 MB used, 1 / 2 kB covered
10 Procs, 36 Labels, 23 Branches, 0 MB used, 1 / 2 kB covered
10 Procs, 36 Labels, 23 Branches, 0 MB used, 1 / 2 kB covered
10 Procs, 36 Labels, 23 Branches, 0 MB used, 1 / 2 kB covered
10 Procs, 36 Labels, 23 Branches, 0 MB used, 1 / 2 kB covered
10 Procs, 36 Labels, 23 Branches, 0 MB used, 1 / 2 kB covered
10 Procs, 36 Labels, 23 Branches, 0 MB used, 1 / 2 kB covered
10 Procs, 36 Labels, 23 Branches, 0 MB used, 1 / 2 kB covered
10 Procs, 36 Labels, 23 Branches, 0 MB used, 1 / 2 kB covered
Resolving indirect jumps...
10 Procs, 36 Labels, 23 Branches, 0 MB used, 1 / 2 kB covered
10 Procs, 36 Labels, 23 Branches, 0 MB used, 1 / 2 kB covered
Resolving constants and strings...
10 Procs, 36 Labels, 23 Branches, 0 MB used, 1 / 2 kB covered
Discovering unreached functions...
10 Procs, 36 Labels, 23 Branches, 0 MB used, 1 / 2 kB covered
Computing call tree...
10 Procs, 36 Labels, 23 Branches, 0 MB used, 1 / 2 kB covered
Computing calling conventions...
10 Procs, 36 Labels, 23 Branches, 0 MB used, 1 / 2 kB covered
Computing Calling Convention: 4/10  0x000106B4
Computing Calling Convention: 6/10  0x00010704
Computing Calling Convention: 7/10  0x00020794
Computing Calling Convention: 8/10  0x000207A0
Computing Calling Convention: 9/10  0x000207AC
Computing Calling Convention: 10/10  0x000207B8
Computing Calling Convention: 1/4  0x0001061C
Computing Calling Convention: 2/4  0x00010670
Computing Calling Convention: 3/4  0x000106A4
Computing Calling Convention: 4/4  0x000106F4
File analysis complete.
10 Procs, 36 Labels, 23 Branches, 0 MB used, 1 / 2 kB covered

Decompiling 1/10: 0x0001061C
Decompiling 2/10: 0x00010670
Decompiling 3/10: 0x000106A4
Decompiling 4/10: 0x000106B4
Decompiling 5/10: 0x000106F4
Decompiling 6/10: 0x00010704
Decompiling 7/10: 0x00020794
Decompiling 8/10: 0x000207A0
Decompiling 9/10: 0x000207AC
Decompiling 10/10: 0x000207B8
Decompiling 10/10: 0x000207B8
