INFO  holdec.an - ### holdec 1.1 Copyright 2003-2012 Raimar Falke
INFO  holdec.an - Using ./from_boomerang/switch/ia32_pe_by_boomerang_msvc5/subject.exe as executable
INFO  holdec.fG - Detected PE (Portable Executable)
INFO  holdec.ks - reading info from ./from_boomerang/switch/ia32_pe_by_boomerang_msvc5/input.info
INFO  holdec.ks - wrote ./from_boomerang/switch/ia32_pe_by_boomerang_msvc5/input.info.canonFormat
INFO  holdec.fG - disassembleAndWrite: start a new loop with 1 extra block starts
INFO  holdec.fG - disassembleAndWrite: running multiline
INFO  holdec.ks - wrote ./from_boomerang/switch/ia32_pe_by_boomerang_msvc5/input.info
INFO  holdec.ks - wrote ./from_boomerang/switch/ia32_pe_by_boomerang_msvc5/input.info
INFO  holdec.ks - wrote ./from_boomerang/switch/ia32_pe_by_boomerang_msvc5/input.info
INFO  holdec.fG - disassembleAndWrite: found 1 new addresses
INFO  holdec.fG - disassembleAndWrite: start a new loop with 2 extra block starts
INFO  holdec.fG - disassembleAndWrite: running multiline
INFO  holdec.ks - wrote ./from_boomerang/switch/ia32_pe_by_boomerang_msvc5/input.info
INFO  holdec.ks - wrote ./from_boomerang/switch/ia32_pe_by_boomerang_msvc5/input.info
INFO  holdec.fG - disassembleAndWrite: found no new addresses. will stop now.
INFO  holdec.ks - wrote ./from_boomerang/switch/ia32_pe_by_boomerang_msvc5/input.info
INFO  holdec.ks - wrote ./from_boomerang/switch/ia32_pe_by_boomerang_msvc5/input.info
INFO  holdec.fG - reading all asm lines ...
INFO  holdec.fG - ... read 5654 asm lines
WARN  holdec.w - Address 00405000.0 is excluded by the address filter. Maybe outside text section?
INFO  holdec.an - will decompile 1 functions
WARN  holdec.ag - Referencing unknown line 004010a0.0
WARN  holdec.ag - Referencing unknown line 004010a0.0
WARN  holdec.ag - Referencing unknown line 004010a0.0
WARN  holdec.ag - Referencing unknown line 004010a0.0
WARN  holdec.ag - Referencing unknown line 004010a0.0
WARN  holdec.ag - Referencing unknown line 004010a0.0
WARN  holdec.ag - Referencing unknown line 004010a0.0
