Using options:
00401084: warning: The call or jump table has invalid addresses; stopping.
0040A348: warning: Call target address 0040A3BD is invalid.
0040A350: warning: Call target address 0040A3B8 is invalid.
0040A352: warning: Call target address 0040A3C9 is invalid.
0040A35B: warning: Call target address 0040A3A4 is invalid.
0040A354: warning: Call target address 0040A3C9 is invalid.
0040A36D: warning: Call target address 0040A3C3 is invalid.
0040A370: warning: Call target address 0040A3D6 is invalid.
0040A37F: warning: Call target address 0040A3E6 is invalid.
0040A365: warning: Call target address 0040A3CC is invalid.
0040A36E: warning: Call target address 0040A3C3 is invalid.
0040A349: warning: Call target address 0040A3B3 is invalid.
0040A33B: warning: Call target address 0040A3B1 is invalid.
0040A32F: warning: Call target address 0040A3AA is invalid.
0040A33E: warning: Call target address 0040A3B2 is invalid.
fn00401330: error: An error occurred during data flow analysis.
    Offset must be non-negative.
Parameter name: bitOffset
      at Reko.Core.Expressions.Slice..ctor (Reko.Core.Types.DataType dt, Reko.Core.Expressions.Expression i, Int32 bitOffset) <0x41051040 + 0x0019b> in <filename unknown>:0 
  at Reko.Analysis.Aliases.CreateAliasInstruction (Reko.Core.Expressions.Identifier varFrom, Reko.Core.Expressions.Identifier varTo) <0x4106a460 + 0x0038f> in <filename unknown>:0 
  at Reko.Analysis.Aliases.Def (Reko.Core.Expressions.Identifier idar) <0x4106a2f0 + 0x000db> in <filename unknown>:0 
  at Reko.Analysis.Aliases.VisitAssignment (Reko.Core.Code.Assignment ass) <0x4106a290 + 0x00023> in <filename unknown>:0 
  at Reko.Core.Code.Assignment.Accept (InstructionVisitor v) <0x41039e30 + 0x00027> in <filename unknown>:0 
  at Reko.Analysis.Aliases.Transform () <0x41069780 + 0x0010c> in <filename unknown>:0 
  at Reko.Analysis.DataFlowAnalysis.BuildSsaTransform (Reko.Core.Procedure proc) <0x41065cc0 + 0x000ef> in <filename unknown>:0 
  at Reko.Analysis.DataFlowAnalysis.BuildExpressionTrees () <0x41064ed0 + 0x00203> in <filename unknown>:0 
: error: Error when reconstructing types.
    Object reference not set to an instance of an object
      at Reko.Core.Types.TypeStore.MergeClasses (Reko.Core.Types.TypeVariable tv1, Reko.Core.Types.TypeVariable tv2) <0x4109daf0 + 0x0001b> in <filename unknown>:0 
  at Reko.Typing.EquivalenceClassBuilder.VisitReturnInstruction (Reko.Core.Code.ReturnInstruction ret) <0x4109ede0 + 0x0008b> in <filename unknown>:0 
  at Reko.Core.Code.ReturnInstruction.Accept (InstructionVisitor v) <0x4103cb00 + 0x00027> in <filename unknown>:0 
  at Reko.Typing.EquivalenceClassBuilder.Build (Reko.Core.Program program) <0x4109c340 + 0x001f4> in <filename unknown>:0 
  at Reko.Typing.TypeAnalyzer.RewriteProgram (Reko.Core.Program program) <0x41098160 + 0x00563> in <filename unknown>:0 
  at Reko.DecompilerDriver.ReconstructTypes () <0x41097af0 + 0x0022f> in <filename unknown>:0 
fn00401330: error: An error occurred while rewriting procedure to high-level language.
    Index was out of range. Must be non-negative and less than the size of the collection.
Parameter name: index
      at System.ThrowHelper.ThrowArgumentOutOfRangeException (ExceptionArgument argument, ExceptionResource resource) <0x410ab610 + 0x00047> in <filename unknown>:0 
  at System.ThrowHelper.ThrowArgumentOutOfRangeException () <0x410ab5f0 + 0x00013> in <filename unknown>:0 
  at System.Collections.Generic.List`1[T].get_Item (Int32 index) <0x40e929b0 + 0x00023> in <filename unknown>:0 
  at Reko.Core.Block.get_ThenBlock () <0x410a02d0 + 0x0001f> in <filename unknown>:0 
  at Reko.Structure.CompoundConditionCoalescer.MaybeCoalesce (Reko.Core.Block block) <0x410a08c0 + 0x00033> in <filename unknown>:0 
  at Reko.Structure.CompoundConditionCoalescer.Transform () <0x410a06f0 + 0x0011f> in <filename unknown>:0 
  at Reko.Structure.StructureAnalysis.Structure () <0x4109f9d0 + 0x000b7> in <filename unknown>:0 
  at Reko.DecompilerDriver.StructureProgram () <0x4109f4f0 + 0x00255> in <filename unknown>:0 
fn004021A0: error: An error occurred while rewriting procedure to high-level language.
    Failure has occurred while loading a type.
      at Reko.Structure.StructureAnalysis.ProcessUnresolvedRegions () <0x410a7e60 + 0x00073> in <filename unknown>:0 
  at Reko.Structure.StructureAnalysis.Execute () <0x410a0e90 + 0x00443> in <filename unknown>:0 
  at Reko.Structure.StructureAnalysis.Structure () <0x4109f9d0 + 0x00137> in <filename unknown>:0 
  at Reko.DecompilerDriver.StructureProgram () <0x4109f4f0 + 0x00255> in <filename unknown>:0 
fn00402330: error: An error occurred while rewriting procedure to high-level language.
    Failure has occurred while loading a type.
      at Reko.Structure.StructureAnalysis.ProcessUnresolvedRegions () <0x410a7e60 + 0x00073> in <filename unknown>:0 
  at Reko.Structure.StructureAnalysis.Execute () <0x410a0e90 + 0x00443> in <filename unknown>:0 
  at Reko.Structure.StructureAnalysis.Structure () <0x4109f9d0 + 0x00137> in <filename unknown>:0 
  at Reko.DecompilerDriver.StructureProgram () <0x4109f4f0 + 0x00255> in <filename unknown>:0 
fn004026A0: error: An error occurred while rewriting procedure to high-level language.
    Failure has occurred while loading a type.
      at Reko.Structure.StructureAnalysis.ProcessUnresolvedRegions () <0x410a7e60 + 0x00073> in <filename unknown>:0 
  at Reko.Structure.StructureAnalysis.Execute () <0x410a0e90 + 0x00443> in <filename unknown>:0 
  at Reko.Structure.StructureAnalysis.Structure () <0x4109f9d0 + 0x00137> in <filename unknown>:0 
  at Reko.DecompilerDriver.StructureProgram () <0x4109f4f0 + 0x00255> in <filename unknown>:0 
fn00402980: error: An error occurred while rewriting procedure to high-level language.
    Failure has occurred while loading a type.
      at Reko.Structure.StructureAnalysis.ProcessUnresolvedRegions () <0x410a7e60 + 0x00073> in <filename unknown>:0 
  at Reko.Structure.StructureAnalysis.Execute () <0x410a0e90 + 0x00443> in <filename unknown>:0 
  at Reko.Structure.StructureAnalysis.Structure () <0x4109f9d0 + 0x00137> in <filename unknown>:0 
  at Reko.DecompilerDriver.StructureProgram () <0x4109f4f0 + 0x00255> in <filename unknown>:0 
fn00402DD0: error: An error occurred while rewriting procedure to high-level language.
    Failure has occurred while loading a type.
      at Reko.Structure.StructureAnalysis.ProcessUnresolvedRegions () <0x410a7e60 + 0x00073> in <filename unknown>:0 
  at Reko.Structure.StructureAnalysis.Execute () <0x410a0e90 + 0x00443> in <filename unknown>:0 
  at Reko.Structure.StructureAnalysis.Structure () <0x4109f9d0 + 0x00137> in <filename unknown>:0 
  at Reko.DecompilerDriver.StructureProgram () <0x4109f4f0 + 0x00255> in <filename unknown>:0 
fn00402FD0: error: An error occurred while rewriting procedure to high-level language.
    Failure has occurred while loading a type.
      at Reko.Structure.StructureAnalysis.ProcessUnresolvedRegions () <0x410a7e60 + 0x00073> in <filename unknown>:0 
  at Reko.Structure.StructureAnalysis.Execute () <0x410a0e90 + 0x00443> in <filename unknown>:0 
  at Reko.Structure.StructureAnalysis.Structure () <0x4109f9d0 + 0x00137> in <filename unknown>:0 
  at Reko.DecompilerDriver.StructureProgram () <0x4109f4f0 + 0x00255> in <filename unknown>:0 
fn004037B0: error: An error occurred while rewriting procedure to high-level language.
    Failure has occurred while loading a type.
      at Reko.Structure.StructureAnalysis.ProcessUnresolvedRegions () <0x410a7e60 + 0x00073> in <filename unknown>:0 
  at Reko.Structure.StructureAnalysis.Execute () <0x410a0e90 + 0x00443> in <filename unknown>:0 
  at Reko.Structure.StructureAnalysis.Structure () <0x4109f9d0 + 0x00137> in <filename unknown>:0 
  at Reko.DecompilerDriver.StructureProgram () <0x4109f4f0 + 0x00255> in <filename unknown>:0 
fn00403880: error: An error occurred while rewriting procedure to high-level language.
    Failure has occurred while loading a type.
      at Reko.Structure.StructureAnalysis.ProcessUnresolvedRegions () <0x410a7e60 + 0x00073> in <filename unknown>:0 
  at Reko.Structure.StructureAnalysis.Execute () <0x410a0e90 + 0x00443> in <filename unknown>:0 
  at Reko.Structure.StructureAnalysis.Structure () <0x4109f9d0 + 0x00137> in <filename unknown>:0 
  at Reko.DecompilerDriver.StructureProgram () <0x4109f4f0 + 0x00255> in <filename unknown>:0 
fn00403940: error: An error occurred while rewriting procedure to high-level language.
    Failure has occurred while loading a type.
      at Reko.Structure.StructureAnalysis.ProcessUnresolvedRegions () <0x410a7e60 + 0x00073> in <filename unknown>:0 
  at Reko.Structure.StructureAnalysis.Execute () <0x410a0e90 + 0x00443> in <filename unknown>:0 
  at Reko.Structure.StructureAnalysis.Structure () <0x4109f9d0 + 0x00137> in <filename unknown>:0 
  at Reko.DecompilerDriver.StructureProgram () <0x4109f4f0 + 0x00255> in <filename unknown>:0 
fn00403B80: error: An error occurred while rewriting procedure to high-level language.
    Failure has occurred while loading a type.
      at Reko.Structure.StructureAnalysis.ProcessUnresolvedRegions () <0x410a7e60 + 0x00073> in <filename unknown>:0 
  at Reko.Structure.StructureAnalysis.Execute () <0x410a0e90 + 0x00443> in <filename unknown>:0 
  at Reko.Structure.StructureAnalysis.Structure () <0x4109f9d0 + 0x00137> in <filename unknown>:0 
  at Reko.DecompilerDriver.StructureProgram () <0x4109f4f0 + 0x00255> in <filename unknown>:0 
fn00403D90: error: An error occurred while rewriting procedure to high-level language.
    Failure has occurred while loading a type.
      at Reko.Structure.StructureAnalysis.ProcessUnresolvedRegions () <0x410a7e60 + 0x00073> in <filename unknown>:0 
  at Reko.Structure.StructureAnalysis.Execute () <0x410a0e90 + 0x00443> in <filename unknown>:0 
  at Reko.Structure.StructureAnalysis.Structure () <0x4109f9d0 + 0x00137> in <filename unknown>:0 
  at Reko.DecompilerDriver.StructureProgram () <0x4109f4f0 + 0x00255> in <filename unknown>:0 
fn00403F10: error: An error occurred while rewriting procedure to high-level language.
    Failure has occurred while loading a type.
      at Reko.Structure.StructureAnalysis.ProcessUnresolvedRegions () <0x410a7e60 + 0x00073> in <filename unknown>:0 
  at Reko.Structure.StructureAnalysis.Execute () <0x410a0e90 + 0x00443> in <filename unknown>:0 
  at Reko.Structure.StructureAnalysis.Structure () <0x4109f9d0 + 0x00137> in <filename unknown>:0 
  at Reko.DecompilerDriver.StructureProgram () <0x4109f4f0 + 0x00255> in <filename unknown>:0 
fn004043D0: error: An error occurred while rewriting procedure to high-level language.
    Failure has occurred while loading a type.
      at Reko.Structure.StructureAnalysis.ProcessUnresolvedRegions () <0x410a7e60 + 0x00073> in <filename unknown>:0 
  at Reko.Structure.StructureAnalysis.Execute () <0x410a0e90 + 0x00443> in <filename unknown>:0 
  at Reko.Structure.StructureAnalysis.Structure () <0x4109f9d0 + 0x00137> in <filename unknown>:0 
  at Reko.DecompilerDriver.StructureProgram () <0x4109f4f0 + 0x00255> in <filename unknown>:0 
Could not load signature of Reko.Structure.StructureAnalysis:DetermineFollowLatch due to: Failed for unknown reasons. assembly:mscorlib, Version=4.0.0.0, Culture=neutral, PublicKeyToken=b77a5c561934e089 type:System.ValueTuple`2 member:<none>
Could not load signature of Reko.Structure.StructureAnalysis:DetermineFollowLatch due to: Failed for unknown reasons. assembly:mscorlib, Version=4.0.0.0, Culture=neutral, PublicKeyToken=b77a5c561934e089 type:System.ValueTuple`2 member:<none>
Could not load signature of Reko.Structure.StructureAnalysis:DetermineFollowLatch due to: Failed for unknown reasons. assembly:mscorlib, Version=4.0.0.0, Culture=neutral, PublicKeyToken=b77a5c561934e089 type:System.ValueTuple`2 member:<none>
Could not load signature of Reko.Structure.StructureAnalysis:DetermineFollowLatch due to: Failed for unknown reasons. assembly:mscorlib, Version=4.0.0.0, Culture=neutral, PublicKeyToken=b77a5c561934e089 type:System.ValueTuple`2 member:<none>
Could not load signature of Reko.Structure.StructureAnalysis:DetermineFollowLatch due to: Failed for unknown reasons. assembly:mscorlib, Version=4.0.0.0, Culture=neutral, PublicKeyToken=b77a5c561934e089 type:System.ValueTuple`2 member:<none>
Could not load signature of Reko.Structure.StructureAnalysis:DetermineFollowLatch due to: Failed for unknown reasons. assembly:mscorlib, Version=4.0.0.0, Culture=neutral, PublicKeyToken=b77a5c561934e089 type:System.ValueTuple`2 member:<none>
Could not load signature of Reko.Structure.StructureAnalysis:DetermineFollowLatch due to: Failed for unknown reasons. assembly:mscorlib, Version=4.0.0.0, Culture=neutral, PublicKeyToken=b77a5c561934e089 type:System.ValueTuple`2 member:<none>
Could not load signature of Reko.Structure.StructureAnalysis:DetermineFollowLatch due to: Failed for unknown reasons. assembly:mscorlib, Version=4.0.0.0, Culture=neutral, PublicKeyToken=b77a5c561934e089 type:System.ValueTuple`2 member:<none>
Could not load signature of Reko.Structure.StructureAnalysis:DetermineFollowLatch due to: Failed for unknown reasons. assembly:mscorlib, Version=4.0.0.0, Culture=neutral, PublicKeyToken=b77a5c561934e089 type:System.ValueTuple`2 member:<none>
Could not load signature of Reko.Structure.StructureAnalysis:DetermineFollowLatch due to: Failed for unknown reasons. assembly:mscorlib, Version=4.0.0.0, Culture=neutral, PublicKeyToken=b77a5c561934e089 type:System.ValueTuple`2 member:<none>
Could not load signature of Reko.Structure.StructureAnalysis:DetermineFollowLatch due to: Failed for unknown reasons. assembly:mscorlib, Version=4.0.0.0, Culture=neutral, PublicKeyToken=b77a5c561934e089 type:System.ValueTuple`2 member:<none>
Could not load signature of Reko.Structure.StructureAnalysis:DetermineFollowLatch due to: Failed for unknown reasons. assembly:mscorlib, Version=4.0.0.0, Culture=neutral, PublicKeyToken=b77a5c561934e089 type:System.ValueTuple`2 member:<none>
Could not load signature of Reko.Structure.StructureAnalysis:DetermineFollowLatch due to: Failed for unknown reasons. assembly:mscorlib, Version=4.0.0.0, Culture=neutral, PublicKeyToken=b77a5c561934e089 type:System.ValueTuple`2 member:<none>
