Level | File                                    | Message
====================================================================================================
Msg   | src/boomerang/util/log/Log.cpp          | This is Boomerang v0.3.99-alpha-1914-ged7a3e1
Msg   | src/boomerang/util/log/Log.cpp          | Log initialized.
Msg   | src/boomerang/core/Project.cpp          | Loading plugins...
Msg   | src/boomerang/core/Project.cpp          | Loaded plugins:
Msg   | src/boomerang/core/Project.cpp          |   DOS4GW loader plugin v0.3.99-alpha-1914-ged7a3e1 (by 'Boomerang developers')
Msg   | src/boomerang/core/Project.cpp          |   ELF32 loader plugin v0.3.99-alpha-1914-ged7a3e1 (by 'Boomerang developers')
Msg   | src/boomerang/core/Project.cpp          |   DOS Exe loader plugin v0.3.99-alpha-1914-ged7a3e1 (by 'Boomerang developers')
Msg   | src/boomerang/core/Project.cpp          |   HP SOM loader plugin v0.3.99-alpha-1914-ged7a3e1 (by 'Boomerang developers')
Msg   | src/boomerang/core/Project.cpp          |   Mach-O executable loader plugin v0.3.99-alpha-1914-ged7a3e1 (by 'Boomerang developers')
Msg   | src/boomerang/core/Project.cpp          |   Palm OS executable loader plugin v0.3.99-alpha-1914-ged7a3e1 (by 'Boomerang developers')
Msg   | src/boomerang/core/Project.cpp          |   Win32 PE loader plugin v0.3.99-alpha-1914-ged7a3e1 (by 'Boomerang developers')
Msg   | src/boomerang/core/Project.cpp          | Loading binary file 'from_pouet.net/with_source_377/ia32_pe/subject.exe'
Msg   | src/boomerang/ssl/RTLInstDict.cpp       | Loading machine specifications from 'BOOMERANGSRCDIR/build/out/share/boomerang/ssl/pentium.ssl'...
Msg   | src/boomerang/db/Prog.cpp               | Reading library signatures...
Msg   | src/boomerang/core/Project.cpp          | Decoding entry point...
Warn  | src/boomerang/frontend/pentium/PentiumF | main function not found, falling back to entry point
Msg   | src/boomerang/frontend/DefaultFrontEnd. | Starting decode at address 0x004011f5
Warn  | src/boomerang/db/Prog.cpp               | Unknown library function 'GlobalAlloc', please update signatures!
Warn  | src/boomerang/db/Prog.cpp               | Unknown library function 'RegisterClassW', please update signatures!
Warn  | src/boomerang/db/Prog.cpp               | Unknown library function 'GetDC', please update signatures!
Warn  | src/boomerang/db/Prog.cpp               | Unknown library function 'SetStretchBltMode', please update signatures!
Warn  | src/boomerang/db/Prog.cpp               | Unknown library function 'PeekMessageW', please update signatures!
Warn  | src/boomerang/db/Prog.cpp               | Unknown library function 'ReleaseDC', please update signatures!
Warn  | src/boomerang/db/Prog.cpp               | Unknown library function 'GlobalFree', please update signatures!
Warn  | src/boomerang/frontend/pentium/PentiumF | main function not found, falling back to entry point
Msg   | src/boomerang/core/Project.cpp          | Decoding anything undecoded...
Msg   | src/boomerang/frontend/DefaultFrontEnd. | Looking for undecoded procedures to decode...
Msg   | src/boomerang/core/Project.cpp          | Found 4 procs
Msg   | src/boomerang-cli/CommandlineDriver.cpp | Decompiling...
Msg   | src/boomerang/decomp/ProgDecompiler.cpp | Decompiling entry point '_start'
Msg   | src/boomerang/decomp/ProcDecompiler.cpp | Visiting procedure '_start'
Msg   | src/boomerang/decomp/ProcDecompiler.cpp | Visiting procedure 'proc_0x00401000'
Msg   | src/boomerang/decomp/ProcDecompiler.cpp | Decompiling procedure 'proc_0x00401000'
Msg   | src/boomerang/decomp/ProcDecompiler.cpp | Finished decompile of 'proc_0x00401000'
Msg   | src/boomerang/decomp/ProcDecompiler.cpp | Visiting procedure 'proc_0x00401017'
Msg   | src/boomerang/decomp/ProcDecompiler.cpp | Decompiling procedure 'proc_0x00401017'
Msg   | src/boomerang/decomp/ProcDecompiler.cpp | Finished decompile of 'proc_0x00401017'
Msg   | src/boomerang/decomp/ProcDecompiler.cpp | Visiting procedure 'proc_0x00401088'
Msg   | src/boomerang/decomp/ProcDecompiler.cpp | Decompiling procedure 'proc_0x00401088'
Msg   | src/boomerang/decomp/ProcDecompiler.cpp | Finished decompile of 'proc_0x00401088'
Msg   | src/boomerang/decomp/ProcDecompiler.cpp | Decompiling procedure '_start'
Msg   | src/boomerang/decomp/ProcDecompiler.cpp | Finished decompile of '_start'
Msg   | src/boomerang/decomp/ProgDecompiler.cpp | Performing global type analysis...
Msg   | src/boomerang/decomp/ProgDecompiler.cpp | Removing unused returns...
Msg   | src/boomerang/decomp/ProgDecompiler.cpp | Removing unused returns...
Msg   | src/boomerang/decomp/ProgDecompiler.cpp | Performing global type analysis...
Msg   | src/boomerang/decomp/ProgDecompiler.cpp | Transforming from SSA form...
Error | src/boomerang/visitor/expmodifier/ExpSS | Could not find local or parameter for r28{0}!!
Error | src/boomerang/visitor/expmodifier/ExpSS | Could not find local or parameter for tmpb{34}!!
Error | src/boomerang/visitor/expmodifier/ExpSS | Could not find local or parameter for tmpb{0}!!
Warn  | src/boomerang/visitor/stmtmodifier/Stmt | Forcing type of local 'ecx' from '__size32' to 'void' due to library constraints
Warn  | src/boomerang/visitor/stmtmodifier/Stmt | Forcing type of local 'edx' from '__size32' to 'void' due to library constraints
Warn  | src/boomerang/visitor/stmtmodifier/Stmt | Forcing type of local 'eax' from 'HWND' to 'HMODULE' due to library constraints
Warn  | src/boomerang/visitor/stmtmodifier/Stmt | Forcing type of local 'esp' from '__size32' to 'void' due to library constraints
Warn  | src/boomerang/visitor/stmtmodifier/Stmt | Forcing type of local 'eax' from 'HMODULE' to 'HICON' due to library constraints
Warn  | src/boomerang/visitor/stmtmodifier/Stmt | Forcing type of local 'eax' from 'HICON' to 'HCURSOR' due to library constraints
Warn  | src/boomerang/visitor/stmtmodifier/Stmt | Forcing type of local 'eax' from 'HCURSOR' to '__size32' due to library constraints
Warn  | src/boomerang/visitor/stmtmodifier/Stmt | Forcing type of local 'eax' from '__size32' to 'BOOL' due to library constraints
Warn  | src/boomerang/visitor/stmtmodifier/Stmt | Forcing type of local 'eax' from 'BOOL' to 'LRESULT' due to library constraints
Warn  | src/boomerang/visitor/stmtmodifier/Stmt | Forcing type of local 'eax' from 'LRESULT' to 'int' due to library constraints
Warn  | src/boomerang/visitor/stmtmodifier/Stmt | Forcing type of local 'eax' from 'int' to '__size32' due to library constraints
Msg   | src/boomerang/decomp/ProgDecompiler.cpp | Removing unused global variables...
Msg   | src/boomerang/decomp/ProgDecompiler.cpp | Decompilation finished.
Msg   | src/boomerang/core/Project.cpp          | Generating code...
Warn  | src/boomerang/codegen/CCodeGenerator.cp | No out edge for BB at address 0x00401088, in proc proc_0x00401088
Warn  | src/boomerang/codegen/CCodeGenerator.cp | No out edge for BB at address 0x004012cc, in proc _start
Msg   | src/boomerang-cli/CommandlineDriver.cpp | Output written to '_output'
Msg   | src/boomerang-cli/CommandlineDriver.cpp | Completed in some time
