Possible file format: ELF for Intel 386 (Executable) (IDADIR/loaders/elf.so)

  bytes   pages size description
--------- ----- ---- --------------------------------------------
   524288    64 8192 allocating memory for b-tree...
    65536     8 8192 allocating memory for virtual array...
   262144    32 8192 allocating memory for name pointers...
-----------------------------------------------------------------
   851968            total memory allocated

Loading file 'SUBJECTS/from_rec/hd2/ia32_elf_from_rec_gcc4O/subject.exe' into database...
Detected file format: ELF for Intel 386 (Executable)
Loading processor module IDADIR/procs/pc.so for metapc...Initializing processor module metapc...OK
Autoanalysis subsystem has been initialized.
Assuming __cdecl calling convention by default
  0. Creating a new segment  (08048000-080489C0) ... ... OK
  1. Creating a new segment  (08049F0C-0804A03C) ... ... OK
Assuming __cdecl calling convention by default
Type library 'gnulnx_x86' loaded. Applying types...
Types applied to 0 names.
  2. Creating a new segment  (08048450-08048480) ... ... OK
  3. Creating a new segment  (08048480-080489C0) ... ... OK
  4. Creating a new segment  (08048480-08048540) ... ... OK
     Deleting segment        (08048540-080489C0) ...
  4. Creating a new segment  (08048540-080489C0) ... ... OK
  5. Creating a new segment  (08048540-0804897C) ... ... OK
     Deleting segment        (0804897C-080489C0) ...
  5. Creating a new segment  (0804897C-080489C0) ... ... OK
  6. Creating a new segment  (0804897C-08048998) ... ... OK
     Deleting segment        (08048998-080489C0) ...
  6. Creating a new segment  (08048998-080489C0) ... ... OK
  7. Creating a new segment  (08048998-080489B9) ... ... OK
     Deleting segment        (080489B9-080489C0) ...
  7. Creating a new segment  (080489B9-080489C0) ... ... OK
  8. Creating a new segment  (080489BC-080489C0) ... ... OK
  9. Creating a new segment  (08049F0C-08049F14) ... ... OK
     Deleting segment        (08049F14-0804A03C) ...
  9. Creating a new segment  (08049F14-0804A03C) ... ... OK
 10. Creating a new segment  (08049F14-08049F1C) ... ... OK
     Deleting segment        (08049F1C-0804A03C) ...
 10. Creating a new segment  (08049F1C-0804A03C) ... ... OK
 11. Creating a new segment  (08049F1C-08049F20) ... ... OK
     Deleting segment        (08049F20-0804A03C) ...
 11. Creating a new segment  (08049F20-0804A03C) ... ... OK
 12. Creating a new segment  (08049FF0-08049FF4) ... ... OK
 13. Creating a new segment  (08049FF4-0804A03C) ... ... OK
 14. Creating a new segment  (08049FF4-0804A02C) ... ... OK
     Deleting segment        (0804A02C-0804A03C) ...
 14. Creating a new segment  (0804A02C-0804A03C) ... ... OK
 15. Creating a new segment  (0804A02C-0804A034) ... ... OK
     Deleting segment        (0804A034-0804A03C) ...
 15. Creating a new segment  (0804A034-0804A03C) ... ... OK
     Deleting segment        (0804A034-0804A03C) ...
 15. Creating a new segment  (0804A034-0804A03C) ... ... OK
 16. Creating a new segment  (0804A03C-0804A03D) ... ... OK
 17. Creating a new segment  (0804A040-0804A06C) ... ... OK
 18. Creating a new segment  (0804A06C-0804A084) ... ... OK
Processing relocations...
DWARF: Looking for GNU DWARF file at "/usr/lib/debug/.build-id/00/0bf03133dba38741aeb5484ce1d453885e0a52.debug"... no.
Marking typical code sequences...
Flushing buffers, please wait...ok
File 'SUBJECTS/from_rec/hd2/ia32_elf_from_rec_gcc4O/subject.exe' has been successfully loaded into the database.
Hex-Rays Decompiler plugin has been loaded (v7.5.0.201028)
  The hotkeys are F5: decompile, Ctrl-F5: decompile all.
  Please check the Edit/Plugins menu for more informaton.
IDAPython Hex-Rays bindings initialized.
IDA is analysing the input file...
You may start to explore the input file right now.
Propagating type information...
Function argument information has been propagated
lumina: applied metadata to 5 functions.
The initial autoanalysis has been finished.
Flushing buffers, please wait...ok
TIMESTAMP decompiling 8048480 size=0000000C times=0...
The decompiler assumes that the segment '.got.plt' is read-only because of its NAME.
All data references to the segment will be replaced by constant values.
This may lead to drastic changes in the decompiler output.
If the segment is not read-only, please change the segment NAME.

In general, the decompiler checks the segment permissions, class, and name
to determine if it is read-only.
 -> OK
TIMESTAMP decompiling 8048570 size=00000055 times=0...
TIMESTAMP decompiling 80485D0 size=00000023 times=0...
TIMESTAMP decompiling 8048600 size=000001AF times=0...
The decompiler assumes that the segment '.rodata' is read-only because of its NAME.
All data references to the segment will be replaced by constant values.
This may lead to drastic changes in the decompiler output.
If the segment is not read-only, please change the segment NAME.

In general, the decompiler checks the segment permissions, class, and name
to determine if it is read-only.
 -> OK
TIMESTAMP decompiling 80488E0 size=00000005 times=0...
TIMESTAMP decompiling 8048950 size=0000002A times=0...
TIMESTAMP decompiling 80487AF size=000000F1 times=0...
TIMESTAMP decompiling 80488A0 size=00000040 times=0...
TIMESTAMP decompiling 8048450 size=00000030 times=0...
The decompiler assumes that the segment '.got' is read-only because of its NAME.
All data references to the segment will be replaced by constant values.
This may lead to drastic changes in the decompiler output.
If the segment is not read-only, please change the segment NAME.

In general, the decompiler checks the segment permissions, class, and name
to determine if it is read-only.
 -> OK
TIMESTAMP decompiling 80488F0 size=0000005A times=0...
TIMESTAMP decompiling 8048540 size=00000022 times=0...
TIMESTAMP decompiling 804897C size=0000001C times=0...
TIMESTAMP The application has been completely decompiled.
Unloading IDP module IDADIR/procs/pc.so...
