[I] JEB 4.11.0.202201181921 (jeb-ce) is starting...
[I] Current directory: SUBJECTS
[I] Base directory: JEBDIR
[I] System: Mac OS X 12.2 (aarch64) de_DE
[I] Java: Homebrew 17.0.1
[I] Memory Usage: 39.2M used (224.8M free, 6.0G max)
[I] Initializing Jython, please wait...
Processing file: SUBJECTS/from_rec/hd2/ia32_elf_from_rec_gcc4O/subject.exe...
[I] {subject.exe > subject.exe > x86 image}: Detected compiler: unknown (Linux)
[I] {subject.exe > subject.exe > x86 image}: Initial native analysis styles: code gaps: PROLOGUES_ONLY, data gaps: DEFAULT
[I] {subject.exe > subject.exe > x86 image}: Analysis completed (0s)
[I] {subject.exe > subject.exe > x86 image}: Initial analysis created 24 methods
Output folder: jeb_output
  0/ 24: Method: sub_8048486
  1/ 24: 1/24: sub_8048486 (DONE:51ms)
  1/ 24: Method: →perror
  2/ 24: 2/24: →perror (DONE:23ms)
  2/ 24: Method: →__stack_chk_fail
  3/ 24: 3/24: →__stack_chk_fail (DONE:14ms)
  3/ 24: Method: →__sprintf_chk
  4/ 24: 4/24: →__sprintf_chk (DONE:14ms)
  4/ 24: Method: __do_global_dtors_aux
  5/ 24: 5/24: __do_global_dtors_aux (DONE:146ms)
  5/ 24: Method: frame_dummy
  6/ 24: 6/24: frame_dummy (DONE:22ms)
  6/ 24: Method: __i686.get_pc_thunk.bx
  7/ 24: 7/24: __i686.get_pc_thunk.bx (DONE:4ms)
  7/ 24: Method: __do_global_ctors_aux
  8/ 24: 8/24: __do_global_ctors_aux (DONE:74ms)
  8/ 24: Method: →__xstat
  9/ 24: 9/24: →__xstat (DONE:11ms)
  9/ 24: Method: →__gmon_start__
 10/ 24: 10/24: →__gmon_start__ (DONE:8ms)
 10/ 24: Method: →__printf_chk
 11/ 24: 11/24: →__printf_chk (DONE:7ms)
 11/ 24: Method: →__libc_start_main
 12/ 24: 12/24: →__libc_start_main (DONE:7ms)
 12/ 24: Method: →__strcat_chk
 13/ 24: 13/24: →__strcat_chk (DONE:6ms)
 13/ 24: Method: →fclose
 14/ 24: 14/24: →fclose (DONE:9ms)
 14/ 24: Method: →fopen
 15/ 24: 15/24: →fopen (DONE:9ms)
 15/ 24: Method: →fread
 16/ 24: 16/24: →fread (DONE:15ms)
 16/ 24: Method: dumpline
 17/ 24: 17/24: dumpline (DONE:554ms)
 17/ 24: Method: hexdump
 18/ 24: 18/24: hexdump (DONE:160ms)
 18/ 24: Method: __libc_csu_fini
 19/ 24: 19/24: __libc_csu_fini (DONE:3ms)
 19/ 24: Method: _start
 20/ 24: 20/24: _start (DONE:24ms)
 20/ 24: Method: main
 21/ 24: 21/24: main (DONE:54ms)
 21/ 24: Method: initializer_0
 22/ 24: 22/24: initializer_0 (DONE:36ms)
 22/ 24: Method: __libc_csu_init
 23/ 24: 23/24: __libc_csu_init (DONE:52ms)
 23/ 24: Method: finalizer_0
 24/ 24: 24/24: finalizer_0 (DONE:18ms)
Exectime: 1.897000 sec
[I] Done.
