after removing matching assigns (t[WILDSTR]).
### WARNING: iteration limit exceeded for dfaTypeAnalysis of procedure main ###
in proc main adding addrExp r14{0} - 28 to local table
in proc main adding addrExp r14{0} - 32 to local table
in proc main adding addrExp r14{0} - 36 to local table
in proc main adding addrExp r14{0} - 40 to local table
in proc main adding addrExp r14{0} - 44 to local table
in proc main adding addrExp r14{0} to local table
in proc main adding addrExp r14{0} + 4 to local table
in proc main adding addrExp r14{0} + 8 to local table
in proc main adding addrExp r14{0} + 12 to local table
in proc main adding addrExp r14{0} + 16 to local table
in proc main adding addrExp r14{0} + 20 to local table
in proc main adding addrExp r14{0} + 24 to local table
in proc main adding addrExp r14{0} + 28 to local table
in proc main adding addrExp r14{0} + 32 to local table
in proc main adding addrExp r14{0} + 36 to local table
in proc main adding addrExp r14{0} + 40 to local table
in proc main adding addrExp r14{0} + 44 to local table
in proc main adding addrExp r14{0} + 48 to local table
in proc main adding addrExp r14{0} + 52 to local table
in proc main adding addrExp r14{0} + 56 to local table
in proc main adding addrExp r14{0} + 60 to local table
in proc main adding addrExp r14{0} - 24 to local table
in proc main adding addrExp r14{0} - 20 to local table
in proc main adding addrExp r14{0} - 24 to local table
in proc main adding addrExp r14{0} - 20 to local table
in proc main adding addrExp r14{0} - 24 to local table
in proc main adding addrExp r14{0} - 28 to local table
in proc main adding addrExp r14{0} - 32 to local table
in proc main adding addrExp r14{0} - 36 to local table
in proc main adding addrExp r14{0} - 40 to local table
in proc main adding addrExp r14{0} - 44 to local table
in proc main adding addrExp r14{0} - 20 to local table
in proc main adding addrExp r14{0} - 40 to local table
in proc main adding addrExp r14{0} - 40 to local table
in proc main adding addrExp r14{0} - 40 to local table
in proc main adding addrExp r14{0} - 28 to local table
in proc main adding addrExp r14{0} - 28 to local table
in proc main adding addrExp r14{0} - 32 to local table
in proc main adding addrExp r14{0} - 36 to local table
in proc main adding addrExp r14{0} - 44 to local table
in proc main adding addrExp r14{0} - 32 to local table
in proc main adding addrExp r14{0} - 32 to local table
in proc main adding addrExp r14{0} - 36 to local table
in proc main adding addrExp r14{0} - 44 to local table
in proc main adding addrExp r14{0} - 44 to local table
in proc main adding addrExp r14{0} - 44 to local table
in proc main adding addrExp r14{0} - 44 to local table
in proc main adding addrExp r14{0} - 36 to local table
in proc main adding addrExp r14{0} - 36 to local table
in proc main adding addrExp r14{0} - 36 to local table
in proc main adding addrExp r14{0} - 32 to local table
in proc main adding addrExp r14{0} - 32 to local table
in proc main adding addrExp r14{0} - 32 to local table
in proc main adding addrExp r14{0} - 32 to local table
in proc main adding addrExp r14{0} - 28 to local table
in proc main adding addrExp r14{0} - 24 to local table
### WARNING: iteration limit exceeded for dfaTypeAnalysis of procedure main ###
in proc main adding addrExp r14{0} - 32 to local table
in proc main adding addrExp r14{0} - 36 to local table
in proc main adding addrExp r14{0} - 44 to local table
in proc main adding addrExp r14{0} - 20 to local table
in proc main adding addrExp r14{0} - 24 to local table
in proc main adding addrExp r14{0} - 20 to local table
in proc main adding addrExp r14{0} - 24 to local table
in proc main adding addrExp r14{0} - 32 to local table
in proc main adding addrExp r14{0} - 36 to local table
in proc main adding addrExp r14{0} - 44 to local table
in proc main adding addrExp r14{0} - 20 to local table
in proc main adding addrExp r14{0} - 40 to local table
in proc main adding addrExp r14{0} - 40 to local table
in proc main adding addrExp r14{0} - 40 to local table
in proc main adding addrExp r14{0} - 28 to local table
in proc main adding addrExp r14{0} - 28 to local table
in proc main adding addrExp r14{0} - 32 to local table
in proc main adding addrExp r14{0} - 36 to local table
in proc main adding addrExp r14{0} - 44 to local table
in proc main adding addrExp r14{0} - 32 to local table
in proc main adding addrExp r14{0} - 32 to local table
in proc main adding addrExp r14{0} - 36 to local table
in proc main adding addrExp r14{0} - 44 to local table
in proc main adding addrExp r14{0} - 44 to local table
in proc main adding addrExp r14{0} - 44 to local table
in proc main adding addrExp r14{0} - 44 to local table
in proc main adding addrExp r14{0} - 36 to local table
in proc main adding addrExp r14{0} - 36 to local table
in proc main adding addrExp r14{0} - 36 to local table
in proc main adding addrExp r14{0} - 32 to local table
in proc main adding addrExp r14{0} - 32 to local table
in proc main adding addrExp r14{0} - 32 to local table
in proc main adding addrExp r14{0} - 32 to local table
in proc main adding addrExp r14{0} - 28 to local table
in proc main adding addrExp r14{0} - 24 to local table
local o0 has type size_t that doesn't agree with type of define __size32 of a library, why?
local o1 has type char[] * that doesn't agree with type of define void of a library, why?
local o2 has type unsigned int that doesn't agree with type of define void of a library, why?
local o3 has type union { void * x3; /*signed?*/int x4; } that doesn't agree with type of define void of a library, why?
local o4 has type __size32 that doesn't agree with type of define void of a library, why?
local o6 has type void * that doesn't agree with type of define void of a library, why?
local o0 has type __size32 that doesn't agree with type of define int of a library, why?
local o1 has type void that doesn't agree with type of define void * of a library, why?
local o2 has type void that doesn't agree with type of define unsigned int of a library, why?
local o3 has type void that doesn't agree with type of define union { void * x3; /*signed?*/int x4; } of a library, why?
local o4 has type void that doesn't agree with type of define __size32 of a library, why?
local o0 has type int that doesn't agree with type of define void of a library, why?
local o1 has type void * that doesn't agree with type of define __size32 of a library, why?
local o2 has type unsigned int that doesn't agree with type of define void of a library, why?
local o3 has type union { void * x3; /*signed?*/int x4; } that doesn't agree with type of define void of a library, why?
local o4 has type __size32 that doesn't agree with type of define void of a library, why?
dest is not lib
call:   28 {*32* o0, *v* o1, *v* o2, *v* o3, *v* o4, *v* r13, *v* o6, *v* r15} := CALL malloc(
                *size_t* o0 := 12
              )
              Reaching definitions: r0=r0{0},   r8=12,   r9=r9{0},   r10=r10{0},   r11=r11{0},   r12=r12{0},
                r13=r13{0},   r14=r14{0} - 224,   r15=r15{0},   r16=r16{0},   r17=r17{0},   r18=r18{0},   r19=r19{0},
                r20=r20{0},   r21=r21{0},   r22=r22{0},   r23=r23{0},   r24=r8{0},   r25=r9{0},   r26=r10{0},
                r27=r11{0},   r28=r12{0},   r29=r13{0},   r30=r14{0},   r31=r15{0},   m[r14{0} + 4]=r17{0},
                m[r14{0} + 8]=r18{0},   m[r14{0} + 12]=r19{0},   m[r14{0} + 16]=r20{0},   m[r14{0} + 20]=r21{0},
                m[r14{0} + 24]=r22{0},   m[r14{0} + 28]=r23{0},   m[r14{0} + 32]=r24{0},   m[r14{0} + 36]=r25{0},
                m[r14{0} + 40]=r26{0},   m[r14{0} + 44]=r27{0},   m[r14{0} + 48]=r28{0},   m[r14{0} + 52]=r29{0},
                m[r14{0} + 56]=r30{0},   m[r14{0} + 60]=r31{0},   m[r14{0} - 28]=m[r14{0} - 28]{0},
                m[r14{0} - 32]=m[r14{0} - 32]{0},   m[r14{0} - 36]=m[r14{0} - 36]{0},
                m[r14{0} - 40]=m[r14{0} - 40]{0},   m[r14{0} - 44]=m[r14{0} - 44]{0},
                m[r14{0} - 128]=m[r14{0} - 128]{0},   m[r14{0}]=r16{0},   tmp=r14{0} - 224,   %flags=%flags{0},
                %ZF=%ZF{0},   %CF=%CF{0}
              Live variables: o0 in proc main
result:    0 *32* o0 := -
dest is not lib
call:   54 {*i32* o0, *v** o1, *u32* o2, *union* o3, *32* o4, *v* r13, *v* o6, *v* r15} := CALL strlen(
                *[c]** o0 := o0
              )
              Reaching definitions: r0=m[r14{0} - 20]{307} - 1,   r8=r8{53},   r9=r9{248},   r10=r10{249},
                r11=r11{250},   r12=r12{251},   r13=r13{252},   r14=r14{0} - 224,   r15=r15{254},   r16=r16{0},
                r17=r17{0},   r18=r18{0},   r19=r19{0},   r20=r20{0},   r21=r21{0},   r22=r22{0},   r23=r23{0},
                r24=r8{0},   r25=r9{0},   r26=r10{0},   r27=r11{0},   r28=r12{0},   r29=r13{0},   r30=r14{0},
                r31=r15{0},   m[r14{0} + 4]=r17{0},   m[r14{0} + 8]=r18{0},   m[r14{0} + 12]=r19{0},
                m[r14{0} + 16]=r20{0},   m[r14{0} + 20]=r21{0},   m[r14{0} + 24]=r22{0},   m[r14{0} + 28]=r23{0},
                m[r14{0} + 32]=r24{0},   m[r14{0} + 36]=r25{0},   m[r14{0} + 40]=r26{0},   m[r14{0} + 44]=r27{0},
                m[r14{0} + 48]=r28{0},   m[r14{0} + 52]=r29{0},   m[r14{0} + 56]=r30{0},   m[r14{0} + 60]=r31{0},
                m[r14{0} - 20]=m[r14{0} - 20]{307} - 1,   m[r14{0} - 24]=m[r14{0} - 24]{308},
                m[r14{0} - 28]=m[r14{0} - 28]{309},   m[r14{0} - 32]=m[r14{0} - 32]{310},
                m[r14{0} - 36]=m[r14{0} - 36]{311},   m[r14{0} - 40]=m[r14{0} - 40]{312},
                m[r14{0} - 44]=m[r14{0} - 44]{313},   m[r14{0} - 128]=m[r14{0} - 128]{0},   m[r14{0}]=r16{0},
                tmp=m[r14{0} - 20]{307} - 1,   %flags=SUBFLAGS( m[r14{0} - 20]{307} - 1, 0, m[r14{0} - 20]{307} - 1 ),
                %ZF=(m[r14{0} - 20]{307} - 1) = 0,   %CF=(m[r14{0} - 20]{307} - 1) <u 0
              Live variables: o0,  o2,  o3,  o4 in proc main
result:    0 *i32* o0 := -
result:    0 *u32* o2 := -
result:    0 *union* o3 := -
result:    0 *32* o4 := -
dest is not lib
call:  202 {*v* o0, *v** o1, *u32* o2, *union* o3, *32* o4, *v* r13, *v* o6, *v* r15} := CALL puts(
                *c** o0_1 := a[local3]
              )
              Reaching definitions: r0=r0{300},   r8=r14{0} - 128,   r9=m[r14{0} - 32]{324},   r10=r10{276},
                r11=r11{277},   r12=r12{278},   r13=r13{266},   r14=r14{0} - 224,   r15=r15{268},   r16=r16{0},
                r17=r17{0},   r18=r18{0},   r19=r19{0},   r20=r20{0},   r21=r21{0},   r22=r22{0},   r23=r23{0},
                r24=r8{0},   r25=r9{0},   r26=r10{0},   r27=r11{0},   r28=r12{0},   r29=r13{0},   r30=r14{0},
                r31=r15{0},   m[r14{0} + 4]=r17{0},   m[r14{0} + 8]=r18{0},   m[r14{0} + 12]=r19{0},
                m[r14{0} + 16]=r20{0},   m[r14{0} + 20]=r21{0},   m[r14{0} + 24]=r22{0},   m[r14{0} + 28]=r23{0},
                m[r14{0} + 32]=r24{0},   m[r14{0} + 36]=r25{0},   m[r14{0} + 40]=r26{0},   m[r14{0} + 44]=r27{0},
                m[r14{0} + 48]=r28{0},   m[r14{0} + 52]=r29{0},   m[r14{0} + 56]=r30{0},   m[r14{0} + 60]=r31{0},
                m[r14{0} - 20]=m[r14{0} - 20]{307} - 1,   m[r14{0} - 24]=m[r14{0} - 24]{308},
                m[r14{0} - 28]=m[r14{0} - 28]{315},   m[r14{0} - 32]=m[r14{0} - 32]{324},
                m[r14{0} - 36]=m[r14{0} - 36]{320},   m[r14{0} - 40]=m[r14{0} - 40]{314},
                m[r14{0} - 44]=m[r14{0} - 44]{321},   m[r14{0} - 128]=m[r14{0} - 128]{0},   m[r14{0}]=r16{0},
                tmp=r14{0},   %flags=%flags{304},   %ZF=%ZF{305},   %CF=%CF{306}
              Live variables: o2,  o3,  o4 in proc main
result:    0 *u32* o2 := -
result:    0 *union* o3 := -
result:    0 *32* o4 := -
dest is not lib
call:  210 {*v* o0, *32* o1, *v* o2, *v* o3, *v* o4, *v* r13, *v* o6, *v* r15} := CALL puts(
                *c** o0 := ""
              )
              Reaching definitions: r0=m[r14{0} - 28]{315} - 6,   r8=0x11f28,   r9=r9{262},   r10=r10{263},
                r11=r11{264},   r12=r12{265},   r13=r13{266},   r14=r14{0} - 224,   r15=r15{268},   r16=r16{0},
                r17=r17{0},   r18=r18{0},   r19=r19{0},   r20=r20{0},   r21=r21{0},   r22=r22{0},   r23=r23{0},
                r24=r8{0},   r25=r9{0},   r26=r10{0},   r27=r11{0},   r28=r12{0},   r29=r13{0},   r30=r14{0},
                r31=r15{0},   m[r14{0} + 4]=r17{0},   m[r14{0} + 8]=r18{0},   m[r14{0} + 12]=r19{0},
                m[r14{0} + 16]=r20{0},   m[r14{0} + 20]=r21{0},   m[r14{0} + 24]=r22{0},   m[r14{0} + 28]=r23{0},
                m[r14{0} + 32]=r24{0},   m[r14{0} + 36]=r25{0},   m[r14{0} + 40]=r26{0},   m[r14{0} + 44]=r27{0},
                m[r14{0} + 48]=r28{0},   m[r14{0} + 52]=r29{0},   m[r14{0} + 56]=r30{0},   m[r14{0} + 60]=r31{0},
                m[r14{0} - 20]=m[r14{0} - 20]{307} - 1,   m[r14{0} - 24]=m[r14{0} - 24]{308},
                m[r14{0} - 28]=m[r14{0} - 28]{315},   m[r14{0} - 32]=m[r14{0} - 32]{316},
                m[r14{0} - 36]=m[r14{0} - 36]{317},   m[r14{0} - 40]=m[r14{0} - 40]{314},
                m[r14{0} - 44]=m[r14{0} - 44]{318},   m[r14{0} - 128]=m[r14{0} - 128]{0},   m[r14{0}]=r16{0},
                tmp=m[r14{0} - 28]{315},   %flags=SUBFLAGS( m[r14{0} - 28]{315}, 6, m[r14{0} - 28]{315} - 6 ),
                %ZF=(m[r14{0} - 28]{315} - 6) = 0,   %CF=m[r14{0} - 28]{315} <u 6
              Live variables:  in proc main
