Using options:
0001076C: error: An error occurred while processing instruction at address 0001076C.
    The given key was not present in the dictionary.
      at System.ThrowHelper.ThrowKeyNotFoundException () <0x40555e50 + 0x0001f> in <filename unknown>:0 
  at System.Collections.Generic.Dictionary`2[TKey,TValue].get_Item (System.Collections.Generic.TKey key) <0x403a3bb0 + 0x0004b> in <filename unknown>:0 
  at Reko.Analysis.ExpressionPropagator.GetStackDepthBeforeCall () <0x40554d10 + 0x00073> in <filename unknown>:0 
  at Reko.Analysis.ExpressionPropagator.VisitCallInstruction (Reko.Core.Code.CallInstruction ci) <0x405549a0 + 0x0005f> in <filename unknown>:0 
  at Reko.Core.Code.CallInstruction.Accept[T] (InstructionVisitor`1 visitor) <0x4054df50 + 0x00030> in <filename unknown>:0 
  at Reko.Analysis.TrashedRegisterFinder.RewriteBlock (Reko.Core.Block block) <0x405526f0 + 0x001c0> in <filename unknown>:0 
00010988: error: An error occurred while processing instruction at address 00010988.
    The given key was not present in the dictionary.
      at System.ThrowHelper.ThrowKeyNotFoundException () <0x40555e50 + 0x0001f> in <filename unknown>:0 
  at System.Collections.Generic.Dictionary`2[TKey,TValue].get_Item (System.Collections.Generic.TKey key) <0x403a3bb0 + 0x0004b> in <filename unknown>:0 
  at Reko.Analysis.ExpressionPropagator.GetStackDepthBeforeCall () <0x40554d10 + 0x00073> in <filename unknown>:0 
  at Reko.Analysis.ExpressionPropagator.VisitCallInstruction (Reko.Core.Code.CallInstruction ci) <0x405549a0 + 0x0005f> in <filename unknown>:0 
  at Reko.Core.Code.CallInstruction.Accept[T] (InstructionVisitor`1 visitor) <0x4054df50 + 0x00030> in <filename unknown>:0 
  at Reko.Analysis.TrashedRegisterFinder.RewriteBlock (Reko.Core.Block block) <0x405526f0 + 0x001c0> in <filename unknown>:0 
00010964: error: An error occurred while processing instruction at address 00010964.
    The given key was not present in the dictionary.
      at System.ThrowHelper.ThrowKeyNotFoundException () <0x40555e50 + 0x0001f> in <filename unknown>:0 
  at System.Collections.Generic.Dictionary`2[TKey,TValue].get_Item (System.Collections.Generic.TKey key) <0x403a3bb0 + 0x0004b> in <filename unknown>:0 
  at Reko.Analysis.ExpressionPropagator.GetStackDepthBeforeCall () <0x40554d10 + 0x00073> in <filename unknown>:0 
  at Reko.Analysis.ExpressionPropagator.VisitCallInstruction (Reko.Core.Code.CallInstruction ci) <0x405549a0 + 0x0005f> in <filename unknown>:0 
  at Reko.Core.Code.CallInstruction.Accept[T] (InstructionVisitor`1 visitor) <0x4054df50 + 0x00030> in <filename unknown>:0 
  at Reko.Analysis.TrashedRegisterFinder.RewriteBlock (Reko.Core.Block block) <0x405526f0 + 0x001c0> in <filename unknown>:0 
000220B4: warning: Expected sizes of arrays to have been determined by now
000220B4: warning: Expected sizes of arrays to have been determined by now
