[I] JEB 4.11.0.202201181921 (jeb-ce) is starting...
[I] Current directory: SUBJECTS
[I] Base directory: JEBDIR
[I] System: Mac OS X 12.2 (aarch64) de_DE
[I] Java: Homebrew 17.0.1
[I] Memory Usage: 39.2M used (224.8M free, 6.0G max)
[I] Initializing Jython, please wait...
Processing file: SUBJECTS/from_internet/asmutils/rc6crypt/ia32_elf/subject.exe...
[I] {subject.exe > subject.exe > x86 image}: Detected compiler: unknown (Linux)
[I] {subject.exe > subject.exe > x86 image}: Initial native analysis styles: code gaps: PROLOGUES_ONLY, data gaps: DEFAULT
[I] {subject.exe > subject.exe > x86 image}: Analysis completed (0s)
[I] {subject.exe > subject.exe > x86 image}: Initial analysis created 9 methods
Output folder: jeb_output
  0/  9: Method: sub_80486AF
  1/  9: 1/9: sub_80486AF (DONE:658ms)
  1/  9: Method: sub_80483DE
  2/  9: 2/9: sub_80483DE (DONE:200ms)
  2/  9: Method: sub_80487A5
  3/  9: 3/9: sub_80487A5 (DONE:121ms)
  3/  9: Method: sub_80487FC
  4/  9: 4/9: sub_80487FC (DONE:73ms)
  4/  9: Method: sub_8048826
  5/  9: 5/9: sub_8048826 (DONE:178ms)
  5/  9: Method: sub_8048329
  6/  9: 6/9: sub_8048329 (DONE:175ms)
  6/  9: Method: sub_8048460
[E] An optimizer failed: dy: java.lang.RuntimeException: Illegal Slice with begin:32, end:33
[E] An optimizer failed: dy: java.lang.RuntimeException: Illegal Slice with begin:32, end:33
[E] An optimizer failed: dy: java.lang.RuntimeException: Illegal Slice with begin:32, end:33
[E] An optimizer failed: dy: java.lang.RuntimeException: Illegal Slice with begin:32, end:33
[E] An optimizer failed: dy: java.lang.RuntimeException: Illegal Slice with begin:32, end:33
[E] An optimizer failed: dy: java.lang.RuntimeException: Illegal Slice with begin:32, end:33
[E] An optimizer failed: dy: java.lang.RuntimeException: Illegal Slice with begin:32, end:33
[E] An optimizer failed: dy: java.lang.RuntimeException: Illegal Slice with begin:32, end:33
[E] An optimizer failed: dy: java.lang.RuntimeException: Illegal Slice with begin:32, end:33
  7/  9: 7/9: sub_8048460 (DONE:160ms)
  7/  9: Method: sub_80482B7
  8/  9: 8/9: sub_80482B7 (DONE:177ms)
  8/  9: Method: start
  9/  9: 9/9: start (DONE:111ms)
Exectime: 2.510000 sec
[I] Done.
