Possible file format: ELF64 for x86-64 (Executable) (IDADIR/loaders/elf64.so)

  bytes   pages size description
--------- ----- ---- --------------------------------------------
   524288    64 8192 allocating memory for b-tree...
    65536     8 8192 allocating memory for virtual array...
   262144    32 8192 allocating memory for name pointers...
-----------------------------------------------------------------
   851968            total memory allocated

Loading file 'SUBJECTS/from_snowman/other-064_swap/x64_elf/subject.exe' into database...
Detected file format: ELF64 for x86-64 (Executable)
Loading processor module IDADIR/procs/pc64.so for metapc...Initializing processor module metapc...OK
Autoanalysis subsystem has been initialized.
  0. Creating a new segment  (0000000000400000-00000000004001A0) ... ... OK
  1. Creating a new segment  (0000000000400150-0000000000400159) ... ... OK
  2. Creating a new segment  (0000000000400159-00000000004001A0) ... ... OK
  3. Creating a new segment  (000000000040015C-0000000000400170) ... ... OK
  4. Creating a new segment  (0000000000400170-00000000004001A0) ... ... OK
     Deleting segment        (0000000000400170-00000000004001A0) ...
  4. Creating a new segment  (0000000000400170-00000000004001A0) ... ... OK
Assuming __fastcall calling convention by default
Type library 'gnulnx_x64' loaded. Applying types...
Types applied to 0 names.
  5. Creating a new segment  (00000000004001A0-00000000004001A8) ... ... OK
DWARF: Looking for GNU DWARF file at "/usr/lib/debug/.build-id/90/112df7233b61009bc8ff741ea48e2bc9315737.debug"... no.
Marking typical code sequences...
Flushing buffers, please wait...ok
File 'SUBJECTS/from_snowman/other-064_swap/x64_elf/subject.exe' has been successfully loaded into the database.
Hex-Rays Decompiler plugin has been loaded (v7.5.0.201028)
  The hotkeys are F5: decompile, Ctrl-F5: decompile all.
  Please check the Edit/Plugins menu for more informaton.
IDAPython Hex-Rays bindings initialized.
IDA is analysing the input file...
You may start to explore the input file right now.
Propagating type information...
Function argument information has been propagated
lumina: No functions
The initial autoanalysis has been finished.
Flushing buffers, please wait...ok
TIMESTAMP decompiling 400150 size=0000000000000009 times=0...
TIMESTAMP The application has been completely decompiled.
Unloading IDP module IDADIR/procs/pc64.so...
