INFO  holdec.an - ### holdec 1.1 Copyright 2003-2012 Raimar Falke
INFO  holdec.an - Using ./from_boomerang/short2/ia32_elf_by_boomerang/subject.exe as executable
INFO  holdec.fG - Detected ELF (Executable and Linkable Format)
INFO  holdec.ks - wrote ./from_boomerang/short2/ia32_elf_by_boomerang/subject.exe.info
INFO  holdec.fG - disassembleAndWrite: start a new loop with 1 extra block starts
INFO  holdec.fG - disassembleAndWrite: running multiline
INFO  holdec.ks - wrote ./from_boomerang/short2/ia32_elf_by_boomerang/subject.exe.info
INFO  holdec.ks - wrote ./from_boomerang/short2/ia32_elf_by_boomerang/subject.exe.info
INFO  holdec.fG - disassembleAndWrite: found no new addresses. will stop now.
INFO  holdec.ks - wrote ./from_boomerang/short2/ia32_elf_by_boomerang/subject.exe.info
INFO  holdec.ks - wrote ./from_boomerang/short2/ia32_elf_by_boomerang/subject.exe.info
INFO  holdec.fG - reading all asm lines ...
INFO  holdec.fG - ... read 268 asm lines
WARN  holdec.w - Address 08048114.0 is excluded by the address filter. Maybe outside text section?
WARN  holdec.w - Address 080484a8.0 is excluded by the address filter. Maybe outside text section?
INFO  holdec.an - will decompile 8 functions
WARN  holdec.ag - Referencing unknown line 080482c8.0
WARN  holdec.ag - Referencing unknown line 0804837c.0
WARN  holdec.ag - Referencing unknown line 080482b8.0
WARN  holdec.ag - Referencing unknown line 0804837c.0
WARN  holdec.ag - Referencing unknown line 080482b8.0
WARN  holdec.ag - Referencing unknown line 0804837c.0
WARN  holdec.ag - Referencing unknown line 080482b8.0
WARN  holdec.ag - Referencing unknown line 0804837c.0
WARN  holdec.ag - Referencing unknown line 080482b8.0
INFO  holdec.fO - Skipping stack alignment: 0804839e.0+3 l.and esp,0xfffffff0
WARN  holdec.ag - Referencing unknown line 08048280.0
WARN  holdec.ag - Referencing unknown line 08048320.0
