Analyzing './from_boomerang/short2/ia32_elf_by_boomerang/subject.exe' as a x86 32 ELF binary file.

0 Procs, 0 Labels, 0 Branches, 0 MB used, 0 / 0 kB covered
Elapsed time: 0 sec.
./from_boomerang/short2/ia32_elf_by_boomerang/subject.exe: no .debug_info section
./from_boomerang/short2/ia32_elf_by_boomerang/subject.exe: 28 sections starting at 0x00000800
./from_boomerang/short2/ia32_elf_by_boomerang/subject.exe: section string table at 0x00000BE8, 0xD7 bytes
 Offset:  [ix]  Address    Size    Offset  Name
00000800: [ 0] 00000000 00000000 00000000 
00000828: [ 1] 08048114 00000013 00000114 .interp
00000850: [ 2] 08048128 00000020 00000128 .note.ABI-tag
00000878: [ 3] 08048148 0000002C 00000148 .hash
000008A0: [ 4] 08048174 00000060 00000174 .dynsym
000008C8: [ 5] 080481D4 00000060 000001D4 .dynstr
000008F0: [ 6] 08048234 0000000C 00000234 .gnu.version
00000918: [ 7] 08048240 00000020 00000240 .gnu.version_r
00000940: [ 8] 08048260 00000008 00000260 .rel.dyn
00000968: [ 9] 08048268 00000018 00000268 .rel.plt
00000990: [10] 08048280 00000017 00000280 .init
000009B8: [11] 08048298 00000040 00000298 .plt
000009E0: [12] 080482D8 000001B4 000002D8 .text
00000A08: [13] 0804848C 0000001A 0000048C .fini
00000A30: [14] 080484A8 00000068 000004A8 .rodata
00000A58: [15] 08048510 00000004 00000510 .eh_frame
00000A80: [16] 08049514 00000008 00000514 .ctors
00000AA8: [17] 0804951C 00000008 0000051C .dtors
00000AD0: [18] 08049524 00000004 00000524 .jcr
00000AF8: [19] 08049528 000000C8 00000528 .dynamic
00000B20: [20] 080495F0 00000004 000005F0 .got
00000B48: [21] 080495F4 00000018 000005F4 .got.plt
00000B70: [22] 0804960C 0000000C 0000060C .data
00000B98: [23] 08049618 00000004 00000618 .bss
00000BC0: [24] 00000000 0000010E 00000618 .comment
00000BE8: [25] 00000000 000000D7 00000726 .shstrtab
00000C10: [26] 00000000 00000470 00000C60 .symtab
00000C38: [27] 00000000 00000243 000010D0 .strtab
Matching signatures...
0 Procs, 0 Labels, 0 Branches, 0 MB used, 0 / 1 kB covered
Elapsed time: 0 sec.
0 Procs, 0 Labels, 0 Branches, 0 MB used, 0 / 1 kB covered
Elapsed time: 0 sec.
Separating code and data...
0 Procs, 0 Labels, 0 Branches, 0 MB used, 0 / 1 kB covered
Elapsed time: 0 sec.
0 Procs, 9 Labels, 7 Branches, 0 MB used, 0 / 1 kB covered
Elapsed time: 0 sec.
0 Procs, 18 Labels, 21 Branches, 0 MB used, 0 / 1 kB covered
Elapsed time: 0 sec.
0 Procs, 38 Labels, 40 Branches, 0 MB used, 0 / 1 kB covered
Elapsed time: 0 sec.
0 Procs, 40 Labels, 41 Branches, 0 MB used, 0 / 1 kB covered
Elapsed time: 0 sec.
0 Procs, 53 Labels, 47 Branches, 0 MB used, 0 / 1 kB covered
Elapsed time: 0 sec.
11 Procs, 53 Labels, 47 Branches, 0 MB used, 0 / 1 kB covered
Elapsed time: 0 sec.
11 Procs, 53 Labels, 47 Branches, 0 MB used, 0 / 1 kB covered
Elapsed time: 0 sec.
11 Procs, 53 Labels, 47 Branches, 0 MB used, 0 / 1 kB covered
Elapsed time: 0 sec.
11 Procs, 53 Labels, 47 Branches, 0 MB used, 0 / 1 kB covered
Elapsed time: 0 sec.
11 Procs, 53 Labels, 47 Branches, 0 MB used, 0 / 1 kB covered
Elapsed time: 0 sec.
11 Procs, 53 Labels, 47 Branches, 0 MB used, 0 / 1 kB covered
Elapsed time: 0 sec.
11 Procs, 53 Labels, 47 Branches, 0 MB used, 0 / 1 kB covered
Elapsed time: 0 sec.
11 Procs, 53 Labels, 47 Branches, 0 MB used, 0 / 1 kB covered
Elapsed time: 0 sec.
11 Procs, 53 Labels, 47 Branches, 0 MB used, 0 / 1 kB covered
Elapsed time: 0 sec.
11 Procs, 53 Labels, 47 Branches, 0 MB used, 0 / 1 kB covered
Elapsed time: 0 sec.
Resolving indirect jumps...
11 Procs, 53 Labels, 47 Branches, 0 MB used, 0 / 1 kB covered
Elapsed time: 0 sec.
11 Procs, 53 Labels, 47 Branches, 0 MB used, 0 / 1 kB covered
Elapsed time: 0 sec.
Resolving constants and strings...
11 Procs, 53 Labels, 47 Branches, 0 MB used, 0 / 1 kB covered
Elapsed time: 0 sec.
Discovering unreached functions...
11 Procs, 53 Labels, 47 Branches, 0 MB used, 0 / 1 kB covered
Elapsed time: 0 sec.
Computing call tree...
11 Procs, 53 Labels, 47 Branches, 0 MB used, 0 / 1 kB covered
Elapsed time: 0 sec.
Computing calling conventions...
11 Procs, 53 Labels, 47 Branches, 0 MB used, 0 / 1 kB covered
Elapsed time: 0 sec.
Computing Calling Convention: 2/11  0x080482A8
Elapsed time: 0 sec.
Computing Calling Convention: 3/11  0x080482B8
Elapsed time: 0 sec.
Computing Calling Convention: 4/11  0x080482C8
Elapsed time: 0 sec.
Computing Calling Convention: 6/11  0x08048306
Elapsed time: 0 sec.
Computing Calling Convention: 7/11  0x08048354
Elapsed time: 0 sec.
Computing Calling Convention: 8/11  0x0804837C
Elapsed time: 0 sec.
Computing Calling Convention: 9/11  0x08048398
Elapsed time: 0 sec.
Computing Calling Convention: 11/11  0x08048464
Elapsed time: 0 sec.
Computing Calling Convention: 2/3  0x080482FC
Elapsed time: 0 sec.
Computing Calling Convention: 1/2  0x08048280
Elapsed time: 0 sec.
Computing Calling Convention: 2/2  0x0804841A
Elapsed time: 0 sec.
File analysis complete.
11 Procs, 53 Labels, 47 Branches, 0 MB used, 0 / 1 kB covered
Elapsed time: 0 sec.

Decompiling 1/11: 0x08048280
Elapsed time: 0 sec.
Decompiling 2/11: 0x080482A8
Elapsed time: 0 sec.
Decompiling 3/11: 0x080482B8
Elapsed time: 0 sec.
Decompiling 4/11: 0x080482C8
Elapsed time: 0 sec.
Decompiling 5/11: 0x080482FC
Elapsed time: 0 sec.
Decompiling 6/11: 0x08048306
Elapsed time: 0 sec.
Decompiling 7/11: 0x08048354
Elapsed time: 0 sec.
Decompiling 8/11: 0x0804837C
Elapsed time: 0 sec.
Decompiling 9/11: 0x08048398
Elapsed time: 0 sec.
Decompiling 10/11: 0x0804841A
Elapsed time: 0 sec.
Decompiling 11/11: 0x08048464
Elapsed time: 0 sec.
Decompiling 11/11: 0x08048464
Elapsed time: 0 sec.
