Possible file format: ELF for Intel 386 (Executable) (IDADIR/loaders/elf.so)

  bytes   pages size description
--------- ----- ---- --------------------------------------------
   524288    64 8192 allocating memory for b-tree...
    65536     8 8192 allocating memory for virtual array...
   262144    32 8192 allocating memory for name pointers...
-----------------------------------------------------------------
   851968            total memory allocated

Loading file 'SUBJECTS/from_holdec/dmi/dmic-a5/ia32_elf/subject.exe' into database...
Detected file format: ELF for Intel 386 (Executable)
Loading processor module IDADIR/procs/pc.so for metapc...Initializing processor module metapc...OK
Autoanalysis subsystem has been initialized.
Assuming __cdecl calling convention by default
  0. Creating a new segment  (08048000-080485E4) ... ... OK
  1. Creating a new segment  (08049F08-0804A01C) ... ... OK
Assuming __cdecl calling convention by default
Type library 'gnulnx_x86' loaded. Applying types...
Types applied to 0 names.
  2. Creating a new segment  (080482A8-080482CB) ... ... OK
  3. Creating a new segment  (080482CB-080485E4) ... ... OK
  4. Creating a new segment  (080482D0-08048300) ... ... OK
  5. Creating a new segment  (08048300-080485E4) ... ... OK
  6. Creating a new segment  (08048300-08048308) ... ... OK
     Deleting segment        (08048308-080485E4) ...
  6. Creating a new segment  (08048308-080485E4) ... ... OK
  7. Creating a new segment  (08048310-080484B2) ... ... OK
  8. Creating a new segment  (080484B2-080485E4) ... ... OK
  9. Creating a new segment  (080484B4-080484C8) ... ... OK
 10. Creating a new segment  (080484C8-080485E4) ... ... OK
 11. Creating a new segment  (080484C8-080484D4) ... ... OK
     Deleting segment        (080484D4-080485E4) ...
 11. Creating a new segment  (080484D4-080485E4) ... ... OK
 12. Creating a new segment  (080484D4-08048500) ... ... OK
     Deleting segment        (08048500-080485E4) ...
 12. Creating a new segment  (08048500-080485E4) ... ... OK
     Deleting segment        (08048500-080485E4) ...
 12. Creating a new segment  (08048500-080485E4) ... ... OK
 13. Creating a new segment  (08049F08-08049F0C) ... ... OK
     Deleting segment        (08049F0C-0804A01C) ...
 13. Creating a new segment  (08049F0C-0804A01C) ... ... OK
 14. Creating a new segment  (08049F0C-08049F10) ... ... OK
     Deleting segment        (08049F10-0804A01C) ...
 14. Creating a new segment  (08049F10-0804A01C) ... ... OK
 15. Creating a new segment  (08049F10-08049F14) ... ... OK
     Deleting segment        (08049F14-0804A01C) ...
 15. Creating a new segment  (08049F14-0804A01C) ... ... OK
 16. Creating a new segment  (08049FFC-0804A000) ... ... OK
 17. Creating a new segment  (0804A000-0804A01C) ... ... OK
 18. Creating a new segment  (0804A000-0804A014) ... ... OK
     Deleting segment        (0804A014-0804A01C) ...
 18. Creating a new segment  (0804A014-0804A01C) ... ... OK
 19. Creating a new segment  (0804A014-0804A018) ... ... OK
     Deleting segment        (0804A018-0804A01C) ...
 19. Creating a new segment  (0804A018-0804A01C) ... ... OK
     Deleting segment        (0804A018-0804A01C) ...
 19. Creating a new segment  (0804A018-0804A01C) ... ... OK
 20. Creating a new segment  (0804A01C-0804A01D) ... ... OK
 21. Creating a new segment  (0804A020-0804A02C) ... ... OK
Processing relocations...
DWARF: Looking for GNU DWARF file at "/usr/lib/debug/.build-id/c3/c37098fb7853405aa0298ec138e37aafa09d2f.debug"... no.
Marking typical code sequences...
Flushing buffers, please wait...ok
File 'SUBJECTS/from_holdec/dmi/dmic-a5/ia32_elf/subject.exe' has been successfully loaded into the database.
Hex-Rays Decompiler plugin has been loaded (v7.5.0.201028)
  The hotkeys are F5: decompile, Ctrl-F5: decompile all.
  Please check the Edit/Plugins menu for more informaton.
IDAPython Hex-Rays bindings initialized.
IDA is analysing the input file...
You may start to explore the input file right now.
Propagating type information...
Function argument information has been propagated
lumina: applied metadata to 2 functions.
The initial autoanalysis has been finished.
Flushing buffers, please wait...ok
TIMESTAMP decompiling 80482D0 size=0000000C times=0...
The decompiler assumes that the segment '.got.plt' is read-only because of its NAME.
All data references to the segment will be replaced by constant values.
This may lead to drastic changes in the decompiler output.
If the segment is not read-only, please change the segment NAME.

In general, the decompiler checks the segment permissions, class, and name
to determine if it is read-only.
 -> OK
TIMESTAMP decompiling 8048310 size=00000043 times=0...
TIMESTAMP decompiling 8048380 size=00000004 times=0...
TIMESTAMP decompiling 8048390 size=0000002B times=0...
TIMESTAMP decompiling 80483C0 size=00000035 times=0...
TIMESTAMP decompiling 80482A8 size=00000023 times=0...
The decompiler assumes that the segment '.got' is read-only because of its NAME.
All data references to the segment will be replaced by constant values.
This may lead to drastic changes in the decompiler output.
If the segment is not read-only, please change the segment NAME.

In general, the decompiler checks the segment permissions, class, and name
to determine if it is read-only.
 -> OK
TIMESTAMP decompiling 8048420 size=0000002B times=0...
TIMESTAMP decompiling 8048450 size=0000005D times=0...
TIMESTAMP decompiling 8048353 size=00000022 times=0...
TIMESTAMP decompiling 8048400 size=0000001E times=0...
TIMESTAMP decompiling 80484B4 size=00000014 times=0...
TIMESTAMP The application has been completely decompiled.
Unloading IDP module IDADIR/procs/pc.so...
