
Database SUBJECTS/from_internet/asmutils/nm/ia32_elf/subject.exe.idb already exists.
Do you want to overwrite it? -> ~L~oad existing

  bytes   pages size description
--------- ----- ---- --------------------------------------------
   524288    64 8192 allocating memory for b-tree...
    65536     8 8192 allocating memory for virtual array...
   262144    32 8192 allocating memory for name pointers...
-----------------------------------------------------------------
   851968            total memory allocated

Loading processor module IDADIR/procs/pc.so for metapc...Initializing processor module metapc...OK
Loading type libraries...
Autoanalysis subsystem has been initialized.
Database for file 'subject.exe' has been loaded.
Hex-Rays Decompiler plugin has been loaded (v7.6.0.210427)
  The hotkeys are F5: decompile, Ctrl-F5: decompile all.

  Please check the Edit/Plugins menu for more informaton.
=== start of cleanup script -> OK
  function at 08048097       with name 'start'
  function at 08048165       with name 'sub_8048165'
  function at 08048211       with name 'sub_8048211'
  function at 0804822F       with name 'sub_804822F'
  function at 08048260       with name 'sub_8048260'
  function at 08048274       with name 'sub_8048274'
  function at 0804831C       with name 'sub_804831C'
  function at 08048359       with name 'sub_8048359'
  function at 0804837F       with name 'sub_804837F'
finished -> OK
TIMESTAMP decompiling 8048211 size=0000001E times=0...
TIMESTAMP decompiling 8048260 size=00000013 times=0...
TIMESTAMP decompiling 804831C size=0000003D times=0...
TIMESTAMP decompiling 8048359 size=00000026 times=0...
TIMESTAMP decompiling 804837F size=00000030 times=0...
TIMESTAMP decompiling 804822F size=00000031 times=0...
TIMESTAMP decompiling 8048165 size=000000AC times=0...
TIMESTAMP decompiling 8048274 size=000000A8 times=0...
TIMESTAMP decompiling 8048097 size=000000CE times=0...
TIMESTAMP The application has been completely decompiled.
Flushing buffers, please wait...ok
Unloading IDP module IDADIR/procs/pc.so...
