Using options:
00000000004003D8: warning: Unable to resolve imported reference __gmon_start__.
000000000040053E: warning: Call target address 0000000000000000 is invalid.
000000000040052B: warning: Procedure frame_dummy previously had a return address of 8 bytes on the stack, but now seems to have a return address of 0 bytes on the stack.
0000000000400541: warning: Procedure frame_dummy previously had a return address of 8 bytes on the stack, but now seems to have a return address of 0 bytes on the stack.
0000000000400426: warning: The format specifier '%z' passed to *printf is not known.
0000000000400426: warning: The format specifier '%z' passed to *printf is not known.
0000000000400426: warning: The format specifier '%z' passed to *printf is not known.
0000000000400426: warning: The format specifier '%z' passed to *printf is not known.
0000000000400426: warning: The format specifier '%z' passed to *printf is not known.
0000000000400441: warning: The format specifier '%z' passed to *printf is not known.
0000000000400441: warning: The format specifier '%z' passed to *printf is not known.
0000000000400441: warning: The format specifier '%z' passed to *printf is not known.
compare_floats: error: An error occurred during data flow analysis.
    Case PO not handled.
      at Reko.Analysis.ConditionCodeEliminator.ComparisonFromConditionCode (Reko.Core.Expressions.ConditionCode cc, Reko.Core.Expressions.BinaryExpression bin, System.Boolean isNegated) [0x0012b] in <6a264ef1b92c4115b517d6a392a986a9>:0 
  at Reko.Analysis.ConditionCodeEliminator.UseGrfConditionally (Reko.Analysis.SsaIdentifier sid, Reko.Core.Expressions.ConditionCode cc) [0x00099] in <6a264ef1b92c4115b517d6a392a986a9>:0 
  at Reko.Analysis.ConditionCodeEliminator.VisitTestCondition (Reko.Core.Expressions.TestCondition tc) [0x00031] in <6a264ef1b92c4115b517d6a392a986a9>:0 
  at Reko.Core.Expressions.TestCondition.Accept[T] (Reko.Core.Expressions.ExpressionVisitor`1[T] visitor) [0x00000] in <b2493f84bc1c4ae0a3abd1f5c5378f54>:0 
  at Reko.Analysis.ConditionCodeEliminator.TransformAssignment (Reko.Core.Code.Assignment a) [0x00007] in <6a264ef1b92c4115b517d6a392a986a9>:0 
  at Reko.Core.Code.Assignment.Accept (Reko.Core.Code.InstructionTransformer xform) [0x00000] in <b2493f84bc1c4ae0a3abd1f5c5378f54>:0 
  at Reko.Analysis.ConditionCodeEliminator.Transform () [0x000a1] in <6a264ef1b92c4115b517d6a392a986a9>:0 
  at Reko.Analysis.DataFlowAnalysis.BuildExpressionTrees () [0x000ea] in <6a264ef1b92c4115b517d6a392a986a9>:0 
: error: Error when reconstructing types.
    Specified argument was out of the range of valid values.
Parameter name: Linear address 00000000 is not in known segment.
      at Reko.Core.SegmentMap.MapLinearAddressToAddress (System.UInt64 linearAddress) [0x00064] in <b2493f84bc1c4ae0a3abd1f5c5378f54>:0 
  at Reko.CmdLine.CmdLineListener.CreateStatementNavigator (Reko.Core.Program program, Reko.Core.Statement stm) [0x0000c] in <dc0e44df5cc444f3808f49ca9ab72f91>:0 
  at Reko.Typing.TypeCollector.CollectTypes () [0x000da] in <6a264ef1b92c4115b517d6a392a986a9>:0 
  at Reko.Typing.TypeAnalyzer.RewriteProgram (Reko.Core.Program program) [0x000cd] in <6a264ef1b92c4115b517d6a392a986a9>:0 
  at Reko.DecompilerDriver.ReconstructTypes () [0x0004a] in <6a264ef1b92c4115b517d6a392a986a9>:0 
