Possible file format: ELF for Intel 386 (Executable) (IDADIR/loaders/elf.so)

  bytes   pages size description
--------- ----- ---- --------------------------------------------
   524288    64 8192 allocating memory for b-tree...
   344064    42 8192 allocating memory for virtual array...
   262144    32 8192 allocating memory for name pointers...
-----------------------------------------------------------------
  1130496            total memory allocated

Loading file 'SUBJECTS/from_decompile-it.com/cat/ia32_elf_from_website/subject.exe' into database...
Detected file format: ELF for Intel 386 (Executable)
Loading processor module IDADIR/procs/pc.so for metapc...Initializing processor module metapc...OK
Autoanalysis subsystem has been initialized.
Assuming __cdecl calling convention by default
  0. Creating a new segment  (08048000-08050B68) ... ... OK
  1. Creating a new segment  (08051F08-08052284) ... ... OK
Assuming __cdecl calling convention by default
Type library 'gnulnx_x86' loaded. Applying types...
Types applied to 0 names.
  2. Creating a new segment  (08048A9C-08048ACC) ... ... OK
  3. Creating a new segment  (08048ACC-08050B68) ... ... OK
  4. Creating a new segment  (08048ACC-08048DBC) ... ... OK
     Deleting segment        (08048DBC-08050B68) ...
  4. Creating a new segment  (08048DBC-08050B68) ... ... OK
  5. Creating a new segment  (08048DC0-0804FCFC) ... ... OK
  6. Creating a new segment  (0804FCFC-08050B68) ... ... OK
  7. Creating a new segment  (0804FCFC-0804FD18) ... ... OK
     Deleting segment        (0804FD18-08050B68) ...
  7. Creating a new segment  (0804FD18-08050B68) ... ... OK
  8. Creating a new segment  (0804FD20-08050B64) ... ... OK
  9. Creating a new segment  (08050B64-08050B68) ... ... OK
     Deleting segment        (08050B64-08050B68) ...
  9. Creating a new segment  (08050B64-08050B68) ... ... OK
 10. Creating a new segment  (08051F08-08051F10) ... ... OK
     Deleting segment        (08051F10-08052284) ...
 10. Creating a new segment  (08051F10-08052284) ... ... OK
 11. Creating a new segment  (08051F10-08051F18) ... ... OK
     Deleting segment        (08051F18-08052284) ...
 11. Creating a new segment  (08051F18-08052284) ... ... OK
 12. Creating a new segment  (08051F18-08051F1C) ... ... OK
     Deleting segment        (08051F1C-08052284) ...
 12. Creating a new segment  (08051F1C-08052284) ... ... OK
 13. Creating a new segment  (08051FEC-08051FF4) ... ... OK
 14. Creating a new segment  (08051FF4-08052284) ... ... OK
 15. Creating a new segment  (08051FF4-080520B8) ... ... OK
     Deleting segment        (080520B8-08052284) ...
 15. Creating a new segment  (080520B8-08052284) ... ... OK
 16. Creating a new segment  (080520B8-080520F4) ... ... OK
     Deleting segment        (080520F4-08052284) ...
 16. Creating a new segment  (080520F4-08052284) ... ... OK
 17. Creating a new segment  (08052100-08052284) ... ... OK
 18. Creating a new segment  (08052284-08052285) ... ... OK
 19. Creating a new segment  (08052288-08052340) ... ... OK
 20. Creating a new segment  (08052340-080523AC) ... ... OK
Processing relocations...
DWARF: File "SUBJECTS/from_decompile-it.com/cat/ia32_elf_from_website/subject.exe" contains DWARF information.
DWARF: Functions: 71 symbols applied
DWARF: Globals: 18 symbols applied
Marking typical code sequences...
Flushing buffers, please wait...ok
File 'SUBJECTS/from_decompile-it.com/cat/ia32_elf_from_website/subject.exe' has been successfully loaded into the database.
Hex-Rays Decompiler plugin has been loaded (v7.5.0.201028)
  The hotkeys are F5: decompile, Ctrl-F5: decompile all.
  Please check the Edit/Plugins menu for more informaton.
IDAPython Hex-Rays bindings initialized.
IDA is analysing the input file...
You may start to explore the input file right now.
Propagating type information...
Function argument information has been propagated
lumina: applied metadata to 6 functions.
The initial autoanalysis has been finished.
Flushing buffers, please wait...ok
TIMESTAMP decompiling 8048ACC size=0000000C times=0...
The decompiler assumes that the segment '.got.plt' is read-only because of its NAME.
All data references to the segment will be replaced by constant values.
This may lead to drastic changes in the decompiler output.
If the segment is not read-only, please change the segment NAME.

In general, the decompiler checks the segment permissions, class, and name
to determine if it is read-only.
 -> OK
TIMESTAMP decompiling 8048DF0 size=00000056 times=0...
TIMESTAMP decompiling 8048E50 size=00000023 times=0...
TIMESTAMP decompiling 8048F9B size=00000024 times=0...
The decompiler assumes that the segment '.rodata' is read-only because of its NAME.
All data references to the segment will be replaced by constant values.
This may lead to drastic changes in the decompiler output.
If the segment is not read-only, please change the segment NAME.

In general, the decompiler checks the segment permissions, class, and name
to determine if it is read-only.
 -> OK
TIMESTAMP decompiling 8048FBF size=00000081 times=0...
TIMESTAMP decompiling 8049DB4 size=00000032 times=0...
TIMESTAMP decompiling 804A0E4 size=0000000D times=0...
TIMESTAMP decompiling 804A244 size=00000022 times=0...
TIMESTAMP decompiling 804A266 size=00000025 times=0...
TIMESTAMP decompiling 804A28B size=0000007A times=0...
TIMESTAMP decompiling 804A305 size=0000002E times=0...
TIMESTAMP decompiling 804AB73 size=00000092 times=0...
TIMESTAMP decompiling 804AE0A size=0000006D times=0...
TIMESTAMP decompiling 804AFC4 size=00000065 times=0...
TIMESTAMP decompiling 804B02C size=00000065 times=0...
TIMESTAMP decompiling 804B414 size=00000014 times=0...
TIMESTAMP decompiling 804B428 size=00000039 times=0...
TIMESTAMP decompiling 804B464 size=0000008D times=0...
TIMESTAMP decompiling 804E9D1 size=00000025 times=0...
TIMESTAMP decompiling 804E9F6 size=0000002D times=0...
TIMESTAMP decompiling 804EA24 size=0000006B times=0...
TIMESTAMP decompiling 804EA90 size=000002B9 times=0...
TIMESTAMP decompiling 804FBAD size=0000002D times=0...
TIMESTAMP decompiling 804FBE0 size=00000005 times=0...
TIMESTAMP decompiling 804FC50 size=0000003D times=0...
The decompiler assumes that the segment '.got' is read-only because of its NAME.
All data references to the segment will be replaced by constant values.
This may lead to drastic changes in the decompiler output.
If the segment is not read-only, please change the segment NAME.

In general, the decompiler checks the segment permissions, class, and name
to determine if it is read-only.
 -> OK
TIMESTAMP decompiling 804FC90 size=00000032 times=0...
TIMESTAMP decompiling 804FCD0 size=0000002A times=0...
TIMESTAMP decompiling 8048E74 size=00000127 times=0...
TIMESTAMP decompiling 8049DE8 size=00000067 times=0...
TIMESTAMP decompiling 8049040 size=000000C8 times=0...
TIMESTAMP decompiling 80495FB size=00000076 times=0...
TIMESTAMP decompiling 804A333 size=0000074C times=0...
TIMESTAMP decompiling 804AA7F size=0000006F times=0...
TIMESTAMP decompiling 804B2ED size=0000002A times=0...
TIMESTAMP decompiling 804B2DA size=00000013 times=0...
TIMESTAMP decompiling 804B317 size=00000031 times=0...
TIMESTAMP decompiling 804AC05 size=000001C0 times=0...
TIMESTAMP decompiling 804AE77 size=0000003E times=0...
TIMESTAMP decompiling 804A1B8 size=00000022 times=0...
TIMESTAMP decompiling 804A1DA size=0000001B times=0...
TIMESTAMP decompiling 8049108 size=000004F3 times=0...
TIMESTAMP decompiling 804B4F4 size=00000066 times=0...
TIMESTAMP decompiling 804E995 size=0000003C times=0...
TIMESTAMP decompiling 804ED4C size=00000E61 times=0...
TIMESTAMP decompiling 804B55A size=0000343B times=0...
TIMESTAMP decompiling 804B094 size=00000167 times=0...
TIMESTAMP decompiling 8049E50 size=0000025F times=0...
TIMESTAMP decompiling 804A0AF size=00000035 times=0...
TIMESTAMP decompiling 804AF14 size=00000093 times=0...
TIMESTAMP decompiling 804AFA7 size=0000001B times=0...
TIMESTAMP decompiling 804A0F1 size=000000C6 times=0...
TIMESTAMP decompiling 8049671 size=00000743 times=0...
TIMESTAMP decompiling 8048A9C size=00000030 times=0...
TIMESTAMP decompiling 804FBF0 size=0000005A times=0...
TIMESTAMP decompiling 8048DC0 size=00000022 times=0...
TIMESTAMP decompiling 804B3C1 size=0000002B times=0...
TIMESTAMP decompiling 804A1F8 size=0000004C times=0...
TIMESTAMP decompiling 804AAEE size=00000085 times=0...
TIMESTAMP decompiling 804ADC5 size=0000002A times=0...
TIMESTAMP decompiling 804ADEF size=0000001B times=0...
TIMESTAMP decompiling 804AEB5 size=0000003D times=0...
TIMESTAMP decompiling 804AEF2 size=00000022 times=0...
TIMESTAMP decompiling 804B1FC size=0000002E times=0...
TIMESTAMP decompiling 804B22A size=00000035 times=0...
TIMESTAMP decompiling 804B25F size=0000007B times=0...
TIMESTAMP decompiling 804B348 size=00000022 times=0...
TIMESTAMP decompiling 804B36A size=0000002C times=0...
TIMESTAMP decompiling 804B396 size=0000002B times=0...
TIMESTAMP decompiling 804B3EC size=00000025 times=0...
TIMESTAMP decompiling 804FCFC size=0000001C times=0...
TIMESTAMP The application has been completely decompiled.
Unloading IDP module IDADIR/procs/pc.so...
