Analyzing './from_boomerang/minmax2/ppc_elf_by_boomerang/subject.exe' as a PowerPC 32 ELF binary file.

0 Procs, 0 Labels, 0 Branches, 0 MB used, 0 / 0 kB covered
./from_boomerang/minmax2/ppc_elf_by_boomerang/subject.exe: 35 sections starting at 0x00000F10
./from_boomerang/minmax2/ppc_elf_by_boomerang/subject.exe: section string table at 0x00001410, 0x120 bytes
 Offset:  [ix]  Address    Size    Offset  Name
00000F10: [ 0] 00000000 00000000 00000000 
00000F38: [ 1] 10000154 0000000D 00000154 .interp
00000F60: [ 2] 10000164 00000020 00000164 .note.ABI-tag
00000F88: [ 3] 10000184 00000028 00000184 .hash
00000FB0: [ 4] 100001AC 00000050 000001AC .dynsym
00000FD8: [ 5] 100001FC 0000004C 000001FC .dynstr
00001000: [ 6] 10000248 0000000A 00000248 .gnu.version
00001028: [ 7] 10000254 00000020 00000254 .gnu.version_r
00001050: [ 8] 10000274 0000000C 00000274 .rela.dyn
00001078: [ 9] 10000280 00000018 00000280 .rela.plt
000010A0: [10] 10000298 00000028 00000298 .init
000010C8: [11] 100002C0 00000598 000002C0 .text
000010F0: [12] 10000858 00000020 00000858 .fini
00001118: [13] 10000878 00000028 00000878 .rodata
00001140: [14] 100008A0 00000000 000008A0 .sdata2
00001168: [15] 100008A0 00000004 000008A0 .eh_frame
00001190: [16] 100108A4 00000008 000008A4 .ctors
000011B8: [17] 100108AC 00000008 000008AC .dtors
000011E0: [18] 100108B4 00000004 000008B4 .jcr
00001208: [19] 100108B8 00000010 000008B8 .got2
00001230: [20] 100108C8 000000C8 000008C8 .dynamic
00001258: [21] 10010990 00000008 00000990 .data
00001280: [22] 10010998 00000014 00000998 .got
000012A8: [23] 100109AC 00000000 000009AC .sdata
000012D0: [24] 100109AC 00000000 000009AC .sbss
000012F8: [25] 100109AC 00000060 000009AC .plt
00001320: [26] 10010A0C 00000004 000009AC .bss
00001348: [27] 00000000 0000017A 000009AC .comment
00001370: [28] 00000000 00000058 00000B28 .debug_aranges
00001398: [29] 00000000 00000138 00000B80 .debug_info
000013C0: [30] 00000000 00000020 00000CB8 .debug_abbrev
000013E8: [31] 00000000 00000117 00000CD8 .debug_line
00001410: [32] 00000000 00000120 00000DEF .shstrtab
00001438: [33] 00000000 00000E60 00001488 .symtab
00001460: [34] 00000000 00000979 000022E8 .strtab
Internal error: Dwarf-2 current offset: 0x8A4
Matching signatures...
0 Procs, 0 Labels, 0 Branches, 0 MB used, 0 / 2 kB covered
0 Procs, 0 Labels, 0 Branches, 0 MB used, 0 / 2 kB covered
Separating code and data...
0 Procs, 0 Labels, 0 Branches, 0 MB used, 0 / 2 kB covered
0 Procs, 17 Labels, 14 Branches, 0 MB used, 1 / 2 kB covered
0 Procs, 18 Labels, 15 Branches, 0 MB used, 1 / 2 kB covered
0 Procs, 18 Labels, 15 Branches, 0 MB used, 1 / 2 kB covered
0 Procs, 23 Labels, 19 Branches, 0 MB used, 1 / 2 kB covered
0 Procs, 23 Labels, 20 Branches, 0 MB used, 1 / 2 kB covered
0 Procs, 23 Labels, 20 Branches, 0 MB used, 1 / 2 kB covered
0 Procs, 24 Labels, 21 Branches, 0 MB used, 1 / 2 kB covered
0 Procs, 30 Labels, 25 Branches, 0 MB used, 1 / 2 kB covered
0 Procs, 31 Labels, 31 Branches, 0 MB used, 1 / 2 kB covered
0 Procs, 40 Labels, 39 Branches, 0 MB used, 1 / 2 kB covered
0 Procs, 46 Labels, 44 Branches, 0 MB used, 1 / 2 kB covered
0 Procs, 47 Labels, 45 Branches, 0 MB used, 1 / 2 kB covered
0 Procs, 48 Labels, 45 Branches, 0 MB used, 1 / 2 kB covered
0 Procs, 49 Labels, 45 Branches, 0 MB used, 1 / 2 kB covered
0 Procs, 50 Labels, 45 Branches, 0 MB used, 1 / 2 kB covered
0 Procs, 51 Labels, 45 Branches, 0 MB used, 1 / 2 kB covered
0 Procs, 52 Labels, 45 Branches, 0 MB used, 1 / 2 kB covered
0 Procs, 53 Labels, 45 Branches, 0 MB used, 1 / 2 kB covered
0 Procs, 54 Labels, 45 Branches, 0 MB used, 1 / 2 kB covered
0 Procs, 55 Labels, 45 Branches, 0 MB used, 1 / 2 kB covered
0 Procs, 56 Labels, 45 Branches, 0 MB used, 1 / 2 kB covered
0 Procs, 57 Labels, 45 Branches, 0 MB used, 1 / 2 kB covered
0 Procs, 58 Labels, 45 Branches, 0 MB used, 1 / 2 kB covered
0 Procs, 59 Labels, 45 Branches, 0 MB used, 1 / 2 kB covered
0 Procs, 60 Labels, 45 Branches, 0 MB used, 1 / 2 kB covered
0 Procs, 61 Labels, 45 Branches, 0 MB used, 1 / 2 kB covered
0 Procs, 62 Labels, 45 Branches, 0 MB used, 1 / 2 kB covered
0 Procs, 63 Labels, 45 Branches, 0 MB used, 1 / 2 kB covered
0 Procs, 64 Labels, 45 Branches, 0 MB used, 1 / 2 kB covered
0 Procs, 65 Labels, 46 Branches, 0 MB used, 1 / 2 kB covered
0 Procs, 66 Labels, 46 Branches, 0 MB used, 1 / 2 kB covered
0 Procs, 67 Labels, 46 Branches, 0 MB used, 1 / 2 kB covered
0 Procs, 68 Labels, 46 Branches, 0 MB used, 1 / 2 kB covered
0 Procs, 69 Labels, 46 Branches, 0 MB used, 1 / 2 kB covered
0 Procs, 70 Labels, 46 Branches, 0 MB used, 1 / 2 kB covered
0 Procs, 71 Labels, 46 Branches, 0 MB used, 1 / 2 kB covered
0 Procs, 72 Labels, 46 Branches, 0 MB used, 1 / 2 kB covered
0 Procs, 73 Labels, 46 Branches, 0 MB used, 1 / 2 kB covered
0 Procs, 74 Labels, 46 Branches, 0 MB used, 1 / 2 kB covered
0 Procs, 75 Labels, 46 Branches, 0 MB used, 1 / 2 kB covered
0 Procs, 76 Labels, 46 Branches, 0 MB used, 1 / 2 kB covered
0 Procs, 77 Labels, 46 Branches, 0 MB used, 1 / 2 kB covered
0 Procs, 78 Labels, 46 Branches, 0 MB used, 1 / 2 kB covered
0 Procs, 79 Labels, 46 Branches, 0 MB used, 1 / 2 kB covered
0 Procs, 80 Labels, 46 Branches, 0 MB used, 1 / 2 kB covered
0 Procs, 81 Labels, 46 Branches, 0 MB used, 1 / 2 kB covered
0 Procs, 82 Labels, 46 Branches, 0 MB used, 1 / 2 kB covered
0 Procs, 83 Labels, 47 Branches, 0 MB used, 1 / 2 kB covered
0 Procs, 84 Labels, 47 Branches, 0 MB used, 1 / 2 kB covered
0 Procs, 85 Labels, 47 Branches, 0 MB used, 1 / 2 kB covered
0 Procs, 86 Labels, 47 Branches, 0 MB used, 1 / 2 kB covered
0 Procs, 87 Labels, 47 Branches, 0 MB used, 1 / 2 kB covered
0 Procs, 88 Labels, 47 Branches, 0 MB used, 1 / 2 kB covered
0 Procs, 89 Labels, 47 Branches, 0 MB used, 1 / 2 kB covered
0 Procs, 90 Labels, 47 Branches, 0 MB used, 1 / 2 kB covered
0 Procs, 91 Labels, 47 Branches, 0 MB used, 1 / 2 kB covered
0 Procs, 92 Labels, 47 Branches, 0 MB used, 1 / 2 kB covered
0 Procs, 93 Labels, 47 Branches, 0 MB used, 1 / 2 kB covered
0 Procs, 94 Labels, 47 Branches, 0 MB used, 1 / 2 kB covered
0 Procs, 95 Labels, 47 Branches, 0 MB used, 1 / 2 kB covered
0 Procs, 96 Labels, 47 Branches, 0 MB used, 1 / 2 kB covered
0 Procs, 97 Labels, 47 Branches, 0 MB used, 1 / 2 kB covered
0 Procs, 98 Labels, 47 Branches, 0 MB used, 1 / 2 kB covered
0 Procs, 99 Labels, 47 Branches, 0 MB used, 1 / 2 kB covered
0 Procs, 100 Labels, 47 Branches, 0 MB used, 1 / 2 kB covered
0 Procs, 101 Labels, 48 Branches, 0 MB used, 2 / 2 kB covered
0 Procs, 102 Labels, 48 Branches, 0 MB used, 2 / 2 kB covered
0 Procs, 103 Labels, 48 Branches, 0 MB used, 2 / 2 kB covered
0 Procs, 104 Labels, 48 Branches, 0 MB used, 2 / 2 kB covered
0 Procs, 105 Labels, 48 Branches, 0 MB used, 2 / 2 kB covered
0 Procs, 106 Labels, 48 Branches, 0 MB used, 2 / 2 kB covered
0 Procs, 107 Labels, 48 Branches, 0 MB used, 2 / 2 kB covered
0 Procs, 108 Labels, 48 Branches, 0 MB used, 2 / 2 kB covered
0 Procs, 109 Labels, 48 Branches, 0 MB used, 2 / 2 kB covered
0 Procs, 110 Labels, 48 Branches, 0 MB used, 2 / 2 kB covered
0 Procs, 111 Labels, 48 Branches, 0 MB used, 2 / 2 kB covered
0 Procs, 112 Labels, 48 Branches, 0 MB used, 2 / 2 kB covered
0 Procs, 113 Labels, 48 Branches, 0 MB used, 2 / 2 kB covered
0 Procs, 114 Labels, 48 Branches, 0 MB used, 2 / 2 kB covered
0 Procs, 115 Labels, 48 Branches, 0 MB used, 2 / 2 kB covered
0 Procs, 116 Labels, 48 Branches, 0 MB used, 2 / 2 kB covered
0 Procs, 117 Labels, 48 Branches, 0 MB used, 2 / 2 kB covered
0 Procs, 118 Labels, 48 Branches, 0 MB used, 2 / 2 kB covered
0 Procs, 119 Labels, 49 Branches, 0 MB used, 2 / 2 kB covered
0 Procs, 120 Labels, 49 Branches, 0 MB used, 2 / 2 kB covered
0 Procs, 121 Labels, 49 Branches, 0 MB used, 2 / 2 kB covered
0 Procs, 122 Labels, 49 Branches, 0 MB used, 2 / 2 kB covered
0 Procs, 123 Labels, 49 Branches, 0 MB used, 2 / 2 kB covered
0 Procs, 124 Labels, 49 Branches, 0 MB used, 2 / 2 kB covered
0 Procs, 125 Labels, 49 Branches, 0 MB used, 2 / 2 kB covered
0 Procs, 126 Labels, 49 Branches, 0 MB used, 2 / 2 kB covered
0 Procs, 127 Labels, 49 Branches, 0 MB used, 2 / 2 kB covered
0 Procs, 128 Labels, 49 Branches, 0 MB used, 2 / 2 kB covered
0 Procs, 129 Labels, 49 Branches, 0 MB used, 2 / 2 kB covered
0 Procs, 130 Labels, 49 Branches, 0 MB used, 2 / 2 kB covered
0 Procs, 131 Labels, 49 Branches, 0 MB used, 2 / 2 kB covered
0 Procs, 132 Labels, 49 Branches, 0 MB used, 2 / 2 kB covered
0 Procs, 133 Labels, 49 Branches, 0 MB used, 2 / 2 kB covered
0 Procs, 134 Labels, 49 Branches, 0 MB used, 2 / 2 kB covered
0 Procs, 135 Labels, 49 Branches, 0 MB used, 2 / 2 kB covered
0 Procs, 136 Labels, 49 Branches, 0 MB used, 2 / 2 kB covered
0 Procs, 136 Labels, 50 Branches, 0 MB used, 2 / 2 kB covered
0 Procs, 137 Labels, 50 Branches, 0 MB used, 2 / 2 kB covered
0 Procs, 138 Labels, 50 Branches, 0 MB used, 2 / 2 kB covered
0 Procs, 139 Labels, 50 Branches, 0 MB used, 2 / 2 kB covered
0 Procs, 140 Labels, 50 Branches, 0 MB used, 2 / 2 kB covered
0 Procs, 141 Labels, 50 Branches, 0 MB used, 2 / 2 kB covered
0 Procs, 142 Labels, 50 Branches, 0 MB used, 2 / 2 kB covered
0 Procs, 143 Labels, 50 Branches, 0 MB used, 2 / 2 kB covered
0 Procs, 144 Labels, 50 Branches, 0 MB used, 2 / 2 kB covered
0 Procs, 145 Labels, 50 Branches, 0 MB used, 2 / 2 kB covered
0 Procs, 146 Labels, 50 Branches, 0 MB used, 2 / 2 kB covered
0 Procs, 147 Labels, 50 Branches, 0 MB used, 2 / 2 kB covered
0 Procs, 148 Labels, 50 Branches, 0 MB used, 2 / 2 kB covered
0 Procs, 149 Labels, 50 Branches, 0 MB used, 2 / 2 kB covered
0 Procs, 150 Labels, 50 Branches, 0 MB used, 2 / 2 kB covered
0 Procs, 151 Labels, 50 Branches, 0 MB used, 2 / 2 kB covered
0 Procs, 152 Labels, 50 Branches, 0 MB used, 2 / 2 kB covered
0 Procs, 153 Labels, 50 Branches, 0 MB used, 2 / 2 kB covered
0 Procs, 153 Labels, 50 Branches, 0 MB used, 2 / 2 kB covered
0 Procs, 153 Labels, 51 Branches, 0 MB used, 2 / 2 kB covered
0 Procs, 153 Labels, 51 Branches, 0 MB used, 2 / 2 kB covered
0 Procs, 154 Labels, 51 Branches, 0 MB used, 2 / 2 kB covered
0 Procs, 155 Labels, 51 Branches, 0 MB used, 2 / 2 kB covered
0 Procs, 156 Labels, 51 Branches, 0 MB used, 2 / 2 kB covered
0 Procs, 157 Labels, 51 Branches, 0 MB used, 2 / 2 kB covered
0 Procs, 158 Labels, 51 Branches, 0 MB used, 2 / 2 kB covered
0 Procs, 159 Labels, 51 Branches, 0 MB used, 2 / 2 kB covered
0 Procs, 160 Labels, 51 Branches, 0 MB used, 2 / 2 kB covered
0 Procs, 161 Labels, 51 Branches, 0 MB used, 2 / 2 kB covered
0 Procs, 162 Labels, 51 Branches, 0 MB used, 2 / 2 kB covered
0 Procs, 163 Labels, 51 Branches, 0 MB used, 2 / 2 kB covered
0 Procs, 164 Labels, 51 Branches, 0 MB used, 2 / 2 kB covered
0 Procs, 165 Labels, 51 Branches, 0 MB used, 2 / 2 kB covered
0 Procs, 165 Labels, 51 Branches, 0 MB used, 2 / 2 kB covered
0 Procs, 165 Labels, 51 Branches, 0 MB used, 2 / 2 kB covered
0 Procs, 166 Labels, 51 Branches, 0 MB used, 2 / 2 kB covered
128 Procs, 166 Labels, 51 Branches, 0 MB used, 2 / 2 kB covered
128 Procs, 166 Labels, 51 Branches, 0 MB used, 2 / 2 kB covered
128 Procs, 166 Labels, 51 Branches, 0 MB used, 2 / 2 kB covered
128 Procs, 166 Labels, 51 Branches, 0 MB used, 2 / 2 kB covered
128 Procs, 166 Labels, 51 Branches, 0 MB used, 2 / 2 kB covered
128 Procs, 166 Labels, 51 Branches, 0 MB used, 2 / 2 kB covered
128 Procs, 166 Labels, 51 Branches, 0 MB used, 2 / 2 kB covered
128 Procs, 166 Labels, 51 Branches, 0 MB used, 2 / 2 kB covered
128 Procs, 166 Labels, 51 Branches, 0 MB used, 2 / 2 kB covered
128 Procs, 166 Labels, 51 Branches, 0 MB used, 2 / 2 kB covered
128 Procs, 166 Labels, 51 Branches, 0 MB used, 2 / 2 kB covered
128 Procs, 166 Labels, 51 Branches, 0 MB used, 2 / 2 kB covered
128 Procs, 166 Labels, 51 Branches, 0 MB used, 2 / 2 kB covered
128 Procs, 166 Labels, 51 Branches, 0 MB used, 2 / 2 kB covered
128 Procs, 166 Labels, 51 Branches, 0 MB used, 2 / 2 kB covered
128 Procs, 166 Labels, 51 Branches, 0 MB used, 2 / 2 kB covered
128 Procs, 166 Labels, 51 Branches, 0 MB used, 2 / 2 kB covered
128 Procs, 166 Labels, 51 Branches, 0 MB used, 2 / 2 kB covered
128 Procs, 166 Labels, 51 Branches, 0 MB used, 2 / 2 kB covered
128 Procs, 166 Labels, 51 Branches, 0 MB used, 2 / 2 kB covered
128 Procs, 166 Labels, 51 Branches, 0 MB used, 2 / 2 kB covered
128 Procs, 166 Labels, 51 Branches, 0 MB used, 2 / 2 kB covered
128 Procs, 166 Labels, 51 Branches, 0 MB used, 2 / 2 kB covered
128 Procs, 166 Labels, 51 Branches, 0 MB used, 2 / 2 kB covered
128 Procs, 166 Labels, 51 Branches, 0 MB used, 2 / 2 kB covered
128 Procs, 166 Labels, 51 Branches, 0 MB used, 2 / 2 kB covered
128 Procs, 166 Labels, 51 Branches, 0 MB used, 2 / 2 kB covered
128 Procs, 166 Labels, 51 Branches, 0 MB used, 2 / 2 kB covered
128 Procs, 166 Labels, 51 Branches, 0 MB used, 2 / 2 kB covered
128 Procs, 166 Labels, 51 Branches, 0 MB used, 2 / 2 kB covered
128 Procs, 166 Labels, 51 Branches, 0 MB used, 2 / 2 kB covered
128 Procs, 166 Labels, 51 Branches, 0 MB used, 2 / 2 kB covered
128 Procs, 166 Labels, 51 Branches, 0 MB used, 2 / 2 kB covered
128 Procs, 166 Labels, 51 Branches, 0 MB used, 2 / 2 kB covered
128 Procs, 166 Labels, 51 Branches, 0 MB used, 2 / 2 kB covered
128 Procs, 166 Labels, 51 Branches, 0 MB used, 2 / 2 kB covered
128 Procs, 166 Labels, 51 Branches, 0 MB used, 2 / 2 kB covered
128 Procs, 166 Labels, 51 Branches, 0 MB used, 2 / 2 kB covered
128 Procs, 166 Labels, 51 Branches, 0 MB used, 2 / 2 kB covered
128 Procs, 166 Labels, 51 Branches, 0 MB used, 2 / 2 kB covered
128 Procs, 166 Labels, 51 Branches, 0 MB used, 2 / 2 kB covered
128 Procs, 166 Labels, 51 Branches, 0 MB used, 2 / 2 kB covered
128 Procs, 166 Labels, 51 Branches, 0 MB used, 2 / 2 kB covered
128 Procs, 166 Labels, 51 Branches, 0 MB used, 2 / 2 kB covered
128 Procs, 166 Labels, 51 Branches, 0 MB used, 2 / 2 kB covered
128 Procs, 166 Labels, 51 Branches, 0 MB used, 2 / 2 kB covered
128 Procs, 166 Labels, 51 Branches, 0 MB used, 2 / 2 kB covered
128 Procs, 166 Labels, 51 Branches, 0 MB used, 2 / 2 kB covered
128 Procs, 166 Labels, 51 Branches, 0 MB used, 2 / 2 kB covered
128 Procs, 166 Labels, 51 Branches, 0 MB used, 2 / 2 kB covered
128 Procs, 166 Labels, 51 Branches, 0 MB used, 2 / 2 kB covered
128 Procs, 166 Labels, 51 Branches, 0 MB used, 2 / 2 kB covered
128 Procs, 166 Labels, 51 Branches, 0 MB used, 2 / 2 kB covered
128 Procs, 166 Labels, 51 Branches, 0 MB used, 2 / 2 kB covered
128 Procs, 166 Labels, 51 Branches, 0 MB used, 2 / 2 kB covered
128 Procs, 166 Labels, 51 Branches, 0 MB used, 2 / 2 kB covered
128 Procs, 166 Labels, 51 Branches, 0 MB used, 2 / 2 kB covered
128 Procs, 166 Labels, 51 Branches, 0 MB used, 2 / 2 kB covered
128 Procs, 166 Labels, 51 Branches, 0 MB used, 2 / 2 kB covered
128 Procs, 166 Labels, 51 Branches, 0 MB used, 2 / 2 kB covered
128 Procs, 166 Labels, 51 Branches, 0 MB used, 2 / 2 kB covered
128 Procs, 166 Labels, 51 Branches, 0 MB used, 2 / 2 kB covered
128 Procs, 166 Labels, 51 Branches, 0 MB used, 2 / 2 kB covered
128 Procs, 166 Labels, 51 Branches, 0 MB used, 2 / 2 kB covered
128 Procs, 166 Labels, 51 Branches, 0 MB used, 2 / 2 kB covered
128 Procs, 166 Labels, 51 Branches, 0 MB used, 2 / 2 kB covered
128 Procs, 166 Labels, 51 Branches, 0 MB used, 2 / 2 kB covered
128 Procs, 166 Labels, 51 Branches, 0 MB used, 2 / 2 kB covered
128 Procs, 166 Labels, 51 Branches, 0 MB used, 2 / 2 kB covered
128 Procs, 166 Labels, 51 Branches, 0 MB used, 2 / 2 kB covered
128 Procs, 166 Labels, 51 Branches, 0 MB used, 2 / 2 kB covered
128 Procs, 166 Labels, 51 Branches, 0 MB used, 2 / 2 kB covered
128 Procs, 166 Labels, 51 Branches, 0 MB used, 2 / 2 kB covered
128 Procs, 166 Labels, 51 Branches, 0 MB used, 2 / 2 kB covered
128 Procs, 166 Labels, 51 Branches, 0 MB used, 2 / 2 kB covered
128 Procs, 166 Labels, 51 Branches, 0 MB used, 2 / 2 kB covered
128 Procs, 166 Labels, 51 Branches, 0 MB used, 2 / 2 kB covered
128 Procs, 166 Labels, 51 Branches, 0 MB used, 2 / 2 kB covered
128 Procs, 166 Labels, 51 Branches, 0 MB used, 2 / 2 kB covered
128 Procs, 166 Labels, 51 Branches, 0 MB used, 2 / 2 kB covered
128 Procs, 166 Labels, 51 Branches, 0 MB used, 2 / 2 kB covered
128 Procs, 166 Labels, 51 Branches, 0 MB used, 2 / 2 kB covered
128 Procs, 166 Labels, 51 Branches, 0 MB used, 2 / 2 kB covered
128 Procs, 166 Labels, 51 Branches, 0 MB used, 2 / 2 kB covered
128 Procs, 166 Labels, 51 Branches, 0 MB used, 2 / 2 kB covered
128 Procs, 166 Labels, 51 Branches, 0 MB used, 2 / 2 kB covered
128 Procs, 166 Labels, 51 Branches, 0 MB used, 2 / 2 kB covered
128 Procs, 166 Labels, 51 Branches, 0 MB used, 2 / 2 kB covered
128 Procs, 166 Labels, 51 Branches, 0 MB used, 2 / 2 kB covered
128 Procs, 166 Labels, 51 Branches, 0 MB used, 2 / 2 kB covered
128 Procs, 166 Labels, 51 Branches, 0 MB used, 2 / 2 kB covered
128 Procs, 166 Labels, 51 Branches, 0 MB used, 2 / 2 kB covered
128 Procs, 166 Labels, 51 Branches, 0 MB used, 2 / 2 kB covered
128 Procs, 166 Labels, 51 Branches, 0 MB used, 2 / 2 kB covered
128 Procs, 166 Labels, 51 Branches, 0 MB used, 2 / 2 kB covered
128 Procs, 166 Labels, 51 Branches, 0 MB used, 2 / 2 kB covered
128 Procs, 166 Labels, 51 Branches, 0 MB used, 2 / 2 kB covered
128 Procs, 166 Labels, 51 Branches, 0 MB used, 2 / 2 kB covered
128 Procs, 166 Labels, 51 Branches, 0 MB used, 2 / 2 kB covered
128 Procs, 166 Labels, 51 Branches, 0 MB used, 2 / 2 kB covered
128 Procs, 166 Labels, 51 Branches, 0 MB used, 2 / 2 kB covered
128 Procs, 166 Labels, 51 Branches, 0 MB used, 2 / 2 kB covered
128 Procs, 166 Labels, 51 Branches, 0 MB used, 2 / 2 kB covered
128 Procs, 166 Labels, 51 Branches, 0 MB used, 2 / 2 kB covered
128 Procs, 166 Labels, 51 Branches, 0 MB used, 2 / 2 kB covered
128 Procs, 166 Labels, 51 Branches, 0 MB used, 2 / 2 kB covered
128 Procs, 166 Labels, 51 Branches, 0 MB used, 2 / 2 kB covered
128 Procs, 166 Labels, 51 Branches, 0 MB used, 2 / 2 kB covered
128 Procs, 166 Labels, 51 Branches, 0 MB used, 2 / 2 kB covered
128 Procs, 166 Labels, 51 Branches, 0 MB used, 2 / 2 kB covered
128 Procs, 166 Labels, 51 Branches, 0 MB used, 2 / 2 kB covered
128 Procs, 166 Labels, 51 Branches, 0 MB used, 2 / 2 kB covered
128 Procs, 166 Labels, 51 Branches, 0 MB used, 2 / 2 kB covered
128 Procs, 166 Labels, 51 Branches, 0 MB used, 2 / 2 kB covered
128 Procs, 166 Labels, 51 Branches, 0 MB used, 2 / 2 kB covered
128 Procs, 166 Labels, 51 Branches, 0 MB used, 2 / 2 kB covered
128 Procs, 166 Labels, 51 Branches, 0 MB used, 2 / 2 kB covered
128 Procs, 166 Labels, 51 Branches, 0 MB used, 2 / 2 kB covered
128 Procs, 166 Labels, 51 Branches, 0 MB used, 2 / 2 kB covered
128 Procs, 166 Labels, 51 Branches, 0 MB used, 2 / 2 kB covered
128 Procs, 166 Labels, 51 Branches, 0 MB used, 2 / 2 kB covered
128 Procs, 166 Labels, 51 Branches, 0 MB used, 2 / 2 kB covered
128 Procs, 166 Labels, 51 Branches, 0 MB used, 2 / 2 kB covered
128 Procs, 166 Labels, 51 Branches, 0 MB used, 2 / 2 kB covered
128 Procs, 166 Labels, 51 Branches, 0 MB used, 2 / 2 kB covered
128 Procs, 166 Labels, 51 Branches, 0 MB used, 2 / 2 kB covered
128 Procs, 166 Labels, 51 Branches, 0 MB used, 2 / 2 kB covered
128 Procs, 166 Labels, 51 Branches, 0 MB used, 2 / 2 kB covered
128 Procs, 166 Labels, 51 Branches, 0 MB used, 2 / 2 kB covered
128 Procs, 166 Labels, 51 Branches, 0 MB used, 2 / 2 kB covered
128 Procs, 166 Labels, 51 Branches, 0 MB used, 2 / 2 kB covered
128 Procs, 166 Labels, 51 Branches, 0 MB used, 2 / 2 kB covered
128 Procs, 166 Labels, 51 Branches, 0 MB used, 2 / 2 kB covered
128 Procs, 166 Labels, 51 Branches, 0 MB used, 2 / 2 kB covered
128 Procs, 166 Labels, 51 Branches, 0 MB used, 2 / 2 kB covered
128 Procs, 166 Labels, 51 Branches, 0 MB used, 2 / 2 kB covered
128 Procs, 166 Labels, 51 Branches, 0 MB used, 2 / 2 kB covered
128 Procs, 166 Labels, 51 Branches, 0 MB used, 2 / 2 kB covered
128 Procs, 166 Labels, 51 Branches, 0 MB used, 2 / 2 kB covered
Resolving indirect jumps...
128 Procs, 166 Labels, 51 Branches, 0 MB used, 2 / 2 kB covered
128 Procs, 166 Labels, 51 Branches, 0 MB used, 2 / 2 kB covered
Resolving constants and strings...
128 Procs, 166 Labels, 51 Branches, 0 MB used, 2 / 2 kB covered
Discovering unreached functions...
128 Procs, 166 Labels, 51 Branches, 0 MB used, 2 / 2 kB covered
Computing call tree...
128 Procs, 166 Labels, 51 Branches, 0 MB used, 2 / 2 kB covered
Computing calling conventions...
128 Procs, 166 Labels, 51 Branches, 0 MB used, 2 / 2 kB covered
Computing Calling Convention: 1/128  0x10000000
Computing Calling Convention: 3/128  0x100002C0
Computing Calling Convention: 5/128  0x10000324
Computing Calling Convention: 6/128  0x1000039C
Computing Calling Convention: 7/128  0x100003B8
Computing Calling Convention: 8/128  0x100003FC
Computing Calling Convention: 15/128  0x1000060C
Computing Calling Convention: 16/128  0x10000610
Computing Calling Convention: 17/128  0x10000614
Computing Calling Convention: 18/128  0x10000618
Computing Calling Convention: 19/128  0x1000061C
Computing Calling Convention: 20/128  0x10000620
Computing Calling Convention: 21/128  0x10000624
Computing Calling Convention: 22/128  0x10000628
Computing Calling Convention: 23/128  0x1000062C
Computing Calling Convention: 24/128  0x10000630
Computing Calling Convention: 25/128  0x10000634
Computing Calling Convention: 26/128  0x10000638
Computing Calling Convention: 27/128  0x1000063C
Computing Calling Convention: 28/128  0x10000640
Computing Calling Convention: 29/128  0x10000644
Computing Calling Convention: 30/128  0x10000648
Computing Calling Convention: 31/128  0x1000064C
Computing Calling Convention: 32/128  0x10000650
Computing Calling Convention: 33/128  0x10000658
Computing Calling Convention: 34/128  0x1000065C
Computing Calling Convention: 35/128  0x10000660
Computing Calling Convention: 36/128  0x10000664
Computing Calling Convention: 37/128  0x10000668
Computing Calling Convention: 38/128  0x1000066C
Computing Calling Convention: 39/128  0x10000670
Computing Calling Convention: 40/128  0x10000674
Computing Calling Convention: 41/128  0x10000678
Computing Calling Convention: 42/128  0x1000067C
Computing Calling Convention: 43/128  0x10000680
Computing Calling Convention: 44/128  0x10000684
Computing Calling Convention: 45/128  0x10000688
Computing Calling Convention: 46/128  0x1000068C
Computing Calling Convention: 47/128  0x10000690
Computing Calling Convention: 48/128  0x10000694
Computing Calling Convention: 49/128  0x10000698
Computing Calling Convention: 50/128  0x1000069C
Computing Calling Convention: 51/128  0x100006A4
Computing Calling Convention: 52/128  0x100006A8
Computing Calling Convention: 53/128  0x100006AC
Computing Calling Convention: 54/128  0x100006B0
Computing Calling Convention: 55/128  0x100006B4
Computing Calling Convention: 56/128  0x100006B8
Computing Calling Convention: 57/128  0x100006BC
Computing Calling Convention: 58/128  0x100006C0
Computing Calling Convention: 59/128  0x100006C4
Computing Calling Convention: 60/128  0x100006C8
Computing Calling Convention: 61/128  0x100006CC
Computing Calling Convention: 62/128  0x100006D0
Computing Calling Convention: 63/128  0x100006D4
Computing Calling Convention: 64/128  0x100006D8
Computing Calling Convention: 65/128  0x100006DC
Computing Calling Convention: 66/128  0x100006E0
Computing Calling Convention: 67/128  0x100006E4
Computing Calling Convention: 68/128  0x100006E8
Computing Calling Convention: 69/128  0x100006F0
Computing Calling Convention: 70/128  0x100006F4
Computing Calling Convention: 71/128  0x100006F8
Computing Calling Convention: 72/128  0x100006FC
Computing Calling Convention: 73/128  0x10000700
Computing Calling Convention: 74/128  0x10000704
Computing Calling Convention: 75/128  0x10000708
Computing Calling Convention: 76/128  0x1000070C
Computing Calling Convention: 77/128  0x10000710
Computing Calling Convention: 78/128  0x10000714
Computing Calling Convention: 79/128  0x10000718
Computing Calling Convention: 80/128  0x1000071C
Computing Calling Convention: 81/128  0x10000720
Computing Calling Convention: 82/128  0x10000724
Computing Calling Convention: 83/128  0x10000728
Computing Calling Convention: 84/128  0x1000072C
Computing Calling Convention: 85/128  0x10000730
Computing Calling Convention: 86/128  0x10000734
Computing Calling Convention: 87/128  0x1000073C
Computing Calling Convention: 88/128  0x10000740
Computing Calling Convention: 89/128  0x10000744
Computing Calling Convention: 90/128  0x10000748
Computing Calling Convention: 91/128  0x1000074C
Computing Calling Convention: 92/128  0x10000750
Computing Calling Convention: 93/128  0x10000754
Computing Calling Convention: 94/128  0x10000758
Computing Calling Convention: 95/128  0x1000075C
Computing Calling Convention: 96/128  0x10000760
Computing Calling Convention: 97/128  0x10000764
Computing Calling Convention: 98/128  0x10000768
Computing Calling Convention: 99/128  0x1000076C
Computing Calling Convention: 100/128  0x10000770
Computing Calling Convention: 101/128  0x10000774
Computing Calling Convention: 102/128  0x10000778
Computing Calling Convention: 103/128  0x1000077C
Computing Calling Convention: 104/128  0x10000780
Computing Calling Convention: 105/128  0x10000794
Computing Calling Convention: 106/128  0x10000798
Computing Calling Convention: 107/128  0x1000079C
Computing Calling Convention: 108/128  0x100007A0
Computing Calling Convention: 109/128  0x100007A4
Computing Calling Convention: 110/128  0x100007A8
Computing Calling Convention: 111/128  0x100007AC
Computing Calling Convention: 112/128  0x100007B0
Computing Calling Convention: 113/128  0x100007B4
Computing Calling Convention: 114/128  0x100007B8
Computing Calling Convention: 115/128  0x100007BC
Computing Calling Convention: 116/128  0x100007C0
Computing Calling Convention: 117/128  0x100007C4
Computing Calling Convention: 118/128  0x100007C8
Computing Calling Convention: 119/128  0x100007CC
Computing Calling Convention: 120/128  0x100007D0
Computing Calling Convention: 121/128  0x100007D4
Computing Calling Convention: 122/128  0x100007D8
Computing Calling Convention: 123/128  0x100007EC
Computing Calling Convention: 124/128  0x1000083C
Computing Calling Convention: 125/128  0x10000858
Computing Calling Convention: 126/128  0x10010998
Computing Calling Convention: 127/128  0x100109F4
Computing Calling Convention: 128/128  0x100109FC
Computing Calling Convention: 2/8  0x100002E4
Computing Calling Convention: 3/8  0x10000418
Computing Calling Convention: 4/8  0x1000048C
Computing Calling Convention: 6/8  0x100004FC
Computing Calling Convention: 1/4  0x10000298
Computing Calling Convention: 2/4  0x100004F0
Computing Calling Convention: 4/4  0x1000058C
Computing Calling Convention: 1/1  0x10000580
File analysis complete.
128 Procs, 166 Labels, 51 Branches, 0 MB used, 2 / 2 kB covered

Decompiling 1/128: 0x10000000
Decompiling 2/128: 0x10000298
Decompiling 3/128: 0x100002C0
Decompiling 4/128: 0x100002E4
Decompiling 5/128: 0x10000324
Decompiling 6/128: 0x1000039C
Decompiling 7/128: 0x100003B8
Decompiling 8/128: 0x100003FC
Decompiling 9/128: 0x10000418
Decompiling 10/128: 0x1000048C
Decompiling 11/128: 0x100004F0
Decompiling 12/128: 0x100004FC
Decompiling 13/128: 0x10000580
Decompiling 14/128: 0x1000058C
Decompiling 15/128: 0x1000060C
Decompiling 16/128: 0x10000610
Decompiling 17/128: 0x10000614
Decompiling 18/128: 0x10000618
Decompiling 19/128: 0x1000061C
Decompiling 20/128: 0x10000620
Decompiling 21/128: 0x10000624
Decompiling 22/128: 0x10000628
Decompiling 23/128: 0x1000062C
Decompiling 24/128: 0x10000630
Decompiling 25/128: 0x10000634
Decompiling 26/128: 0x10000638
Decompiling 27/128: 0x1000063C
Decompiling 28/128: 0x10000640
Decompiling 29/128: 0x10000644
Decompiling 30/128: 0x10000648
Decompiling 31/128: 0x1000064C
Decompiling 32/128: 0x10000650
Decompiling 33/128: 0x10000658
Decompiling 34/128: 0x1000065C
Decompiling 35/128: 0x10000660
Decompiling 36/128: 0x10000664
Decompiling 37/128: 0x10000668
Decompiling 38/128: 0x1000066C
Decompiling 39/128: 0x10000670
Decompiling 40/128: 0x10000674
Decompiling 41/128: 0x10000678
Decompiling 42/128: 0x1000067C
Decompiling 43/128: 0x10000680
Decompiling 44/128: 0x10000684
Decompiling 45/128: 0x10000688
Decompiling 46/128: 0x1000068C
Decompiling 47/128: 0x10000690
Decompiling 48/128: 0x10000694
Decompiling 49/128: 0x10000698
Decompiling 50/128: 0x1000069C
Decompiling 51/128: 0x100006A4
Decompiling 52/128: 0x100006A8
Decompiling 53/128: 0x100006AC
Decompiling 54/128: 0x100006B0
Decompiling 55/128: 0x100006B4
Decompiling 56/128: 0x100006B8
Decompiling 57/128: 0x100006BC
Decompiling 58/128: 0x100006C0
Decompiling 59/128: 0x100006C4
Decompiling 60/128: 0x100006C8
Decompiling 61/128: 0x100006CC
Decompiling 62/128: 0x100006D0
Decompiling 63/128: 0x100006D4
Decompiling 64/128: 0x100006D8
Decompiling 65/128: 0x100006DC
Decompiling 66/128: 0x100006E0
Decompiling 67/128: 0x100006E4
Decompiling 68/128: 0x100006E8
Decompiling 69/128: 0x100006F0
Decompiling 70/128: 0x100006F4
Decompiling 71/128: 0x100006F8
Decompiling 72/128: 0x100006FC
Decompiling 73/128: 0x10000700
Decompiling 74/128: 0x10000704
Decompiling 75/128: 0x10000708
Decompiling 76/128: 0x1000070C
Decompiling 77/128: 0x10000710
Decompiling 78/128: 0x10000714
Decompiling 79/128: 0x10000718
Decompiling 80/128: 0x1000071C
Decompiling 81/128: 0x10000720
Decompiling 82/128: 0x10000724
Decompiling 83/128: 0x10000728
Decompiling 84/128: 0x1000072C
Decompiling 85/128: 0x10000730
Decompiling 86/128: 0x10000734
Decompiling 87/128: 0x1000073C
Decompiling 88/128: 0x10000740
Decompiling 89/128: 0x10000744
Decompiling 90/128: 0x10000748
Decompiling 91/128: 0x1000074C
Decompiling 92/128: 0x10000750
Decompiling 93/128: 0x10000754
Decompiling 94/128: 0x10000758
Decompiling 95/128: 0x1000075C
Decompiling 96/128: 0x10000760
Decompiling 97/128: 0x10000764
Decompiling 98/128: 0x10000768
Decompiling 99/128: 0x1000076C
Decompiling 100/128: 0x10000770
Decompiling 101/128: 0x10000774
Decompiling 102/128: 0x10000778
Decompiling 103/128: 0x1000077C
Decompiling 104/128: 0x10000780
Decompiling 105/128: 0x10000794
Decompiling 106/128: 0x10000798
Decompiling 107/128: 0x1000079C
Decompiling 108/128: 0x100007A0
Decompiling 109/128: 0x100007A4
Decompiling 110/128: 0x100007A8
Decompiling 111/128: 0x100007AC
Decompiling 112/128: 0x100007B0
Decompiling 113/128: 0x100007B4
Decompiling 114/128: 0x100007B8
Decompiling 115/128: 0x100007BC
Decompiling 116/128: 0x100007C0
Decompiling 117/128: 0x100007C4
Decompiling 118/128: 0x100007C8
Decompiling 119/128: 0x100007CC
Decompiling 120/128: 0x100007D0
Decompiling 121/128: 0x100007D4
Decompiling 122/128: 0x100007D8
Decompiling 123/128: 0x100007EC
Decompiling 124/128: 0x1000083C
Decompiling 125/128: 0x10000858
Decompiling 126/128: 0x10010998
Decompiling 127/128: 0x100109F4
Decompiling 128/128: 0x100109FC
Decompiling 128/128: 0x100109FC
