JEB 4.0-beta.3.202103090424 (jeb-ce) is starting...
Current directory: SUBJECTS
Base directory: JEBDIR
Program directory: JEBDIR/bin
Java: Oracle Corporation 15.0.1
External plugin loaded: com.pnf.plugin.androidjnihelper.DynamicJNIDetectionPlugin
External plugin loaded: com.pnf.androsig.gen.AndroidSigGenPlugin
External plugin loaded: com.pnf.androsig.apply.andsig.AndroidSigApplyPlugin
External plugin loaded: com.pnf.plugin.oat.OATPlugin
External plugin loaded: com.pnf.plugin.pdf.PdfPlugin
External plugin loaded: com.pnf.diemvm.DiemIdentifier
External plugin loaded: com.pnf.diemvm.DiemDisassemblerPlugin
External plugin loaded: com.pnf.diemvm.DiemDecompilerPlugin
Initializing Jython, please wait...
Processing file: SUBJECTS/from_holdec/stress_int_x64/x64_elf_complex_with_base_10_funcs_of_size_128/subject.exe...
The notes section ".gnu.build.attributes" was not processed
{subject.exe > subject.exe > x86_64 image}: Compiler detected from file format analysis -> unknown (Linux)
{subject.exe > subject.exe > x86_64 image}: Initial native analysis styles: code gaps: LINEAR_SWEEP - data gaps: DEFAULT
{subject.exe > subject.exe > x86_64 image}: Itanium RTTI memory scanner: cannot find sections to scan
{subject.exe > subject.exe > x86_64 image}: No RTTI information recovered
{subject.exe > subject.exe > x86_64 image}: Initial analysis completed (23 internal methods created)
Output folder: jeb_output
  0/ 23: Method: initializer_0
  1/ 23: 1/23: initializer_0 (DONE:254ms)
  1/ 23: Method: sub_401036
  2/ 23: 2/23: sub_401036 (DONE:36ms)
  2/ 23: Method: deregister_tm_clones
  3/ 23: 3/23: deregister_tm_clones (DONE:48ms)
  3/ 23: Method: register_tm_clones
  4/ 23: 4/23: register_tm_clones (DONE:65ms)
  4/ 23: Method: log_size_7_var_000
  5/ 23: 5/23: log_size_7_var_000 (DONE:1838ms)
  5/ 23: Method: log_size_7_var_001
  6/ 23: 6/23: log_size_7_var_001 (DONE:1137ms)
  6/ 23: Method: log_size_7_var_002
  7/ 23: 7/23: log_size_7_var_002 (DONE:917ms)
  7/ 23: Method: log_size_7_var_003
  8/ 23: 8/23: log_size_7_var_003 (DONE:855ms)
  8/ 23: Method: log_size_7_var_004
  9/ 23: 9/23: log_size_7_var_004 (DONE:616ms)
  9/ 23: Method: log_size_7_var_005
 10/ 23: 10/23: log_size_7_var_005 (DONE:1356ms)
 10/ 23: Method: log_size_7_var_006
 11/ 23: 11/23: log_size_7_var_006 (DONE:674ms)
 11/ 23: Method: log_size_7_var_007
 12/ 23: 12/23: log_size_7_var_007 (DONE:832ms)
 12/ 23: Method: log_size_7_var_008
 13/ 23: 13/23: log_size_7_var_008 (DONE:860ms)
 13/ 23: Method: log_size_7_var_009
 14/ 23: 14/23: log_size_7_var_009 (DONE:606ms)
 14/ 23: Method: sub_401030
 15/ 23: 15/23: sub_401030 (DONE:26ms)
 15/ 23: Method: initializer_1
 16/ 23: 16/23: initializer_1 (DONE:12ms)
 16/ 23: Method: _dl_relocate_static_pie
 17/ 23: 17/23: _dl_relocate_static_pie (DONE:6ms)
 17/ 23: Method: __libc_csu_fini
 18/ 23: 18/23: __libc_csu_fini (DONE:6ms)
 18/ 23: Method: finalizer_0
 19/ 23: 19/23: finalizer_0 (DONE:11ms)
 19/ 23: Method: finalizer_1
Emulation failed!
 20/ 23: 20/23: finalizer_1 (DONE:85ms)
 20/ 23: Method: main
 21/ 23: 21/23: main (DONE:304ms)
 21/ 23: Method: __libc_csu_init
 22/ 23: 22/23: __libc_csu_init (DONE:138ms)
 22/ 23: Method: _start
 23/ 23: 23/23: _start (DONE:46ms)
Exectime: 13.637000 sec
Done.
