=== Using options:--aggressive-branch-removal
08049F14: warning: Unable to resolve imported reference __gmon_start__.
0804A9BF: warning: Call target address 00000000 is invalid.
08049E94: warning: Unable to resolve imported reference getsockname.
08049F94: warning: Unable to resolve imported reference strtod.
0804A194: warning: Unable to resolve imported reference getservbyport.
0804A594: warning: Unable to resolve imported reference log10.
0806312A: warning: Unable to determine format string for call to 'fprintf'.
0804A444: warning: Unable to resolve imported reference sigdelset.
08049F54: warning: Unable to resolve imported reference __xstat64.
0804A354: warning: Unable to resolve imported reference readdir64.
08049F54: warning: Unable to resolve imported reference __xstat64.
08049F54: warning: Unable to resolve imported reference __xstat64.
0804A054: warning: Unable to resolve imported reference rename.
0804A4B4: warning: Unable to resolve imported reference chdir.
08049FE4: warning: Unable to resolve imported reference system.
08049F54: warning: Unable to resolve imported reference __xstat64.
0804A154: warning: Unable to resolve imported reference getrusage.
0804A414: warning: Unable to resolve imported reference getppid.
0804A844: warning: Unable to resolve imported reference lseek64.
0804A844: warning: Unable to resolve imported reference lseek64.
0804A844: warning: Unable to resolve imported reference lseek64.
0804A844: warning: Unable to resolve imported reference lseek64.
0804A844: warning: Unable to resolve imported reference lseek64.
08049F94: warning: Unable to resolve imported reference strtod.
08049F94: warning: Unable to resolve imported reference strtod.
0804A144: warning: Unable to resolve imported reference exp.
0804A0D4: warning: Unable to resolve imported reference floor.
08049DE4: warning: Unable to resolve imported reference fmod.
0804A554: warning: Unable to resolve imported reference frexp.
08049DC4: warning: Unable to resolve imported reference ldexp.
0804A6E4: warning: Unable to resolve imported reference log.
0804A594: warning: Unable to resolve imported reference log10.
0804A0E4: warning: Unable to resolve imported reference modf.
0804A024: warning: Unable to resolve imported reference pow.
0804A7F4: warning: Unable to resolve imported reference sin.
08049F34: warning: Unable to resolve imported reference sinh.
0804A3C4: warning: Unable to resolve imported reference cos.
0804A7D4: warning: Unable to resolve imported reference cosh.
0804A7A4: warning: Unable to resolve imported reference tan.
0804A314: warning: Unable to resolve imported reference tanh.
08049ED4: warning: Unable to resolve imported reference asin.
0804A364: warning: Unable to resolve imported reference acos.
0804A1D4: warning: Unable to resolve imported reference atan.
0804A604: warning: Unable to resolve imported reference atan2.
0804A8E4: warning: Unable to resolve imported reference ceil.
0804A174: warning: Unable to resolve imported reference expm1.
08049EB4: warning: Unable to resolve imported reference log1p.
0804A1E4: warning: Unable to resolve imported reference __fpclassify.
080630C8: warning: Unable to determine format string for call to 'fprintf'.
08063080: warning: Unable to determine format string for call to 'fprintf'.
0806309B: warning: Unable to determine format string for call to 'fprintf'.
0804A754: warning: Unable to resolve imported reference getrlimit64.
0804A134: warning: Unable to resolve imported reference sigaltstack.
0804A874: warning: Unable to resolve imported reference __sigsetjmp.
0804A434: warning: Unable to resolve imported reference waitpid.
0804A304: warning: Unable to resolve imported reference umask.
0804A224: warning: Unable to resolve imported reference truncate64.
0804A224: warning: Unable to resolve imported reference truncate64.
0804A154: warning: Unable to resolve imported reference getrusage.
0804A154: warning: Unable to resolve imported reference getrusage.
0804A0F4: warning: Unable to resolve imported reference tcgetattr.
0804A694: warning: Unable to resolve imported reference cfgetospeed.
08049F74: warning: Unable to resolve imported reference cfgetispeed.
0804A0F4: warning: Unable to resolve imported reference tcgetattr.
0804A384: warning: Unable to resolve imported reference cfsetospeed.
0804A8A4: warning: Unable to resolve imported reference cfsetispeed.
0804A814: warning: Unable to resolve imported reference tcsendbreak.
0804A124: warning: Unable to resolve imported reference tcdrain.
0804A294: warning: Unable to resolve imported reference tcflush.
08049E34: warning: Unable to resolve imported reference tcflow.
0804A2A4: warning: Unable to resolve imported reference symlink.
08049F54: warning: Unable to resolve imported reference __xstat64.
0804A1C4: warning: Unable to resolve imported reference __lxstat64.
0804A714: warning: Unable to resolve imported reference __fxstat64.
08049F54: warning: Unable to resolve imported reference __xstat64.
0804A1C4: warning: Unable to resolve imported reference __lxstat64.
0804A714: warning: Unable to resolve imported reference __fxstat64.
0804A7B4: warning: Unable to resolve imported reference getsockopt.
0804A724: warning: Unable to resolve imported reference setsockopt.
08049FA4: warning: Unable to resolve imported reference socketpair.
0804A4F4: warning: Unable to resolve imported reference sigpending.
0804A8C4: warning: Unable to resolve imported reference sigsuspend.
08049EE4: warning: Unable to resolve imported reference shutdown.
0804A324: warning: Unable to resolve imported reference setuid.
0804A094: warning: Unable to resolve imported reference setsid.
08049E54: warning: Unable to resolve imported reference setgroups.
0804A7C4: warning: Unable to resolve imported reference setgid.
08049FB4: warning: Unable to resolve imported reference recv.
0804A824: warning: Unable to resolve imported reference recvfrom.
0804A6C4: warning: Unable to resolve imported reference send.
0804A014: warning: Unable to resolve imported reference sendto.
0804A504: warning: Unable to resolve imported reference select.
0804A624: warning: Unable to resolve imported reference rmdir.
0804A544: warning: Unable to resolve imported reference rewinddir.
0804A054: warning: Unable to resolve imported reference rename.
0804A354: warning: Unable to resolve imported reference readdir64.
0804A4E4: warning: Unable to resolve imported reference putenv.
0804A404: warning: Unable to resolve imported reference nice.
0804A4A4: warning: Unable to resolve imported reference mkfifo.
0804A844: warning: Unable to resolve imported reference lseek64.
0804A844: warning: Unable to resolve imported reference lseek64.
0804A034: warning: Unable to resolve imported reference listen.
0804A7E4: warning: Unable to resolve imported reference kill.
0804A0E4: warning: Unable to resolve imported reference modf.
0804A8E4: warning: Unable to resolve imported reference ceil.
0804A084: warning: Unable to resolve imported reference setitimer.
0804A854: warning: Unable to resolve imported reference getitimer.
0804A564: warning: Unable to resolve imported reference initgroups.
0804A764: warning: Unable to resolve imported reference gmtime.
08049E94: warning: Unable to resolve imported reference getsockname.
0804A884: warning: Unable to resolve imported reference getservbyname.
0804A194: warning: Unable to resolve imported reference getservbyport.
0804A0A4: warning: Unable to resolve imported reference getprotobyname.
0804A1F4: warning: Unable to resolve imported reference getprotobynumber.
0804A414: warning: Unable to resolve imported reference getppid.
0804A804: warning: Unable to resolve imported reference getpeername.
0804A064: warning: Unable to resolve imported reference getlogin.
0804A5F4: warning: Unable to resolve imported reference gethostname.
0804A274: warning: Unable to resolve imported reference gethostbyaddr_r.
0804A454: warning: Unable to resolve imported reference __h_errno_location.
0804A6F4: warning: Unable to resolve imported reference gethostbyname_r.
0804A774: warning: Unable to resolve imported reference getgroups.
0804A484: warning: Unable to resolve imported reference getegid.
0804A5B4: warning: Unable to resolve imported reference ftruncate64.
0804A5B4: warning: Unable to resolve imported reference ftruncate64.
0804A704: warning: Unable to resolve imported reference fork.
08049FF4: warning: Unable to resolve imported reference fchown.
0804A8B4: warning: Unable to resolve imported reference fchmod.
0804A5A4: warning: Unable to resolve imported reference execve.
0804A2C4: warning: Unable to resolve imported reference dup2.
0804A474: warning: Unable to resolve imported reference chroot.
0804A5E4: warning: Unable to resolve imported reference chown.
0804A4B4: warning: Unable to resolve imported reference chdir.
0804A3D4: warning: Unable to resolve imported reference alarm.
08059B61: warning: Unable to determine the upper bound of an indirect call or jump; there may be more than 2 entries.
0805925B: warning: Unable to determine the upper bound of an indirect call or jump; there may be more than 2 entries.
080584B8: warning: Unable to determine the upper bound of an indirect call or jump; there may be more than 2 entries.
08057515: warning: Unable to determine the upper bound of an indirect call or jump; there may be more than 2 entries.
08057324: warning: Unable to determine the upper bound of an indirect call or jump; there may be more than 2 entries.
08057245: warning: Unable to determine the upper bound of an indirect call or jump; there may be more than 2 entries.
08056EA8: warning: Unable to determine the upper bound of an indirect call or jump; there may be more than 2 entries.
08055C50: error: Parameter 'low' mustn't be larger than 'high'.
0804A8E4: warning: Unable to resolve imported reference ceil.
0804A8C4: warning: Unable to resolve imported reference sigsuspend.
0804A8B4: warning: Unable to resolve imported reference fchmod.
0804A8A4: warning: Unable to resolve imported reference cfsetispeed.
0804A884: warning: Unable to resolve imported reference getservbyname.
0804A874: warning: Unable to resolve imported reference __sigsetjmp.
0804A854: warning: Unable to resolve imported reference getitimer.
0804A844: warning: Unable to resolve imported reference lseek64.
0804A824: warning: Unable to resolve imported reference recvfrom.
0804A814: warning: Unable to resolve imported reference tcsendbreak.
0804A804: warning: Unable to resolve imported reference getpeername.
0804A7F4: warning: Unable to resolve imported reference sin.
0804A7E4: warning: Unable to resolve imported reference kill.
0804A7D4: warning: Unable to resolve imported reference cosh.
0804A7C4: warning: Unable to resolve imported reference setgid.
0804A7B4: warning: Unable to resolve imported reference getsockopt.
0804A7A4: warning: Unable to resolve imported reference tan.
0804A774: warning: Unable to resolve imported reference getgroups.
0804A764: warning: Unable to resolve imported reference gmtime.
0804A754: warning: Unable to resolve imported reference getrlimit64.
0804A724: warning: Unable to resolve imported reference setsockopt.
0804A714: warning: Unable to resolve imported reference __fxstat64.
0804A704: warning: Unable to resolve imported reference fork.
0804A6F4: warning: Unable to resolve imported reference gethostbyname_r.
0804A6E4: warning: Unable to resolve imported reference log.
0804A6C4: warning: Unable to resolve imported reference send.
0804A694: warning: Unable to resolve imported reference cfgetospeed.
0804A624: warning: Unable to resolve imported reference rmdir.
0804A604: warning: Unable to resolve imported reference atan2.
0804A5F4: warning: Unable to resolve imported reference gethostname.
0804A5E4: warning: Unable to resolve imported reference chown.
0804A5B4: warning: Unable to resolve imported reference ftruncate64.
0804A5A4: warning: Unable to resolve imported reference execve.
0804A564: warning: Unable to resolve imported reference initgroups.
0804A554: warning: Unable to resolve imported reference frexp.
0804A544: warning: Unable to resolve imported reference rewinddir.
0804A504: warning: Unable to resolve imported reference select.
0804A4F4: warning: Unable to resolve imported reference sigpending.
0804A4E4: warning: Unable to resolve imported reference putenv.
0804A4B4: warning: Unable to resolve imported reference chdir.
0804A4A4: warning: Unable to resolve imported reference mkfifo.
0804A484: warning: Unable to resolve imported reference getegid.
0804A474: warning: Unable to resolve imported reference chroot.
0804A454: warning: Unable to resolve imported reference __h_errno_location.
0804A444: warning: Unable to resolve imported reference sigdelset.
0804A434: warning: Unable to resolve imported reference waitpid.
0804A414: warning: Unable to resolve imported reference getppid.
0804A404: warning: Unable to resolve imported reference nice.
0804A3D4: warning: Unable to resolve imported reference alarm.
0804A3C4: warning: Unable to resolve imported reference cos.
0804A384: warning: Unable to resolve imported reference cfsetospeed.
0804A364: warning: Unable to resolve imported reference acos.
0804A354: warning: Unable to resolve imported reference readdir64.
0804A324: warning: Unable to resolve imported reference setuid.
0804A314: warning: Unable to resolve imported reference tanh.
0804A304: warning: Unable to resolve imported reference umask.
0804A2C4: warning: Unable to resolve imported reference dup2.
0804A2A4: warning: Unable to resolve imported reference symlink.
0804A294: warning: Unable to resolve imported reference tcflush.
0804A274: warning: Unable to resolve imported reference gethostbyaddr_r.
0804A224: warning: Unable to resolve imported reference truncate64.
0804A1F4: warning: Unable to resolve imported reference getprotobynumber.
0804A1E4: warning: Unable to resolve imported reference __fpclassify.
0804A1D4: warning: Unable to resolve imported reference atan.
0804A1C4: warning: Unable to resolve imported reference __lxstat64.
0804A174: warning: Unable to resolve imported reference expm1.
0804A154: warning: Unable to resolve imported reference getrusage.
0804A144: warning: Unable to resolve imported reference exp.
0804A134: warning: Unable to resolve imported reference sigaltstack.
0804A124: warning: Unable to resolve imported reference tcdrain.
0804A0F4: warning: Unable to resolve imported reference tcgetattr.
0804A0E4: warning: Unable to resolve imported reference modf.
0804A0D4: warning: Unable to resolve imported reference floor.
0804A0A4: warning: Unable to resolve imported reference getprotobyname.
0804A094: warning: Unable to resolve imported reference setsid.
0804A084: warning: Unable to resolve imported reference setitimer.
0804A064: warning: Unable to resolve imported reference getlogin.
0804A054: warning: Unable to resolve imported reference rename.
0804A034: warning: Unable to resolve imported reference listen.
0804A024: warning: Unable to resolve imported reference pow.
0804A014: warning: Unable to resolve imported reference sendto.
08049FF4: warning: Unable to resolve imported reference fchown.
08049FE4: warning: Unable to resolve imported reference system.
08049FB4: warning: Unable to resolve imported reference recv.
08049FA4: warning: Unable to resolve imported reference socketpair.
08049F74: warning: Unable to resolve imported reference cfgetispeed.
08049F54: warning: Unable to resolve imported reference __xstat64.
08049F34: warning: Unable to resolve imported reference sinh.
08049F14: warning: Unable to resolve imported reference __gmon_start__.
08049EE4: warning: Unable to resolve imported reference shutdown.
08049ED4: warning: Unable to resolve imported reference asin.
08049EB4: warning: Unable to resolve imported reference log1p.
08049E54: warning: Unable to resolve imported reference setgroups.
08049E34: warning: Unable to resolve imported reference tcflow.
08049DE4: warning: Unable to resolve imported reference fmod.
08049DC4: warning: Unable to resolve imported reference ldexp.
/home/hawk/kza/decompiler-subjects.clean/from_shootout/echo_ocaml/ia32_elf/subject.exe: error: An internal error occurred while analyzing /home/hawk/kza/decompiler-subjects.clean/from_shootout/echo_ocaml/ia32_elf/subject.exe.
    Offsets not matching? SP(0)
       at Reko.Analysis.CallApplicationBuilder.VisitFpuStackStorage(FpuStackStorage fpu) in /home/runner/work/reko/reko/src/Decompiler/Analysis/CallApplicationBuilder.cs:line 116
   at Reko.Analysis.CallApplicationBuilder.With(Dictionary`2 map, Storage stg) in /home/runner/work/reko/reko/src/Decompiler/Analysis/CallApplicationBuilder.cs:line 93
   at Reko.Analysis.CallApplicationBuilder.WithUses(Storage stg) in /home/runner/work/reko/reko/src/Decompiler/Analysis/CallApplicationBuilder.cs:line 81
   at Reko.Analysis.CallApplicationBuilder.Bind(Identifier id) in /home/runner/work/reko/reko/src/Decompiler/Analysis/CallApplicationBuilder.cs:line 64
   at Reko.Core.ApplicationBuilder.BindArguments(Identifier[] parameters, Boolean isVariadic, ProcedureCharacteristics chr) in /home/runner/work/reko/reko/src/Core/ApplicationBuilder.cs:line 143
   at Reko.Core.ApplicationBuilder.CreateInstruction(FunctionType sigCallee, ProcedureCharacteristics chr) in /home/runner/work/reko/reko/src/Core/ApplicationBuilder.cs:line 93
   at Reko.Analysis.CallRewriter.RewriteCall(SsaState ssaCaller, Statement stm, CallInstruction call) in /home/runner/work/reko/reko/src/Decompiler/Analysis/CallRewriter.cs:line 378
   at Reko.Analysis.CallRewriter.RewriteCalls(SsaState ssaCaller) in /home/runner/work/reko/reko/src/Decompiler/Analysis/CallRewriter.cs:line 421
   at Reko.Analysis.CallRewriter.Rewrite(IPlatform platform, List`1 ssts, ProgramDataFlow summaries, DecompilerEventListener eventListener) in /home/runner/work/reko/reko/src/Decompiler/Analysis/CallRewriter.cs:line 84
   at Reko.Analysis.DataFlowAnalysis.UntangleProcedures() in /home/runner/work/reko/reko/src/Decompiler/Analysis/DataFlowAnalysis.cs:line 156
   at Reko.Decompiler.AnalyzeDataFlow() in /home/runner/work/reko/reko/src/Decompiler/Decompiler.cs:line 112
l0804A970: warning: Phi functions will be ignored by type analysis. This may be caused by a failure in a previous stage of the decompilation.
08049E0A: warning: Expected sizes of arrays to have been determined by now
08049E1A: warning: Expected sizes of arrays to have been determined by now
0805E8F0: warning: Expected sizes of arrays to have been determined by now
080602B8: warning: Expected sizes of arrays to have been determined by now
08070D30: warning: Expected sizes of arrays to have been determined by now
08070D54: warning: Expected sizes of arrays to have been determined by now
08070DFC: warning: Expected sizes of arrays to have been determined by now
08070F60: warning: Expected sizes of arrays to have been determined by now
08070F70: warning: Expected sizes of arrays to have been determined by now
08071108: warning: Expected sizes of arrays to have been determined by now
080711E0: warning: Expected sizes of arrays to have been determined by now
08071230: warning: Expected sizes of arrays to have been determined by now
0807154C: warning: Expected sizes of arrays to have been determined by now
08071570: warning: Expected sizes of arrays to have been determined by now
08071A04: warning: Expected sizes of arrays to have been determined by now
08071A54: warning: Expected sizes of arrays to have been determined by now
080730C0: warning: Expected sizes of arrays to have been determined by now
08073314: warning: Expected sizes of arrays to have been determined by now
08073328: warning: Expected sizes of arrays to have been determined by now
08073350: warning: Expected sizes of arrays to have been determined by now
08073984: warning: Expected sizes of arrays to have been determined by now
08079144: warning: Expected sizes of arrays to have been determined by now
0807A3C0: warning: Expected sizes of arrays to have been determined by now
0807AC94: warning: Expected sizes of arrays to have been determined by now
0807AF10: warning: Expected sizes of arrays to have been determined by now
0807AF78: warning: Expected sizes of arrays to have been determined by now
0807B1EC: warning: Expected sizes of arrays to have been determined by now
0807B254: warning: Expected sizes of arrays to have been determined by now
0807EE9C: warning: Expected sizes of arrays to have been determined by now
0807EEA4: warning: Expected sizes of arrays to have been determined by now
080833C0: warning: Expected sizes of arrays to have been determined by now
08083500: warning: Expected sizes of arrays to have been determined by now
08083920: warning: Expected sizes of arrays to have been determined by now
08083A60: warning: Expected sizes of arrays to have been determined by now
08049E0A: warning: Expected sizes of arrays to have been determined by now
08049E1A: warning: Expected sizes of arrays to have been determined by now
0805E8F0: warning: Expected sizes of arrays to have been determined by now
080602B8: warning: Expected sizes of arrays to have been determined by now
08070D30: warning: Expected sizes of arrays to have been determined by now
08070D54: warning: Expected sizes of arrays to have been determined by now
08070DFC: warning: Expected sizes of arrays to have been determined by now
08070F60: warning: Expected sizes of arrays to have been determined by now
08070F70: warning: Expected sizes of arrays to have been determined by now
08071108: warning: Expected sizes of arrays to have been determined by now
080711E0: warning: Expected sizes of arrays to have been determined by now
08071230: warning: Expected sizes of arrays to have been determined by now
0807154C: warning: Expected sizes of arrays to have been determined by now
08071570: warning: Expected sizes of arrays to have been determined by now
08071A04: warning: Expected sizes of arrays to have been determined by now
08071A54: warning: Expected sizes of arrays to have been determined by now
080730C0: warning: Expected sizes of arrays to have been determined by now
08073314: warning: Expected sizes of arrays to have been determined by now
08073328: warning: Expected sizes of arrays to have been determined by now
08073350: warning: Expected sizes of arrays to have been determined by now
08073984: warning: Expected sizes of arrays to have been determined by now
08079144: warning: Expected sizes of arrays to have been determined by now
0807A3C0: warning: Expected sizes of arrays to have been determined by now
0807AC94: warning: Expected sizes of arrays to have been determined by now
0807AF10: warning: Expected sizes of arrays to have been determined by now
0807AF78: warning: Expected sizes of arrays to have been determined by now
0807B1EC: warning: Expected sizes of arrays to have been determined by now
0807B254: warning: Expected sizes of arrays to have been determined by now
0807EE9C: warning: Expected sizes of arrays to have been determined by now
0807EEA4: warning: Expected sizes of arrays to have been determined by now
080833C0: warning: Expected sizes of arrays to have been determined by now
08083500: warning: Expected sizes of arrays to have been determined by now
08083920: warning: Expected sizes of arrays to have been determined by now
08083A60: warning: Expected sizes of arrays to have been determined by now
