Analyzing './from_boomerang/global1/ppc_elf_by_boomerang_o4/subject.exe' as a PowerPC 32 ELF binary file.

0 Procs, 0 Labels, 0 Branches, 0 / 0 kB covered
./from_boomerang/global1/ppc_elf_by_boomerang_o4/subject.exe: 35 sections starting at 0x00000F20
./from_boomerang/global1/ppc_elf_by_boomerang_o4/subject.exe: section string table at 0x00001420, 0x120 bytes
 Offset:  [ix]  Address    Size    Offset  Name
00000F20: [ 0] 00000000 00000000 00000000 
00000F48: [ 1] 10000154 0000000D 00000154 .interp
00000F70: [ 2] 10000164 00000020 00000164 .note.ABI-tag
00000F98: [ 3] 10000184 00000028 00000184 .hash
00000FC0: [ 4] 100001AC 00000050 000001AC .dynsym
00000FE8: [ 5] 100001FC 0000004C 000001FC .dynstr
00001010: [ 6] 10000248 0000000A 00000248 .gnu.version
00001038: [ 7] 10000254 00000020 00000254 .gnu.version_r
00001060: [ 8] 10000274 0000000C 00000274 .rela.dyn
00001088: [ 9] 10000280 00000018 00000280 .rela.plt
000010B0: [10] 10000298 00000028 00000298 .init
000010D8: [11] 100002C0 000005A4 000002C0 .text
00001100: [12] 10000864 00000020 00000864 .fini
00001128: [13] 10000884 00000024 00000884 .rodata
00001150: [14] 100008A8 00000000 000008A8 .sdata2
00001178: [15] 100008A8 00000004 000008A8 .eh_frame
000011A0: [16] 100108AC 00000008 000008AC .ctors
000011C8: [17] 100108B4 00000008 000008B4 .dtors
000011F0: [18] 100108BC 00000004 000008BC .jcr
00001218: [19] 100108C0 00000010 000008C0 .got2
00001240: [20] 100108D0 000000C8 000008D0 .dynamic
00001268: [21] 10010998 00000008 00000998 .data
00001290: [22] 100109A0 00000014 000009A0 .got
000012B8: [23] 100109B4 00000008 000009B4 .sdata
000012E0: [24] 100109BC 00000000 000009BC .sbss
00001308: [25] 100109BC 00000060 000009BC .plt
00001330: [26] 10010A1C 00000004 000009BC .bss
00001358: [27] 00000000 0000017A 000009BC .comment
00001380: [28] 00000000 00000058 00000B38 .debug_aranges
000013A8: [29] 00000000 00000138 00000B90 .debug_info
000013D0: [30] 00000000 00000020 00000CC8 .debug_abbrev
000013F8: [31] 00000000 00000117 00000CE8 .debug_line
00001420: [32] 00000000 00000120 00000DFF .shstrtab
00001448: [33] 00000000 00000E90 00001498 .symtab
00001470: [34] 00000000 00000982 00002328 .strtab
Matching signatures...
0 Procs, 0 Labels, 0 Branches, 0 / 2 kB covered
0 Procs, 0 Labels, 0 Branches, 0 / 2 kB covered
Separating code and data...
0 Procs, 0 Labels, 0 Branches, 0 / 2 kB covered
0 Procs, 17 Labels, 14 Branches, 0 / 2 kB covered
0 Procs, 18 Labels, 15 Branches, 0 / 2 kB covered
0 Procs, 18 Labels, 15 Branches, 0 / 2 kB covered
0 Procs, 23 Labels, 19 Branches, 0 / 2 kB covered
0 Procs, 23 Labels, 20 Branches, 0 / 2 kB covered
0 Procs, 23 Labels, 20 Branches, 0 / 2 kB covered
0 Procs, 24 Labels, 21 Branches, 0 / 2 kB covered
0 Procs, 26 Labels, 23 Branches, 0 / 2 kB covered
0 Procs, 27 Labels, 25 Branches, 0 / 2 kB covered
0 Procs, 28 Labels, 28 Branches, 0 / 2 kB covered
0 Procs, 37 Labels, 36 Branches, 0 / 2 kB covered
0 Procs, 43 Labels, 41 Branches, 0 / 2 kB covered
0 Procs, 44 Labels, 42 Branches, 0 / 2 kB covered
0 Procs, 45 Labels, 42 Branches, 0 / 2 kB covered
0 Procs, 46 Labels, 42 Branches, 0 / 2 kB covered
0 Procs, 47 Labels, 42 Branches, 0 / 2 kB covered
0 Procs, 48 Labels, 42 Branches, 0 / 2 kB covered
0 Procs, 49 Labels, 42 Branches, 0 / 2 kB covered
0 Procs, 50 Labels, 42 Branches, 0 / 2 kB covered
0 Procs, 51 Labels, 42 Branches, 0 / 2 kB covered
0 Procs, 52 Labels, 42 Branches, 0 / 2 kB covered
0 Procs, 53 Labels, 42 Branches, 0 / 2 kB covered
0 Procs, 54 Labels, 42 Branches, 0 / 2 kB covered
0 Procs, 55 Labels, 42 Branches, 0 / 2 kB covered
0 Procs, 56 Labels, 42 Branches, 0 / 2 kB covered
0 Procs, 57 Labels, 42 Branches, 0 / 2 kB covered
0 Procs, 58 Labels, 42 Branches, 0 / 2 kB covered
0 Procs, 59 Labels, 42 Branches, 0 / 2 kB covered
0 Procs, 60 Labels, 42 Branches, 0 / 2 kB covered
0 Procs, 61 Labels, 42 Branches, 0 / 2 kB covered
0 Procs, 62 Labels, 43 Branches, 0 / 2 kB covered
0 Procs, 63 Labels, 43 Branches, 0 / 2 kB covered
0 Procs, 64 Labels, 43 Branches, 0 / 2 kB covered
0 Procs, 65 Labels, 43 Branches, 0 / 2 kB covered
0 Procs, 66 Labels, 43 Branches, 0 / 2 kB covered
0 Procs, 67 Labels, 43 Branches, 0 / 2 kB covered
0 Procs, 68 Labels, 43 Branches, 0 / 2 kB covered
0 Procs, 69 Labels, 43 Branches, 0 / 2 kB covered
0 Procs, 70 Labels, 43 Branches, 0 / 2 kB covered
0 Procs, 71 Labels, 43 Branches, 0 / 2 kB covered
0 Procs, 72 Labels, 43 Branches, 0 / 2 kB covered
0 Procs, 73 Labels, 43 Branches, 0 / 2 kB covered
0 Procs, 74 Labels, 43 Branches, 0 / 2 kB covered
0 Procs, 75 Labels, 43 Branches, 0 / 2 kB covered
0 Procs, 76 Labels, 43 Branches, 0 / 2 kB covered
0 Procs, 77 Labels, 43 Branches, 0 / 2 kB covered
0 Procs, 78 Labels, 43 Branches, 0 / 2 kB covered
0 Procs, 79 Labels, 43 Branches, 0 / 2 kB covered
0 Procs, 80 Labels, 44 Branches, 0 / 2 kB covered
0 Procs, 81 Labels, 44 Branches, 0 / 2 kB covered
0 Procs, 82 Labels, 44 Branches, 0 / 2 kB covered
0 Procs, 83 Labels, 44 Branches, 0 / 2 kB covered
0 Procs, 84 Labels, 44 Branches, 0 / 2 kB covered
0 Procs, 85 Labels, 44 Branches, 0 / 2 kB covered
0 Procs, 86 Labels, 44 Branches, 0 / 2 kB covered
0 Procs, 87 Labels, 44 Branches, 0 / 2 kB covered
0 Procs, 88 Labels, 44 Branches, 0 / 2 kB covered
0 Procs, 89 Labels, 44 Branches, 0 / 2 kB covered
0 Procs, 90 Labels, 44 Branches, 0 / 2 kB covered
0 Procs, 91 Labels, 44 Branches, 0 / 2 kB covered
0 Procs, 92 Labels, 44 Branches, 0 / 2 kB covered
0 Procs, 93 Labels, 44 Branches, 0 / 2 kB covered
0 Procs, 94 Labels, 44 Branches, 0 / 2 kB covered
0 Procs, 95 Labels, 44 Branches, 0 / 2 kB covered
0 Procs, 96 Labels, 44 Branches, 0 / 2 kB covered
0 Procs, 97 Labels, 44 Branches, 0 / 2 kB covered
0 Procs, 98 Labels, 45 Branches, 0 / 2 kB covered
0 Procs, 99 Labels, 45 Branches, 0 / 2 kB covered
0 Procs, 100 Labels, 45 Branches, 0 / 2 kB covered
0 Procs, 101 Labels, 45 Branches, 0 / 2 kB covered
0 Procs, 102 Labels, 45 Branches, 0 / 2 kB covered
0 Procs, 103 Labels, 45 Branches, 0 / 2 kB covered
0 Procs, 104 Labels, 45 Branches, 0 / 2 kB covered
0 Procs, 105 Labels, 45 Branches, 0 / 2 kB covered
0 Procs, 106 Labels, 45 Branches, 0 / 2 kB covered
0 Procs, 107 Labels, 45 Branches, 0 / 2 kB covered
0 Procs, 108 Labels, 45 Branches, 0 / 2 kB covered
0 Procs, 109 Labels, 45 Branches, 0 / 2 kB covered
0 Procs, 110 Labels, 45 Branches, 0 / 2 kB covered
0 Procs, 111 Labels, 45 Branches, 0 / 2 kB covered
0 Procs, 112 Labels, 45 Branches, 0 / 2 kB covered
0 Procs, 113 Labels, 45 Branches, 0 / 2 kB covered
0 Procs, 114 Labels, 45 Branches, 0 / 2 kB covered
0 Procs, 115 Labels, 45 Branches, 0 / 2 kB covered
0 Procs, 116 Labels, 46 Branches, 0 / 2 kB covered
0 Procs, 117 Labels, 46 Branches, 0 / 2 kB covered
0 Procs, 118 Labels, 46 Branches, 0 / 2 kB covered
0 Procs, 119 Labels, 46 Branches, 0 / 2 kB covered
0 Procs, 120 Labels, 46 Branches, 0 / 2 kB covered
0 Procs, 121 Labels, 46 Branches, 0 / 2 kB covered
0 Procs, 122 Labels, 46 Branches, 0 / 2 kB covered
0 Procs, 123 Labels, 46 Branches, 0 / 2 kB covered
0 Procs, 124 Labels, 46 Branches, 0 / 2 kB covered
0 Procs, 125 Labels, 46 Branches, 0 / 2 kB covered
0 Procs, 126 Labels, 46 Branches, 0 / 2 kB covered
0 Procs, 127 Labels, 46 Branches, 0 / 2 kB covered
0 Procs, 128 Labels, 46 Branches, 0 / 2 kB covered
0 Procs, 129 Labels, 46 Branches, 0 / 2 kB covered
0 Procs, 130 Labels, 46 Branches, 0 / 2 kB covered
0 Procs, 131 Labels, 46 Branches, 0 / 2 kB covered
0 Procs, 132 Labels, 46 Branches, 0 / 2 kB covered
0 Procs, 133 Labels, 46 Branches, 0 / 2 kB covered
0 Procs, 133 Labels, 47 Branches, 0 / 2 kB covered
0 Procs, 134 Labels, 47 Branches, 0 / 2 kB covered
0 Procs, 135 Labels, 47 Branches, 0 / 2 kB covered
0 Procs, 136 Labels, 47 Branches, 0 / 2 kB covered
0 Procs, 137 Labels, 47 Branches, 0 / 2 kB covered
0 Procs, 138 Labels, 47 Branches, 0 / 2 kB covered
0 Procs, 139 Labels, 47 Branches, 0 / 2 kB covered
0 Procs, 140 Labels, 47 Branches, 0 / 2 kB covered
0 Procs, 141 Labels, 47 Branches, 0 / 2 kB covered
0 Procs, 142 Labels, 47 Branches, 0 / 2 kB covered
0 Procs, 143 Labels, 47 Branches, 0 / 2 kB covered
0 Procs, 144 Labels, 47 Branches, 0 / 2 kB covered
0 Procs, 145 Labels, 47 Branches, 0 / 2 kB covered
0 Procs, 146 Labels, 47 Branches, 0 / 2 kB covered
0 Procs, 147 Labels, 47 Branches, 0 / 2 kB covered
0 Procs, 148 Labels, 47 Branches, 0 / 2 kB covered
0 Procs, 149 Labels, 47 Branches, 0 / 2 kB covered
0 Procs, 150 Labels, 47 Branches, 0 / 2 kB covered
0 Procs, 150 Labels, 47 Branches, 0 / 2 kB covered
0 Procs, 150 Labels, 48 Branches, 0 / 2 kB covered
0 Procs, 150 Labels, 48 Branches, 0 / 2 kB covered
128 Procs, 150 Labels, 48 Branches, 0 / 2 kB covered
128 Procs, 150 Labels, 48 Branches, 0 / 2 kB covered
128 Procs, 150 Labels, 48 Branches, 0 / 2 kB covered
128 Procs, 150 Labels, 48 Branches, 0 / 2 kB covered
128 Procs, 150 Labels, 48 Branches, 0 / 2 kB covered
128 Procs, 150 Labels, 48 Branches, 0 / 2 kB covered
128 Procs, 150 Labels, 48 Branches, 0 / 2 kB covered
128 Procs, 150 Labels, 48 Branches, 0 / 2 kB covered
128 Procs, 150 Labels, 48 Branches, 0 / 2 kB covered
128 Procs, 150 Labels, 48 Branches, 0 / 2 kB covered
128 Procs, 150 Labels, 48 Branches, 0 / 2 kB covered
128 Procs, 150 Labels, 48 Branches, 0 / 2 kB covered
128 Procs, 150 Labels, 48 Branches, 0 / 2 kB covered
128 Procs, 150 Labels, 48 Branches, 0 / 2 kB covered
128 Procs, 150 Labels, 48 Branches, 0 / 2 kB covered
128 Procs, 150 Labels, 48 Branches, 0 / 2 kB covered
128 Procs, 150 Labels, 48 Branches, 0 / 2 kB covered
128 Procs, 150 Labels, 48 Branches, 0 / 2 kB covered
128 Procs, 150 Labels, 48 Branches, 0 / 2 kB covered
128 Procs, 150 Labels, 48 Branches, 0 / 2 kB covered
128 Procs, 150 Labels, 48 Branches, 0 / 2 kB covered
128 Procs, 150 Labels, 48 Branches, 0 / 2 kB covered
128 Procs, 150 Labels, 48 Branches, 0 / 2 kB covered
128 Procs, 150 Labels, 48 Branches, 0 / 2 kB covered
128 Procs, 150 Labels, 48 Branches, 0 / 2 kB covered
128 Procs, 150 Labels, 48 Branches, 0 / 2 kB covered
128 Procs, 150 Labels, 48 Branches, 0 / 2 kB covered
128 Procs, 150 Labels, 48 Branches, 0 / 2 kB covered
128 Procs, 150 Labels, 48 Branches, 0 / 2 kB covered
128 Procs, 150 Labels, 48 Branches, 0 / 2 kB covered
128 Procs, 150 Labels, 48 Branches, 0 / 2 kB covered
128 Procs, 150 Labels, 48 Branches, 0 / 2 kB covered
128 Procs, 150 Labels, 48 Branches, 0 / 2 kB covered
128 Procs, 150 Labels, 48 Branches, 0 / 2 kB covered
128 Procs, 150 Labels, 48 Branches, 0 / 2 kB covered
128 Procs, 150 Labels, 48 Branches, 0 / 2 kB covered
128 Procs, 150 Labels, 48 Branches, 0 / 2 kB covered
128 Procs, 150 Labels, 48 Branches, 0 / 2 kB covered
128 Procs, 150 Labels, 48 Branches, 0 / 2 kB covered
128 Procs, 150 Labels, 48 Branches, 0 / 2 kB covered
128 Procs, 150 Labels, 48 Branches, 0 / 2 kB covered
128 Procs, 150 Labels, 48 Branches, 0 / 2 kB covered
128 Procs, 150 Labels, 48 Branches, 0 / 2 kB covered
128 Procs, 150 Labels, 48 Branches, 0 / 2 kB covered
128 Procs, 150 Labels, 48 Branches, 0 / 2 kB covered
128 Procs, 150 Labels, 48 Branches, 0 / 2 kB covered
128 Procs, 150 Labels, 48 Branches, 0 / 2 kB covered
128 Procs, 150 Labels, 48 Branches, 0 / 2 kB covered
128 Procs, 150 Labels, 48 Branches, 0 / 2 kB covered
128 Procs, 150 Labels, 48 Branches, 0 / 2 kB covered
128 Procs, 150 Labels, 48 Branches, 0 / 2 kB covered
128 Procs, 150 Labels, 48 Branches, 0 / 2 kB covered
128 Procs, 150 Labels, 48 Branches, 0 / 2 kB covered
128 Procs, 150 Labels, 48 Branches, 0 / 2 kB covered
128 Procs, 150 Labels, 48 Branches, 0 / 2 kB covered
128 Procs, 150 Labels, 48 Branches, 0 / 2 kB covered
128 Procs, 150 Labels, 48 Branches, 0 / 2 kB covered
128 Procs, 150 Labels, 48 Branches, 0 / 2 kB covered
128 Procs, 150 Labels, 48 Branches, 0 / 2 kB covered
128 Procs, 150 Labels, 48 Branches, 0 / 2 kB covered
128 Procs, 150 Labels, 48 Branches, 0 / 2 kB covered
128 Procs, 150 Labels, 48 Branches, 0 / 2 kB covered
128 Procs, 150 Labels, 48 Branches, 0 / 2 kB covered
128 Procs, 150 Labels, 48 Branches, 0 / 2 kB covered
128 Procs, 150 Labels, 48 Branches, 0 / 2 kB covered
128 Procs, 150 Labels, 48 Branches, 0 / 2 kB covered
128 Procs, 150 Labels, 48 Branches, 0 / 2 kB covered
128 Procs, 150 Labels, 48 Branches, 0 / 2 kB covered
128 Procs, 150 Labels, 48 Branches, 0 / 2 kB covered
128 Procs, 150 Labels, 48 Branches, 0 / 2 kB covered
128 Procs, 150 Labels, 48 Branches, 0 / 2 kB covered
128 Procs, 150 Labels, 48 Branches, 0 / 2 kB covered
128 Procs, 150 Labels, 48 Branches, 0 / 2 kB covered
128 Procs, 150 Labels, 48 Branches, 0 / 2 kB covered
128 Procs, 150 Labels, 48 Branches, 0 / 2 kB covered
128 Procs, 150 Labels, 48 Branches, 0 / 2 kB covered
128 Procs, 150 Labels, 48 Branches, 0 / 2 kB covered
128 Procs, 150 Labels, 48 Branches, 0 / 2 kB covered
128 Procs, 150 Labels, 48 Branches, 0 / 2 kB covered
128 Procs, 150 Labels, 48 Branches, 0 / 2 kB covered
128 Procs, 150 Labels, 48 Branches, 0 / 2 kB covered
128 Procs, 150 Labels, 48 Branches, 0 / 2 kB covered
128 Procs, 150 Labels, 48 Branches, 0 / 2 kB covered
128 Procs, 150 Labels, 48 Branches, 0 / 2 kB covered
128 Procs, 150 Labels, 48 Branches, 0 / 2 kB covered
128 Procs, 150 Labels, 48 Branches, 0 / 2 kB covered
128 Procs, 150 Labels, 48 Branches, 0 / 2 kB covered
128 Procs, 150 Labels, 48 Branches, 0 / 2 kB covered
128 Procs, 150 Labels, 48 Branches, 0 / 2 kB covered
128 Procs, 150 Labels, 48 Branches, 0 / 2 kB covered
128 Procs, 150 Labels, 48 Branches, 0 / 2 kB covered
128 Procs, 150 Labels, 48 Branches, 0 / 2 kB covered
128 Procs, 150 Labels, 48 Branches, 0 / 2 kB covered
128 Procs, 150 Labels, 48 Branches, 0 / 2 kB covered
128 Procs, 150 Labels, 48 Branches, 0 / 2 kB covered
128 Procs, 150 Labels, 48 Branches, 0 / 2 kB covered
128 Procs, 150 Labels, 48 Branches, 0 / 2 kB covered
128 Procs, 150 Labels, 48 Branches, 0 / 2 kB covered
128 Procs, 150 Labels, 48 Branches, 0 / 2 kB covered
128 Procs, 150 Labels, 48 Branches, 0 / 2 kB covered
128 Procs, 150 Labels, 48 Branches, 0 / 2 kB covered
128 Procs, 150 Labels, 48 Branches, 0 / 2 kB covered
128 Procs, 150 Labels, 48 Branches, 0 / 2 kB covered
128 Procs, 150 Labels, 48 Branches, 0 / 2 kB covered
128 Procs, 150 Labels, 48 Branches, 0 / 2 kB covered
128 Procs, 150 Labels, 48 Branches, 0 / 2 kB covered
128 Procs, 150 Labels, 48 Branches, 0 / 2 kB covered
128 Procs, 150 Labels, 48 Branches, 0 / 2 kB covered
128 Procs, 150 Labels, 48 Branches, 0 / 2 kB covered
128 Procs, 150 Labels, 48 Branches, 0 / 2 kB covered
128 Procs, 150 Labels, 48 Branches, 0 / 2 kB covered
128 Procs, 150 Labels, 48 Branches, 0 / 2 kB covered
128 Procs, 150 Labels, 48 Branches, 0 / 2 kB covered
128 Procs, 150 Labels, 48 Branches, 0 / 2 kB covered
128 Procs, 150 Labels, 48 Branches, 0 / 2 kB covered
128 Procs, 150 Labels, 48 Branches, 0 / 2 kB covered
128 Procs, 150 Labels, 48 Branches, 0 / 2 kB covered
128 Procs, 150 Labels, 48 Branches, 0 / 2 kB covered
128 Procs, 150 Labels, 48 Branches, 0 / 2 kB covered
128 Procs, 150 Labels, 48 Branches, 0 / 2 kB covered
128 Procs, 150 Labels, 48 Branches, 0 / 2 kB covered
128 Procs, 150 Labels, 48 Branches, 0 / 2 kB covered
128 Procs, 150 Labels, 48 Branches, 0 / 2 kB covered
128 Procs, 150 Labels, 48 Branches, 0 / 2 kB covered
128 Procs, 150 Labels, 48 Branches, 0 / 2 kB covered
128 Procs, 150 Labels, 48 Branches, 0 / 2 kB covered
128 Procs, 150 Labels, 48 Branches, 0 / 2 kB covered
128 Procs, 150 Labels, 48 Branches, 0 / 2 kB covered
128 Procs, 150 Labels, 48 Branches, 0 / 2 kB covered
Resolving indirect jumps...
128 Procs, 150 Labels, 48 Branches, 0 / 2 kB covered
128 Procs, 150 Labels, 48 Branches, 0 / 2 kB covered
Resolving constants and strings...
128 Procs, 150 Labels, 48 Branches, 0 / 2 kB covered
Discovering unreached functions...
128 Procs, 150 Labels, 48 Branches, 0 / 2 kB covered
Computing call tree...
128 Procs, 150 Labels, 48 Branches, 0 / 2 kB covered
Computing calling conventions...
128 Procs, 150 Labels, 48 Branches, 0 / 2 kB covered
Computing Calling Convention: 1/128  0x10000000
Computing Calling Convention: 3/128  0x100002C0
Computing Calling Convention: 5/128  0x10000324
Computing Calling Convention: 6/128  0x1000039C
Computing Calling Convention: 7/128  0x100003B8
Computing Calling Convention: 8/128  0x100003FC
Computing Calling Convention: 13/128  0x10000508
Computing Calling Convention: 15/128  0x10000598
Computing Calling Convention: 16/128  0x10000618
Computing Calling Convention: 17/128  0x1000061C
Computing Calling Convention: 18/128  0x10000620
Computing Calling Convention: 19/128  0x10000624
Computing Calling Convention: 20/128  0x10000628
Computing Calling Convention: 21/128  0x1000062C
Computing Calling Convention: 22/128  0x10000630
Computing Calling Convention: 23/128  0x10000634
Computing Calling Convention: 24/128  0x10000638
Computing Calling Convention: 25/128  0x1000063C
Computing Calling Convention: 26/128  0x10000640
Computing Calling Convention: 27/128  0x10000644
Computing Calling Convention: 28/128  0x10000648
Computing Calling Convention: 29/128  0x1000064C
Computing Calling Convention: 30/128  0x10000650
Computing Calling Convention: 31/128  0x10000654
Computing Calling Convention: 32/128  0x10000658
Computing Calling Convention: 33/128  0x1000065C
Computing Calling Convention: 34/128  0x10000664
Computing Calling Convention: 35/128  0x10000668
Computing Calling Convention: 36/128  0x1000066C
Computing Calling Convention: 37/128  0x10000670
Computing Calling Convention: 38/128  0x10000674
Computing Calling Convention: 39/128  0x10000678
Computing Calling Convention: 40/128  0x1000067C
Computing Calling Convention: 41/128  0x10000680
Computing Calling Convention: 42/128  0x10000684
Computing Calling Convention: 43/128  0x10000688
Computing Calling Convention: 44/128  0x1000068C
Computing Calling Convention: 45/128  0x10000690
Computing Calling Convention: 46/128  0x10000694
Computing Calling Convention: 47/128  0x10000698
Computing Calling Convention: 48/128  0x1000069C
Computing Calling Convention: 49/128  0x100006A0
Computing Calling Convention: 50/128  0x100006A4
Computing Calling Convention: 51/128  0x100006A8
Computing Calling Convention: 52/128  0x100006B0
Computing Calling Convention: 53/128  0x100006B4
Computing Calling Convention: 54/128  0x100006B8
Computing Calling Convention: 55/128  0x100006BC
Computing Calling Convention: 56/128  0x100006C0
Computing Calling Convention: 57/128  0x100006C4
Computing Calling Convention: 58/128  0x100006C8
Computing Calling Convention: 59/128  0x100006CC
Computing Calling Convention: 60/128  0x100006D0
Computing Calling Convention: 61/128  0x100006D4
Computing Calling Convention: 62/128  0x100006D8
Computing Calling Convention: 63/128  0x100006DC
Computing Calling Convention: 64/128  0x100006E0
Computing Calling Convention: 65/128  0x100006E4
Computing Calling Convention: 66/128  0x100006E8
Computing Calling Convention: 67/128  0x100006EC
Computing Calling Convention: 68/128  0x100006F0
Computing Calling Convention: 69/128  0x100006F4
Computing Calling Convention: 70/128  0x100006FC
Computing Calling Convention: 71/128  0x10000700
Computing Calling Convention: 72/128  0x10000704
Computing Calling Convention: 73/128  0x10000708
Computing Calling Convention: 74/128  0x1000070C
Computing Calling Convention: 75/128  0x10000710
Computing Calling Convention: 76/128  0x10000714
Computing Calling Convention: 77/128  0x10000718
Computing Calling Convention: 78/128  0x1000071C
Computing Calling Convention: 79/128  0x10000720
Computing Calling Convention: 80/128  0x10000724
Computing Calling Convention: 81/128  0x10000728
Computing Calling Convention: 82/128  0x1000072C
Computing Calling Convention: 83/128  0x10000730
Computing Calling Convention: 84/128  0x10000734
Computing Calling Convention: 85/128  0x10000738
Computing Calling Convention: 86/128  0x1000073C
Computing Calling Convention: 87/128  0x10000740
Computing Calling Convention: 88/128  0x10000748
Computing Calling Convention: 89/128  0x1000074C
Computing Calling Convention: 90/128  0x10000750
Computing Calling Convention: 91/128  0x10000754
Computing Calling Convention: 92/128  0x10000758
Computing Calling Convention: 93/128  0x1000075C
Computing Calling Convention: 94/128  0x10000760
Computing Calling Convention: 95/128  0x10000764
Computing Calling Convention: 96/128  0x10000768
Computing Calling Convention: 97/128  0x1000076C
Computing Calling Convention: 98/128  0x10000770
Computing Calling Convention: 99/128  0x10000774
Computing Calling Convention: 100/128  0x10000778
Computing Calling Convention: 101/128  0x1000077C
Computing Calling Convention: 102/128  0x10000780
Computing Calling Convention: 103/128  0x10000784
Computing Calling Convention: 104/128  0x10000788
Computing Calling Convention: 105/128  0x1000078C
Computing Calling Convention: 106/128  0x100007A0
Computing Calling Convention: 107/128  0x100007A4
Computing Calling Convention: 108/128  0x100007A8
Computing Calling Convention: 109/128  0x100007AC
Computing Calling Convention: 110/128  0x100007B0
Computing Calling Convention: 111/128  0x100007B4
Computing Calling Convention: 112/128  0x100007B8
Computing Calling Convention: 113/128  0x100007BC
Computing Calling Convention: 114/128  0x100007C0
Computing Calling Convention: 115/128  0x100007C4
Computing Calling Convention: 116/128  0x100007C8
Computing Calling Convention: 117/128  0x100007CC
Computing Calling Convention: 118/128  0x100007D0
Computing Calling Convention: 119/128  0x100007D4
Computing Calling Convention: 120/128  0x100007D8
Computing Calling Convention: 121/128  0x100007DC
Computing Calling Convention: 122/128  0x100007E0
Computing Calling Convention: 123/128  0x100007E4
Computing Calling Convention: 124/128  0x100007F8
Computing Calling Convention: 125/128  0x10000848
Computing Calling Convention: 126/128  0x10000864
Computing Calling Convention: 127/128  0x100109A0
Computing Calling Convention: 128/128  0x10010A0C
Computing Calling Convention: 2/7  0x100002E4
Computing Calling Convention: 3/7  0x10000418
Computing Calling Convention: 4/7  0x10000458
Computing Calling Convention: 5/7  0x10000498
Computing Calling Convention: 6/7  0x100004FC
Computing Calling Convention: 1/2  0x10000298
Computing Calling Convention: 2/2  0x1000058C
Computing label cross-references...
128 Procs, 150 Labels, 48 Branches, 0 / 2 kB covered
File analysis complete.
128 Procs, 150 Labels, 48 Branches, 0 / 2 kB covered

Decompiling 1/128: 0x10000000
Decompiling 2/128: 0x10000298
Decompiling 3/128: 0x100002C0
Decompiling 4/128: 0x100002E4
Decompiling 5/128: 0x10000324
Decompiling 6/128: 0x1000039C
Decompiling 7/128: 0x100003B8
Decompiling 8/128: 0x100003FC
Decompiling 9/128: 0x10000418
Decompiling 10/128: 0x10000458
Decompiling 11/128: 0x10000498
Decompiling 12/128: 0x100004FC
Decompiling 13/128: 0x10000508
Decompiling 14/128: 0x1000058C
Decompiling 15/128: 0x10000598
Decompiling 16/128: 0x10000618
Decompiling 17/128: 0x1000061C
Decompiling 18/128: 0x10000620
Decompiling 19/128: 0x10000624
Decompiling 20/128: 0x10000628
Decompiling 21/128: 0x1000062C
Decompiling 22/128: 0x10000630
Decompiling 23/128: 0x10000634
Decompiling 24/128: 0x10000638
Decompiling 25/128: 0x1000063C
Decompiling 26/128: 0x10000640
Decompiling 27/128: 0x10000644
Decompiling 28/128: 0x10000648
Decompiling 29/128: 0x1000064C
Decompiling 30/128: 0x10000650
Decompiling 31/128: 0x10000654
Decompiling 32/128: 0x10000658
Decompiling 33/128: 0x1000065C
Decompiling 34/128: 0x10000664
Decompiling 35/128: 0x10000668
Decompiling 36/128: 0x1000066C
Decompiling 37/128: 0x10000670
Decompiling 38/128: 0x10000674
Decompiling 39/128: 0x10000678
Decompiling 40/128: 0x1000067C
Decompiling 41/128: 0x10000680
Decompiling 42/128: 0x10000684
Decompiling 43/128: 0x10000688
Decompiling 44/128: 0x1000068C
Decompiling 45/128: 0x10000690
Decompiling 46/128: 0x10000694
Decompiling 47/128: 0x10000698
Decompiling 48/128: 0x1000069C
Decompiling 49/128: 0x100006A0
Decompiling 50/128: 0x100006A4
Decompiling 51/128: 0x100006A8
Decompiling 52/128: 0x100006B0
Decompiling 53/128: 0x100006B4
Decompiling 54/128: 0x100006B8
Decompiling 55/128: 0x100006BC
Decompiling 56/128: 0x100006C0
Decompiling 57/128: 0x100006C4
Decompiling 58/128: 0x100006C8
Decompiling 59/128: 0x100006CC
Decompiling 60/128: 0x100006D0
Decompiling 61/128: 0x100006D4
Decompiling 62/128: 0x100006D8
Decompiling 63/128: 0x100006DC
Decompiling 64/128: 0x100006E0
Decompiling 65/128: 0x100006E4
Decompiling 66/128: 0x100006E8
Decompiling 67/128: 0x100006EC
Decompiling 68/128: 0x100006F0
Decompiling 69/128: 0x100006F4
Decompiling 70/128: 0x100006FC
Decompiling 71/128: 0x10000700
Decompiling 72/128: 0x10000704
Decompiling 73/128: 0x10000708
Decompiling 74/128: 0x1000070C
Decompiling 75/128: 0x10000710
Decompiling 76/128: 0x10000714
Decompiling 77/128: 0x10000718
Decompiling 78/128: 0x1000071C
Decompiling 79/128: 0x10000720
Decompiling 80/128: 0x10000724
Decompiling 81/128: 0x10000728
Decompiling 82/128: 0x1000072C
Decompiling 83/128: 0x10000730
Decompiling 84/128: 0x10000734
Decompiling 85/128: 0x10000738
Decompiling 86/128: 0x1000073C
Decompiling 87/128: 0x10000740
Decompiling 88/128: 0x10000748
Decompiling 89/128: 0x1000074C
Decompiling 90/128: 0x10000750
Decompiling 91/128: 0x10000754
Decompiling 92/128: 0x10000758
Decompiling 93/128: 0x1000075C
Decompiling 94/128: 0x10000760
Decompiling 95/128: 0x10000764
Decompiling 96/128: 0x10000768
Decompiling 97/128: 0x1000076C
Decompiling 98/128: 0x10000770
Decompiling 99/128: 0x10000774
Decompiling 100/128: 0x10000778
Decompiling 101/128: 0x1000077C
Decompiling 102/128: 0x10000780
Decompiling 103/128: 0x10000784
Decompiling 104/128: 0x10000788
Decompiling 105/128: 0x1000078C
Decompiling 106/128: 0x100007A0
Decompiling 107/128: 0x100007A4
Decompiling 108/128: 0x100007A8
Decompiling 109/128: 0x100007AC
Decompiling 110/128: 0x100007B0
Decompiling 111/128: 0x100007B4
Decompiling 112/128: 0x100007B8
Decompiling 113/128: 0x100007BC
Decompiling 114/128: 0x100007C0
Decompiling 115/128: 0x100007C4
Decompiling 116/128: 0x100007C8
Decompiling 117/128: 0x100007CC
Decompiling 118/128: 0x100007D0
Decompiling 119/128: 0x100007D4
Decompiling 120/128: 0x100007D8
Decompiling 121/128: 0x100007DC
Decompiling 122/128: 0x100007E0
Decompiling 123/128: 0x100007E4
Decompiling 124/128: 0x100007F8
Decompiling 125/128: 0x10000848
Decompiling 126/128: 0x10000864
Decompiling 127/128: 0x100109A0
Decompiling 128/128: 0x10010A0C
Decompiling 128/128: 0x10010A0C

