INFO  an - ### holdec 1.1 Copyright 2003-2012 Raimar Falke
INFO  an - Using ./from_boomerang/loop/ia32_elf_by_boomerang/subject.exe as executable
read image                              : ............................................................ [ done ]
INFO  fG - Detected ELF (Executable and Linkable Format)
INFO  ks - reading info from ./from_boomerang/loop/ia32_elf_by_boomerang/input.info
INFO  ks - wrote ./from_boomerang/loop/ia32_elf_by_boomerang/input.info.canonFormat
INFO  fG - disassembleAndWrite: start a new loop with 1 extra block starts
Disassemble                             : ............................................................ [ done ]
INFO  fG - disassembleAndWrite: running multiline
INFO  ks - wrote ./from_boomerang/loop/ia32_elf_by_boomerang/input.info
Preprocessing 172 asm lines             : ............................................................ [ done ]
INFO  ks - wrote ./from_boomerang/loop/ia32_elf_by_boomerang/input.info
INFO  fG - disassembleAndWrite: found 1 new addresses
INFO  fG - disassembleAndWrite: start a new loop with 2 extra block starts
Disassemble                             : ............................................................ [ done ]
INFO  fG - disassembleAndWrite: running multiline
INFO  ks - wrote ./from_boomerang/loop/ia32_elf_by_boomerang/input.info
Preprocessing 172 asm lines             : ............................................................ [ done ]
INFO  ks - wrote ./from_boomerang/loop/ia32_elf_by_boomerang/input.info
INFO  fG - disassembleAndWrite: found no new addresses. will stop now.
INFO  ks - wrote ./from_boomerang/loop/ia32_elf_by_boomerang/input.info
Preprocessing 189 asm lines             : ............................................................ [ done ]
INFO  ks - wrote ./from_boomerang/loop/ia32_elf_by_boomerang/input.info
INFO  fG - reading all asm lines ...
INFO  fG - ... read 189 asm lines
WARN  w - Address 00000000.0 is excluded by the address filter. Maybe outside text section?
WARN  w - Address 080480f4.0 is excluded by the address filter. Maybe outside text section?
WARN  w - Address 08048420.0 is excluded by the address filter. Maybe outside text section?
create blocks                           : ............................WARN  ag - Referencing unknown line 00000000.0
.......WARN  ag - Referencing unknown line 00000000.0
..WARN  ag - Referencing unknown line 00000000.0
....................... [ done ]
init blocks                             : ............................................................ [ done ]
Writing 13 methods to cache             : ............................................................ [ done ]
INFO  an - will decompile 1 functions
decompile main                          : .WARN  ag - Referencing unknown line 08048268.0
..INFO  fO - Skipping stack alignment: 08048396.0+3 l.and esp,0xfffffff0
...................................WARN  d - may result in wrong values
WARN  d -   reg_pp4 = PHI(reg_20_local2, reg_20_local0) in Block1
WARN  d -   reg_20_local2 = ADD(reg_pp4, 1) in Block2
..................WARN  ie - Use of StatementExpressionOccurrence{blockId=3, statementIndex=0, statement=(void) F_CALL(printf, "%i\n", reg_var1), inLhs=false, inRhs=true} is not before StatementExpressionOccurrence{blockId=15, statementIndex=0, statement=reg_var1 = ADD(reg_var1, 1), inLhs=true, inRhs=false}
.... [ done ]
