INFO  an - ### holdec 1.1 Copyright 2003-2012 Raimar Falke
INFO  an - Using ./from_boomerang/loop/ia32_elf_by_boomerang/subject.exe as executable
read image                              : ............................................................ [ done ]
INFO  fG - Detected ELF (Executable and Linkable Format)
INFO  ks - wrote ./from_boomerang/loop/ia32_elf_by_boomerang/subject.exe.info
INFO  fG - disassembleAndWrite: start a new loop with 1 extra block starts
Disassemble                             : ............................................................ [ done ]
INFO  fG - disassembleAndWrite: running multiline
INFO  ks - wrote ./from_boomerang/loop/ia32_elf_by_boomerang/subject.exe.info
Preprocessing 172 asm lines             : ............................................................ [ done ]
INFO  ks - wrote ./from_boomerang/loop/ia32_elf_by_boomerang/subject.exe.info
INFO  fG - disassembleAndWrite: found 1 new addresses
INFO  fG - disassembleAndWrite: start a new loop with 2 extra block starts
Disassemble                             : ............................................................ [ done ]
INFO  fG - disassembleAndWrite: running multiline
INFO  ks - wrote ./from_boomerang/loop/ia32_elf_by_boomerang/subject.exe.info
Preprocessing 172 asm lines             : ............................................................ [ done ]
INFO  ks - wrote ./from_boomerang/loop/ia32_elf_by_boomerang/subject.exe.info
INFO  fG - disassembleAndWrite: found no new addresses. will stop now.
INFO  ks - wrote ./from_boomerang/loop/ia32_elf_by_boomerang/subject.exe.info
Preprocessing 189 asm lines             : ............................................................ [ done ]
INFO  ks - wrote ./from_boomerang/loop/ia32_elf_by_boomerang/subject.exe.info
INFO  fG - reading all asm lines ...
INFO  fG - ... read 189 asm lines
WARN  w - Address 00000000.0 is excluded by the address filter. Maybe outside text section?
WARN  w - Address 080480f4.0 is excluded by the address filter. Maybe outside text section?
WARN  w - Address 08048420.0 is excluded by the address filter. Maybe outside text section?
create blocks                           : ............................WARN  ag - Referencing unknown line 00000000.0
.......WARN  ag - Referencing unknown line 00000000.0
..WARN  ag - Referencing unknown line 00000000.0
....................... [ done ]
init blocks                             : ............................................................ [ done ]
Writing 13 methods to cache             : ............................................................ [ done ]
INFO  an - will decompile 6 functions
decompile printf                        : .... failed: Block L0 calls block L1 which isn't available
decompile F_08048280                    : .WARN  ag - Referencing unknown line 08048258.0
..INFO  fO - Skipping stack alignment: 08048285.0+3 l.and esp,0xfffffff0
......................................................... [ done ]
decompile F_080482ae                    : ............................................................ [ done ]
decompile F_0804833d                    : .WARN  ag - Referencing unknown line 00000000.0
WARN  ag - Referencing unknown line 00000000.0
........................................................... [ done ]
decompile main                          : .WARN  ag - Referencing unknown line 08048268.0
..INFO  fO - Skipping stack alignment: 08048396.0+3 l.and esp,0xfffffff0
...................................WARN  d - may result in wrong values
WARN  d -   reg_pp4 = PHI(reg_20_local2, reg_20_local0) in Block1
WARN  d -   reg_20_local2 = ADD(reg_pp4, 1) in Block2
...................... [ done ]
decompile F_0804840a                    : .WARN  ag - Referencing unknown line 080482d0.0
........................................................... [ done ]
