INFO  holdec.an - ### holdec 1.1 Copyright 2003-2012 Raimar Falke
INFO  holdec.an - Using ./from_boomerang/loop/ia32_elf_by_boomerang/subject.exe as executable
INFO  holdec.fG - Detected ELF (Executable and Linkable Format)
INFO  holdec.ks - reading info from ./from_boomerang/loop/ia32_elf_by_boomerang/input.info
INFO  holdec.ks - wrote ./from_boomerang/loop/ia32_elf_by_boomerang/input.info.canonFormat
INFO  holdec.fG - disassembleAndWrite: start a new loop with 1 extra block starts
INFO  holdec.fG - disassembleAndWrite: running multiline
INFO  holdec.ks - wrote ./from_boomerang/loop/ia32_elf_by_boomerang/input.info
INFO  holdec.ks - wrote ./from_boomerang/loop/ia32_elf_by_boomerang/input.info
INFO  holdec.fG - disassembleAndWrite: found 1 new addresses
INFO  holdec.fG - disassembleAndWrite: start a new loop with 2 extra block starts
INFO  holdec.fG - disassembleAndWrite: running multiline
INFO  holdec.ks - wrote ./from_boomerang/loop/ia32_elf_by_boomerang/input.info
INFO  holdec.ks - wrote ./from_boomerang/loop/ia32_elf_by_boomerang/input.info
INFO  holdec.fG - disassembleAndWrite: found no new addresses. will stop now.
INFO  holdec.ks - wrote ./from_boomerang/loop/ia32_elf_by_boomerang/input.info
INFO  holdec.ks - wrote ./from_boomerang/loop/ia32_elf_by_boomerang/input.info
INFO  holdec.fG - reading all asm lines ...
INFO  holdec.fG - ... read 189 asm lines
WARN  holdec.w - Address 00000000.0 is excluded by the address filter. Maybe outside text section?
WARN  holdec.w - Address 080480f4.0 is excluded by the address filter. Maybe outside text section?
WARN  holdec.w - Address 08048420.0 is excluded by the address filter. Maybe outside text section?
WARN  holdec.ag - Referencing unknown line 00000000.0
WARN  holdec.ag - Referencing unknown line 00000000.0
WARN  holdec.ag - Referencing unknown line 00000000.0
INFO  holdec.an - will decompile 1 functions
WARN  holdec.ag - Referencing unknown line 08048268.0
INFO  holdec.fO - Skipping stack alignment: 08048396.0+3 l.and esp,0xfffffff0
WARN  holdec.d - may result in wrong values
WARN  holdec.d -   reg_pp4 = PHI(reg_20_local2, reg_20_local0) in Block1
WARN  holdec.d -   reg_20_local2 = ADD(reg_pp4, 1) in Block2
WARN  holdec.ie - Use of StatementExpressionOccurrence{blockId=3, statementIndex=0, statement=(void) F_CALL(printf, "%i\n", reg_var1), inLhs=false, inRhs=true} is not before StatementExpressionOccurrence{blockId=15, statementIndex=0, statement=reg_var1 = ADD(reg_var1, 1), inLhs=true, inRhs=false}
