[I] JEB 4.11.0.202201181921 (jeb-ce) is starting...
[I] Current directory: SUBJECTS
[I] Base directory: JEBDIR
[I] System: Mac OS X 12.2 (aarch64) de_DE
[I] Java: Homebrew 17.0.1
[I] Memory Usage: 39.2M used (224.8M free, 6.0G max)
[I] Initializing Jython, please wait...
Processing file: SUBJECTS/from_snowman/other-015-stdcall_msvc/ia32_coff/subject.exe...
[I] {subject.exe > subject.exe > x86 image}: Detected compiler: Microsoft Visual Studio
[I] {subject.exe > subject.exe > x86 image}: Initial native analysis styles: code gaps: PROLOGUES_ONLY, data gaps: DEFAULT
[I] {subject.exe > subject.exe > x86 image}: Analysis completed (0s)
[I] {subject.exe > subject.exe > x86 image}: MSVC RTTI memory scanner: cannot find sections to scan
[I] {subject.exe > subject.exe > x86 image}: Initial analysis created 3 methods
Output folder: jeb_output
  0/  3: Method: _g@16
  1/  3: 1/3: _g@16 (DONE:103ms)
  1/  3: Method: _h
  2/  3: 2/3: _h (DONE:12ms)
  2/  3: Method: _f
  3/  3: 3/3: _f (DONE:91ms)
Exectime: 0.222000 sec
[I] Done.
