
Database SUBJECTS/from_internet/ioli_crackmes/crackme0x08/ia32_elf/subject.exe.idb already exists.
Do you want to overwrite it? -> ~L~oad existing

  bytes   pages size description
--------- ----- ---- --------------------------------------------
   524288    64 8192 allocating memory for b-tree...
    65536     8 8192 allocating memory for virtual array...
   262144    32 8192 allocating memory for name pointers...
-----------------------------------------------------------------
   851968            total memory allocated

Loading processor module IDADIR/procs/pc.so for metapc...Initializing processor module metapc...OK
Loading type libraries...
Autoanalysis subsystem has been initialized.
Database for file 'subject.exe' has been loaded.
Hex-Rays Decompiler plugin has been loaded (v7.6.0.210427)
  The hotkeys are F5: decompile, Ctrl-F5: decompile all.

  Please check the Edit/Plugins menu for more informaton.
=== start of cleanup script -> OK
  function at 08048360  LIB  with name '.init_proc'
  function at 08048378       with name 'sub_8048378'
  function at 08048388  LIB  with name '.__libc_start_main'
  function at 08048398       with name '.scanf'
  function at 080483A8       with name '.strlen'
  function at 080483B8       with name '.printf'
  function at 080483C8       with name '.sscanf'
  function at 080483D8       with name '.strncmp'
  function at 080483E8       with name '.exit'
  function at 08048400  LIB  with name '_start'
  function at 08048424       with name 'sub_8048424'
  function at 08048450  LIB  with name '__do_global_dtors_aux'
  function at 08048480  LIB  with name 'frame_dummy'
  function at 080484B4       with name 'dummy'
  function at 08048524       with name 'che'
  function at 08048542       with name 'parell'
  function at 080485B9       with name 'check'
  function at 0804867D       with name 'main'
  function at 080486E0  LIB  with name '__libc_csu_init'
  function at 08048750  LIB  with name '__libc_csu_fini'
  function at 08048755       with name '__i686.get_pc_thunk.bx'
  function at 08048760  LIB  with name '__do_global_ctors_aux'
  function at 08048784  LIB  with name '.term_proc'
  function at 0804A034  LIB  with name '__libc_start_main'
  function at 0804A038       with name 'scanf'
  function at 0804A03C       with name 'strlen'
  function at 0804A040       with name 'printf'
  function at 0804A044       with name 'sscanf'
  function at 0804A048       with name 'strncmp'
  function at 0804A04C       with name 'exit'
finished -> OK
TIMESTAMP decompiling 8048378 size=0000000C times=0...
The decompiler assumes that the segment '.got.plt' is read-only because of its NAME.
All data references to the segment will be replaced by constant values.
This may lead to drastic changes in the decompiler output.
If the segment is not read-only, please change the segment NAME.

In general, the decompiler checks the segment permissions, class, and name
to determine if it is read-only.
 -> OK
TIMESTAMP decompiling 8048424 size=00000021 times=0...
The decompiler assumes that the segment '.got' is read-only because of its NAME.
All data references to the segment will be replaced by constant values.
This may lead to drastic changes in the decompiler output.
If the segment is not read-only, please change the segment NAME.

In general, the decompiler checks the segment permissions, class, and name
to determine if it is read-only.
 -> OK
TIMESTAMP decompiling 80484B4 size=00000070 times=0...
TIMESTAMP decompiling 8048524 size=0000001E times=0...
TIMESTAMP decompiling 8048542 size=00000077 times=0...
TIMESTAMP decompiling 80485B9 size=000000C4 times=0...
TIMESTAMP decompiling 804867D size=0000005C times=0...
TIMESTAMP The application has been completely decompiled.
Flushing buffers, please wait...ok
Unloading IDP module IDADIR/procs/pc.so...
