INFO  holdec.an - ### holdec 1.1 Copyright 2003-2012 Raimar Falke
INFO  holdec.an - Using ./from_boomerang/bswap/ia32_elf_by_boomerang/subject.exe as executable
INFO  holdec.fG - Detected ELF (Executable and Linkable Format)
INFO  holdec.ks - wrote ./from_boomerang/bswap/ia32_elf_by_boomerang/subject.exe.info
INFO  holdec.fG - disassembleAndWrite: start a new loop with 1 extra block starts
INFO  holdec.fG - disassembleAndWrite: running multiline
INFO  holdec.ks - wrote ./from_boomerang/bswap/ia32_elf_by_boomerang/subject.exe.info
INFO  holdec.ks - wrote ./from_boomerang/bswap/ia32_elf_by_boomerang/subject.exe.info
INFO  holdec.fG - disassembleAndWrite: found no new addresses. will stop now.
INFO  holdec.ks - wrote ./from_boomerang/bswap/ia32_elf_by_boomerang/subject.exe.info
INFO  holdec.ks - wrote ./from_boomerang/bswap/ia32_elf_by_boomerang/subject.exe.info
INFO  holdec.fG - reading all asm lines ...
INFO  holdec.fG - ... read 237 asm lines
WARN  holdec.w - Address 08048114.0 is excluded by the address filter. Maybe outside text section?
WARN  holdec.w - Address 08048484.0 is excluded by the address filter. Maybe outside text section?
INFO  holdec.an - will decompile 8 functions
WARN  holdec.ag - Referencing unknown line 08048370.0
WARN  holdec.ag - Referencing unknown line 080482b0.0
INFO  holdec.fO - Skipping stack alignment: 08048380.0+3 l.and esp,0xfffffff0
WARN  holdec.ag - Referencing unknown line 08048278.0
ERROR holdec.ie - Caught an Exception while trying to construct regions. Will dump blocks and regions (if available).
java.lang.AssertionError
	at holdec.ie.b(Unknown Source)
	at holdec.ie.a(Unknown Source)
	at holdec.ie.a(Unknown Source)
	at holdec.ie.a(Unknown Source)
	at holdec.dQ.e(Unknown Source)
	at holdec.eQ.a(Unknown Source)
	at holdec.eI.a(Unknown Source)
	at holdec.dQ.a(Unknown Source)
	at holdec.fG.a(Unknown Source)
	at holdec.an.a(Unknown Source)
	at holdec.an.<init>(Unknown Source)
	at sun.reflect.NativeConstructorAccessorImpl.newInstance0(Native Method)
	at sun.reflect.NativeConstructorAccessorImpl.newInstance(NativeConstructorAccessorImpl.java:57)
	at sun.reflect.DelegatingConstructorAccessorImpl.newInstance(DelegatingConstructorAccessorImpl.java:45)
	at java.lang.reflect.Constructor.newInstance(Constructor.java:532)
	at holdec.Holdec.main(Unknown Source)
WARN  holdec.ag - Referencing unknown line 08048468.0
ERROR holdec.ie - Caught an Exception while trying to construct regions. Will dump blocks and regions (if available).
java.lang.RuntimeException: Block L2 is unused: called=[] isEntry=false isIncluded=false
	at holdec.bc.b(Unknown Source)
	at holdec.bc.a(Unknown Source)
	at holdec.ie.e(Unknown Source)
	at holdec.ie.b(Unknown Source)
	at holdec.ie.a(Unknown Source)
	at holdec.dQ.e(Unknown Source)
	at holdec.eQ.a(Unknown Source)
	at holdec.eI.a(Unknown Source)
	at holdec.dQ.a(Unknown Source)
	at holdec.fG.a(Unknown Source)
	at holdec.an.a(Unknown Source)
	at holdec.an.<init>(Unknown Source)
	at sun.reflect.NativeConstructorAccessorImpl.newInstance0(Native Method)
	at sun.reflect.NativeConstructorAccessorImpl.newInstance(NativeConstructorAccessorImpl.java:57)
	at sun.reflect.DelegatingConstructorAccessorImpl.newInstance(DelegatingConstructorAccessorImpl.java:45)
	at java.lang.reflect.Constructor.newInstance(Constructor.java:532)
	at holdec.Holdec.main(Unknown Source)
WARN  holdec.ag - Referencing unknown line 08048308.0
