Using options:
08048434: error: Indirect call rewriter encountered an error while processing the statement call Mem0[ebx_13 - 0x000000E0 + esi_21 * 0x00000004:word32] (retsize: 4; depth: 16)	uses: C_20,dwLoc04_4,dwLoc08_8,dwLoc0C_11,eax_15,ebp_5,ebx_13,ecx_17,edx,esi_21,esp_9,SCZO,SZO_18,Z_19	defs: C_46,eax_44,ebp_39,ebx_41,ecx_43,edx_48,esi_40,esp_38,SCZO_42,SZO_45,Z_47.
    Pulling difference ptr32 and ptr32
      at Reko.Core.Expressions.ExpressionTypeAscenderBase.PullDiffDataType (Reko.Core.Types.DataType dtLeft, Reko.Core.Types.DataType dtRight) <0x419ef6a0 + 0x00147> in <filename unknown>:0 
  at Reko.Core.Expressions.ExpressionTypeAscenderBase.VisitBinaryExpression (Reko.Core.Expressions.BinaryExpression binExp) <0x419eefe0 + 0x000eb> in <filename unknown>:0 
  at Reko.Core.Expressions.BinaryExpression.Accept[T] (ExpressionVisitor`1 v) <0x419876a0 + 0x00030> in <filename unknown>:0 
  at Reko.Core.Expressions.ExpressionTypeAscenderBase.VisitBinaryExpression (Reko.Core.Expressions.BinaryExpression binExp) <0x419eefe0 + 0x00044> in <filename unknown>:0 
  at Reko.Core.Expressions.BinaryExpression.Accept[T] (ExpressionVisitor`1 v) <0x419876a0 + 0x00030> in <filename unknown>:0 
  at Reko.Core.Expressions.ExpressionTypeAscenderBase.VisitBinaryExpression (Reko.Core.Expressions.BinaryExpression binExp) <0x419eefe0 + 0x00044> in <filename unknown>:0 
  at Reko.Core.Expressions.BinaryExpression.Accept[T] (ExpressionVisitor`1 v) <0x419876a0 + 0x00030> in <filename unknown>:0 
  at Reko.Core.Expressions.ExpressionTypeAscenderBase.VisitBinaryExpression (Reko.Core.Expressions.BinaryExpression binExp) <0x419eefe0 + 0x00044> in <filename unknown>:0 
  at Reko.Core.Expressions.BinaryExpression.Accept[T] (ExpressionVisitor`1 v) <0x419876a0 + 0x00030> in <filename unknown>:0 
  at Reko.Core.Expressions.ExpressionTypeAscenderBase.VisitBinaryExpression (Reko.Core.Expressions.BinaryExpression binExp) <0x419eefe0 + 0x00065> in <filename unknown>:0 
  at Reko.Core.Expressions.BinaryExpression.Accept[T] (ExpressionVisitor`1 v) <0x419876a0 + 0x00030> in <filename unknown>:0 
  at Reko.Core.Expressions.ExpressionTypeAscenderBase.VisitMemoryAccessCommon (Reko.Core.Expressions.Expression access, Reko.Core.Expressions.Expression ea) <0x419eca40 + 0x0003a> in <filename unknown>:0 
  at Reko.Core.Expressions.ExpressionTypeAscenderBase.VisitMemoryAccess (Reko.Core.Expressions.MemoryAccess access) <0x419eca00 + 0x00027> in <filename unknown>:0 
  at Reko.Core.Expressions.MemoryAccess.Accept[T] (ExpressionVisitor`1 v) <0x4198c7e0 + 0x00030> in <filename unknown>:0 
  at Reko.Analysis.IndirectCallRewriter.RewriteCall (Reko.Core.Statement stm, Reko.Core.Code.CallInstruction call) <0x419ec3b0 + 0x00056> in <filename unknown>:0 
  at Reko.Analysis.IndirectCallRewriter.Rewrite () <0x419e2c60 + 0x0012b> in <filename unknown>:0 
080483E7: error: An error occurred while processing the statement branch 0x00000000 >=u 0x08049660 - 0x08049660 >> 0x00000002 l080483F8.
    Pulling difference ptr32 and ptr32
      at Reko.Core.Expressions.ExpressionTypeAscenderBase.PullDiffDataType (Reko.Core.Types.DataType dtLeft, Reko.Core.Types.DataType dtRight) <0x419ef6a0 + 0x00147> in <filename unknown>:0 
  at Reko.Core.Expressions.ExpressionTypeAscenderBase.VisitBinaryExpression (Reko.Core.Expressions.BinaryExpression binExp) <0x419eefe0 + 0x000eb> in <filename unknown>:0 
  at Reko.Core.Expressions.BinaryExpression.Accept[T] (ExpressionVisitor`1 v) <0x419876a0 + 0x00030> in <filename unknown>:0 
  at Reko.Core.Expressions.ExpressionTypeAscenderBase.VisitBinaryExpression (Reko.Core.Expressions.BinaryExpression binExp) <0x419eefe0 + 0x00044> in <filename unknown>:0 
  at Reko.Core.Expressions.BinaryExpression.Accept[T] (ExpressionVisitor`1 v) <0x419876a0 + 0x00030> in <filename unknown>:0 
  at Reko.Core.Expressions.ExpressionTypeAscenderBase.VisitBinaryExpression (Reko.Core.Expressions.BinaryExpression binExp) <0x419eefe0 + 0x00065> in <filename unknown>:0 
  at Reko.Core.Expressions.BinaryExpression.Accept[T] (ExpressionVisitor`1 v) <0x419876a0 + 0x00030> in <filename unknown>:0 
  at Reko.Typing.TypeCollector.VisitBranch (Reko.Core.Code.Branch branch) <0x41a09930 + 0x00031> in <filename unknown>:0 
  at Reko.Core.Code.Branch.Accept (InstructionVisitor v) <0x419b0c50 + 0x00027> in <filename unknown>:0 
  at Reko.Typing.TypeCollector.CollectTypes () <0x41a049e0 + 0x00289> in <filename unknown>:0 
080483EC: error: An error occurred while processing the statement call Mem0[0x08049660 + 0x08049580:word32] (retsize: 4; depth: 32)	uses: C_25,dwLoc04_4,dwLoc08_8,dwLoc0C_11,dwLoc10_14,ebp_5,ebx_17,ecx_20,edi_43,edx_23,esi_22,esp_15,None,SCZO_24,SZO	defs: C_54,ebp_46,ebx_49,ecx_52,edi_47,edx_51,esi_48,esp_45,None_55,SCZO_50,SZO_53.
    Specified cast is not valid.
      at Reko.Typing.ExpressionTypeDescender.VisitMemoryAccess (Reko.Core.Expressions.Expression basePointer, Reko.Core.Types.TypeVariable tvAccess, Reko.Core.Expressions.Expression effectiveAddress, Reko.Core.Expressions.Expression globals) <0x41a07720 + 0x000e4> in <filename unknown>:0 
  at Reko.Typing.ExpressionTypeDescender.VisitMemoryAccess (Reko.Core.Expressions.MemoryAccess access, Reko.Core.Types.TypeVariable tv) <0x41a076d0 + 0x00033> in <filename unknown>:0 
  at Reko.Core.Expressions.MemoryAccess.Accept[T,C] (ExpressionVisitor`2 v, Reko.Core.Expressions.C context) <0x41a07650 + 0x00031> in <filename unknown>:0 
  at Reko.Typing.TypeCollector.VisitCallInstruction (Reko.Core.Code.CallInstruction call) <0x41a07430 + 0x0010c> in <filename unknown>:0 
  at Reko.Core.Code.CallInstruction.Accept (InstructionVisitor v) <0x419aef50 + 0x00027> in <filename unknown>:0 
  at Reko.Typing.TypeCollector.CollectTypes () <0x41a049e0 + 0x00289> in <filename unknown>:0 
0804841D: error: An error occurred while processing the statement word32 ecx_16 = 0x08049660 - 0x08049660.
    Pulling difference ptr32 and ptr32
      at Reko.Core.Expressions.ExpressionTypeAscenderBase.PullDiffDataType (Reko.Core.Types.DataType dtLeft, Reko.Core.Types.DataType dtRight) <0x419ef6a0 + 0x00147> in <filename unknown>:0 
  at Reko.Core.Expressions.ExpressionTypeAscenderBase.VisitBinaryExpression (Reko.Core.Expressions.BinaryExpression binExp) <0x419eefe0 + 0x000eb> in <filename unknown>:0 
  at Reko.Core.Expressions.BinaryExpression.Accept[T] (ExpressionVisitor`1 v) <0x419876a0 + 0x00030> in <filename unknown>:0 
  at Reko.Typing.TypeCollector.VisitDeclaration (Reko.Core.Code.Declaration decl) <0x41a072e0 + 0x0004a> in <filename unknown>:0 
  at Reko.Core.Code.Declaration.Accept (InstructionVisitor v) <0x419fb2a0 + 0x00027> in <filename unknown>:0 
  at Reko.Typing.TypeCollector.CollectTypes () <0x41a049e0 + 0x00289> in <filename unknown>:0 
