Possible file format: ELF64 for x86-64 (Executable) (IDADIR/loaders/elf64.so)

  bytes   pages size description
--------- ----- ---- --------------------------------------------
   524288    64 8192 allocating memory for b-tree...
    65536     8 8192 allocating memory for virtual array...
   262144    32 8192 allocating memory for name pointers...
-----------------------------------------------------------------
   851968            total memory allocated

Loading file 'SUBJECTS/from_holdec/linux_syscall_syscall/x64_elf/subject.exe' into database...
Detected file format: ELF64 for x86-64 (Executable)
Loading processor module IDADIR/procs/pc64.so for metapc...Initializing processor module metapc...OK
Autoanalysis subsystem has been initialized.
  0. Creating a new segment  (0000000000401000-0000000000401027) ... ... OK
  1. Creating a new segment  (0000000000402000-000000000040200E) ... ... OK
     Deleting segment        (0000000000401000-0000000000401027) ...
  1. Creating a new segment  (0000000000401000-0000000000401027) ... ... OK
     Deleting segment        (0000000000402000-000000000040200E) ...
  1. Creating a new segment  (0000000000402000-000000000040200E) ... ... OK
Assuming __fastcall calling convention by default
Type library 'gnulnx_x64' loaded. Applying types...
Types applied to 0 names.
Marking typical code sequences...
Flushing buffers, please wait...ok
File 'SUBJECTS/from_holdec/linux_syscall_syscall/x64_elf/subject.exe' has been successfully loaded into the database.
Hex-Rays Decompiler plugin has been loaded (v7.5.0.201028)
  The hotkeys are F5: decompile, Ctrl-F5: decompile all.
  Please check the Edit/Plugins menu for more informaton.
IDAPython Hex-Rays bindings initialized.
IDA is analysing the input file...
You may start to explore the input file right now.
Propagating type information...
Function argument information has been propagated
The initial autoanalysis has been finished.
Flushing buffers, please wait...ok
TIMESTAMP decompiling 401000 size=0000000000000027 times=0...
TIMESTAMP The application has been completely decompiled.
Unloading IDP module IDADIR/procs/pc64.so...
