Boomerang alpha 0.3.1 09/Sep/2006
loading...
decoding entry point...
Error: no entry for `POP.DS' in RTL dictionary
ERROR: unknown instruction POPDS at 0x260, ignoring.
decoding anything undecoded...
finishing decode...
found 1 procs
decompiling...
decompiling entry point proc1
 considering proc1
 decompiling proc1
global type analysis for proc1
generating code...
WARNING: no out edge for this BB in proc1:
Invalid BB:
in edges: 
out edges: 
00000000

output written to _output/subject
completed in some time
