Running phase: Unpacking ( some time )
No matching plugins found for 'GCC 4.6.3'
Running phase: Initialization ( some time )
Running phase: Providers initialization ( some time )
Running phase: Input binary to LLVM IR decoding ( some time )
Running phase: LLVM ( some time )
Running phase: x86 address spaces optimization ( some time )
Running phase: x87 fpu register analysis ( some time )
Running phase: Main function identification optimization ( some time )
Running phase: Libgcc idioms optimization ( some time )
Running phase: LLVM instruction optimization ( some time )
Running phase: Conditional branch optimization ( some time )
Running phase: Syscalls optimization ( some time )
Running phase: Stack optimization ( some time )
Running phase: Constants optimization ( some time )
Running phase: Function parameters and returns optimization ( some time )
Running phase: LLVM instruction optimization using RDA ( some time )
Running phase: LLVM instruction optimization ( some time )
Running phase: Simple types recovery optimization ( some time )
Running phase: Disassembly generation ( some time )
Running phase: Assembly mapping instruction removal ( some time )
Running phase: C++ class hierarchy optimization ( some time )
Running phase: Selected functions optimization ( some time )
Running phase: Unreachable functions optimization ( some time )
Running phase: LLVM instruction optimization ( some time )
Running phase: Make all registers local ( some time )
Running phase: Value protection optimization ( some time )
Running phase: LLVM ( some time )
Running phase: LLVM instruction optimization ( some time )
Running phase: Simple types recovery optimization ( some time )
Running phase: Stack pointer operations optimization ( some time )
Running phase: Instruction idioms optimization ( some time )
Running phase: LLVM ( some time )
Running phase: LLVM instruction optimization ( some time )
Running phase: Instruction idioms optimization ( some time )
Running phase: Phi removal ( some time )
Running phase: LLVM ( some time )
Running phase: Value protection optimization ( some time )
Running phase: Generate the current LLVM IR ( some time )
Running phase: Generate the current bitcode ( some time )
Running phase: LLVM IR -> HLL ( some time )
Running phase: initialization ( some time )
 -> loading the input config ( some time )
 -> creating the used HLL writer [c] ( some time )
 -> creating the used alias analysis [simple] ( some time )
 -> creating the used call info obtainer [optim] ( some time )
 -> creating the used evaluator of arithmetical expressions [c] ( some time )
 -> creating the used variable names generator [fruit] ( some time )
 -> creating the used variable renamer [readable] ( some time )
 -> creating the used semantics [libc,gcc-general,win-api] ( some time )
Running phase: conversion of LLVM IR into BIR ( some time )
 -> converting global variables ( some time )
 -> converting function _init ( some time )
 -> converting function function_80494d0 ( some time )
 -> converting function function_80494dc ( some time )
 -> converting function function_80494e6 ( some time )
 -> converting function function_80494f0 ( some time )
 -> converting function function_80494f6 ( some time )
 -> converting function function_8049500 ( some time )
 -> converting function function_8049506 ( some time )
 -> converting function function_8049510 ( some time )
 -> converting function function_8049516 ( some time )
 -> converting function function_8049520 ( some time )
 -> converting function function_8049526 ( some time )
 -> converting function function_8049530 ( some time )
 -> converting function function_8049536 ( some time )
 -> converting function function_8049540 ( some time )
 -> converting function function_8049546 ( some time )
 -> converting function function_8049550 ( some time )
 -> converting function function_8049556 ( some time )
 -> converting function function_8049560 ( some time )
 -> converting function function_8049566 ( some time )
 -> converting function function_8049570 ( some time )
 -> converting function function_8049576 ( some time )
 -> converting function function_8049580 ( some time )
 -> converting function function_8049586 ( some time )
 -> converting function function_8049590 ( some time )
 -> converting function function_8049596 ( some time )
 -> converting function function_80495a0 ( some time )
 -> converting function function_80495a6 ( some time )
 -> converting function function_80495b0 ( some time )
 -> converting function function_80495b6 ( some time )
 -> converting function free.2 ( some time )
 -> converting function function_80495c6 ( some time )
 -> converting function function_80495d0 ( some time )
 -> converting function function_80495d6 ( some time )
 -> converting function function_80495e0 ( some time )
 -> converting function function_80495e6 ( some time )
 -> converting function function_80495f0 ( some time )
 -> converting function function_80495f6 ( some time )
 -> converting function function_8049600 ( some time )
 -> converting function function_8049606 ( some time )
 -> converting function function_8049610 ( some time )
 -> converting function function_8049616 ( some time )
 -> converting function function_8049620 ( some time )
 -> converting function function_8049626 ( some time )
 -> converting function function_8049630 ( some time )
 -> converting function function_8049636 ( some time )
 -> converting function function_8049640 ( some time )
 -> converting function function_8049646 ( some time )
 -> converting function function_8049650 ( some time )
 -> converting function function_8049656 ( some time )
 -> converting function function_8049660 ( some time )
 -> converting function function_8049666 ( some time )
 -> converting function function_8049670 ( some time )
 -> converting function function_8049676 ( some time )
 -> converting function function_8049680 ( some time )
 -> converting function function_8049686 ( some time )
 -> converting function function_8049690 ( some time )
 -> converting function function_8049696 ( some time )
 -> converting function function_80496a0 ( some time )
 -> converting function function_80496a6 ( some time )
 -> converting function function_80496b0 ( some time )
 -> converting function function_80496b6 ( some time )
 -> converting function function_80496c0 ( some time )
 -> converting function function_80496c6 ( some time )
 -> converting function function_80496d0 ( some time )
 -> converting function function_80496d6 ( some time )
 -> converting function function_80496e0 ( some time )
 -> converting function function_80496e6 ( some time )
 -> converting function function_80496f0 ( some time )
 -> converting function function_80496f6 ( some time )
 -> converting function function_8049700 ( some time )
 -> converting function function_8049706 ( some time )
 -> converting function function_8049710 ( some time )
 -> converting function function_8049716 ( some time )
 -> converting function function_8049720 ( some time )
 -> converting function function_8049726 ( some time )
 -> converting function function_8049730 ( some time )
 -> converting function function_8049736 ( some time )
 -> converting function function_8049740 ( some time )
 -> converting function function_8049746 ( some time )
 -> converting function function_8049750 ( some time )
 -> converting function function_8049756 ( some time )
 -> converting function function_8049760 ( some time )
 -> converting function function_8049766 ( some time )
 -> converting function function_8049770 ( some time )
 -> converting function function_8049776 ( some time )
 -> converting function function_8049780 ( some time )
 -> converting function function_8049786 ( some time )
 -> converting function function_8049790 ( some time )
 -> converting function function_8049796 ( some time )
 -> converting function function_80497a0 ( some time )
 -> converting function function_80497a6 ( some time )
 -> converting function function_80497b0 ( some time )
 -> converting function function_80497b6 ( some time )
 -> converting function function_80497c0 ( some time )
 -> converting function function_80497c6 ( some time )
 -> converting function function_80497d0 ( some time )
 -> converting function function_80497d6 ( some time )
 -> converting function function_80497e0 ( some time )
 -> converting function function_80497e6 ( some time )
 -> converting function function_80497f0 ( some time )
 -> converting function function_80497f6 ( some time )
 -> converting function function_8049800 ( some time )
 -> converting function function_8049806 ( some time )
 -> converting function function_8049810 ( some time )
 -> converting function function_8049816 ( some time )
 -> converting function malloc.3 ( some time )
 -> converting function function_8049826 ( some time )
 -> converting function function_8049830 ( some time )
 -> converting function function_8049836 ( some time )
 -> converting function function_8049840 ( some time )
 -> converting function function_8049846 ( some time )
 -> converting function function_8049850 ( some time )
 -> converting function function_8049856 ( some time )
 -> converting function function_8049860 ( some time )
 -> converting function function_8049866 ( some time )
 -> converting function function_8049870 ( some time )
 -> converting function function_8049876 ( some time )
 -> converting function function_8049880 ( some time )
 -> converting function function_8049886 ( some time )
 -> converting function function_8049890 ( some time )
 -> converting function function_8049896 ( some time )
 -> converting function function_80498a0 ( some time )
 -> converting function function_80498a6 ( some time )
 -> converting function function_80498b0 ( some time )
 -> converting function function_80498b6 ( some time )
 -> converting function function_80498c0 ( some time )
 -> converting function function_80498c6 ( some time )
 -> converting function function_80498d0 ( some time )
 -> converting function function_80498d6 ( some time )
 -> converting function function_80498e0 ( some time )
 -> converting function function_80498e6 ( some time )
 -> converting function function_80498f0 ( some time )
 -> converting function function_80498f6 ( some time )
 -> converting function function_8049900 ( some time )
 -> converting function function_8049906 ( some time )
 -> converting function function_8049910 ( some time )
 -> converting function function_8049916 ( some time )
 -> converting function function_8049920 ( some time )
 -> converting function function_8049926 ( some time )
 -> converting function function_8049930 ( some time )
 -> converting function function_8049936 ( some time )
 -> converting function function_8049940 ( some time )
 -> converting function function_8049946 ( some time )
 -> converting function function_8049950 ( some time )
 -> converting function function_8049956 ( some time )
 -> converting function function_8049960 ( some time )
 -> converting function function_8049966 ( some time )
 -> converting function function_8049970 ( some time )
 -> converting function function_8049976 ( some time )
 -> converting function function_8049980 ( some time )
 -> converting function function_8049986 ( some time )
 -> converting function function_8049990 ( some time )
 -> converting function function_8049996 ( some time )
 -> converting function function_80499a0 ( some time )
 -> converting function function_80499a6 ( some time )
 -> converting function function_80499b0 ( some time )
 -> converting function function_80499b6 ( some time )
 -> converting function function_80499c0 ( some time )
 -> converting function function_80499c6 ( some time )
 -> converting function function_80499d0 ( some time )
 -> converting function function_80499d6 ( some time )
 -> converting function function_80499e0 ( some time )
 -> converting function function_80499e6 ( some time )
 -> converting function function_80499f0 ( some time )
 -> converting function function_80499f6 ( some time )
 -> converting function function_8049a00 ( some time )
 -> converting function function_8049a06 ( some time )
 -> converting function function_8049a10 ( some time )
 -> converting function function_8049a16 ( some time )
 -> converting function function_8049a20 ( some time )
 -> converting function function_8049a26 ( some time )
 -> converting function function_8049a30 ( some time )
 -> converting function function_8049a36 ( some time )
 -> converting function function_8049a40 ( some time )
 -> converting function function_8049a46 ( some time )
 -> converting function function_8049a50 ( some time )
 -> converting function function_8049a56 ( some time )
 -> converting function function_8049a60 ( some time )
 -> converting function function_8049a66 ( some time )
 -> converting function function_8049a70 ( some time )
 -> converting function function_8049a76 ( some time )
 -> converting function function_8049a80 ( some time )
 -> converting function function_8049a86 ( some time )
 -> converting function function_8049a90 ( some time )
 -> converting function function_8049a96 ( some time )
 -> converting function function_8049aa0 ( some time )
 -> converting function function_8049aa6 ( some time )
 -> converting function function_8049ab0 ( some time )
 -> converting function function_8049ab6 ( some time )
 -> converting function function_8049ac0 ( some time )
 -> converting function function_8049ac6 ( some time )
 -> converting function function_8049ad0 ( some time )
 -> converting function function_8049ad6 ( some time )
 -> converting function function_8049ae0 ( some time )
 -> converting function function_8049ae6 ( some time )
 -> converting function function_8049af0 ( some time )
 -> converting function function_8049af6 ( some time )
 -> converting function function_8049b00 ( some time )
 -> converting function function_8049b06 ( some time )
 -> converting function function_8049b10 ( some time )
 -> converting function function_8049b16 ( some time )
 -> converting function function_8049b20 ( some time )
 -> converting function function_8049b26 ( some time )
 -> converting function function_8049b30 ( some time )
 -> converting function function_8049b36 ( some time )
 -> converting function function_8049b40 ( some time )
 -> converting function function_8049b46 ( some time )
 -> converting function function_8049b50 ( some time )
 -> converting function function_8049b56 ( some time )
 -> converting function function_8049b60 ( some time )
 -> converting function function_8049b66 ( some time )
 -> converting function function_8049b70 ( some time )
 -> converting function function_8049b76 ( some time )
 -> converting function function_8049b80 ( some time )
 -> converting function entry_point ( some time )
 -> converting function function_804be60 ( some time )
 -> converting function function_804bec0 ( some time )
 -> converting function function_804bef0 ( some time )
 -> converting function function_804bf20 ( some time )
 -> converting function function_804bf70 ( some time )
 -> converting function function_804bf90 ( some time )
 -> converting function function_804c000 ( some time )
 -> converting function function_804c010 ( some time )
 -> converting function function_804c280 ( some time )
 -> converting function function_804c2b0 ( some time )
 -> converting function function_804c320 ( some time )
 -> converting function function_804c3f0 ( some time )
 -> converting function function_804c550 ( some time )
 -> converting function function_804c570 ( some time )
 -> converting function function_804c590 ( some time )
 -> converting function function_804c620 ( some time )
 -> converting function function_804c6b0 ( some time )
 -> converting function function_804c740 ( some time )
 -> converting function function_804c760 ( some time )
 -> converting function function_804c7f0 ( some time )
 -> converting function function_804c810 ( some time )
 -> converting function function_804c970 ( some time )
 -> converting function function_804ca20 ( some time )
 -> converting function function_804cae0 ( some time )
 -> converting function function_804cba0 ( some time )
 -> converting function function_804cbf0 ( some time )
 -> converting function function_804cf90 ( some time )
 -> converting function function_804d040 ( some time )
 -> converting function function_804d0f0 ( some time )
 -> converting function function_804d1a0 ( some time )
 -> converting function function_804d260 ( some time )
 -> converting function function_804d3a0 ( some time )
 -> converting function function_804d3f0 ( some time )
 -> converting function function_804d570 ( some time )
 -> converting function function_804d600 ( some time )
 -> converting function function_804d660 ( some time )
 -> converting function function_804d6b0 ( some time )
 -> converting function function_804d7a0 ( some time )
 -> converting function function_804d7e0 ( some time )
 -> converting function function_804d800 ( some time )
 -> converting function function_804d820 ( some time )
 -> converting function function_804d8b0 ( some time )
 -> converting function function_804d940 ( some time )
 -> converting function function_804d980 ( some time )
 -> converting function function_804d9d0 ( some time )
 -> converting function function_804d9f0 ( some time )
 -> converting function function_804df11 ( some time )
 -> converting function function_804df20 ( some time )
 -> converting function function_804df61 ( some time )
 -> converting function function_804df70 ( some time )
 -> converting function function_804e240 ( some time )
 -> converting function function_804eb40 ( some time )
 -> converting function function_804f7e0 ( some time )
 -> converting function function_804fa80 ( some time )
 -> converting function function_804fea0 ( some time )
 -> converting function function_804ff30 ( some time )
 -> converting function function_804ffc0 ( some time )
 -> converting function function_8050050 ( some time )
 -> converting function function_80500e0 ( some time )
 -> converting function function_80501a0 ( some time )
 -> converting function function_8050260 ( some time )
 -> converting function function_8050320 ( some time )
 -> converting function function_8050390 ( some time )
 -> converting function function_8050400 ( some time )
 -> converting function function_8050470 ( some time )
 -> converting function function_80504e0 ( some time )
 -> converting function function_8050590 ( some time )
 -> converting function function_8050640 ( some time )
 -> converting function function_80506f0 ( some time )
 -> converting function function_8050760 ( some time )
 -> converting function function_80507d0 ( some time )
 -> converting function function_8050840 ( some time )
 -> converting function function_80508b0 ( some time )
 -> converting function function_8050960 ( some time )
 -> converting function function_8050a10 ( some time )
 -> converting function function_8050ac0 ( some time )
 -> converting function function_8050b30 ( some time )
 -> converting function function_8050ba0 ( some time )
 -> converting function function_8050c10 ( some time )
 -> converting function function_8050c80 ( some time )
 -> converting function function_8050d30 ( some time )
 -> converting function function_8050de0 ( some time )
 -> converting function function_8050e90 ( some time )
 -> converting function function_8050f20 ( some time )
 -> converting function function_8050fb0 ( some time )
 -> converting function function_8051040 ( some time )
 -> converting function function_80510d0 ( some time )
 -> converting function function_80511c0 ( some time )
 -> converting function function_80512b0 ( some time )
 -> converting function function_80513a0 ( some time )
 -> converting function function_8051a10 ( some time )
 -> converting function function_8051aa0 ( some time )
 -> converting function function_8051b00 ( some time )
 -> converting function function_8051be0 ( some time )
 -> converting function function_8051bef ( some time )
 -> converting function function_8051c00 ( some time )
 -> converting function function_8051d10 ( some time )
 -> converting function function_8051db0 ( some time )
 -> converting function function_8051ee0 ( some time )
 -> converting function function_8051f60 ( some time )
 -> converting function function_8051fb0 ( some time )
 -> converting function function_8051fc0 ( some time )
 -> converting function function_8051fd0 ( some time )
 -> converting function function_80520b0 ( some time )
 -> converting function function_8052100 ( some time )
 -> converting function function_8052140 ( some time )
 -> converting function function_80522d0 ( some time )
 -> converting function function_80522e0 ( some time )
 -> converting function function_8052310 ( some time )
 -> converting function function_8052420 ( some time )
 -> converting function function_80524b0 ( some time )
 -> converting function function_8052840 ( some time )
 -> converting function function_8052890 ( some time )
 -> converting function function_8052900 ( some time )
 -> converting function function_8052910 ( some time )
 -> converting function function_8052920 ( some time )
 -> converting function function_8052950 ( some time )
 -> converting function function_8052a41 ( some time )
 -> converting function function_8052a50 ( some time )
 -> converting function function_8052b60 ( some time )
 -> converting function function_8052c10 ( some time )
 -> converting function function_8052d00 ( some time )
 -> converting function function_8052d10 ( some time )
 -> converting function function_8052d20 ( some time )
 -> converting function function_8052d30 ( some time )
 -> converting function function_8052d80 ( some time )
 -> converting function function_8052de0 ( some time )
 -> converting function function_8052ef0 ( some time )
 -> converting function function_8052f50 ( some time )
 -> converting function function_8052f90 ( some time )
 -> converting function function_8052ff0 ( some time )
 -> converting function function_8053050 ( some time )
 -> converting function function_80530d0 ( some time )
 -> converting function function_8053110 ( some time )
 -> converting function function_8053140 ( some time )
 -> converting function function_8053220 ( some time )
 -> converting function function_80532b0 ( some time )
 -> converting function function_8053370 ( some time )
 -> converting function function_80534f0 ( some time )
 -> converting function function_80536d0 ( some time )
 -> converting function function_8053710 ( some time )
 -> converting function function_8053850 ( some time )
 -> converting function function_8054660 ( some time )
 -> converting function function_8054860 ( some time )
 -> converting function function_8054900 ( some time )
 -> converting function function_80549f0 ( some time )
 -> converting function function_8054a90 ( some time )
 -> converting function function_8054b80 ( some time )
 -> converting function function_8054c60 ( some time )
 -> converting function function_8054ce0 ( some time )
 -> converting function function_80550c0 ( some time )
 -> converting function function_8055160 ( some time )
 -> converting function function_8055350 ( some time )
 -> converting function function_8055380 ( some time )
 -> converting function function_80555b0 ( some time )
 -> converting function function_80555d0 ( some time )
 -> converting function function_8055690 ( some time )
 -> converting function function_80556c0 ( some time )
 -> converting function function_80556e0 ( some time )
 -> converting function function_8055760 ( some time )
 -> converting function function_80563c0 ( some time )
 -> converting function function_8056410 ( some time )
 -> converting function function_8056421 ( some time )
 -> converting function function_8056430 ( some time )
 -> converting function function_8056450 ( some time )
 -> converting function function_80564b0 ( some time )
 -> converting function function_80564d0 ( some time )
 -> converting function function_8056510 ( some time )
 -> converting function function_8056590 ( some time )
 -> converting function function_8056680 ( some time )
 -> converting function function_80566b0 ( some time )
 -> converting function function_8056740 ( some time )
 -> converting function function_8056760 ( some time )
 -> converting function function_8056780 ( some time )
 -> converting function function_80567a0 ( some time )
 -> converting function function_80567d0 ( some time )
 -> converting function function_8056800 ( some time )
 -> converting function function_8056830 ( some time )
 -> converting function function_8056860 ( some time )
 -> converting function function_8056890 ( some time )
 -> converting function function_8056941 ( some time )
 -> converting function function_8056950 ( some time )
 -> converting function function_8056980 ( some time )
 -> converting function function_80569a0 ( some time )
 -> converting function function_80569d0 ( some time )
 -> converting function function_8056a80 ( some time )
 -> converting function function_8056ac0 ( some time )
 -> converting function function_8056af0 ( some time )
 -> converting function function_8056b30 ( some time )
 -> converting function function_8056b61 ( some time )
 -> converting function function_8056b70 ( some time )
 -> converting function function_8058320 ( some time )
 -> converting function function_8058370 ( some time )
 -> converting function function_80588d0 ( some time )
 -> converting function function_8058920 ( some time )
 -> converting function function_8058980 ( some time )
 -> converting function function_80589c0 ( some time )
 -> converting function function_8058a70 ( some time )
 -> converting function function_8058aa0 ( some time )
 -> converting function function_8058af0 ( some time )
 -> converting function function_8058b40 ( some time )
 -> converting function function_8058b70 ( some time )
 -> converting function function_8058ba0 ( some time )
 -> converting function function_8058bd0 ( some time )
 -> converting function function_8058c00 ( some time )
 -> converting function function_8058c50 ( some time )
 -> converting function function_8059090 ( some time )
 -> converting function function_8059140 ( some time )
 -> converting function function_80591f0 ( some time )
 -> converting function function_8059230 ( some time )
 -> converting function function_8059550 ( some time )
 -> converting function function_80595e0 ( some time )
 -> converting function function_8059670 ( some time )
 -> converting function function_8059700 ( some time )
 -> converting function function_8059790 ( some time )
 -> converting function function_8059840 ( some time )
 -> converting function function_80598a0 ( some time )
 -> converting function function_8059950 ( some time )
 -> converting function function_8059ac0 ( some time )
 -> converting function function_8059c90 ( some time )
 -> converting function function_8059dc0 ( some time )
 -> converting function function_8059f40 ( some time )
 -> converting function function_8059fa1 ( some time )
 -> converting function function_8059fb2 ( some time )
 -> converting function function_8059fc0 ( some time )
 -> converting function function_805a000 ( some time )
 -> converting function _fini ( some time )
Running phase: removing functions from standard libraries ( some time )
Running phase: removing code that is not reachable in a CFG ( some time )
Warning: [NonRecursiveCFGBuilder] there is no node for an edge to `var108 = *(var104)` -> skipping this edge
Warning: [NonRecursiveCFGBuilder] there is no node for an edge to `goto 0x804b625` -> skipping this edge
Warning: [NonRecursiveCFGBuilder] there is no node for an edge to `global_var_806234c = 0` -> skipping this edge
Warning: [NonRecursiveCFGBuilder] there is no node for an edge to `edi_4_reload = edi_4_reg2mem` -> skipping this edge
Warning: [NonRecursiveCFGBuilder] there is no node for an edge to `edi_4_reload = edi_4_reg2mem` -> skipping this edge
Warning: [NonRecursiveCFGBuilder] there is no node for an edge to `_79_reg2mem = _24_reload` -> skipping this edge
Warning: [NonRecursiveCFGBuilder] there is no node for an edge to `goto 0x804cd78` -> skipping this edge
Warning: [NonRecursiveCFGBuilder] there is no node for an edge to `edi_2_reload = edi_2_reg2mem` -> skipping this edge
Warning: [NonRecursiveCFGBuilder] there is no node for an edge to `function_804d9d0()` -> skipping this edge
Warning: [NonRecursiveCFGBuilder] there is no node for an edge to `goto 0x804e29e` -> skipping this edge
Warning: [NonRecursiveCFGBuilder] there is no node for an edge to `global_var_8062cbc = var160` -> skipping this edge
Warning: [NonRecursiveCFGBuilder] there is no node for an edge to `esi_0_reload = esi_0_reg2mem` -> skipping this edge
Warning: [NonRecursiveCFGBuilder] there is no node for an edge to `goto 0x80547a6` -> skipping this edge
Warning: [NonRecursiveCFGBuilder] there is no node for an edge to `var13 = (ecx_0_reload / 2)` -> skipping this edge
Warning: [NonRecursiveCFGBuilder] there is no node for an edge to `goto 0x80551d0` -> skipping this edge
Warning: [NonRecursiveCFGBuilder] there is no node for an edge to `stack_var_4_10_reg2mem = stack_var_4_0_ph_reload` -> skipping this edge
Warning: [NonRecursiveCFGBuilder] there is no node for an edge to `ebx_18_reload = ebx_18_reg2mem` -> skipping this edge
Warning: [NonRecursiveCFGBuilder] there is no node for an edge to `goto 0x8055bd9` -> skipping this edge
Warning: [NonRecursiveCFGBuilder] there is no node for an edge to `var78 = *(IntToPtrCastExpr<ptr>((var49 + var3)))` -> skipping this edge
Warning: [NonRecursiveCFGBuilder] there is no node for an edge to `goto 0x8055992` -> skipping this edge
Warning: [NonRecursiveCFGBuilder] there is no node for an edge to `while True:` -> skipping this edge
Warning: [NonRecursiveCFGBuilder] there is no node for an edge to `break` -> skipping this edge
Warning: [NonRecursiveCFGBuilder] there is no node for an edge to `stack_var__2d_1180_6_reg2mem = stack_var__2d_1180_0_ph_reload` -> skipping this edge
Warning: [NonRecursiveCFGBuilder] there is no node for an edge to `var113 = (((var67 * 16777216) / 16777216) + -1)` -> skipping this edge
Warning: [NonRecursiveCFGBuilder] there is no node for an edge to `goto 0x8057ffe` -> skipping this edge
Running phase: signed/unsigned types fixing ( some time )
Running phase: converting LLVM intrinsic functions to standard functions ( some time )
Running phase: obtaining debug information ( some time )
Running phase: alias analysis [simple] ( some time )
Running phase: optimizations [normal] ( some time )
 -> running GotoStmtOptimizer ( some time )
 -> running RemoveUselessCastsOptimizer ( some time )
 -> running UnusedGlobalVarOptimizer ( some time )
 -> running DeadLocalAssignOptimizer ( some time )
 -> running SimpleCopyPropagationOptimizer ( some time )
Warning: [NonRecursiveCFGBuilder] there is no node for an edge to `var108 = *(var104)` -> skipping this edge
Warning: [NonRecursiveCFGBuilder] there is no node for an edge to `goto 0x804b625` -> skipping this edge
Warning: [NonRecursiveCFGBuilder] there is no node for an edge to `global_var_806234c = 0` -> skipping this edge
Warning: [NonRecursiveCFGBuilder] there is no node for an edge to `while True:` -> skipping this edge
Warning: [NonRecursiveCFGBuilder] there is no node for an edge to `_79_reg2mem = _24_reload` -> skipping this edge
Warning: [NonRecursiveCFGBuilder] there is no node for an edge to `goto 0x804cd78` -> skipping this edge
Warning: [NonRecursiveCFGBuilder] there is no node for an edge to `edi_2_reload = edi_2_reg2mem` -> skipping this edge
Warning: [NonRecursiveCFGBuilder] there is no node for an edge to `function_804d9d0()` -> skipping this edge
Warning: [NonRecursiveCFGBuilder] there is no node for an edge to `goto 0x804e29e` -> skipping this edge
Warning: [NonRecursiveCFGBuilder] there is no node for an edge to `global_var_8062cbc = var160` -> skipping this edge
Warning: [NonRecursiveCFGBuilder] there is no node for an edge to `esi_0_reload = esi_0_reg2mem` -> skipping this edge
Warning: [NonRecursiveCFGBuilder] there is no node for an edge to `goto 0x80547a6` -> skipping this edge
Warning: [NonRecursiveCFGBuilder] there is no node for an edge to `var13 = (ecx_0_reload / 2)` -> skipping this edge
Warning: [NonRecursiveCFGBuilder] there is no node for an edge to `goto 0x80551d0` -> skipping this edge
Warning: [NonRecursiveCFGBuilder] there is no node for an edge to `stack_var_4_10_reg2mem = stack_var_4_0_ph_reload` -> skipping this edge
Warning: [NonRecursiveCFGBuilder] there is no node for an edge to `ebx_18_reload = ebx_18_reg2mem` -> skipping this edge
Warning: [NonRecursiveCFGBuilder] there is no node for an edge to `goto 0x8055bd9` -> skipping this edge
Warning: [NonRecursiveCFGBuilder] there is no node for an edge to `var78 = *(IntToPtrCastExpr<ptr>((var49 + var3)))` -> skipping this edge
Warning: [NonRecursiveCFGBuilder] there is no node for an edge to `goto 0x8055992` -> skipping this edge
Warning: [NonRecursiveCFGBuilder] there is no node for an edge to `while True:` -> skipping this edge
Warning: [NonRecursiveCFGBuilder] there is no node for an edge to `break` -> skipping this edge
Warning: [NonRecursiveCFGBuilder] there is no node for an edge to `stack_var__2d_1180_6_reg2mem = stack_var__2d_1180_0_ph_reload` -> skipping this edge
Warning: [NonRecursiveCFGBuilder] there is no node for an edge to `var113 = (((var67 * 16777216) / 16777216) + -1)` -> skipping this edge
Warning: [NonRecursiveCFGBuilder] there is no node for an edge to `goto 0x8057ffe` -> skipping this edge
 -> running CopyPropagationOptimizer ( some time )
Warning: [NonRecursiveCFGBuilder] there is no node for an edge to `var108 = *(var104)` -> skipping this edge
Warning: [NonRecursiveCFGBuilder] there is no node for an edge to `goto 0x804b625` -> skipping this edge
Warning: [NonRecursiveCFGBuilder] there is no node for an edge to `global_var_806234c = 0` -> skipping this edge
Warning: [NonRecursiveCFGBuilder] there is no node for an edge to `while True:` -> skipping this edge
Warning: [NonRecursiveCFGBuilder] there is no node for an edge to `_79_reg2mem = _24_reload` -> skipping this edge
Warning: [NonRecursiveCFGBuilder] there is no node for an edge to `goto 0x804cd78` -> skipping this edge
Warning: [NonRecursiveCFGBuilder] there is no node for an edge to `edi_2_reload = edi_2_reg2mem` -> skipping this edge
Warning: [NonRecursiveCFGBuilder] there is no node for an edge to `function_804d9d0()` -> skipping this edge
Warning: [NonRecursiveCFGBuilder] there is no node for an edge to `goto 0x804e29e` -> skipping this edge
Warning: [NonRecursiveCFGBuilder] there is no node for an edge to `global_var_8062cbc = var160` -> skipping this edge
Warning: [NonRecursiveCFGBuilder] there is no node for an edge to `esi_0_reload = esi_0_reg2mem` -> skipping this edge
Warning: [NonRecursiveCFGBuilder] there is no node for an edge to `goto 0x80547a6` -> skipping this edge
Warning: [NonRecursiveCFGBuilder] there is no node for an edge to `var13 = (ecx_0_reload / 2)` -> skipping this edge
Warning: [NonRecursiveCFGBuilder] there is no node for an edge to `goto 0x80551d0` -> skipping this edge
Warning: [NonRecursiveCFGBuilder] there is no node for an edge to `stack_var_4_10_reg2mem = stack_var_4_0_ph_reload` -> skipping this edge
Warning: [NonRecursiveCFGBuilder] there is no node for an edge to `ebx_18_reload = ebx_18_reg2mem` -> skipping this edge
Warning: [NonRecursiveCFGBuilder] there is no node for an edge to `goto 0x8055bd9` -> skipping this edge
Warning: [NonRecursiveCFGBuilder] there is no node for an edge to `var78 = *(IntToPtrCastExpr<ptr>((var49 + var3)))` -> skipping this edge
Warning: [NonRecursiveCFGBuilder] there is no node for an edge to `goto 0x8055992` -> skipping this edge
Warning: [NonRecursiveCFGBuilder] there is no node for an edge to `while True:` -> skipping this edge
Warning: [NonRecursiveCFGBuilder] there is no node for an edge to `break` -> skipping this edge
Warning: [NonRecursiveCFGBuilder] there is no node for an edge to `stack_var__2d_1180_6_reg2mem = stack_var__2d_1180_0_ph_reload` -> skipping this edge
Warning: [NonRecursiveCFGBuilder] there is no node for an edge to `var113 = (((var67 * 16777216) / 16777216) + -1)` -> skipping this edge
Warning: [NonRecursiveCFGBuilder] there is no node for an edge to `goto 0x8057ffe` -> skipping this edge
 -> running SimplifyArithmExprOptimizer ( some time )
 -> running IfStructureOptimizer ( some time )
 -> running LoopLastContinueOptimizer ( some time )
 -> running PreWhileTrueLoopConvOptimizer ( some time )
 -> running WhileTrueToForLoopOptimizer ( some time )
 -> running WhileTrueToWhileCondOptimizer ( some time )
 -> running IfBeforeLoopOptimizer ( some time )
 -> running LLVMIntrinsicsOptimizer ( some time )
 -> running VoidReturnOptimizer ( some time )
 -> running BreakContinueReturnOptimizer ( some time )
 -> running BitShiftOptimizer ( some time )
 -> running DerefAddressOptimizer ( some time )
 -> running EmptyArrayToStringOptimizer ( some time )
 -> running BitOpToLogOpOptimizer ( some time )
 -> running SimplifyArithmExprOptimizer ( some time )
 -> running UnusedGlobalVarOptimizer ( some time )
 -> running DeadLocalAssignOptimizer ( some time )
 -> running SimpleCopyPropagationOptimizer ( some time )
Warning: [NonRecursiveCFGBuilder] there is no node for an edge to `var108 = *(var104)` -> skipping this edge
Warning: [NonRecursiveCFGBuilder] there is no node for an edge to `stack_var__2d_976_1_reload = stack_var__2d_976_1_reg2mem` -> skipping this edge
Warning: [NonRecursiveCFGBuilder] there is no node for an edge to `goto 0x804b625` -> skipping this edge
Warning: [NonRecursiveCFGBuilder] there is no node for an edge to `stack_var__2d_976_1_reload = stack_var__2d_976_1_reg2mem` -> skipping this edge
Warning: [NonRecursiveCFGBuilder] there is no node for an edge to `eax_523_reload = eax_523_reg2mem` -> skipping this edge
Warning: [NonRecursiveCFGBuilder] there is no node for an edge to `_79_reg2mem = _24_reload` -> skipping this edge
Warning: [NonRecursiveCFGBuilder] there is no node for an edge to `goto 0x804cd78` -> skipping this edge
Warning: [NonRecursiveCFGBuilder] there is no node for an edge to `edi_2_reload = edi_2_reg2mem` -> skipping this edge
Warning: [NonRecursiveCFGBuilder] there is no node for an edge to `function_804d9d0()` -> skipping this edge
Warning: [NonRecursiveCFGBuilder] there is no node for an edge to `goto 0x804e29e` -> skipping this edge
Warning: [NonRecursiveCFGBuilder] there is no node for an edge to `global_var_8062cbc = var160` -> skipping this edge
Warning: [NonRecursiveCFGBuilder] there is no node for an edge to `# empty statement` -> skipping this edge
Warning: [NonRecursiveCFGBuilder] there is no node for an edge to `goto 0x80547a6` -> skipping this edge
Warning: [NonRecursiveCFGBuilder] there is no node for an edge to `# empty statement` -> skipping this edge
Warning: [NonRecursiveCFGBuilder] there is no node for an edge to `goto 0x80551d0` -> skipping this edge
Warning: [NonRecursiveCFGBuilder] there is no node for an edge to `stack_var_4_10_reg2mem = stack_var_4_0_ph_reload` -> skipping this edge
Warning: [NonRecursiveCFGBuilder] there is no node for an edge to `eax_27_in_reload = eax_27_in_reg2mem` -> skipping this edge
Warning: [NonRecursiveCFGBuilder] there is no node for an edge to `goto 0x8055bd9` -> skipping this edge
Warning: [NonRecursiveCFGBuilder] there is no node for an edge to `var78 = *(IntToPtrCastExpr<ptr>((var49 + var3)))` -> skipping this edge
Warning: [NonRecursiveCFGBuilder] there is no node for an edge to `goto 0x8055992` -> skipping this edge
Warning: [NonRecursiveCFGBuilder] there is no node for an edge to `esi_1_reload = esi_1_reg2mem` -> skipping this edge
Warning: [NonRecursiveCFGBuilder] there is no node for an edge to `break` -> skipping this edge
Warning: [NonRecursiveCFGBuilder] there is no node for an edge to `stack_var__2d_1180_6_reg2mem = stack_var__2d_1180_0_ph_reload` -> skipping this edge
Warning: [NonRecursiveCFGBuilder] there is no node for an edge to `var113 = (((16777216 * var67) / 16777216) - 1)` -> skipping this edge
Warning: [NonRecursiveCFGBuilder] there is no node for an edge to `goto 0x8057ffe` -> skipping this edge
 -> running CopyPropagationOptimizer ( some time )
Warning: [NonRecursiveCFGBuilder] there is no node for an edge to `var108 = *(var104)` -> skipping this edge
Warning: [NonRecursiveCFGBuilder] there is no node for an edge to `stack_var__2d_976_1_reload = stack_var__2d_976_1_reg2mem` -> skipping this edge
Warning: [NonRecursiveCFGBuilder] there is no node for an edge to `goto 0x804b625` -> skipping this edge
Warning: [NonRecursiveCFGBuilder] there is no node for an edge to `stack_var__2d_976_1_reload = stack_var__2d_976_1_reg2mem` -> skipping this edge
Warning: [NonRecursiveCFGBuilder] there is no node for an edge to `eax_523_reload = eax_523_reg2mem` -> skipping this edge
Warning: [NonRecursiveCFGBuilder] there is no node for an edge to `_79_reg2mem = _24_reload` -> skipping this edge
Warning: [NonRecursiveCFGBuilder] there is no node for an edge to `goto 0x804cd78` -> skipping this edge
Warning: [NonRecursiveCFGBuilder] there is no node for an edge to `edi_2_reload = edi_2_reg2mem` -> skipping this edge
Warning: [NonRecursiveCFGBuilder] there is no node for an edge to `function_804d9d0()` -> skipping this edge
Warning: [NonRecursiveCFGBuilder] there is no node for an edge to `goto 0x804e29e` -> skipping this edge
Warning: [NonRecursiveCFGBuilder] there is no node for an edge to `global_var_8062cbc = var160` -> skipping this edge
Warning: [NonRecursiveCFGBuilder] there is no node for an edge to `# empty statement` -> skipping this edge
Warning: [NonRecursiveCFGBuilder] there is no node for an edge to `goto 0x80547a6` -> skipping this edge
Warning: [NonRecursiveCFGBuilder] there is no node for an edge to `# empty statement` -> skipping this edge
Warning: [NonRecursiveCFGBuilder] there is no node for an edge to `goto 0x80551d0` -> skipping this edge
Warning: [NonRecursiveCFGBuilder] there is no node for an edge to `stack_var_4_10_reg2mem = stack_var_4_0_ph_reload` -> skipping this edge
Warning: [NonRecursiveCFGBuilder] there is no node for an edge to `eax_27_in_reload = eax_27_in_reg2mem` -> skipping this edge
Warning: [NonRecursiveCFGBuilder] there is no node for an edge to `goto 0x8055bd9` -> skipping this edge
Warning: [NonRecursiveCFGBuilder] there is no node for an edge to `var78 = *(IntToPtrCastExpr<ptr>((var49 + var3)))` -> skipping this edge
Warning: [NonRecursiveCFGBuilder] there is no node for an edge to `goto 0x8055992` -> skipping this edge
Warning: [NonRecursiveCFGBuilder] there is no node for an edge to `esi_1_reload = esi_1_reg2mem` -> skipping this edge
Warning: [NonRecursiveCFGBuilder] there is no node for an edge to `break` -> skipping this edge
Warning: [NonRecursiveCFGBuilder] there is no node for an edge to `stack_var__2d_1180_6_reg2mem = stack_var__2d_1180_0_ph_reload` -> skipping this edge
Warning: [NonRecursiveCFGBuilder] there is no node for an edge to `var113 = (((16777216 * var67) / 16777216) - 1)` -> skipping this edge
Warning: [NonRecursiveCFGBuilder] there is no node for an edge to `goto 0x8057ffe` -> skipping this edge
 -> running SelfAssignOptimizer ( some time )
 -> running VarDefForLoopOptimizer ( some time )
 -> running VarDefStmtOptimizer ( some time )
 -> running EmptyStmtOptimizer ( some time )
 -> running GotoStmtOptimizer ( some time )
 -> running SimplifyArithmExprOptimizer ( some time )
 -> running DeadCodeOptimizer ( some time )
 -> running DerefToArrayIndexOptimizer ( some time )
 -> running IfToSwitchOptimizer ( some time )
 -> running CCastOptimizer ( some time )
 -> running CArrayArgOptimizer ( some time )
Running phase: variable renaming [readable] ( some time )
Running phase: converting constants to symbolic names ( some time )
Running phase: module validation ( some time )
 -> running BreakOutsideLoopValidator ( some time )
Warning: In function_8052ff0(), found `break` outside of a loop or a switch statement.
Warning: In function_8053050(), found `break` outside of a loop or a switch statement.
Warning: In function_8053850(), found `break` outside of a loop or a switch statement.
Warning: In function_8054ce0(), found `break` outside of a loop or a switch statement.
 -> running NoGlobalVarDefValidator ( some time )
 -> running ReturnValidator ( some time )
Running phase: emission of the target code [c] ( some time )
Running phase: finalization ( some time )
Running phase: cleanup ( some time )
