Analyzing './from_boomerang/stattest/ppc_elf_by_boomerang/subject.exe' as a PowerPC 32 ELF binary file.

0 Procs, 0 Labels, 0 Branches, 0 MB used, 0 / 0 kB covered
./from_boomerang/stattest/ppc_elf_by_boomerang/subject.exe: 35 sections starting at 0x00000F60
./from_boomerang/stattest/ppc_elf_by_boomerang/subject.exe: section string table at 0x00001460, 0x120 bytes
 Offset:  [ix]  Address    Size    Offset  Name
00000F60: [ 0] 00000000 00000000 00000000 
00000F88: [ 1] 10000154 0000000D 00000154 .interp
00000FB0: [ 2] 10000164 00000020 00000164 .note.ABI-tag
00000FD8: [ 3] 10000184 0000002C 00000184 .hash
00001000: [ 4] 100001B0 00000060 000001B0 .dynsym
00001028: [ 5] 10000210 00000054 00000210 .dynstr
00001050: [ 6] 10000264 0000000C 00000264 .gnu.version
00001078: [ 7] 10000270 00000020 00000270 .gnu.version_r
000010A0: [ 8] 10000290 0000000C 00000290 .rela.dyn
000010C8: [ 9] 1000029C 00000024 0000029C .rela.plt
000010F0: [10] 100002C0 00000028 000002C0 .init
00001118: [11] 100002E8 00000560 000002E8 .text
00001140: [12] 10000848 00000020 00000848 .fini
00001168: [13] 10000868 00000054 00000868 .rodata
00001190: [14] 100008BC 00000000 000008BC .sdata2
000011B8: [15] 100008BC 00000004 000008BC .eh_frame
000011E0: [16] 100108C0 00000008 000008C0 .ctors
00001208: [17] 100108C8 00000008 000008C8 .dtors
00001230: [18] 100108D0 00000004 000008D0 .jcr
00001258: [19] 100108D4 00000010 000008D4 .got2
00001280: [20] 100108E4 000000C8 000008E4 .dynamic
000012A8: [21] 100109AC 00000008 000009AC .data
000012D0: [22] 100109B4 00000014 000009B4 .got
000012F8: [23] 100109C8 00000000 000009C8 .sdata
00001320: [24] 100109C8 00000000 000009C8 .sbss
00001348: [25] 100109C8 0000006C 000009C8 .plt
00001370: [26] 10010A34 00000004 000009C8 .bss
00001398: [27] 00000000 000001B0 000009C8 .comment
000013C0: [28] 00000000 00000058 00000B78 .debug_aranges
000013E8: [29] 00000000 00000138 00000BD0 .debug_info
00001410: [30] 00000000 00000020 00000D08 .debug_abbrev
00001438: [31] 00000000 00000117 00000D28 .debug_line
00001460: [32] 00000000 00000120 00000E3F .shstrtab
00001488: [33] 00000000 00000E90 000014D8 .symtab
000014B0: [34] 00000000 0000099B 00002368 .strtab
Internal error: Dwarf-2 current offset: 0x8C0
Matching signatures...
0 Procs, 0 Labels, 0 Branches, 0 MB used, 0 / 2 kB covered
0 Procs, 0 Labels, 0 Branches, 0 MB used, 0 / 2 kB covered
Separating code and data...
0 Procs, 0 Labels, 0 Branches, 0 MB used, 0 / 2 kB covered
0 Procs, 17 Labels, 14 Branches, 0 MB used, 1 / 2 kB covered
0 Procs, 18 Labels, 15 Branches, 0 MB used, 1 / 2 kB covered
0 Procs, 18 Labels, 15 Branches, 0 MB used, 1 / 2 kB covered
0 Procs, 23 Labels, 19 Branches, 0 MB used, 1 / 2 kB covered
0 Procs, 23 Labels, 20 Branches, 0 MB used, 1 / 2 kB covered
0 Procs, 23 Labels, 20 Branches, 0 MB used, 1 / 2 kB covered
0 Procs, 24 Labels, 21 Branches, 0 MB used, 1 / 2 kB covered
0 Procs, 29 Labels, 26 Branches, 0 MB used, 1 / 2 kB covered
0 Procs, 38 Labels, 34 Branches, 0 MB used, 1 / 2 kB covered
0 Procs, 43 Labels, 39 Branches, 0 MB used, 1 / 2 kB covered
0 Procs, 43 Labels, 39 Branches, 0 MB used, 1 / 2 kB covered
0 Procs, 44 Labels, 40 Branches, 0 MB used, 1 / 2 kB covered
0 Procs, 45 Labels, 40 Branches, 0 MB used, 1 / 2 kB covered
0 Procs, 46 Labels, 40 Branches, 0 MB used, 1 / 2 kB covered
0 Procs, 47 Labels, 40 Branches, 0 MB used, 1 / 2 kB covered
0 Procs, 48 Labels, 40 Branches, 0 MB used, 1 / 2 kB covered
0 Procs, 49 Labels, 40 Branches, 0 MB used, 1 / 2 kB covered
0 Procs, 50 Labels, 40 Branches, 0 MB used, 1 / 2 kB covered
0 Procs, 51 Labels, 40 Branches, 0 MB used, 1 / 2 kB covered
0 Procs, 52 Labels, 40 Branches, 0 MB used, 1 / 2 kB covered
0 Procs, 53 Labels, 40 Branches, 0 MB used, 1 / 2 kB covered
0 Procs, 54 Labels, 40 Branches, 0 MB used, 1 / 2 kB covered
0 Procs, 55 Labels, 40 Branches, 0 MB used, 1 / 2 kB covered
0 Procs, 56 Labels, 40 Branches, 0 MB used, 1 / 2 kB covered
0 Procs, 57 Labels, 40 Branches, 0 MB used, 1 / 2 kB covered
0 Procs, 58 Labels, 40 Branches, 0 MB used, 1 / 2 kB covered
0 Procs, 59 Labels, 40 Branches, 0 MB used, 1 / 2 kB covered
0 Procs, 60 Labels, 40 Branches, 0 MB used, 1 / 2 kB covered
0 Procs, 61 Labels, 40 Branches, 0 MB used, 1 / 2 kB covered
0 Procs, 62 Labels, 41 Branches, 0 MB used, 1 / 2 kB covered
0 Procs, 63 Labels, 41 Branches, 0 MB used, 1 / 2 kB covered
0 Procs, 64 Labels, 41 Branches, 0 MB used, 1 / 2 kB covered
0 Procs, 65 Labels, 41 Branches, 0 MB used, 1 / 2 kB covered
0 Procs, 66 Labels, 41 Branches, 0 MB used, 1 / 2 kB covered
0 Procs, 67 Labels, 41 Branches, 0 MB used, 1 / 2 kB covered
0 Procs, 68 Labels, 41 Branches, 0 MB used, 1 / 2 kB covered
0 Procs, 69 Labels, 41 Branches, 0 MB used, 1 / 2 kB covered
0 Procs, 70 Labels, 41 Branches, 0 MB used, 1 / 2 kB covered
0 Procs, 71 Labels, 41 Branches, 0 MB used, 1 / 2 kB covered
0 Procs, 72 Labels, 41 Branches, 0 MB used, 1 / 2 kB covered
0 Procs, 73 Labels, 41 Branches, 0 MB used, 1 / 2 kB covered
0 Procs, 74 Labels, 41 Branches, 0 MB used, 1 / 2 kB covered
0 Procs, 75 Labels, 41 Branches, 0 MB used, 1 / 2 kB covered
0 Procs, 76 Labels, 41 Branches, 0 MB used, 1 / 2 kB covered
0 Procs, 77 Labels, 41 Branches, 0 MB used, 1 / 2 kB covered
0 Procs, 78 Labels, 41 Branches, 0 MB used, 1 / 2 kB covered
0 Procs, 79 Labels, 41 Branches, 0 MB used, 1 / 2 kB covered
0 Procs, 80 Labels, 42 Branches, 0 MB used, 1 / 2 kB covered
0 Procs, 81 Labels, 42 Branches, 0 MB used, 1 / 2 kB covered
0 Procs, 82 Labels, 42 Branches, 0 MB used, 1 / 2 kB covered
0 Procs, 83 Labels, 42 Branches, 0 MB used, 1 / 2 kB covered
0 Procs, 84 Labels, 42 Branches, 0 MB used, 1 / 2 kB covered
0 Procs, 85 Labels, 42 Branches, 0 MB used, 1 / 2 kB covered
0 Procs, 86 Labels, 42 Branches, 0 MB used, 1 / 2 kB covered
0 Procs, 87 Labels, 42 Branches, 0 MB used, 1 / 2 kB covered
0 Procs, 88 Labels, 42 Branches, 0 MB used, 1 / 2 kB covered
0 Procs, 89 Labels, 42 Branches, 0 MB used, 1 / 2 kB covered
0 Procs, 90 Labels, 42 Branches, 0 MB used, 1 / 2 kB covered
0 Procs, 91 Labels, 42 Branches, 0 MB used, 1 / 2 kB covered
0 Procs, 92 Labels, 42 Branches, 0 MB used, 1 / 2 kB covered
0 Procs, 93 Labels, 42 Branches, 0 MB used, 1 / 2 kB covered
0 Procs, 94 Labels, 42 Branches, 0 MB used, 1 / 2 kB covered
0 Procs, 95 Labels, 42 Branches, 0 MB used, 1 / 2 kB covered
0 Procs, 96 Labels, 42 Branches, 0 MB used, 1 / 2 kB covered
0 Procs, 97 Labels, 42 Branches, 0 MB used, 1 / 2 kB covered
0 Procs, 98 Labels, 43 Branches, 0 MB used, 2 / 2 kB covered
0 Procs, 99 Labels, 43 Branches, 0 MB used, 2 / 2 kB covered
0 Procs, 100 Labels, 43 Branches, 0 MB used, 2 / 2 kB covered
0 Procs, 101 Labels, 43 Branches, 0 MB used, 2 / 2 kB covered
0 Procs, 102 Labels, 43 Branches, 0 MB used, 2 / 2 kB covered
0 Procs, 103 Labels, 43 Branches, 0 MB used, 2 / 2 kB covered
0 Procs, 104 Labels, 43 Branches, 0 MB used, 2 / 2 kB covered
0 Procs, 105 Labels, 43 Branches, 0 MB used, 2 / 2 kB covered
0 Procs, 106 Labels, 43 Branches, 0 MB used, 2 / 2 kB covered
0 Procs, 107 Labels, 43 Branches, 0 MB used, 2 / 2 kB covered
0 Procs, 108 Labels, 43 Branches, 0 MB used, 2 / 2 kB covered
0 Procs, 109 Labels, 43 Branches, 0 MB used, 2 / 2 kB covered
0 Procs, 110 Labels, 43 Branches, 0 MB used, 2 / 2 kB covered
0 Procs, 111 Labels, 43 Branches, 0 MB used, 2 / 2 kB covered
0 Procs, 112 Labels, 43 Branches, 0 MB used, 2 / 2 kB covered
0 Procs, 113 Labels, 43 Branches, 0 MB used, 2 / 2 kB covered
0 Procs, 114 Labels, 43 Branches, 0 MB used, 2 / 2 kB covered
0 Procs, 115 Labels, 43 Branches, 0 MB used, 2 / 2 kB covered
0 Procs, 116 Labels, 44 Branches, 0 MB used, 2 / 2 kB covered
0 Procs, 117 Labels, 44 Branches, 0 MB used, 2 / 2 kB covered
0 Procs, 118 Labels, 44 Branches, 0 MB used, 2 / 2 kB covered
0 Procs, 119 Labels, 44 Branches, 0 MB used, 2 / 2 kB covered
0 Procs, 120 Labels, 44 Branches, 0 MB used, 2 / 2 kB covered
0 Procs, 121 Labels, 44 Branches, 0 MB used, 2 / 2 kB covered
0 Procs, 122 Labels, 44 Branches, 0 MB used, 2 / 2 kB covered
0 Procs, 123 Labels, 44 Branches, 0 MB used, 2 / 2 kB covered
0 Procs, 124 Labels, 44 Branches, 0 MB used, 2 / 2 kB covered
0 Procs, 125 Labels, 44 Branches, 0 MB used, 2 / 2 kB covered
0 Procs, 126 Labels, 44 Branches, 0 MB used, 2 / 2 kB covered
0 Procs, 127 Labels, 44 Branches, 0 MB used, 2 / 2 kB covered
0 Procs, 128 Labels, 44 Branches, 0 MB used, 2 / 2 kB covered
0 Procs, 129 Labels, 44 Branches, 0 MB used, 2 / 2 kB covered
0 Procs, 130 Labels, 44 Branches, 0 MB used, 2 / 2 kB covered
0 Procs, 131 Labels, 44 Branches, 0 MB used, 2 / 2 kB covered
0 Procs, 132 Labels, 44 Branches, 0 MB used, 2 / 2 kB covered
0 Procs, 133 Labels, 44 Branches, 0 MB used, 2 / 2 kB covered
0 Procs, 133 Labels, 45 Branches, 0 MB used, 2 / 2 kB covered
0 Procs, 134 Labels, 45 Branches, 0 MB used, 2 / 2 kB covered
0 Procs, 135 Labels, 45 Branches, 0 MB used, 2 / 2 kB covered
0 Procs, 136 Labels, 45 Branches, 0 MB used, 2 / 2 kB covered
0 Procs, 137 Labels, 45 Branches, 0 MB used, 2 / 2 kB covered
0 Procs, 138 Labels, 45 Branches, 0 MB used, 2 / 2 kB covered
0 Procs, 139 Labels, 45 Branches, 0 MB used, 2 / 2 kB covered
0 Procs, 140 Labels, 45 Branches, 0 MB used, 2 / 2 kB covered
0 Procs, 141 Labels, 45 Branches, 0 MB used, 2 / 2 kB covered
0 Procs, 142 Labels, 45 Branches, 0 MB used, 2 / 2 kB covered
0 Procs, 143 Labels, 45 Branches, 0 MB used, 2 / 2 kB covered
0 Procs, 144 Labels, 45 Branches, 0 MB used, 2 / 2 kB covered
0 Procs, 145 Labels, 45 Branches, 0 MB used, 2 / 2 kB covered
0 Procs, 146 Labels, 45 Branches, 0 MB used, 2 / 2 kB covered
0 Procs, 147 Labels, 45 Branches, 0 MB used, 2 / 2 kB covered
0 Procs, 148 Labels, 45 Branches, 0 MB used, 2 / 2 kB covered
0 Procs, 149 Labels, 45 Branches, 0 MB used, 2 / 2 kB covered
0 Procs, 150 Labels, 45 Branches, 0 MB used, 2 / 2 kB covered
0 Procs, 150 Labels, 45 Branches, 0 MB used, 2 / 2 kB covered
0 Procs, 150 Labels, 46 Branches, 0 MB used, 2 / 2 kB covered
0 Procs, 150 Labels, 46 Branches, 0 MB used, 2 / 2 kB covered
0 Procs, 151 Labels, 46 Branches, 0 MB used, 2 / 2 kB covered
0 Procs, 152 Labels, 46 Branches, 0 MB used, 2 / 2 kB covered
0 Procs, 153 Labels, 46 Branches, 0 MB used, 2 / 2 kB covered
0 Procs, 154 Labels, 46 Branches, 0 MB used, 2 / 2 kB covered
0 Procs, 155 Labels, 46 Branches, 0 MB used, 2 / 2 kB covered
0 Procs, 156 Labels, 46 Branches, 0 MB used, 2 / 2 kB covered
0 Procs, 157 Labels, 46 Branches, 0 MB used, 2 / 2 kB covered
0 Procs, 158 Labels, 46 Branches, 0 MB used, 2 / 2 kB covered
0 Procs, 159 Labels, 46 Branches, 0 MB used, 2 / 2 kB covered
0 Procs, 160 Labels, 46 Branches, 0 MB used, 2 / 2 kB covered
0 Procs, 161 Labels, 46 Branches, 0 MB used, 2 / 2 kB covered
0 Procs, 162 Labels, 46 Branches, 0 MB used, 2 / 2 kB covered
0 Procs, 162 Labels, 46 Branches, 0 MB used, 2 / 2 kB covered
0 Procs, 162 Labels, 46 Branches, 0 MB used, 2 / 2 kB covered
0 Procs, 162 Labels, 46 Branches, 0 MB used, 2 / 2 kB covered
0 Procs, 163 Labels, 46 Branches, 0 MB used, 2 / 2 kB covered
129 Procs, 163 Labels, 46 Branches, 0 MB used, 2 / 2 kB covered
129 Procs, 163 Labels, 46 Branches, 0 MB used, 2 / 2 kB covered
129 Procs, 163 Labels, 46 Branches, 0 MB used, 2 / 2 kB covered
129 Procs, 163 Labels, 46 Branches, 0 MB used, 2 / 2 kB covered
129 Procs, 163 Labels, 46 Branches, 0 MB used, 2 / 2 kB covered
129 Procs, 163 Labels, 46 Branches, 0 MB used, 2 / 2 kB covered
129 Procs, 163 Labels, 46 Branches, 0 MB used, 2 / 2 kB covered
129 Procs, 163 Labels, 46 Branches, 0 MB used, 2 / 2 kB covered
129 Procs, 163 Labels, 46 Branches, 0 MB used, 2 / 2 kB covered
129 Procs, 163 Labels, 46 Branches, 0 MB used, 2 / 2 kB covered
129 Procs, 163 Labels, 46 Branches, 0 MB used, 2 / 2 kB covered
129 Procs, 163 Labels, 46 Branches, 0 MB used, 2 / 2 kB covered
129 Procs, 163 Labels, 46 Branches, 0 MB used, 2 / 2 kB covered
129 Procs, 163 Labels, 46 Branches, 0 MB used, 2 / 2 kB covered
129 Procs, 163 Labels, 46 Branches, 0 MB used, 2 / 2 kB covered
129 Procs, 163 Labels, 46 Branches, 0 MB used, 2 / 2 kB covered
129 Procs, 163 Labels, 46 Branches, 0 MB used, 2 / 2 kB covered
129 Procs, 163 Labels, 46 Branches, 0 MB used, 2 / 2 kB covered
129 Procs, 163 Labels, 46 Branches, 0 MB used, 2 / 2 kB covered
129 Procs, 163 Labels, 46 Branches, 0 MB used, 2 / 2 kB covered
129 Procs, 163 Labels, 46 Branches, 0 MB used, 2 / 2 kB covered
129 Procs, 163 Labels, 46 Branches, 0 MB used, 2 / 2 kB covered
129 Procs, 163 Labels, 46 Branches, 0 MB used, 2 / 2 kB covered
129 Procs, 163 Labels, 46 Branches, 0 MB used, 2 / 2 kB covered
129 Procs, 163 Labels, 46 Branches, 0 MB used, 2 / 2 kB covered
129 Procs, 163 Labels, 46 Branches, 0 MB used, 2 / 2 kB covered
129 Procs, 163 Labels, 46 Branches, 0 MB used, 2 / 2 kB covered
129 Procs, 163 Labels, 46 Branches, 0 MB used, 2 / 2 kB covered
129 Procs, 163 Labels, 46 Branches, 0 MB used, 2 / 2 kB covered
129 Procs, 163 Labels, 46 Branches, 0 MB used, 2 / 2 kB covered
129 Procs, 163 Labels, 46 Branches, 0 MB used, 2 / 2 kB covered
129 Procs, 163 Labels, 46 Branches, 0 MB used, 2 / 2 kB covered
129 Procs, 163 Labels, 46 Branches, 0 MB used, 2 / 2 kB covered
129 Procs, 163 Labels, 46 Branches, 0 MB used, 2 / 2 kB covered
129 Procs, 163 Labels, 46 Branches, 0 MB used, 2 / 2 kB covered
129 Procs, 163 Labels, 46 Branches, 0 MB used, 2 / 2 kB covered
129 Procs, 163 Labels, 46 Branches, 0 MB used, 2 / 2 kB covered
129 Procs, 163 Labels, 46 Branches, 0 MB used, 2 / 2 kB covered
129 Procs, 163 Labels, 46 Branches, 0 MB used, 2 / 2 kB covered
129 Procs, 163 Labels, 46 Branches, 0 MB used, 2 / 2 kB covered
129 Procs, 163 Labels, 46 Branches, 0 MB used, 2 / 2 kB covered
129 Procs, 163 Labels, 46 Branches, 0 MB used, 2 / 2 kB covered
129 Procs, 163 Labels, 46 Branches, 0 MB used, 2 / 2 kB covered
129 Procs, 163 Labels, 46 Branches, 0 MB used, 2 / 2 kB covered
129 Procs, 163 Labels, 46 Branches, 0 MB used, 2 / 2 kB covered
129 Procs, 163 Labels, 46 Branches, 0 MB used, 2 / 2 kB covered
129 Procs, 163 Labels, 46 Branches, 0 MB used, 2 / 2 kB covered
129 Procs, 163 Labels, 46 Branches, 0 MB used, 2 / 2 kB covered
129 Procs, 163 Labels, 46 Branches, 0 MB used, 2 / 2 kB covered
129 Procs, 163 Labels, 46 Branches, 0 MB used, 2 / 2 kB covered
129 Procs, 163 Labels, 46 Branches, 0 MB used, 2 / 2 kB covered
129 Procs, 163 Labels, 46 Branches, 0 MB used, 2 / 2 kB covered
129 Procs, 163 Labels, 46 Branches, 0 MB used, 2 / 2 kB covered
129 Procs, 163 Labels, 46 Branches, 0 MB used, 2 / 2 kB covered
129 Procs, 163 Labels, 46 Branches, 0 MB used, 2 / 2 kB covered
129 Procs, 163 Labels, 46 Branches, 0 MB used, 2 / 2 kB covered
129 Procs, 163 Labels, 46 Branches, 0 MB used, 2 / 2 kB covered
129 Procs, 163 Labels, 46 Branches, 0 MB used, 2 / 2 kB covered
129 Procs, 163 Labels, 46 Branches, 0 MB used, 2 / 2 kB covered
129 Procs, 163 Labels, 46 Branches, 0 MB used, 2 / 2 kB covered
129 Procs, 163 Labels, 46 Branches, 0 MB used, 2 / 2 kB covered
129 Procs, 163 Labels, 46 Branches, 0 MB used, 2 / 2 kB covered
129 Procs, 163 Labels, 46 Branches, 0 MB used, 2 / 2 kB covered
129 Procs, 163 Labels, 46 Branches, 0 MB used, 2 / 2 kB covered
129 Procs, 163 Labels, 46 Branches, 0 MB used, 2 / 2 kB covered
129 Procs, 163 Labels, 46 Branches, 0 MB used, 2 / 2 kB covered
129 Procs, 163 Labels, 46 Branches, 0 MB used, 2 / 2 kB covered
129 Procs, 163 Labels, 46 Branches, 0 MB used, 2 / 2 kB covered
129 Procs, 163 Labels, 46 Branches, 0 MB used, 2 / 2 kB covered
129 Procs, 163 Labels, 46 Branches, 0 MB used, 2 / 2 kB covered
129 Procs, 163 Labels, 46 Branches, 0 MB used, 2 / 2 kB covered
129 Procs, 163 Labels, 46 Branches, 0 MB used, 2 / 2 kB covered
129 Procs, 163 Labels, 46 Branches, 0 MB used, 2 / 2 kB covered
129 Procs, 163 Labels, 46 Branches, 0 MB used, 2 / 2 kB covered
129 Procs, 163 Labels, 46 Branches, 0 MB used, 2 / 2 kB covered
129 Procs, 163 Labels, 46 Branches, 0 MB used, 2 / 2 kB covered
129 Procs, 163 Labels, 46 Branches, 0 MB used, 2 / 2 kB covered
129 Procs, 163 Labels, 46 Branches, 0 MB used, 2 / 2 kB covered
129 Procs, 163 Labels, 46 Branches, 0 MB used, 2 / 2 kB covered
129 Procs, 163 Labels, 46 Branches, 0 MB used, 2 / 2 kB covered
129 Procs, 163 Labels, 46 Branches, 0 MB used, 2 / 2 kB covered
129 Procs, 163 Labels, 46 Branches, 0 MB used, 2 / 2 kB covered
129 Procs, 163 Labels, 46 Branches, 0 MB used, 2 / 2 kB covered
129 Procs, 163 Labels, 46 Branches, 0 MB used, 2 / 2 kB covered
129 Procs, 163 Labels, 46 Branches, 0 MB used, 2 / 2 kB covered
129 Procs, 163 Labels, 46 Branches, 0 MB used, 2 / 2 kB covered
129 Procs, 163 Labels, 46 Branches, 0 MB used, 2 / 2 kB covered
129 Procs, 163 Labels, 46 Branches, 0 MB used, 2 / 2 kB covered
129 Procs, 163 Labels, 46 Branches, 0 MB used, 2 / 2 kB covered
129 Procs, 163 Labels, 46 Branches, 0 MB used, 2 / 2 kB covered
129 Procs, 163 Labels, 46 Branches, 0 MB used, 2 / 2 kB covered
129 Procs, 163 Labels, 46 Branches, 0 MB used, 2 / 2 kB covered
129 Procs, 163 Labels, 46 Branches, 0 MB used, 2 / 2 kB covered
129 Procs, 163 Labels, 46 Branches, 0 MB used, 2 / 2 kB covered
129 Procs, 163 Labels, 46 Branches, 0 MB used, 2 / 2 kB covered
129 Procs, 163 Labels, 46 Branches, 0 MB used, 2 / 2 kB covered
129 Procs, 163 Labels, 46 Branches, 0 MB used, 2 / 2 kB covered
129 Procs, 163 Labels, 46 Branches, 0 MB used, 2 / 2 kB covered
129 Procs, 163 Labels, 46 Branches, 0 MB used, 2 / 2 kB covered
129 Procs, 163 Labels, 46 Branches, 0 MB used, 2 / 2 kB covered
129 Procs, 163 Labels, 46 Branches, 0 MB used, 2 / 2 kB covered
129 Procs, 163 Labels, 46 Branches, 0 MB used, 2 / 2 kB covered
129 Procs, 163 Labels, 46 Branches, 0 MB used, 2 / 2 kB covered
129 Procs, 163 Labels, 46 Branches, 0 MB used, 2 / 2 kB covered
129 Procs, 163 Labels, 46 Branches, 0 MB used, 2 / 2 kB covered
129 Procs, 163 Labels, 46 Branches, 0 MB used, 2 / 2 kB covered
129 Procs, 163 Labels, 46 Branches, 0 MB used, 2 / 2 kB covered
129 Procs, 163 Labels, 46 Branches, 0 MB used, 2 / 2 kB covered
129 Procs, 163 Labels, 46 Branches, 0 MB used, 2 / 2 kB covered
129 Procs, 163 Labels, 46 Branches, 0 MB used, 2 / 2 kB covered
129 Procs, 163 Labels, 46 Branches, 0 MB used, 2 / 2 kB covered
129 Procs, 163 Labels, 46 Branches, 0 MB used, 2 / 2 kB covered
129 Procs, 163 Labels, 46 Branches, 0 MB used, 2 / 2 kB covered
129 Procs, 163 Labels, 46 Branches, 0 MB used, 2 / 2 kB covered
129 Procs, 163 Labels, 46 Branches, 0 MB used, 2 / 2 kB covered
129 Procs, 163 Labels, 46 Branches, 0 MB used, 2 / 2 kB covered
129 Procs, 163 Labels, 46 Branches, 0 MB used, 2 / 2 kB covered
129 Procs, 163 Labels, 46 Branches, 0 MB used, 2 / 2 kB covered
129 Procs, 163 Labels, 46 Branches, 0 MB used, 2 / 2 kB covered
129 Procs, 163 Labels, 46 Branches, 0 MB used, 2 / 2 kB covered
129 Procs, 163 Labels, 46 Branches, 0 MB used, 2 / 2 kB covered
129 Procs, 163 Labels, 46 Branches, 0 MB used, 2 / 2 kB covered
129 Procs, 163 Labels, 46 Branches, 0 MB used, 2 / 2 kB covered
129 Procs, 163 Labels, 46 Branches, 0 MB used, 2 / 2 kB covered
129 Procs, 163 Labels, 46 Branches, 0 MB used, 2 / 2 kB covered
129 Procs, 163 Labels, 46 Branches, 0 MB used, 2 / 2 kB covered
129 Procs, 163 Labels, 46 Branches, 0 MB used, 2 / 2 kB covered
129 Procs, 163 Labels, 46 Branches, 0 MB used, 2 / 2 kB covered
129 Procs, 163 Labels, 46 Branches, 0 MB used, 2 / 2 kB covered
129 Procs, 163 Labels, 46 Branches, 0 MB used, 2 / 2 kB covered
129 Procs, 163 Labels, 46 Branches, 0 MB used, 2 / 2 kB covered
129 Procs, 163 Labels, 46 Branches, 0 MB used, 2 / 2 kB covered
129 Procs, 163 Labels, 46 Branches, 0 MB used, 2 / 2 kB covered
129 Procs, 163 Labels, 46 Branches, 0 MB used, 2 / 2 kB covered
129 Procs, 163 Labels, 46 Branches, 0 MB used, 2 / 2 kB covered
129 Procs, 163 Labels, 46 Branches, 0 MB used, 2 / 2 kB covered
129 Procs, 163 Labels, 46 Branches, 0 MB used, 2 / 2 kB covered
129 Procs, 163 Labels, 46 Branches, 0 MB used, 2 / 2 kB covered
129 Procs, 163 Labels, 46 Branches, 0 MB used, 2 / 2 kB covered
129 Procs, 163 Labels, 46 Branches, 0 MB used, 2 / 2 kB covered
Resolving indirect jumps...
129 Procs, 163 Labels, 46 Branches, 0 MB used, 2 / 2 kB covered
129 Procs, 163 Labels, 46 Branches, 0 MB used, 2 / 2 kB covered
Resolving constants and strings...
129 Procs, 163 Labels, 46 Branches, 0 MB used, 2 / 2 kB covered
Discovering unreached functions...
129 Procs, 163 Labels, 46 Branches, 0 MB used, 2 / 2 kB covered
Computing call tree...
129 Procs, 163 Labels, 46 Branches, 0 MB used, 2 / 2 kB covered
Computing calling conventions...
129 Procs, 163 Labels, 46 Branches, 0 MB used, 2 / 2 kB covered
Computing Calling Convention: 1/129  0x10000000
Computing Calling Convention: 3/129  0x100002E8
Computing Calling Convention: 5/129  0x1000034C
Computing Calling Convention: 6/129  0x100003C4
Computing Calling Convention: 7/129  0x100003E0
Computing Calling Convention: 8/129  0x10000424
Computing Calling Convention: 15/129  0x100005FC
Computing Calling Convention: 16/129  0x10000600
Computing Calling Convention: 17/129  0x10000604
Computing Calling Convention: 18/129  0x10000608
Computing Calling Convention: 19/129  0x1000060C
Computing Calling Convention: 20/129  0x10000610
Computing Calling Convention: 21/129  0x10000614
Computing Calling Convention: 22/129  0x10000618
Computing Calling Convention: 23/129  0x1000061C
Computing Calling Convention: 24/129  0x10000620
Computing Calling Convention: 25/129  0x10000624
Computing Calling Convention: 26/129  0x10000628
Computing Calling Convention: 27/129  0x1000062C
Computing Calling Convention: 28/129  0x10000630
Computing Calling Convention: 29/129  0x10000634
Computing Calling Convention: 30/129  0x10000638
Computing Calling Convention: 31/129  0x1000063C
Computing Calling Convention: 32/129  0x10000640
Computing Calling Convention: 33/129  0x10000648
Computing Calling Convention: 34/129  0x1000064C
Computing Calling Convention: 35/129  0x10000650
Computing Calling Convention: 36/129  0x10000654
Computing Calling Convention: 37/129  0x10000658
Computing Calling Convention: 38/129  0x1000065C
Computing Calling Convention: 39/129  0x10000660
Computing Calling Convention: 40/129  0x10000664
Computing Calling Convention: 41/129  0x10000668
Computing Calling Convention: 42/129  0x1000066C
Computing Calling Convention: 43/129  0x10000670
Computing Calling Convention: 44/129  0x10000674
Computing Calling Convention: 45/129  0x10000678
Computing Calling Convention: 46/129  0x1000067C
Computing Calling Convention: 47/129  0x10000680
Computing Calling Convention: 48/129  0x10000684
Computing Calling Convention: 49/129  0x10000688
Computing Calling Convention: 50/129  0x1000068C
Computing Calling Convention: 51/129  0x10000694
Computing Calling Convention: 52/129  0x10000698
Computing Calling Convention: 53/129  0x1000069C
Computing Calling Convention: 54/129  0x100006A0
Computing Calling Convention: 55/129  0x100006A4
Computing Calling Convention: 56/129  0x100006A8
Computing Calling Convention: 57/129  0x100006AC
Computing Calling Convention: 58/129  0x100006B0
Computing Calling Convention: 59/129  0x100006B4
Computing Calling Convention: 60/129  0x100006B8
Computing Calling Convention: 61/129  0x100006BC
Computing Calling Convention: 62/129  0x100006C0
Computing Calling Convention: 63/129  0x100006C4
Computing Calling Convention: 64/129  0x100006C8
Computing Calling Convention: 65/129  0x100006CC
Computing Calling Convention: 66/129  0x100006D0
Computing Calling Convention: 67/129  0x100006D4
Computing Calling Convention: 68/129  0x100006D8
Computing Calling Convention: 69/129  0x100006E0
Computing Calling Convention: 70/129  0x100006E4
Computing Calling Convention: 71/129  0x100006E8
Computing Calling Convention: 72/129  0x100006EC
Computing Calling Convention: 73/129  0x100006F0
Computing Calling Convention: 74/129  0x100006F4
Computing Calling Convention: 75/129  0x100006F8
Computing Calling Convention: 76/129  0x100006FC
Computing Calling Convention: 77/129  0x10000700
Computing Calling Convention: 78/129  0x10000704
Computing Calling Convention: 79/129  0x10000708
Computing Calling Convention: 80/129  0x1000070C
Computing Calling Convention: 81/129  0x10000710
Computing Calling Convention: 82/129  0x10000714
Computing Calling Convention: 83/129  0x10000718
Computing Calling Convention: 84/129  0x1000071C
Computing Calling Convention: 85/129  0x10000720
Computing Calling Convention: 86/129  0x10000724
Computing Calling Convention: 87/129  0x1000072C
Computing Calling Convention: 88/129  0x10000730
Computing Calling Convention: 89/129  0x10000734
Computing Calling Convention: 90/129  0x10000738
Computing Calling Convention: 91/129  0x1000073C
Computing Calling Convention: 92/129  0x10000740
Computing Calling Convention: 93/129  0x10000744
Computing Calling Convention: 94/129  0x10000748
Computing Calling Convention: 95/129  0x1000074C
Computing Calling Convention: 96/129  0x10000750
Computing Calling Convention: 97/129  0x10000754
Computing Calling Convention: 98/129  0x10000758
Computing Calling Convention: 99/129  0x1000075C
Computing Calling Convention: 100/129  0x10000760
Computing Calling Convention: 101/129  0x10000764
Computing Calling Convention: 102/129  0x10000768
Computing Calling Convention: 103/129  0x1000076C
Computing Calling Convention: 104/129  0x10000770
Computing Calling Convention: 105/129  0x10000784
Computing Calling Convention: 106/129  0x10000788
Computing Calling Convention: 107/129  0x1000078C
Computing Calling Convention: 108/129  0x10000790
Computing Calling Convention: 109/129  0x10000794
Computing Calling Convention: 110/129  0x10000798
Computing Calling Convention: 111/129  0x1000079C
Computing Calling Convention: 112/129  0x100007A0
Computing Calling Convention: 113/129  0x100007A4
Computing Calling Convention: 114/129  0x100007A8
Computing Calling Convention: 115/129  0x100007AC
Computing Calling Convention: 116/129  0x100007B0
Computing Calling Convention: 117/129  0x100007B4
Computing Calling Convention: 118/129  0x100007B8
Computing Calling Convention: 119/129  0x100007BC
Computing Calling Convention: 120/129  0x100007C0
Computing Calling Convention: 121/129  0x100007C4
Computing Calling Convention: 122/129  0x100007C8
Computing Calling Convention: 123/129  0x100007DC
Computing Calling Convention: 124/129  0x1000082C
Computing Calling Convention: 125/129  0x10000848
Computing Calling Convention: 126/129  0x100109B4
Computing Calling Convention: 127/129  0x10010A10
Computing Calling Convention: 128/129  0x10010A18
Computing Calling Convention: 129/129  0x10010A20
Computing Calling Convention: 2/8  0x1000030C
Computing Calling Convention: 5/8  0x100004C0
Computing Calling Convention: 8/8  0x100005D0
Computing Calling Convention: 1/5  0x100002C0
Computing Calling Convention: 2/5  0x10000440
Computing Calling Convention: 3/5  0x100004B4
Computing Calling Convention: 5/5  0x10000550
Computing Calling Convention: 1/1  0x10000544
File analysis complete.
129 Procs, 163 Labels, 46 Branches, 0 MB used, 2 / 2 kB covered

Decompiling 1/129: 0x10000000
Decompiling 2/129: 0x100002C0
Decompiling 3/129: 0x100002E8
Decompiling 4/129: 0x1000030C
Decompiling 5/129: 0x1000034C
Decompiling 6/129: 0x100003C4
Decompiling 7/129: 0x100003E0
Decompiling 8/129: 0x10000424
Decompiling 9/129: 0x10000440
Decompiling 10/129: 0x100004B4
Decompiling 11/129: 0x100004C0
Decompiling 12/129: 0x10000544
Decompiling 13/129: 0x10000550
Decompiling 14/129: 0x100005D0
Decompiling 15/129: 0x100005FC
Decompiling 16/129: 0x10000600
Decompiling 17/129: 0x10000604
Decompiling 18/129: 0x10000608
Decompiling 19/129: 0x1000060C
Decompiling 20/129: 0x10000610
Decompiling 21/129: 0x10000614
Decompiling 22/129: 0x10000618
Decompiling 23/129: 0x1000061C
Decompiling 24/129: 0x10000620
Decompiling 25/129: 0x10000624
Decompiling 26/129: 0x10000628
Decompiling 27/129: 0x1000062C
Decompiling 28/129: 0x10000630
Decompiling 29/129: 0x10000634
Decompiling 30/129: 0x10000638
Decompiling 31/129: 0x1000063C
Decompiling 32/129: 0x10000640
Decompiling 33/129: 0x10000648
Decompiling 34/129: 0x1000064C
Decompiling 35/129: 0x10000650
Decompiling 36/129: 0x10000654
Decompiling 37/129: 0x10000658
Decompiling 38/129: 0x1000065C
Decompiling 39/129: 0x10000660
Decompiling 40/129: 0x10000664
Decompiling 41/129: 0x10000668
Decompiling 42/129: 0x1000066C
Decompiling 43/129: 0x10000670
Decompiling 44/129: 0x10000674
Decompiling 45/129: 0x10000678
Decompiling 46/129: 0x1000067C
Decompiling 47/129: 0x10000680
Decompiling 48/129: 0x10000684
Decompiling 49/129: 0x10000688
Decompiling 50/129: 0x1000068C
Decompiling 51/129: 0x10000694
Decompiling 52/129: 0x10000698
Decompiling 53/129: 0x1000069C
Decompiling 54/129: 0x100006A0
Decompiling 55/129: 0x100006A4
Decompiling 56/129: 0x100006A8
Decompiling 57/129: 0x100006AC
Decompiling 58/129: 0x100006B0
Decompiling 59/129: 0x100006B4
Decompiling 60/129: 0x100006B8
Decompiling 61/129: 0x100006BC
Decompiling 62/129: 0x100006C0
Decompiling 63/129: 0x100006C4
Decompiling 64/129: 0x100006C8
Decompiling 65/129: 0x100006CC
Decompiling 66/129: 0x100006D0
Decompiling 67/129: 0x100006D4
Decompiling 68/129: 0x100006D8
Decompiling 69/129: 0x100006E0
Decompiling 70/129: 0x100006E4
Decompiling 71/129: 0x100006E8
Decompiling 72/129: 0x100006EC
Decompiling 73/129: 0x100006F0
Decompiling 74/129: 0x100006F4
Decompiling 75/129: 0x100006F8
Decompiling 76/129: 0x100006FC
Decompiling 77/129: 0x10000700
Decompiling 78/129: 0x10000704
Decompiling 79/129: 0x10000708
Decompiling 80/129: 0x1000070C
Decompiling 81/129: 0x10000710
Decompiling 82/129: 0x10000714
Decompiling 83/129: 0x10000718
Decompiling 84/129: 0x1000071C
Decompiling 85/129: 0x10000720
Decompiling 86/129: 0x10000724
Decompiling 87/129: 0x1000072C
Decompiling 88/129: 0x10000730
Decompiling 89/129: 0x10000734
Decompiling 90/129: 0x10000738
Decompiling 91/129: 0x1000073C
Decompiling 92/129: 0x10000740
Decompiling 93/129: 0x10000744
Decompiling 94/129: 0x10000748
Decompiling 95/129: 0x1000074C
Decompiling 96/129: 0x10000750
Decompiling 97/129: 0x10000754
Decompiling 98/129: 0x10000758
Decompiling 99/129: 0x1000075C
Decompiling 100/129: 0x10000760
Decompiling 101/129: 0x10000764
Decompiling 102/129: 0x10000768
Decompiling 103/129: 0x1000076C
Decompiling 104/129: 0x10000770
Decompiling 105/129: 0x10000784
Decompiling 106/129: 0x10000788
Decompiling 107/129: 0x1000078C
Decompiling 108/129: 0x10000790
Decompiling 109/129: 0x10000794
Decompiling 110/129: 0x10000798
Decompiling 111/129: 0x1000079C
Decompiling 112/129: 0x100007A0
Decompiling 113/129: 0x100007A4
Decompiling 114/129: 0x100007A8
Decompiling 115/129: 0x100007AC
Decompiling 116/129: 0x100007B0
Decompiling 117/129: 0x100007B4
Decompiling 118/129: 0x100007B8
Decompiling 119/129: 0x100007BC
Decompiling 120/129: 0x100007C0
Decompiling 121/129: 0x100007C4
Decompiling 122/129: 0x100007C8
Decompiling 123/129: 0x100007DC
Decompiling 124/129: 0x1000082C
Decompiling 125/129: 0x10000848
Decompiling 126/129: 0x100109B4
Decompiling 127/129: 0x10010A10
Decompiling 128/129: 0x10010A18
Decompiling 129/129: 0x10010A20
Decompiling 129/129: 0x10010A20
