[I] JEB 4.11.0.202201181921 (jeb-ce) is starting...
[I] Current directory: SUBJECTS
[I] Base directory: JEBDIR
[I] System: Mac OS X 12.2 (aarch64) de_DE
[I] Java: Homebrew 17.0.1
[I] Memory Usage: 39.2M used (224.8M free, 6.0G max)
[I] Initializing Jython, please wait...
Processing file: SUBJECTS/from_holdec/pic/ia32_elf_gcc_O0_limited-pic/subject.exe...
[I] {subject.exe > subject.exe > x86 image}: Detected compiler: unknown (Linux)
[I] {subject.exe > subject.exe > x86 image}: Initial native analysis styles: code gaps: PROLOGUES_ONLY, data gaps: DEFAULT
[I] {subject.exe > subject.exe > x86 image}: Analysis completed (0s)
[I] {subject.exe > subject.exe > x86 image}: Initial analysis created 24 methods
Output folder: jeb_output
  0/ 24: Method: __x86.get_pc_thunk.bx
  1/ 24: 1/24: __x86.get_pc_thunk.bx (DONE:44ms)
  1/ 24: Method: sub_80490F0
  2/ 24: 2/24: sub_80490F0 (DONE:4ms)
  2/ 24: Method: sub_8049138
  3/ 24: 3/24: sub_8049138 (DONE:4ms)
  3/ 24: Method: sub_8049036
  4/ 24: 4/24: sub_8049036 (DONE:14ms)
  4/ 24: Method: →printf
  5/ 24: 5/24: →printf (DONE:21ms)
  5/ 24: Method: sub_8049097
  6/ 24: 6/24: sub_8049097 (DONE:5ms)
  6/ 24: Method: sub_8049168
  7/ 24: 7/24: sub_8049168 (DONE:3ms)
  7/ 24: Method: __x86.get_pc_thunk.ax
  8/ 24: 8/24: __x86.get_pc_thunk.ax (DONE:20ms)
  8/ 24: Method: initializer_0
  9/ 24: 9/24: initializer_0 (DONE:91ms)
  9/ 24: Method: sub_80490CC
 10/ 24: 10/24: sub_80490CC (DONE:18ms)
 10/ 24: Method: sub_8049118
 11/ 24: 11/24: sub_8049118 (DONE:16ms)
 11/ 24: Method: →__libc_start_main
 12/ 24: 12/24: →__libc_start_main (DONE:8ms)
 12/ 24: Method: a_func
 13/ 24: 13/24: a_func (DONE:67ms)
 13/ 24: Method: deregister_tm_clones
 14/ 24: 14/24: deregister_tm_clones (DONE:13ms)
 14/ 24: Method: register_tm_clones
 15/ 24: 15/24: register_tm_clones (DONE:35ms)
 15/ 24: Method: sub_804914D
 16/ 24: 16/24: sub_804914D (DONE:14ms)
 16/ 24: Method: initializer_1
 17/ 24: 17/24: initializer_1 (DONE:3ms)
 17/ 24: Method: _dl_relocate_static_pie
 18/ 24: 18/24: _dl_relocate_static_pie (DONE:6ms)
 18/ 24: Method: __libc_csu_fini
 19/ 24: 19/24: __libc_csu_fini (DONE:2ms)
 19/ 24: Method: finalizer_0
 20/ 24: 20/24: finalizer_0 (DONE:13ms)
 20/ 24: Method: _start
 21/ 24: 21/24: _start (DONE:39ms)
 21/ 24: Method: main
 22/ 24: 22/24: main (DONE:55ms)
 22/ 24: Method: finalizer_1
 23/ 24: 23/24: finalizer_1 (DONE:13ms)
 23/ 24: Method: __libc_csu_init
 24/ 24: 24/24: __libc_csu_init (DONE:84ms)
Exectime: 1.189000 sec
[I] Done.
