Using options:
004015D8: warning: Unable to guess parameters of MSVCR100.dll!_amsg_exit.
00401852: warning: Unable to guess parameters of MSVCR100.dll!_initterm_e.
0040184C: warning: Unable to guess parameters of MSVCR100.dll!_initterm.
0040131D: warning: Unable to guess parameters of MSVCR100.dll!__initenv.
0040138B: warning: Unable to guess parameters of MSVCR100.dll!_cexit.
: error: Error when reconstructing types.
    The method or operation is not implemented.
      at Reko.Typing.TypeStoreCycleFinder.VisitEnum (Reko.Core.Types.EnumType e) <0x4095a210 + 0x0001f> in <filename unknown>:0 
  at Reko.Core.Types.EnumType.Accept[T] (IDataTypeVisitor`1 v) <0x4095a140 + 0x00027> in <filename unknown>:0 
  at Reko.Typing.TypeStoreCycleFinder.Find (Reko.Core.Types.DataType dt) <0x409599d0 + 0x00038> in <filename unknown>:0 
  at Reko.Typing.TypeStoreCycleFinder.VisitTypeReference (Reko.Core.Types.TypeReference typeref) <0x40959ea0 + 0x00023> in <filename unknown>:0 
  at Reko.Core.Types.TypeReference.Accept[T] (IDataTypeVisitor`1 v) <0x40959e50 + 0x00027> in <filename unknown>:0 
  at Reko.Typing.TypeStoreCycleFinder.Find (Reko.Core.Types.DataType dt) <0x409599d0 + 0x00038> in <filename unknown>:0 
  at Reko.Typing.TypeStoreCycleFinder.VisitEquivalenceClass (Reko.Core.Types.EquivalenceClass eq) <0x40959af0 + 0x00053> in <filename unknown>:0 
  at Reko.Core.Types.EquivalenceClass.Accept[T] (IDataTypeVisitor`1 v) <0x40959aa0 + 0x00027> in <filename unknown>:0 
  at Reko.Typing.TypeStoreCycleFinder.Find (Reko.Core.Types.DataType dt) <0x409599d0 + 0x00038> in <filename unknown>:0 
  at Reko.Typing.TypeStoreCycleFinder.VisitStructure (Reko.Core.Types.StructureType str) <0x409598a0 + 0x0009b> in <filename unknown>:0 
  at Reko.Core.Types.StructureType.Accept[T] (IDataTypeVisitor`1 v) <0x40959850 + 0x0002a> in <filename unknown>:0 
  at Reko.Typing.TypeStoreCycleFinder.IsInCycle (Reko.Core.Types.TypeStore store, Reko.Core.Types.DataType dtCandidate) <0x409596d0 + 0x00053> in <filename unknown>:0 
  at Reko.Typing.TypeTransformer.ShouldSimplify (Reko.Core.Types.StructureType strNew) <0x409593b0 + 0x00073> in <filename unknown>:0 
  at Reko.Typing.TypeTransformer.VisitStructure (Reko.Core.Types.StructureType str) <0x40958890 + 0x001cf> in <filename unknown>:0 
  at Reko.Core.Types.StructureType.Accept[T] (IDataTypeVisitor`1 v) <0x40955950 + 0x00033> in <filename unknown>:0 
  at Reko.Typing.TypeTransformer.Transform () <0x409577b0 + 0x002dd> in <filename unknown>:0 
  at Reko.Typing.TypeAnalyzer.RewriteProgram (Reko.Core.Program program) <0x40945a10 + 0x00647> in <filename unknown>:0 
  at Reko.DecompilerDriver.ReconstructTypes () <0x409453a0 + 0x0022f> in <filename unknown>:0 
Win32CrtStartup: error: An error occurred while rewriting procedure to high-level language.
    Failure has occurred while loading a type.
      at Reko.Structure.StructureAnalysis.ProcessUnresolvedRegions () <0x409663b0 + 0x00073> in <filename unknown>:0 
  at Reko.Structure.StructureAnalysis.Execute () <0x4095d500 + 0x00443> in <filename unknown>:0 
  at Reko.Structure.StructureAnalysis.Structure () <0x4095be40 + 0x00137> in <filename unknown>:0 
  at Reko.DecompilerDriver.StructureProgram () <0x4095b960 + 0x00255> in <filename unknown>:0 
fn00401740: error: An error occurred while rewriting procedure to high-level language.
    Failure has occurred while loading a type.
      at Reko.Structure.StructureAnalysis.ProcessUnresolvedRegions () <0x409663b0 + 0x00073> in <filename unknown>:0 
  at Reko.Structure.StructureAnalysis.Execute () <0x4095d500 + 0x00443> in <filename unknown>:0 
  at Reko.Structure.StructureAnalysis.Structure () <0x4095be40 + 0x00137> in <filename unknown>:0 
  at Reko.DecompilerDriver.StructureProgram () <0x4095b960 + 0x00255> in <filename unknown>:0 
Could not load signature of Reko.Structure.StructureAnalysis:DetermineFollowLatch due to: Failed for unknown reasons. assembly:mscorlib, Version=4.0.0.0, Culture=neutral, PublicKeyToken=b77a5c561934e089 type:System.ValueTuple`2 member:<none>
Could not load signature of Reko.Structure.StructureAnalysis:DetermineFollowLatch due to: Failed for unknown reasons. assembly:mscorlib, Version=4.0.0.0, Culture=neutral, PublicKeyToken=b77a5c561934e089 type:System.ValueTuple`2 member:<none>
