Analyzing './from_snowman/other-043_bt/ia32_elf/subject.exe' as a x86 32 ELF binary file.

0 Procs, 0 Labels, 0 Branches, 0 / 0 kB covered
./from_snowman/other-043_bt/ia32_elf/subject.exe: no .debug_info section
./from_snowman/other-043_bt/ia32_elf/subject.exe: 6 sections starting at 0x000000E0
./from_snowman/other-043_bt/ia32_elf/subject.exe: section string table at 0x00000158, 0x34 bytes
 Offset:  [ix]  Address    Size    Offset  Name
000000E0: [ 0] 00000000 00000000 00000000 
00000108: [ 1] 08048074 00000024 00000074 .note.gnu.build-id
00000130: [ 2] 08048098 00000013 00000098 .text
00000158: [ 3] 00000000 00000034 000000AB .shstrtab
00000180: [ 4] 00000000 000000A0 000001D0 .symtab
000001A8: [ 5] 00000000 00000032 00000270 .strtab
Matching signatures...
0 Procs, 0 Labels, 0 Branches, 0 / 0 kB covered
0 Procs, 0 Labels, 0 Branches, 0 / 0 kB covered
Separating code and data...
0 Procs, 0 Labels, 0 Branches, 0 / 0 kB covered
0 Procs, 3 Labels, 1 Branches, 0 / 0 kB covered
0 Procs, 3 Labels, 1 Branches, 0 / 0 kB covered
0 Procs, 3 Labels, 1 Branches, 0 / 0 kB covered
0 Procs, 3 Labels, 1 Branches, 0 / 0 kB covered
Resolving indirect jumps...
0 Procs, 3 Labels, 1 Branches, 0 / 0 kB covered
0 Procs, 3 Labels, 1 Branches, 0 / 0 kB covered
Resolving constants and strings...
0 Procs, 3 Labels, 1 Branches, 0 / 0 kB covered
Discovering unreached functions...
0 Procs, 3 Labels, 1 Branches, 0 / 0 kB covered
Computing call tree...
0 Procs, 3 Labels, 1 Branches, 0 / 0 kB covered
Computing calling conventions...
0 Procs, 3 Labels, 1 Branches, 0 / 0 kB covered
Computing label cross-references...
0 Procs, 3 Labels, 1 Branches, 0 / 0 kB covered
File analysis complete.
0 Procs, 3 Labels, 1 Branches, 0 / 0 kB covered


Binary file (standard input) matches
