JEB 4.0-beta.3.202103090424 (jeb-ce) is starting...
Current directory: SUBJECTS
Base directory: JEBDIR
Program directory: JEBDIR/bin
Java: Oracle Corporation 15.0.1
External plugin loaded: com.pnf.plugin.androidjnihelper.DynamicJNIDetectionPlugin
External plugin loaded: com.pnf.androsig.gen.AndroidSigGenPlugin
External plugin loaded: com.pnf.androsig.apply.andsig.AndroidSigApplyPlugin
External plugin loaded: com.pnf.plugin.oat.OATPlugin
External plugin loaded: com.pnf.plugin.pdf.PdfPlugin
External plugin loaded: com.pnf.diemvm.DiemIdentifier
External plugin loaded: com.pnf.diemvm.DiemDisassemblerPlugin
External plugin loaded: com.pnf.diemvm.DiemDecompilerPlugin
Initializing Jython, please wait...
Processing file: SUBJECTS/from_snowman/other-013_while_compound_condition/x64_elf/subject.exe...
{subject.exe > subject.exe > x86_64 image}: Compiler detected from file format analysis -> unknown (Linux)
{subject.exe > subject.exe > x86_64 image}: Initial native analysis styles: code gaps: LINEAR_SWEEP - data gaps: DEFAULT
{subject.exe > subject.exe > x86_64 image}: Itanium RTTI memory scanner: cannot find sections to scan
{subject.exe > subject.exe > x86_64 image}: No RTTI information recovered
{subject.exe > subject.exe > x86_64 image}: Initial analysis completed (2 internal methods created)
Output folder: jeb_output
  0/  2: Method: g
  1/  2: 1/2: g (DONE:294ms)
Exectime: 1.864000 sec
Done.
