dcc: JX use, definition not supported at opcode #100
dcc: Definition not found for condition code usage at opcode 99
dcc: Def - use not supported.  Def op = 6, use op = 90.
dcc: Definition not found for condition code usage at opcode 59
dcc: Definition not found for condition code usage at opcode 59
LivenessSet probably screwed up, DS register as an liveOut in preprocessReturnDU
insertSubTreeReg attempt on unhandled type 9
dcc: Failed to construct repeat..until() condition.
dcc: Failed to construct repeat..until() condition.
Main could not be located!
Model: x
Warning - compiler not recognised
Signature file: dccxxx.sig
Warning: cannot open signature file /root/dcc/sigs/dccxxx.sig
eses4cdcc: Writing C beta file from_pouet.net/with_source_320/ia32_com//subject.b

Statistics - Subroutine proc_2
Number of Icode instructions:
  Low-level :   19
  High-level:    5
  Percentage reduction: 73.68%

Statistics - Subroutine proc_1
Number of Icode instructions:
  Low-level :   24
  High-level:   13
  Percentage reduction: 45.83%

Statistics - Subroutine start
Number of Icode instructions:
  Low-level :  108
dcc: Finished writing C beta file

Call Graph:
start
    proc_1
        proc_2
    proc_2

Final Program Statistics
  Total number of low-level Icodes : 43
  Total number of high-level Icodes: 18
  Total reduction of instructions  : 58.14%
