Boomerang alpha 0.3.1 09/Sep/2006
loading...
warning: textDelta different for section .got (ignoring).
decoding entry point...
decoding anything undecoded...
finishing decode...
found 1 procs
decompiling...
decompiling entry point main
 considering main
 decompiling main
rrrrrrrrptrtglobal type analysis for main
tigenerating code...
WARNING: no out edge for this BB in main:
L6: Invalid BB:
in edges: 10000544 
out edges: 
100104d8

WARNING: no out edge for this BB in main:
L8: Invalid BB:
in edges: 10000564 
out edges: 
10010508

output written to _output/subject
completed in some time
