Using options:
10000438: warning: Call target address 10000000 is invalid.
100004D0: error: An error occurred while processing instruction at address 100004D0.
    The given key was not present in the dictionary.
      at System.ThrowHelper.ThrowKeyNotFoundException () <0x4154f160 + 0x0001f> in <filename unknown>:0 
  at System.Collections.Generic.Dictionary`2[TKey,TValue].get_Item (System.Collections.Generic.TKey key) <0x41393bb0 + 0x0004b> in <filename unknown>:0 
  at Reko.Analysis.ExpressionPropagator.GetStackDepthBeforeCall () <0x4154e190 + 0x00073> in <filename unknown>:0 
  at Reko.Analysis.ExpressionPropagator.VisitCallInstruction (Reko.Core.Code.CallInstruction ci) <0x4154de20 + 0x0005f> in <filename unknown>:0 
  at Reko.Core.Code.CallInstruction.Accept[T] (InstructionVisitor`1 visitor) <0x41545270 + 0x00030> in <filename unknown>:0 
  at Reko.Analysis.TrashedRegisterFinder.RewriteBlock (Reko.Core.Block block) <0x4154b720 + 0x001c0> in <filename unknown>:0 
100004E8: error: An error occurred while processing instruction at address 100004E8.
    The given key was not present in the dictionary.
      at System.ThrowHelper.ThrowKeyNotFoundException () <0x4154f160 + 0x0001f> in <filename unknown>:0 
  at System.Collections.Generic.Dictionary`2[TKey,TValue].get_Item (System.Collections.Generic.TKey key) <0x41393bb0 + 0x0004b> in <filename unknown>:0 
  at Reko.Analysis.ExpressionPropagator.GetStackDepthBeforeCall () <0x4154e190 + 0x00073> in <filename unknown>:0 
  at Reko.Analysis.ExpressionPropagator.VisitCallInstruction (Reko.Core.Code.CallInstruction ci) <0x4154de20 + 0x0005f> in <filename unknown>:0 
  at Reko.Core.Code.CallInstruction.Accept[T] (InstructionVisitor`1 visitor) <0x41545270 + 0x00030> in <filename unknown>:0 
  at Reko.Analysis.TrashedRegisterFinder.RewriteBlock (Reko.Core.Block block) <0x4154b720 + 0x001c0> in <filename unknown>:0 
10000518: error: An error occurred while processing instruction at address 10000518.
    The given key was not present in the dictionary.
      at System.ThrowHelper.ThrowKeyNotFoundException () <0x4154f160 + 0x0001f> in <filename unknown>:0 
  at System.Collections.Generic.Dictionary`2[TKey,TValue].get_Item (System.Collections.Generic.TKey key) <0x41393bb0 + 0x0004b> in <filename unknown>:0 
  at Reko.Analysis.ExpressionPropagator.GetStackDepthBeforeCall () <0x4154e190 + 0x00073> in <filename unknown>:0 
  at Reko.Analysis.ExpressionPropagator.VisitCallInstruction (Reko.Core.Code.CallInstruction ci) <0x4154de20 + 0x0005f> in <filename unknown>:0 
  at Reko.Core.Code.CallInstruction.Accept[T] (InstructionVisitor`1 visitor) <0x41545270 + 0x00030> in <filename unknown>:0 
  at Reko.Analysis.TrashedRegisterFinder.RewriteBlock (Reko.Core.Block block) <0x4154b720 + 0x001c0> in <filename unknown>:0 
10000570: error: An error occurred while processing instruction at address 10000570.
    The given key was not present in the dictionary.
      at System.ThrowHelper.ThrowKeyNotFoundException () <0x4154f160 + 0x0001f> in <filename unknown>:0 
  at System.Collections.Generic.Dictionary`2[TKey,TValue].get_Item (System.Collections.Generic.TKey key) <0x41393bb0 + 0x0004b> in <filename unknown>:0 
  at Reko.Analysis.ExpressionPropagator.GetStackDepthBeforeCall () <0x4154e190 + 0x00073> in <filename unknown>:0 
  at Reko.Analysis.ExpressionPropagator.VisitCallInstruction (Reko.Core.Code.CallInstruction ci) <0x4154de20 + 0x0005f> in <filename unknown>:0 
  at Reko.Core.Code.CallInstruction.Accept[T] (InstructionVisitor`1 visitor) <0x41545270 + 0x00030> in <filename unknown>:0 
  at Reko.Analysis.TrashedRegisterFinder.RewriteBlock (Reko.Core.Block block) <0x4154b720 + 0x001c0> in <filename unknown>:0 
10000554: error: An error occurred while processing instruction at address 10000554.
    The given key was not present in the dictionary.
      at System.ThrowHelper.ThrowKeyNotFoundException () <0x4154f160 + 0x0001f> in <filename unknown>:0 
  at System.Collections.Generic.Dictionary`2[TKey,TValue].get_Item (System.Collections.Generic.TKey key) <0x41393bb0 + 0x0004b> in <filename unknown>:0 
  at Reko.Analysis.ExpressionPropagator.GetStackDepthBeforeCall () <0x4154e190 + 0x00073> in <filename unknown>:0 
  at Reko.Analysis.ExpressionPropagator.VisitCallInstruction (Reko.Core.Code.CallInstruction ci) <0x4154de20 + 0x0005f> in <filename unknown>:0 
  at Reko.Core.Code.CallInstruction.Accept[T] (InstructionVisitor`1 visitor) <0x41545270 + 0x00030> in <filename unknown>:0 
  at Reko.Analysis.TrashedRegisterFinder.RewriteBlock (Reko.Core.Block block) <0x4154b720 + 0x001c0> in <filename unknown>:0 
10000538: error: An error occurred while processing instruction at address 10000538.
    The given key was not present in the dictionary.
      at System.ThrowHelper.ThrowKeyNotFoundException () <0x4154f160 + 0x0001f> in <filename unknown>:0 
  at System.Collections.Generic.Dictionary`2[TKey,TValue].get_Item (System.Collections.Generic.TKey key) <0x41393bb0 + 0x0004b> in <filename unknown>:0 
  at Reko.Analysis.ExpressionPropagator.GetStackDepthBeforeCall () <0x4154e190 + 0x00073> in <filename unknown>:0 
  at Reko.Analysis.ExpressionPropagator.VisitCallInstruction (Reko.Core.Code.CallInstruction ci) <0x4154de20 + 0x0005f> in <filename unknown>:0 
  at Reko.Core.Code.CallInstruction.Accept[T] (InstructionVisitor`1 visitor) <0x41545270 + 0x00030> in <filename unknown>:0 
  at Reko.Analysis.TrashedRegisterFinder.RewriteBlock (Reko.Core.Block block) <0x4154b720 + 0x001c0> in <filename unknown>:0 
